[2026-02-02T14:20:35.306+0000] {processor.py:161} INFO - Started process (PID=107) to work on /home/airflow/.local/lib/python3.8/site-packages/airflow/example_dags/example_branch_day_of_week_operator.py
[2026-02-02T14:20:35.309+0000] {processor.py:830} INFO - Processing file /home/airflow/.local/lib/python3.8/site-packages/airflow/example_dags/example_branch_day_of_week_operator.py for tasks to queue
[2026-02-02T14:20:35.314+0000] {logging_mixin.py:188} INFO - [2026-02-02T14:20:35.313+0000] {dagbag.py:538} INFO - Filling up the DagBag from /home/airflow/.local/lib/python3.8/site-packages/airflow/example_dags/example_branch_day_of_week_operator.py
[2026-02-02T14:20:35.375+0000] {processor.py:840} INFO - DAG(s) 'example_weekday_branch_operator' retrieved from /home/airflow/.local/lib/python3.8/site-packages/airflow/example_dags/example_branch_day_of_week_operator.py
[2026-02-02T14:20:35.859+0000] {logging_mixin.py:188} INFO - [2026-02-02T14:20:35.855+0000] {override.py:1769} INFO - Created Permission View: can edit on DAG:example_weekday_branch_operator
[2026-02-02T14:20:35.902+0000] {logging_mixin.py:188} INFO - [2026-02-02T14:20:35.902+0000] {override.py:1769} INFO - Created Permission View: can delete on DAG:example_weekday_branch_operator
[2026-02-02T14:20:35.933+0000] {logging_mixin.py:188} INFO - [2026-02-02T14:20:35.932+0000] {override.py:1769} INFO - Created Permission View: can read on DAG:example_weekday_branch_operator
[2026-02-02T14:20:35.936+0000] {logging_mixin.py:188} INFO - [2026-02-02T14:20:35.936+0000] {dag.py:3036} INFO - Sync 1 DAGs
[2026-02-02T14:20:36.008+0000] {logging_mixin.py:188} INFO - [2026-02-02T14:20:36.008+0000] {dag.py:3058} INFO - Creating ORM DAG for example_weekday_branch_operator
[2026-02-02T14:20:36.079+0000] {logging_mixin.py:188} INFO - [2026-02-02T14:20:36.078+0000] {dag.py:3823} INFO - Setting next_dagrun for example_weekday_branch_operator to 2026-02-01 00:00:00+00:00, run_after=2026-02-02 00:00:00+00:00
[2026-02-02T14:20:36.166+0000] {processor.py:183} INFO - Processing /home/airflow/.local/lib/python3.8/site-packages/airflow/example_dags/example_branch_day_of_week_operator.py took 0.889 seconds
[2026-02-02T14:21:06.371+0000] {processor.py:161} INFO - Started process (PID=162) to work on /home/airflow/.local/lib/python3.8/site-packages/airflow/example_dags/example_branch_day_of_week_operator.py
[2026-02-02T14:21:06.372+0000] {processor.py:830} INFO - Processing file /home/airflow/.local/lib/python3.8/site-packages/airflow/example_dags/example_branch_day_of_week_operator.py for tasks to queue
[2026-02-02T14:21:06.374+0000] {logging_mixin.py:188} INFO - [2026-02-02T14:21:06.374+0000] {dagbag.py:538} INFO - Filling up the DagBag from /home/airflow/.local/lib/python3.8/site-packages/airflow/example_dags/example_branch_day_of_week_operator.py
[2026-02-02T14:21:06.383+0000] {processor.py:840} INFO - DAG(s) 'example_weekday_branch_operator' retrieved from /home/airflow/.local/lib/python3.8/site-packages/airflow/example_dags/example_branch_day_of_week_operator.py
[2026-02-02T14:21:06.411+0000] {logging_mixin.py:188} INFO - [2026-02-02T14:21:06.411+0000] {dag.py:3036} INFO - Sync 1 DAGs
[2026-02-02T14:21:06.440+0000] {logging_mixin.py:188} INFO - [2026-02-02T14:21:06.440+0000] {dag.py:3823} INFO - Setting next_dagrun for example_weekday_branch_operator to 2026-02-01 00:00:00+00:00, run_after=2026-02-02 00:00:00+00:00
[2026-02-02T14:21:06.460+0000] {processor.py:183} INFO - Processing /home/airflow/.local/lib/python3.8/site-packages/airflow/example_dags/example_branch_day_of_week_operator.py took 0.094 seconds
[2026-02-02T14:21:36.573+0000] {processor.py:161} INFO - Started process (PID=217) to work on /home/airflow/.local/lib/python3.8/site-packages/airflow/example_dags/example_branch_day_of_week_operator.py
[2026-02-02T14:21:36.574+0000] {processor.py:830} INFO - Processing file /home/airflow/.local/lib/python3.8/site-packages/airflow/example_dags/example_branch_day_of_week_operator.py for tasks to queue
[2026-02-02T14:21:36.578+0000] {logging_mixin.py:188} INFO - [2026-02-02T14:21:36.578+0000] {dagbag.py:538} INFO - Filling up the DagBag from /home/airflow/.local/lib/python3.8/site-packages/airflow/example_dags/example_branch_day_of_week_operator.py
[2026-02-02T14:21:36.598+0000] {processor.py:840} INFO - DAG(s) 'example_weekday_branch_operator' retrieved from /home/airflow/.local/lib/python3.8/site-packages/airflow/example_dags/example_branch_day_of_week_operator.py
[2026-02-02T14:21:36.647+0000] {logging_mixin.py:188} INFO - [2026-02-02T14:21:36.647+0000] {dag.py:3036} INFO - Sync 1 DAGs
[2026-02-02T14:21:36.723+0000] {logging_mixin.py:188} INFO - [2026-02-02T14:21:36.723+0000] {dag.py:3823} INFO - Setting next_dagrun for example_weekday_branch_operator to 2026-02-01 00:00:00+00:00, run_after=2026-02-02 00:00:00+00:00
[2026-02-02T14:21:36.745+0000] {processor.py:183} INFO - Processing /home/airflow/.local/lib/python3.8/site-packages/airflow/example_dags/example_branch_day_of_week_operator.py took 0.180 seconds
[2026-02-02T14:22:07.578+0000] {processor.py:161} INFO - Started process (PID=272) to work on /home/airflow/.local/lib/python3.8/site-packages/airflow/example_dags/example_branch_day_of_week_operator.py
[2026-02-02T14:22:07.580+0000] {processor.py:830} INFO - Processing file /home/airflow/.local/lib/python3.8/site-packages/airflow/example_dags/example_branch_day_of_week_operator.py for tasks to queue
[2026-02-02T14:22:07.585+0000] {logging_mixin.py:188} INFO - [2026-02-02T14:22:07.585+0000] {dagbag.py:538} INFO - Filling up the DagBag from /home/airflow/.local/lib/python3.8/site-packages/airflow/example_dags/example_branch_day_of_week_operator.py
[2026-02-02T14:22:07.611+0000] {processor.py:840} INFO - DAG(s) 'example_weekday_branch_operator' retrieved from /home/airflow/.local/lib/python3.8/site-packages/airflow/example_dags/example_branch_day_of_week_operator.py
[2026-02-02T14:22:07.644+0000] {logging_mixin.py:188} INFO - [2026-02-02T14:22:07.644+0000] {dag.py:3036} INFO - Sync 1 DAGs
[2026-02-02T14:22:07.671+0000] {logging_mixin.py:188} INFO - [2026-02-02T14:22:07.671+0000] {dag.py:3823} INFO - Setting next_dagrun for example_weekday_branch_operator to 2026-02-01 00:00:00+00:00, run_after=2026-02-02 00:00:00+00:00
[2026-02-02T14:22:07.691+0000] {processor.py:183} INFO - Processing /home/airflow/.local/lib/python3.8/site-packages/airflow/example_dags/example_branch_day_of_week_operator.py took 0.119 seconds
[2026-02-02T14:22:38.334+0000] {processor.py:161} INFO - Started process (PID=327) to work on /home/airflow/.local/lib/python3.8/site-packages/airflow/example_dags/example_branch_day_of_week_operator.py
[2026-02-02T14:22:38.337+0000] {processor.py:830} INFO - Processing file /home/airflow/.local/lib/python3.8/site-packages/airflow/example_dags/example_branch_day_of_week_operator.py for tasks to queue
[2026-02-02T14:22:38.339+0000] {logging_mixin.py:188} INFO - [2026-02-02T14:22:38.338+0000] {dagbag.py:538} INFO - Filling up the DagBag from /home/airflow/.local/lib/python3.8/site-packages/airflow/example_dags/example_branch_day_of_week_operator.py
[2026-02-02T14:22:38.347+0000] {processor.py:840} INFO - DAG(s) 'example_weekday_branch_operator' retrieved from /home/airflow/.local/lib/python3.8/site-packages/airflow/example_dags/example_branch_day_of_week_operator.py
[2026-02-02T14:22:38.370+0000] {logging_mixin.py:188} INFO - [2026-02-02T14:22:38.370+0000] {dag.py:3036} INFO - Sync 1 DAGs
[2026-02-02T14:22:38.412+0000] {logging_mixin.py:188} INFO - [2026-02-02T14:22:38.412+0000] {dag.py:3823} INFO - Setting next_dagrun for example_weekday_branch_operator to 2026-02-01 00:00:00+00:00, run_after=2026-02-02 00:00:00+00:00
[2026-02-02T14:22:38.447+0000] {processor.py:183} INFO - Processing /home/airflow/.local/lib/python3.8/site-packages/airflow/example_dags/example_branch_day_of_week_operator.py took 0.118 seconds
[2026-02-02T14:23:08.796+0000] {processor.py:161} INFO - Started process (PID=382) to work on /home/airflow/.local/lib/python3.8/site-packages/airflow/example_dags/example_branch_day_of_week_operator.py
[2026-02-02T14:23:08.797+0000] {processor.py:830} INFO - Processing file /home/airflow/.local/lib/python3.8/site-packages/airflow/example_dags/example_branch_day_of_week_operator.py for tasks to queue
[2026-02-02T14:23:08.799+0000] {logging_mixin.py:188} INFO - [2026-02-02T14:23:08.798+0000] {dagbag.py:538} INFO - Filling up the DagBag from /home/airflow/.local/lib/python3.8/site-packages/airflow/example_dags/example_branch_day_of_week_operator.py
[2026-02-02T14:23:08.808+0000] {processor.py:840} INFO - DAG(s) 'example_weekday_branch_operator' retrieved from /home/airflow/.local/lib/python3.8/site-packages/airflow/example_dags/example_branch_day_of_week_operator.py
[2026-02-02T14:23:08.869+0000] {logging_mixin.py:188} INFO - [2026-02-02T14:23:08.869+0000] {dag.py:3036} INFO - Sync 1 DAGs
[2026-02-02T14:23:08.894+0000] {logging_mixin.py:188} INFO - [2026-02-02T14:23:08.894+0000] {dag.py:3823} INFO - Setting next_dagrun for example_weekday_branch_operator to 2026-02-01 00:00:00+00:00, run_after=2026-02-02 00:00:00+00:00
[2026-02-02T14:23:08.916+0000] {processor.py:183} INFO - Processing /home/airflow/.local/lib/python3.8/site-packages/airflow/example_dags/example_branch_day_of_week_operator.py took 0.124 seconds
[2026-02-02T14:23:39.610+0000] {processor.py:161} INFO - Started process (PID=437) to work on /home/airflow/.local/lib/python3.8/site-packages/airflow/example_dags/example_branch_day_of_week_operator.py
[2026-02-02T14:23:39.612+0000] {processor.py:830} INFO - Processing file /home/airflow/.local/lib/python3.8/site-packages/airflow/example_dags/example_branch_day_of_week_operator.py for tasks to queue
[2026-02-02T14:23:39.616+0000] {logging_mixin.py:188} INFO - [2026-02-02T14:23:39.616+0000] {dagbag.py:538} INFO - Filling up the DagBag from /home/airflow/.local/lib/python3.8/site-packages/airflow/example_dags/example_branch_day_of_week_operator.py
[2026-02-02T14:23:39.624+0000] {processor.py:840} INFO - DAG(s) 'example_weekday_branch_operator' retrieved from /home/airflow/.local/lib/python3.8/site-packages/airflow/example_dags/example_branch_day_of_week_operator.py
[2026-02-02T14:23:39.646+0000] {logging_mixin.py:188} INFO - [2026-02-02T14:23:39.646+0000] {dag.py:3036} INFO - Sync 1 DAGs
[2026-02-02T14:23:39.672+0000] {logging_mixin.py:188} INFO - [2026-02-02T14:23:39.672+0000] {dag.py:3823} INFO - Setting next_dagrun for example_weekday_branch_operator to 2026-02-01 00:00:00+00:00, run_after=2026-02-02 00:00:00+00:00
[2026-02-02T14:23:39.693+0000] {processor.py:183} INFO - Processing /home/airflow/.local/lib/python3.8/site-packages/airflow/example_dags/example_branch_day_of_week_operator.py took 0.086 seconds
[2026-02-02T14:24:09.789+0000] {processor.py:161} INFO - Started process (PID=491) to work on /home/airflow/.local/lib/python3.8/site-packages/airflow/example_dags/example_branch_day_of_week_operator.py
[2026-02-02T14:24:09.790+0000] {processor.py:830} INFO - Processing file /home/airflow/.local/lib/python3.8/site-packages/airflow/example_dags/example_branch_day_of_week_operator.py for tasks to queue
[2026-02-02T14:24:09.792+0000] {logging_mixin.py:188} INFO - [2026-02-02T14:24:09.792+0000] {dagbag.py:538} INFO - Filling up the DagBag from /home/airflow/.local/lib/python3.8/site-packages/airflow/example_dags/example_branch_day_of_week_operator.py
[2026-02-02T14:24:09.801+0000] {processor.py:840} INFO - DAG(s) 'example_weekday_branch_operator' retrieved from /home/airflow/.local/lib/python3.8/site-packages/airflow/example_dags/example_branch_day_of_week_operator.py
[2026-02-02T14:24:09.825+0000] {logging_mixin.py:188} INFO - [2026-02-02T14:24:09.825+0000] {dag.py:3036} INFO - Sync 1 DAGs
[2026-02-02T14:24:09.853+0000] {logging_mixin.py:188} INFO - [2026-02-02T14:24:09.852+0000] {dag.py:3823} INFO - Setting next_dagrun for example_weekday_branch_operator to 2026-02-01 00:00:00+00:00, run_after=2026-02-02 00:00:00+00:00
[2026-02-02T14:24:09.873+0000] {processor.py:183} INFO - Processing /home/airflow/.local/lib/python3.8/site-packages/airflow/example_dags/example_branch_day_of_week_operator.py took 0.088 seconds
[2026-02-02T14:24:39.941+0000] {processor.py:161} INFO - Started process (PID=547) to work on /home/airflow/.local/lib/python3.8/site-packages/airflow/example_dags/example_branch_day_of_week_operator.py
[2026-02-02T14:24:39.946+0000] {processor.py:830} INFO - Processing file /home/airflow/.local/lib/python3.8/site-packages/airflow/example_dags/example_branch_day_of_week_operator.py for tasks to queue
[2026-02-02T14:24:39.951+0000] {logging_mixin.py:188} INFO - [2026-02-02T14:24:39.951+0000] {dagbag.py:538} INFO - Filling up the DagBag from /home/airflow/.local/lib/python3.8/site-packages/airflow/example_dags/example_branch_day_of_week_operator.py
[2026-02-02T14:24:39.968+0000] {processor.py:840} INFO - DAG(s) 'example_weekday_branch_operator' retrieved from /home/airflow/.local/lib/python3.8/site-packages/airflow/example_dags/example_branch_day_of_week_operator.py
[2026-02-02T14:24:39.994+0000] {logging_mixin.py:188} INFO - [2026-02-02T14:24:39.994+0000] {dag.py:3036} INFO - Sync 1 DAGs
[2026-02-02T14:24:40.024+0000] {logging_mixin.py:188} INFO - [2026-02-02T14:24:40.023+0000] {dag.py:3823} INFO - Setting next_dagrun for example_weekday_branch_operator to 2026-02-01 00:00:00+00:00, run_after=2026-02-02 00:00:00+00:00
[2026-02-02T14:24:40.052+0000] {processor.py:183} INFO - Processing /home/airflow/.local/lib/python3.8/site-packages/airflow/example_dags/example_branch_day_of_week_operator.py took 0.118 seconds
[2026-02-02T14:25:10.325+0000] {processor.py:161} INFO - Started process (PID=602) to work on /home/airflow/.local/lib/python3.8/site-packages/airflow/example_dags/example_branch_day_of_week_operator.py
[2026-02-02T14:25:10.326+0000] {processor.py:830} INFO - Processing file /home/airflow/.local/lib/python3.8/site-packages/airflow/example_dags/example_branch_day_of_week_operator.py for tasks to queue
[2026-02-02T14:25:10.331+0000] {logging_mixin.py:188} INFO - [2026-02-02T14:25:10.330+0000] {dagbag.py:538} INFO - Filling up the DagBag from /home/airflow/.local/lib/python3.8/site-packages/airflow/example_dags/example_branch_day_of_week_operator.py
[2026-02-02T14:25:10.344+0000] {processor.py:840} INFO - DAG(s) 'example_weekday_branch_operator' retrieved from /home/airflow/.local/lib/python3.8/site-packages/airflow/example_dags/example_branch_day_of_week_operator.py
[2026-02-02T14:25:10.382+0000] {logging_mixin.py:188} INFO - [2026-02-02T14:25:10.382+0000] {dag.py:3036} INFO - Sync 1 DAGs
[2026-02-02T14:25:10.415+0000] {logging_mixin.py:188} INFO - [2026-02-02T14:25:10.415+0000] {dag.py:3823} INFO - Setting next_dagrun for example_weekday_branch_operator to 2026-02-01 00:00:00+00:00, run_after=2026-02-02 00:00:00+00:00
[2026-02-02T14:25:10.433+0000] {processor.py:183} INFO - Processing /home/airflow/.local/lib/python3.8/site-packages/airflow/example_dags/example_branch_day_of_week_operator.py took 0.111 seconds
[2026-02-02T14:25:40.614+0000] {processor.py:161} INFO - Started process (PID=657) to work on /home/airflow/.local/lib/python3.8/site-packages/airflow/example_dags/example_branch_day_of_week_operator.py
[2026-02-02T14:25:40.617+0000] {processor.py:830} INFO - Processing file /home/airflow/.local/lib/python3.8/site-packages/airflow/example_dags/example_branch_day_of_week_operator.py for tasks to queue
[2026-02-02T14:25:40.618+0000] {logging_mixin.py:188} INFO - [2026-02-02T14:25:40.618+0000] {dagbag.py:538} INFO - Filling up the DagBag from /home/airflow/.local/lib/python3.8/site-packages/airflow/example_dags/example_branch_day_of_week_operator.py
[2026-02-02T14:25:40.627+0000] {processor.py:840} INFO - DAG(s) 'example_weekday_branch_operator' retrieved from /home/airflow/.local/lib/python3.8/site-packages/airflow/example_dags/example_branch_day_of_week_operator.py
[2026-02-02T14:25:40.660+0000] {logging_mixin.py:188} INFO - [2026-02-02T14:25:40.660+0000] {dag.py:3036} INFO - Sync 1 DAGs
[2026-02-02T14:25:40.689+0000] {logging_mixin.py:188} INFO - [2026-02-02T14:25:40.689+0000] {dag.py:3823} INFO - Setting next_dagrun for example_weekday_branch_operator to 2026-02-01 00:00:00+00:00, run_after=2026-02-02 00:00:00+00:00
[2026-02-02T14:25:40.707+0000] {processor.py:183} INFO - Processing /home/airflow/.local/lib/python3.8/site-packages/airflow/example_dags/example_branch_day_of_week_operator.py took 0.099 seconds
[2026-02-02T14:26:11.272+0000] {processor.py:161} INFO - Started process (PID=712) to work on /home/airflow/.local/lib/python3.8/site-packages/airflow/example_dags/example_branch_day_of_week_operator.py
[2026-02-02T14:26:11.273+0000] {processor.py:830} INFO - Processing file /home/airflow/.local/lib/python3.8/site-packages/airflow/example_dags/example_branch_day_of_week_operator.py for tasks to queue
[2026-02-02T14:26:11.277+0000] {logging_mixin.py:188} INFO - [2026-02-02T14:26:11.276+0000] {dagbag.py:538} INFO - Filling up the DagBag from /home/airflow/.local/lib/python3.8/site-packages/airflow/example_dags/example_branch_day_of_week_operator.py
[2026-02-02T14:26:11.291+0000] {processor.py:840} INFO - DAG(s) 'example_weekday_branch_operator' retrieved from /home/airflow/.local/lib/python3.8/site-packages/airflow/example_dags/example_branch_day_of_week_operator.py
[2026-02-02T14:26:11.340+0000] {logging_mixin.py:188} INFO - [2026-02-02T14:26:11.340+0000] {dag.py:3036} INFO - Sync 1 DAGs
[2026-02-02T14:26:11.391+0000] {logging_mixin.py:188} INFO - [2026-02-02T14:26:11.391+0000] {dag.py:3823} INFO - Setting next_dagrun for example_weekday_branch_operator to 2026-02-01 00:00:00+00:00, run_after=2026-02-02 00:00:00+00:00
[2026-02-02T14:26:11.428+0000] {processor.py:183} INFO - Processing /home/airflow/.local/lib/python3.8/site-packages/airflow/example_dags/example_branch_day_of_week_operator.py took 0.166 seconds
[2026-02-02T14:26:42.153+0000] {processor.py:161} INFO - Started process (PID=767) to work on /home/airflow/.local/lib/python3.8/site-packages/airflow/example_dags/example_branch_day_of_week_operator.py
[2026-02-02T14:26:42.165+0000] {processor.py:830} INFO - Processing file /home/airflow/.local/lib/python3.8/site-packages/airflow/example_dags/example_branch_day_of_week_operator.py for tasks to queue
[2026-02-02T14:26:42.176+0000] {logging_mixin.py:188} INFO - [2026-02-02T14:26:42.176+0000] {dagbag.py:538} INFO - Filling up the DagBag from /home/airflow/.local/lib/python3.8/site-packages/airflow/example_dags/example_branch_day_of_week_operator.py
[2026-02-02T14:26:42.233+0000] {processor.py:840} INFO - DAG(s) 'example_weekday_branch_operator' retrieved from /home/airflow/.local/lib/python3.8/site-packages/airflow/example_dags/example_branch_day_of_week_operator.py
[2026-02-02T14:26:42.312+0000] {logging_mixin.py:188} INFO - [2026-02-02T14:26:42.312+0000] {dag.py:3036} INFO - Sync 1 DAGs
[2026-02-02T14:26:42.387+0000] {logging_mixin.py:188} INFO - [2026-02-02T14:26:42.386+0000] {dag.py:3823} INFO - Setting next_dagrun for example_weekday_branch_operator to 2026-02-01 00:00:00+00:00, run_after=2026-02-02 00:00:00+00:00
[2026-02-02T14:26:42.438+0000] {processor.py:183} INFO - Processing /home/airflow/.local/lib/python3.8/site-packages/airflow/example_dags/example_branch_day_of_week_operator.py took 0.297 seconds
[2026-02-02T14:27:12.704+0000] {processor.py:161} INFO - Started process (PID=822) to work on /home/airflow/.local/lib/python3.8/site-packages/airflow/example_dags/example_branch_day_of_week_operator.py
[2026-02-02T14:27:12.708+0000] {processor.py:830} INFO - Processing file /home/airflow/.local/lib/python3.8/site-packages/airflow/example_dags/example_branch_day_of_week_operator.py for tasks to queue
[2026-02-02T14:27:12.710+0000] {logging_mixin.py:188} INFO - [2026-02-02T14:27:12.709+0000] {dagbag.py:538} INFO - Filling up the DagBag from /home/airflow/.local/lib/python3.8/site-packages/airflow/example_dags/example_branch_day_of_week_operator.py
[2026-02-02T14:27:12.719+0000] {processor.py:840} INFO - DAG(s) 'example_weekday_branch_operator' retrieved from /home/airflow/.local/lib/python3.8/site-packages/airflow/example_dags/example_branch_day_of_week_operator.py
[2026-02-02T14:27:12.741+0000] {logging_mixin.py:188} INFO - [2026-02-02T14:27:12.741+0000] {dag.py:3036} INFO - Sync 1 DAGs
[2026-02-02T14:27:12.768+0000] {logging_mixin.py:188} INFO - [2026-02-02T14:27:12.767+0000] {dag.py:3823} INFO - Setting next_dagrun for example_weekday_branch_operator to 2026-02-01 00:00:00+00:00, run_after=2026-02-02 00:00:00+00:00
[2026-02-02T14:27:12.786+0000] {processor.py:183} INFO - Processing /home/airflow/.local/lib/python3.8/site-packages/airflow/example_dags/example_branch_day_of_week_operator.py took 0.087 seconds
[2026-02-02T14:27:42.871+0000] {processor.py:161} INFO - Started process (PID=877) to work on /home/airflow/.local/lib/python3.8/site-packages/airflow/example_dags/example_branch_day_of_week_operator.py
[2026-02-02T14:27:42.872+0000] {processor.py:830} INFO - Processing file /home/airflow/.local/lib/python3.8/site-packages/airflow/example_dags/example_branch_day_of_week_operator.py for tasks to queue
[2026-02-02T14:27:42.877+0000] {logging_mixin.py:188} INFO - [2026-02-02T14:27:42.875+0000] {dagbag.py:538} INFO - Filling up the DagBag from /home/airflow/.local/lib/python3.8/site-packages/airflow/example_dags/example_branch_day_of_week_operator.py
[2026-02-02T14:27:42.886+0000] {processor.py:840} INFO - DAG(s) 'example_weekday_branch_operator' retrieved from /home/airflow/.local/lib/python3.8/site-packages/airflow/example_dags/example_branch_day_of_week_operator.py
[2026-02-02T14:27:42.907+0000] {logging_mixin.py:188} INFO - [2026-02-02T14:27:42.907+0000] {dag.py:3036} INFO - Sync 1 DAGs
[2026-02-02T14:27:42.935+0000] {logging_mixin.py:188} INFO - [2026-02-02T14:27:42.934+0000] {dag.py:3823} INFO - Setting next_dagrun for example_weekday_branch_operator to 2026-02-01 00:00:00+00:00, run_after=2026-02-02 00:00:00+00:00
[2026-02-02T14:27:42.955+0000] {processor.py:183} INFO - Processing /home/airflow/.local/lib/python3.8/site-packages/airflow/example_dags/example_branch_day_of_week_operator.py took 0.090 seconds
[2026-02-02T14:28:13.429+0000] {processor.py:161} INFO - Started process (PID=932) to work on /home/airflow/.local/lib/python3.8/site-packages/airflow/example_dags/example_branch_day_of_week_operator.py
[2026-02-02T14:28:13.431+0000] {processor.py:830} INFO - Processing file /home/airflow/.local/lib/python3.8/site-packages/airflow/example_dags/example_branch_day_of_week_operator.py for tasks to queue
[2026-02-02T14:28:13.433+0000] {logging_mixin.py:188} INFO - [2026-02-02T14:28:13.433+0000] {dagbag.py:538} INFO - Filling up the DagBag from /home/airflow/.local/lib/python3.8/site-packages/airflow/example_dags/example_branch_day_of_week_operator.py
[2026-02-02T14:28:13.442+0000] {processor.py:840} INFO - DAG(s) 'example_weekday_branch_operator' retrieved from /home/airflow/.local/lib/python3.8/site-packages/airflow/example_dags/example_branch_day_of_week_operator.py
[2026-02-02T14:28:13.466+0000] {logging_mixin.py:188} INFO - [2026-02-02T14:28:13.466+0000] {dag.py:3036} INFO - Sync 1 DAGs
[2026-02-02T14:28:13.496+0000] {logging_mixin.py:188} INFO - [2026-02-02T14:28:13.495+0000] {dag.py:3823} INFO - Setting next_dagrun for example_weekday_branch_operator to 2026-02-01 00:00:00+00:00, run_after=2026-02-02 00:00:00+00:00
[2026-02-02T14:28:13.513+0000] {processor.py:183} INFO - Processing /home/airflow/.local/lib/python3.8/site-packages/airflow/example_dags/example_branch_day_of_week_operator.py took 0.093 seconds
[2026-02-02T14:28:43.652+0000] {processor.py:161} INFO - Started process (PID=987) to work on /home/airflow/.local/lib/python3.8/site-packages/airflow/example_dags/example_branch_day_of_week_operator.py
[2026-02-02T14:28:43.653+0000] {processor.py:830} INFO - Processing file /home/airflow/.local/lib/python3.8/site-packages/airflow/example_dags/example_branch_day_of_week_operator.py for tasks to queue
[2026-02-02T14:28:43.655+0000] {logging_mixin.py:188} INFO - [2026-02-02T14:28:43.654+0000] {dagbag.py:538} INFO - Filling up the DagBag from /home/airflow/.local/lib/python3.8/site-packages/airflow/example_dags/example_branch_day_of_week_operator.py
[2026-02-02T14:28:43.664+0000] {processor.py:840} INFO - DAG(s) 'example_weekday_branch_operator' retrieved from /home/airflow/.local/lib/python3.8/site-packages/airflow/example_dags/example_branch_day_of_week_operator.py
[2026-02-02T14:28:43.687+0000] {logging_mixin.py:188} INFO - [2026-02-02T14:28:43.686+0000] {dag.py:3036} INFO - Sync 1 DAGs
[2026-02-02T14:28:43.717+0000] {logging_mixin.py:188} INFO - [2026-02-02T14:28:43.716+0000] {dag.py:3823} INFO - Setting next_dagrun for example_weekday_branch_operator to 2026-02-01 00:00:00+00:00, run_after=2026-02-02 00:00:00+00:00
[2026-02-02T14:28:43.734+0000] {processor.py:183} INFO - Processing /home/airflow/.local/lib/python3.8/site-packages/airflow/example_dags/example_branch_day_of_week_operator.py took 0.087 seconds
[2026-02-02T14:29:14.124+0000] {processor.py:161} INFO - Started process (PID=1042) to work on /home/airflow/.local/lib/python3.8/site-packages/airflow/example_dags/example_branch_day_of_week_operator.py
[2026-02-02T14:29:14.125+0000] {processor.py:830} INFO - Processing file /home/airflow/.local/lib/python3.8/site-packages/airflow/example_dags/example_branch_day_of_week_operator.py for tasks to queue
[2026-02-02T14:29:14.127+0000] {logging_mixin.py:188} INFO - [2026-02-02T14:29:14.127+0000] {dagbag.py:538} INFO - Filling up the DagBag from /home/airflow/.local/lib/python3.8/site-packages/airflow/example_dags/example_branch_day_of_week_operator.py
[2026-02-02T14:29:14.136+0000] {processor.py:840} INFO - DAG(s) 'example_weekday_branch_operator' retrieved from /home/airflow/.local/lib/python3.8/site-packages/airflow/example_dags/example_branch_day_of_week_operator.py
[2026-02-02T14:29:14.159+0000] {logging_mixin.py:188} INFO - [2026-02-02T14:29:14.159+0000] {dag.py:3036} INFO - Sync 1 DAGs
[2026-02-02T14:29:14.200+0000] {logging_mixin.py:188} INFO - [2026-02-02T14:29:14.199+0000] {dag.py:3823} INFO - Setting next_dagrun for example_weekday_branch_operator to 2026-02-01 00:00:00+00:00, run_after=2026-02-02 00:00:00+00:00
[2026-02-02T14:29:14.217+0000] {processor.py:183} INFO - Processing /home/airflow/.local/lib/python3.8/site-packages/airflow/example_dags/example_branch_day_of_week_operator.py took 0.100 seconds
[2026-02-02T14:29:45.106+0000] {processor.py:161} INFO - Started process (PID=1097) to work on /home/airflow/.local/lib/python3.8/site-packages/airflow/example_dags/example_branch_day_of_week_operator.py
[2026-02-02T14:29:45.107+0000] {processor.py:830} INFO - Processing file /home/airflow/.local/lib/python3.8/site-packages/airflow/example_dags/example_branch_day_of_week_operator.py for tasks to queue
[2026-02-02T14:29:45.110+0000] {logging_mixin.py:188} INFO - [2026-02-02T14:29:45.110+0000] {dagbag.py:538} INFO - Filling up the DagBag from /home/airflow/.local/lib/python3.8/site-packages/airflow/example_dags/example_branch_day_of_week_operator.py
[2026-02-02T14:29:45.119+0000] {processor.py:840} INFO - DAG(s) 'example_weekday_branch_operator' retrieved from /home/airflow/.local/lib/python3.8/site-packages/airflow/example_dags/example_branch_day_of_week_operator.py
[2026-02-02T14:29:45.146+0000] {logging_mixin.py:188} INFO - [2026-02-02T14:29:45.145+0000] {dag.py:3036} INFO - Sync 1 DAGs
[2026-02-02T14:29:45.175+0000] {logging_mixin.py:188} INFO - [2026-02-02T14:29:45.174+0000] {dag.py:3823} INFO - Setting next_dagrun for example_weekday_branch_operator to 2026-02-01 00:00:00+00:00, run_after=2026-02-02 00:00:00+00:00
[2026-02-02T14:29:45.193+0000] {processor.py:183} INFO - Processing /home/airflow/.local/lib/python3.8/site-packages/airflow/example_dags/example_branch_day_of_week_operator.py took 0.093 seconds
[2026-02-02T14:30:15.645+0000] {processor.py:161} INFO - Started process (PID=1152) to work on /home/airflow/.local/lib/python3.8/site-packages/airflow/example_dags/example_branch_day_of_week_operator.py
[2026-02-02T14:30:15.646+0000] {processor.py:830} INFO - Processing file /home/airflow/.local/lib/python3.8/site-packages/airflow/example_dags/example_branch_day_of_week_operator.py for tasks to queue
[2026-02-02T14:30:15.648+0000] {logging_mixin.py:188} INFO - [2026-02-02T14:30:15.647+0000] {dagbag.py:538} INFO - Filling up the DagBag from /home/airflow/.local/lib/python3.8/site-packages/airflow/example_dags/example_branch_day_of_week_operator.py
[2026-02-02T14:30:15.661+0000] {processor.py:840} INFO - DAG(s) 'example_weekday_branch_operator' retrieved from /home/airflow/.local/lib/python3.8/site-packages/airflow/example_dags/example_branch_day_of_week_operator.py
[2026-02-02T14:30:15.686+0000] {logging_mixin.py:188} INFO - [2026-02-02T14:30:15.685+0000] {dag.py:3036} INFO - Sync 1 DAGs
[2026-02-02T14:30:15.713+0000] {logging_mixin.py:188} INFO - [2026-02-02T14:30:15.712+0000] {dag.py:3823} INFO - Setting next_dagrun for example_weekday_branch_operator to 2026-02-01 00:00:00+00:00, run_after=2026-02-02 00:00:00+00:00
[2026-02-02T14:30:15.733+0000] {processor.py:183} INFO - Processing /home/airflow/.local/lib/python3.8/site-packages/airflow/example_dags/example_branch_day_of_week_operator.py took 0.092 seconds
[2026-02-02T14:30:46.348+0000] {processor.py:161} INFO - Started process (PID=1207) to work on /home/airflow/.local/lib/python3.8/site-packages/airflow/example_dags/example_branch_day_of_week_operator.py
[2026-02-02T14:30:46.350+0000] {processor.py:830} INFO - Processing file /home/airflow/.local/lib/python3.8/site-packages/airflow/example_dags/example_branch_day_of_week_operator.py for tasks to queue
[2026-02-02T14:30:46.351+0000] {logging_mixin.py:188} INFO - [2026-02-02T14:30:46.351+0000] {dagbag.py:538} INFO - Filling up the DagBag from /home/airflow/.local/lib/python3.8/site-packages/airflow/example_dags/example_branch_day_of_week_operator.py
[2026-02-02T14:30:46.360+0000] {processor.py:840} INFO - DAG(s) 'example_weekday_branch_operator' retrieved from /home/airflow/.local/lib/python3.8/site-packages/airflow/example_dags/example_branch_day_of_week_operator.py
[2026-02-02T14:30:46.382+0000] {logging_mixin.py:188} INFO - [2026-02-02T14:30:46.382+0000] {dag.py:3036} INFO - Sync 1 DAGs
[2026-02-02T14:30:46.410+0000] {logging_mixin.py:188} INFO - [2026-02-02T14:30:46.410+0000] {dag.py:3823} INFO - Setting next_dagrun for example_weekday_branch_operator to 2026-02-01 00:00:00+00:00, run_after=2026-02-02 00:00:00+00:00
[2026-02-02T14:30:46.429+0000] {processor.py:183} INFO - Processing /home/airflow/.local/lib/python3.8/site-packages/airflow/example_dags/example_branch_day_of_week_operator.py took 0.088 seconds
[2026-02-02T14:31:16.826+0000] {processor.py:161} INFO - Started process (PID=1262) to work on /home/airflow/.local/lib/python3.8/site-packages/airflow/example_dags/example_branch_day_of_week_operator.py
[2026-02-02T14:31:16.829+0000] {processor.py:830} INFO - Processing file /home/airflow/.local/lib/python3.8/site-packages/airflow/example_dags/example_branch_day_of_week_operator.py for tasks to queue
[2026-02-02T14:31:16.831+0000] {logging_mixin.py:188} INFO - [2026-02-02T14:31:16.830+0000] {dagbag.py:538} INFO - Filling up the DagBag from /home/airflow/.local/lib/python3.8/site-packages/airflow/example_dags/example_branch_day_of_week_operator.py
[2026-02-02T14:31:16.839+0000] {processor.py:840} INFO - DAG(s) 'example_weekday_branch_operator' retrieved from /home/airflow/.local/lib/python3.8/site-packages/airflow/example_dags/example_branch_day_of_week_operator.py
[2026-02-02T14:31:16.862+0000] {logging_mixin.py:188} INFO - [2026-02-02T14:31:16.861+0000] {dag.py:3036} INFO - Sync 1 DAGs
[2026-02-02T14:31:16.890+0000] {logging_mixin.py:188} INFO - [2026-02-02T14:31:16.889+0000] {dag.py:3823} INFO - Setting next_dagrun for example_weekday_branch_operator to 2026-02-01 00:00:00+00:00, run_after=2026-02-02 00:00:00+00:00
[2026-02-02T14:31:16.910+0000] {processor.py:183} INFO - Processing /home/airflow/.local/lib/python3.8/site-packages/airflow/example_dags/example_branch_day_of_week_operator.py took 0.089 seconds
[2026-02-02T14:31:47.715+0000] {processor.py:161} INFO - Started process (PID=1317) to work on /home/airflow/.local/lib/python3.8/site-packages/airflow/example_dags/example_branch_day_of_week_operator.py
[2026-02-02T14:31:47.716+0000] {processor.py:830} INFO - Processing file /home/airflow/.local/lib/python3.8/site-packages/airflow/example_dags/example_branch_day_of_week_operator.py for tasks to queue
[2026-02-02T14:31:47.719+0000] {logging_mixin.py:188} INFO - [2026-02-02T14:31:47.719+0000] {dagbag.py:538} INFO - Filling up the DagBag from /home/airflow/.local/lib/python3.8/site-packages/airflow/example_dags/example_branch_day_of_week_operator.py
[2026-02-02T14:31:47.729+0000] {processor.py:840} INFO - DAG(s) 'example_weekday_branch_operator' retrieved from /home/airflow/.local/lib/python3.8/site-packages/airflow/example_dags/example_branch_day_of_week_operator.py
[2026-02-02T14:31:47.751+0000] {logging_mixin.py:188} INFO - [2026-02-02T14:31:47.751+0000] {dag.py:3036} INFO - Sync 1 DAGs
[2026-02-02T14:31:47.778+0000] {logging_mixin.py:188} INFO - [2026-02-02T14:31:47.777+0000] {dag.py:3823} INFO - Setting next_dagrun for example_weekday_branch_operator to 2026-02-01 00:00:00+00:00, run_after=2026-02-02 00:00:00+00:00
[2026-02-02T14:31:47.797+0000] {processor.py:183} INFO - Processing /home/airflow/.local/lib/python3.8/site-packages/airflow/example_dags/example_branch_day_of_week_operator.py took 0.089 seconds
[2026-02-02T14:32:18.256+0000] {processor.py:161} INFO - Started process (PID=1372) to work on /home/airflow/.local/lib/python3.8/site-packages/airflow/example_dags/example_branch_day_of_week_operator.py
[2026-02-02T14:32:18.257+0000] {processor.py:830} INFO - Processing file /home/airflow/.local/lib/python3.8/site-packages/airflow/example_dags/example_branch_day_of_week_operator.py for tasks to queue
[2026-02-02T14:32:18.261+0000] {logging_mixin.py:188} INFO - [2026-02-02T14:32:18.260+0000] {dagbag.py:538} INFO - Filling up the DagBag from /home/airflow/.local/lib/python3.8/site-packages/airflow/example_dags/example_branch_day_of_week_operator.py
[2026-02-02T14:32:18.271+0000] {processor.py:840} INFO - DAG(s) 'example_weekday_branch_operator' retrieved from /home/airflow/.local/lib/python3.8/site-packages/airflow/example_dags/example_branch_day_of_week_operator.py
[2026-02-02T14:32:18.295+0000] {logging_mixin.py:188} INFO - [2026-02-02T14:32:18.294+0000] {dag.py:3036} INFO - Sync 1 DAGs
[2026-02-02T14:32:18.322+0000] {logging_mixin.py:188} INFO - [2026-02-02T14:32:18.322+0000] {dag.py:3823} INFO - Setting next_dagrun for example_weekday_branch_operator to 2026-02-01 00:00:00+00:00, run_after=2026-02-02 00:00:00+00:00
[2026-02-02T14:32:18.340+0000] {processor.py:183} INFO - Processing /home/airflow/.local/lib/python3.8/site-packages/airflow/example_dags/example_branch_day_of_week_operator.py took 0.089 seconds
[2026-02-02T14:32:48.653+0000] {processor.py:161} INFO - Started process (PID=1427) to work on /home/airflow/.local/lib/python3.8/site-packages/airflow/example_dags/example_branch_day_of_week_operator.py
[2026-02-02T14:32:48.653+0000] {processor.py:830} INFO - Processing file /home/airflow/.local/lib/python3.8/site-packages/airflow/example_dags/example_branch_day_of_week_operator.py for tasks to queue
[2026-02-02T14:32:48.656+0000] {logging_mixin.py:188} INFO - [2026-02-02T14:32:48.655+0000] {dagbag.py:538} INFO - Filling up the DagBag from /home/airflow/.local/lib/python3.8/site-packages/airflow/example_dags/example_branch_day_of_week_operator.py
[2026-02-02T14:32:48.664+0000] {processor.py:840} INFO - DAG(s) 'example_weekday_branch_operator' retrieved from /home/airflow/.local/lib/python3.8/site-packages/airflow/example_dags/example_branch_day_of_week_operator.py
[2026-02-02T14:32:48.687+0000] {logging_mixin.py:188} INFO - [2026-02-02T14:32:48.686+0000] {dag.py:3036} INFO - Sync 1 DAGs
[2026-02-02T14:32:48.713+0000] {logging_mixin.py:188} INFO - [2026-02-02T14:32:48.713+0000] {dag.py:3823} INFO - Setting next_dagrun for example_weekday_branch_operator to 2026-02-01 00:00:00+00:00, run_after=2026-02-02 00:00:00+00:00
[2026-02-02T14:32:48.732+0000] {processor.py:183} INFO - Processing /home/airflow/.local/lib/python3.8/site-packages/airflow/example_dags/example_branch_day_of_week_operator.py took 0.083 seconds
[2026-02-02T14:33:19.020+0000] {processor.py:161} INFO - Started process (PID=1482) to work on /home/airflow/.local/lib/python3.8/site-packages/airflow/example_dags/example_branch_day_of_week_operator.py
[2026-02-02T14:33:19.023+0000] {processor.py:830} INFO - Processing file /home/airflow/.local/lib/python3.8/site-packages/airflow/example_dags/example_branch_day_of_week_operator.py for tasks to queue
[2026-02-02T14:33:19.025+0000] {logging_mixin.py:188} INFO - [2026-02-02T14:33:19.025+0000] {dagbag.py:538} INFO - Filling up the DagBag from /home/airflow/.local/lib/python3.8/site-packages/airflow/example_dags/example_branch_day_of_week_operator.py
[2026-02-02T14:33:19.034+0000] {processor.py:840} INFO - DAG(s) 'example_weekday_branch_operator' retrieved from /home/airflow/.local/lib/python3.8/site-packages/airflow/example_dags/example_branch_day_of_week_operator.py
[2026-02-02T14:33:19.056+0000] {logging_mixin.py:188} INFO - [2026-02-02T14:33:19.056+0000] {dag.py:3036} INFO - Sync 1 DAGs
[2026-02-02T14:33:19.084+0000] {logging_mixin.py:188} INFO - [2026-02-02T14:33:19.084+0000] {dag.py:3823} INFO - Setting next_dagrun for example_weekday_branch_operator to 2026-02-01 00:00:00+00:00, run_after=2026-02-02 00:00:00+00:00
[2026-02-02T14:33:19.104+0000] {processor.py:183} INFO - Processing /home/airflow/.local/lib/python3.8/site-packages/airflow/example_dags/example_branch_day_of_week_operator.py took 0.090 seconds
[2026-02-02T14:33:49.222+0000] {processor.py:161} INFO - Started process (PID=1537) to work on /home/airflow/.local/lib/python3.8/site-packages/airflow/example_dags/example_branch_day_of_week_operator.py
[2026-02-02T14:33:49.223+0000] {processor.py:830} INFO - Processing file /home/airflow/.local/lib/python3.8/site-packages/airflow/example_dags/example_branch_day_of_week_operator.py for tasks to queue
[2026-02-02T14:33:49.224+0000] {logging_mixin.py:188} INFO - [2026-02-02T14:33:49.224+0000] {dagbag.py:538} INFO - Filling up the DagBag from /home/airflow/.local/lib/python3.8/site-packages/airflow/example_dags/example_branch_day_of_week_operator.py
[2026-02-02T14:33:49.233+0000] {processor.py:840} INFO - DAG(s) 'example_weekday_branch_operator' retrieved from /home/airflow/.local/lib/python3.8/site-packages/airflow/example_dags/example_branch_day_of_week_operator.py
[2026-02-02T14:33:49.257+0000] {logging_mixin.py:188} INFO - [2026-02-02T14:33:49.257+0000] {dag.py:3036} INFO - Sync 1 DAGs
[2026-02-02T14:33:49.283+0000] {logging_mixin.py:188} INFO - [2026-02-02T14:33:49.283+0000] {dag.py:3823} INFO - Setting next_dagrun for example_weekday_branch_operator to 2026-02-01 00:00:00+00:00, run_after=2026-02-02 00:00:00+00:00
[2026-02-02T14:33:49.306+0000] {processor.py:183} INFO - Processing /home/airflow/.local/lib/python3.8/site-packages/airflow/example_dags/example_branch_day_of_week_operator.py took 0.088 seconds
[2026-02-02T14:34:19.658+0000] {processor.py:161} INFO - Started process (PID=1592) to work on /home/airflow/.local/lib/python3.8/site-packages/airflow/example_dags/example_branch_day_of_week_operator.py
[2026-02-02T14:34:19.661+0000] {processor.py:830} INFO - Processing file /home/airflow/.local/lib/python3.8/site-packages/airflow/example_dags/example_branch_day_of_week_operator.py for tasks to queue
[2026-02-02T14:34:19.663+0000] {logging_mixin.py:188} INFO - [2026-02-02T14:34:19.663+0000] {dagbag.py:538} INFO - Filling up the DagBag from /home/airflow/.local/lib/python3.8/site-packages/airflow/example_dags/example_branch_day_of_week_operator.py
[2026-02-02T14:34:19.680+0000] {processor.py:840} INFO - DAG(s) 'example_weekday_branch_operator' retrieved from /home/airflow/.local/lib/python3.8/site-packages/airflow/example_dags/example_branch_day_of_week_operator.py
[2026-02-02T14:34:19.749+0000] {logging_mixin.py:188} INFO - [2026-02-02T14:34:19.749+0000] {dag.py:3036} INFO - Sync 1 DAGs
[2026-02-02T14:34:19.794+0000] {logging_mixin.py:188} INFO - [2026-02-02T14:34:19.793+0000] {dag.py:3823} INFO - Setting next_dagrun for example_weekday_branch_operator to 2026-02-01 00:00:00+00:00, run_after=2026-02-02 00:00:00+00:00
[2026-02-02T14:34:19.811+0000] {processor.py:183} INFO - Processing /home/airflow/.local/lib/python3.8/site-packages/airflow/example_dags/example_branch_day_of_week_operator.py took 0.165 seconds
[2026-02-02T14:34:50.030+0000] {processor.py:161} INFO - Started process (PID=1647) to work on /home/airflow/.local/lib/python3.8/site-packages/airflow/example_dags/example_branch_day_of_week_operator.py
[2026-02-02T14:34:50.033+0000] {processor.py:830} INFO - Processing file /home/airflow/.local/lib/python3.8/site-packages/airflow/example_dags/example_branch_day_of_week_operator.py for tasks to queue
[2026-02-02T14:34:50.035+0000] {logging_mixin.py:188} INFO - [2026-02-02T14:34:50.035+0000] {dagbag.py:538} INFO - Filling up the DagBag from /home/airflow/.local/lib/python3.8/site-packages/airflow/example_dags/example_branch_day_of_week_operator.py
[2026-02-02T14:34:50.044+0000] {processor.py:840} INFO - DAG(s) 'example_weekday_branch_operator' retrieved from /home/airflow/.local/lib/python3.8/site-packages/airflow/example_dags/example_branch_day_of_week_operator.py
[2026-02-02T14:34:50.066+0000] {logging_mixin.py:188} INFO - [2026-02-02T14:34:50.066+0000] {dag.py:3036} INFO - Sync 1 DAGs
[2026-02-02T14:34:50.093+0000] {logging_mixin.py:188} INFO - [2026-02-02T14:34:50.093+0000] {dag.py:3823} INFO - Setting next_dagrun for example_weekday_branch_operator to 2026-02-01 00:00:00+00:00, run_after=2026-02-02 00:00:00+00:00
[2026-02-02T14:34:50.111+0000] {processor.py:183} INFO - Processing /home/airflow/.local/lib/python3.8/site-packages/airflow/example_dags/example_branch_day_of_week_operator.py took 0.085 seconds
[2026-02-02T14:35:20.311+0000] {processor.py:161} INFO - Started process (PID=1702) to work on /home/airflow/.local/lib/python3.8/site-packages/airflow/example_dags/example_branch_day_of_week_operator.py
[2026-02-02T14:35:20.314+0000] {processor.py:830} INFO - Processing file /home/airflow/.local/lib/python3.8/site-packages/airflow/example_dags/example_branch_day_of_week_operator.py for tasks to queue
[2026-02-02T14:35:20.318+0000] {logging_mixin.py:188} INFO - [2026-02-02T14:35:20.318+0000] {dagbag.py:538} INFO - Filling up the DagBag from /home/airflow/.local/lib/python3.8/site-packages/airflow/example_dags/example_branch_day_of_week_operator.py
[2026-02-02T14:35:20.331+0000] {processor.py:840} INFO - DAG(s) 'example_weekday_branch_operator' retrieved from /home/airflow/.local/lib/python3.8/site-packages/airflow/example_dags/example_branch_day_of_week_operator.py
[2026-02-02T14:35:20.371+0000] {logging_mixin.py:188} INFO - [2026-02-02T14:35:20.371+0000] {dag.py:3036} INFO - Sync 1 DAGs
[2026-02-02T14:35:20.416+0000] {logging_mixin.py:188} INFO - [2026-02-02T14:35:20.416+0000] {dag.py:3823} INFO - Setting next_dagrun for example_weekday_branch_operator to 2026-02-01 00:00:00+00:00, run_after=2026-02-02 00:00:00+00:00
[2026-02-02T14:35:20.446+0000] {processor.py:183} INFO - Processing /home/airflow/.local/lib/python3.8/site-packages/airflow/example_dags/example_branch_day_of_week_operator.py took 0.146 seconds
[2026-02-02T14:35:51.307+0000] {processor.py:161} INFO - Started process (PID=1757) to work on /home/airflow/.local/lib/python3.8/site-packages/airflow/example_dags/example_branch_day_of_week_operator.py
[2026-02-02T14:35:51.308+0000] {processor.py:830} INFO - Processing file /home/airflow/.local/lib/python3.8/site-packages/airflow/example_dags/example_branch_day_of_week_operator.py for tasks to queue
[2026-02-02T14:35:51.310+0000] {logging_mixin.py:188} INFO - [2026-02-02T14:35:51.310+0000] {dagbag.py:538} INFO - Filling up the DagBag from /home/airflow/.local/lib/python3.8/site-packages/airflow/example_dags/example_branch_day_of_week_operator.py
[2026-02-02T14:35:51.319+0000] {processor.py:840} INFO - DAG(s) 'example_weekday_branch_operator' retrieved from /home/airflow/.local/lib/python3.8/site-packages/airflow/example_dags/example_branch_day_of_week_operator.py
[2026-02-02T14:35:51.341+0000] {logging_mixin.py:188} INFO - [2026-02-02T14:35:51.341+0000] {dag.py:3036} INFO - Sync 1 DAGs
[2026-02-02T14:35:51.368+0000] {logging_mixin.py:188} INFO - [2026-02-02T14:35:51.367+0000] {dag.py:3823} INFO - Setting next_dagrun for example_weekday_branch_operator to 2026-02-01 00:00:00+00:00, run_after=2026-02-02 00:00:00+00:00
[2026-02-02T14:35:51.392+0000] {processor.py:183} INFO - Processing /home/airflow/.local/lib/python3.8/site-packages/airflow/example_dags/example_branch_day_of_week_operator.py took 0.088 seconds
[2026-02-02T14:36:21.762+0000] {processor.py:161} INFO - Started process (PID=1812) to work on /home/airflow/.local/lib/python3.8/site-packages/airflow/example_dags/example_branch_day_of_week_operator.py
[2026-02-02T14:36:21.763+0000] {processor.py:830} INFO - Processing file /home/airflow/.local/lib/python3.8/site-packages/airflow/example_dags/example_branch_day_of_week_operator.py for tasks to queue
[2026-02-02T14:36:21.765+0000] {logging_mixin.py:188} INFO - [2026-02-02T14:36:21.765+0000] {dagbag.py:538} INFO - Filling up the DagBag from /home/airflow/.local/lib/python3.8/site-packages/airflow/example_dags/example_branch_day_of_week_operator.py
[2026-02-02T14:36:21.774+0000] {processor.py:840} INFO - DAG(s) 'example_weekday_branch_operator' retrieved from /home/airflow/.local/lib/python3.8/site-packages/airflow/example_dags/example_branch_day_of_week_operator.py
[2026-02-02T14:36:21.796+0000] {logging_mixin.py:188} INFO - [2026-02-02T14:36:21.795+0000] {dag.py:3036} INFO - Sync 1 DAGs
[2026-02-02T14:36:21.823+0000] {logging_mixin.py:188} INFO - [2026-02-02T14:36:21.822+0000] {dag.py:3823} INFO - Setting next_dagrun for example_weekday_branch_operator to 2026-02-01 00:00:00+00:00, run_after=2026-02-02 00:00:00+00:00
[2026-02-02T14:36:21.847+0000] {processor.py:183} INFO - Processing /home/airflow/.local/lib/python3.8/site-packages/airflow/example_dags/example_branch_day_of_week_operator.py took 0.093 seconds
[2026-02-02T14:36:52.786+0000] {processor.py:161} INFO - Started process (PID=1867) to work on /home/airflow/.local/lib/python3.8/site-packages/airflow/example_dags/example_branch_day_of_week_operator.py
[2026-02-02T14:36:52.787+0000] {processor.py:830} INFO - Processing file /home/airflow/.local/lib/python3.8/site-packages/airflow/example_dags/example_branch_day_of_week_operator.py for tasks to queue
[2026-02-02T14:36:52.789+0000] {logging_mixin.py:188} INFO - [2026-02-02T14:36:52.789+0000] {dagbag.py:538} INFO - Filling up the DagBag from /home/airflow/.local/lib/python3.8/site-packages/airflow/example_dags/example_branch_day_of_week_operator.py
[2026-02-02T14:36:52.815+0000] {processor.py:840} INFO - DAG(s) 'example_weekday_branch_operator' retrieved from /home/airflow/.local/lib/python3.8/site-packages/airflow/example_dags/example_branch_day_of_week_operator.py
[2026-02-02T14:36:52.875+0000] {logging_mixin.py:188} INFO - [2026-02-02T14:36:52.875+0000] {dag.py:3036} INFO - Sync 1 DAGs
[2026-02-02T14:36:52.913+0000] {logging_mixin.py:188} INFO - [2026-02-02T14:36:52.913+0000] {dag.py:3823} INFO - Setting next_dagrun for example_weekday_branch_operator to 2026-02-01 00:00:00+00:00, run_after=2026-02-02 00:00:00+00:00
[2026-02-02T14:36:52.945+0000] {processor.py:183} INFO - Processing /home/airflow/.local/lib/python3.8/site-packages/airflow/example_dags/example_branch_day_of_week_operator.py took 0.179 seconds
[2026-02-02T14:37:23.126+0000] {processor.py:161} INFO - Started process (PID=1922) to work on /home/airflow/.local/lib/python3.8/site-packages/airflow/example_dags/example_branch_day_of_week_operator.py
[2026-02-02T14:37:23.126+0000] {processor.py:830} INFO - Processing file /home/airflow/.local/lib/python3.8/site-packages/airflow/example_dags/example_branch_day_of_week_operator.py for tasks to queue
[2026-02-02T14:37:23.128+0000] {logging_mixin.py:188} INFO - [2026-02-02T14:37:23.128+0000] {dagbag.py:538} INFO - Filling up the DagBag from /home/airflow/.local/lib/python3.8/site-packages/airflow/example_dags/example_branch_day_of_week_operator.py
[2026-02-02T14:37:23.137+0000] {processor.py:840} INFO - DAG(s) 'example_weekday_branch_operator' retrieved from /home/airflow/.local/lib/python3.8/site-packages/airflow/example_dags/example_branch_day_of_week_operator.py
[2026-02-02T14:37:23.162+0000] {logging_mixin.py:188} INFO - [2026-02-02T14:37:23.162+0000] {dag.py:3036} INFO - Sync 1 DAGs
[2026-02-02T14:37:23.189+0000] {logging_mixin.py:188} INFO - [2026-02-02T14:37:23.189+0000] {dag.py:3823} INFO - Setting next_dagrun for example_weekday_branch_operator to 2026-02-01 00:00:00+00:00, run_after=2026-02-02 00:00:00+00:00
[2026-02-02T14:37:23.210+0000] {processor.py:183} INFO - Processing /home/airflow/.local/lib/python3.8/site-packages/airflow/example_dags/example_branch_day_of_week_operator.py took 0.088 seconds
[2026-02-02T14:37:53.634+0000] {processor.py:161} INFO - Started process (PID=1977) to work on /home/airflow/.local/lib/python3.8/site-packages/airflow/example_dags/example_branch_day_of_week_operator.py
[2026-02-02T14:37:53.635+0000] {processor.py:830} INFO - Processing file /home/airflow/.local/lib/python3.8/site-packages/airflow/example_dags/example_branch_day_of_week_operator.py for tasks to queue
[2026-02-02T14:37:53.636+0000] {logging_mixin.py:188} INFO - [2026-02-02T14:37:53.636+0000] {dagbag.py:538} INFO - Filling up the DagBag from /home/airflow/.local/lib/python3.8/site-packages/airflow/example_dags/example_branch_day_of_week_operator.py
[2026-02-02T14:37:53.645+0000] {processor.py:840} INFO - DAG(s) 'example_weekday_branch_operator' retrieved from /home/airflow/.local/lib/python3.8/site-packages/airflow/example_dags/example_branch_day_of_week_operator.py
[2026-02-02T14:37:53.669+0000] {logging_mixin.py:188} INFO - [2026-02-02T14:37:53.669+0000] {dag.py:3036} INFO - Sync 1 DAGs
[2026-02-02T14:37:53.698+0000] {logging_mixin.py:188} INFO - [2026-02-02T14:37:53.698+0000] {dag.py:3823} INFO - Setting next_dagrun for example_weekday_branch_operator to 2026-02-01 00:00:00+00:00, run_after=2026-02-02 00:00:00+00:00
[2026-02-02T14:37:53.717+0000] {processor.py:183} INFO - Processing /home/airflow/.local/lib/python3.8/site-packages/airflow/example_dags/example_branch_day_of_week_operator.py took 0.089 seconds
[2026-02-02T14:38:23.787+0000] {processor.py:161} INFO - Started process (PID=2031) to work on /home/airflow/.local/lib/python3.8/site-packages/airflow/example_dags/example_branch_day_of_week_operator.py
[2026-02-02T14:38:23.788+0000] {processor.py:830} INFO - Processing file /home/airflow/.local/lib/python3.8/site-packages/airflow/example_dags/example_branch_day_of_week_operator.py for tasks to queue
[2026-02-02T14:38:23.790+0000] {logging_mixin.py:188} INFO - [2026-02-02T14:38:23.790+0000] {dagbag.py:538} INFO - Filling up the DagBag from /home/airflow/.local/lib/python3.8/site-packages/airflow/example_dags/example_branch_day_of_week_operator.py
[2026-02-02T14:38:23.799+0000] {processor.py:840} INFO - DAG(s) 'example_weekday_branch_operator' retrieved from /home/airflow/.local/lib/python3.8/site-packages/airflow/example_dags/example_branch_day_of_week_operator.py
[2026-02-02T14:38:23.825+0000] {logging_mixin.py:188} INFO - [2026-02-02T14:38:23.824+0000] {dag.py:3036} INFO - Sync 1 DAGs
[2026-02-02T14:38:23.852+0000] {logging_mixin.py:188} INFO - [2026-02-02T14:38:23.852+0000] {dag.py:3823} INFO - Setting next_dagrun for example_weekday_branch_operator to 2026-02-01 00:00:00+00:00, run_after=2026-02-02 00:00:00+00:00
[2026-02-02T14:38:23.872+0000] {processor.py:183} INFO - Processing /home/airflow/.local/lib/python3.8/site-packages/airflow/example_dags/example_branch_day_of_week_operator.py took 0.088 seconds
[2026-02-02T14:38:54.434+0000] {processor.py:161} INFO - Started process (PID=2086) to work on /home/airflow/.local/lib/python3.8/site-packages/airflow/example_dags/example_branch_day_of_week_operator.py
[2026-02-02T14:38:54.435+0000] {processor.py:830} INFO - Processing file /home/airflow/.local/lib/python3.8/site-packages/airflow/example_dags/example_branch_day_of_week_operator.py for tasks to queue
[2026-02-02T14:38:54.437+0000] {logging_mixin.py:188} INFO - [2026-02-02T14:38:54.436+0000] {dagbag.py:538} INFO - Filling up the DagBag from /home/airflow/.local/lib/python3.8/site-packages/airflow/example_dags/example_branch_day_of_week_operator.py
[2026-02-02T14:38:54.446+0000] {processor.py:840} INFO - DAG(s) 'example_weekday_branch_operator' retrieved from /home/airflow/.local/lib/python3.8/site-packages/airflow/example_dags/example_branch_day_of_week_operator.py
[2026-02-02T14:38:54.469+0000] {logging_mixin.py:188} INFO - [2026-02-02T14:38:54.469+0000] {dag.py:3036} INFO - Sync 1 DAGs
[2026-02-02T14:38:54.499+0000] {logging_mixin.py:188} INFO - [2026-02-02T14:38:54.499+0000] {dag.py:3823} INFO - Setting next_dagrun for example_weekday_branch_operator to 2026-02-01 00:00:00+00:00, run_after=2026-02-02 00:00:00+00:00
[2026-02-02T14:38:54.518+0000] {processor.py:183} INFO - Processing /home/airflow/.local/lib/python3.8/site-packages/airflow/example_dags/example_branch_day_of_week_operator.py took 0.091 seconds
[2026-02-02T14:39:24.578+0000] {processor.py:161} INFO - Started process (PID=2141) to work on /home/airflow/.local/lib/python3.8/site-packages/airflow/example_dags/example_branch_day_of_week_operator.py
[2026-02-02T14:39:24.580+0000] {processor.py:830} INFO - Processing file /home/airflow/.local/lib/python3.8/site-packages/airflow/example_dags/example_branch_day_of_week_operator.py for tasks to queue
[2026-02-02T14:39:24.581+0000] {logging_mixin.py:188} INFO - [2026-02-02T14:39:24.581+0000] {dagbag.py:538} INFO - Filling up the DagBag from /home/airflow/.local/lib/python3.8/site-packages/airflow/example_dags/example_branch_day_of_week_operator.py
[2026-02-02T14:39:24.591+0000] {processor.py:840} INFO - DAG(s) 'example_weekday_branch_operator' retrieved from /home/airflow/.local/lib/python3.8/site-packages/airflow/example_dags/example_branch_day_of_week_operator.py
[2026-02-02T14:39:24.615+0000] {logging_mixin.py:188} INFO - [2026-02-02T14:39:24.615+0000] {dag.py:3036} INFO - Sync 1 DAGs
[2026-02-02T14:39:24.643+0000] {logging_mixin.py:188} INFO - [2026-02-02T14:39:24.643+0000] {dag.py:3823} INFO - Setting next_dagrun for example_weekday_branch_operator to 2026-02-01 00:00:00+00:00, run_after=2026-02-02 00:00:00+00:00
[2026-02-02T14:39:24.662+0000] {processor.py:183} INFO - Processing /home/airflow/.local/lib/python3.8/site-packages/airflow/example_dags/example_branch_day_of_week_operator.py took 0.090 seconds
[2026-02-02T14:39:54.933+0000] {processor.py:161} INFO - Started process (PID=2196) to work on /home/airflow/.local/lib/python3.8/site-packages/airflow/example_dags/example_branch_day_of_week_operator.py
[2026-02-02T14:39:54.933+0000] {processor.py:830} INFO - Processing file /home/airflow/.local/lib/python3.8/site-packages/airflow/example_dags/example_branch_day_of_week_operator.py for tasks to queue
[2026-02-02T14:39:54.936+0000] {logging_mixin.py:188} INFO - [2026-02-02T14:39:54.936+0000] {dagbag.py:538} INFO - Filling up the DagBag from /home/airflow/.local/lib/python3.8/site-packages/airflow/example_dags/example_branch_day_of_week_operator.py
[2026-02-02T14:39:54.945+0000] {processor.py:840} INFO - DAG(s) 'example_weekday_branch_operator' retrieved from /home/airflow/.local/lib/python3.8/site-packages/airflow/example_dags/example_branch_day_of_week_operator.py
[2026-02-02T14:39:54.966+0000] {logging_mixin.py:188} INFO - [2026-02-02T14:39:54.966+0000] {dag.py:3036} INFO - Sync 1 DAGs
[2026-02-02T14:39:54.993+0000] {logging_mixin.py:188} INFO - [2026-02-02T14:39:54.993+0000] {dag.py:3823} INFO - Setting next_dagrun for example_weekday_branch_operator to 2026-02-01 00:00:00+00:00, run_after=2026-02-02 00:00:00+00:00
[2026-02-02T14:39:55.016+0000] {processor.py:183} INFO - Processing /home/airflow/.local/lib/python3.8/site-packages/airflow/example_dags/example_branch_day_of_week_operator.py took 0.089 seconds
[2026-02-02T14:40:25.240+0000] {processor.py:161} INFO - Started process (PID=2250) to work on /home/airflow/.local/lib/python3.8/site-packages/airflow/example_dags/example_branch_day_of_week_operator.py
[2026-02-02T14:40:25.242+0000] {processor.py:830} INFO - Processing file /home/airflow/.local/lib/python3.8/site-packages/airflow/example_dags/example_branch_day_of_week_operator.py for tasks to queue
[2026-02-02T14:40:25.249+0000] {logging_mixin.py:188} INFO - [2026-02-02T14:40:25.248+0000] {dagbag.py:538} INFO - Filling up the DagBag from /home/airflow/.local/lib/python3.8/site-packages/airflow/example_dags/example_branch_day_of_week_operator.py
[2026-02-02T14:40:25.269+0000] {processor.py:840} INFO - DAG(s) 'example_weekday_branch_operator' retrieved from /home/airflow/.local/lib/python3.8/site-packages/airflow/example_dags/example_branch_day_of_week_operator.py
[2026-02-02T14:40:25.307+0000] {logging_mixin.py:188} INFO - [2026-02-02T14:40:25.307+0000] {dag.py:3036} INFO - Sync 1 DAGs
[2026-02-02T14:40:25.334+0000] {logging_mixin.py:188} INFO - [2026-02-02T14:40:25.334+0000] {dag.py:3823} INFO - Setting next_dagrun for example_weekday_branch_operator to 2026-02-01 00:00:00+00:00, run_after=2026-02-02 00:00:00+00:00
[2026-02-02T14:40:25.351+0000] {processor.py:183} INFO - Processing /home/airflow/.local/lib/python3.8/site-packages/airflow/example_dags/example_branch_day_of_week_operator.py took 0.124 seconds
[2026-02-02T14:40:55.445+0000] {processor.py:161} INFO - Started process (PID=2305) to work on /home/airflow/.local/lib/python3.8/site-packages/airflow/example_dags/example_branch_day_of_week_operator.py
[2026-02-02T14:40:55.446+0000] {processor.py:830} INFO - Processing file /home/airflow/.local/lib/python3.8/site-packages/airflow/example_dags/example_branch_day_of_week_operator.py for tasks to queue
[2026-02-02T14:40:55.448+0000] {logging_mixin.py:188} INFO - [2026-02-02T14:40:55.448+0000] {dagbag.py:538} INFO - Filling up the DagBag from /home/airflow/.local/lib/python3.8/site-packages/airflow/example_dags/example_branch_day_of_week_operator.py
[2026-02-02T14:40:55.457+0000] {processor.py:840} INFO - DAG(s) 'example_weekday_branch_operator' retrieved from /home/airflow/.local/lib/python3.8/site-packages/airflow/example_dags/example_branch_day_of_week_operator.py
[2026-02-02T14:40:55.480+0000] {logging_mixin.py:188} INFO - [2026-02-02T14:40:55.479+0000] {dag.py:3036} INFO - Sync 1 DAGs
[2026-02-02T14:40:55.506+0000] {logging_mixin.py:188} INFO - [2026-02-02T14:40:55.506+0000] {dag.py:3823} INFO - Setting next_dagrun for example_weekday_branch_operator to 2026-02-01 00:00:00+00:00, run_after=2026-02-02 00:00:00+00:00
[2026-02-02T14:40:55.526+0000] {processor.py:183} INFO - Processing /home/airflow/.local/lib/python3.8/site-packages/airflow/example_dags/example_branch_day_of_week_operator.py took 0.084 seconds
[2026-02-02T14:41:25.606+0000] {processor.py:161} INFO - Started process (PID=2361) to work on /home/airflow/.local/lib/python3.8/site-packages/airflow/example_dags/example_branch_day_of_week_operator.py
[2026-02-02T14:41:25.609+0000] {processor.py:830} INFO - Processing file /home/airflow/.local/lib/python3.8/site-packages/airflow/example_dags/example_branch_day_of_week_operator.py for tasks to queue
[2026-02-02T14:41:25.612+0000] {logging_mixin.py:188} INFO - [2026-02-02T14:41:25.612+0000] {dagbag.py:538} INFO - Filling up the DagBag from /home/airflow/.local/lib/python3.8/site-packages/airflow/example_dags/example_branch_day_of_week_operator.py
[2026-02-02T14:41:25.630+0000] {processor.py:840} INFO - DAG(s) 'example_weekday_branch_operator' retrieved from /home/airflow/.local/lib/python3.8/site-packages/airflow/example_dags/example_branch_day_of_week_operator.py
[2026-02-02T14:41:25.672+0000] {logging_mixin.py:188} INFO - [2026-02-02T14:41:25.672+0000] {dag.py:3036} INFO - Sync 1 DAGs
[2026-02-02T14:41:25.720+0000] {logging_mixin.py:188} INFO - [2026-02-02T14:41:25.720+0000] {dag.py:3823} INFO - Setting next_dagrun for example_weekday_branch_operator to 2026-02-01 00:00:00+00:00, run_after=2026-02-02 00:00:00+00:00
[2026-02-02T14:41:25.766+0000] {processor.py:183} INFO - Processing /home/airflow/.local/lib/python3.8/site-packages/airflow/example_dags/example_branch_day_of_week_operator.py took 0.167 seconds
[2026-02-02T14:41:56.052+0000] {processor.py:161} INFO - Started process (PID=2416) to work on /home/airflow/.local/lib/python3.8/site-packages/airflow/example_dags/example_branch_day_of_week_operator.py
[2026-02-02T14:41:56.053+0000] {processor.py:830} INFO - Processing file /home/airflow/.local/lib/python3.8/site-packages/airflow/example_dags/example_branch_day_of_week_operator.py for tasks to queue
[2026-02-02T14:41:56.055+0000] {logging_mixin.py:188} INFO - [2026-02-02T14:41:56.055+0000] {dagbag.py:538} INFO - Filling up the DagBag from /home/airflow/.local/lib/python3.8/site-packages/airflow/example_dags/example_branch_day_of_week_operator.py
[2026-02-02T14:41:56.065+0000] {processor.py:840} INFO - DAG(s) 'example_weekday_branch_operator' retrieved from /home/airflow/.local/lib/python3.8/site-packages/airflow/example_dags/example_branch_day_of_week_operator.py
[2026-02-02T14:41:56.088+0000] {logging_mixin.py:188} INFO - [2026-02-02T14:41:56.088+0000] {dag.py:3036} INFO - Sync 1 DAGs
[2026-02-02T14:41:56.121+0000] {logging_mixin.py:188} INFO - [2026-02-02T14:41:56.121+0000] {dag.py:3823} INFO - Setting next_dagrun for example_weekday_branch_operator to 2026-02-01 00:00:00+00:00, run_after=2026-02-02 00:00:00+00:00
[2026-02-02T14:41:56.139+0000] {processor.py:183} INFO - Processing /home/airflow/.local/lib/python3.8/site-packages/airflow/example_dags/example_branch_day_of_week_operator.py took 0.090 seconds
[2026-02-02T14:42:26.959+0000] {processor.py:161} INFO - Started process (PID=2471) to work on /home/airflow/.local/lib/python3.8/site-packages/airflow/example_dags/example_branch_day_of_week_operator.py
[2026-02-02T14:42:26.960+0000] {processor.py:830} INFO - Processing file /home/airflow/.local/lib/python3.8/site-packages/airflow/example_dags/example_branch_day_of_week_operator.py for tasks to queue
[2026-02-02T14:42:26.962+0000] {logging_mixin.py:188} INFO - [2026-02-02T14:42:26.962+0000] {dagbag.py:538} INFO - Filling up the DagBag from /home/airflow/.local/lib/python3.8/site-packages/airflow/example_dags/example_branch_day_of_week_operator.py
[2026-02-02T14:42:26.971+0000] {processor.py:840} INFO - DAG(s) 'example_weekday_branch_operator' retrieved from /home/airflow/.local/lib/python3.8/site-packages/airflow/example_dags/example_branch_day_of_week_operator.py
[2026-02-02T14:42:26.994+0000] {logging_mixin.py:188} INFO - [2026-02-02T14:42:26.994+0000] {dag.py:3036} INFO - Sync 1 DAGs
[2026-02-02T14:42:27.029+0000] {logging_mixin.py:188} INFO - [2026-02-02T14:42:27.029+0000] {dag.py:3823} INFO - Setting next_dagrun for example_weekday_branch_operator to 2026-02-01 00:00:00+00:00, run_after=2026-02-02 00:00:00+00:00
[2026-02-02T14:42:27.232+0000] {processor.py:183} INFO - Processing /home/airflow/.local/lib/python3.8/site-packages/airflow/example_dags/example_branch_day_of_week_operator.py took 0.276 seconds
[2026-02-02T14:42:57.339+0000] {processor.py:161} INFO - Started process (PID=2524) to work on /home/airflow/.local/lib/python3.8/site-packages/airflow/example_dags/example_branch_day_of_week_operator.py
[2026-02-02T14:42:57.344+0000] {processor.py:830} INFO - Processing file /home/airflow/.local/lib/python3.8/site-packages/airflow/example_dags/example_branch_day_of_week_operator.py for tasks to queue
[2026-02-02T14:42:57.349+0000] {logging_mixin.py:188} INFO - [2026-02-02T14:42:57.348+0000] {dagbag.py:538} INFO - Filling up the DagBag from /home/airflow/.local/lib/python3.8/site-packages/airflow/example_dags/example_branch_day_of_week_operator.py
[2026-02-02T14:42:57.370+0000] {processor.py:840} INFO - DAG(s) 'example_weekday_branch_operator' retrieved from /home/airflow/.local/lib/python3.8/site-packages/airflow/example_dags/example_branch_day_of_week_operator.py
[2026-02-02T14:42:57.419+0000] {logging_mixin.py:188} INFO - [2026-02-02T14:42:57.419+0000] {dag.py:3036} INFO - Sync 1 DAGs
[2026-02-02T14:42:57.467+0000] {logging_mixin.py:188} INFO - [2026-02-02T14:42:57.467+0000] {dag.py:3823} INFO - Setting next_dagrun for example_weekday_branch_operator to 2026-02-01 00:00:00+00:00, run_after=2026-02-02 00:00:00+00:00
[2026-02-02T14:42:57.503+0000] {processor.py:183} INFO - Processing /home/airflow/.local/lib/python3.8/site-packages/airflow/example_dags/example_branch_day_of_week_operator.py took 0.171 seconds
[2026-02-02T14:43:28.454+0000] {processor.py:161} INFO - Started process (PID=2578) to work on /home/airflow/.local/lib/python3.8/site-packages/airflow/example_dags/example_branch_day_of_week_operator.py
[2026-02-02T14:43:28.455+0000] {processor.py:830} INFO - Processing file /home/airflow/.local/lib/python3.8/site-packages/airflow/example_dags/example_branch_day_of_week_operator.py for tasks to queue
[2026-02-02T14:43:28.457+0000] {logging_mixin.py:188} INFO - [2026-02-02T14:43:28.457+0000] {dagbag.py:538} INFO - Filling up the DagBag from /home/airflow/.local/lib/python3.8/site-packages/airflow/example_dags/example_branch_day_of_week_operator.py
[2026-02-02T14:43:28.465+0000] {processor.py:840} INFO - DAG(s) 'example_weekday_branch_operator' retrieved from /home/airflow/.local/lib/python3.8/site-packages/airflow/example_dags/example_branch_day_of_week_operator.py
[2026-02-02T14:43:28.488+0000] {logging_mixin.py:188} INFO - [2026-02-02T14:43:28.488+0000] {dag.py:3036} INFO - Sync 1 DAGs
[2026-02-02T14:43:28.515+0000] {logging_mixin.py:188} INFO - [2026-02-02T14:43:28.515+0000] {dag.py:3823} INFO - Setting next_dagrun for example_weekday_branch_operator to 2026-02-01 00:00:00+00:00, run_after=2026-02-02 00:00:00+00:00
[2026-02-02T14:43:28.532+0000] {processor.py:183} INFO - Processing /home/airflow/.local/lib/python3.8/site-packages/airflow/example_dags/example_branch_day_of_week_operator.py took 0.081 seconds
[2026-02-02T14:43:58.654+0000] {processor.py:161} INFO - Started process (PID=2633) to work on /home/airflow/.local/lib/python3.8/site-packages/airflow/example_dags/example_branch_day_of_week_operator.py
[2026-02-02T14:43:58.655+0000] {processor.py:830} INFO - Processing file /home/airflow/.local/lib/python3.8/site-packages/airflow/example_dags/example_branch_day_of_week_operator.py for tasks to queue
[2026-02-02T14:43:58.657+0000] {logging_mixin.py:188} INFO - [2026-02-02T14:43:58.657+0000] {dagbag.py:538} INFO - Filling up the DagBag from /home/airflow/.local/lib/python3.8/site-packages/airflow/example_dags/example_branch_day_of_week_operator.py
[2026-02-02T14:43:58.666+0000] {processor.py:840} INFO - DAG(s) 'example_weekday_branch_operator' retrieved from /home/airflow/.local/lib/python3.8/site-packages/airflow/example_dags/example_branch_day_of_week_operator.py
[2026-02-02T14:43:58.714+0000] {logging_mixin.py:188} INFO - [2026-02-02T14:43:58.714+0000] {dag.py:3036} INFO - Sync 1 DAGs
[2026-02-02T14:43:58.771+0000] {logging_mixin.py:188} INFO - [2026-02-02T14:43:58.770+0000] {dag.py:3823} INFO - Setting next_dagrun for example_weekday_branch_operator to 2026-02-01 00:00:00+00:00, run_after=2026-02-02 00:00:00+00:00
[2026-02-02T14:43:58.812+0000] {processor.py:183} INFO - Processing /home/airflow/.local/lib/python3.8/site-packages/airflow/example_dags/example_branch_day_of_week_operator.py took 0.161 seconds
[2026-02-02T14:44:29.742+0000] {processor.py:161} INFO - Started process (PID=2694) to work on /home/airflow/.local/lib/python3.8/site-packages/airflow/example_dags/example_branch_day_of_week_operator.py
[2026-02-02T14:44:29.743+0000] {processor.py:830} INFO - Processing file /home/airflow/.local/lib/python3.8/site-packages/airflow/example_dags/example_branch_day_of_week_operator.py for tasks to queue
[2026-02-02T14:44:29.744+0000] {logging_mixin.py:188} INFO - [2026-02-02T14:44:29.744+0000] {dagbag.py:538} INFO - Filling up the DagBag from /home/airflow/.local/lib/python3.8/site-packages/airflow/example_dags/example_branch_day_of_week_operator.py
[2026-02-02T14:44:29.752+0000] {processor.py:840} INFO - DAG(s) 'example_weekday_branch_operator' retrieved from /home/airflow/.local/lib/python3.8/site-packages/airflow/example_dags/example_branch_day_of_week_operator.py
[2026-02-02T14:44:29.956+0000] {logging_mixin.py:188} INFO - [2026-02-02T14:44:29.956+0000] {dag.py:3036} INFO - Sync 1 DAGs
[2026-02-02T14:44:29.981+0000] {logging_mixin.py:188} INFO - [2026-02-02T14:44:29.981+0000] {dag.py:3823} INFO - Setting next_dagrun for example_weekday_branch_operator to 2026-02-01 00:00:00+00:00, run_after=2026-02-02 00:00:00+00:00
[2026-02-02T14:44:29.997+0000] {processor.py:183} INFO - Processing /home/airflow/.local/lib/python3.8/site-packages/airflow/example_dags/example_branch_day_of_week_operator.py took 0.259 seconds
[2026-02-02T14:45:00.534+0000] {processor.py:161} INFO - Started process (PID=2750) to work on /home/airflow/.local/lib/python3.8/site-packages/airflow/example_dags/example_branch_day_of_week_operator.py
[2026-02-02T14:45:00.535+0000] {processor.py:830} INFO - Processing file /home/airflow/.local/lib/python3.8/site-packages/airflow/example_dags/example_branch_day_of_week_operator.py for tasks to queue
[2026-02-02T14:45:00.536+0000] {logging_mixin.py:188} INFO - [2026-02-02T14:45:00.536+0000] {dagbag.py:538} INFO - Filling up the DagBag from /home/airflow/.local/lib/python3.8/site-packages/airflow/example_dags/example_branch_day_of_week_operator.py
[2026-02-02T14:45:00.545+0000] {processor.py:840} INFO - DAG(s) 'example_weekday_branch_operator' retrieved from /home/airflow/.local/lib/python3.8/site-packages/airflow/example_dags/example_branch_day_of_week_operator.py
[2026-02-02T14:45:00.569+0000] {logging_mixin.py:188} INFO - [2026-02-02T14:45:00.569+0000] {dag.py:3036} INFO - Sync 1 DAGs
[2026-02-02T14:45:00.743+0000] {logging_mixin.py:188} INFO - [2026-02-02T14:45:00.743+0000] {dag.py:3823} INFO - Setting next_dagrun for example_weekday_branch_operator to 2026-02-01 00:00:00+00:00, run_after=2026-02-02 00:00:00+00:00
[2026-02-02T14:45:00.769+0000] {processor.py:183} INFO - Processing /home/airflow/.local/lib/python3.8/site-packages/airflow/example_dags/example_branch_day_of_week_operator.py took 0.239 seconds
[2026-02-02T14:45:30.826+0000] {processor.py:161} INFO - Started process (PID=2806) to work on /home/airflow/.local/lib/python3.8/site-packages/airflow/example_dags/example_branch_day_of_week_operator.py
[2026-02-02T14:45:30.833+0000] {processor.py:830} INFO - Processing file /home/airflow/.local/lib/python3.8/site-packages/airflow/example_dags/example_branch_day_of_week_operator.py for tasks to queue
[2026-02-02T14:45:30.835+0000] {logging_mixin.py:188} INFO - [2026-02-02T14:45:30.835+0000] {dagbag.py:538} INFO - Filling up the DagBag from /home/airflow/.local/lib/python3.8/site-packages/airflow/example_dags/example_branch_day_of_week_operator.py
[2026-02-02T14:45:30.844+0000] {processor.py:840} INFO - DAG(s) 'example_weekday_branch_operator' retrieved from /home/airflow/.local/lib/python3.8/site-packages/airflow/example_dags/example_branch_day_of_week_operator.py
[2026-02-02T14:45:30.872+0000] {logging_mixin.py:188} INFO - [2026-02-02T14:45:30.871+0000] {dag.py:3036} INFO - Sync 1 DAGs
[2026-02-02T14:45:30.902+0000] {logging_mixin.py:188} INFO - [2026-02-02T14:45:30.902+0000] {dag.py:3823} INFO - Setting next_dagrun for example_weekday_branch_operator to 2026-02-01 00:00:00+00:00, run_after=2026-02-02 00:00:00+00:00
[2026-02-02T14:45:30.930+0000] {processor.py:183} INFO - Processing /home/airflow/.local/lib/python3.8/site-packages/airflow/example_dags/example_branch_day_of_week_operator.py took 0.111 seconds
[2026-02-02T14:46:01.216+0000] {processor.py:161} INFO - Started process (PID=2861) to work on /home/airflow/.local/lib/python3.8/site-packages/airflow/example_dags/example_branch_day_of_week_operator.py
[2026-02-02T14:46:01.216+0000] {processor.py:830} INFO - Processing file /home/airflow/.local/lib/python3.8/site-packages/airflow/example_dags/example_branch_day_of_week_operator.py for tasks to queue
[2026-02-02T14:46:01.220+0000] {logging_mixin.py:188} INFO - [2026-02-02T14:46:01.220+0000] {dagbag.py:538} INFO - Filling up the DagBag from /home/airflow/.local/lib/python3.8/site-packages/airflow/example_dags/example_branch_day_of_week_operator.py
[2026-02-02T14:46:01.236+0000] {processor.py:840} INFO - DAG(s) 'example_weekday_branch_operator' retrieved from /home/airflow/.local/lib/python3.8/site-packages/airflow/example_dags/example_branch_day_of_week_operator.py
[2026-02-02T14:46:01.281+0000] {logging_mixin.py:188} INFO - [2026-02-02T14:46:01.281+0000] {dag.py:3036} INFO - Sync 1 DAGs
[2026-02-02T14:46:01.309+0000] {logging_mixin.py:188} INFO - [2026-02-02T14:46:01.309+0000] {dag.py:3823} INFO - Setting next_dagrun for example_weekday_branch_operator to 2026-02-01 00:00:00+00:00, run_after=2026-02-02 00:00:00+00:00
[2026-02-02T14:46:01.355+0000] {processor.py:183} INFO - Processing /home/airflow/.local/lib/python3.8/site-packages/airflow/example_dags/example_branch_day_of_week_operator.py took 0.147 seconds
[2026-02-02T14:46:32.253+0000] {processor.py:161} INFO - Started process (PID=2917) to work on /home/airflow/.local/lib/python3.8/site-packages/airflow/example_dags/example_branch_day_of_week_operator.py
[2026-02-02T14:46:32.254+0000] {processor.py:830} INFO - Processing file /home/airflow/.local/lib/python3.8/site-packages/airflow/example_dags/example_branch_day_of_week_operator.py for tasks to queue
[2026-02-02T14:46:32.256+0000] {logging_mixin.py:188} INFO - [2026-02-02T14:46:32.256+0000] {dagbag.py:538} INFO - Filling up the DagBag from /home/airflow/.local/lib/python3.8/site-packages/airflow/example_dags/example_branch_day_of_week_operator.py
[2026-02-02T14:46:32.265+0000] {processor.py:840} INFO - DAG(s) 'example_weekday_branch_operator' retrieved from /home/airflow/.local/lib/python3.8/site-packages/airflow/example_dags/example_branch_day_of_week_operator.py
[2026-02-02T14:46:32.290+0000] {logging_mixin.py:188} INFO - [2026-02-02T14:46:32.289+0000] {dag.py:3036} INFO - Sync 1 DAGs
[2026-02-02T14:46:32.317+0000] {logging_mixin.py:188} INFO - [2026-02-02T14:46:32.317+0000] {dag.py:3823} INFO - Setting next_dagrun for example_weekday_branch_operator to 2026-02-01 00:00:00+00:00, run_after=2026-02-02 00:00:00+00:00
[2026-02-02T14:46:32.335+0000] {processor.py:183} INFO - Processing /home/airflow/.local/lib/python3.8/site-packages/airflow/example_dags/example_branch_day_of_week_operator.py took 0.085 seconds
[2026-02-02T14:47:02.740+0000] {processor.py:161} INFO - Started process (PID=2973) to work on /home/airflow/.local/lib/python3.8/site-packages/airflow/example_dags/example_branch_day_of_week_operator.py
[2026-02-02T14:47:02.741+0000] {processor.py:830} INFO - Processing file /home/airflow/.local/lib/python3.8/site-packages/airflow/example_dags/example_branch_day_of_week_operator.py for tasks to queue
[2026-02-02T14:47:02.742+0000] {logging_mixin.py:188} INFO - [2026-02-02T14:47:02.742+0000] {dagbag.py:538} INFO - Filling up the DagBag from /home/airflow/.local/lib/python3.8/site-packages/airflow/example_dags/example_branch_day_of_week_operator.py
[2026-02-02T14:47:02.748+0000] {processor.py:840} INFO - DAG(s) 'example_weekday_branch_operator' retrieved from /home/airflow/.local/lib/python3.8/site-packages/airflow/example_dags/example_branch_day_of_week_operator.py
[2026-02-02T14:47:02.767+0000] {logging_mixin.py:188} INFO - [2026-02-02T14:47:02.767+0000] {dag.py:3036} INFO - Sync 1 DAGs
[2026-02-02T14:47:02.790+0000] {logging_mixin.py:188} INFO - [2026-02-02T14:47:02.789+0000] {dag.py:3823} INFO - Setting next_dagrun for example_weekday_branch_operator to 2026-02-01 00:00:00+00:00, run_after=2026-02-02 00:00:00+00:00
[2026-02-02T14:47:02.804+0000] {processor.py:183} INFO - Processing /home/airflow/.local/lib/python3.8/site-packages/airflow/example_dags/example_branch_day_of_week_operator.py took 0.067 seconds
[2026-02-02T14:47:33.570+0000] {processor.py:161} INFO - Started process (PID=3030) to work on /home/airflow/.local/lib/python3.8/site-packages/airflow/example_dags/example_branch_day_of_week_operator.py
[2026-02-02T14:47:33.572+0000] {processor.py:830} INFO - Processing file /home/airflow/.local/lib/python3.8/site-packages/airflow/example_dags/example_branch_day_of_week_operator.py for tasks to queue
[2026-02-02T14:47:33.574+0000] {logging_mixin.py:188} INFO - [2026-02-02T14:47:33.573+0000] {dagbag.py:538} INFO - Filling up the DagBag from /home/airflow/.local/lib/python3.8/site-packages/airflow/example_dags/example_branch_day_of_week_operator.py
[2026-02-02T14:47:33.583+0000] {processor.py:840} INFO - DAG(s) 'example_weekday_branch_operator' retrieved from /home/airflow/.local/lib/python3.8/site-packages/airflow/example_dags/example_branch_day_of_week_operator.py
[2026-02-02T14:47:33.615+0000] {logging_mixin.py:188} INFO - [2026-02-02T14:47:33.615+0000] {dag.py:3036} INFO - Sync 1 DAGs
[2026-02-02T14:47:33.644+0000] {logging_mixin.py:188} INFO - [2026-02-02T14:47:33.644+0000] {dag.py:3823} INFO - Setting next_dagrun for example_weekday_branch_operator to 2026-02-01 00:00:00+00:00, run_after=2026-02-02 00:00:00+00:00
[2026-02-02T14:47:33.664+0000] {processor.py:183} INFO - Processing /home/airflow/.local/lib/python3.8/site-packages/airflow/example_dags/example_branch_day_of_week_operator.py took 0.097 seconds
[2026-02-02T14:48:04.500+0000] {processor.py:161} INFO - Started process (PID=3086) to work on /home/airflow/.local/lib/python3.8/site-packages/airflow/example_dags/example_branch_day_of_week_operator.py
[2026-02-02T14:48:04.501+0000] {processor.py:830} INFO - Processing file /home/airflow/.local/lib/python3.8/site-packages/airflow/example_dags/example_branch_day_of_week_operator.py for tasks to queue
[2026-02-02T14:48:04.503+0000] {logging_mixin.py:188} INFO - [2026-02-02T14:48:04.503+0000] {dagbag.py:538} INFO - Filling up the DagBag from /home/airflow/.local/lib/python3.8/site-packages/airflow/example_dags/example_branch_day_of_week_operator.py
[2026-02-02T14:48:04.515+0000] {processor.py:840} INFO - DAG(s) 'example_weekday_branch_operator' retrieved from /home/airflow/.local/lib/python3.8/site-packages/airflow/example_dags/example_branch_day_of_week_operator.py
[2026-02-02T14:48:04.578+0000] {logging_mixin.py:188} INFO - [2026-02-02T14:48:04.577+0000] {dag.py:3036} INFO - Sync 1 DAGs
[2026-02-02T14:48:04.605+0000] {logging_mixin.py:188} INFO - [2026-02-02T14:48:04.604+0000] {dag.py:3823} INFO - Setting next_dagrun for example_weekday_branch_operator to 2026-02-01 00:00:00+00:00, run_after=2026-02-02 00:00:00+00:00
[2026-02-02T14:48:04.623+0000] {processor.py:183} INFO - Processing /home/airflow/.local/lib/python3.8/site-packages/airflow/example_dags/example_branch_day_of_week_operator.py took 0.126 seconds
[2026-02-02T14:48:35.164+0000] {processor.py:161} INFO - Started process (PID=3141) to work on /home/airflow/.local/lib/python3.8/site-packages/airflow/example_dags/example_branch_day_of_week_operator.py
[2026-02-02T14:48:35.165+0000] {processor.py:830} INFO - Processing file /home/airflow/.local/lib/python3.8/site-packages/airflow/example_dags/example_branch_day_of_week_operator.py for tasks to queue
[2026-02-02T14:48:35.166+0000] {logging_mixin.py:188} INFO - [2026-02-02T14:48:35.166+0000] {dagbag.py:538} INFO - Filling up the DagBag from /home/airflow/.local/lib/python3.8/site-packages/airflow/example_dags/example_branch_day_of_week_operator.py
[2026-02-02T14:48:35.172+0000] {processor.py:840} INFO - DAG(s) 'example_weekday_branch_operator' retrieved from /home/airflow/.local/lib/python3.8/site-packages/airflow/example_dags/example_branch_day_of_week_operator.py
[2026-02-02T14:48:35.190+0000] {logging_mixin.py:188} INFO - [2026-02-02T14:48:35.190+0000] {dag.py:3036} INFO - Sync 1 DAGs
[2026-02-02T14:48:35.208+0000] {logging_mixin.py:188} INFO - [2026-02-02T14:48:35.208+0000] {dag.py:3823} INFO - Setting next_dagrun for example_weekday_branch_operator to 2026-02-01 00:00:00+00:00, run_after=2026-02-02 00:00:00+00:00
[2026-02-02T14:48:35.222+0000] {processor.py:183} INFO - Processing /home/airflow/.local/lib/python3.8/site-packages/airflow/example_dags/example_branch_day_of_week_operator.py took 0.060 seconds
[2026-02-02T14:49:05.454+0000] {processor.py:161} INFO - Started process (PID=3197) to work on /home/airflow/.local/lib/python3.8/site-packages/airflow/example_dags/example_branch_day_of_week_operator.py
[2026-02-02T14:49:05.456+0000] {processor.py:830} INFO - Processing file /home/airflow/.local/lib/python3.8/site-packages/airflow/example_dags/example_branch_day_of_week_operator.py for tasks to queue
[2026-02-02T14:49:05.458+0000] {logging_mixin.py:188} INFO - [2026-02-02T14:49:05.457+0000] {dagbag.py:538} INFO - Filling up the DagBag from /home/airflow/.local/lib/python3.8/site-packages/airflow/example_dags/example_branch_day_of_week_operator.py
[2026-02-02T14:49:05.467+0000] {processor.py:840} INFO - DAG(s) 'example_weekday_branch_operator' retrieved from /home/airflow/.local/lib/python3.8/site-packages/airflow/example_dags/example_branch_day_of_week_operator.py
[2026-02-02T14:49:05.501+0000] {logging_mixin.py:188} INFO - [2026-02-02T14:49:05.501+0000] {dag.py:3036} INFO - Sync 1 DAGs
[2026-02-02T14:49:05.528+0000] {logging_mixin.py:188} INFO - [2026-02-02T14:49:05.528+0000] {dag.py:3823} INFO - Setting next_dagrun for example_weekday_branch_operator to 2026-02-01 00:00:00+00:00, run_after=2026-02-02 00:00:00+00:00
[2026-02-02T14:49:05.548+0000] {processor.py:183} INFO - Processing /home/airflow/.local/lib/python3.8/site-packages/airflow/example_dags/example_branch_day_of_week_operator.py took 0.100 seconds
[2026-02-02T14:49:35.988+0000] {processor.py:161} INFO - Started process (PID=3253) to work on /home/airflow/.local/lib/python3.8/site-packages/airflow/example_dags/example_branch_day_of_week_operator.py
[2026-02-02T14:49:35.991+0000] {processor.py:830} INFO - Processing file /home/airflow/.local/lib/python3.8/site-packages/airflow/example_dags/example_branch_day_of_week_operator.py for tasks to queue
[2026-02-02T14:49:35.994+0000] {logging_mixin.py:188} INFO - [2026-02-02T14:49:35.994+0000] {dagbag.py:538} INFO - Filling up the DagBag from /home/airflow/.local/lib/python3.8/site-packages/airflow/example_dags/example_branch_day_of_week_operator.py
[2026-02-02T14:49:36.005+0000] {processor.py:840} INFO - DAG(s) 'example_weekday_branch_operator' retrieved from /home/airflow/.local/lib/python3.8/site-packages/airflow/example_dags/example_branch_day_of_week_operator.py
[2026-02-02T14:49:36.134+0000] {logging_mixin.py:188} INFO - [2026-02-02T14:49:36.134+0000] {dag.py:3036} INFO - Sync 1 DAGs
[2026-02-02T14:49:36.234+0000] {logging_mixin.py:188} INFO - [2026-02-02T14:49:36.233+0000] {dag.py:3823} INFO - Setting next_dagrun for example_weekday_branch_operator to 2026-02-01 00:00:00+00:00, run_after=2026-02-02 00:00:00+00:00
[2026-02-02T14:49:36.269+0000] {processor.py:183} INFO - Processing /home/airflow/.local/lib/python3.8/site-packages/airflow/example_dags/example_branch_day_of_week_operator.py took 0.295 seconds
[2026-02-02T14:50:07.140+0000] {processor.py:161} INFO - Started process (PID=3309) to work on /home/airflow/.local/lib/python3.8/site-packages/airflow/example_dags/example_branch_day_of_week_operator.py
[2026-02-02T14:50:07.142+0000] {processor.py:830} INFO - Processing file /home/airflow/.local/lib/python3.8/site-packages/airflow/example_dags/example_branch_day_of_week_operator.py for tasks to queue
[2026-02-02T14:50:07.146+0000] {logging_mixin.py:188} INFO - [2026-02-02T14:50:07.146+0000] {dagbag.py:538} INFO - Filling up the DagBag from /home/airflow/.local/lib/python3.8/site-packages/airflow/example_dags/example_branch_day_of_week_operator.py
[2026-02-02T14:50:07.162+0000] {processor.py:840} INFO - DAG(s) 'example_weekday_branch_operator' retrieved from /home/airflow/.local/lib/python3.8/site-packages/airflow/example_dags/example_branch_day_of_week_operator.py
[2026-02-02T14:50:07.190+0000] {logging_mixin.py:188} INFO - [2026-02-02T14:50:07.190+0000] {dag.py:3036} INFO - Sync 1 DAGs
[2026-02-02T14:50:07.221+0000] {logging_mixin.py:188} INFO - [2026-02-02T14:50:07.219+0000] {dag.py:3823} INFO - Setting next_dagrun for example_weekday_branch_operator to 2026-02-01 00:00:00+00:00, run_after=2026-02-02 00:00:00+00:00
[2026-02-02T14:50:07.241+0000] {processor.py:183} INFO - Processing /home/airflow/.local/lib/python3.8/site-packages/airflow/example_dags/example_branch_day_of_week_operator.py took 0.107 seconds
[2026-02-02T14:50:37.523+0000] {processor.py:161} INFO - Started process (PID=3365) to work on /home/airflow/.local/lib/python3.8/site-packages/airflow/example_dags/example_branch_day_of_week_operator.py
[2026-02-02T14:50:37.525+0000] {processor.py:830} INFO - Processing file /home/airflow/.local/lib/python3.8/site-packages/airflow/example_dags/example_branch_day_of_week_operator.py for tasks to queue
[2026-02-02T14:50:37.527+0000] {logging_mixin.py:188} INFO - [2026-02-02T14:50:37.526+0000] {dagbag.py:538} INFO - Filling up the DagBag from /home/airflow/.local/lib/python3.8/site-packages/airflow/example_dags/example_branch_day_of_week_operator.py
[2026-02-02T14:50:37.536+0000] {processor.py:840} INFO - DAG(s) 'example_weekday_branch_operator' retrieved from /home/airflow/.local/lib/python3.8/site-packages/airflow/example_dags/example_branch_day_of_week_operator.py
[2026-02-02T14:50:37.562+0000] {logging_mixin.py:188} INFO - [2026-02-02T14:50:37.561+0000] {dag.py:3036} INFO - Sync 1 DAGs
[2026-02-02T14:50:37.590+0000] {logging_mixin.py:188} INFO - [2026-02-02T14:50:37.590+0000] {dag.py:3823} INFO - Setting next_dagrun for example_weekday_branch_operator to 2026-02-01 00:00:00+00:00, run_after=2026-02-02 00:00:00+00:00
[2026-02-02T14:50:37.610+0000] {processor.py:183} INFO - Processing /home/airflow/.local/lib/python3.8/site-packages/airflow/example_dags/example_branch_day_of_week_operator.py took 0.091 seconds
