[2026-02-02T14:20:30.187+0000] {processor.py:161} INFO - Started process (PID=96) to work on /home/airflow/.local/lib/python3.8/site-packages/airflow/example_dags/example_nested_branch_dag.py
[2026-02-02T14:20:30.195+0000] {processor.py:830} INFO - Processing file /home/airflow/.local/lib/python3.8/site-packages/airflow/example_dags/example_nested_branch_dag.py for tasks to queue
[2026-02-02T14:20:30.202+0000] {logging_mixin.py:188} INFO - [2026-02-02T14:20:30.202+0000] {dagbag.py:538} INFO - Filling up the DagBag from /home/airflow/.local/lib/python3.8/site-packages/airflow/example_dags/example_nested_branch_dag.py
[2026-02-02T14:20:30.240+0000] {processor.py:840} INFO - DAG(s) 'example_nested_branch_dag' retrieved from /home/airflow/.local/lib/python3.8/site-packages/airflow/example_dags/example_nested_branch_dag.py
[2026-02-02T14:20:30.859+0000] {logging_mixin.py:188} INFO - [2026-02-02T14:20:30.857+0000] {override.py:1769} INFO - Created Permission View: can edit on DAG:example_nested_branch_dag
[2026-02-02T14:20:30.930+0000] {logging_mixin.py:188} INFO - [2026-02-02T14:20:30.930+0000] {override.py:1769} INFO - Created Permission View: can delete on DAG:example_nested_branch_dag
[2026-02-02T14:20:30.982+0000] {logging_mixin.py:188} INFO - [2026-02-02T14:20:30.982+0000] {override.py:1769} INFO - Created Permission View: can read on DAG:example_nested_branch_dag
[2026-02-02T14:20:30.988+0000] {logging_mixin.py:188} INFO - [2026-02-02T14:20:30.988+0000] {dag.py:3036} INFO - Sync 1 DAGs
[2026-02-02T14:20:31.063+0000] {logging_mixin.py:188} INFO - [2026-02-02T14:20:31.054+0000] {dag.py:3058} INFO - Creating ORM DAG for example_nested_branch_dag
[2026-02-02T14:20:31.152+0000] {logging_mixin.py:188} INFO - [2026-02-02T14:20:31.151+0000] {dag.py:3823} INFO - Setting next_dagrun for example_nested_branch_dag to 2026-02-01 00:00:00+00:00, run_after=2026-02-02 00:00:00+00:00
[2026-02-02T14:20:31.254+0000] {processor.py:183} INFO - Processing /home/airflow/.local/lib/python3.8/site-packages/airflow/example_dags/example_nested_branch_dag.py took 1.077 seconds
[2026-02-02T14:21:02.007+0000] {processor.py:161} INFO - Started process (PID=151) to work on /home/airflow/.local/lib/python3.8/site-packages/airflow/example_dags/example_nested_branch_dag.py
[2026-02-02T14:21:02.008+0000] {processor.py:830} INFO - Processing file /home/airflow/.local/lib/python3.8/site-packages/airflow/example_dags/example_nested_branch_dag.py for tasks to queue
[2026-02-02T14:21:02.010+0000] {logging_mixin.py:188} INFO - [2026-02-02T14:21:02.009+0000] {dagbag.py:538} INFO - Filling up the DagBag from /home/airflow/.local/lib/python3.8/site-packages/airflow/example_dags/example_nested_branch_dag.py
[2026-02-02T14:21:02.021+0000] {processor.py:840} INFO - DAG(s) 'example_nested_branch_dag' retrieved from /home/airflow/.local/lib/python3.8/site-packages/airflow/example_dags/example_nested_branch_dag.py
[2026-02-02T14:21:02.047+0000] {logging_mixin.py:188} INFO - [2026-02-02T14:21:02.046+0000] {dag.py:3036} INFO - Sync 1 DAGs
[2026-02-02T14:21:02.073+0000] {logging_mixin.py:188} INFO - [2026-02-02T14:21:02.073+0000] {dag.py:3823} INFO - Setting next_dagrun for example_nested_branch_dag to 2026-02-01 00:00:00+00:00, run_after=2026-02-02 00:00:00+00:00
[2026-02-02T14:21:02.095+0000] {processor.py:183} INFO - Processing /home/airflow/.local/lib/python3.8/site-packages/airflow/example_dags/example_nested_branch_dag.py took 0.091 seconds
[2026-02-02T14:21:32.791+0000] {processor.py:161} INFO - Started process (PID=206) to work on /home/airflow/.local/lib/python3.8/site-packages/airflow/example_dags/example_nested_branch_dag.py
[2026-02-02T14:21:32.791+0000] {processor.py:830} INFO - Processing file /home/airflow/.local/lib/python3.8/site-packages/airflow/example_dags/example_nested_branch_dag.py for tasks to queue
[2026-02-02T14:21:32.793+0000] {logging_mixin.py:188} INFO - [2026-02-02T14:21:32.793+0000] {dagbag.py:538} INFO - Filling up the DagBag from /home/airflow/.local/lib/python3.8/site-packages/airflow/example_dags/example_nested_branch_dag.py
[2026-02-02T14:21:32.804+0000] {processor.py:840} INFO - DAG(s) 'example_nested_branch_dag' retrieved from /home/airflow/.local/lib/python3.8/site-packages/airflow/example_dags/example_nested_branch_dag.py
[2026-02-02T14:21:32.831+0000] {logging_mixin.py:188} INFO - [2026-02-02T14:21:32.831+0000] {dag.py:3036} INFO - Sync 1 DAGs
[2026-02-02T14:21:32.863+0000] {logging_mixin.py:188} INFO - [2026-02-02T14:21:32.863+0000] {dag.py:3823} INFO - Setting next_dagrun for example_nested_branch_dag to 2026-02-01 00:00:00+00:00, run_after=2026-02-02 00:00:00+00:00
[2026-02-02T14:21:32.887+0000] {processor.py:183} INFO - Processing /home/airflow/.local/lib/python3.8/site-packages/airflow/example_dags/example_nested_branch_dag.py took 0.099 seconds
[2026-02-02T14:22:03.199+0000] {processor.py:161} INFO - Started process (PID=261) to work on /home/airflow/.local/lib/python3.8/site-packages/airflow/example_dags/example_nested_branch_dag.py
[2026-02-02T14:22:03.200+0000] {processor.py:830} INFO - Processing file /home/airflow/.local/lib/python3.8/site-packages/airflow/example_dags/example_nested_branch_dag.py for tasks to queue
[2026-02-02T14:22:03.201+0000] {logging_mixin.py:188} INFO - [2026-02-02T14:22:03.201+0000] {dagbag.py:538} INFO - Filling up the DagBag from /home/airflow/.local/lib/python3.8/site-packages/airflow/example_dags/example_nested_branch_dag.py
[2026-02-02T14:22:03.213+0000] {processor.py:840} INFO - DAG(s) 'example_nested_branch_dag' retrieved from /home/airflow/.local/lib/python3.8/site-packages/airflow/example_dags/example_nested_branch_dag.py
[2026-02-02T14:22:03.240+0000] {logging_mixin.py:188} INFO - [2026-02-02T14:22:03.239+0000] {dag.py:3036} INFO - Sync 1 DAGs
[2026-02-02T14:22:03.267+0000] {logging_mixin.py:188} INFO - [2026-02-02T14:22:03.267+0000] {dag.py:3823} INFO - Setting next_dagrun for example_nested_branch_dag to 2026-02-01 00:00:00+00:00, run_after=2026-02-02 00:00:00+00:00
[2026-02-02T14:22:03.287+0000] {processor.py:183} INFO - Processing /home/airflow/.local/lib/python3.8/site-packages/airflow/example_dags/example_nested_branch_dag.py took 0.092 seconds
[2026-02-02T14:22:33.846+0000] {processor.py:161} INFO - Started process (PID=316) to work on /home/airflow/.local/lib/python3.8/site-packages/airflow/example_dags/example_nested_branch_dag.py
[2026-02-02T14:22:33.849+0000] {processor.py:830} INFO - Processing file /home/airflow/.local/lib/python3.8/site-packages/airflow/example_dags/example_nested_branch_dag.py for tasks to queue
[2026-02-02T14:22:33.852+0000] {logging_mixin.py:188} INFO - [2026-02-02T14:22:33.852+0000] {dagbag.py:538} INFO - Filling up the DagBag from /home/airflow/.local/lib/python3.8/site-packages/airflow/example_dags/example_nested_branch_dag.py
[2026-02-02T14:22:33.873+0000] {processor.py:840} INFO - DAG(s) 'example_nested_branch_dag' retrieved from /home/airflow/.local/lib/python3.8/site-packages/airflow/example_dags/example_nested_branch_dag.py
[2026-02-02T14:22:33.914+0000] {logging_mixin.py:188} INFO - [2026-02-02T14:22:33.914+0000] {dag.py:3036} INFO - Sync 1 DAGs
[2026-02-02T14:22:33.945+0000] {logging_mixin.py:188} INFO - [2026-02-02T14:22:33.945+0000] {dag.py:3823} INFO - Setting next_dagrun for example_nested_branch_dag to 2026-02-01 00:00:00+00:00, run_after=2026-02-02 00:00:00+00:00
[2026-02-02T14:22:33.964+0000] {processor.py:183} INFO - Processing /home/airflow/.local/lib/python3.8/site-packages/airflow/example_dags/example_nested_branch_dag.py took 0.126 seconds
[2026-02-02T14:23:04.342+0000] {processor.py:161} INFO - Started process (PID=371) to work on /home/airflow/.local/lib/python3.8/site-packages/airflow/example_dags/example_nested_branch_dag.py
[2026-02-02T14:23:04.343+0000] {processor.py:830} INFO - Processing file /home/airflow/.local/lib/python3.8/site-packages/airflow/example_dags/example_nested_branch_dag.py for tasks to queue
[2026-02-02T14:23:04.345+0000] {logging_mixin.py:188} INFO - [2026-02-02T14:23:04.345+0000] {dagbag.py:538} INFO - Filling up the DagBag from /home/airflow/.local/lib/python3.8/site-packages/airflow/example_dags/example_nested_branch_dag.py
[2026-02-02T14:23:04.356+0000] {processor.py:840} INFO - DAG(s) 'example_nested_branch_dag' retrieved from /home/airflow/.local/lib/python3.8/site-packages/airflow/example_dags/example_nested_branch_dag.py
[2026-02-02T14:23:04.381+0000] {logging_mixin.py:188} INFO - [2026-02-02T14:23:04.381+0000] {dag.py:3036} INFO - Sync 1 DAGs
[2026-02-02T14:23:04.408+0000] {logging_mixin.py:188} INFO - [2026-02-02T14:23:04.408+0000] {dag.py:3823} INFO - Setting next_dagrun for example_nested_branch_dag to 2026-02-01 00:00:00+00:00, run_after=2026-02-02 00:00:00+00:00
[2026-02-02T14:23:04.441+0000] {processor.py:183} INFO - Processing /home/airflow/.local/lib/python3.8/site-packages/airflow/example_dags/example_nested_branch_dag.py took 0.101 seconds
[2026-02-02T14:23:34.943+0000] {processor.py:161} INFO - Started process (PID=426) to work on /home/airflow/.local/lib/python3.8/site-packages/airflow/example_dags/example_nested_branch_dag.py
[2026-02-02T14:23:34.944+0000] {processor.py:830} INFO - Processing file /home/airflow/.local/lib/python3.8/site-packages/airflow/example_dags/example_nested_branch_dag.py for tasks to queue
[2026-02-02T14:23:34.945+0000] {logging_mixin.py:188} INFO - [2026-02-02T14:23:34.945+0000] {dagbag.py:538} INFO - Filling up the DagBag from /home/airflow/.local/lib/python3.8/site-packages/airflow/example_dags/example_nested_branch_dag.py
[2026-02-02T14:23:34.957+0000] {processor.py:840} INFO - DAG(s) 'example_nested_branch_dag' retrieved from /home/airflow/.local/lib/python3.8/site-packages/airflow/example_dags/example_nested_branch_dag.py
[2026-02-02T14:23:34.982+0000] {logging_mixin.py:188} INFO - [2026-02-02T14:23:34.981+0000] {dag.py:3036} INFO - Sync 1 DAGs
[2026-02-02T14:23:35.008+0000] {logging_mixin.py:188} INFO - [2026-02-02T14:23:35.008+0000] {dag.py:3823} INFO - Setting next_dagrun for example_nested_branch_dag to 2026-02-01 00:00:00+00:00, run_after=2026-02-02 00:00:00+00:00
[2026-02-02T14:23:35.028+0000] {processor.py:183} INFO - Processing /home/airflow/.local/lib/python3.8/site-packages/airflow/example_dags/example_nested_branch_dag.py took 0.088 seconds
[2026-02-02T14:24:05.158+0000] {processor.py:161} INFO - Started process (PID=480) to work on /home/airflow/.local/lib/python3.8/site-packages/airflow/example_dags/example_nested_branch_dag.py
[2026-02-02T14:24:05.159+0000] {processor.py:830} INFO - Processing file /home/airflow/.local/lib/python3.8/site-packages/airflow/example_dags/example_nested_branch_dag.py for tasks to queue
[2026-02-02T14:24:05.161+0000] {logging_mixin.py:188} INFO - [2026-02-02T14:24:05.161+0000] {dagbag.py:538} INFO - Filling up the DagBag from /home/airflow/.local/lib/python3.8/site-packages/airflow/example_dags/example_nested_branch_dag.py
[2026-02-02T14:24:05.174+0000] {processor.py:840} INFO - DAG(s) 'example_nested_branch_dag' retrieved from /home/airflow/.local/lib/python3.8/site-packages/airflow/example_dags/example_nested_branch_dag.py
[2026-02-02T14:24:05.212+0000] {logging_mixin.py:188} INFO - [2026-02-02T14:24:05.212+0000] {dag.py:3036} INFO - Sync 1 DAGs
[2026-02-02T14:24:05.242+0000] {logging_mixin.py:188} INFO - [2026-02-02T14:24:05.241+0000] {dag.py:3823} INFO - Setting next_dagrun for example_nested_branch_dag to 2026-02-01 00:00:00+00:00, run_after=2026-02-02 00:00:00+00:00
[2026-02-02T14:24:05.260+0000] {processor.py:183} INFO - Processing /home/airflow/.local/lib/python3.8/site-packages/airflow/example_dags/example_nested_branch_dag.py took 0.106 seconds
[2026-02-02T14:24:35.469+0000] {processor.py:161} INFO - Started process (PID=536) to work on /home/airflow/.local/lib/python3.8/site-packages/airflow/example_dags/example_nested_branch_dag.py
[2026-02-02T14:24:35.470+0000] {processor.py:830} INFO - Processing file /home/airflow/.local/lib/python3.8/site-packages/airflow/example_dags/example_nested_branch_dag.py for tasks to queue
[2026-02-02T14:24:35.472+0000] {logging_mixin.py:188} INFO - [2026-02-02T14:24:35.471+0000] {dagbag.py:538} INFO - Filling up the DagBag from /home/airflow/.local/lib/python3.8/site-packages/airflow/example_dags/example_nested_branch_dag.py
[2026-02-02T14:24:35.483+0000] {processor.py:840} INFO - DAG(s) 'example_nested_branch_dag' retrieved from /home/airflow/.local/lib/python3.8/site-packages/airflow/example_dags/example_nested_branch_dag.py
[2026-02-02T14:24:35.508+0000] {logging_mixin.py:188} INFO - [2026-02-02T14:24:35.507+0000] {dag.py:3036} INFO - Sync 1 DAGs
[2026-02-02T14:24:35.535+0000] {logging_mixin.py:188} INFO - [2026-02-02T14:24:35.534+0000] {dag.py:3823} INFO - Setting next_dagrun for example_nested_branch_dag to 2026-02-01 00:00:00+00:00, run_after=2026-02-02 00:00:00+00:00
[2026-02-02T14:24:35.556+0000] {processor.py:183} INFO - Processing /home/airflow/.local/lib/python3.8/site-packages/airflow/example_dags/example_nested_branch_dag.py took 0.090 seconds
[2026-02-02T14:25:05.914+0000] {processor.py:161} INFO - Started process (PID=591) to work on /home/airflow/.local/lib/python3.8/site-packages/airflow/example_dags/example_nested_branch_dag.py
[2026-02-02T14:25:05.915+0000] {processor.py:830} INFO - Processing file /home/airflow/.local/lib/python3.8/site-packages/airflow/example_dags/example_nested_branch_dag.py for tasks to queue
[2026-02-02T14:25:05.917+0000] {logging_mixin.py:188} INFO - [2026-02-02T14:25:05.917+0000] {dagbag.py:538} INFO - Filling up the DagBag from /home/airflow/.local/lib/python3.8/site-packages/airflow/example_dags/example_nested_branch_dag.py
[2026-02-02T14:25:05.929+0000] {processor.py:840} INFO - DAG(s) 'example_nested_branch_dag' retrieved from /home/airflow/.local/lib/python3.8/site-packages/airflow/example_dags/example_nested_branch_dag.py
[2026-02-02T14:25:05.954+0000] {logging_mixin.py:188} INFO - [2026-02-02T14:25:05.954+0000] {dag.py:3036} INFO - Sync 1 DAGs
[2026-02-02T14:25:05.982+0000] {logging_mixin.py:188} INFO - [2026-02-02T14:25:05.982+0000] {dag.py:3823} INFO - Setting next_dagrun for example_nested_branch_dag to 2026-02-01 00:00:00+00:00, run_after=2026-02-02 00:00:00+00:00
[2026-02-02T14:25:06.003+0000] {processor.py:183} INFO - Processing /home/airflow/.local/lib/python3.8/site-packages/airflow/example_dags/example_nested_branch_dag.py took 0.092 seconds
[2026-02-02T14:25:36.445+0000] {processor.py:161} INFO - Started process (PID=646) to work on /home/airflow/.local/lib/python3.8/site-packages/airflow/example_dags/example_nested_branch_dag.py
[2026-02-02T14:25:36.450+0000] {processor.py:830} INFO - Processing file /home/airflow/.local/lib/python3.8/site-packages/airflow/example_dags/example_nested_branch_dag.py for tasks to queue
[2026-02-02T14:25:36.456+0000] {logging_mixin.py:188} INFO - [2026-02-02T14:25:36.451+0000] {dagbag.py:538} INFO - Filling up the DagBag from /home/airflow/.local/lib/python3.8/site-packages/airflow/example_dags/example_nested_branch_dag.py
[2026-02-02T14:25:36.491+0000] {processor.py:840} INFO - DAG(s) 'example_nested_branch_dag' retrieved from /home/airflow/.local/lib/python3.8/site-packages/airflow/example_dags/example_nested_branch_dag.py
[2026-02-02T14:25:36.594+0000] {logging_mixin.py:188} INFO - [2026-02-02T14:25:36.594+0000] {dag.py:3036} INFO - Sync 1 DAGs
[2026-02-02T14:25:36.734+0000] {logging_mixin.py:188} INFO - [2026-02-02T14:25:36.734+0000] {dag.py:3823} INFO - Setting next_dagrun for example_nested_branch_dag to 2026-02-01 00:00:00+00:00, run_after=2026-02-02 00:00:00+00:00
[2026-02-02T14:25:36.843+0000] {processor.py:183} INFO - Processing /home/airflow/.local/lib/python3.8/site-packages/airflow/example_dags/example_nested_branch_dag.py took 0.407 seconds
[2026-02-02T14:26:07.185+0000] {processor.py:161} INFO - Started process (PID=701) to work on /home/airflow/.local/lib/python3.8/site-packages/airflow/example_dags/example_nested_branch_dag.py
[2026-02-02T14:26:07.186+0000] {processor.py:830} INFO - Processing file /home/airflow/.local/lib/python3.8/site-packages/airflow/example_dags/example_nested_branch_dag.py for tasks to queue
[2026-02-02T14:26:07.188+0000] {logging_mixin.py:188} INFO - [2026-02-02T14:26:07.187+0000] {dagbag.py:538} INFO - Filling up the DagBag from /home/airflow/.local/lib/python3.8/site-packages/airflow/example_dags/example_nested_branch_dag.py
[2026-02-02T14:26:07.200+0000] {processor.py:840} INFO - DAG(s) 'example_nested_branch_dag' retrieved from /home/airflow/.local/lib/python3.8/site-packages/airflow/example_dags/example_nested_branch_dag.py
[2026-02-02T14:26:07.225+0000] {logging_mixin.py:188} INFO - [2026-02-02T14:26:07.224+0000] {dag.py:3036} INFO - Sync 1 DAGs
[2026-02-02T14:26:07.251+0000] {logging_mixin.py:188} INFO - [2026-02-02T14:26:07.251+0000] {dag.py:3823} INFO - Setting next_dagrun for example_nested_branch_dag to 2026-02-01 00:00:00+00:00, run_after=2026-02-02 00:00:00+00:00
[2026-02-02T14:26:07.273+0000] {processor.py:183} INFO - Processing /home/airflow/.local/lib/python3.8/site-packages/airflow/example_dags/example_nested_branch_dag.py took 0.091 seconds
[2026-02-02T14:26:37.439+0000] {processor.py:161} INFO - Started process (PID=756) to work on /home/airflow/.local/lib/python3.8/site-packages/airflow/example_dags/example_nested_branch_dag.py
[2026-02-02T14:26:37.440+0000] {processor.py:830} INFO - Processing file /home/airflow/.local/lib/python3.8/site-packages/airflow/example_dags/example_nested_branch_dag.py for tasks to queue
[2026-02-02T14:26:37.442+0000] {logging_mixin.py:188} INFO - [2026-02-02T14:26:37.442+0000] {dagbag.py:538} INFO - Filling up the DagBag from /home/airflow/.local/lib/python3.8/site-packages/airflow/example_dags/example_nested_branch_dag.py
[2026-02-02T14:26:37.454+0000] {processor.py:840} INFO - DAG(s) 'example_nested_branch_dag' retrieved from /home/airflow/.local/lib/python3.8/site-packages/airflow/example_dags/example_nested_branch_dag.py
[2026-02-02T14:26:37.492+0000] {logging_mixin.py:188} INFO - [2026-02-02T14:26:37.492+0000] {dag.py:3036} INFO - Sync 1 DAGs
[2026-02-02T14:26:37.532+0000] {logging_mixin.py:188} INFO - [2026-02-02T14:26:37.532+0000] {dag.py:3823} INFO - Setting next_dagrun for example_nested_branch_dag to 2026-02-01 00:00:00+00:00, run_after=2026-02-02 00:00:00+00:00
[2026-02-02T14:26:37.549+0000] {processor.py:183} INFO - Processing /home/airflow/.local/lib/python3.8/site-packages/airflow/example_dags/example_nested_branch_dag.py took 0.113 seconds
[2026-02-02T14:27:08.118+0000] {processor.py:161} INFO - Started process (PID=811) to work on /home/airflow/.local/lib/python3.8/site-packages/airflow/example_dags/example_nested_branch_dag.py
[2026-02-02T14:27:08.119+0000] {processor.py:830} INFO - Processing file /home/airflow/.local/lib/python3.8/site-packages/airflow/example_dags/example_nested_branch_dag.py for tasks to queue
[2026-02-02T14:27:08.121+0000] {logging_mixin.py:188} INFO - [2026-02-02T14:27:08.121+0000] {dagbag.py:538} INFO - Filling up the DagBag from /home/airflow/.local/lib/python3.8/site-packages/airflow/example_dags/example_nested_branch_dag.py
[2026-02-02T14:27:08.133+0000] {processor.py:840} INFO - DAG(s) 'example_nested_branch_dag' retrieved from /home/airflow/.local/lib/python3.8/site-packages/airflow/example_dags/example_nested_branch_dag.py
[2026-02-02T14:27:08.159+0000] {logging_mixin.py:188} INFO - [2026-02-02T14:27:08.159+0000] {dag.py:3036} INFO - Sync 1 DAGs
[2026-02-02T14:27:08.186+0000] {logging_mixin.py:188} INFO - [2026-02-02T14:27:08.186+0000] {dag.py:3823} INFO - Setting next_dagrun for example_nested_branch_dag to 2026-02-01 00:00:00+00:00, run_after=2026-02-02 00:00:00+00:00
[2026-02-02T14:27:08.206+0000] {processor.py:183} INFO - Processing /home/airflow/.local/lib/python3.8/site-packages/airflow/example_dags/example_nested_branch_dag.py took 0.090 seconds
[2026-02-02T14:27:38.341+0000] {processor.py:161} INFO - Started process (PID=866) to work on /home/airflow/.local/lib/python3.8/site-packages/airflow/example_dags/example_nested_branch_dag.py
[2026-02-02T14:27:38.343+0000] {processor.py:830} INFO - Processing file /home/airflow/.local/lib/python3.8/site-packages/airflow/example_dags/example_nested_branch_dag.py for tasks to queue
[2026-02-02T14:27:38.349+0000] {logging_mixin.py:188} INFO - [2026-02-02T14:27:38.346+0000] {dagbag.py:538} INFO - Filling up the DagBag from /home/airflow/.local/lib/python3.8/site-packages/airflow/example_dags/example_nested_branch_dag.py
[2026-02-02T14:27:38.362+0000] {processor.py:840} INFO - DAG(s) 'example_nested_branch_dag' retrieved from /home/airflow/.local/lib/python3.8/site-packages/airflow/example_dags/example_nested_branch_dag.py
[2026-02-02T14:27:38.387+0000] {logging_mixin.py:188} INFO - [2026-02-02T14:27:38.387+0000] {dag.py:3036} INFO - Sync 1 DAGs
[2026-02-02T14:27:38.414+0000] {logging_mixin.py:188} INFO - [2026-02-02T14:27:38.414+0000] {dag.py:3823} INFO - Setting next_dagrun for example_nested_branch_dag to 2026-02-01 00:00:00+00:00, run_after=2026-02-02 00:00:00+00:00
[2026-02-02T14:27:38.449+0000] {processor.py:183} INFO - Processing /home/airflow/.local/lib/python3.8/site-packages/airflow/example_dags/example_nested_branch_dag.py took 0.116 seconds
[2026-02-02T14:28:08.816+0000] {processor.py:161} INFO - Started process (PID=921) to work on /home/airflow/.local/lib/python3.8/site-packages/airflow/example_dags/example_nested_branch_dag.py
[2026-02-02T14:28:08.817+0000] {processor.py:830} INFO - Processing file /home/airflow/.local/lib/python3.8/site-packages/airflow/example_dags/example_nested_branch_dag.py for tasks to queue
[2026-02-02T14:28:08.819+0000] {logging_mixin.py:188} INFO - [2026-02-02T14:28:08.819+0000] {dagbag.py:538} INFO - Filling up the DagBag from /home/airflow/.local/lib/python3.8/site-packages/airflow/example_dags/example_nested_branch_dag.py
[2026-02-02T14:28:08.830+0000] {processor.py:840} INFO - DAG(s) 'example_nested_branch_dag' retrieved from /home/airflow/.local/lib/python3.8/site-packages/airflow/example_dags/example_nested_branch_dag.py
[2026-02-02T14:28:08.855+0000] {logging_mixin.py:188} INFO - [2026-02-02T14:28:08.855+0000] {dag.py:3036} INFO - Sync 1 DAGs
[2026-02-02T14:28:08.882+0000] {logging_mixin.py:188} INFO - [2026-02-02T14:28:08.882+0000] {dag.py:3823} INFO - Setting next_dagrun for example_nested_branch_dag to 2026-02-01 00:00:00+00:00, run_after=2026-02-02 00:00:00+00:00
[2026-02-02T14:28:08.901+0000] {processor.py:183} INFO - Processing /home/airflow/.local/lib/python3.8/site-packages/airflow/example_dags/example_nested_branch_dag.py took 0.088 seconds
[2026-02-02T14:28:38.967+0000] {processor.py:161} INFO - Started process (PID=976) to work on /home/airflow/.local/lib/python3.8/site-packages/airflow/example_dags/example_nested_branch_dag.py
[2026-02-02T14:28:38.968+0000] {processor.py:830} INFO - Processing file /home/airflow/.local/lib/python3.8/site-packages/airflow/example_dags/example_nested_branch_dag.py for tasks to queue
[2026-02-02T14:28:38.970+0000] {logging_mixin.py:188} INFO - [2026-02-02T14:28:38.969+0000] {dagbag.py:538} INFO - Filling up the DagBag from /home/airflow/.local/lib/python3.8/site-packages/airflow/example_dags/example_nested_branch_dag.py
[2026-02-02T14:28:38.982+0000] {processor.py:840} INFO - DAG(s) 'example_nested_branch_dag' retrieved from /home/airflow/.local/lib/python3.8/site-packages/airflow/example_dags/example_nested_branch_dag.py
[2026-02-02T14:28:39.019+0000] {logging_mixin.py:188} INFO - [2026-02-02T14:28:39.018+0000] {dag.py:3036} INFO - Sync 1 DAGs
[2026-02-02T14:28:39.047+0000] {logging_mixin.py:188} INFO - [2026-02-02T14:28:39.047+0000] {dag.py:3823} INFO - Setting next_dagrun for example_nested_branch_dag to 2026-02-01 00:00:00+00:00, run_after=2026-02-02 00:00:00+00:00
[2026-02-02T14:28:39.066+0000] {processor.py:183} INFO - Processing /home/airflow/.local/lib/python3.8/site-packages/airflow/example_dags/example_nested_branch_dag.py took 0.103 seconds
[2026-02-02T14:29:09.534+0000] {processor.py:161} INFO - Started process (PID=1031) to work on /home/airflow/.local/lib/python3.8/site-packages/airflow/example_dags/example_nested_branch_dag.py
[2026-02-02T14:29:09.536+0000] {processor.py:830} INFO - Processing file /home/airflow/.local/lib/python3.8/site-packages/airflow/example_dags/example_nested_branch_dag.py for tasks to queue
[2026-02-02T14:29:09.538+0000] {logging_mixin.py:188} INFO - [2026-02-02T14:29:09.538+0000] {dagbag.py:538} INFO - Filling up the DagBag from /home/airflow/.local/lib/python3.8/site-packages/airflow/example_dags/example_nested_branch_dag.py
[2026-02-02T14:29:09.550+0000] {processor.py:840} INFO - DAG(s) 'example_nested_branch_dag' retrieved from /home/airflow/.local/lib/python3.8/site-packages/airflow/example_dags/example_nested_branch_dag.py
[2026-02-02T14:29:09.576+0000] {logging_mixin.py:188} INFO - [2026-02-02T14:29:09.575+0000] {dag.py:3036} INFO - Sync 1 DAGs
[2026-02-02T14:29:09.609+0000] {logging_mixin.py:188} INFO - [2026-02-02T14:29:09.609+0000] {dag.py:3823} INFO - Setting next_dagrun for example_nested_branch_dag to 2026-02-01 00:00:00+00:00, run_after=2026-02-02 00:00:00+00:00
[2026-02-02T14:29:09.627+0000] {processor.py:183} INFO - Processing /home/airflow/.local/lib/python3.8/site-packages/airflow/example_dags/example_nested_branch_dag.py took 0.097 seconds
[2026-02-02T14:29:40.522+0000] {processor.py:161} INFO - Started process (PID=1086) to work on /home/airflow/.local/lib/python3.8/site-packages/airflow/example_dags/example_nested_branch_dag.py
[2026-02-02T14:29:40.523+0000] {processor.py:830} INFO - Processing file /home/airflow/.local/lib/python3.8/site-packages/airflow/example_dags/example_nested_branch_dag.py for tasks to queue
[2026-02-02T14:29:40.525+0000] {logging_mixin.py:188} INFO - [2026-02-02T14:29:40.525+0000] {dagbag.py:538} INFO - Filling up the DagBag from /home/airflow/.local/lib/python3.8/site-packages/airflow/example_dags/example_nested_branch_dag.py
[2026-02-02T14:29:40.537+0000] {processor.py:840} INFO - DAG(s) 'example_nested_branch_dag' retrieved from /home/airflow/.local/lib/python3.8/site-packages/airflow/example_dags/example_nested_branch_dag.py
[2026-02-02T14:29:40.562+0000] {logging_mixin.py:188} INFO - [2026-02-02T14:29:40.562+0000] {dag.py:3036} INFO - Sync 1 DAGs
[2026-02-02T14:29:40.588+0000] {logging_mixin.py:188} INFO - [2026-02-02T14:29:40.588+0000] {dag.py:3823} INFO - Setting next_dagrun for example_nested_branch_dag to 2026-02-01 00:00:00+00:00, run_after=2026-02-02 00:00:00+00:00
[2026-02-02T14:29:40.606+0000] {processor.py:183} INFO - Processing /home/airflow/.local/lib/python3.8/site-packages/airflow/example_dags/example_nested_branch_dag.py took 0.087 seconds
[2026-02-02T14:30:11.069+0000] {processor.py:161} INFO - Started process (PID=1141) to work on /home/airflow/.local/lib/python3.8/site-packages/airflow/example_dags/example_nested_branch_dag.py
[2026-02-02T14:30:11.070+0000] {processor.py:830} INFO - Processing file /home/airflow/.local/lib/python3.8/site-packages/airflow/example_dags/example_nested_branch_dag.py for tasks to queue
[2026-02-02T14:30:11.077+0000] {logging_mixin.py:188} INFO - [2026-02-02T14:30:11.077+0000] {dagbag.py:538} INFO - Filling up the DagBag from /home/airflow/.local/lib/python3.8/site-packages/airflow/example_dags/example_nested_branch_dag.py
[2026-02-02T14:30:11.100+0000] {processor.py:840} INFO - DAG(s) 'example_nested_branch_dag' retrieved from /home/airflow/.local/lib/python3.8/site-packages/airflow/example_dags/example_nested_branch_dag.py
[2026-02-02T14:30:11.126+0000] {logging_mixin.py:188} INFO - [2026-02-02T14:30:11.125+0000] {dag.py:3036} INFO - Sync 1 DAGs
[2026-02-02T14:30:11.151+0000] {logging_mixin.py:188} INFO - [2026-02-02T14:30:11.150+0000] {dag.py:3823} INFO - Setting next_dagrun for example_nested_branch_dag to 2026-02-01 00:00:00+00:00, run_after=2026-02-02 00:00:00+00:00
[2026-02-02T14:30:11.169+0000] {processor.py:183} INFO - Processing /home/airflow/.local/lib/python3.8/site-packages/airflow/example_dags/example_nested_branch_dag.py took 0.104 seconds
[2026-02-02T14:30:41.828+0000] {processor.py:161} INFO - Started process (PID=1196) to work on /home/airflow/.local/lib/python3.8/site-packages/airflow/example_dags/example_nested_branch_dag.py
[2026-02-02T14:30:41.829+0000] {processor.py:830} INFO - Processing file /home/airflow/.local/lib/python3.8/site-packages/airflow/example_dags/example_nested_branch_dag.py for tasks to queue
[2026-02-02T14:30:41.831+0000] {logging_mixin.py:188} INFO - [2026-02-02T14:30:41.831+0000] {dagbag.py:538} INFO - Filling up the DagBag from /home/airflow/.local/lib/python3.8/site-packages/airflow/example_dags/example_nested_branch_dag.py
[2026-02-02T14:30:41.843+0000] {processor.py:840} INFO - DAG(s) 'example_nested_branch_dag' retrieved from /home/airflow/.local/lib/python3.8/site-packages/airflow/example_dags/example_nested_branch_dag.py
[2026-02-02T14:30:41.867+0000] {logging_mixin.py:188} INFO - [2026-02-02T14:30:41.867+0000] {dag.py:3036} INFO - Sync 1 DAGs
[2026-02-02T14:30:41.894+0000] {logging_mixin.py:188} INFO - [2026-02-02T14:30:41.894+0000] {dag.py:3823} INFO - Setting next_dagrun for example_nested_branch_dag to 2026-02-01 00:00:00+00:00, run_after=2026-02-02 00:00:00+00:00
[2026-02-02T14:30:41.913+0000] {processor.py:183} INFO - Processing /home/airflow/.local/lib/python3.8/site-packages/airflow/example_dags/example_nested_branch_dag.py took 0.089 seconds
[2026-02-02T14:31:12.293+0000] {processor.py:161} INFO - Started process (PID=1251) to work on /home/airflow/.local/lib/python3.8/site-packages/airflow/example_dags/example_nested_branch_dag.py
[2026-02-02T14:31:12.294+0000] {processor.py:830} INFO - Processing file /home/airflow/.local/lib/python3.8/site-packages/airflow/example_dags/example_nested_branch_dag.py for tasks to queue
[2026-02-02T14:31:12.296+0000] {logging_mixin.py:188} INFO - [2026-02-02T14:31:12.296+0000] {dagbag.py:538} INFO - Filling up the DagBag from /home/airflow/.local/lib/python3.8/site-packages/airflow/example_dags/example_nested_branch_dag.py
[2026-02-02T14:31:12.308+0000] {processor.py:840} INFO - DAG(s) 'example_nested_branch_dag' retrieved from /home/airflow/.local/lib/python3.8/site-packages/airflow/example_dags/example_nested_branch_dag.py
[2026-02-02T14:31:12.332+0000] {logging_mixin.py:188} INFO - [2026-02-02T14:31:12.331+0000] {dag.py:3036} INFO - Sync 1 DAGs
[2026-02-02T14:31:12.358+0000] {logging_mixin.py:188} INFO - [2026-02-02T14:31:12.357+0000] {dag.py:3823} INFO - Setting next_dagrun for example_nested_branch_dag to 2026-02-01 00:00:00+00:00, run_after=2026-02-02 00:00:00+00:00
[2026-02-02T14:31:12.375+0000] {processor.py:183} INFO - Processing /home/airflow/.local/lib/python3.8/site-packages/airflow/example_dags/example_nested_branch_dag.py took 0.085 seconds
[2026-02-02T14:31:42.981+0000] {processor.py:161} INFO - Started process (PID=1306) to work on /home/airflow/.local/lib/python3.8/site-packages/airflow/example_dags/example_nested_branch_dag.py
[2026-02-02T14:31:42.983+0000] {processor.py:830} INFO - Processing file /home/airflow/.local/lib/python3.8/site-packages/airflow/example_dags/example_nested_branch_dag.py for tasks to queue
[2026-02-02T14:31:42.985+0000] {logging_mixin.py:188} INFO - [2026-02-02T14:31:42.984+0000] {dagbag.py:538} INFO - Filling up the DagBag from /home/airflow/.local/lib/python3.8/site-packages/airflow/example_dags/example_nested_branch_dag.py
[2026-02-02T14:31:42.996+0000] {processor.py:840} INFO - DAG(s) 'example_nested_branch_dag' retrieved from /home/airflow/.local/lib/python3.8/site-packages/airflow/example_dags/example_nested_branch_dag.py
[2026-02-02T14:31:43.022+0000] {logging_mixin.py:188} INFO - [2026-02-02T14:31:43.022+0000] {dag.py:3036} INFO - Sync 1 DAGs
[2026-02-02T14:31:43.067+0000] {logging_mixin.py:188} INFO - [2026-02-02T14:31:43.067+0000] {dag.py:3823} INFO - Setting next_dagrun for example_nested_branch_dag to 2026-02-01 00:00:00+00:00, run_after=2026-02-02 00:00:00+00:00
[2026-02-02T14:31:43.105+0000] {processor.py:183} INFO - Processing /home/airflow/.local/lib/python3.8/site-packages/airflow/example_dags/example_nested_branch_dag.py took 0.127 seconds
[2026-02-02T14:32:13.569+0000] {processor.py:161} INFO - Started process (PID=1361) to work on /home/airflow/.local/lib/python3.8/site-packages/airflow/example_dags/example_nested_branch_dag.py
[2026-02-02T14:32:13.570+0000] {processor.py:830} INFO - Processing file /home/airflow/.local/lib/python3.8/site-packages/airflow/example_dags/example_nested_branch_dag.py for tasks to queue
[2026-02-02T14:32:13.572+0000] {logging_mixin.py:188} INFO - [2026-02-02T14:32:13.572+0000] {dagbag.py:538} INFO - Filling up the DagBag from /home/airflow/.local/lib/python3.8/site-packages/airflow/example_dags/example_nested_branch_dag.py
[2026-02-02T14:32:13.584+0000] {processor.py:840} INFO - DAG(s) 'example_nested_branch_dag' retrieved from /home/airflow/.local/lib/python3.8/site-packages/airflow/example_dags/example_nested_branch_dag.py
[2026-02-02T14:32:13.617+0000] {logging_mixin.py:188} INFO - [2026-02-02T14:32:13.617+0000] {dag.py:3036} INFO - Sync 1 DAGs
[2026-02-02T14:32:13.643+0000] {logging_mixin.py:188} INFO - [2026-02-02T14:32:13.643+0000] {dag.py:3823} INFO - Setting next_dagrun for example_nested_branch_dag to 2026-02-01 00:00:00+00:00, run_after=2026-02-02 00:00:00+00:00
[2026-02-02T14:32:13.663+0000] {processor.py:183} INFO - Processing /home/airflow/.local/lib/python3.8/site-packages/airflow/example_dags/example_nested_branch_dag.py took 0.097 seconds
[2026-02-02T14:32:44.176+0000] {processor.py:161} INFO - Started process (PID=1416) to work on /home/airflow/.local/lib/python3.8/site-packages/airflow/example_dags/example_nested_branch_dag.py
[2026-02-02T14:32:44.177+0000] {processor.py:830} INFO - Processing file /home/airflow/.local/lib/python3.8/site-packages/airflow/example_dags/example_nested_branch_dag.py for tasks to queue
[2026-02-02T14:32:44.179+0000] {logging_mixin.py:188} INFO - [2026-02-02T14:32:44.179+0000] {dagbag.py:538} INFO - Filling up the DagBag from /home/airflow/.local/lib/python3.8/site-packages/airflow/example_dags/example_nested_branch_dag.py
[2026-02-02T14:32:44.191+0000] {processor.py:840} INFO - DAG(s) 'example_nested_branch_dag' retrieved from /home/airflow/.local/lib/python3.8/site-packages/airflow/example_dags/example_nested_branch_dag.py
[2026-02-02T14:32:44.218+0000] {logging_mixin.py:188} INFO - [2026-02-02T14:32:44.217+0000] {dag.py:3036} INFO - Sync 1 DAGs
[2026-02-02T14:32:44.246+0000] {logging_mixin.py:188} INFO - [2026-02-02T14:32:44.245+0000] {dag.py:3823} INFO - Setting next_dagrun for example_nested_branch_dag to 2026-02-01 00:00:00+00:00, run_after=2026-02-02 00:00:00+00:00
[2026-02-02T14:32:44.264+0000] {processor.py:183} INFO - Processing /home/airflow/.local/lib/python3.8/site-packages/airflow/example_dags/example_nested_branch_dag.py took 0.091 seconds
[2026-02-02T14:33:15.187+0000] {processor.py:161} INFO - Started process (PID=1471) to work on /home/airflow/.local/lib/python3.8/site-packages/airflow/example_dags/example_nested_branch_dag.py
[2026-02-02T14:33:15.193+0000] {processor.py:830} INFO - Processing file /home/airflow/.local/lib/python3.8/site-packages/airflow/example_dags/example_nested_branch_dag.py for tasks to queue
[2026-02-02T14:33:15.197+0000] {logging_mixin.py:188} INFO - [2026-02-02T14:33:15.197+0000] {dagbag.py:538} INFO - Filling up the DagBag from /home/airflow/.local/lib/python3.8/site-packages/airflow/example_dags/example_nested_branch_dag.py
[2026-02-02T14:33:15.217+0000] {processor.py:840} INFO - DAG(s) 'example_nested_branch_dag' retrieved from /home/airflow/.local/lib/python3.8/site-packages/airflow/example_dags/example_nested_branch_dag.py
[2026-02-02T14:33:15.241+0000] {logging_mixin.py:188} INFO - [2026-02-02T14:33:15.241+0000] {dag.py:3036} INFO - Sync 1 DAGs
[2026-02-02T14:33:15.284+0000] {logging_mixin.py:188} INFO - [2026-02-02T14:33:15.284+0000] {dag.py:3823} INFO - Setting next_dagrun for example_nested_branch_dag to 2026-02-01 00:00:00+00:00, run_after=2026-02-02 00:00:00+00:00
[2026-02-02T14:33:15.327+0000] {processor.py:183} INFO - Processing /home/airflow/.local/lib/python3.8/site-packages/airflow/example_dags/example_nested_branch_dag.py took 0.146 seconds
[2026-02-02T14:33:45.374+0000] {processor.py:161} INFO - Started process (PID=1526) to work on /home/airflow/.local/lib/python3.8/site-packages/airflow/example_dags/example_nested_branch_dag.py
[2026-02-02T14:33:45.374+0000] {processor.py:830} INFO - Processing file /home/airflow/.local/lib/python3.8/site-packages/airflow/example_dags/example_nested_branch_dag.py for tasks to queue
[2026-02-02T14:33:45.376+0000] {logging_mixin.py:188} INFO - [2026-02-02T14:33:45.375+0000] {dagbag.py:538} INFO - Filling up the DagBag from /home/airflow/.local/lib/python3.8/site-packages/airflow/example_dags/example_nested_branch_dag.py
[2026-02-02T14:33:45.383+0000] {processor.py:840} INFO - DAG(s) 'example_nested_branch_dag' retrieved from /home/airflow/.local/lib/python3.8/site-packages/airflow/example_dags/example_nested_branch_dag.py
[2026-02-02T14:33:45.401+0000] {logging_mixin.py:188} INFO - [2026-02-02T14:33:45.400+0000] {dag.py:3036} INFO - Sync 1 DAGs
[2026-02-02T14:33:45.420+0000] {logging_mixin.py:188} INFO - [2026-02-02T14:33:45.420+0000] {dag.py:3823} INFO - Setting next_dagrun for example_nested_branch_dag to 2026-02-01 00:00:00+00:00, run_after=2026-02-02 00:00:00+00:00
[2026-02-02T14:33:45.434+0000] {processor.py:183} INFO - Processing /home/airflow/.local/lib/python3.8/site-packages/airflow/example_dags/example_nested_branch_dag.py took 0.063 seconds
[2026-02-02T14:34:15.772+0000] {processor.py:161} INFO - Started process (PID=1581) to work on /home/airflow/.local/lib/python3.8/site-packages/airflow/example_dags/example_nested_branch_dag.py
[2026-02-02T14:34:15.773+0000] {processor.py:830} INFO - Processing file /home/airflow/.local/lib/python3.8/site-packages/airflow/example_dags/example_nested_branch_dag.py for tasks to queue
[2026-02-02T14:34:15.775+0000] {logging_mixin.py:188} INFO - [2026-02-02T14:34:15.775+0000] {dagbag.py:538} INFO - Filling up the DagBag from /home/airflow/.local/lib/python3.8/site-packages/airflow/example_dags/example_nested_branch_dag.py
[2026-02-02T14:34:15.787+0000] {processor.py:840} INFO - DAG(s) 'example_nested_branch_dag' retrieved from /home/airflow/.local/lib/python3.8/site-packages/airflow/example_dags/example_nested_branch_dag.py
[2026-02-02T14:34:15.813+0000] {logging_mixin.py:188} INFO - [2026-02-02T14:34:15.813+0000] {dag.py:3036} INFO - Sync 1 DAGs
[2026-02-02T14:34:15.862+0000] {logging_mixin.py:188} INFO - [2026-02-02T14:34:15.861+0000] {dag.py:3823} INFO - Setting next_dagrun for example_nested_branch_dag to 2026-02-01 00:00:00+00:00, run_after=2026-02-02 00:00:00+00:00
[2026-02-02T14:34:15.903+0000] {processor.py:183} INFO - Processing /home/airflow/.local/lib/python3.8/site-packages/airflow/example_dags/example_nested_branch_dag.py took 0.134 seconds
[2026-02-02T14:34:46.081+0000] {processor.py:161} INFO - Started process (PID=1636) to work on /home/airflow/.local/lib/python3.8/site-packages/airflow/example_dags/example_nested_branch_dag.py
[2026-02-02T14:34:46.082+0000] {processor.py:830} INFO - Processing file /home/airflow/.local/lib/python3.8/site-packages/airflow/example_dags/example_nested_branch_dag.py for tasks to queue
[2026-02-02T14:34:46.084+0000] {logging_mixin.py:188} INFO - [2026-02-02T14:34:46.084+0000] {dagbag.py:538} INFO - Filling up the DagBag from /home/airflow/.local/lib/python3.8/site-packages/airflow/example_dags/example_nested_branch_dag.py
[2026-02-02T14:34:46.096+0000] {processor.py:840} INFO - DAG(s) 'example_nested_branch_dag' retrieved from /home/airflow/.local/lib/python3.8/site-packages/airflow/example_dags/example_nested_branch_dag.py
[2026-02-02T14:34:46.122+0000] {logging_mixin.py:188} INFO - [2026-02-02T14:34:46.122+0000] {dag.py:3036} INFO - Sync 1 DAGs
[2026-02-02T14:34:46.152+0000] {logging_mixin.py:188} INFO - [2026-02-02T14:34:46.151+0000] {dag.py:3823} INFO - Setting next_dagrun for example_nested_branch_dag to 2026-02-01 00:00:00+00:00, run_after=2026-02-02 00:00:00+00:00
[2026-02-02T14:34:46.169+0000] {processor.py:183} INFO - Processing /home/airflow/.local/lib/python3.8/site-packages/airflow/example_dags/example_nested_branch_dag.py took 0.093 seconds
[2026-02-02T14:35:16.292+0000] {processor.py:161} INFO - Started process (PID=1691) to work on /home/airflow/.local/lib/python3.8/site-packages/airflow/example_dags/example_nested_branch_dag.py
[2026-02-02T14:35:16.294+0000] {processor.py:830} INFO - Processing file /home/airflow/.local/lib/python3.8/site-packages/airflow/example_dags/example_nested_branch_dag.py for tasks to queue
[2026-02-02T14:35:16.297+0000] {logging_mixin.py:188} INFO - [2026-02-02T14:35:16.296+0000] {dagbag.py:538} INFO - Filling up the DagBag from /home/airflow/.local/lib/python3.8/site-packages/airflow/example_dags/example_nested_branch_dag.py
[2026-02-02T14:35:16.311+0000] {processor.py:840} INFO - DAG(s) 'example_nested_branch_dag' retrieved from /home/airflow/.local/lib/python3.8/site-packages/airflow/example_dags/example_nested_branch_dag.py
[2026-02-02T14:35:16.352+0000] {logging_mixin.py:188} INFO - [2026-02-02T14:35:16.352+0000] {dag.py:3036} INFO - Sync 1 DAGs
[2026-02-02T14:35:16.400+0000] {logging_mixin.py:188} INFO - [2026-02-02T14:35:16.399+0000] {dag.py:3823} INFO - Setting next_dagrun for example_nested_branch_dag to 2026-02-01 00:00:00+00:00, run_after=2026-02-02 00:00:00+00:00
[2026-02-02T14:35:16.422+0000] {processor.py:183} INFO - Processing /home/airflow/.local/lib/python3.8/site-packages/airflow/example_dags/example_nested_branch_dag.py took 0.133 seconds
[2026-02-02T14:35:46.783+0000] {processor.py:161} INFO - Started process (PID=1746) to work on /home/airflow/.local/lib/python3.8/site-packages/airflow/example_dags/example_nested_branch_dag.py
[2026-02-02T14:35:46.784+0000] {processor.py:830} INFO - Processing file /home/airflow/.local/lib/python3.8/site-packages/airflow/example_dags/example_nested_branch_dag.py for tasks to queue
[2026-02-02T14:35:46.786+0000] {logging_mixin.py:188} INFO - [2026-02-02T14:35:46.785+0000] {dagbag.py:538} INFO - Filling up the DagBag from /home/airflow/.local/lib/python3.8/site-packages/airflow/example_dags/example_nested_branch_dag.py
[2026-02-02T14:35:46.798+0000] {processor.py:840} INFO - DAG(s) 'example_nested_branch_dag' retrieved from /home/airflow/.local/lib/python3.8/site-packages/airflow/example_dags/example_nested_branch_dag.py
[2026-02-02T14:35:46.828+0000] {logging_mixin.py:188} INFO - [2026-02-02T14:35:46.827+0000] {dag.py:3036} INFO - Sync 1 DAGs
[2026-02-02T14:35:46.856+0000] {logging_mixin.py:188} INFO - [2026-02-02T14:35:46.855+0000] {dag.py:3823} INFO - Setting next_dagrun for example_nested_branch_dag to 2026-02-01 00:00:00+00:00, run_after=2026-02-02 00:00:00+00:00
[2026-02-02T14:35:46.873+0000] {processor.py:183} INFO - Processing /home/airflow/.local/lib/python3.8/site-packages/airflow/example_dags/example_nested_branch_dag.py took 0.094 seconds
[2026-02-02T14:36:17.200+0000] {processor.py:161} INFO - Started process (PID=1801) to work on /home/airflow/.local/lib/python3.8/site-packages/airflow/example_dags/example_nested_branch_dag.py
[2026-02-02T14:36:17.201+0000] {processor.py:830} INFO - Processing file /home/airflow/.local/lib/python3.8/site-packages/airflow/example_dags/example_nested_branch_dag.py for tasks to queue
[2026-02-02T14:36:17.202+0000] {logging_mixin.py:188} INFO - [2026-02-02T14:36:17.202+0000] {dagbag.py:538} INFO - Filling up the DagBag from /home/airflow/.local/lib/python3.8/site-packages/airflow/example_dags/example_nested_branch_dag.py
[2026-02-02T14:36:17.210+0000] {processor.py:840} INFO - DAG(s) 'example_nested_branch_dag' retrieved from /home/airflow/.local/lib/python3.8/site-packages/airflow/example_dags/example_nested_branch_dag.py
[2026-02-02T14:36:17.227+0000] {logging_mixin.py:188} INFO - [2026-02-02T14:36:17.227+0000] {dag.py:3036} INFO - Sync 1 DAGs
[2026-02-02T14:36:17.245+0000] {logging_mixin.py:188} INFO - [2026-02-02T14:36:17.245+0000] {dag.py:3823} INFO - Setting next_dagrun for example_nested_branch_dag to 2026-02-01 00:00:00+00:00, run_after=2026-02-02 00:00:00+00:00
[2026-02-02T14:36:17.258+0000] {processor.py:183} INFO - Processing /home/airflow/.local/lib/python3.8/site-packages/airflow/example_dags/example_nested_branch_dag.py took 0.061 seconds
[2026-02-02T14:36:48.025+0000] {processor.py:161} INFO - Started process (PID=1856) to work on /home/airflow/.local/lib/python3.8/site-packages/airflow/example_dags/example_nested_branch_dag.py
[2026-02-02T14:36:48.027+0000] {processor.py:830} INFO - Processing file /home/airflow/.local/lib/python3.8/site-packages/airflow/example_dags/example_nested_branch_dag.py for tasks to queue
[2026-02-02T14:36:48.029+0000] {logging_mixin.py:188} INFO - [2026-02-02T14:36:48.028+0000] {dagbag.py:538} INFO - Filling up the DagBag from /home/airflow/.local/lib/python3.8/site-packages/airflow/example_dags/example_nested_branch_dag.py
[2026-02-02T14:36:48.045+0000] {processor.py:840} INFO - DAG(s) 'example_nested_branch_dag' retrieved from /home/airflow/.local/lib/python3.8/site-packages/airflow/example_dags/example_nested_branch_dag.py
[2026-02-02T14:36:48.087+0000] {logging_mixin.py:188} INFO - [2026-02-02T14:36:48.087+0000] {dag.py:3036} INFO - Sync 1 DAGs
[2026-02-02T14:36:48.114+0000] {logging_mixin.py:188} INFO - [2026-02-02T14:36:48.114+0000] {dag.py:3823} INFO - Setting next_dagrun for example_nested_branch_dag to 2026-02-01 00:00:00+00:00, run_after=2026-02-02 00:00:00+00:00
[2026-02-02T14:36:48.132+0000] {processor.py:183} INFO - Processing /home/airflow/.local/lib/python3.8/site-packages/airflow/example_dags/example_nested_branch_dag.py took 0.111 seconds
[2026-02-02T14:37:18.473+0000] {processor.py:161} INFO - Started process (PID=1911) to work on /home/airflow/.local/lib/python3.8/site-packages/airflow/example_dags/example_nested_branch_dag.py
[2026-02-02T14:37:18.474+0000] {processor.py:830} INFO - Processing file /home/airflow/.local/lib/python3.8/site-packages/airflow/example_dags/example_nested_branch_dag.py for tasks to queue
[2026-02-02T14:37:18.476+0000] {logging_mixin.py:188} INFO - [2026-02-02T14:37:18.476+0000] {dagbag.py:538} INFO - Filling up the DagBag from /home/airflow/.local/lib/python3.8/site-packages/airflow/example_dags/example_nested_branch_dag.py
[2026-02-02T14:37:18.488+0000] {processor.py:840} INFO - DAG(s) 'example_nested_branch_dag' retrieved from /home/airflow/.local/lib/python3.8/site-packages/airflow/example_dags/example_nested_branch_dag.py
[2026-02-02T14:37:18.515+0000] {logging_mixin.py:188} INFO - [2026-02-02T14:37:18.515+0000] {dag.py:3036} INFO - Sync 1 DAGs
[2026-02-02T14:37:18.547+0000] {logging_mixin.py:188} INFO - [2026-02-02T14:37:18.547+0000] {dag.py:3823} INFO - Setting next_dagrun for example_nested_branch_dag to 2026-02-01 00:00:00+00:00, run_after=2026-02-02 00:00:00+00:00
[2026-02-02T14:37:18.566+0000] {processor.py:183} INFO - Processing /home/airflow/.local/lib/python3.8/site-packages/airflow/example_dags/example_nested_branch_dag.py took 0.096 seconds
[2026-02-02T14:37:48.724+0000] {processor.py:161} INFO - Started process (PID=1966) to work on /home/airflow/.local/lib/python3.8/site-packages/airflow/example_dags/example_nested_branch_dag.py
[2026-02-02T14:37:48.725+0000] {processor.py:830} INFO - Processing file /home/airflow/.local/lib/python3.8/site-packages/airflow/example_dags/example_nested_branch_dag.py for tasks to queue
[2026-02-02T14:37:48.726+0000] {logging_mixin.py:188} INFO - [2026-02-02T14:37:48.726+0000] {dagbag.py:538} INFO - Filling up the DagBag from /home/airflow/.local/lib/python3.8/site-packages/airflow/example_dags/example_nested_branch_dag.py
[2026-02-02T14:37:48.737+0000] {processor.py:840} INFO - DAG(s) 'example_nested_branch_dag' retrieved from /home/airflow/.local/lib/python3.8/site-packages/airflow/example_dags/example_nested_branch_dag.py
[2026-02-02T14:37:48.761+0000] {logging_mixin.py:188} INFO - [2026-02-02T14:37:48.761+0000] {dag.py:3036} INFO - Sync 1 DAGs
[2026-02-02T14:37:48.787+0000] {logging_mixin.py:188} INFO - [2026-02-02T14:37:48.787+0000] {dag.py:3823} INFO - Setting next_dagrun for example_nested_branch_dag to 2026-02-01 00:00:00+00:00, run_after=2026-02-02 00:00:00+00:00
[2026-02-02T14:37:48.804+0000] {processor.py:183} INFO - Processing /home/airflow/.local/lib/python3.8/site-packages/airflow/example_dags/example_nested_branch_dag.py took 0.084 seconds
[2026-02-02T14:38:19.120+0000] {processor.py:161} INFO - Started process (PID=2018) to work on /home/airflow/.local/lib/python3.8/site-packages/airflow/example_dags/example_nested_branch_dag.py
[2026-02-02T14:38:19.121+0000] {processor.py:830} INFO - Processing file /home/airflow/.local/lib/python3.8/site-packages/airflow/example_dags/example_nested_branch_dag.py for tasks to queue
[2026-02-02T14:38:19.123+0000] {logging_mixin.py:188} INFO - [2026-02-02T14:38:19.122+0000] {dagbag.py:538} INFO - Filling up the DagBag from /home/airflow/.local/lib/python3.8/site-packages/airflow/example_dags/example_nested_branch_dag.py
[2026-02-02T14:38:19.134+0000] {processor.py:840} INFO - DAG(s) 'example_nested_branch_dag' retrieved from /home/airflow/.local/lib/python3.8/site-packages/airflow/example_dags/example_nested_branch_dag.py
[2026-02-02T14:38:19.166+0000] {logging_mixin.py:188} INFO - [2026-02-02T14:38:19.166+0000] {dag.py:3036} INFO - Sync 1 DAGs
[2026-02-02T14:38:19.194+0000] {logging_mixin.py:188} INFO - [2026-02-02T14:38:19.194+0000] {dag.py:3823} INFO - Setting next_dagrun for example_nested_branch_dag to 2026-02-01 00:00:00+00:00, run_after=2026-02-02 00:00:00+00:00
[2026-02-02T14:38:19.211+0000] {processor.py:183} INFO - Processing /home/airflow/.local/lib/python3.8/site-packages/airflow/example_dags/example_nested_branch_dag.py took 0.094 seconds
[2026-02-02T14:38:49.406+0000] {processor.py:161} INFO - Started process (PID=2074) to work on /home/airflow/.local/lib/python3.8/site-packages/airflow/example_dags/example_nested_branch_dag.py
[2026-02-02T14:38:49.407+0000] {processor.py:830} INFO - Processing file /home/airflow/.local/lib/python3.8/site-packages/airflow/example_dags/example_nested_branch_dag.py for tasks to queue
[2026-02-02T14:38:49.409+0000] {logging_mixin.py:188} INFO - [2026-02-02T14:38:49.409+0000] {dagbag.py:538} INFO - Filling up the DagBag from /home/airflow/.local/lib/python3.8/site-packages/airflow/example_dags/example_nested_branch_dag.py
[2026-02-02T14:38:49.428+0000] {processor.py:840} INFO - DAG(s) 'example_nested_branch_dag' retrieved from /home/airflow/.local/lib/python3.8/site-packages/airflow/example_dags/example_nested_branch_dag.py
[2026-02-02T14:38:49.447+0000] {logging_mixin.py:188} INFO - [2026-02-02T14:38:49.447+0000] {dag.py:3036} INFO - Sync 1 DAGs
[2026-02-02T14:38:49.465+0000] {logging_mixin.py:188} INFO - [2026-02-02T14:38:49.465+0000] {dag.py:3823} INFO - Setting next_dagrun for example_nested_branch_dag to 2026-02-01 00:00:00+00:00, run_after=2026-02-02 00:00:00+00:00
[2026-02-02T14:38:49.479+0000] {processor.py:183} INFO - Processing /home/airflow/.local/lib/python3.8/site-packages/airflow/example_dags/example_nested_branch_dag.py took 0.080 seconds
[2026-02-02T14:39:19.890+0000] {processor.py:161} INFO - Started process (PID=2128) to work on /home/airflow/.local/lib/python3.8/site-packages/airflow/example_dags/example_nested_branch_dag.py
[2026-02-02T14:39:19.891+0000] {processor.py:830} INFO - Processing file /home/airflow/.local/lib/python3.8/site-packages/airflow/example_dags/example_nested_branch_dag.py for tasks to queue
[2026-02-02T14:39:19.892+0000] {logging_mixin.py:188} INFO - [2026-02-02T14:39:19.892+0000] {dagbag.py:538} INFO - Filling up the DagBag from /home/airflow/.local/lib/python3.8/site-packages/airflow/example_dags/example_nested_branch_dag.py
[2026-02-02T14:39:19.904+0000] {processor.py:840} INFO - DAG(s) 'example_nested_branch_dag' retrieved from /home/airflow/.local/lib/python3.8/site-packages/airflow/example_dags/example_nested_branch_dag.py
[2026-02-02T14:39:19.929+0000] {logging_mixin.py:188} INFO - [2026-02-02T14:39:19.929+0000] {dag.py:3036} INFO - Sync 1 DAGs
[2026-02-02T14:39:19.956+0000] {logging_mixin.py:188} INFO - [2026-02-02T14:39:19.955+0000] {dag.py:3823} INFO - Setting next_dagrun for example_nested_branch_dag to 2026-02-01 00:00:00+00:00, run_after=2026-02-02 00:00:00+00:00
[2026-02-02T14:39:19.973+0000] {processor.py:183} INFO - Processing /home/airflow/.local/lib/python3.8/site-packages/airflow/example_dags/example_nested_branch_dag.py took 0.087 seconds
[2026-02-02T14:39:50.758+0000] {processor.py:161} INFO - Started process (PID=2183) to work on /home/airflow/.local/lib/python3.8/site-packages/airflow/example_dags/example_nested_branch_dag.py
[2026-02-02T14:39:50.759+0000] {processor.py:830} INFO - Processing file /home/airflow/.local/lib/python3.8/site-packages/airflow/example_dags/example_nested_branch_dag.py for tasks to queue
[2026-02-02T14:39:50.761+0000] {logging_mixin.py:188} INFO - [2026-02-02T14:39:50.760+0000] {dagbag.py:538} INFO - Filling up the DagBag from /home/airflow/.local/lib/python3.8/site-packages/airflow/example_dags/example_nested_branch_dag.py
[2026-02-02T14:39:50.774+0000] {processor.py:840} INFO - DAG(s) 'example_nested_branch_dag' retrieved from /home/airflow/.local/lib/python3.8/site-packages/airflow/example_dags/example_nested_branch_dag.py
[2026-02-02T14:39:50.802+0000] {logging_mixin.py:188} INFO - [2026-02-02T14:39:50.802+0000] {dag.py:3036} INFO - Sync 1 DAGs
[2026-02-02T14:39:50.832+0000] {logging_mixin.py:188} INFO - [2026-02-02T14:39:50.831+0000] {dag.py:3823} INFO - Setting next_dagrun for example_nested_branch_dag to 2026-02-01 00:00:00+00:00, run_after=2026-02-02 00:00:00+00:00
[2026-02-02T14:39:50.852+0000] {processor.py:183} INFO - Processing /home/airflow/.local/lib/python3.8/site-packages/airflow/example_dags/example_nested_branch_dag.py took 0.098 seconds
[2026-02-02T14:40:21.365+0000] {processor.py:161} INFO - Started process (PID=2237) to work on /home/airflow/.local/lib/python3.8/site-packages/airflow/example_dags/example_nested_branch_dag.py
[2026-02-02T14:40:21.367+0000] {processor.py:830} INFO - Processing file /home/airflow/.local/lib/python3.8/site-packages/airflow/example_dags/example_nested_branch_dag.py for tasks to queue
[2026-02-02T14:40:21.369+0000] {logging_mixin.py:188} INFO - [2026-02-02T14:40:21.369+0000] {dagbag.py:538} INFO - Filling up the DagBag from /home/airflow/.local/lib/python3.8/site-packages/airflow/example_dags/example_nested_branch_dag.py
[2026-02-02T14:40:21.381+0000] {processor.py:840} INFO - DAG(s) 'example_nested_branch_dag' retrieved from /home/airflow/.local/lib/python3.8/site-packages/airflow/example_dags/example_nested_branch_dag.py
[2026-02-02T14:40:21.406+0000] {logging_mixin.py:188} INFO - [2026-02-02T14:40:21.406+0000] {dag.py:3036} INFO - Sync 1 DAGs
[2026-02-02T14:40:21.433+0000] {logging_mixin.py:188} INFO - [2026-02-02T14:40:21.433+0000] {dag.py:3823} INFO - Setting next_dagrun for example_nested_branch_dag to 2026-02-01 00:00:00+00:00, run_after=2026-02-02 00:00:00+00:00
[2026-02-02T14:40:21.455+0000] {processor.py:183} INFO - Processing /home/airflow/.local/lib/python3.8/site-packages/airflow/example_dags/example_nested_branch_dag.py took 0.093 seconds
[2026-02-02T14:40:52.290+0000] {processor.py:161} INFO - Started process (PID=2292) to work on /home/airflow/.local/lib/python3.8/site-packages/airflow/example_dags/example_nested_branch_dag.py
[2026-02-02T14:40:52.295+0000] {processor.py:830} INFO - Processing file /home/airflow/.local/lib/python3.8/site-packages/airflow/example_dags/example_nested_branch_dag.py for tasks to queue
[2026-02-02T14:40:52.299+0000] {logging_mixin.py:188} INFO - [2026-02-02T14:40:52.299+0000] {dagbag.py:538} INFO - Filling up the DagBag from /home/airflow/.local/lib/python3.8/site-packages/airflow/example_dags/example_nested_branch_dag.py
[2026-02-02T14:40:52.344+0000] {processor.py:840} INFO - DAG(s) 'example_nested_branch_dag' retrieved from /home/airflow/.local/lib/python3.8/site-packages/airflow/example_dags/example_nested_branch_dag.py
[2026-02-02T14:40:52.397+0000] {logging_mixin.py:188} INFO - [2026-02-02T14:40:52.397+0000] {dag.py:3036} INFO - Sync 1 DAGs
[2026-02-02T14:40:52.466+0000] {logging_mixin.py:188} INFO - [2026-02-02T14:40:52.465+0000] {dag.py:3823} INFO - Setting next_dagrun for example_nested_branch_dag to 2026-02-01 00:00:00+00:00, run_after=2026-02-02 00:00:00+00:00
[2026-02-02T14:40:52.516+0000] {processor.py:183} INFO - Processing /home/airflow/.local/lib/python3.8/site-packages/airflow/example_dags/example_nested_branch_dag.py took 0.236 seconds
[2026-02-02T14:41:22.805+0000] {processor.py:161} INFO - Started process (PID=2348) to work on /home/airflow/.local/lib/python3.8/site-packages/airflow/example_dags/example_nested_branch_dag.py
[2026-02-02T14:41:22.808+0000] {processor.py:830} INFO - Processing file /home/airflow/.local/lib/python3.8/site-packages/airflow/example_dags/example_nested_branch_dag.py for tasks to queue
[2026-02-02T14:41:22.817+0000] {logging_mixin.py:188} INFO - [2026-02-02T14:41:22.809+0000] {dagbag.py:538} INFO - Filling up the DagBag from /home/airflow/.local/lib/python3.8/site-packages/airflow/example_dags/example_nested_branch_dag.py
[2026-02-02T14:41:22.835+0000] {processor.py:840} INFO - DAG(s) 'example_nested_branch_dag' retrieved from /home/airflow/.local/lib/python3.8/site-packages/airflow/example_dags/example_nested_branch_dag.py
[2026-02-02T14:41:22.866+0000] {logging_mixin.py:188} INFO - [2026-02-02T14:41:22.865+0000] {dag.py:3036} INFO - Sync 1 DAGs
[2026-02-02T14:41:22.898+0000] {logging_mixin.py:188} INFO - [2026-02-02T14:41:22.898+0000] {dag.py:3823} INFO - Setting next_dagrun for example_nested_branch_dag to 2026-02-01 00:00:00+00:00, run_after=2026-02-02 00:00:00+00:00
[2026-02-02T14:41:22.916+0000] {processor.py:183} INFO - Processing /home/airflow/.local/lib/python3.8/site-packages/airflow/example_dags/example_nested_branch_dag.py took 0.125 seconds
[2026-02-02T14:41:53.732+0000] {processor.py:161} INFO - Started process (PID=2403) to work on /home/airflow/.local/lib/python3.8/site-packages/airflow/example_dags/example_nested_branch_dag.py
[2026-02-02T14:41:53.733+0000] {processor.py:830} INFO - Processing file /home/airflow/.local/lib/python3.8/site-packages/airflow/example_dags/example_nested_branch_dag.py for tasks to queue
[2026-02-02T14:41:53.735+0000] {logging_mixin.py:188} INFO - [2026-02-02T14:41:53.735+0000] {dagbag.py:538} INFO - Filling up the DagBag from /home/airflow/.local/lib/python3.8/site-packages/airflow/example_dags/example_nested_branch_dag.py
[2026-02-02T14:41:53.747+0000] {processor.py:840} INFO - DAG(s) 'example_nested_branch_dag' retrieved from /home/airflow/.local/lib/python3.8/site-packages/airflow/example_dags/example_nested_branch_dag.py
[2026-02-02T14:41:53.772+0000] {logging_mixin.py:188} INFO - [2026-02-02T14:41:53.772+0000] {dag.py:3036} INFO - Sync 1 DAGs
[2026-02-02T14:41:53.799+0000] {logging_mixin.py:188} INFO - [2026-02-02T14:41:53.799+0000] {dag.py:3823} INFO - Setting next_dagrun for example_nested_branch_dag to 2026-02-01 00:00:00+00:00, run_after=2026-02-02 00:00:00+00:00
[2026-02-02T14:41:53.987+0000] {processor.py:183} INFO - Processing /home/airflow/.local/lib/python3.8/site-packages/airflow/example_dags/example_nested_branch_dag.py took 0.258 seconds
[2026-02-02T14:42:24.053+0000] {processor.py:161} INFO - Started process (PID=2460) to work on /home/airflow/.local/lib/python3.8/site-packages/airflow/example_dags/example_nested_branch_dag.py
[2026-02-02T14:42:24.054+0000] {processor.py:830} INFO - Processing file /home/airflow/.local/lib/python3.8/site-packages/airflow/example_dags/example_nested_branch_dag.py for tasks to queue
[2026-02-02T14:42:24.056+0000] {logging_mixin.py:188} INFO - [2026-02-02T14:42:24.056+0000] {dagbag.py:538} INFO - Filling up the DagBag from /home/airflow/.local/lib/python3.8/site-packages/airflow/example_dags/example_nested_branch_dag.py
[2026-02-02T14:42:24.068+0000] {processor.py:840} INFO - DAG(s) 'example_nested_branch_dag' retrieved from /home/airflow/.local/lib/python3.8/site-packages/airflow/example_dags/example_nested_branch_dag.py
[2026-02-02T14:42:24.092+0000] {logging_mixin.py:188} INFO - [2026-02-02T14:42:24.092+0000] {dag.py:3036} INFO - Sync 1 DAGs
[2026-02-02T14:42:24.117+0000] {logging_mixin.py:188} INFO - [2026-02-02T14:42:24.117+0000] {dag.py:3823} INFO - Setting next_dagrun for example_nested_branch_dag to 2026-02-01 00:00:00+00:00, run_after=2026-02-02 00:00:00+00:00
[2026-02-02T14:42:24.143+0000] {processor.py:183} INFO - Processing /home/airflow/.local/lib/python3.8/site-packages/airflow/example_dags/example_nested_branch_dag.py took 0.097 seconds
[2026-02-02T14:42:54.541+0000] {processor.py:161} INFO - Started process (PID=2514) to work on /home/airflow/.local/lib/python3.8/site-packages/airflow/example_dags/example_nested_branch_dag.py
[2026-02-02T14:42:54.550+0000] {processor.py:830} INFO - Processing file /home/airflow/.local/lib/python3.8/site-packages/airflow/example_dags/example_nested_branch_dag.py for tasks to queue
[2026-02-02T14:42:54.553+0000] {logging_mixin.py:188} INFO - [2026-02-02T14:42:54.553+0000] {dagbag.py:538} INFO - Filling up the DagBag from /home/airflow/.local/lib/python3.8/site-packages/airflow/example_dags/example_nested_branch_dag.py
[2026-02-02T14:42:54.586+0000] {processor.py:840} INFO - DAG(s) 'example_nested_branch_dag' retrieved from /home/airflow/.local/lib/python3.8/site-packages/airflow/example_dags/example_nested_branch_dag.py
[2026-02-02T14:42:54.613+0000] {logging_mixin.py:188} INFO - [2026-02-02T14:42:54.613+0000] {dag.py:3036} INFO - Sync 1 DAGs
[2026-02-02T14:42:54.643+0000] {logging_mixin.py:188} INFO - [2026-02-02T14:42:54.643+0000] {dag.py:3823} INFO - Setting next_dagrun for example_nested_branch_dag to 2026-02-01 00:00:00+00:00, run_after=2026-02-02 00:00:00+00:00
[2026-02-02T14:42:54.686+0000] {processor.py:183} INFO - Processing /home/airflow/.local/lib/python3.8/site-packages/airflow/example_dags/example_nested_branch_dag.py took 0.149 seconds
[2026-02-02T14:43:25.632+0000] {processor.py:161} INFO - Started process (PID=2568) to work on /home/airflow/.local/lib/python3.8/site-packages/airflow/example_dags/example_nested_branch_dag.py
[2026-02-02T14:43:25.633+0000] {processor.py:830} INFO - Processing file /home/airflow/.local/lib/python3.8/site-packages/airflow/example_dags/example_nested_branch_dag.py for tasks to queue
[2026-02-02T14:43:25.634+0000] {logging_mixin.py:188} INFO - [2026-02-02T14:43:25.634+0000] {dagbag.py:538} INFO - Filling up the DagBag from /home/airflow/.local/lib/python3.8/site-packages/airflow/example_dags/example_nested_branch_dag.py
[2026-02-02T14:43:25.646+0000] {processor.py:840} INFO - DAG(s) 'example_nested_branch_dag' retrieved from /home/airflow/.local/lib/python3.8/site-packages/airflow/example_dags/example_nested_branch_dag.py
[2026-02-02T14:43:25.672+0000] {logging_mixin.py:188} INFO - [2026-02-02T14:43:25.672+0000] {dag.py:3036} INFO - Sync 1 DAGs
[2026-02-02T14:43:25.710+0000] {logging_mixin.py:188} INFO - [2026-02-02T14:43:25.709+0000] {dag.py:3823} INFO - Setting next_dagrun for example_nested_branch_dag to 2026-02-01 00:00:00+00:00, run_after=2026-02-02 00:00:00+00:00
[2026-02-02T14:43:25.730+0000] {processor.py:183} INFO - Processing /home/airflow/.local/lib/python3.8/site-packages/airflow/example_dags/example_nested_branch_dag.py took 0.102 seconds
[2026-02-02T14:43:55.959+0000] {processor.py:161} INFO - Started process (PID=2623) to work on /home/airflow/.local/lib/python3.8/site-packages/airflow/example_dags/example_nested_branch_dag.py
[2026-02-02T14:43:55.960+0000] {processor.py:830} INFO - Processing file /home/airflow/.local/lib/python3.8/site-packages/airflow/example_dags/example_nested_branch_dag.py for tasks to queue
[2026-02-02T14:43:55.962+0000] {logging_mixin.py:188} INFO - [2026-02-02T14:43:55.962+0000] {dagbag.py:538} INFO - Filling up the DagBag from /home/airflow/.local/lib/python3.8/site-packages/airflow/example_dags/example_nested_branch_dag.py
[2026-02-02T14:43:55.973+0000] {processor.py:840} INFO - DAG(s) 'example_nested_branch_dag' retrieved from /home/airflow/.local/lib/python3.8/site-packages/airflow/example_dags/example_nested_branch_dag.py
[2026-02-02T14:43:55.999+0000] {logging_mixin.py:188} INFO - [2026-02-02T14:43:55.999+0000] {dag.py:3036} INFO - Sync 1 DAGs
[2026-02-02T14:43:56.082+0000] {logging_mixin.py:188} INFO - [2026-02-02T14:43:56.082+0000] {dag.py:3823} INFO - Setting next_dagrun for example_nested_branch_dag to 2026-02-01 00:00:00+00:00, run_after=2026-02-02 00:00:00+00:00
[2026-02-02T14:43:56.119+0000] {processor.py:183} INFO - Processing /home/airflow/.local/lib/python3.8/site-packages/airflow/example_dags/example_nested_branch_dag.py took 0.163 seconds
[2026-02-02T14:44:26.342+0000] {processor.py:161} INFO - Started process (PID=2678) to work on /home/airflow/.local/lib/python3.8/site-packages/airflow/example_dags/example_nested_branch_dag.py
[2026-02-02T14:44:26.343+0000] {processor.py:830} INFO - Processing file /home/airflow/.local/lib/python3.8/site-packages/airflow/example_dags/example_nested_branch_dag.py for tasks to queue
[2026-02-02T14:44:26.345+0000] {logging_mixin.py:188} INFO - [2026-02-02T14:44:26.345+0000] {dagbag.py:538} INFO - Filling up the DagBag from /home/airflow/.local/lib/python3.8/site-packages/airflow/example_dags/example_nested_branch_dag.py
[2026-02-02T14:44:26.358+0000] {processor.py:840} INFO - DAG(s) 'example_nested_branch_dag' retrieved from /home/airflow/.local/lib/python3.8/site-packages/airflow/example_dags/example_nested_branch_dag.py
[2026-02-02T14:44:26.389+0000] {logging_mixin.py:188} INFO - [2026-02-02T14:44:26.389+0000] {dag.py:3036} INFO - Sync 1 DAGs
[2026-02-02T14:44:26.571+0000] {logging_mixin.py:188} INFO - [2026-02-02T14:44:26.571+0000] {dag.py:3823} INFO - Setting next_dagrun for example_nested_branch_dag to 2026-02-01 00:00:00+00:00, run_after=2026-02-02 00:00:00+00:00
[2026-02-02T14:44:26.587+0000] {processor.py:183} INFO - Processing /home/airflow/.local/lib/python3.8/site-packages/airflow/example_dags/example_nested_branch_dag.py took 0.248 seconds
[2026-02-02T14:44:57.076+0000] {processor.py:161} INFO - Started process (PID=2733) to work on /home/airflow/.local/lib/python3.8/site-packages/airflow/example_dags/example_nested_branch_dag.py
[2026-02-02T14:44:57.077+0000] {processor.py:830} INFO - Processing file /home/airflow/.local/lib/python3.8/site-packages/airflow/example_dags/example_nested_branch_dag.py for tasks to queue
[2026-02-02T14:44:57.078+0000] {logging_mixin.py:188} INFO - [2026-02-02T14:44:57.078+0000] {dagbag.py:538} INFO - Filling up the DagBag from /home/airflow/.local/lib/python3.8/site-packages/airflow/example_dags/example_nested_branch_dag.py
[2026-02-02T14:44:57.086+0000] {processor.py:840} INFO - DAG(s) 'example_nested_branch_dag' retrieved from /home/airflow/.local/lib/python3.8/site-packages/airflow/example_dags/example_nested_branch_dag.py
[2026-02-02T14:44:57.111+0000] {logging_mixin.py:188} INFO - [2026-02-02T14:44:57.110+0000] {dag.py:3036} INFO - Sync 1 DAGs
[2026-02-02T14:44:57.239+0000] {logging_mixin.py:188} INFO - [2026-02-02T14:44:57.239+0000] {dag.py:3823} INFO - Setting next_dagrun for example_nested_branch_dag to 2026-02-01 00:00:00+00:00, run_after=2026-02-02 00:00:00+00:00
[2026-02-02T14:44:57.254+0000] {processor.py:183} INFO - Processing /home/airflow/.local/lib/python3.8/site-packages/airflow/example_dags/example_nested_branch_dag.py took 0.180 seconds
[2026-02-02T14:45:27.305+0000] {processor.py:161} INFO - Started process (PID=2790) to work on /home/airflow/.local/lib/python3.8/site-packages/airflow/example_dags/example_nested_branch_dag.py
[2026-02-02T14:45:27.306+0000] {processor.py:830} INFO - Processing file /home/airflow/.local/lib/python3.8/site-packages/airflow/example_dags/example_nested_branch_dag.py for tasks to queue
[2026-02-02T14:45:27.307+0000] {logging_mixin.py:188} INFO - [2026-02-02T14:45:27.307+0000] {dagbag.py:538} INFO - Filling up the DagBag from /home/airflow/.local/lib/python3.8/site-packages/airflow/example_dags/example_nested_branch_dag.py
[2026-02-02T14:45:27.317+0000] {processor.py:840} INFO - DAG(s) 'example_nested_branch_dag' retrieved from /home/airflow/.local/lib/python3.8/site-packages/airflow/example_dags/example_nested_branch_dag.py
[2026-02-02T14:45:27.335+0000] {logging_mixin.py:188} INFO - [2026-02-02T14:45:27.335+0000] {dag.py:3036} INFO - Sync 1 DAGs
[2026-02-02T14:45:27.353+0000] {logging_mixin.py:188} INFO - [2026-02-02T14:45:27.353+0000] {dag.py:3823} INFO - Setting next_dagrun for example_nested_branch_dag to 2026-02-01 00:00:00+00:00, run_after=2026-02-02 00:00:00+00:00
[2026-02-02T14:45:27.367+0000] {processor.py:183} INFO - Processing /home/airflow/.local/lib/python3.8/site-packages/airflow/example_dags/example_nested_branch_dag.py took 0.065 seconds
[2026-02-02T14:45:57.608+0000] {processor.py:161} INFO - Started process (PID=2846) to work on /home/airflow/.local/lib/python3.8/site-packages/airflow/example_dags/example_nested_branch_dag.py
[2026-02-02T14:45:57.609+0000] {processor.py:830} INFO - Processing file /home/airflow/.local/lib/python3.8/site-packages/airflow/example_dags/example_nested_branch_dag.py for tasks to queue
[2026-02-02T14:45:57.611+0000] {logging_mixin.py:188} INFO - [2026-02-02T14:45:57.610+0000] {dagbag.py:538} INFO - Filling up the DagBag from /home/airflow/.local/lib/python3.8/site-packages/airflow/example_dags/example_nested_branch_dag.py
[2026-02-02T14:45:57.623+0000] {processor.py:840} INFO - DAG(s) 'example_nested_branch_dag' retrieved from /home/airflow/.local/lib/python3.8/site-packages/airflow/example_dags/example_nested_branch_dag.py
[2026-02-02T14:45:57.659+0000] {logging_mixin.py:188} INFO - [2026-02-02T14:45:57.659+0000] {dag.py:3036} INFO - Sync 1 DAGs
[2026-02-02T14:45:57.687+0000] {logging_mixin.py:188} INFO - [2026-02-02T14:45:57.686+0000] {dag.py:3823} INFO - Setting next_dagrun for example_nested_branch_dag to 2026-02-01 00:00:00+00:00, run_after=2026-02-02 00:00:00+00:00
[2026-02-02T14:45:57.715+0000] {processor.py:183} INFO - Processing /home/airflow/.local/lib/python3.8/site-packages/airflow/example_dags/example_nested_branch_dag.py took 0.113 seconds
[2026-02-02T14:46:27.788+0000] {processor.py:161} INFO - Started process (PID=2901) to work on /home/airflow/.local/lib/python3.8/site-packages/airflow/example_dags/example_nested_branch_dag.py
[2026-02-02T14:46:27.789+0000] {processor.py:830} INFO - Processing file /home/airflow/.local/lib/python3.8/site-packages/airflow/example_dags/example_nested_branch_dag.py for tasks to queue
[2026-02-02T14:46:27.790+0000] {logging_mixin.py:188} INFO - [2026-02-02T14:46:27.790+0000] {dagbag.py:538} INFO - Filling up the DagBag from /home/airflow/.local/lib/python3.8/site-packages/airflow/example_dags/example_nested_branch_dag.py
[2026-02-02T14:46:27.799+0000] {processor.py:840} INFO - DAG(s) 'example_nested_branch_dag' retrieved from /home/airflow/.local/lib/python3.8/site-packages/airflow/example_dags/example_nested_branch_dag.py
[2026-02-02T14:46:27.816+0000] {logging_mixin.py:188} INFO - [2026-02-02T14:46:27.816+0000] {dag.py:3036} INFO - Sync 1 DAGs
[2026-02-02T14:46:27.834+0000] {logging_mixin.py:188} INFO - [2026-02-02T14:46:27.834+0000] {dag.py:3823} INFO - Setting next_dagrun for example_nested_branch_dag to 2026-02-01 00:00:00+00:00, run_after=2026-02-02 00:00:00+00:00
[2026-02-02T14:46:27.849+0000] {processor.py:183} INFO - Processing /home/airflow/.local/lib/python3.8/site-packages/airflow/example_dags/example_nested_branch_dag.py took 0.063 seconds
[2026-02-02T14:46:58.122+0000] {processor.py:161} INFO - Started process (PID=2957) to work on /home/airflow/.local/lib/python3.8/site-packages/airflow/example_dags/example_nested_branch_dag.py
[2026-02-02T14:46:58.122+0000] {processor.py:830} INFO - Processing file /home/airflow/.local/lib/python3.8/site-packages/airflow/example_dags/example_nested_branch_dag.py for tasks to queue
[2026-02-02T14:46:58.124+0000] {logging_mixin.py:188} INFO - [2026-02-02T14:46:58.124+0000] {dagbag.py:538} INFO - Filling up the DagBag from /home/airflow/.local/lib/python3.8/site-packages/airflow/example_dags/example_nested_branch_dag.py
[2026-02-02T14:46:58.132+0000] {processor.py:840} INFO - DAG(s) 'example_nested_branch_dag' retrieved from /home/airflow/.local/lib/python3.8/site-packages/airflow/example_dags/example_nested_branch_dag.py
[2026-02-02T14:46:58.152+0000] {logging_mixin.py:188} INFO - [2026-02-02T14:46:58.151+0000] {dag.py:3036} INFO - Sync 1 DAGs
[2026-02-02T14:46:58.169+0000] {logging_mixin.py:188} INFO - [2026-02-02T14:46:58.169+0000] {dag.py:3823} INFO - Setting next_dagrun for example_nested_branch_dag to 2026-02-01 00:00:00+00:00, run_after=2026-02-02 00:00:00+00:00
[2026-02-02T14:46:58.183+0000] {processor.py:183} INFO - Processing /home/airflow/.local/lib/python3.8/site-packages/airflow/example_dags/example_nested_branch_dag.py took 0.064 seconds
[2026-02-02T14:47:29.011+0000] {processor.py:161} INFO - Started process (PID=3012) to work on /home/airflow/.local/lib/python3.8/site-packages/airflow/example_dags/example_nested_branch_dag.py
[2026-02-02T14:47:29.012+0000] {processor.py:830} INFO - Processing file /home/airflow/.local/lib/python3.8/site-packages/airflow/example_dags/example_nested_branch_dag.py for tasks to queue
[2026-02-02T14:47:29.015+0000] {logging_mixin.py:188} INFO - [2026-02-02T14:47:29.015+0000] {dagbag.py:538} INFO - Filling up the DagBag from /home/airflow/.local/lib/python3.8/site-packages/airflow/example_dags/example_nested_branch_dag.py
[2026-02-02T14:47:29.027+0000] {processor.py:840} INFO - DAG(s) 'example_nested_branch_dag' retrieved from /home/airflow/.local/lib/python3.8/site-packages/airflow/example_dags/example_nested_branch_dag.py
[2026-02-02T14:47:29.055+0000] {logging_mixin.py:188} INFO - [2026-02-02T14:47:29.054+0000] {dag.py:3036} INFO - Sync 1 DAGs
[2026-02-02T14:47:29.090+0000] {logging_mixin.py:188} INFO - [2026-02-02T14:47:29.089+0000] {dag.py:3823} INFO - Setting next_dagrun for example_nested_branch_dag to 2026-02-01 00:00:00+00:00, run_after=2026-02-02 00:00:00+00:00
[2026-02-02T14:47:29.107+0000] {processor.py:183} INFO - Processing /home/airflow/.local/lib/python3.8/site-packages/airflow/example_dags/example_nested_branch_dag.py took 0.100 seconds
[2026-02-02T14:47:59.934+0000] {processor.py:161} INFO - Started process (PID=3075) to work on /home/airflow/.local/lib/python3.8/site-packages/airflow/example_dags/example_nested_branch_dag.py
[2026-02-02T14:47:59.935+0000] {processor.py:830} INFO - Processing file /home/airflow/.local/lib/python3.8/site-packages/airflow/example_dags/example_nested_branch_dag.py for tasks to queue
[2026-02-02T14:47:59.937+0000] {logging_mixin.py:188} INFO - [2026-02-02T14:47:59.937+0000] {dagbag.py:538} INFO - Filling up the DagBag from /home/airflow/.local/lib/python3.8/site-packages/airflow/example_dags/example_nested_branch_dag.py
[2026-02-02T14:47:59.949+0000] {processor.py:840} INFO - DAG(s) 'example_nested_branch_dag' retrieved from /home/airflow/.local/lib/python3.8/site-packages/airflow/example_dags/example_nested_branch_dag.py
[2026-02-02T14:47:59.975+0000] {logging_mixin.py:188} INFO - [2026-02-02T14:47:59.974+0000] {dag.py:3036} INFO - Sync 1 DAGs
[2026-02-02T14:48:00.001+0000] {logging_mixin.py:188} INFO - [2026-02-02T14:48:00.001+0000] {dag.py:3823} INFO - Setting next_dagrun for example_nested_branch_dag to 2026-02-01 00:00:00+00:00, run_after=2026-02-02 00:00:00+00:00
[2026-02-02T14:48:00.021+0000] {processor.py:183} INFO - Processing /home/airflow/.local/lib/python3.8/site-packages/airflow/example_dags/example_nested_branch_dag.py took 0.091 seconds
[2026-02-02T14:48:30.463+0000] {processor.py:161} INFO - Started process (PID=3130) to work on /home/airflow/.local/lib/python3.8/site-packages/airflow/example_dags/example_nested_branch_dag.py
[2026-02-02T14:48:30.465+0000] {processor.py:830} INFO - Processing file /home/airflow/.local/lib/python3.8/site-packages/airflow/example_dags/example_nested_branch_dag.py for tasks to queue
[2026-02-02T14:48:30.467+0000] {logging_mixin.py:188} INFO - [2026-02-02T14:48:30.466+0000] {dagbag.py:538} INFO - Filling up the DagBag from /home/airflow/.local/lib/python3.8/site-packages/airflow/example_dags/example_nested_branch_dag.py
[2026-02-02T14:48:30.480+0000] {processor.py:840} INFO - DAG(s) 'example_nested_branch_dag' retrieved from /home/airflow/.local/lib/python3.8/site-packages/airflow/example_dags/example_nested_branch_dag.py
[2026-02-02T14:48:30.507+0000] {logging_mixin.py:188} INFO - [2026-02-02T14:48:30.506+0000] {dag.py:3036} INFO - Sync 1 DAGs
[2026-02-02T14:48:30.534+0000] {logging_mixin.py:188} INFO - [2026-02-02T14:48:30.533+0000] {dag.py:3823} INFO - Setting next_dagrun for example_nested_branch_dag to 2026-02-01 00:00:00+00:00, run_after=2026-02-02 00:00:00+00:00
[2026-02-02T14:48:30.552+0000] {processor.py:183} INFO - Processing /home/airflow/.local/lib/python3.8/site-packages/airflow/example_dags/example_nested_branch_dag.py took 0.093 seconds
[2026-02-02T14:49:01.653+0000] {processor.py:161} INFO - Started process (PID=3186) to work on /home/airflow/.local/lib/python3.8/site-packages/airflow/example_dags/example_nested_branch_dag.py
[2026-02-02T14:49:01.656+0000] {processor.py:830} INFO - Processing file /home/airflow/.local/lib/python3.8/site-packages/airflow/example_dags/example_nested_branch_dag.py for tasks to queue
[2026-02-02T14:49:01.660+0000] {logging_mixin.py:188} INFO - [2026-02-02T14:49:01.660+0000] {dagbag.py:538} INFO - Filling up the DagBag from /home/airflow/.local/lib/python3.8/site-packages/airflow/example_dags/example_nested_branch_dag.py
[2026-02-02T14:49:01.673+0000] {processor.py:840} INFO - DAG(s) 'example_nested_branch_dag' retrieved from /home/airflow/.local/lib/python3.8/site-packages/airflow/example_dags/example_nested_branch_dag.py
[2026-02-02T14:49:01.698+0000] {logging_mixin.py:188} INFO - [2026-02-02T14:49:01.698+0000] {dag.py:3036} INFO - Sync 1 DAGs
[2026-02-02T14:49:01.726+0000] {logging_mixin.py:188} INFO - [2026-02-02T14:49:01.725+0000] {dag.py:3823} INFO - Setting next_dagrun for example_nested_branch_dag to 2026-02-01 00:00:00+00:00, run_after=2026-02-02 00:00:00+00:00
[2026-02-02T14:49:01.744+0000] {processor.py:183} INFO - Processing /home/airflow/.local/lib/python3.8/site-packages/airflow/example_dags/example_nested_branch_dag.py took 0.105 seconds
[2026-02-02T14:49:31.962+0000] {processor.py:161} INFO - Started process (PID=3242) to work on /home/airflow/.local/lib/python3.8/site-packages/airflow/example_dags/example_nested_branch_dag.py
[2026-02-02T14:49:31.963+0000] {processor.py:830} INFO - Processing file /home/airflow/.local/lib/python3.8/site-packages/airflow/example_dags/example_nested_branch_dag.py for tasks to queue
[2026-02-02T14:49:31.965+0000] {logging_mixin.py:188} INFO - [2026-02-02T14:49:31.965+0000] {dagbag.py:538} INFO - Filling up the DagBag from /home/airflow/.local/lib/python3.8/site-packages/airflow/example_dags/example_nested_branch_dag.py
[2026-02-02T14:49:31.977+0000] {processor.py:840} INFO - DAG(s) 'example_nested_branch_dag' retrieved from /home/airflow/.local/lib/python3.8/site-packages/airflow/example_dags/example_nested_branch_dag.py
[2026-02-02T14:49:32.002+0000] {logging_mixin.py:188} INFO - [2026-02-02T14:49:32.002+0000] {dag.py:3036} INFO - Sync 1 DAGs
[2026-02-02T14:49:32.029+0000] {logging_mixin.py:188} INFO - [2026-02-02T14:49:32.029+0000] {dag.py:3823} INFO - Setting next_dagrun for example_nested_branch_dag to 2026-02-01 00:00:00+00:00, run_after=2026-02-02 00:00:00+00:00
[2026-02-02T14:49:32.047+0000] {processor.py:183} INFO - Processing /home/airflow/.local/lib/python3.8/site-packages/airflow/example_dags/example_nested_branch_dag.py took 0.088 seconds
[2026-02-02T14:50:02.443+0000] {processor.py:161} INFO - Started process (PID=3298) to work on /home/airflow/.local/lib/python3.8/site-packages/airflow/example_dags/example_nested_branch_dag.py
[2026-02-02T14:50:02.443+0000] {processor.py:830} INFO - Processing file /home/airflow/.local/lib/python3.8/site-packages/airflow/example_dags/example_nested_branch_dag.py for tasks to queue
[2026-02-02T14:50:02.445+0000] {logging_mixin.py:188} INFO - [2026-02-02T14:50:02.445+0000] {dagbag.py:538} INFO - Filling up the DagBag from /home/airflow/.local/lib/python3.8/site-packages/airflow/example_dags/example_nested_branch_dag.py
[2026-02-02T14:50:02.457+0000] {processor.py:840} INFO - DAG(s) 'example_nested_branch_dag' retrieved from /home/airflow/.local/lib/python3.8/site-packages/airflow/example_dags/example_nested_branch_dag.py
[2026-02-02T14:50:02.483+0000] {logging_mixin.py:188} INFO - [2026-02-02T14:50:02.483+0000] {dag.py:3036} INFO - Sync 1 DAGs
[2026-02-02T14:50:02.515+0000] {logging_mixin.py:188} INFO - [2026-02-02T14:50:02.514+0000] {dag.py:3823} INFO - Setting next_dagrun for example_nested_branch_dag to 2026-02-01 00:00:00+00:00, run_after=2026-02-02 00:00:00+00:00
[2026-02-02T14:50:02.534+0000] {processor.py:183} INFO - Processing /home/airflow/.local/lib/python3.8/site-packages/airflow/example_dags/example_nested_branch_dag.py took 0.095 seconds
[2026-02-02T14:50:32.818+0000] {processor.py:161} INFO - Started process (PID=3354) to work on /home/airflow/.local/lib/python3.8/site-packages/airflow/example_dags/example_nested_branch_dag.py
[2026-02-02T14:50:32.819+0000] {processor.py:830} INFO - Processing file /home/airflow/.local/lib/python3.8/site-packages/airflow/example_dags/example_nested_branch_dag.py for tasks to queue
[2026-02-02T14:50:32.820+0000] {logging_mixin.py:188} INFO - [2026-02-02T14:50:32.820+0000] {dagbag.py:538} INFO - Filling up the DagBag from /home/airflow/.local/lib/python3.8/site-packages/airflow/example_dags/example_nested_branch_dag.py
[2026-02-02T14:50:32.828+0000] {processor.py:840} INFO - DAG(s) 'example_nested_branch_dag' retrieved from /home/airflow/.local/lib/python3.8/site-packages/airflow/example_dags/example_nested_branch_dag.py
[2026-02-02T14:50:32.845+0000] {logging_mixin.py:188} INFO - [2026-02-02T14:50:32.845+0000] {dag.py:3036} INFO - Sync 1 DAGs
[2026-02-02T14:50:32.863+0000] {logging_mixin.py:188} INFO - [2026-02-02T14:50:32.863+0000] {dag.py:3823} INFO - Setting next_dagrun for example_nested_branch_dag to 2026-02-01 00:00:00+00:00, run_after=2026-02-02 00:00:00+00:00
[2026-02-02T14:50:32.876+0000] {processor.py:183} INFO - Processing /home/airflow/.local/lib/python3.8/site-packages/airflow/example_dags/example_nested_branch_dag.py took 0.061 seconds
