[2026-02-02T14:20:31.814+0000] {processor.py:161} INFO - Started process (PID=99) to work on /home/airflow/.local/lib/python3.8/site-packages/airflow/example_dags/example_task_group.py
[2026-02-02T14:20:31.818+0000] {processor.py:830} INFO - Processing file /home/airflow/.local/lib/python3.8/site-packages/airflow/example_dags/example_task_group.py for tasks to queue
[2026-02-02T14:20:31.823+0000] {logging_mixin.py:188} INFO - [2026-02-02T14:20:31.823+0000] {dagbag.py:538} INFO - Filling up the DagBag from /home/airflow/.local/lib/python3.8/site-packages/airflow/example_dags/example_task_group.py
[2026-02-02T14:20:31.861+0000] {processor.py:840} INFO - DAG(s) 'example_task_group' retrieved from /home/airflow/.local/lib/python3.8/site-packages/airflow/example_dags/example_task_group.py
[2026-02-02T14:20:32.547+0000] {logging_mixin.py:188} INFO - [2026-02-02T14:20:32.546+0000] {override.py:1769} INFO - Created Permission View: can edit on DAG:example_task_group
[2026-02-02T14:20:32.588+0000] {logging_mixin.py:188} INFO - [2026-02-02T14:20:32.588+0000] {override.py:1769} INFO - Created Permission View: can delete on DAG:example_task_group
[2026-02-02T14:20:32.613+0000] {logging_mixin.py:188} INFO - [2026-02-02T14:20:32.613+0000] {override.py:1769} INFO - Created Permission View: can read on DAG:example_task_group
[2026-02-02T14:20:32.616+0000] {logging_mixin.py:188} INFO - [2026-02-02T14:20:32.616+0000] {dag.py:3036} INFO - Sync 1 DAGs
[2026-02-02T14:20:32.669+0000] {logging_mixin.py:188} INFO - [2026-02-02T14:20:32.664+0000] {dag.py:3058} INFO - Creating ORM DAG for example_task_group
[2026-02-02T14:20:32.714+0000] {logging_mixin.py:188} INFO - [2026-02-02T14:20:32.714+0000] {dag.py:3823} INFO - Setting next_dagrun for example_task_group to 2026-02-01 00:00:00+00:00, run_after=2026-02-02 00:00:00+00:00
[2026-02-02T14:20:32.802+0000] {processor.py:183} INFO - Processing /home/airflow/.local/lib/python3.8/site-packages/airflow/example_dags/example_task_group.py took 1.007 seconds
[2026-02-02T14:21:03.078+0000] {processor.py:161} INFO - Started process (PID=154) to work on /home/airflow/.local/lib/python3.8/site-packages/airflow/example_dags/example_task_group.py
[2026-02-02T14:21:03.082+0000] {processor.py:830} INFO - Processing file /home/airflow/.local/lib/python3.8/site-packages/airflow/example_dags/example_task_group.py for tasks to queue
[2026-02-02T14:21:03.088+0000] {logging_mixin.py:188} INFO - [2026-02-02T14:21:03.088+0000] {dagbag.py:538} INFO - Filling up the DagBag from /home/airflow/.local/lib/python3.8/site-packages/airflow/example_dags/example_task_group.py
[2026-02-02T14:21:03.113+0000] {processor.py:840} INFO - DAG(s) 'example_task_group' retrieved from /home/airflow/.local/lib/python3.8/site-packages/airflow/example_dags/example_task_group.py
[2026-02-02T14:21:03.182+0000] {logging_mixin.py:188} INFO - [2026-02-02T14:21:03.182+0000] {dag.py:3036} INFO - Sync 1 DAGs
[2026-02-02T14:21:03.248+0000] {logging_mixin.py:188} INFO - [2026-02-02T14:21:03.248+0000] {dag.py:3823} INFO - Setting next_dagrun for example_task_group to 2026-02-01 00:00:00+00:00, run_after=2026-02-02 00:00:00+00:00
[2026-02-02T14:21:03.301+0000] {processor.py:183} INFO - Processing /home/airflow/.local/lib/python3.8/site-packages/airflow/example_dags/example_task_group.py took 0.237 seconds
[2026-02-02T14:21:33.936+0000] {processor.py:161} INFO - Started process (PID=209) to work on /home/airflow/.local/lib/python3.8/site-packages/airflow/example_dags/example_task_group.py
[2026-02-02T14:21:33.938+0000] {processor.py:830} INFO - Processing file /home/airflow/.local/lib/python3.8/site-packages/airflow/example_dags/example_task_group.py for tasks to queue
[2026-02-02T14:21:33.940+0000] {logging_mixin.py:188} INFO - [2026-02-02T14:21:33.940+0000] {dagbag.py:538} INFO - Filling up the DagBag from /home/airflow/.local/lib/python3.8/site-packages/airflow/example_dags/example_task_group.py
[2026-02-02T14:21:33.948+0000] {processor.py:840} INFO - DAG(s) 'example_task_group' retrieved from /home/airflow/.local/lib/python3.8/site-packages/airflow/example_dags/example_task_group.py
[2026-02-02T14:21:33.972+0000] {logging_mixin.py:188} INFO - [2026-02-02T14:21:33.972+0000] {dag.py:3036} INFO - Sync 1 DAGs
[2026-02-02T14:21:33.997+0000] {logging_mixin.py:188} INFO - [2026-02-02T14:21:33.997+0000] {dag.py:3823} INFO - Setting next_dagrun for example_task_group to 2026-02-01 00:00:00+00:00, run_after=2026-02-02 00:00:00+00:00
[2026-02-02T14:21:34.017+0000] {processor.py:183} INFO - Processing /home/airflow/.local/lib/python3.8/site-packages/airflow/example_dags/example_task_group.py took 0.086 seconds
[2026-02-02T14:22:04.242+0000] {processor.py:161} INFO - Started process (PID=264) to work on /home/airflow/.local/lib/python3.8/site-packages/airflow/example_dags/example_task_group.py
[2026-02-02T14:22:04.243+0000] {processor.py:830} INFO - Processing file /home/airflow/.local/lib/python3.8/site-packages/airflow/example_dags/example_task_group.py for tasks to queue
[2026-02-02T14:22:04.245+0000] {logging_mixin.py:188} INFO - [2026-02-02T14:22:04.245+0000] {dagbag.py:538} INFO - Filling up the DagBag from /home/airflow/.local/lib/python3.8/site-packages/airflow/example_dags/example_task_group.py
[2026-02-02T14:22:04.253+0000] {processor.py:840} INFO - DAG(s) 'example_task_group' retrieved from /home/airflow/.local/lib/python3.8/site-packages/airflow/example_dags/example_task_group.py
[2026-02-02T14:22:04.277+0000] {logging_mixin.py:188} INFO - [2026-02-02T14:22:04.277+0000] {dag.py:3036} INFO - Sync 1 DAGs
[2026-02-02T14:22:04.302+0000] {logging_mixin.py:188} INFO - [2026-02-02T14:22:04.302+0000] {dag.py:3823} INFO - Setting next_dagrun for example_task_group to 2026-02-01 00:00:00+00:00, run_after=2026-02-02 00:00:00+00:00
[2026-02-02T14:22:04.324+0000] {processor.py:183} INFO - Processing /home/airflow/.local/lib/python3.8/site-packages/airflow/example_dags/example_task_group.py took 0.086 seconds
[2026-02-02T14:22:34.893+0000] {processor.py:161} INFO - Started process (PID=319) to work on /home/airflow/.local/lib/python3.8/site-packages/airflow/example_dags/example_task_group.py
[2026-02-02T14:22:34.894+0000] {processor.py:830} INFO - Processing file /home/airflow/.local/lib/python3.8/site-packages/airflow/example_dags/example_task_group.py for tasks to queue
[2026-02-02T14:22:34.895+0000] {logging_mixin.py:188} INFO - [2026-02-02T14:22:34.895+0000] {dagbag.py:538} INFO - Filling up the DagBag from /home/airflow/.local/lib/python3.8/site-packages/airflow/example_dags/example_task_group.py
[2026-02-02T14:22:34.903+0000] {processor.py:840} INFO - DAG(s) 'example_task_group' retrieved from /home/airflow/.local/lib/python3.8/site-packages/airflow/example_dags/example_task_group.py
[2026-02-02T14:22:34.943+0000] {logging_mixin.py:188} INFO - [2026-02-02T14:22:34.943+0000] {dag.py:3036} INFO - Sync 1 DAGs
[2026-02-02T14:22:34.969+0000] {logging_mixin.py:188} INFO - [2026-02-02T14:22:34.969+0000] {dag.py:3823} INFO - Setting next_dagrun for example_task_group to 2026-02-01 00:00:00+00:00, run_after=2026-02-02 00:00:00+00:00
[2026-02-02T14:22:35.002+0000] {processor.py:183} INFO - Processing /home/airflow/.local/lib/python3.8/site-packages/airflow/example_dags/example_task_group.py took 0.114 seconds
[2026-02-02T14:23:05.478+0000] {processor.py:161} INFO - Started process (PID=374) to work on /home/airflow/.local/lib/python3.8/site-packages/airflow/example_dags/example_task_group.py
[2026-02-02T14:23:05.479+0000] {processor.py:830} INFO - Processing file /home/airflow/.local/lib/python3.8/site-packages/airflow/example_dags/example_task_group.py for tasks to queue
[2026-02-02T14:23:05.481+0000] {logging_mixin.py:188} INFO - [2026-02-02T14:23:05.480+0000] {dagbag.py:538} INFO - Filling up the DagBag from /home/airflow/.local/lib/python3.8/site-packages/airflow/example_dags/example_task_group.py
[2026-02-02T14:23:05.489+0000] {processor.py:840} INFO - DAG(s) 'example_task_group' retrieved from /home/airflow/.local/lib/python3.8/site-packages/airflow/example_dags/example_task_group.py
[2026-02-02T14:23:05.520+0000] {logging_mixin.py:188} INFO - [2026-02-02T14:23:05.520+0000] {dag.py:3036} INFO - Sync 1 DAGs
[2026-02-02T14:23:05.548+0000] {logging_mixin.py:188} INFO - [2026-02-02T14:23:05.548+0000] {dag.py:3823} INFO - Setting next_dagrun for example_task_group to 2026-02-01 00:00:00+00:00, run_after=2026-02-02 00:00:00+00:00
[2026-02-02T14:23:05.566+0000] {processor.py:183} INFO - Processing /home/airflow/.local/lib/python3.8/site-packages/airflow/example_dags/example_task_group.py took 0.094 seconds
[2026-02-02T14:23:36.093+0000] {processor.py:161} INFO - Started process (PID=429) to work on /home/airflow/.local/lib/python3.8/site-packages/airflow/example_dags/example_task_group.py
[2026-02-02T14:23:36.094+0000] {processor.py:830} INFO - Processing file /home/airflow/.local/lib/python3.8/site-packages/airflow/example_dags/example_task_group.py for tasks to queue
[2026-02-02T14:23:36.098+0000] {logging_mixin.py:188} INFO - [2026-02-02T14:23:36.097+0000] {dagbag.py:538} INFO - Filling up the DagBag from /home/airflow/.local/lib/python3.8/site-packages/airflow/example_dags/example_task_group.py
[2026-02-02T14:23:36.113+0000] {processor.py:840} INFO - DAG(s) 'example_task_group' retrieved from /home/airflow/.local/lib/python3.8/site-packages/airflow/example_dags/example_task_group.py
[2026-02-02T14:23:36.147+0000] {logging_mixin.py:188} INFO - [2026-02-02T14:23:36.147+0000] {dag.py:3036} INFO - Sync 1 DAGs
[2026-02-02T14:23:36.175+0000] {logging_mixin.py:188} INFO - [2026-02-02T14:23:36.175+0000] {dag.py:3823} INFO - Setting next_dagrun for example_task_group to 2026-02-01 00:00:00+00:00, run_after=2026-02-02 00:00:00+00:00
[2026-02-02T14:23:36.194+0000] {processor.py:183} INFO - Processing /home/airflow/.local/lib/python3.8/site-packages/airflow/example_dags/example_task_group.py took 0.110 seconds
[2026-02-02T14:24:06.308+0000] {processor.py:161} INFO - Started process (PID=483) to work on /home/airflow/.local/lib/python3.8/site-packages/airflow/example_dags/example_task_group.py
[2026-02-02T14:24:06.310+0000] {processor.py:830} INFO - Processing file /home/airflow/.local/lib/python3.8/site-packages/airflow/example_dags/example_task_group.py for tasks to queue
[2026-02-02T14:24:06.314+0000] {logging_mixin.py:188} INFO - [2026-02-02T14:24:06.313+0000] {dagbag.py:538} INFO - Filling up the DagBag from /home/airflow/.local/lib/python3.8/site-packages/airflow/example_dags/example_task_group.py
[2026-02-02T14:24:06.322+0000] {processor.py:840} INFO - DAG(s) 'example_task_group' retrieved from /home/airflow/.local/lib/python3.8/site-packages/airflow/example_dags/example_task_group.py
[2026-02-02T14:24:06.346+0000] {logging_mixin.py:188} INFO - [2026-02-02T14:24:06.346+0000] {dag.py:3036} INFO - Sync 1 DAGs
[2026-02-02T14:24:06.371+0000] {logging_mixin.py:188} INFO - [2026-02-02T14:24:06.371+0000] {dag.py:3823} INFO - Setting next_dagrun for example_task_group to 2026-02-01 00:00:00+00:00, run_after=2026-02-02 00:00:00+00:00
[2026-02-02T14:24:06.389+0000] {processor.py:183} INFO - Processing /home/airflow/.local/lib/python3.8/site-packages/airflow/example_dags/example_task_group.py took 0.086 seconds
[2026-02-02T14:24:36.513+0000] {processor.py:161} INFO - Started process (PID=539) to work on /home/airflow/.local/lib/python3.8/site-packages/airflow/example_dags/example_task_group.py
[2026-02-02T14:24:36.514+0000] {processor.py:830} INFO - Processing file /home/airflow/.local/lib/python3.8/site-packages/airflow/example_dags/example_task_group.py for tasks to queue
[2026-02-02T14:24:36.516+0000] {logging_mixin.py:188} INFO - [2026-02-02T14:24:36.516+0000] {dagbag.py:538} INFO - Filling up the DagBag from /home/airflow/.local/lib/python3.8/site-packages/airflow/example_dags/example_task_group.py
[2026-02-02T14:24:36.524+0000] {processor.py:840} INFO - DAG(s) 'example_task_group' retrieved from /home/airflow/.local/lib/python3.8/site-packages/airflow/example_dags/example_task_group.py
[2026-02-02T14:24:36.548+0000] {logging_mixin.py:188} INFO - [2026-02-02T14:24:36.547+0000] {dag.py:3036} INFO - Sync 1 DAGs
[2026-02-02T14:24:36.575+0000] {logging_mixin.py:188} INFO - [2026-02-02T14:24:36.575+0000] {dag.py:3823} INFO - Setting next_dagrun for example_task_group to 2026-02-01 00:00:00+00:00, run_after=2026-02-02 00:00:00+00:00
[2026-02-02T14:24:36.599+0000] {processor.py:183} INFO - Processing /home/airflow/.local/lib/python3.8/site-packages/airflow/example_dags/example_task_group.py took 0.089 seconds
[2026-02-02T14:25:06.957+0000] {processor.py:161} INFO - Started process (PID=594) to work on /home/airflow/.local/lib/python3.8/site-packages/airflow/example_dags/example_task_group.py
[2026-02-02T14:25:06.958+0000] {processor.py:830} INFO - Processing file /home/airflow/.local/lib/python3.8/site-packages/airflow/example_dags/example_task_group.py for tasks to queue
[2026-02-02T14:25:06.960+0000] {logging_mixin.py:188} INFO - [2026-02-02T14:25:06.960+0000] {dagbag.py:538} INFO - Filling up the DagBag from /home/airflow/.local/lib/python3.8/site-packages/airflow/example_dags/example_task_group.py
[2026-02-02T14:25:06.968+0000] {processor.py:840} INFO - DAG(s) 'example_task_group' retrieved from /home/airflow/.local/lib/python3.8/site-packages/airflow/example_dags/example_task_group.py
[2026-02-02T14:25:06.992+0000] {logging_mixin.py:188} INFO - [2026-02-02T14:25:06.992+0000] {dag.py:3036} INFO - Sync 1 DAGs
[2026-02-02T14:25:07.019+0000] {logging_mixin.py:188} INFO - [2026-02-02T14:25:07.019+0000] {dag.py:3823} INFO - Setting next_dagrun for example_task_group to 2026-02-01 00:00:00+00:00, run_after=2026-02-02 00:00:00+00:00
[2026-02-02T14:25:07.043+0000] {processor.py:183} INFO - Processing /home/airflow/.local/lib/python3.8/site-packages/airflow/example_dags/example_task_group.py took 0.089 seconds
[2026-02-02T14:25:37.947+0000] {processor.py:161} INFO - Started process (PID=649) to work on /home/airflow/.local/lib/python3.8/site-packages/airflow/example_dags/example_task_group.py
[2026-02-02T14:25:37.954+0000] {processor.py:830} INFO - Processing file /home/airflow/.local/lib/python3.8/site-packages/airflow/example_dags/example_task_group.py for tasks to queue
[2026-02-02T14:25:37.960+0000] {logging_mixin.py:188} INFO - [2026-02-02T14:25:37.960+0000] {dagbag.py:538} INFO - Filling up the DagBag from /home/airflow/.local/lib/python3.8/site-packages/airflow/example_dags/example_task_group.py
[2026-02-02T14:25:37.987+0000] {processor.py:840} INFO - DAG(s) 'example_task_group' retrieved from /home/airflow/.local/lib/python3.8/site-packages/airflow/example_dags/example_task_group.py
[2026-02-02T14:25:38.063+0000] {logging_mixin.py:188} INFO - [2026-02-02T14:25:38.063+0000] {dag.py:3036} INFO - Sync 1 DAGs
[2026-02-02T14:25:38.130+0000] {logging_mixin.py:188} INFO - [2026-02-02T14:25:38.130+0000] {dag.py:3823} INFO - Setting next_dagrun for example_task_group to 2026-02-01 00:00:00+00:00, run_after=2026-02-02 00:00:00+00:00
[2026-02-02T14:25:38.163+0000] {processor.py:183} INFO - Processing /home/airflow/.local/lib/python3.8/site-packages/airflow/example_dags/example_task_group.py took 0.229 seconds
[2026-02-02T14:26:08.296+0000] {processor.py:161} INFO - Started process (PID=704) to work on /home/airflow/.local/lib/python3.8/site-packages/airflow/example_dags/example_task_group.py
[2026-02-02T14:26:08.301+0000] {processor.py:830} INFO - Processing file /home/airflow/.local/lib/python3.8/site-packages/airflow/example_dags/example_task_group.py for tasks to queue
[2026-02-02T14:26:08.307+0000] {logging_mixin.py:188} INFO - [2026-02-02T14:26:08.307+0000] {dagbag.py:538} INFO - Filling up the DagBag from /home/airflow/.local/lib/python3.8/site-packages/airflow/example_dags/example_task_group.py
[2026-02-02T14:26:08.331+0000] {processor.py:840} INFO - DAG(s) 'example_task_group' retrieved from /home/airflow/.local/lib/python3.8/site-packages/airflow/example_dags/example_task_group.py
[2026-02-02T14:26:08.396+0000] {logging_mixin.py:188} INFO - [2026-02-02T14:26:08.396+0000] {dag.py:3036} INFO - Sync 1 DAGs
[2026-02-02T14:26:08.473+0000] {logging_mixin.py:188} INFO - [2026-02-02T14:26:08.473+0000] {dag.py:3823} INFO - Setting next_dagrun for example_task_group to 2026-02-01 00:00:00+00:00, run_after=2026-02-02 00:00:00+00:00
[2026-02-02T14:26:08.536+0000] {processor.py:183} INFO - Processing /home/airflow/.local/lib/python3.8/site-packages/airflow/example_dags/example_task_group.py took 0.252 seconds
[2026-02-02T14:26:38.690+0000] {processor.py:161} INFO - Started process (PID=760) to work on /home/airflow/.local/lib/python3.8/site-packages/airflow/example_dags/example_task_group.py
[2026-02-02T14:26:38.691+0000] {processor.py:830} INFO - Processing file /home/airflow/.local/lib/python3.8/site-packages/airflow/example_dags/example_task_group.py for tasks to queue
[2026-02-02T14:26:38.692+0000] {logging_mixin.py:188} INFO - [2026-02-02T14:26:38.692+0000] {dagbag.py:538} INFO - Filling up the DagBag from /home/airflow/.local/lib/python3.8/site-packages/airflow/example_dags/example_task_group.py
[2026-02-02T14:26:38.698+0000] {processor.py:840} INFO - DAG(s) 'example_task_group' retrieved from /home/airflow/.local/lib/python3.8/site-packages/airflow/example_dags/example_task_group.py
[2026-02-02T14:26:38.715+0000] {logging_mixin.py:188} INFO - [2026-02-02T14:26:38.715+0000] {dag.py:3036} INFO - Sync 1 DAGs
[2026-02-02T14:26:38.732+0000] {logging_mixin.py:188} INFO - [2026-02-02T14:26:38.731+0000] {dag.py:3823} INFO - Setting next_dagrun for example_task_group to 2026-02-01 00:00:00+00:00, run_after=2026-02-02 00:00:00+00:00
[2026-02-02T14:26:38.745+0000] {processor.py:183} INFO - Processing /home/airflow/.local/lib/python3.8/site-packages/airflow/example_dags/example_task_group.py took 0.057 seconds
[2026-02-02T14:27:09.258+0000] {processor.py:161} INFO - Started process (PID=814) to work on /home/airflow/.local/lib/python3.8/site-packages/airflow/example_dags/example_task_group.py
[2026-02-02T14:27:09.258+0000] {processor.py:830} INFO - Processing file /home/airflow/.local/lib/python3.8/site-packages/airflow/example_dags/example_task_group.py for tasks to queue
[2026-02-02T14:27:09.260+0000] {logging_mixin.py:188} INFO - [2026-02-02T14:27:09.260+0000] {dagbag.py:538} INFO - Filling up the DagBag from /home/airflow/.local/lib/python3.8/site-packages/airflow/example_dags/example_task_group.py
[2026-02-02T14:27:09.269+0000] {processor.py:840} INFO - DAG(s) 'example_task_group' retrieved from /home/airflow/.local/lib/python3.8/site-packages/airflow/example_dags/example_task_group.py
[2026-02-02T14:27:09.292+0000] {logging_mixin.py:188} INFO - [2026-02-02T14:27:09.292+0000] {dag.py:3036} INFO - Sync 1 DAGs
[2026-02-02T14:27:09.318+0000] {logging_mixin.py:188} INFO - [2026-02-02T14:27:09.317+0000] {dag.py:3823} INFO - Setting next_dagrun for example_task_group to 2026-02-01 00:00:00+00:00, run_after=2026-02-02 00:00:00+00:00
[2026-02-02T14:27:09.336+0000] {processor.py:183} INFO - Processing /home/airflow/.local/lib/python3.8/site-packages/airflow/example_dags/example_task_group.py took 0.085 seconds
[2026-02-02T14:27:39.487+0000] {processor.py:161} INFO - Started process (PID=869) to work on /home/airflow/.local/lib/python3.8/site-packages/airflow/example_dags/example_task_group.py
[2026-02-02T14:27:39.489+0000] {processor.py:830} INFO - Processing file /home/airflow/.local/lib/python3.8/site-packages/airflow/example_dags/example_task_group.py for tasks to queue
[2026-02-02T14:27:39.491+0000] {logging_mixin.py:188} INFO - [2026-02-02T14:27:39.491+0000] {dagbag.py:538} INFO - Filling up the DagBag from /home/airflow/.local/lib/python3.8/site-packages/airflow/example_dags/example_task_group.py
[2026-02-02T14:27:39.499+0000] {processor.py:840} INFO - DAG(s) 'example_task_group' retrieved from /home/airflow/.local/lib/python3.8/site-packages/airflow/example_dags/example_task_group.py
[2026-02-02T14:27:39.523+0000] {logging_mixin.py:188} INFO - [2026-02-02T14:27:39.523+0000] {dag.py:3036} INFO - Sync 1 DAGs
[2026-02-02T14:27:39.548+0000] {logging_mixin.py:188} INFO - [2026-02-02T14:27:39.548+0000] {dag.py:3823} INFO - Setting next_dagrun for example_task_group to 2026-02-01 00:00:00+00:00, run_after=2026-02-02 00:00:00+00:00
[2026-02-02T14:27:39.566+0000] {processor.py:183} INFO - Processing /home/airflow/.local/lib/python3.8/site-packages/airflow/example_dags/example_task_group.py took 0.083 seconds
[2026-02-02T14:28:09.945+0000] {processor.py:161} INFO - Started process (PID=924) to work on /home/airflow/.local/lib/python3.8/site-packages/airflow/example_dags/example_task_group.py
[2026-02-02T14:28:09.947+0000] {processor.py:830} INFO - Processing file /home/airflow/.local/lib/python3.8/site-packages/airflow/example_dags/example_task_group.py for tasks to queue
[2026-02-02T14:28:09.949+0000] {logging_mixin.py:188} INFO - [2026-02-02T14:28:09.949+0000] {dagbag.py:538} INFO - Filling up the DagBag from /home/airflow/.local/lib/python3.8/site-packages/airflow/example_dags/example_task_group.py
[2026-02-02T14:28:09.958+0000] {processor.py:840} INFO - DAG(s) 'example_task_group' retrieved from /home/airflow/.local/lib/python3.8/site-packages/airflow/example_dags/example_task_group.py
[2026-02-02T14:28:09.983+0000] {logging_mixin.py:188} INFO - [2026-02-02T14:28:09.983+0000] {dag.py:3036} INFO - Sync 1 DAGs
[2026-02-02T14:28:10.009+0000] {logging_mixin.py:188} INFO - [2026-02-02T14:28:10.008+0000] {dag.py:3823} INFO - Setting next_dagrun for example_task_group to 2026-02-01 00:00:00+00:00, run_after=2026-02-02 00:00:00+00:00
[2026-02-02T14:28:10.043+0000] {processor.py:183} INFO - Processing /home/airflow/.local/lib/python3.8/site-packages/airflow/example_dags/example_task_group.py took 0.103 seconds
[2026-02-02T14:28:40.107+0000] {processor.py:161} INFO - Started process (PID=979) to work on /home/airflow/.local/lib/python3.8/site-packages/airflow/example_dags/example_task_group.py
[2026-02-02T14:28:40.108+0000] {processor.py:830} INFO - Processing file /home/airflow/.local/lib/python3.8/site-packages/airflow/example_dags/example_task_group.py for tasks to queue
[2026-02-02T14:28:40.110+0000] {logging_mixin.py:188} INFO - [2026-02-02T14:28:40.109+0000] {dagbag.py:538} INFO - Filling up the DagBag from /home/airflow/.local/lib/python3.8/site-packages/airflow/example_dags/example_task_group.py
[2026-02-02T14:28:40.118+0000] {processor.py:840} INFO - DAG(s) 'example_task_group' retrieved from /home/airflow/.local/lib/python3.8/site-packages/airflow/example_dags/example_task_group.py
[2026-02-02T14:28:40.142+0000] {logging_mixin.py:188} INFO - [2026-02-02T14:28:40.142+0000] {dag.py:3036} INFO - Sync 1 DAGs
[2026-02-02T14:28:40.167+0000] {logging_mixin.py:188} INFO - [2026-02-02T14:28:40.167+0000] {dag.py:3823} INFO - Setting next_dagrun for example_task_group to 2026-02-01 00:00:00+00:00, run_after=2026-02-02 00:00:00+00:00
[2026-02-02T14:28:40.186+0000] {processor.py:183} INFO - Processing /home/airflow/.local/lib/python3.8/site-packages/airflow/example_dags/example_task_group.py took 0.083 seconds
[2026-02-02T14:29:10.660+0000] {processor.py:161} INFO - Started process (PID=1034) to work on /home/airflow/.local/lib/python3.8/site-packages/airflow/example_dags/example_task_group.py
[2026-02-02T14:29:10.661+0000] {processor.py:830} INFO - Processing file /home/airflow/.local/lib/python3.8/site-packages/airflow/example_dags/example_task_group.py for tasks to queue
[2026-02-02T14:29:10.664+0000] {logging_mixin.py:188} INFO - [2026-02-02T14:29:10.663+0000] {dagbag.py:538} INFO - Filling up the DagBag from /home/airflow/.local/lib/python3.8/site-packages/airflow/example_dags/example_task_group.py
[2026-02-02T14:29:10.672+0000] {processor.py:840} INFO - DAG(s) 'example_task_group' retrieved from /home/airflow/.local/lib/python3.8/site-packages/airflow/example_dags/example_task_group.py
[2026-02-02T14:29:10.695+0000] {logging_mixin.py:188} INFO - [2026-02-02T14:29:10.694+0000] {dag.py:3036} INFO - Sync 1 DAGs
[2026-02-02T14:29:10.720+0000] {logging_mixin.py:188} INFO - [2026-02-02T14:29:10.720+0000] {dag.py:3823} INFO - Setting next_dagrun for example_task_group to 2026-02-01 00:00:00+00:00, run_after=2026-02-02 00:00:00+00:00
[2026-02-02T14:29:10.739+0000] {processor.py:183} INFO - Processing /home/airflow/.local/lib/python3.8/site-packages/airflow/example_dags/example_task_group.py took 0.084 seconds
[2026-02-02T14:29:41.555+0000] {processor.py:161} INFO - Started process (PID=1089) to work on /home/airflow/.local/lib/python3.8/site-packages/airflow/example_dags/example_task_group.py
[2026-02-02T14:29:41.556+0000] {processor.py:830} INFO - Processing file /home/airflow/.local/lib/python3.8/site-packages/airflow/example_dags/example_task_group.py for tasks to queue
[2026-02-02T14:29:41.558+0000] {logging_mixin.py:188} INFO - [2026-02-02T14:29:41.558+0000] {dagbag.py:538} INFO - Filling up the DagBag from /home/airflow/.local/lib/python3.8/site-packages/airflow/example_dags/example_task_group.py
[2026-02-02T14:29:41.566+0000] {processor.py:840} INFO - DAG(s) 'example_task_group' retrieved from /home/airflow/.local/lib/python3.8/site-packages/airflow/example_dags/example_task_group.py
[2026-02-02T14:29:41.589+0000] {logging_mixin.py:188} INFO - [2026-02-02T14:29:41.589+0000] {dag.py:3036} INFO - Sync 1 DAGs
[2026-02-02T14:29:41.621+0000] {logging_mixin.py:188} INFO - [2026-02-02T14:29:41.621+0000] {dag.py:3823} INFO - Setting next_dagrun for example_task_group to 2026-02-01 00:00:00+00:00, run_after=2026-02-02 00:00:00+00:00
[2026-02-02T14:29:41.656+0000] {processor.py:183} INFO - Processing /home/airflow/.local/lib/python3.8/site-packages/airflow/example_dags/example_task_group.py took 0.104 seconds
[2026-02-02T14:30:12.212+0000] {processor.py:161} INFO - Started process (PID=1144) to work on /home/airflow/.local/lib/python3.8/site-packages/airflow/example_dags/example_task_group.py
[2026-02-02T14:30:12.213+0000] {processor.py:830} INFO - Processing file /home/airflow/.local/lib/python3.8/site-packages/airflow/example_dags/example_task_group.py for tasks to queue
[2026-02-02T14:30:12.214+0000] {logging_mixin.py:188} INFO - [2026-02-02T14:30:12.214+0000] {dagbag.py:538} INFO - Filling up the DagBag from /home/airflow/.local/lib/python3.8/site-packages/airflow/example_dags/example_task_group.py
[2026-02-02T14:30:12.223+0000] {processor.py:840} INFO - DAG(s) 'example_task_group' retrieved from /home/airflow/.local/lib/python3.8/site-packages/airflow/example_dags/example_task_group.py
[2026-02-02T14:30:12.258+0000] {logging_mixin.py:188} INFO - [2026-02-02T14:30:12.257+0000] {dag.py:3036} INFO - Sync 1 DAGs
[2026-02-02T14:30:12.284+0000] {logging_mixin.py:188} INFO - [2026-02-02T14:30:12.284+0000] {dag.py:3823} INFO - Setting next_dagrun for example_task_group to 2026-02-01 00:00:00+00:00, run_after=2026-02-02 00:00:00+00:00
[2026-02-02T14:30:12.303+0000] {processor.py:183} INFO - Processing /home/airflow/.local/lib/python3.8/site-packages/airflow/example_dags/example_task_group.py took 0.095 seconds
[2026-02-02T14:30:42.954+0000] {processor.py:161} INFO - Started process (PID=1199) to work on /home/airflow/.local/lib/python3.8/site-packages/airflow/example_dags/example_task_group.py
[2026-02-02T14:30:42.955+0000] {processor.py:830} INFO - Processing file /home/airflow/.local/lib/python3.8/site-packages/airflow/example_dags/example_task_group.py for tasks to queue
[2026-02-02T14:30:42.957+0000] {logging_mixin.py:188} INFO - [2026-02-02T14:30:42.957+0000] {dagbag.py:538} INFO - Filling up the DagBag from /home/airflow/.local/lib/python3.8/site-packages/airflow/example_dags/example_task_group.py
[2026-02-02T14:30:42.965+0000] {processor.py:840} INFO - DAG(s) 'example_task_group' retrieved from /home/airflow/.local/lib/python3.8/site-packages/airflow/example_dags/example_task_group.py
[2026-02-02T14:30:42.989+0000] {logging_mixin.py:188} INFO - [2026-02-02T14:30:42.988+0000] {dag.py:3036} INFO - Sync 1 DAGs
[2026-02-02T14:30:43.015+0000] {logging_mixin.py:188} INFO - [2026-02-02T14:30:43.015+0000] {dag.py:3823} INFO - Setting next_dagrun for example_task_group to 2026-02-01 00:00:00+00:00, run_after=2026-02-02 00:00:00+00:00
[2026-02-02T14:30:43.036+0000] {processor.py:183} INFO - Processing /home/airflow/.local/lib/python3.8/site-packages/airflow/example_dags/example_task_group.py took 0.085 seconds
[2026-02-02T14:31:13.418+0000] {processor.py:161} INFO - Started process (PID=1254) to work on /home/airflow/.local/lib/python3.8/site-packages/airflow/example_dags/example_task_group.py
[2026-02-02T14:31:13.418+0000] {processor.py:830} INFO - Processing file /home/airflow/.local/lib/python3.8/site-packages/airflow/example_dags/example_task_group.py for tasks to queue
[2026-02-02T14:31:13.420+0000] {logging_mixin.py:188} INFO - [2026-02-02T14:31:13.420+0000] {dagbag.py:538} INFO - Filling up the DagBag from /home/airflow/.local/lib/python3.8/site-packages/airflow/example_dags/example_task_group.py
[2026-02-02T14:31:13.447+0000] {processor.py:840} INFO - DAG(s) 'example_task_group' retrieved from /home/airflow/.local/lib/python3.8/site-packages/airflow/example_dags/example_task_group.py
[2026-02-02T14:31:13.505+0000] {logging_mixin.py:188} INFO - [2026-02-02T14:31:13.504+0000] {dag.py:3036} INFO - Sync 1 DAGs
[2026-02-02T14:31:13.530+0000] {logging_mixin.py:188} INFO - [2026-02-02T14:31:13.529+0000] {dag.py:3823} INFO - Setting next_dagrun for example_task_group to 2026-02-01 00:00:00+00:00, run_after=2026-02-02 00:00:00+00:00
[2026-02-02T14:31:13.548+0000] {processor.py:183} INFO - Processing /home/airflow/.local/lib/python3.8/site-packages/airflow/example_dags/example_task_group.py took 0.134 seconds
[2026-02-02T14:31:44.159+0000] {processor.py:161} INFO - Started process (PID=1309) to work on /home/airflow/.local/lib/python3.8/site-packages/airflow/example_dags/example_task_group.py
[2026-02-02T14:31:44.160+0000] {processor.py:830} INFO - Processing file /home/airflow/.local/lib/python3.8/site-packages/airflow/example_dags/example_task_group.py for tasks to queue
[2026-02-02T14:31:44.162+0000] {logging_mixin.py:188} INFO - [2026-02-02T14:31:44.162+0000] {dagbag.py:538} INFO - Filling up the DagBag from /home/airflow/.local/lib/python3.8/site-packages/airflow/example_dags/example_task_group.py
[2026-02-02T14:31:44.171+0000] {processor.py:840} INFO - DAG(s) 'example_task_group' retrieved from /home/airflow/.local/lib/python3.8/site-packages/airflow/example_dags/example_task_group.py
[2026-02-02T14:31:44.197+0000] {logging_mixin.py:188} INFO - [2026-02-02T14:31:44.196+0000] {dag.py:3036} INFO - Sync 1 DAGs
[2026-02-02T14:31:44.248+0000] {logging_mixin.py:188} INFO - [2026-02-02T14:31:44.248+0000] {dag.py:3823} INFO - Setting next_dagrun for example_task_group to 2026-02-01 00:00:00+00:00, run_after=2026-02-02 00:00:00+00:00
[2026-02-02T14:31:44.266+0000] {processor.py:183} INFO - Processing /home/airflow/.local/lib/python3.8/site-packages/airflow/example_dags/example_task_group.py took 0.111 seconds
[2026-02-02T14:32:14.759+0000] {processor.py:161} INFO - Started process (PID=1364) to work on /home/airflow/.local/lib/python3.8/site-packages/airflow/example_dags/example_task_group.py
[2026-02-02T14:32:14.768+0000] {processor.py:830} INFO - Processing file /home/airflow/.local/lib/python3.8/site-packages/airflow/example_dags/example_task_group.py for tasks to queue
[2026-02-02T14:32:14.777+0000] {logging_mixin.py:188} INFO - [2026-02-02T14:32:14.776+0000] {dagbag.py:538} INFO - Filling up the DagBag from /home/airflow/.local/lib/python3.8/site-packages/airflow/example_dags/example_task_group.py
[2026-02-02T14:32:14.807+0000] {processor.py:840} INFO - DAG(s) 'example_task_group' retrieved from /home/airflow/.local/lib/python3.8/site-packages/airflow/example_dags/example_task_group.py
[2026-02-02T14:32:14.864+0000] {logging_mixin.py:188} INFO - [2026-02-02T14:32:14.860+0000] {dag.py:3036} INFO - Sync 1 DAGs
[2026-02-02T14:32:14.892+0000] {logging_mixin.py:188} INFO - [2026-02-02T14:32:14.892+0000] {dag.py:3823} INFO - Setting next_dagrun for example_task_group to 2026-02-01 00:00:00+00:00, run_after=2026-02-02 00:00:00+00:00
[2026-02-02T14:32:14.911+0000] {processor.py:183} INFO - Processing /home/airflow/.local/lib/python3.8/site-packages/airflow/example_dags/example_task_group.py took 0.167 seconds
[2026-02-02T14:32:45.317+0000] {processor.py:161} INFO - Started process (PID=1419) to work on /home/airflow/.local/lib/python3.8/site-packages/airflow/example_dags/example_task_group.py
[2026-02-02T14:32:45.318+0000] {processor.py:830} INFO - Processing file /home/airflow/.local/lib/python3.8/site-packages/airflow/example_dags/example_task_group.py for tasks to queue
[2026-02-02T14:32:45.320+0000] {logging_mixin.py:188} INFO - [2026-02-02T14:32:45.320+0000] {dagbag.py:538} INFO - Filling up the DagBag from /home/airflow/.local/lib/python3.8/site-packages/airflow/example_dags/example_task_group.py
[2026-02-02T14:32:45.329+0000] {processor.py:840} INFO - DAG(s) 'example_task_group' retrieved from /home/airflow/.local/lib/python3.8/site-packages/airflow/example_dags/example_task_group.py
[2026-02-02T14:32:45.354+0000] {logging_mixin.py:188} INFO - [2026-02-02T14:32:45.354+0000] {dag.py:3036} INFO - Sync 1 DAGs
[2026-02-02T14:32:45.381+0000] {logging_mixin.py:188} INFO - [2026-02-02T14:32:45.381+0000] {dag.py:3823} INFO - Setting next_dagrun for example_task_group to 2026-02-01 00:00:00+00:00, run_after=2026-02-02 00:00:00+00:00
[2026-02-02T14:32:45.401+0000] {processor.py:183} INFO - Processing /home/airflow/.local/lib/python3.8/site-packages/airflow/example_dags/example_task_group.py took 0.087 seconds
[2026-02-02T14:33:16.395+0000] {processor.py:161} INFO - Started process (PID=1474) to work on /home/airflow/.local/lib/python3.8/site-packages/airflow/example_dags/example_task_group.py
[2026-02-02T14:33:16.396+0000] {processor.py:830} INFO - Processing file /home/airflow/.local/lib/python3.8/site-packages/airflow/example_dags/example_task_group.py for tasks to queue
[2026-02-02T14:33:16.398+0000] {logging_mixin.py:188} INFO - [2026-02-02T14:33:16.398+0000] {dagbag.py:538} INFO - Filling up the DagBag from /home/airflow/.local/lib/python3.8/site-packages/airflow/example_dags/example_task_group.py
[2026-02-02T14:33:16.406+0000] {processor.py:840} INFO - DAG(s) 'example_task_group' retrieved from /home/airflow/.local/lib/python3.8/site-packages/airflow/example_dags/example_task_group.py
[2026-02-02T14:33:16.429+0000] {logging_mixin.py:188} INFO - [2026-02-02T14:33:16.429+0000] {dag.py:3036} INFO - Sync 1 DAGs
[2026-02-02T14:33:16.454+0000] {logging_mixin.py:188} INFO - [2026-02-02T14:33:16.454+0000] {dag.py:3823} INFO - Setting next_dagrun for example_task_group to 2026-02-01 00:00:00+00:00, run_after=2026-02-02 00:00:00+00:00
[2026-02-02T14:33:16.476+0000] {processor.py:183} INFO - Processing /home/airflow/.local/lib/python3.8/site-packages/airflow/example_dags/example_task_group.py took 0.084 seconds
[2026-02-02T14:33:46.567+0000] {processor.py:161} INFO - Started process (PID=1529) to work on /home/airflow/.local/lib/python3.8/site-packages/airflow/example_dags/example_task_group.py
[2026-02-02T14:33:46.567+0000] {processor.py:830} INFO - Processing file /home/airflow/.local/lib/python3.8/site-packages/airflow/example_dags/example_task_group.py for tasks to queue
[2026-02-02T14:33:46.569+0000] {logging_mixin.py:188} INFO - [2026-02-02T14:33:46.569+0000] {dagbag.py:538} INFO - Filling up the DagBag from /home/airflow/.local/lib/python3.8/site-packages/airflow/example_dags/example_task_group.py
[2026-02-02T14:33:46.577+0000] {processor.py:840} INFO - DAG(s) 'example_task_group' retrieved from /home/airflow/.local/lib/python3.8/site-packages/airflow/example_dags/example_task_group.py
[2026-02-02T14:33:46.627+0000] {logging_mixin.py:188} INFO - [2026-02-02T14:33:46.626+0000] {dag.py:3036} INFO - Sync 1 DAGs
[2026-02-02T14:33:46.692+0000] {logging_mixin.py:188} INFO - [2026-02-02T14:33:46.692+0000] {dag.py:3823} INFO - Setting next_dagrun for example_task_group to 2026-02-01 00:00:00+00:00, run_after=2026-02-02 00:00:00+00:00
[2026-02-02T14:33:46.743+0000] {processor.py:183} INFO - Processing /home/airflow/.local/lib/python3.8/site-packages/airflow/example_dags/example_task_group.py took 0.185 seconds
[2026-02-02T14:34:17.070+0000] {processor.py:161} INFO - Started process (PID=1584) to work on /home/airflow/.local/lib/python3.8/site-packages/airflow/example_dags/example_task_group.py
[2026-02-02T14:34:17.076+0000] {processor.py:830} INFO - Processing file /home/airflow/.local/lib/python3.8/site-packages/airflow/example_dags/example_task_group.py for tasks to queue
[2026-02-02T14:34:17.081+0000] {logging_mixin.py:188} INFO - [2026-02-02T14:34:17.080+0000] {dagbag.py:538} INFO - Filling up the DagBag from /home/airflow/.local/lib/python3.8/site-packages/airflow/example_dags/example_task_group.py
[2026-02-02T14:34:17.088+0000] {processor.py:840} INFO - DAG(s) 'example_task_group' retrieved from /home/airflow/.local/lib/python3.8/site-packages/airflow/example_dags/example_task_group.py
[2026-02-02T14:34:17.149+0000] {logging_mixin.py:188} INFO - [2026-02-02T14:34:17.149+0000] {dag.py:3036} INFO - Sync 1 DAGs
[2026-02-02T14:34:17.200+0000] {logging_mixin.py:188} INFO - [2026-02-02T14:34:17.197+0000] {dag.py:3823} INFO - Setting next_dagrun for example_task_group to 2026-02-01 00:00:00+00:00, run_after=2026-02-02 00:00:00+00:00
[2026-02-02T14:34:17.236+0000] {processor.py:183} INFO - Processing /home/airflow/.local/lib/python3.8/site-packages/airflow/example_dags/example_task_group.py took 0.177 seconds
[2026-02-02T14:34:47.275+0000] {processor.py:161} INFO - Started process (PID=1639) to work on /home/airflow/.local/lib/python3.8/site-packages/airflow/example_dags/example_task_group.py
[2026-02-02T14:34:47.276+0000] {processor.py:830} INFO - Processing file /home/airflow/.local/lib/python3.8/site-packages/airflow/example_dags/example_task_group.py for tasks to queue
[2026-02-02T14:34:47.278+0000] {logging_mixin.py:188} INFO - [2026-02-02T14:34:47.277+0000] {dagbag.py:538} INFO - Filling up the DagBag from /home/airflow/.local/lib/python3.8/site-packages/airflow/example_dags/example_task_group.py
[2026-02-02T14:34:47.284+0000] {processor.py:840} INFO - DAG(s) 'example_task_group' retrieved from /home/airflow/.local/lib/python3.8/site-packages/airflow/example_dags/example_task_group.py
[2026-02-02T14:34:47.302+0000] {logging_mixin.py:188} INFO - [2026-02-02T14:34:47.302+0000] {dag.py:3036} INFO - Sync 1 DAGs
[2026-02-02T14:34:47.319+0000] {logging_mixin.py:188} INFO - [2026-02-02T14:34:47.319+0000] {dag.py:3823} INFO - Setting next_dagrun for example_task_group to 2026-02-01 00:00:00+00:00, run_after=2026-02-02 00:00:00+00:00
[2026-02-02T14:34:47.333+0000] {processor.py:183} INFO - Processing /home/airflow/.local/lib/python3.8/site-packages/airflow/example_dags/example_task_group.py took 0.060 seconds
[2026-02-02T14:35:17.509+0000] {processor.py:161} INFO - Started process (PID=1694) to work on /home/airflow/.local/lib/python3.8/site-packages/airflow/example_dags/example_task_group.py
[2026-02-02T14:35:17.510+0000] {processor.py:830} INFO - Processing file /home/airflow/.local/lib/python3.8/site-packages/airflow/example_dags/example_task_group.py for tasks to queue
[2026-02-02T14:35:17.512+0000] {logging_mixin.py:188} INFO - [2026-02-02T14:35:17.512+0000] {dagbag.py:538} INFO - Filling up the DagBag from /home/airflow/.local/lib/python3.8/site-packages/airflow/example_dags/example_task_group.py
[2026-02-02T14:35:17.520+0000] {processor.py:840} INFO - DAG(s) 'example_task_group' retrieved from /home/airflow/.local/lib/python3.8/site-packages/airflow/example_dags/example_task_group.py
[2026-02-02T14:35:17.544+0000] {logging_mixin.py:188} INFO - [2026-02-02T14:35:17.544+0000] {dag.py:3036} INFO - Sync 1 DAGs
[2026-02-02T14:35:17.570+0000] {logging_mixin.py:188} INFO - [2026-02-02T14:35:17.570+0000] {dag.py:3823} INFO - Setting next_dagrun for example_task_group to 2026-02-01 00:00:00+00:00, run_after=2026-02-02 00:00:00+00:00
[2026-02-02T14:35:17.594+0000] {processor.py:183} INFO - Processing /home/airflow/.local/lib/python3.8/site-packages/airflow/example_dags/example_task_group.py took 0.088 seconds
[2026-02-02T14:35:47.913+0000] {processor.py:161} INFO - Started process (PID=1749) to work on /home/airflow/.local/lib/python3.8/site-packages/airflow/example_dags/example_task_group.py
[2026-02-02T14:35:47.913+0000] {processor.py:830} INFO - Processing file /home/airflow/.local/lib/python3.8/site-packages/airflow/example_dags/example_task_group.py for tasks to queue
[2026-02-02T14:35:47.916+0000] {logging_mixin.py:188} INFO - [2026-02-02T14:35:47.915+0000] {dagbag.py:538} INFO - Filling up the DagBag from /home/airflow/.local/lib/python3.8/site-packages/airflow/example_dags/example_task_group.py
[2026-02-02T14:35:47.926+0000] {processor.py:840} INFO - DAG(s) 'example_task_group' retrieved from /home/airflow/.local/lib/python3.8/site-packages/airflow/example_dags/example_task_group.py
[2026-02-02T14:35:47.951+0000] {logging_mixin.py:188} INFO - [2026-02-02T14:35:47.950+0000] {dag.py:3036} INFO - Sync 1 DAGs
[2026-02-02T14:35:47.978+0000] {logging_mixin.py:188} INFO - [2026-02-02T14:35:47.978+0000] {dag.py:3823} INFO - Setting next_dagrun for example_task_group to 2026-02-01 00:00:00+00:00, run_after=2026-02-02 00:00:00+00:00
[2026-02-02T14:35:47.997+0000] {processor.py:183} INFO - Processing /home/airflow/.local/lib/python3.8/site-packages/airflow/example_dags/example_task_group.py took 0.088 seconds
[2026-02-02T14:36:18.298+0000] {processor.py:161} INFO - Started process (PID=1804) to work on /home/airflow/.local/lib/python3.8/site-packages/airflow/example_dags/example_task_group.py
[2026-02-02T14:36:18.299+0000] {processor.py:830} INFO - Processing file /home/airflow/.local/lib/python3.8/site-packages/airflow/example_dags/example_task_group.py for tasks to queue
[2026-02-02T14:36:18.300+0000] {logging_mixin.py:188} INFO - [2026-02-02T14:36:18.300+0000] {dagbag.py:538} INFO - Filling up the DagBag from /home/airflow/.local/lib/python3.8/site-packages/airflow/example_dags/example_task_group.py
[2026-02-02T14:36:18.310+0000] {processor.py:840} INFO - DAG(s) 'example_task_group' retrieved from /home/airflow/.local/lib/python3.8/site-packages/airflow/example_dags/example_task_group.py
[2026-02-02T14:36:18.350+0000] {logging_mixin.py:188} INFO - [2026-02-02T14:36:18.349+0000] {dag.py:3036} INFO - Sync 1 DAGs
[2026-02-02T14:36:18.383+0000] {logging_mixin.py:188} INFO - [2026-02-02T14:36:18.382+0000] {dag.py:3823} INFO - Setting next_dagrun for example_task_group to 2026-02-01 00:00:00+00:00, run_after=2026-02-02 00:00:00+00:00
[2026-02-02T14:36:18.403+0000] {processor.py:183} INFO - Processing /home/airflow/.local/lib/python3.8/site-packages/airflow/example_dags/example_task_group.py took 0.108 seconds
[2026-02-02T14:36:49.172+0000] {processor.py:161} INFO - Started process (PID=1859) to work on /home/airflow/.local/lib/python3.8/site-packages/airflow/example_dags/example_task_group.py
[2026-02-02T14:36:49.173+0000] {processor.py:830} INFO - Processing file /home/airflow/.local/lib/python3.8/site-packages/airflow/example_dags/example_task_group.py for tasks to queue
[2026-02-02T14:36:49.175+0000] {logging_mixin.py:188} INFO - [2026-02-02T14:36:49.174+0000] {dagbag.py:538} INFO - Filling up the DagBag from /home/airflow/.local/lib/python3.8/site-packages/airflow/example_dags/example_task_group.py
[2026-02-02T14:36:49.183+0000] {processor.py:840} INFO - DAG(s) 'example_task_group' retrieved from /home/airflow/.local/lib/python3.8/site-packages/airflow/example_dags/example_task_group.py
[2026-02-02T14:36:49.207+0000] {logging_mixin.py:188} INFO - [2026-02-02T14:36:49.206+0000] {dag.py:3036} INFO - Sync 1 DAGs
[2026-02-02T14:36:49.233+0000] {logging_mixin.py:188} INFO - [2026-02-02T14:36:49.233+0000] {dag.py:3823} INFO - Setting next_dagrun for example_task_group to 2026-02-01 00:00:00+00:00, run_after=2026-02-02 00:00:00+00:00
[2026-02-02T14:36:49.261+0000] {processor.py:183} INFO - Processing /home/airflow/.local/lib/python3.8/site-packages/airflow/example_dags/example_task_group.py took 0.093 seconds
[2026-02-02T14:37:19.613+0000] {processor.py:161} INFO - Started process (PID=1914) to work on /home/airflow/.local/lib/python3.8/site-packages/airflow/example_dags/example_task_group.py
[2026-02-02T14:37:19.615+0000] {processor.py:830} INFO - Processing file /home/airflow/.local/lib/python3.8/site-packages/airflow/example_dags/example_task_group.py for tasks to queue
[2026-02-02T14:37:19.617+0000] {logging_mixin.py:188} INFO - [2026-02-02T14:37:19.617+0000] {dagbag.py:538} INFO - Filling up the DagBag from /home/airflow/.local/lib/python3.8/site-packages/airflow/example_dags/example_task_group.py
[2026-02-02T14:37:19.626+0000] {processor.py:840} INFO - DAG(s) 'example_task_group' retrieved from /home/airflow/.local/lib/python3.8/site-packages/airflow/example_dags/example_task_group.py
[2026-02-02T14:37:19.654+0000] {logging_mixin.py:188} INFO - [2026-02-02T14:37:19.653+0000] {dag.py:3036} INFO - Sync 1 DAGs
[2026-02-02T14:37:19.692+0000] {logging_mixin.py:188} INFO - [2026-02-02T14:37:19.692+0000] {dag.py:3823} INFO - Setting next_dagrun for example_task_group to 2026-02-01 00:00:00+00:00, run_after=2026-02-02 00:00:00+00:00
[2026-02-02T14:37:19.710+0000] {processor.py:183} INFO - Processing /home/airflow/.local/lib/python3.8/site-packages/airflow/example_dags/example_task_group.py took 0.102 seconds
[2026-02-02T14:37:49.989+0000] {processor.py:161} INFO - Started process (PID=1969) to work on /home/airflow/.local/lib/python3.8/site-packages/airflow/example_dags/example_task_group.py
[2026-02-02T14:37:49.996+0000] {processor.py:830} INFO - Processing file /home/airflow/.local/lib/python3.8/site-packages/airflow/example_dags/example_task_group.py for tasks to queue
[2026-02-02T14:37:50.004+0000] {logging_mixin.py:188} INFO - [2026-02-02T14:37:49.997+0000] {dagbag.py:538} INFO - Filling up the DagBag from /home/airflow/.local/lib/python3.8/site-packages/airflow/example_dags/example_task_group.py
[2026-02-02T14:37:50.033+0000] {processor.py:840} INFO - DAG(s) 'example_task_group' retrieved from /home/airflow/.local/lib/python3.8/site-packages/airflow/example_dags/example_task_group.py
[2026-02-02T14:37:50.106+0000] {logging_mixin.py:188} INFO - [2026-02-02T14:37:50.105+0000] {dag.py:3036} INFO - Sync 1 DAGs
[2026-02-02T14:37:50.135+0000] {logging_mixin.py:188} INFO - [2026-02-02T14:37:50.135+0000] {dag.py:3823} INFO - Setting next_dagrun for example_task_group to 2026-02-01 00:00:00+00:00, run_after=2026-02-02 00:00:00+00:00
[2026-02-02T14:37:50.153+0000] {processor.py:183} INFO - Processing /home/airflow/.local/lib/python3.8/site-packages/airflow/example_dags/example_task_group.py took 0.181 seconds
[2026-02-02T14:38:20.256+0000] {processor.py:161} INFO - Started process (PID=2023) to work on /home/airflow/.local/lib/python3.8/site-packages/airflow/example_dags/example_task_group.py
[2026-02-02T14:38:20.257+0000] {processor.py:830} INFO - Processing file /home/airflow/.local/lib/python3.8/site-packages/airflow/example_dags/example_task_group.py for tasks to queue
[2026-02-02T14:38:20.259+0000] {logging_mixin.py:188} INFO - [2026-02-02T14:38:20.259+0000] {dagbag.py:538} INFO - Filling up the DagBag from /home/airflow/.local/lib/python3.8/site-packages/airflow/example_dags/example_task_group.py
[2026-02-02T14:38:20.269+0000] {processor.py:840} INFO - DAG(s) 'example_task_group' retrieved from /home/airflow/.local/lib/python3.8/site-packages/airflow/example_dags/example_task_group.py
[2026-02-02T14:38:20.316+0000] {logging_mixin.py:188} INFO - [2026-02-02T14:38:20.316+0000] {dag.py:3036} INFO - Sync 1 DAGs
[2026-02-02T14:38:20.342+0000] {logging_mixin.py:188} INFO - [2026-02-02T14:38:20.342+0000] {dag.py:3823} INFO - Setting next_dagrun for example_task_group to 2026-02-01 00:00:00+00:00, run_after=2026-02-02 00:00:00+00:00
[2026-02-02T14:38:20.362+0000] {processor.py:183} INFO - Processing /home/airflow/.local/lib/python3.8/site-packages/airflow/example_dags/example_task_group.py took 0.112 seconds
[2026-02-02T14:38:50.462+0000] {processor.py:161} INFO - Started process (PID=2076) to work on /home/airflow/.local/lib/python3.8/site-packages/airflow/example_dags/example_task_group.py
[2026-02-02T14:38:50.463+0000] {processor.py:830} INFO - Processing file /home/airflow/.local/lib/python3.8/site-packages/airflow/example_dags/example_task_group.py for tasks to queue
[2026-02-02T14:38:50.465+0000] {logging_mixin.py:188} INFO - [2026-02-02T14:38:50.465+0000] {dagbag.py:538} INFO - Filling up the DagBag from /home/airflow/.local/lib/python3.8/site-packages/airflow/example_dags/example_task_group.py
[2026-02-02T14:38:50.474+0000] {processor.py:840} INFO - DAG(s) 'example_task_group' retrieved from /home/airflow/.local/lib/python3.8/site-packages/airflow/example_dags/example_task_group.py
[2026-02-02T14:38:50.501+0000] {logging_mixin.py:188} INFO - [2026-02-02T14:38:50.501+0000] {dag.py:3036} INFO - Sync 1 DAGs
[2026-02-02T14:38:50.547+0000] {logging_mixin.py:188} INFO - [2026-02-02T14:38:50.547+0000] {dag.py:3823} INFO - Setting next_dagrun for example_task_group to 2026-02-01 00:00:00+00:00, run_after=2026-02-02 00:00:00+00:00
[2026-02-02T14:38:50.583+0000] {processor.py:183} INFO - Processing /home/airflow/.local/lib/python3.8/site-packages/airflow/example_dags/example_task_group.py took 0.124 seconds
[2026-02-02T14:39:21.013+0000] {processor.py:161} INFO - Started process (PID=2131) to work on /home/airflow/.local/lib/python3.8/site-packages/airflow/example_dags/example_task_group.py
[2026-02-02T14:39:21.014+0000] {processor.py:830} INFO - Processing file /home/airflow/.local/lib/python3.8/site-packages/airflow/example_dags/example_task_group.py for tasks to queue
[2026-02-02T14:39:21.016+0000] {logging_mixin.py:188} INFO - [2026-02-02T14:39:21.016+0000] {dagbag.py:538} INFO - Filling up the DagBag from /home/airflow/.local/lib/python3.8/site-packages/airflow/example_dags/example_task_group.py
[2026-02-02T14:39:21.024+0000] {processor.py:840} INFO - DAG(s) 'example_task_group' retrieved from /home/airflow/.local/lib/python3.8/site-packages/airflow/example_dags/example_task_group.py
[2026-02-02T14:39:21.050+0000] {logging_mixin.py:188} INFO - [2026-02-02T14:39:21.050+0000] {dag.py:3036} INFO - Sync 1 DAGs
[2026-02-02T14:39:21.077+0000] {logging_mixin.py:188} INFO - [2026-02-02T14:39:21.076+0000] {dag.py:3823} INFO - Setting next_dagrun for example_task_group to 2026-02-01 00:00:00+00:00, run_after=2026-02-02 00:00:00+00:00
[2026-02-02T14:39:21.103+0000] {processor.py:183} INFO - Processing /home/airflow/.local/lib/python3.8/site-packages/airflow/example_dags/example_task_group.py took 0.094 seconds
[2026-02-02T14:39:51.895+0000] {processor.py:161} INFO - Started process (PID=2186) to work on /home/airflow/.local/lib/python3.8/site-packages/airflow/example_dags/example_task_group.py
[2026-02-02T14:39:51.895+0000] {processor.py:830} INFO - Processing file /home/airflow/.local/lib/python3.8/site-packages/airflow/example_dags/example_task_group.py for tasks to queue
[2026-02-02T14:39:51.897+0000] {logging_mixin.py:188} INFO - [2026-02-02T14:39:51.897+0000] {dagbag.py:538} INFO - Filling up the DagBag from /home/airflow/.local/lib/python3.8/site-packages/airflow/example_dags/example_task_group.py
[2026-02-02T14:39:51.905+0000] {processor.py:840} INFO - DAG(s) 'example_task_group' retrieved from /home/airflow/.local/lib/python3.8/site-packages/airflow/example_dags/example_task_group.py
[2026-02-02T14:39:51.941+0000] {logging_mixin.py:188} INFO - [2026-02-02T14:39:51.940+0000] {dag.py:3036} INFO - Sync 1 DAGs
[2026-02-02T14:39:51.991+0000] {logging_mixin.py:188} INFO - [2026-02-02T14:39:51.990+0000] {dag.py:3823} INFO - Setting next_dagrun for example_task_group to 2026-02-01 00:00:00+00:00, run_after=2026-02-02 00:00:00+00:00
[2026-02-02T14:39:52.008+0000] {processor.py:183} INFO - Processing /home/airflow/.local/lib/python3.8/site-packages/airflow/example_dags/example_task_group.py took 0.117 seconds
[2026-02-02T14:40:22.392+0000] {processor.py:161} INFO - Started process (PID=2240) to work on /home/airflow/.local/lib/python3.8/site-packages/airflow/example_dags/example_task_group.py
[2026-02-02T14:40:22.393+0000] {processor.py:830} INFO - Processing file /home/airflow/.local/lib/python3.8/site-packages/airflow/example_dags/example_task_group.py for tasks to queue
[2026-02-02T14:40:22.395+0000] {logging_mixin.py:188} INFO - [2026-02-02T14:40:22.394+0000] {dagbag.py:538} INFO - Filling up the DagBag from /home/airflow/.local/lib/python3.8/site-packages/airflow/example_dags/example_task_group.py
[2026-02-02T14:40:22.403+0000] {processor.py:840} INFO - DAG(s) 'example_task_group' retrieved from /home/airflow/.local/lib/python3.8/site-packages/airflow/example_dags/example_task_group.py
[2026-02-02T14:40:22.426+0000] {logging_mixin.py:188} INFO - [2026-02-02T14:40:22.426+0000] {dag.py:3036} INFO - Sync 1 DAGs
[2026-02-02T14:40:22.457+0000] {logging_mixin.py:188} INFO - [2026-02-02T14:40:22.453+0000] {dag.py:3823} INFO - Setting next_dagrun for example_task_group to 2026-02-01 00:00:00+00:00, run_after=2026-02-02 00:00:00+00:00
[2026-02-02T14:40:22.482+0000] {processor.py:183} INFO - Processing /home/airflow/.local/lib/python3.8/site-packages/airflow/example_dags/example_task_group.py took 0.094 seconds
[2026-02-02T14:40:52.774+0000] {processor.py:161} INFO - Started process (PID=2295) to work on /home/airflow/.local/lib/python3.8/site-packages/airflow/example_dags/example_task_group.py
[2026-02-02T14:40:52.777+0000] {processor.py:830} INFO - Processing file /home/airflow/.local/lib/python3.8/site-packages/airflow/example_dags/example_task_group.py for tasks to queue
[2026-02-02T14:40:52.783+0000] {logging_mixin.py:188} INFO - [2026-02-02T14:40:52.783+0000] {dagbag.py:538} INFO - Filling up the DagBag from /home/airflow/.local/lib/python3.8/site-packages/airflow/example_dags/example_task_group.py
[2026-02-02T14:40:52.804+0000] {processor.py:840} INFO - DAG(s) 'example_task_group' retrieved from /home/airflow/.local/lib/python3.8/site-packages/airflow/example_dags/example_task_group.py
[2026-02-02T14:40:52.906+0000] {logging_mixin.py:188} INFO - [2026-02-02T14:40:52.906+0000] {dag.py:3036} INFO - Sync 1 DAGs
[2026-02-02T14:40:52.957+0000] {logging_mixin.py:188} INFO - [2026-02-02T14:40:52.957+0000] {dag.py:3823} INFO - Setting next_dagrun for example_task_group to 2026-02-01 00:00:00+00:00, run_after=2026-02-02 00:00:00+00:00
[2026-02-02T14:40:52.981+0000] {processor.py:183} INFO - Processing /home/airflow/.local/lib/python3.8/site-packages/airflow/example_dags/example_task_group.py took 0.217 seconds
[2026-02-02T14:41:23.038+0000] {processor.py:161} INFO - Started process (PID=2351) to work on /home/airflow/.local/lib/python3.8/site-packages/airflow/example_dags/example_task_group.py
[2026-02-02T14:41:23.039+0000] {processor.py:830} INFO - Processing file /home/airflow/.local/lib/python3.8/site-packages/airflow/example_dags/example_task_group.py for tasks to queue
[2026-02-02T14:41:23.040+0000] {logging_mixin.py:188} INFO - [2026-02-02T14:41:23.040+0000] {dagbag.py:538} INFO - Filling up the DagBag from /home/airflow/.local/lib/python3.8/site-packages/airflow/example_dags/example_task_group.py
[2026-02-02T14:41:23.046+0000] {processor.py:840} INFO - DAG(s) 'example_task_group' retrieved from /home/airflow/.local/lib/python3.8/site-packages/airflow/example_dags/example_task_group.py
[2026-02-02T14:41:23.068+0000] {logging_mixin.py:188} INFO - [2026-02-02T14:41:23.068+0000] {dag.py:3036} INFO - Sync 1 DAGs
[2026-02-02T14:41:23.091+0000] {logging_mixin.py:188} INFO - [2026-02-02T14:41:23.091+0000] {dag.py:3823} INFO - Setting next_dagrun for example_task_group to 2026-02-01 00:00:00+00:00, run_after=2026-02-02 00:00:00+00:00
[2026-02-02T14:41:23.105+0000] {processor.py:183} INFO - Processing /home/airflow/.local/lib/python3.8/site-packages/airflow/example_dags/example_task_group.py took 0.070 seconds
[2026-02-02T14:41:53.960+0000] {processor.py:161} INFO - Started process (PID=2406) to work on /home/airflow/.local/lib/python3.8/site-packages/airflow/example_dags/example_task_group.py
[2026-02-02T14:41:53.961+0000] {processor.py:830} INFO - Processing file /home/airflow/.local/lib/python3.8/site-packages/airflow/example_dags/example_task_group.py for tasks to queue
[2026-02-02T14:41:53.963+0000] {logging_mixin.py:188} INFO - [2026-02-02T14:41:53.963+0000] {dagbag.py:538} INFO - Filling up the DagBag from /home/airflow/.local/lib/python3.8/site-packages/airflow/example_dags/example_task_group.py
[2026-02-02T14:41:53.972+0000] {processor.py:840} INFO - DAG(s) 'example_task_group' retrieved from /home/airflow/.local/lib/python3.8/site-packages/airflow/example_dags/example_task_group.py
[2026-02-02T14:41:53.996+0000] {logging_mixin.py:188} INFO - [2026-02-02T14:41:53.996+0000] {dag.py:3036} INFO - Sync 1 DAGs
[2026-02-02T14:41:54.017+0000] {logging_mixin.py:188} INFO - [2026-02-02T14:41:54.016+0000] {dag.py:3823} INFO - Setting next_dagrun for example_task_group to 2026-02-01 00:00:00+00:00, run_after=2026-02-02 00:00:00+00:00
[2026-02-02T14:41:54.030+0000] {processor.py:183} INFO - Processing /home/airflow/.local/lib/python3.8/site-packages/airflow/example_dags/example_task_group.py took 0.073 seconds
[2026-02-02T14:42:24.058+0000] {processor.py:161} INFO - Started process (PID=2461) to work on /home/airflow/.local/lib/python3.8/site-packages/airflow/example_dags/example_task_group.py
[2026-02-02T14:42:24.060+0000] {processor.py:830} INFO - Processing file /home/airflow/.local/lib/python3.8/site-packages/airflow/example_dags/example_task_group.py for tasks to queue
[2026-02-02T14:42:24.062+0000] {logging_mixin.py:188} INFO - [2026-02-02T14:42:24.061+0000] {dagbag.py:538} INFO - Filling up the DagBag from /home/airflow/.local/lib/python3.8/site-packages/airflow/example_dags/example_task_group.py
[2026-02-02T14:42:24.070+0000] {processor.py:840} INFO - DAG(s) 'example_task_group' retrieved from /home/airflow/.local/lib/python3.8/site-packages/airflow/example_dags/example_task_group.py
[2026-02-02T14:42:24.092+0000] {logging_mixin.py:188} INFO - [2026-02-02T14:42:24.092+0000] {dag.py:3036} INFO - Sync 1 DAGs
[2026-02-02T14:42:24.116+0000] {logging_mixin.py:188} INFO - [2026-02-02T14:42:24.115+0000] {dag.py:3823} INFO - Setting next_dagrun for example_task_group to 2026-02-01 00:00:00+00:00, run_after=2026-02-02 00:00:00+00:00
[2026-02-02T14:42:24.140+0000] {processor.py:183} INFO - Processing /home/airflow/.local/lib/python3.8/site-packages/airflow/example_dags/example_task_group.py took 0.085 seconds
[2026-02-02T14:42:54.787+0000] {processor.py:161} INFO - Started process (PID=2516) to work on /home/airflow/.local/lib/python3.8/site-packages/airflow/example_dags/example_task_group.py
[2026-02-02T14:42:54.799+0000] {processor.py:830} INFO - Processing file /home/airflow/.local/lib/python3.8/site-packages/airflow/example_dags/example_task_group.py for tasks to queue
[2026-02-02T14:42:54.807+0000] {logging_mixin.py:188} INFO - [2026-02-02T14:42:54.807+0000] {dagbag.py:538} INFO - Filling up the DagBag from /home/airflow/.local/lib/python3.8/site-packages/airflow/example_dags/example_task_group.py
[2026-02-02T14:42:54.843+0000] {processor.py:840} INFO - DAG(s) 'example_task_group' retrieved from /home/airflow/.local/lib/python3.8/site-packages/airflow/example_dags/example_task_group.py
[2026-02-02T14:42:54.899+0000] {logging_mixin.py:188} INFO - [2026-02-02T14:42:54.899+0000] {dag.py:3036} INFO - Sync 1 DAGs
[2026-02-02T14:42:54.954+0000] {logging_mixin.py:188} INFO - [2026-02-02T14:42:54.954+0000] {dag.py:3823} INFO - Setting next_dagrun for example_task_group to 2026-02-01 00:00:00+00:00, run_after=2026-02-02 00:00:00+00:00
[2026-02-02T14:42:54.999+0000] {processor.py:183} INFO - Processing /home/airflow/.local/lib/python3.8/site-packages/airflow/example_dags/example_task_group.py took 0.237 seconds
[2026-02-02T14:43:25.757+0000] {processor.py:161} INFO - Started process (PID=2570) to work on /home/airflow/.local/lib/python3.8/site-packages/airflow/example_dags/example_task_group.py
[2026-02-02T14:43:25.758+0000] {processor.py:830} INFO - Processing file /home/airflow/.local/lib/python3.8/site-packages/airflow/example_dags/example_task_group.py for tasks to queue
[2026-02-02T14:43:25.759+0000] {logging_mixin.py:188} INFO - [2026-02-02T14:43:25.759+0000] {dagbag.py:538} INFO - Filling up the DagBag from /home/airflow/.local/lib/python3.8/site-packages/airflow/example_dags/example_task_group.py
[2026-02-02T14:43:25.765+0000] {processor.py:840} INFO - DAG(s) 'example_task_group' retrieved from /home/airflow/.local/lib/python3.8/site-packages/airflow/example_dags/example_task_group.py
[2026-02-02T14:43:25.789+0000] {logging_mixin.py:188} INFO - [2026-02-02T14:43:25.789+0000] {dag.py:3036} INFO - Sync 1 DAGs
[2026-02-02T14:43:25.813+0000] {logging_mixin.py:188} INFO - [2026-02-02T14:43:25.813+0000] {dag.py:3823} INFO - Setting next_dagrun for example_task_group to 2026-02-01 00:00:00+00:00, run_after=2026-02-02 00:00:00+00:00
[2026-02-02T14:43:25.834+0000] {processor.py:183} INFO - Processing /home/airflow/.local/lib/python3.8/site-packages/airflow/example_dags/example_task_group.py took 0.079 seconds
[2026-02-02T14:43:56.135+0000] {processor.py:161} INFO - Started process (PID=2625) to work on /home/airflow/.local/lib/python3.8/site-packages/airflow/example_dags/example_task_group.py
[2026-02-02T14:43:56.136+0000] {processor.py:830} INFO - Processing file /home/airflow/.local/lib/python3.8/site-packages/airflow/example_dags/example_task_group.py for tasks to queue
[2026-02-02T14:43:56.137+0000] {logging_mixin.py:188} INFO - [2026-02-02T14:43:56.137+0000] {dagbag.py:538} INFO - Filling up the DagBag from /home/airflow/.local/lib/python3.8/site-packages/airflow/example_dags/example_task_group.py
[2026-02-02T14:43:56.143+0000] {processor.py:840} INFO - DAG(s) 'example_task_group' retrieved from /home/airflow/.local/lib/python3.8/site-packages/airflow/example_dags/example_task_group.py
[2026-02-02T14:43:56.168+0000] {logging_mixin.py:188} INFO - [2026-02-02T14:43:56.168+0000] {dag.py:3036} INFO - Sync 1 DAGs
[2026-02-02T14:43:56.189+0000] {logging_mixin.py:188} INFO - [2026-02-02T14:43:56.189+0000] {dag.py:3823} INFO - Setting next_dagrun for example_task_group to 2026-02-01 00:00:00+00:00, run_after=2026-02-02 00:00:00+00:00
[2026-02-02T14:43:56.203+0000] {processor.py:183} INFO - Processing /home/airflow/.local/lib/python3.8/site-packages/airflow/example_dags/example_task_group.py took 0.072 seconds
[2026-02-02T14:44:26.620+0000] {processor.py:161} INFO - Started process (PID=2680) to work on /home/airflow/.local/lib/python3.8/site-packages/airflow/example_dags/example_task_group.py
[2026-02-02T14:44:26.621+0000] {processor.py:830} INFO - Processing file /home/airflow/.local/lib/python3.8/site-packages/airflow/example_dags/example_task_group.py for tasks to queue
[2026-02-02T14:44:26.623+0000] {logging_mixin.py:188} INFO - [2026-02-02T14:44:26.623+0000] {dagbag.py:538} INFO - Filling up the DagBag from /home/airflow/.local/lib/python3.8/site-packages/airflow/example_dags/example_task_group.py
[2026-02-02T14:44:26.631+0000] {processor.py:840} INFO - DAG(s) 'example_task_group' retrieved from /home/airflow/.local/lib/python3.8/site-packages/airflow/example_dags/example_task_group.py
[2026-02-02T14:44:26.652+0000] {logging_mixin.py:188} INFO - [2026-02-02T14:44:26.652+0000] {dag.py:3036} INFO - Sync 1 DAGs
[2026-02-02T14:44:26.806+0000] {logging_mixin.py:188} INFO - [2026-02-02T14:44:26.806+0000] {dag.py:3823} INFO - Setting next_dagrun for example_task_group to 2026-02-01 00:00:00+00:00, run_after=2026-02-02 00:00:00+00:00
[2026-02-02T14:44:26.819+0000] {processor.py:183} INFO - Processing /home/airflow/.local/lib/python3.8/site-packages/airflow/example_dags/example_task_group.py took 0.203 seconds
[2026-02-02T14:44:57.287+0000] {processor.py:161} INFO - Started process (PID=2735) to work on /home/airflow/.local/lib/python3.8/site-packages/airflow/example_dags/example_task_group.py
[2026-02-02T14:44:57.288+0000] {processor.py:830} INFO - Processing file /home/airflow/.local/lib/python3.8/site-packages/airflow/example_dags/example_task_group.py for tasks to queue
[2026-02-02T14:44:57.290+0000] {logging_mixin.py:188} INFO - [2026-02-02T14:44:57.290+0000] {dagbag.py:538} INFO - Filling up the DagBag from /home/airflow/.local/lib/python3.8/site-packages/airflow/example_dags/example_task_group.py
[2026-02-02T14:44:57.298+0000] {processor.py:840} INFO - DAG(s) 'example_task_group' retrieved from /home/airflow/.local/lib/python3.8/site-packages/airflow/example_dags/example_task_group.py
[2026-02-02T14:44:57.322+0000] {logging_mixin.py:188} INFO - [2026-02-02T14:44:57.322+0000] {dag.py:3036} INFO - Sync 1 DAGs
[2026-02-02T14:44:57.501+0000] {logging_mixin.py:188} INFO - [2026-02-02T14:44:57.501+0000] {dag.py:3823} INFO - Setting next_dagrun for example_task_group to 2026-02-01 00:00:00+00:00, run_after=2026-02-02 00:00:00+00:00
[2026-02-02T14:44:57.519+0000] {processor.py:183} INFO - Processing /home/airflow/.local/lib/python3.8/site-packages/airflow/example_dags/example_task_group.py took 0.235 seconds
[2026-02-02T14:45:28.326+0000] {processor.py:161} INFO - Started process (PID=2792) to work on /home/airflow/.local/lib/python3.8/site-packages/airflow/example_dags/example_task_group.py
[2026-02-02T14:45:28.327+0000] {processor.py:830} INFO - Processing file /home/airflow/.local/lib/python3.8/site-packages/airflow/example_dags/example_task_group.py for tasks to queue
[2026-02-02T14:45:28.329+0000] {logging_mixin.py:188} INFO - [2026-02-02T14:45:28.329+0000] {dagbag.py:538} INFO - Filling up the DagBag from /home/airflow/.local/lib/python3.8/site-packages/airflow/example_dags/example_task_group.py
[2026-02-02T14:45:28.338+0000] {processor.py:840} INFO - DAG(s) 'example_task_group' retrieved from /home/airflow/.local/lib/python3.8/site-packages/airflow/example_dags/example_task_group.py
[2026-02-02T14:45:28.361+0000] {logging_mixin.py:188} INFO - [2026-02-02T14:45:28.361+0000] {dag.py:3036} INFO - Sync 1 DAGs
[2026-02-02T14:45:28.393+0000] {logging_mixin.py:188} INFO - [2026-02-02T14:45:28.392+0000] {dag.py:3823} INFO - Setting next_dagrun for example_task_group to 2026-02-01 00:00:00+00:00, run_after=2026-02-02 00:00:00+00:00
[2026-02-02T14:45:28.411+0000] {processor.py:183} INFO - Processing /home/airflow/.local/lib/python3.8/site-packages/airflow/example_dags/example_task_group.py took 0.089 seconds
[2026-02-02T14:45:58.673+0000] {processor.py:161} INFO - Started process (PID=2848) to work on /home/airflow/.local/lib/python3.8/site-packages/airflow/example_dags/example_task_group.py
[2026-02-02T14:45:58.676+0000] {processor.py:830} INFO - Processing file /home/airflow/.local/lib/python3.8/site-packages/airflow/example_dags/example_task_group.py for tasks to queue
[2026-02-02T14:45:58.680+0000] {logging_mixin.py:188} INFO - [2026-02-02T14:45:58.680+0000] {dagbag.py:538} INFO - Filling up the DagBag from /home/airflow/.local/lib/python3.8/site-packages/airflow/example_dags/example_task_group.py
[2026-02-02T14:45:58.693+0000] {processor.py:840} INFO - DAG(s) 'example_task_group' retrieved from /home/airflow/.local/lib/python3.8/site-packages/airflow/example_dags/example_task_group.py
[2026-02-02T14:45:58.718+0000] {logging_mixin.py:188} INFO - [2026-02-02T14:45:58.718+0000] {dag.py:3036} INFO - Sync 1 DAGs
[2026-02-02T14:45:58.752+0000] {logging_mixin.py:188} INFO - [2026-02-02T14:45:58.752+0000] {dag.py:3823} INFO - Setting next_dagrun for example_task_group to 2026-02-01 00:00:00+00:00, run_after=2026-02-02 00:00:00+00:00
[2026-02-02T14:45:58.771+0000] {processor.py:183} INFO - Processing /home/airflow/.local/lib/python3.8/site-packages/airflow/example_dags/example_task_group.py took 0.106 seconds
[2026-02-02T14:46:28.809+0000] {processor.py:161} INFO - Started process (PID=2903) to work on /home/airflow/.local/lib/python3.8/site-packages/airflow/example_dags/example_task_group.py
[2026-02-02T14:46:28.810+0000] {processor.py:830} INFO - Processing file /home/airflow/.local/lib/python3.8/site-packages/airflow/example_dags/example_task_group.py for tasks to queue
[2026-02-02T14:46:28.812+0000] {logging_mixin.py:188} INFO - [2026-02-02T14:46:28.812+0000] {dagbag.py:538} INFO - Filling up the DagBag from /home/airflow/.local/lib/python3.8/site-packages/airflow/example_dags/example_task_group.py
[2026-02-02T14:46:28.821+0000] {processor.py:840} INFO - DAG(s) 'example_task_group' retrieved from /home/airflow/.local/lib/python3.8/site-packages/airflow/example_dags/example_task_group.py
[2026-02-02T14:46:28.846+0000] {logging_mixin.py:188} INFO - [2026-02-02T14:46:28.846+0000] {dag.py:3036} INFO - Sync 1 DAGs
[2026-02-02T14:46:28.875+0000] {logging_mixin.py:188} INFO - [2026-02-02T14:46:28.874+0000] {dag.py:3823} INFO - Setting next_dagrun for example_task_group to 2026-02-01 00:00:00+00:00, run_after=2026-02-02 00:00:00+00:00
[2026-02-02T14:46:28.900+0000] {processor.py:183} INFO - Processing /home/airflow/.local/lib/python3.8/site-packages/airflow/example_dags/example_task_group.py took 0.095 seconds
[2026-02-02T14:46:59.160+0000] {processor.py:161} INFO - Started process (PID=2959) to work on /home/airflow/.local/lib/python3.8/site-packages/airflow/example_dags/example_task_group.py
[2026-02-02T14:46:59.161+0000] {processor.py:830} INFO - Processing file /home/airflow/.local/lib/python3.8/site-packages/airflow/example_dags/example_task_group.py for tasks to queue
[2026-02-02T14:46:59.163+0000] {logging_mixin.py:188} INFO - [2026-02-02T14:46:59.163+0000] {dagbag.py:538} INFO - Filling up the DagBag from /home/airflow/.local/lib/python3.8/site-packages/airflow/example_dags/example_task_group.py
[2026-02-02T14:46:59.172+0000] {processor.py:840} INFO - DAG(s) 'example_task_group' retrieved from /home/airflow/.local/lib/python3.8/site-packages/airflow/example_dags/example_task_group.py
[2026-02-02T14:46:59.196+0000] {logging_mixin.py:188} INFO - [2026-02-02T14:46:59.196+0000] {dag.py:3036} INFO - Sync 1 DAGs
[2026-02-02T14:46:59.221+0000] {logging_mixin.py:188} INFO - [2026-02-02T14:46:59.221+0000] {dag.py:3823} INFO - Setting next_dagrun for example_task_group to 2026-02-01 00:00:00+00:00, run_after=2026-02-02 00:00:00+00:00
[2026-02-02T14:46:59.242+0000] {processor.py:183} INFO - Processing /home/airflow/.local/lib/python3.8/site-packages/airflow/example_dags/example_task_group.py took 0.086 seconds
[2026-02-02T14:47:30.040+0000] {processor.py:161} INFO - Started process (PID=3022) to work on /home/airflow/.local/lib/python3.8/site-packages/airflow/example_dags/example_task_group.py
[2026-02-02T14:47:30.041+0000] {processor.py:830} INFO - Processing file /home/airflow/.local/lib/python3.8/site-packages/airflow/example_dags/example_task_group.py for tasks to queue
[2026-02-02T14:47:30.044+0000] {logging_mixin.py:188} INFO - [2026-02-02T14:47:30.043+0000] {dagbag.py:538} INFO - Filling up the DagBag from /home/airflow/.local/lib/python3.8/site-packages/airflow/example_dags/example_task_group.py
[2026-02-02T14:47:30.052+0000] {processor.py:840} INFO - DAG(s) 'example_task_group' retrieved from /home/airflow/.local/lib/python3.8/site-packages/airflow/example_dags/example_task_group.py
[2026-02-02T14:47:30.077+0000] {logging_mixin.py:188} INFO - [2026-02-02T14:47:30.077+0000] {dag.py:3036} INFO - Sync 1 DAGs
[2026-02-02T14:47:30.107+0000] {logging_mixin.py:188} INFO - [2026-02-02T14:47:30.107+0000] {dag.py:3823} INFO - Setting next_dagrun for example_task_group to 2026-02-01 00:00:00+00:00, run_after=2026-02-02 00:00:00+00:00
[2026-02-02T14:47:30.129+0000] {processor.py:183} INFO - Processing /home/airflow/.local/lib/python3.8/site-packages/airflow/example_dags/example_task_group.py took 0.092 seconds
[2026-02-02T14:48:01.064+0000] {processor.py:161} INFO - Started process (PID=3078) to work on /home/airflow/.local/lib/python3.8/site-packages/airflow/example_dags/example_task_group.py
[2026-02-02T14:48:01.064+0000] {processor.py:830} INFO - Processing file /home/airflow/.local/lib/python3.8/site-packages/airflow/example_dags/example_task_group.py for tasks to queue
[2026-02-02T14:48:01.066+0000] {logging_mixin.py:188} INFO - [2026-02-02T14:48:01.066+0000] {dagbag.py:538} INFO - Filling up the DagBag from /home/airflow/.local/lib/python3.8/site-packages/airflow/example_dags/example_task_group.py
[2026-02-02T14:48:01.074+0000] {processor.py:840} INFO - DAG(s) 'example_task_group' retrieved from /home/airflow/.local/lib/python3.8/site-packages/airflow/example_dags/example_task_group.py
[2026-02-02T14:48:01.098+0000] {logging_mixin.py:188} INFO - [2026-02-02T14:48:01.097+0000] {dag.py:3036} INFO - Sync 1 DAGs
[2026-02-02T14:48:01.123+0000] {logging_mixin.py:188} INFO - [2026-02-02T14:48:01.122+0000] {dag.py:3823} INFO - Setting next_dagrun for example_task_group to 2026-02-01 00:00:00+00:00, run_after=2026-02-02 00:00:00+00:00
[2026-02-02T14:48:01.145+0000] {processor.py:183} INFO - Processing /home/airflow/.local/lib/python3.8/site-packages/airflow/example_dags/example_task_group.py took 0.085 seconds
[2026-02-02T14:48:31.615+0000] {processor.py:161} INFO - Started process (PID=3133) to work on /home/airflow/.local/lib/python3.8/site-packages/airflow/example_dags/example_task_group.py
[2026-02-02T14:48:31.618+0000] {processor.py:830} INFO - Processing file /home/airflow/.local/lib/python3.8/site-packages/airflow/example_dags/example_task_group.py for tasks to queue
[2026-02-02T14:48:31.622+0000] {logging_mixin.py:188} INFO - [2026-02-02T14:48:31.622+0000] {dagbag.py:538} INFO - Filling up the DagBag from /home/airflow/.local/lib/python3.8/site-packages/airflow/example_dags/example_task_group.py
[2026-02-02T14:48:31.641+0000] {processor.py:840} INFO - DAG(s) 'example_task_group' retrieved from /home/airflow/.local/lib/python3.8/site-packages/airflow/example_dags/example_task_group.py
[2026-02-02T14:48:31.687+0000] {logging_mixin.py:188} INFO - [2026-02-02T14:48:31.687+0000] {dag.py:3036} INFO - Sync 1 DAGs
[2026-02-02T14:48:31.718+0000] {logging_mixin.py:188} INFO - [2026-02-02T14:48:31.717+0000] {dag.py:3823} INFO - Setting next_dagrun for example_task_group to 2026-02-01 00:00:00+00:00, run_after=2026-02-02 00:00:00+00:00
[2026-02-02T14:48:31.735+0000] {processor.py:183} INFO - Processing /home/airflow/.local/lib/python3.8/site-packages/airflow/example_dags/example_task_group.py took 0.125 seconds
[2026-02-02T14:49:01.907+0000] {processor.py:161} INFO - Started process (PID=3189) to work on /home/airflow/.local/lib/python3.8/site-packages/airflow/example_dags/example_task_group.py
[2026-02-02T14:49:01.909+0000] {processor.py:830} INFO - Processing file /home/airflow/.local/lib/python3.8/site-packages/airflow/example_dags/example_task_group.py for tasks to queue
[2026-02-02T14:49:01.912+0000] {logging_mixin.py:188} INFO - [2026-02-02T14:49:01.912+0000] {dagbag.py:538} INFO - Filling up the DagBag from /home/airflow/.local/lib/python3.8/site-packages/airflow/example_dags/example_task_group.py
[2026-02-02T14:49:01.925+0000] {processor.py:840} INFO - DAG(s) 'example_task_group' retrieved from /home/airflow/.local/lib/python3.8/site-packages/airflow/example_dags/example_task_group.py
[2026-02-02T14:49:01.959+0000] {logging_mixin.py:188} INFO - [2026-02-02T14:49:01.959+0000] {dag.py:3036} INFO - Sync 1 DAGs
[2026-02-02T14:49:02.015+0000] {logging_mixin.py:188} INFO - [2026-02-02T14:49:02.015+0000] {dag.py:3823} INFO - Setting next_dagrun for example_task_group to 2026-02-01 00:00:00+00:00, run_after=2026-02-02 00:00:00+00:00
[2026-02-02T14:49:02.075+0000] {processor.py:183} INFO - Processing /home/airflow/.local/lib/python3.8/site-packages/airflow/example_dags/example_task_group.py took 0.175 seconds
[2026-02-02T14:49:32.992+0000] {processor.py:161} INFO - Started process (PID=3245) to work on /home/airflow/.local/lib/python3.8/site-packages/airflow/example_dags/example_task_group.py
[2026-02-02T14:49:32.993+0000] {processor.py:830} INFO - Processing file /home/airflow/.local/lib/python3.8/site-packages/airflow/example_dags/example_task_group.py for tasks to queue
[2026-02-02T14:49:32.995+0000] {logging_mixin.py:188} INFO - [2026-02-02T14:49:32.994+0000] {dagbag.py:538} INFO - Filling up the DagBag from /home/airflow/.local/lib/python3.8/site-packages/airflow/example_dags/example_task_group.py
[2026-02-02T14:49:33.003+0000] {processor.py:840} INFO - DAG(s) 'example_task_group' retrieved from /home/airflow/.local/lib/python3.8/site-packages/airflow/example_dags/example_task_group.py
[2026-02-02T14:49:33.027+0000] {logging_mixin.py:188} INFO - [2026-02-02T14:49:33.027+0000] {dag.py:3036} INFO - Sync 1 DAGs
[2026-02-02T14:49:33.053+0000] {logging_mixin.py:188} INFO - [2026-02-02T14:49:33.052+0000] {dag.py:3823} INFO - Setting next_dagrun for example_task_group to 2026-02-01 00:00:00+00:00, run_after=2026-02-02 00:00:00+00:00
[2026-02-02T14:49:33.075+0000] {processor.py:183} INFO - Processing /home/airflow/.local/lib/python3.8/site-packages/airflow/example_dags/example_task_group.py took 0.087 seconds
[2026-02-02T14:50:03.571+0000] {processor.py:161} INFO - Started process (PID=3301) to work on /home/airflow/.local/lib/python3.8/site-packages/airflow/example_dags/example_task_group.py
[2026-02-02T14:50:03.572+0000] {processor.py:830} INFO - Processing file /home/airflow/.local/lib/python3.8/site-packages/airflow/example_dags/example_task_group.py for tasks to queue
[2026-02-02T14:50:03.574+0000] {logging_mixin.py:188} INFO - [2026-02-02T14:50:03.573+0000] {dagbag.py:538} INFO - Filling up the DagBag from /home/airflow/.local/lib/python3.8/site-packages/airflow/example_dags/example_task_group.py
[2026-02-02T14:50:03.582+0000] {processor.py:840} INFO - DAG(s) 'example_task_group' retrieved from /home/airflow/.local/lib/python3.8/site-packages/airflow/example_dags/example_task_group.py
[2026-02-02T14:50:03.606+0000] {logging_mixin.py:188} INFO - [2026-02-02T14:50:03.606+0000] {dag.py:3036} INFO - Sync 1 DAGs
[2026-02-02T14:50:03.638+0000] {logging_mixin.py:188} INFO - [2026-02-02T14:50:03.638+0000] {dag.py:3823} INFO - Setting next_dagrun for example_task_group to 2026-02-01 00:00:00+00:00, run_after=2026-02-02 00:00:00+00:00
[2026-02-02T14:50:03.669+0000] {processor.py:183} INFO - Processing /home/airflow/.local/lib/python3.8/site-packages/airflow/example_dags/example_task_group.py took 0.102 seconds
[2026-02-02T14:50:33.918+0000] {processor.py:161} INFO - Started process (PID=3357) to work on /home/airflow/.local/lib/python3.8/site-packages/airflow/example_dags/example_task_group.py
[2026-02-02T14:50:33.919+0000] {processor.py:830} INFO - Processing file /home/airflow/.local/lib/python3.8/site-packages/airflow/example_dags/example_task_group.py for tasks to queue
[2026-02-02T14:50:33.921+0000] {logging_mixin.py:188} INFO - [2026-02-02T14:50:33.921+0000] {dagbag.py:538} INFO - Filling up the DagBag from /home/airflow/.local/lib/python3.8/site-packages/airflow/example_dags/example_task_group.py
[2026-02-02T14:50:33.930+0000] {processor.py:840} INFO - DAG(s) 'example_task_group' retrieved from /home/airflow/.local/lib/python3.8/site-packages/airflow/example_dags/example_task_group.py
[2026-02-02T14:50:33.954+0000] {logging_mixin.py:188} INFO - [2026-02-02T14:50:33.954+0000] {dag.py:3036} INFO - Sync 1 DAGs
[2026-02-02T14:50:33.982+0000] {logging_mixin.py:188} INFO - [2026-02-02T14:50:33.981+0000] {dag.py:3823} INFO - Setting next_dagrun for example_task_group to 2026-02-01 00:00:00+00:00, run_after=2026-02-02 00:00:00+00:00
[2026-02-02T14:50:34.004+0000] {processor.py:183} INFO - Processing /home/airflow/.local/lib/python3.8/site-packages/airflow/example_dags/example_task_group.py took 0.089 seconds
