[2026-02-02T14:20:37.083+0000] {processor.py:161} INFO - Started process (PID=111) to work on /home/airflow/.local/lib/python3.8/site-packages/airflow/example_dags/example_external_task_marker_dag.py
[2026-02-02T14:20:37.087+0000] {processor.py:830} INFO - Processing file /home/airflow/.local/lib/python3.8/site-packages/airflow/example_dags/example_external_task_marker_dag.py for tasks to queue
[2026-02-02T14:20:37.090+0000] {logging_mixin.py:188} INFO - [2026-02-02T14:20:37.090+0000] {dagbag.py:538} INFO - Filling up the DagBag from /home/airflow/.local/lib/python3.8/site-packages/airflow/example_dags/example_external_task_marker_dag.py
[2026-02-02T14:20:37.106+0000] {processor.py:840} INFO - DAG(s) 'example_external_task_marker_child', 'example_external_task_marker_parent' retrieved from /home/airflow/.local/lib/python3.8/site-packages/airflow/example_dags/example_external_task_marker_dag.py
[2026-02-02T14:20:37.405+0000] {logging_mixin.py:188} INFO - [2026-02-02T14:20:37.404+0000] {override.py:1769} INFO - Created Permission View: can edit on DAG:example_external_task_marker_child
[2026-02-02T14:20:37.429+0000] {logging_mixin.py:188} INFO - [2026-02-02T14:20:37.429+0000] {override.py:1769} INFO - Created Permission View: can delete on DAG:example_external_task_marker_child
[2026-02-02T14:20:37.446+0000] {logging_mixin.py:188} INFO - [2026-02-02T14:20:37.446+0000] {override.py:1769} INFO - Created Permission View: can read on DAG:example_external_task_marker_child
[2026-02-02T14:20:37.512+0000] {logging_mixin.py:188} INFO - [2026-02-02T14:20:37.511+0000] {override.py:1769} INFO - Created Permission View: can edit on DAG:example_external_task_marker_parent
[2026-02-02T14:20:37.542+0000] {logging_mixin.py:188} INFO - [2026-02-02T14:20:37.542+0000] {override.py:1769} INFO - Created Permission View: can delete on DAG:example_external_task_marker_parent
[2026-02-02T14:20:37.569+0000] {logging_mixin.py:188} INFO - [2026-02-02T14:20:37.569+0000] {override.py:1769} INFO - Created Permission View: can read on DAG:example_external_task_marker_parent
[2026-02-02T14:20:37.574+0000] {logging_mixin.py:188} INFO - [2026-02-02T14:20:37.574+0000] {dag.py:3036} INFO - Sync 2 DAGs
[2026-02-02T14:20:37.623+0000] {logging_mixin.py:188} INFO - [2026-02-02T14:20:37.622+0000] {dag.py:3058} INFO - Creating ORM DAG for example_external_task_marker_child
[2026-02-02T14:20:37.628+0000] {logging_mixin.py:188} INFO - [2026-02-02T14:20:37.628+0000] {dag.py:3058} INFO - Creating ORM DAG for example_external_task_marker_parent
[2026-02-02T14:20:37.631+0000] {logging_mixin.py:188} INFO - [2026-02-02T14:20:37.631+0000] {dag.py:3823} INFO - Setting next_dagrun for example_external_task_marker_child to None, run_after=None
[2026-02-02T14:20:37.634+0000] {logging_mixin.py:188} INFO - [2026-02-02T14:20:37.634+0000] {dag.py:3823} INFO - Setting next_dagrun for example_external_task_marker_parent to None, run_after=None
[2026-02-02T14:20:37.690+0000] {processor.py:183} INFO - Processing /home/airflow/.local/lib/python3.8/site-packages/airflow/example_dags/example_external_task_marker_dag.py took 0.612 seconds
[2026-02-02T14:21:08.640+0000] {processor.py:161} INFO - Started process (PID=166) to work on /home/airflow/.local/lib/python3.8/site-packages/airflow/example_dags/example_external_task_marker_dag.py
[2026-02-02T14:21:08.641+0000] {processor.py:830} INFO - Processing file /home/airflow/.local/lib/python3.8/site-packages/airflow/example_dags/example_external_task_marker_dag.py for tasks to queue
[2026-02-02T14:21:08.643+0000] {logging_mixin.py:188} INFO - [2026-02-02T14:21:08.642+0000] {dagbag.py:538} INFO - Filling up the DagBag from /home/airflow/.local/lib/python3.8/site-packages/airflow/example_dags/example_external_task_marker_dag.py
[2026-02-02T14:21:08.650+0000] {processor.py:840} INFO - DAG(s) 'example_external_task_marker_child', 'example_external_task_marker_parent' retrieved from /home/airflow/.local/lib/python3.8/site-packages/airflow/example_dags/example_external_task_marker_dag.py
[2026-02-02T14:21:08.681+0000] {logging_mixin.py:188} INFO - [2026-02-02T14:21:08.681+0000] {dag.py:3036} INFO - Sync 2 DAGs
[2026-02-02T14:21:08.697+0000] {logging_mixin.py:188} INFO - [2026-02-02T14:21:08.696+0000] {dag.py:3823} INFO - Setting next_dagrun for example_external_task_marker_child to None, run_after=None
[2026-02-02T14:21:08.701+0000] {logging_mixin.py:188} INFO - [2026-02-02T14:21:08.700+0000] {dag.py:3823} INFO - Setting next_dagrun for example_external_task_marker_parent to None, run_after=None
[2026-02-02T14:21:08.717+0000] {processor.py:183} INFO - Processing /home/airflow/.local/lib/python3.8/site-packages/airflow/example_dags/example_external_task_marker_dag.py took 0.081 seconds
[2026-02-02T14:21:39.167+0000] {processor.py:161} INFO - Started process (PID=221) to work on /home/airflow/.local/lib/python3.8/site-packages/airflow/example_dags/example_external_task_marker_dag.py
[2026-02-02T14:21:39.168+0000] {processor.py:830} INFO - Processing file /home/airflow/.local/lib/python3.8/site-packages/airflow/example_dags/example_external_task_marker_dag.py for tasks to queue
[2026-02-02T14:21:39.172+0000] {logging_mixin.py:188} INFO - [2026-02-02T14:21:39.172+0000] {dagbag.py:538} INFO - Filling up the DagBag from /home/airflow/.local/lib/python3.8/site-packages/airflow/example_dags/example_external_task_marker_dag.py
[2026-02-02T14:21:39.200+0000] {processor.py:840} INFO - DAG(s) 'example_external_task_marker_parent', 'example_external_task_marker_child' retrieved from /home/airflow/.local/lib/python3.8/site-packages/airflow/example_dags/example_external_task_marker_dag.py
[2026-02-02T14:21:39.284+0000] {logging_mixin.py:188} INFO - [2026-02-02T14:21:39.284+0000] {dag.py:3036} INFO - Sync 2 DAGs
[2026-02-02T14:21:39.342+0000] {logging_mixin.py:188} INFO - [2026-02-02T14:21:39.336+0000] {dag.py:3823} INFO - Setting next_dagrun for example_external_task_marker_child to None, run_after=None
[2026-02-02T14:21:39.355+0000] {logging_mixin.py:188} INFO - [2026-02-02T14:21:39.355+0000] {dag.py:3823} INFO - Setting next_dagrun for example_external_task_marker_parent to None, run_after=None
[2026-02-02T14:21:39.415+0000] {processor.py:183} INFO - Processing /home/airflow/.local/lib/python3.8/site-packages/airflow/example_dags/example_external_task_marker_dag.py took 0.257 seconds
[2026-02-02T14:22:09.814+0000] {processor.py:161} INFO - Started process (PID=276) to work on /home/airflow/.local/lib/python3.8/site-packages/airflow/example_dags/example_external_task_marker_dag.py
[2026-02-02T14:22:09.815+0000] {processor.py:830} INFO - Processing file /home/airflow/.local/lib/python3.8/site-packages/airflow/example_dags/example_external_task_marker_dag.py for tasks to queue
[2026-02-02T14:22:09.817+0000] {logging_mixin.py:188} INFO - [2026-02-02T14:22:09.817+0000] {dagbag.py:538} INFO - Filling up the DagBag from /home/airflow/.local/lib/python3.8/site-packages/airflow/example_dags/example_external_task_marker_dag.py
[2026-02-02T14:22:09.824+0000] {processor.py:840} INFO - DAG(s) 'example_external_task_marker_child', 'example_external_task_marker_parent' retrieved from /home/airflow/.local/lib/python3.8/site-packages/airflow/example_dags/example_external_task_marker_dag.py
[2026-02-02T14:22:09.852+0000] {logging_mixin.py:188} INFO - [2026-02-02T14:22:09.851+0000] {dag.py:3036} INFO - Sync 2 DAGs
[2026-02-02T14:22:09.867+0000] {logging_mixin.py:188} INFO - [2026-02-02T14:22:09.867+0000] {dag.py:3823} INFO - Setting next_dagrun for example_external_task_marker_child to None, run_after=None
[2026-02-02T14:22:09.871+0000] {logging_mixin.py:188} INFO - [2026-02-02T14:22:09.871+0000] {dag.py:3823} INFO - Setting next_dagrun for example_external_task_marker_parent to None, run_after=None
[2026-02-02T14:22:09.887+0000] {processor.py:183} INFO - Processing /home/airflow/.local/lib/python3.8/site-packages/airflow/example_dags/example_external_task_marker_dag.py took 0.076 seconds
[2026-02-02T14:22:40.626+0000] {processor.py:161} INFO - Started process (PID=331) to work on /home/airflow/.local/lib/python3.8/site-packages/airflow/example_dags/example_external_task_marker_dag.py
[2026-02-02T14:22:40.626+0000] {processor.py:830} INFO - Processing file /home/airflow/.local/lib/python3.8/site-packages/airflow/example_dags/example_external_task_marker_dag.py for tasks to queue
[2026-02-02T14:22:40.628+0000] {logging_mixin.py:188} INFO - [2026-02-02T14:22:40.628+0000] {dagbag.py:538} INFO - Filling up the DagBag from /home/airflow/.local/lib/python3.8/site-packages/airflow/example_dags/example_external_task_marker_dag.py
[2026-02-02T14:22:40.635+0000] {processor.py:840} INFO - DAG(s) 'example_external_task_marker_parent', 'example_external_task_marker_child' retrieved from /home/airflow/.local/lib/python3.8/site-packages/airflow/example_dags/example_external_task_marker_dag.py
[2026-02-02T14:22:40.662+0000] {logging_mixin.py:188} INFO - [2026-02-02T14:22:40.662+0000] {dag.py:3036} INFO - Sync 2 DAGs
[2026-02-02T14:22:40.680+0000] {logging_mixin.py:188} INFO - [2026-02-02T14:22:40.677+0000] {dag.py:3823} INFO - Setting next_dagrun for example_external_task_marker_child to None, run_after=None
[2026-02-02T14:22:40.690+0000] {logging_mixin.py:188} INFO - [2026-02-02T14:22:40.690+0000] {dag.py:3823} INFO - Setting next_dagrun for example_external_task_marker_parent to None, run_after=None
[2026-02-02T14:22:40.723+0000] {processor.py:183} INFO - Processing /home/airflow/.local/lib/python3.8/site-packages/airflow/example_dags/example_external_task_marker_dag.py took 0.100 seconds
[2026-02-02T14:23:11.020+0000] {processor.py:161} INFO - Started process (PID=386) to work on /home/airflow/.local/lib/python3.8/site-packages/airflow/example_dags/example_external_task_marker_dag.py
[2026-02-02T14:23:11.021+0000] {processor.py:830} INFO - Processing file /home/airflow/.local/lib/python3.8/site-packages/airflow/example_dags/example_external_task_marker_dag.py for tasks to queue
[2026-02-02T14:23:11.022+0000] {logging_mixin.py:188} INFO - [2026-02-02T14:23:11.022+0000] {dagbag.py:538} INFO - Filling up the DagBag from /home/airflow/.local/lib/python3.8/site-packages/airflow/example_dags/example_external_task_marker_dag.py
[2026-02-02T14:23:11.029+0000] {processor.py:840} INFO - DAG(s) 'example_external_task_marker_parent', 'example_external_task_marker_child' retrieved from /home/airflow/.local/lib/python3.8/site-packages/airflow/example_dags/example_external_task_marker_dag.py
[2026-02-02T14:23:11.055+0000] {logging_mixin.py:188} INFO - [2026-02-02T14:23:11.055+0000] {dag.py:3036} INFO - Sync 2 DAGs
[2026-02-02T14:23:11.070+0000] {logging_mixin.py:188} INFO - [2026-02-02T14:23:11.070+0000] {dag.py:3823} INFO - Setting next_dagrun for example_external_task_marker_child to None, run_after=None
[2026-02-02T14:23:11.074+0000] {logging_mixin.py:188} INFO - [2026-02-02T14:23:11.074+0000] {dag.py:3823} INFO - Setting next_dagrun for example_external_task_marker_parent to None, run_after=None
[2026-02-02T14:23:11.090+0000] {processor.py:183} INFO - Processing /home/airflow/.local/lib/python3.8/site-packages/airflow/example_dags/example_external_task_marker_dag.py took 0.074 seconds
[2026-02-02T14:23:41.848+0000] {processor.py:161} INFO - Started process (PID=441) to work on /home/airflow/.local/lib/python3.8/site-packages/airflow/example_dags/example_external_task_marker_dag.py
[2026-02-02T14:23:41.849+0000] {processor.py:830} INFO - Processing file /home/airflow/.local/lib/python3.8/site-packages/airflow/example_dags/example_external_task_marker_dag.py for tasks to queue
[2026-02-02T14:23:41.851+0000] {logging_mixin.py:188} INFO - [2026-02-02T14:23:41.851+0000] {dagbag.py:538} INFO - Filling up the DagBag from /home/airflow/.local/lib/python3.8/site-packages/airflow/example_dags/example_external_task_marker_dag.py
[2026-02-02T14:23:41.857+0000] {processor.py:840} INFO - DAG(s) 'example_external_task_marker_child', 'example_external_task_marker_parent' retrieved from /home/airflow/.local/lib/python3.8/site-packages/airflow/example_dags/example_external_task_marker_dag.py
[2026-02-02T14:23:41.885+0000] {logging_mixin.py:188} INFO - [2026-02-02T14:23:41.884+0000] {dag.py:3036} INFO - Sync 2 DAGs
[2026-02-02T14:23:41.900+0000] {logging_mixin.py:188} INFO - [2026-02-02T14:23:41.900+0000] {dag.py:3823} INFO - Setting next_dagrun for example_external_task_marker_child to None, run_after=None
[2026-02-02T14:23:41.904+0000] {logging_mixin.py:188} INFO - [2026-02-02T14:23:41.904+0000] {dag.py:3823} INFO - Setting next_dagrun for example_external_task_marker_parent to None, run_after=None
[2026-02-02T14:23:41.922+0000] {processor.py:183} INFO - Processing /home/airflow/.local/lib/python3.8/site-packages/airflow/example_dags/example_external_task_marker_dag.py took 0.077 seconds
[2026-02-02T14:24:12.042+0000] {processor.py:161} INFO - Started process (PID=495) to work on /home/airflow/.local/lib/python3.8/site-packages/airflow/example_dags/example_external_task_marker_dag.py
[2026-02-02T14:24:12.043+0000] {processor.py:830} INFO - Processing file /home/airflow/.local/lib/python3.8/site-packages/airflow/example_dags/example_external_task_marker_dag.py for tasks to queue
[2026-02-02T14:24:12.045+0000] {logging_mixin.py:188} INFO - [2026-02-02T14:24:12.045+0000] {dagbag.py:538} INFO - Filling up the DagBag from /home/airflow/.local/lib/python3.8/site-packages/airflow/example_dags/example_external_task_marker_dag.py
[2026-02-02T14:24:12.052+0000] {processor.py:840} INFO - DAG(s) 'example_external_task_marker_parent', 'example_external_task_marker_child' retrieved from /home/airflow/.local/lib/python3.8/site-packages/airflow/example_dags/example_external_task_marker_dag.py
[2026-02-02T14:24:12.080+0000] {logging_mixin.py:188} INFO - [2026-02-02T14:24:12.079+0000] {dag.py:3036} INFO - Sync 2 DAGs
[2026-02-02T14:24:12.095+0000] {logging_mixin.py:188} INFO - [2026-02-02T14:24:12.094+0000] {dag.py:3823} INFO - Setting next_dagrun for example_external_task_marker_child to None, run_after=None
[2026-02-02T14:24:12.099+0000] {logging_mixin.py:188} INFO - [2026-02-02T14:24:12.098+0000] {dag.py:3823} INFO - Setting next_dagrun for example_external_task_marker_parent to None, run_after=None
[2026-02-02T14:24:12.115+0000] {processor.py:183} INFO - Processing /home/airflow/.local/lib/python3.8/site-packages/airflow/example_dags/example_external_task_marker_dag.py took 0.076 seconds
[2026-02-02T14:24:42.271+0000] {processor.py:161} INFO - Started process (PID=551) to work on /home/airflow/.local/lib/python3.8/site-packages/airflow/example_dags/example_external_task_marker_dag.py
[2026-02-02T14:24:42.274+0000] {processor.py:830} INFO - Processing file /home/airflow/.local/lib/python3.8/site-packages/airflow/example_dags/example_external_task_marker_dag.py for tasks to queue
[2026-02-02T14:24:42.279+0000] {logging_mixin.py:188} INFO - [2026-02-02T14:24:42.279+0000] {dagbag.py:538} INFO - Filling up the DagBag from /home/airflow/.local/lib/python3.8/site-packages/airflow/example_dags/example_external_task_marker_dag.py
[2026-02-02T14:24:42.300+0000] {processor.py:840} INFO - DAG(s) 'example_external_task_marker_parent', 'example_external_task_marker_child' retrieved from /home/airflow/.local/lib/python3.8/site-packages/airflow/example_dags/example_external_task_marker_dag.py
[2026-02-02T14:24:42.396+0000] {logging_mixin.py:188} INFO - [2026-02-02T14:24:42.395+0000] {dag.py:3036} INFO - Sync 2 DAGs
[2026-02-02T14:24:42.429+0000] {logging_mixin.py:188} INFO - [2026-02-02T14:24:42.424+0000] {dag.py:3823} INFO - Setting next_dagrun for example_external_task_marker_child to None, run_after=None
[2026-02-02T14:24:42.440+0000] {logging_mixin.py:188} INFO - [2026-02-02T14:24:42.440+0000] {dag.py:3823} INFO - Setting next_dagrun for example_external_task_marker_parent to None, run_after=None
[2026-02-02T14:24:42.482+0000] {processor.py:183} INFO - Processing /home/airflow/.local/lib/python3.8/site-packages/airflow/example_dags/example_external_task_marker_dag.py took 0.222 seconds
[2026-02-02T14:25:12.578+0000] {processor.py:161} INFO - Started process (PID=606) to work on /home/airflow/.local/lib/python3.8/site-packages/airflow/example_dags/example_external_task_marker_dag.py
[2026-02-02T14:25:12.581+0000] {processor.py:830} INFO - Processing file /home/airflow/.local/lib/python3.8/site-packages/airflow/example_dags/example_external_task_marker_dag.py for tasks to queue
[2026-02-02T14:25:12.584+0000] {logging_mixin.py:188} INFO - [2026-02-02T14:25:12.582+0000] {dagbag.py:538} INFO - Filling up the DagBag from /home/airflow/.local/lib/python3.8/site-packages/airflow/example_dags/example_external_task_marker_dag.py
[2026-02-02T14:25:12.598+0000] {processor.py:840} INFO - DAG(s) 'example_external_task_marker_child', 'example_external_task_marker_parent' retrieved from /home/airflow/.local/lib/python3.8/site-packages/airflow/example_dags/example_external_task_marker_dag.py
[2026-02-02T14:25:12.625+0000] {logging_mixin.py:188} INFO - [2026-02-02T14:25:12.624+0000] {dag.py:3036} INFO - Sync 2 DAGs
[2026-02-02T14:25:12.640+0000] {logging_mixin.py:188} INFO - [2026-02-02T14:25:12.640+0000] {dag.py:3823} INFO - Setting next_dagrun for example_external_task_marker_child to None, run_after=None
[2026-02-02T14:25:12.644+0000] {logging_mixin.py:188} INFO - [2026-02-02T14:25:12.644+0000] {dag.py:3823} INFO - Setting next_dagrun for example_external_task_marker_parent to None, run_after=None
[2026-02-02T14:25:12.663+0000] {processor.py:183} INFO - Processing /home/airflow/.local/lib/python3.8/site-packages/airflow/example_dags/example_external_task_marker_dag.py took 0.093 seconds
[2026-02-02T14:25:42.841+0000] {processor.py:161} INFO - Started process (PID=661) to work on /home/airflow/.local/lib/python3.8/site-packages/airflow/example_dags/example_external_task_marker_dag.py
[2026-02-02T14:25:42.843+0000] {processor.py:830} INFO - Processing file /home/airflow/.local/lib/python3.8/site-packages/airflow/example_dags/example_external_task_marker_dag.py for tasks to queue
[2026-02-02T14:25:42.847+0000] {logging_mixin.py:188} INFO - [2026-02-02T14:25:42.847+0000] {dagbag.py:538} INFO - Filling up the DagBag from /home/airflow/.local/lib/python3.8/site-packages/airflow/example_dags/example_external_task_marker_dag.py
[2026-02-02T14:25:42.862+0000] {processor.py:840} INFO - DAG(s) 'example_external_task_marker_child', 'example_external_task_marker_parent' retrieved from /home/airflow/.local/lib/python3.8/site-packages/airflow/example_dags/example_external_task_marker_dag.py
[2026-02-02T14:25:42.908+0000] {logging_mixin.py:188} INFO - [2026-02-02T14:25:42.908+0000] {dag.py:3036} INFO - Sync 2 DAGs
[2026-02-02T14:25:42.925+0000] {logging_mixin.py:188} INFO - [2026-02-02T14:25:42.925+0000] {dag.py:3823} INFO - Setting next_dagrun for example_external_task_marker_child to None, run_after=None
[2026-02-02T14:25:42.930+0000] {logging_mixin.py:188} INFO - [2026-02-02T14:25:42.930+0000] {dag.py:3823} INFO - Setting next_dagrun for example_external_task_marker_parent to None, run_after=None
[2026-02-02T14:25:42.946+0000] {processor.py:183} INFO - Processing /home/airflow/.local/lib/python3.8/site-packages/airflow/example_dags/example_external_task_marker_dag.py took 0.121 seconds
[2026-02-02T14:26:13.554+0000] {processor.py:161} INFO - Started process (PID=716) to work on /home/airflow/.local/lib/python3.8/site-packages/airflow/example_dags/example_external_task_marker_dag.py
[2026-02-02T14:26:13.555+0000] {processor.py:830} INFO - Processing file /home/airflow/.local/lib/python3.8/site-packages/airflow/example_dags/example_external_task_marker_dag.py for tasks to queue
[2026-02-02T14:26:13.557+0000] {logging_mixin.py:188} INFO - [2026-02-02T14:26:13.557+0000] {dagbag.py:538} INFO - Filling up the DagBag from /home/airflow/.local/lib/python3.8/site-packages/airflow/example_dags/example_external_task_marker_dag.py
[2026-02-02T14:26:13.563+0000] {processor.py:840} INFO - DAG(s) 'example_external_task_marker_child', 'example_external_task_marker_parent' retrieved from /home/airflow/.local/lib/python3.8/site-packages/airflow/example_dags/example_external_task_marker_dag.py
[2026-02-02T14:26:13.591+0000] {logging_mixin.py:188} INFO - [2026-02-02T14:26:13.590+0000] {dag.py:3036} INFO - Sync 2 DAGs
[2026-02-02T14:26:13.606+0000] {logging_mixin.py:188} INFO - [2026-02-02T14:26:13.605+0000] {dag.py:3823} INFO - Setting next_dagrun for example_external_task_marker_child to None, run_after=None
[2026-02-02T14:26:13.610+0000] {logging_mixin.py:188} INFO - [2026-02-02T14:26:13.610+0000] {dag.py:3823} INFO - Setting next_dagrun for example_external_task_marker_parent to None, run_after=None
[2026-02-02T14:26:13.627+0000] {processor.py:183} INFO - Processing /home/airflow/.local/lib/python3.8/site-packages/airflow/example_dags/example_external_task_marker_dag.py took 0.076 seconds
[2026-02-02T14:26:43.881+0000] {processor.py:161} INFO - Started process (PID=771) to work on /home/airflow/.local/lib/python3.8/site-packages/airflow/example_dags/example_external_task_marker_dag.py
[2026-02-02T14:26:43.884+0000] {processor.py:830} INFO - Processing file /home/airflow/.local/lib/python3.8/site-packages/airflow/example_dags/example_external_task_marker_dag.py for tasks to queue
[2026-02-02T14:26:43.887+0000] {logging_mixin.py:188} INFO - [2026-02-02T14:26:43.886+0000] {dagbag.py:538} INFO - Filling up the DagBag from /home/airflow/.local/lib/python3.8/site-packages/airflow/example_dags/example_external_task_marker_dag.py
[2026-02-02T14:26:43.894+0000] {processor.py:840} INFO - DAG(s) 'example_external_task_marker_child', 'example_external_task_marker_parent' retrieved from /home/airflow/.local/lib/python3.8/site-packages/airflow/example_dags/example_external_task_marker_dag.py
[2026-02-02T14:26:43.934+0000] {logging_mixin.py:188} INFO - [2026-02-02T14:26:43.934+0000] {dag.py:3036} INFO - Sync 2 DAGs
[2026-02-02T14:26:43.949+0000] {logging_mixin.py:188} INFO - [2026-02-02T14:26:43.949+0000] {dag.py:3823} INFO - Setting next_dagrun for example_external_task_marker_child to None, run_after=None
[2026-02-02T14:26:43.953+0000] {logging_mixin.py:188} INFO - [2026-02-02T14:26:43.953+0000] {dag.py:3823} INFO - Setting next_dagrun for example_external_task_marker_parent to None, run_after=None
[2026-02-02T14:26:43.992+0000] {processor.py:183} INFO - Processing /home/airflow/.local/lib/python3.8/site-packages/airflow/example_dags/example_external_task_marker_dag.py took 0.116 seconds
[2026-02-02T14:27:15.075+0000] {processor.py:161} INFO - Started process (PID=826) to work on /home/airflow/.local/lib/python3.8/site-packages/airflow/example_dags/example_external_task_marker_dag.py
[2026-02-02T14:27:15.076+0000] {processor.py:830} INFO - Processing file /home/airflow/.local/lib/python3.8/site-packages/airflow/example_dags/example_external_task_marker_dag.py for tasks to queue
[2026-02-02T14:27:15.080+0000] {logging_mixin.py:188} INFO - [2026-02-02T14:27:15.079+0000] {dagbag.py:538} INFO - Filling up the DagBag from /home/airflow/.local/lib/python3.8/site-packages/airflow/example_dags/example_external_task_marker_dag.py
[2026-02-02T14:27:15.094+0000] {processor.py:840} INFO - DAG(s) 'example_external_task_marker_parent', 'example_external_task_marker_child' retrieved from /home/airflow/.local/lib/python3.8/site-packages/airflow/example_dags/example_external_task_marker_dag.py
[2026-02-02T14:27:15.150+0000] {logging_mixin.py:188} INFO - [2026-02-02T14:27:15.150+0000] {dag.py:3036} INFO - Sync 2 DAGs
[2026-02-02T14:27:15.183+0000] {logging_mixin.py:188} INFO - [2026-02-02T14:27:15.183+0000] {dag.py:3823} INFO - Setting next_dagrun for example_external_task_marker_child to None, run_after=None
[2026-02-02T14:27:15.187+0000] {logging_mixin.py:188} INFO - [2026-02-02T14:27:15.187+0000] {dag.py:3823} INFO - Setting next_dagrun for example_external_task_marker_parent to None, run_after=None
[2026-02-02T14:27:15.230+0000] {processor.py:183} INFO - Processing /home/airflow/.local/lib/python3.8/site-packages/airflow/example_dags/example_external_task_marker_dag.py took 0.163 seconds
[2026-02-02T14:27:46.024+0000] {processor.py:161} INFO - Started process (PID=881) to work on /home/airflow/.local/lib/python3.8/site-packages/airflow/example_dags/example_external_task_marker_dag.py
[2026-02-02T14:27:46.024+0000] {processor.py:830} INFO - Processing file /home/airflow/.local/lib/python3.8/site-packages/airflow/example_dags/example_external_task_marker_dag.py for tasks to queue
[2026-02-02T14:27:46.026+0000] {logging_mixin.py:188} INFO - [2026-02-02T14:27:46.025+0000] {dagbag.py:538} INFO - Filling up the DagBag from /home/airflow/.local/lib/python3.8/site-packages/airflow/example_dags/example_external_task_marker_dag.py
[2026-02-02T14:27:46.030+0000] {processor.py:840} INFO - DAG(s) 'example_external_task_marker_parent', 'example_external_task_marker_child' retrieved from /home/airflow/.local/lib/python3.8/site-packages/airflow/example_dags/example_external_task_marker_dag.py
[2026-02-02T14:27:46.048+0000] {logging_mixin.py:188} INFO - [2026-02-02T14:27:46.048+0000] {dag.py:3036} INFO - Sync 2 DAGs
[2026-02-02T14:27:46.058+0000] {logging_mixin.py:188} INFO - [2026-02-02T14:27:46.058+0000] {dag.py:3823} INFO - Setting next_dagrun for example_external_task_marker_child to None, run_after=None
[2026-02-02T14:27:46.061+0000] {logging_mixin.py:188} INFO - [2026-02-02T14:27:46.061+0000] {dag.py:3823} INFO - Setting next_dagrun for example_external_task_marker_parent to None, run_after=None
[2026-02-02T14:27:46.073+0000] {processor.py:183} INFO - Processing /home/airflow/.local/lib/python3.8/site-packages/airflow/example_dags/example_external_task_marker_dag.py took 0.052 seconds
[2026-02-02T14:28:16.674+0000] {processor.py:161} INFO - Started process (PID=936) to work on /home/airflow/.local/lib/python3.8/site-packages/airflow/example_dags/example_external_task_marker_dag.py
[2026-02-02T14:28:16.676+0000] {processor.py:830} INFO - Processing file /home/airflow/.local/lib/python3.8/site-packages/airflow/example_dags/example_external_task_marker_dag.py for tasks to queue
[2026-02-02T14:28:16.678+0000] {logging_mixin.py:188} INFO - [2026-02-02T14:28:16.677+0000] {dagbag.py:538} INFO - Filling up the DagBag from /home/airflow/.local/lib/python3.8/site-packages/airflow/example_dags/example_external_task_marker_dag.py
[2026-02-02T14:28:16.684+0000] {processor.py:840} INFO - DAG(s) 'example_external_task_marker_child', 'example_external_task_marker_parent' retrieved from /home/airflow/.local/lib/python3.8/site-packages/airflow/example_dags/example_external_task_marker_dag.py
[2026-02-02T14:28:16.727+0000] {logging_mixin.py:188} INFO - [2026-02-02T14:28:16.727+0000] {dag.py:3036} INFO - Sync 2 DAGs
[2026-02-02T14:28:16.758+0000] {logging_mixin.py:188} INFO - [2026-02-02T14:28:16.757+0000] {dag.py:3823} INFO - Setting next_dagrun for example_external_task_marker_child to None, run_after=None
[2026-02-02T14:28:16.774+0000] {logging_mixin.py:188} INFO - [2026-02-02T14:28:16.773+0000] {dag.py:3823} INFO - Setting next_dagrun for example_external_task_marker_parent to None, run_after=None
[2026-02-02T14:28:16.792+0000] {processor.py:183} INFO - Processing /home/airflow/.local/lib/python3.8/site-packages/airflow/example_dags/example_external_task_marker_dag.py took 0.121 seconds
[2026-02-02T14:28:47.798+0000] {processor.py:161} INFO - Started process (PID=991) to work on /home/airflow/.local/lib/python3.8/site-packages/airflow/example_dags/example_external_task_marker_dag.py
[2026-02-02T14:28:47.799+0000] {processor.py:830} INFO - Processing file /home/airflow/.local/lib/python3.8/site-packages/airflow/example_dags/example_external_task_marker_dag.py for tasks to queue
[2026-02-02T14:28:47.801+0000] {logging_mixin.py:188} INFO - [2026-02-02T14:28:47.800+0000] {dagbag.py:538} INFO - Filling up the DagBag from /home/airflow/.local/lib/python3.8/site-packages/airflow/example_dags/example_external_task_marker_dag.py
[2026-02-02T14:28:47.807+0000] {processor.py:840} INFO - DAG(s) 'example_external_task_marker_child', 'example_external_task_marker_parent' retrieved from /home/airflow/.local/lib/python3.8/site-packages/airflow/example_dags/example_external_task_marker_dag.py
[2026-02-02T14:28:47.834+0000] {logging_mixin.py:188} INFO - [2026-02-02T14:28:47.834+0000] {dag.py:3036} INFO - Sync 2 DAGs
[2026-02-02T14:28:47.849+0000] {logging_mixin.py:188} INFO - [2026-02-02T14:28:47.849+0000] {dag.py:3823} INFO - Setting next_dagrun for example_external_task_marker_child to None, run_after=None
[2026-02-02T14:28:47.853+0000] {logging_mixin.py:188} INFO - [2026-02-02T14:28:47.853+0000] {dag.py:3823} INFO - Setting next_dagrun for example_external_task_marker_parent to None, run_after=None
[2026-02-02T14:28:47.870+0000] {processor.py:183} INFO - Processing /home/airflow/.local/lib/python3.8/site-packages/airflow/example_dags/example_external_task_marker_dag.py took 0.075 seconds
[2026-02-02T14:29:18.381+0000] {processor.py:161} INFO - Started process (PID=1046) to work on /home/airflow/.local/lib/python3.8/site-packages/airflow/example_dags/example_external_task_marker_dag.py
[2026-02-02T14:29:18.381+0000] {processor.py:830} INFO - Processing file /home/airflow/.local/lib/python3.8/site-packages/airflow/example_dags/example_external_task_marker_dag.py for tasks to queue
[2026-02-02T14:29:18.383+0000] {logging_mixin.py:188} INFO - [2026-02-02T14:29:18.383+0000] {dagbag.py:538} INFO - Filling up the DagBag from /home/airflow/.local/lib/python3.8/site-packages/airflow/example_dags/example_external_task_marker_dag.py
[2026-02-02T14:29:18.390+0000] {processor.py:840} INFO - DAG(s) 'example_external_task_marker_parent', 'example_external_task_marker_child' retrieved from /home/airflow/.local/lib/python3.8/site-packages/airflow/example_dags/example_external_task_marker_dag.py
[2026-02-02T14:29:18.417+0000] {logging_mixin.py:188} INFO - [2026-02-02T14:29:18.417+0000] {dag.py:3036} INFO - Sync 2 DAGs
[2026-02-02T14:29:18.433+0000] {logging_mixin.py:188} INFO - [2026-02-02T14:29:18.432+0000] {dag.py:3823} INFO - Setting next_dagrun for example_external_task_marker_child to None, run_after=None
[2026-02-02T14:29:18.436+0000] {logging_mixin.py:188} INFO - [2026-02-02T14:29:18.436+0000] {dag.py:3823} INFO - Setting next_dagrun for example_external_task_marker_parent to None, run_after=None
[2026-02-02T14:29:18.465+0000] {processor.py:183} INFO - Processing /home/airflow/.local/lib/python3.8/site-packages/airflow/example_dags/example_external_task_marker_dag.py took 0.088 seconds
[2026-02-02T14:29:49.361+0000] {processor.py:161} INFO - Started process (PID=1101) to work on /home/airflow/.local/lib/python3.8/site-packages/airflow/example_dags/example_external_task_marker_dag.py
[2026-02-02T14:29:49.361+0000] {processor.py:830} INFO - Processing file /home/airflow/.local/lib/python3.8/site-packages/airflow/example_dags/example_external_task_marker_dag.py for tasks to queue
[2026-02-02T14:29:49.363+0000] {logging_mixin.py:188} INFO - [2026-02-02T14:29:49.363+0000] {dagbag.py:538} INFO - Filling up the DagBag from /home/airflow/.local/lib/python3.8/site-packages/airflow/example_dags/example_external_task_marker_dag.py
[2026-02-02T14:29:49.370+0000] {processor.py:840} INFO - DAG(s) 'example_external_task_marker_child', 'example_external_task_marker_parent' retrieved from /home/airflow/.local/lib/python3.8/site-packages/airflow/example_dags/example_external_task_marker_dag.py
[2026-02-02T14:29:49.397+0000] {logging_mixin.py:188} INFO - [2026-02-02T14:29:49.396+0000] {dag.py:3036} INFO - Sync 2 DAGs
[2026-02-02T14:29:49.412+0000] {logging_mixin.py:188} INFO - [2026-02-02T14:29:49.411+0000] {dag.py:3823} INFO - Setting next_dagrun for example_external_task_marker_child to None, run_after=None
[2026-02-02T14:29:49.416+0000] {logging_mixin.py:188} INFO - [2026-02-02T14:29:49.415+0000] {dag.py:3823} INFO - Setting next_dagrun for example_external_task_marker_parent to None, run_after=None
[2026-02-02T14:29:49.432+0000] {processor.py:183} INFO - Processing /home/airflow/.local/lib/python3.8/site-packages/airflow/example_dags/example_external_task_marker_dag.py took 0.074 seconds
[2026-02-02T14:30:19.903+0000] {processor.py:161} INFO - Started process (PID=1156) to work on /home/airflow/.local/lib/python3.8/site-packages/airflow/example_dags/example_external_task_marker_dag.py
[2026-02-02T14:30:19.908+0000] {processor.py:830} INFO - Processing file /home/airflow/.local/lib/python3.8/site-packages/airflow/example_dags/example_external_task_marker_dag.py for tasks to queue
[2026-02-02T14:30:19.911+0000] {logging_mixin.py:188} INFO - [2026-02-02T14:30:19.911+0000] {dagbag.py:538} INFO - Filling up the DagBag from /home/airflow/.local/lib/python3.8/site-packages/airflow/example_dags/example_external_task_marker_dag.py
[2026-02-02T14:30:19.933+0000] {processor.py:840} INFO - DAG(s) 'example_external_task_marker_parent', 'example_external_task_marker_child' retrieved from /home/airflow/.local/lib/python3.8/site-packages/airflow/example_dags/example_external_task_marker_dag.py
[2026-02-02T14:30:19.967+0000] {logging_mixin.py:188} INFO - [2026-02-02T14:30:19.966+0000] {dag.py:3036} INFO - Sync 2 DAGs
[2026-02-02T14:30:19.983+0000] {logging_mixin.py:188} INFO - [2026-02-02T14:30:19.982+0000] {dag.py:3823} INFO - Setting next_dagrun for example_external_task_marker_child to None, run_after=None
[2026-02-02T14:30:19.989+0000] {logging_mixin.py:188} INFO - [2026-02-02T14:30:19.989+0000] {dag.py:3823} INFO - Setting next_dagrun for example_external_task_marker_parent to None, run_after=None
[2026-02-02T14:30:20.005+0000] {processor.py:183} INFO - Processing /home/airflow/.local/lib/python3.8/site-packages/airflow/example_dags/example_external_task_marker_dag.py took 0.109 seconds
[2026-02-02T14:30:50.536+0000] {processor.py:161} INFO - Started process (PID=1211) to work on /home/airflow/.local/lib/python3.8/site-packages/airflow/example_dags/example_external_task_marker_dag.py
[2026-02-02T14:30:50.536+0000] {processor.py:830} INFO - Processing file /home/airflow/.local/lib/python3.8/site-packages/airflow/example_dags/example_external_task_marker_dag.py for tasks to queue
[2026-02-02T14:30:50.538+0000] {logging_mixin.py:188} INFO - [2026-02-02T14:30:50.538+0000] {dagbag.py:538} INFO - Filling up the DagBag from /home/airflow/.local/lib/python3.8/site-packages/airflow/example_dags/example_external_task_marker_dag.py
[2026-02-02T14:30:50.546+0000] {processor.py:840} INFO - DAG(s) 'example_external_task_marker_child', 'example_external_task_marker_parent' retrieved from /home/airflow/.local/lib/python3.8/site-packages/airflow/example_dags/example_external_task_marker_dag.py
[2026-02-02T14:30:50.573+0000] {logging_mixin.py:188} INFO - [2026-02-02T14:30:50.573+0000] {dag.py:3036} INFO - Sync 2 DAGs
[2026-02-02T14:30:50.588+0000] {logging_mixin.py:188} INFO - [2026-02-02T14:30:50.588+0000] {dag.py:3823} INFO - Setting next_dagrun for example_external_task_marker_child to None, run_after=None
[2026-02-02T14:30:50.592+0000] {logging_mixin.py:188} INFO - [2026-02-02T14:30:50.592+0000] {dag.py:3823} INFO - Setting next_dagrun for example_external_task_marker_parent to None, run_after=None
[2026-02-02T14:30:50.609+0000] {processor.py:183} INFO - Processing /home/airflow/.local/lib/python3.8/site-packages/airflow/example_dags/example_external_task_marker_dag.py took 0.079 seconds
[2026-02-02T14:31:21.081+0000] {processor.py:161} INFO - Started process (PID=1266) to work on /home/airflow/.local/lib/python3.8/site-packages/airflow/example_dags/example_external_task_marker_dag.py
[2026-02-02T14:31:21.082+0000] {processor.py:830} INFO - Processing file /home/airflow/.local/lib/python3.8/site-packages/airflow/example_dags/example_external_task_marker_dag.py for tasks to queue
[2026-02-02T14:31:21.084+0000] {logging_mixin.py:188} INFO - [2026-02-02T14:31:21.084+0000] {dagbag.py:538} INFO - Filling up the DagBag from /home/airflow/.local/lib/python3.8/site-packages/airflow/example_dags/example_external_task_marker_dag.py
[2026-02-02T14:31:21.091+0000] {processor.py:840} INFO - DAG(s) 'example_external_task_marker_child', 'example_external_task_marker_parent' retrieved from /home/airflow/.local/lib/python3.8/site-packages/airflow/example_dags/example_external_task_marker_dag.py
[2026-02-02T14:31:21.117+0000] {logging_mixin.py:188} INFO - [2026-02-02T14:31:21.116+0000] {dag.py:3036} INFO - Sync 2 DAGs
[2026-02-02T14:31:21.132+0000] {logging_mixin.py:188} INFO - [2026-02-02T14:31:21.132+0000] {dag.py:3823} INFO - Setting next_dagrun for example_external_task_marker_child to None, run_after=None
[2026-02-02T14:31:21.136+0000] {logging_mixin.py:188} INFO - [2026-02-02T14:31:21.136+0000] {dag.py:3823} INFO - Setting next_dagrun for example_external_task_marker_parent to None, run_after=None
[2026-02-02T14:31:21.152+0000] {processor.py:183} INFO - Processing /home/airflow/.local/lib/python3.8/site-packages/airflow/example_dags/example_external_task_marker_dag.py took 0.075 seconds
[2026-02-02T14:31:51.814+0000] {processor.py:161} INFO - Started process (PID=1321) to work on /home/airflow/.local/lib/python3.8/site-packages/airflow/example_dags/example_external_task_marker_dag.py
[2026-02-02T14:31:51.815+0000] {processor.py:830} INFO - Processing file /home/airflow/.local/lib/python3.8/site-packages/airflow/example_dags/example_external_task_marker_dag.py for tasks to queue
[2026-02-02T14:31:51.816+0000] {logging_mixin.py:188} INFO - [2026-02-02T14:31:51.816+0000] {dagbag.py:538} INFO - Filling up the DagBag from /home/airflow/.local/lib/python3.8/site-packages/airflow/example_dags/example_external_task_marker_dag.py
[2026-02-02T14:31:51.823+0000] {processor.py:840} INFO - DAG(s) 'example_external_task_marker_child', 'example_external_task_marker_parent' retrieved from /home/airflow/.local/lib/python3.8/site-packages/airflow/example_dags/example_external_task_marker_dag.py
[2026-02-02T14:31:51.849+0000] {logging_mixin.py:188} INFO - [2026-02-02T14:31:51.849+0000] {dag.py:3036} INFO - Sync 2 DAGs
[2026-02-02T14:31:51.864+0000] {logging_mixin.py:188} INFO - [2026-02-02T14:31:51.864+0000] {dag.py:3823} INFO - Setting next_dagrun for example_external_task_marker_child to None, run_after=None
[2026-02-02T14:31:51.868+0000] {logging_mixin.py:188} INFO - [2026-02-02T14:31:51.868+0000] {dag.py:3823} INFO - Setting next_dagrun for example_external_task_marker_parent to None, run_after=None
[2026-02-02T14:31:51.885+0000] {processor.py:183} INFO - Processing /home/airflow/.local/lib/python3.8/site-packages/airflow/example_dags/example_external_task_marker_dag.py took 0.074 seconds
[2026-02-02T14:32:22.506+0000] {processor.py:161} INFO - Started process (PID=1376) to work on /home/airflow/.local/lib/python3.8/site-packages/airflow/example_dags/example_external_task_marker_dag.py
[2026-02-02T14:32:22.507+0000] {processor.py:830} INFO - Processing file /home/airflow/.local/lib/python3.8/site-packages/airflow/example_dags/example_external_task_marker_dag.py for tasks to queue
[2026-02-02T14:32:22.508+0000] {logging_mixin.py:188} INFO - [2026-02-02T14:32:22.508+0000] {dagbag.py:538} INFO - Filling up the DagBag from /home/airflow/.local/lib/python3.8/site-packages/airflow/example_dags/example_external_task_marker_dag.py
[2026-02-02T14:32:22.515+0000] {processor.py:840} INFO - DAG(s) 'example_external_task_marker_parent', 'example_external_task_marker_child' retrieved from /home/airflow/.local/lib/python3.8/site-packages/airflow/example_dags/example_external_task_marker_dag.py
[2026-02-02T14:32:22.541+0000] {logging_mixin.py:188} INFO - [2026-02-02T14:32:22.541+0000] {dag.py:3036} INFO - Sync 2 DAGs
[2026-02-02T14:32:22.557+0000] {logging_mixin.py:188} INFO - [2026-02-02T14:32:22.556+0000] {dag.py:3823} INFO - Setting next_dagrun for example_external_task_marker_child to None, run_after=None
[2026-02-02T14:32:22.560+0000] {logging_mixin.py:188} INFO - [2026-02-02T14:32:22.560+0000] {dag.py:3823} INFO - Setting next_dagrun for example_external_task_marker_parent to None, run_after=None
[2026-02-02T14:32:22.576+0000] {processor.py:183} INFO - Processing /home/airflow/.local/lib/python3.8/site-packages/airflow/example_dags/example_external_task_marker_dag.py took 0.074 seconds
[2026-02-02T14:32:52.905+0000] {processor.py:161} INFO - Started process (PID=1431) to work on /home/airflow/.local/lib/python3.8/site-packages/airflow/example_dags/example_external_task_marker_dag.py
[2026-02-02T14:32:52.906+0000] {processor.py:830} INFO - Processing file /home/airflow/.local/lib/python3.8/site-packages/airflow/example_dags/example_external_task_marker_dag.py for tasks to queue
[2026-02-02T14:32:52.907+0000] {logging_mixin.py:188} INFO - [2026-02-02T14:32:52.907+0000] {dagbag.py:538} INFO - Filling up the DagBag from /home/airflow/.local/lib/python3.8/site-packages/airflow/example_dags/example_external_task_marker_dag.py
[2026-02-02T14:32:52.916+0000] {processor.py:840} INFO - DAG(s) 'example_external_task_marker_child', 'example_external_task_marker_parent' retrieved from /home/airflow/.local/lib/python3.8/site-packages/airflow/example_dags/example_external_task_marker_dag.py
[2026-02-02T14:32:52.975+0000] {logging_mixin.py:188} INFO - [2026-02-02T14:32:52.975+0000] {dag.py:3036} INFO - Sync 2 DAGs
[2026-02-02T14:32:53.020+0000] {logging_mixin.py:188} INFO - [2026-02-02T14:32:53.020+0000] {dag.py:3823} INFO - Setting next_dagrun for example_external_task_marker_child to None, run_after=None
[2026-02-02T14:32:53.025+0000] {logging_mixin.py:188} INFO - [2026-02-02T14:32:53.025+0000] {dag.py:3823} INFO - Setting next_dagrun for example_external_task_marker_parent to None, run_after=None
[2026-02-02T14:32:53.068+0000] {processor.py:183} INFO - Processing /home/airflow/.local/lib/python3.8/site-packages/airflow/example_dags/example_external_task_marker_dag.py took 0.166 seconds
[2026-02-02T14:33:23.179+0000] {processor.py:161} INFO - Started process (PID=1486) to work on /home/airflow/.local/lib/python3.8/site-packages/airflow/example_dags/example_external_task_marker_dag.py
[2026-02-02T14:33:23.180+0000] {processor.py:830} INFO - Processing file /home/airflow/.local/lib/python3.8/site-packages/airflow/example_dags/example_external_task_marker_dag.py for tasks to queue
[2026-02-02T14:33:23.182+0000] {logging_mixin.py:188} INFO - [2026-02-02T14:33:23.182+0000] {dagbag.py:538} INFO - Filling up the DagBag from /home/airflow/.local/lib/python3.8/site-packages/airflow/example_dags/example_external_task_marker_dag.py
[2026-02-02T14:33:23.192+0000] {processor.py:840} INFO - DAG(s) 'example_external_task_marker_parent', 'example_external_task_marker_child' retrieved from /home/airflow/.local/lib/python3.8/site-packages/airflow/example_dags/example_external_task_marker_dag.py
[2026-02-02T14:33:23.218+0000] {logging_mixin.py:188} INFO - [2026-02-02T14:33:23.217+0000] {dag.py:3036} INFO - Sync 2 DAGs
[2026-02-02T14:33:23.233+0000] {logging_mixin.py:188} INFO - [2026-02-02T14:33:23.232+0000] {dag.py:3823} INFO - Setting next_dagrun for example_external_task_marker_child to None, run_after=None
[2026-02-02T14:33:23.237+0000] {logging_mixin.py:188} INFO - [2026-02-02T14:33:23.237+0000] {dag.py:3823} INFO - Setting next_dagrun for example_external_task_marker_parent to None, run_after=None
[2026-02-02T14:33:23.253+0000] {processor.py:183} INFO - Processing /home/airflow/.local/lib/python3.8/site-packages/airflow/example_dags/example_external_task_marker_dag.py took 0.077 seconds
[2026-02-02T14:33:53.467+0000] {processor.py:161} INFO - Started process (PID=1541) to work on /home/airflow/.local/lib/python3.8/site-packages/airflow/example_dags/example_external_task_marker_dag.py
[2026-02-02T14:33:53.468+0000] {processor.py:830} INFO - Processing file /home/airflow/.local/lib/python3.8/site-packages/airflow/example_dags/example_external_task_marker_dag.py for tasks to queue
[2026-02-02T14:33:53.470+0000] {logging_mixin.py:188} INFO - [2026-02-02T14:33:53.469+0000] {dagbag.py:538} INFO - Filling up the DagBag from /home/airflow/.local/lib/python3.8/site-packages/airflow/example_dags/example_external_task_marker_dag.py
[2026-02-02T14:33:53.476+0000] {processor.py:840} INFO - DAG(s) 'example_external_task_marker_parent', 'example_external_task_marker_child' retrieved from /home/airflow/.local/lib/python3.8/site-packages/airflow/example_dags/example_external_task_marker_dag.py
[2026-02-02T14:33:53.502+0000] {logging_mixin.py:188} INFO - [2026-02-02T14:33:53.501+0000] {dag.py:3036} INFO - Sync 2 DAGs
[2026-02-02T14:33:53.517+0000] {logging_mixin.py:188} INFO - [2026-02-02T14:33:53.517+0000] {dag.py:3823} INFO - Setting next_dagrun for example_external_task_marker_child to None, run_after=None
[2026-02-02T14:33:53.521+0000] {logging_mixin.py:188} INFO - [2026-02-02T14:33:53.521+0000] {dag.py:3823} INFO - Setting next_dagrun for example_external_task_marker_parent to None, run_after=None
[2026-02-02T14:33:53.537+0000] {processor.py:183} INFO - Processing /home/airflow/.local/lib/python3.8/site-packages/airflow/example_dags/example_external_task_marker_dag.py took 0.073 seconds
[2026-02-02T14:34:24.025+0000] {processor.py:161} INFO - Started process (PID=1596) to work on /home/airflow/.local/lib/python3.8/site-packages/airflow/example_dags/example_external_task_marker_dag.py
[2026-02-02T14:34:24.026+0000] {processor.py:830} INFO - Processing file /home/airflow/.local/lib/python3.8/site-packages/airflow/example_dags/example_external_task_marker_dag.py for tasks to queue
[2026-02-02T14:34:24.028+0000] {logging_mixin.py:188} INFO - [2026-02-02T14:34:24.028+0000] {dagbag.py:538} INFO - Filling up the DagBag from /home/airflow/.local/lib/python3.8/site-packages/airflow/example_dags/example_external_task_marker_dag.py
[2026-02-02T14:34:24.035+0000] {processor.py:840} INFO - DAG(s) 'example_external_task_marker_parent', 'example_external_task_marker_child' retrieved from /home/airflow/.local/lib/python3.8/site-packages/airflow/example_dags/example_external_task_marker_dag.py
[2026-02-02T14:34:24.062+0000] {logging_mixin.py:188} INFO - [2026-02-02T14:34:24.062+0000] {dag.py:3036} INFO - Sync 2 DAGs
[2026-02-02T14:34:24.077+0000] {logging_mixin.py:188} INFO - [2026-02-02T14:34:24.077+0000] {dag.py:3823} INFO - Setting next_dagrun for example_external_task_marker_child to None, run_after=None
[2026-02-02T14:34:24.081+0000] {logging_mixin.py:188} INFO - [2026-02-02T14:34:24.081+0000] {dag.py:3823} INFO - Setting next_dagrun for example_external_task_marker_parent to None, run_after=None
[2026-02-02T14:34:24.101+0000] {processor.py:183} INFO - Processing /home/airflow/.local/lib/python3.8/site-packages/airflow/example_dags/example_external_task_marker_dag.py took 0.079 seconds
[2026-02-02T14:34:54.150+0000] {processor.py:161} INFO - Started process (PID=1651) to work on /home/airflow/.local/lib/python3.8/site-packages/airflow/example_dags/example_external_task_marker_dag.py
[2026-02-02T14:34:54.151+0000] {processor.py:830} INFO - Processing file /home/airflow/.local/lib/python3.8/site-packages/airflow/example_dags/example_external_task_marker_dag.py for tasks to queue
[2026-02-02T14:34:54.153+0000] {logging_mixin.py:188} INFO - [2026-02-02T14:34:54.153+0000] {dagbag.py:538} INFO - Filling up the DagBag from /home/airflow/.local/lib/python3.8/site-packages/airflow/example_dags/example_external_task_marker_dag.py
[2026-02-02T14:34:54.159+0000] {processor.py:840} INFO - DAG(s) 'example_external_task_marker_child', 'example_external_task_marker_parent' retrieved from /home/airflow/.local/lib/python3.8/site-packages/airflow/example_dags/example_external_task_marker_dag.py
[2026-02-02T14:34:54.183+0000] {logging_mixin.py:188} INFO - [2026-02-02T14:34:54.183+0000] {dag.py:3036} INFO - Sync 2 DAGs
[2026-02-02T14:34:54.197+0000] {logging_mixin.py:188} INFO - [2026-02-02T14:34:54.197+0000] {dag.py:3823} INFO - Setting next_dagrun for example_external_task_marker_child to None, run_after=None
[2026-02-02T14:34:54.201+0000] {logging_mixin.py:188} INFO - [2026-02-02T14:34:54.201+0000] {dag.py:3823} INFO - Setting next_dagrun for example_external_task_marker_parent to None, run_after=None
[2026-02-02T14:34:54.217+0000] {processor.py:183} INFO - Processing /home/airflow/.local/lib/python3.8/site-packages/airflow/example_dags/example_external_task_marker_dag.py took 0.070 seconds
[2026-02-02T14:35:24.646+0000] {processor.py:161} INFO - Started process (PID=1706) to work on /home/airflow/.local/lib/python3.8/site-packages/airflow/example_dags/example_external_task_marker_dag.py
[2026-02-02T14:35:24.649+0000] {processor.py:830} INFO - Processing file /home/airflow/.local/lib/python3.8/site-packages/airflow/example_dags/example_external_task_marker_dag.py for tasks to queue
[2026-02-02T14:35:24.651+0000] {logging_mixin.py:188} INFO - [2026-02-02T14:35:24.651+0000] {dagbag.py:538} INFO - Filling up the DagBag from /home/airflow/.local/lib/python3.8/site-packages/airflow/example_dags/example_external_task_marker_dag.py
[2026-02-02T14:35:24.662+0000] {processor.py:840} INFO - DAG(s) 'example_external_task_marker_parent', 'example_external_task_marker_child' retrieved from /home/airflow/.local/lib/python3.8/site-packages/airflow/example_dags/example_external_task_marker_dag.py
[2026-02-02T14:35:24.718+0000] {logging_mixin.py:188} INFO - [2026-02-02T14:35:24.718+0000] {dag.py:3036} INFO - Sync 2 DAGs
[2026-02-02T14:35:24.761+0000] {logging_mixin.py:188} INFO - [2026-02-02T14:35:24.760+0000] {dag.py:3823} INFO - Setting next_dagrun for example_external_task_marker_child to None, run_after=None
[2026-02-02T14:35:24.765+0000] {logging_mixin.py:188} INFO - [2026-02-02T14:35:24.765+0000] {dag.py:3823} INFO - Setting next_dagrun for example_external_task_marker_parent to None, run_after=None
[2026-02-02T14:35:24.798+0000] {processor.py:183} INFO - Processing /home/airflow/.local/lib/python3.8/site-packages/airflow/example_dags/example_external_task_marker_dag.py took 0.160 seconds
[2026-02-02T14:35:55.719+0000] {processor.py:161} INFO - Started process (PID=1761) to work on /home/airflow/.local/lib/python3.8/site-packages/airflow/example_dags/example_external_task_marker_dag.py
[2026-02-02T14:35:55.720+0000] {processor.py:830} INFO - Processing file /home/airflow/.local/lib/python3.8/site-packages/airflow/example_dags/example_external_task_marker_dag.py for tasks to queue
[2026-02-02T14:35:55.721+0000] {logging_mixin.py:188} INFO - [2026-02-02T14:35:55.721+0000] {dagbag.py:538} INFO - Filling up the DagBag from /home/airflow/.local/lib/python3.8/site-packages/airflow/example_dags/example_external_task_marker_dag.py
[2026-02-02T14:35:55.727+0000] {processor.py:840} INFO - DAG(s) 'example_external_task_marker_child', 'example_external_task_marker_parent' retrieved from /home/airflow/.local/lib/python3.8/site-packages/airflow/example_dags/example_external_task_marker_dag.py
[2026-02-02T14:35:55.754+0000] {logging_mixin.py:188} INFO - [2026-02-02T14:35:55.754+0000] {dag.py:3036} INFO - Sync 2 DAGs
[2026-02-02T14:35:55.770+0000] {logging_mixin.py:188} INFO - [2026-02-02T14:35:55.770+0000] {dag.py:3823} INFO - Setting next_dagrun for example_external_task_marker_child to None, run_after=None
[2026-02-02T14:35:55.774+0000] {logging_mixin.py:188} INFO - [2026-02-02T14:35:55.773+0000] {dag.py:3823} INFO - Setting next_dagrun for example_external_task_marker_parent to None, run_after=None
[2026-02-02T14:35:55.791+0000] {processor.py:183} INFO - Processing /home/airflow/.local/lib/python3.8/site-packages/airflow/example_dags/example_external_task_marker_dag.py took 0.075 seconds
[2026-02-02T14:36:26.079+0000] {processor.py:161} INFO - Started process (PID=1816) to work on /home/airflow/.local/lib/python3.8/site-packages/airflow/example_dags/example_external_task_marker_dag.py
[2026-02-02T14:36:26.081+0000] {processor.py:830} INFO - Processing file /home/airflow/.local/lib/python3.8/site-packages/airflow/example_dags/example_external_task_marker_dag.py for tasks to queue
[2026-02-02T14:36:26.086+0000] {logging_mixin.py:188} INFO - [2026-02-02T14:36:26.083+0000] {dagbag.py:538} INFO - Filling up the DagBag from /home/airflow/.local/lib/python3.8/site-packages/airflow/example_dags/example_external_task_marker_dag.py
[2026-02-02T14:36:26.098+0000] {processor.py:840} INFO - DAG(s) 'example_external_task_marker_parent', 'example_external_task_marker_child' retrieved from /home/airflow/.local/lib/python3.8/site-packages/airflow/example_dags/example_external_task_marker_dag.py
[2026-02-02T14:36:26.125+0000] {logging_mixin.py:188} INFO - [2026-02-02T14:36:26.125+0000] {dag.py:3036} INFO - Sync 2 DAGs
[2026-02-02T14:36:26.139+0000] {logging_mixin.py:188} INFO - [2026-02-02T14:36:26.139+0000] {dag.py:3823} INFO - Setting next_dagrun for example_external_task_marker_child to None, run_after=None
[2026-02-02T14:36:26.144+0000] {logging_mixin.py:188} INFO - [2026-02-02T14:36:26.144+0000] {dag.py:3823} INFO - Setting next_dagrun for example_external_task_marker_parent to None, run_after=None
[2026-02-02T14:36:26.163+0000] {processor.py:183} INFO - Processing /home/airflow/.local/lib/python3.8/site-packages/airflow/example_dags/example_external_task_marker_dag.py took 0.092 seconds
[2026-02-02T14:36:56.292+0000] {processor.py:161} INFO - Started process (PID=1871) to work on /home/airflow/.local/lib/python3.8/site-packages/airflow/example_dags/example_external_task_marker_dag.py
[2026-02-02T14:36:56.293+0000] {processor.py:830} INFO - Processing file /home/airflow/.local/lib/python3.8/site-packages/airflow/example_dags/example_external_task_marker_dag.py for tasks to queue
[2026-02-02T14:36:56.295+0000] {logging_mixin.py:188} INFO - [2026-02-02T14:36:56.294+0000] {dagbag.py:538} INFO - Filling up the DagBag from /home/airflow/.local/lib/python3.8/site-packages/airflow/example_dags/example_external_task_marker_dag.py
[2026-02-02T14:36:56.300+0000] {processor.py:840} INFO - DAG(s) 'example_external_task_marker_parent', 'example_external_task_marker_child' retrieved from /home/airflow/.local/lib/python3.8/site-packages/airflow/example_dags/example_external_task_marker_dag.py
[2026-02-02T14:36:56.318+0000] {logging_mixin.py:188} INFO - [2026-02-02T14:36:56.317+0000] {dag.py:3036} INFO - Sync 2 DAGs
[2026-02-02T14:36:56.327+0000] {logging_mixin.py:188} INFO - [2026-02-02T14:36:56.327+0000] {dag.py:3823} INFO - Setting next_dagrun for example_external_task_marker_child to None, run_after=None
[2026-02-02T14:36:56.330+0000] {logging_mixin.py:188} INFO - [2026-02-02T14:36:56.330+0000] {dag.py:3823} INFO - Setting next_dagrun for example_external_task_marker_parent to None, run_after=None
[2026-02-02T14:36:56.342+0000] {processor.py:183} INFO - Processing /home/airflow/.local/lib/python3.8/site-packages/airflow/example_dags/example_external_task_marker_dag.py took 0.052 seconds
[2026-02-02T14:37:26.431+0000] {processor.py:161} INFO - Started process (PID=1926) to work on /home/airflow/.local/lib/python3.8/site-packages/airflow/example_dags/example_external_task_marker_dag.py
[2026-02-02T14:37:26.432+0000] {processor.py:830} INFO - Processing file /home/airflow/.local/lib/python3.8/site-packages/airflow/example_dags/example_external_task_marker_dag.py for tasks to queue
[2026-02-02T14:37:26.433+0000] {logging_mixin.py:188} INFO - [2026-02-02T14:37:26.433+0000] {dagbag.py:538} INFO - Filling up the DagBag from /home/airflow/.local/lib/python3.8/site-packages/airflow/example_dags/example_external_task_marker_dag.py
[2026-02-02T14:37:26.438+0000] {processor.py:840} INFO - DAG(s) 'example_external_task_marker_child', 'example_external_task_marker_parent' retrieved from /home/airflow/.local/lib/python3.8/site-packages/airflow/example_dags/example_external_task_marker_dag.py
[2026-02-02T14:37:26.455+0000] {logging_mixin.py:188} INFO - [2026-02-02T14:37:26.455+0000] {dag.py:3036} INFO - Sync 2 DAGs
[2026-02-02T14:37:26.465+0000] {logging_mixin.py:188} INFO - [2026-02-02T14:37:26.465+0000] {dag.py:3823} INFO - Setting next_dagrun for example_external_task_marker_child to None, run_after=None
[2026-02-02T14:37:26.468+0000] {logging_mixin.py:188} INFO - [2026-02-02T14:37:26.468+0000] {dag.py:3823} INFO - Setting next_dagrun for example_external_task_marker_parent to None, run_after=None
[2026-02-02T14:37:26.480+0000] {processor.py:183} INFO - Processing /home/airflow/.local/lib/python3.8/site-packages/airflow/example_dags/example_external_task_marker_dag.py took 0.053 seconds
[2026-02-02T14:37:56.825+0000] {processor.py:161} INFO - Started process (PID=1981) to work on /home/airflow/.local/lib/python3.8/site-packages/airflow/example_dags/example_external_task_marker_dag.py
[2026-02-02T14:37:56.826+0000] {processor.py:830} INFO - Processing file /home/airflow/.local/lib/python3.8/site-packages/airflow/example_dags/example_external_task_marker_dag.py for tasks to queue
[2026-02-02T14:37:56.828+0000] {logging_mixin.py:188} INFO - [2026-02-02T14:37:56.827+0000] {dagbag.py:538} INFO - Filling up the DagBag from /home/airflow/.local/lib/python3.8/site-packages/airflow/example_dags/example_external_task_marker_dag.py
[2026-02-02T14:37:56.834+0000] {processor.py:840} INFO - DAG(s) 'example_external_task_marker_parent', 'example_external_task_marker_child' retrieved from /home/airflow/.local/lib/python3.8/site-packages/airflow/example_dags/example_external_task_marker_dag.py
[2026-02-02T14:37:56.861+0000] {logging_mixin.py:188} INFO - [2026-02-02T14:37:56.861+0000] {dag.py:3036} INFO - Sync 2 DAGs
[2026-02-02T14:37:56.876+0000] {logging_mixin.py:188} INFO - [2026-02-02T14:37:56.876+0000] {dag.py:3823} INFO - Setting next_dagrun for example_external_task_marker_child to None, run_after=None
[2026-02-02T14:37:56.880+0000] {logging_mixin.py:188} INFO - [2026-02-02T14:37:56.880+0000] {dag.py:3823} INFO - Setting next_dagrun for example_external_task_marker_parent to None, run_after=None
[2026-02-02T14:37:56.897+0000] {processor.py:183} INFO - Processing /home/airflow/.local/lib/python3.8/site-packages/airflow/example_dags/example_external_task_marker_dag.py took 0.075 seconds
[2026-02-02T14:38:26.979+0000] {processor.py:161} INFO - Started process (PID=2035) to work on /home/airflow/.local/lib/python3.8/site-packages/airflow/example_dags/example_external_task_marker_dag.py
[2026-02-02T14:38:26.980+0000] {processor.py:830} INFO - Processing file /home/airflow/.local/lib/python3.8/site-packages/airflow/example_dags/example_external_task_marker_dag.py for tasks to queue
[2026-02-02T14:38:26.982+0000] {logging_mixin.py:188} INFO - [2026-02-02T14:38:26.981+0000] {dagbag.py:538} INFO - Filling up the DagBag from /home/airflow/.local/lib/python3.8/site-packages/airflow/example_dags/example_external_task_marker_dag.py
[2026-02-02T14:38:26.988+0000] {processor.py:840} INFO - DAG(s) 'example_external_task_marker_child', 'example_external_task_marker_parent' retrieved from /home/airflow/.local/lib/python3.8/site-packages/airflow/example_dags/example_external_task_marker_dag.py
[2026-02-02T14:38:27.015+0000] {logging_mixin.py:188} INFO - [2026-02-02T14:38:27.014+0000] {dag.py:3036} INFO - Sync 2 DAGs
[2026-02-02T14:38:27.030+0000] {logging_mixin.py:188} INFO - [2026-02-02T14:38:27.030+0000] {dag.py:3823} INFO - Setting next_dagrun for example_external_task_marker_child to None, run_after=None
[2026-02-02T14:38:27.035+0000] {logging_mixin.py:188} INFO - [2026-02-02T14:38:27.035+0000] {dag.py:3823} INFO - Setting next_dagrun for example_external_task_marker_parent to None, run_after=None
[2026-02-02T14:38:27.054+0000] {processor.py:183} INFO - Processing /home/airflow/.local/lib/python3.8/site-packages/airflow/example_dags/example_external_task_marker_dag.py took 0.078 seconds
[2026-02-02T14:38:57.669+0000] {processor.py:161} INFO - Started process (PID=2090) to work on /home/airflow/.local/lib/python3.8/site-packages/airflow/example_dags/example_external_task_marker_dag.py
[2026-02-02T14:38:57.670+0000] {processor.py:830} INFO - Processing file /home/airflow/.local/lib/python3.8/site-packages/airflow/example_dags/example_external_task_marker_dag.py for tasks to queue
[2026-02-02T14:38:57.672+0000] {logging_mixin.py:188} INFO - [2026-02-02T14:38:57.672+0000] {dagbag.py:538} INFO - Filling up the DagBag from /home/airflow/.local/lib/python3.8/site-packages/airflow/example_dags/example_external_task_marker_dag.py
[2026-02-02T14:38:57.679+0000] {processor.py:840} INFO - DAG(s) 'example_external_task_marker_parent', 'example_external_task_marker_child' retrieved from /home/airflow/.local/lib/python3.8/site-packages/airflow/example_dags/example_external_task_marker_dag.py
[2026-02-02T14:38:57.714+0000] {logging_mixin.py:188} INFO - [2026-02-02T14:38:57.713+0000] {dag.py:3036} INFO - Sync 2 DAGs
[2026-02-02T14:38:57.735+0000] {logging_mixin.py:188} INFO - [2026-02-02T14:38:57.735+0000] {dag.py:3823} INFO - Setting next_dagrun for example_external_task_marker_child to None, run_after=None
[2026-02-02T14:38:57.739+0000] {logging_mixin.py:188} INFO - [2026-02-02T14:38:57.739+0000] {dag.py:3823} INFO - Setting next_dagrun for example_external_task_marker_parent to None, run_after=None
[2026-02-02T14:38:57.757+0000] {processor.py:183} INFO - Processing /home/airflow/.local/lib/python3.8/site-packages/airflow/example_dags/example_external_task_marker_dag.py took 0.091 seconds
[2026-02-02T14:39:27.792+0000] {processor.py:161} INFO - Started process (PID=2145) to work on /home/airflow/.local/lib/python3.8/site-packages/airflow/example_dags/example_external_task_marker_dag.py
[2026-02-02T14:39:27.793+0000] {processor.py:830} INFO - Processing file /home/airflow/.local/lib/python3.8/site-packages/airflow/example_dags/example_external_task_marker_dag.py for tasks to queue
[2026-02-02T14:39:27.794+0000] {logging_mixin.py:188} INFO - [2026-02-02T14:39:27.794+0000] {dagbag.py:538} INFO - Filling up the DagBag from /home/airflow/.local/lib/python3.8/site-packages/airflow/example_dags/example_external_task_marker_dag.py
[2026-02-02T14:39:27.799+0000] {processor.py:840} INFO - DAG(s) 'example_external_task_marker_child', 'example_external_task_marker_parent' retrieved from /home/airflow/.local/lib/python3.8/site-packages/airflow/example_dags/example_external_task_marker_dag.py
[2026-02-02T14:39:27.817+0000] {logging_mixin.py:188} INFO - [2026-02-02T14:39:27.817+0000] {dag.py:3036} INFO - Sync 2 DAGs
[2026-02-02T14:39:27.827+0000] {logging_mixin.py:188} INFO - [2026-02-02T14:39:27.827+0000] {dag.py:3823} INFO - Setting next_dagrun for example_external_task_marker_child to None, run_after=None
[2026-02-02T14:39:27.831+0000] {logging_mixin.py:188} INFO - [2026-02-02T14:39:27.831+0000] {dag.py:3823} INFO - Setting next_dagrun for example_external_task_marker_parent to None, run_after=None
[2026-02-02T14:39:27.847+0000] {processor.py:183} INFO - Processing /home/airflow/.local/lib/python3.8/site-packages/airflow/example_dags/example_external_task_marker_dag.py took 0.058 seconds
[2026-02-02T14:39:58.229+0000] {processor.py:161} INFO - Started process (PID=2205) to work on /home/airflow/.local/lib/python3.8/site-packages/airflow/example_dags/example_external_task_marker_dag.py
[2026-02-02T14:39:58.231+0000] {processor.py:830} INFO - Processing file /home/airflow/.local/lib/python3.8/site-packages/airflow/example_dags/example_external_task_marker_dag.py for tasks to queue
[2026-02-02T14:39:58.240+0000] {logging_mixin.py:188} INFO - [2026-02-02T14:39:58.234+0000] {dagbag.py:538} INFO - Filling up the DagBag from /home/airflow/.local/lib/python3.8/site-packages/airflow/example_dags/example_external_task_marker_dag.py
[2026-02-02T14:39:58.259+0000] {processor.py:840} INFO - DAG(s) 'example_external_task_marker_child', 'example_external_task_marker_parent' retrieved from /home/airflow/.local/lib/python3.8/site-packages/airflow/example_dags/example_external_task_marker_dag.py
[2026-02-02T14:39:58.288+0000] {logging_mixin.py:188} INFO - [2026-02-02T14:39:58.287+0000] {dag.py:3036} INFO - Sync 2 DAGs
[2026-02-02T14:39:58.305+0000] {logging_mixin.py:188} INFO - [2026-02-02T14:39:58.304+0000] {dag.py:3823} INFO - Setting next_dagrun for example_external_task_marker_child to None, run_after=None
[2026-02-02T14:39:58.313+0000] {logging_mixin.py:188} INFO - [2026-02-02T14:39:58.313+0000] {dag.py:3823} INFO - Setting next_dagrun for example_external_task_marker_parent to None, run_after=None
[2026-02-02T14:39:58.329+0000] {processor.py:183} INFO - Processing /home/airflow/.local/lib/python3.8/site-packages/airflow/example_dags/example_external_task_marker_dag.py took 0.107 seconds
[2026-02-02T14:40:28.559+0000] {processor.py:161} INFO - Started process (PID=2260) to work on /home/airflow/.local/lib/python3.8/site-packages/airflow/example_dags/example_external_task_marker_dag.py
[2026-02-02T14:40:28.560+0000] {processor.py:830} INFO - Processing file /home/airflow/.local/lib/python3.8/site-packages/airflow/example_dags/example_external_task_marker_dag.py for tasks to queue
[2026-02-02T14:40:28.562+0000] {logging_mixin.py:188} INFO - [2026-02-02T14:40:28.562+0000] {dagbag.py:538} INFO - Filling up the DagBag from /home/airflow/.local/lib/python3.8/site-packages/airflow/example_dags/example_external_task_marker_dag.py
[2026-02-02T14:40:28.569+0000] {processor.py:840} INFO - DAG(s) 'example_external_task_marker_parent', 'example_external_task_marker_child' retrieved from /home/airflow/.local/lib/python3.8/site-packages/airflow/example_dags/example_external_task_marker_dag.py
[2026-02-02T14:40:28.598+0000] {logging_mixin.py:188} INFO - [2026-02-02T14:40:28.598+0000] {dag.py:3036} INFO - Sync 2 DAGs
[2026-02-02T14:40:28.614+0000] {logging_mixin.py:188} INFO - [2026-02-02T14:40:28.614+0000] {dag.py:3823} INFO - Setting next_dagrun for example_external_task_marker_child to None, run_after=None
[2026-02-02T14:40:28.622+0000] {logging_mixin.py:188} INFO - [2026-02-02T14:40:28.622+0000] {dag.py:3823} INFO - Setting next_dagrun for example_external_task_marker_parent to None, run_after=None
[2026-02-02T14:40:28.644+0000] {processor.py:183} INFO - Processing /home/airflow/.local/lib/python3.8/site-packages/airflow/example_dags/example_external_task_marker_dag.py took 0.088 seconds
[2026-02-02T14:40:58.759+0000] {processor.py:161} INFO - Started process (PID=2316) to work on /home/airflow/.local/lib/python3.8/site-packages/airflow/example_dags/example_external_task_marker_dag.py
[2026-02-02T14:40:58.759+0000] {processor.py:830} INFO - Processing file /home/airflow/.local/lib/python3.8/site-packages/airflow/example_dags/example_external_task_marker_dag.py for tasks to queue
[2026-02-02T14:40:58.761+0000] {logging_mixin.py:188} INFO - [2026-02-02T14:40:58.761+0000] {dagbag.py:538} INFO - Filling up the DagBag from /home/airflow/.local/lib/python3.8/site-packages/airflow/example_dags/example_external_task_marker_dag.py
[2026-02-02T14:40:58.767+0000] {processor.py:840} INFO - DAG(s) 'example_external_task_marker_child', 'example_external_task_marker_parent' retrieved from /home/airflow/.local/lib/python3.8/site-packages/airflow/example_dags/example_external_task_marker_dag.py
[2026-02-02T14:40:58.794+0000] {logging_mixin.py:188} INFO - [2026-02-02T14:40:58.793+0000] {dag.py:3036} INFO - Sync 2 DAGs
[2026-02-02T14:40:58.809+0000] {logging_mixin.py:188} INFO - [2026-02-02T14:40:58.809+0000] {dag.py:3823} INFO - Setting next_dagrun for example_external_task_marker_child to None, run_after=None
[2026-02-02T14:40:58.814+0000] {logging_mixin.py:188} INFO - [2026-02-02T14:40:58.814+0000] {dag.py:3823} INFO - Setting next_dagrun for example_external_task_marker_parent to None, run_after=None
[2026-02-02T14:40:58.831+0000] {processor.py:183} INFO - Processing /home/airflow/.local/lib/python3.8/site-packages/airflow/example_dags/example_external_task_marker_dag.py took 0.075 seconds
[2026-02-02T14:41:28.983+0000] {processor.py:161} INFO - Started process (PID=2371) to work on /home/airflow/.local/lib/python3.8/site-packages/airflow/example_dags/example_external_task_marker_dag.py
[2026-02-02T14:41:28.984+0000] {processor.py:830} INFO - Processing file /home/airflow/.local/lib/python3.8/site-packages/airflow/example_dags/example_external_task_marker_dag.py for tasks to queue
[2026-02-02T14:41:28.985+0000] {logging_mixin.py:188} INFO - [2026-02-02T14:41:28.985+0000] {dagbag.py:538} INFO - Filling up the DagBag from /home/airflow/.local/lib/python3.8/site-packages/airflow/example_dags/example_external_task_marker_dag.py
[2026-02-02T14:41:28.992+0000] {processor.py:840} INFO - DAG(s) 'example_external_task_marker_parent', 'example_external_task_marker_child' retrieved from /home/airflow/.local/lib/python3.8/site-packages/airflow/example_dags/example_external_task_marker_dag.py
[2026-02-02T14:41:29.020+0000] {logging_mixin.py:188} INFO - [2026-02-02T14:41:29.020+0000] {dag.py:3036} INFO - Sync 2 DAGs
[2026-02-02T14:41:29.035+0000] {logging_mixin.py:188} INFO - [2026-02-02T14:41:29.035+0000] {dag.py:3823} INFO - Setting next_dagrun for example_external_task_marker_child to None, run_after=None
[2026-02-02T14:41:29.039+0000] {logging_mixin.py:188} INFO - [2026-02-02T14:41:29.039+0000] {dag.py:3823} INFO - Setting next_dagrun for example_external_task_marker_parent to None, run_after=None
[2026-02-02T14:41:29.055+0000] {processor.py:183} INFO - Processing /home/airflow/.local/lib/python3.8/site-packages/airflow/example_dags/example_external_task_marker_dag.py took 0.076 seconds
[2026-02-02T14:41:59.368+0000] {processor.py:161} INFO - Started process (PID=2426) to work on /home/airflow/.local/lib/python3.8/site-packages/airflow/example_dags/example_external_task_marker_dag.py
[2026-02-02T14:41:59.371+0000] {processor.py:830} INFO - Processing file /home/airflow/.local/lib/python3.8/site-packages/airflow/example_dags/example_external_task_marker_dag.py for tasks to queue
[2026-02-02T14:41:59.376+0000] {logging_mixin.py:188} INFO - [2026-02-02T14:41:59.374+0000] {dagbag.py:538} INFO - Filling up the DagBag from /home/airflow/.local/lib/python3.8/site-packages/airflow/example_dags/example_external_task_marker_dag.py
[2026-02-02T14:41:59.383+0000] {processor.py:840} INFO - DAG(s) 'example_external_task_marker_parent', 'example_external_task_marker_child' retrieved from /home/airflow/.local/lib/python3.8/site-packages/airflow/example_dags/example_external_task_marker_dag.py
[2026-02-02T14:41:59.423+0000] {logging_mixin.py:188} INFO - [2026-02-02T14:41:59.422+0000] {dag.py:3036} INFO - Sync 2 DAGs
[2026-02-02T14:41:59.472+0000] {logging_mixin.py:188} INFO - [2026-02-02T14:41:59.470+0000] {dag.py:3823} INFO - Setting next_dagrun for example_external_task_marker_child to None, run_after=None
[2026-02-02T14:41:59.485+0000] {logging_mixin.py:188} INFO - [2026-02-02T14:41:59.485+0000] {dag.py:3823} INFO - Setting next_dagrun for example_external_task_marker_parent to None, run_after=None
[2026-02-02T14:41:59.576+0000] {processor.py:183} INFO - Processing /home/airflow/.local/lib/python3.8/site-packages/airflow/example_dags/example_external_task_marker_dag.py took 0.213 seconds
[2026-02-02T14:42:29.846+0000] {processor.py:161} INFO - Started process (PID=2481) to work on /home/airflow/.local/lib/python3.8/site-packages/airflow/example_dags/example_external_task_marker_dag.py
[2026-02-02T14:42:29.849+0000] {processor.py:830} INFO - Processing file /home/airflow/.local/lib/python3.8/site-packages/airflow/example_dags/example_external_task_marker_dag.py for tasks to queue
[2026-02-02T14:42:29.854+0000] {logging_mixin.py:188} INFO - [2026-02-02T14:42:29.854+0000] {dagbag.py:538} INFO - Filling up the DagBag from /home/airflow/.local/lib/python3.8/site-packages/airflow/example_dags/example_external_task_marker_dag.py
[2026-02-02T14:42:29.870+0000] {processor.py:840} INFO - DAG(s) 'example_external_task_marker_parent', 'example_external_task_marker_child' retrieved from /home/airflow/.local/lib/python3.8/site-packages/airflow/example_dags/example_external_task_marker_dag.py
[2026-02-02T14:42:29.918+0000] {logging_mixin.py:188} INFO - [2026-02-02T14:42:29.917+0000] {dag.py:3036} INFO - Sync 2 DAGs
[2026-02-02T14:42:29.953+0000] {logging_mixin.py:188} INFO - [2026-02-02T14:42:29.953+0000] {dag.py:3823} INFO - Setting next_dagrun for example_external_task_marker_child to None, run_after=None
[2026-02-02T14:42:29.961+0000] {logging_mixin.py:188} INFO - [2026-02-02T14:42:29.961+0000] {dag.py:3823} INFO - Setting next_dagrun for example_external_task_marker_parent to None, run_after=None
[2026-02-02T14:42:30.266+0000] {processor.py:183} INFO - Processing /home/airflow/.local/lib/python3.8/site-packages/airflow/example_dags/example_external_task_marker_dag.py took 0.427 seconds
[2026-02-02T14:43:00.881+0000] {processor.py:161} INFO - Started process (PID=2535) to work on /home/airflow/.local/lib/python3.8/site-packages/airflow/example_dags/example_external_task_marker_dag.py
[2026-02-02T14:43:00.882+0000] {processor.py:830} INFO - Processing file /home/airflow/.local/lib/python3.8/site-packages/airflow/example_dags/example_external_task_marker_dag.py for tasks to queue
[2026-02-02T14:43:00.884+0000] {logging_mixin.py:188} INFO - [2026-02-02T14:43:00.883+0000] {dagbag.py:538} INFO - Filling up the DagBag from /home/airflow/.local/lib/python3.8/site-packages/airflow/example_dags/example_external_task_marker_dag.py
[2026-02-02T14:43:00.890+0000] {processor.py:840} INFO - DAG(s) 'example_external_task_marker_parent', 'example_external_task_marker_child' retrieved from /home/airflow/.local/lib/python3.8/site-packages/airflow/example_dags/example_external_task_marker_dag.py
[2026-02-02T14:43:00.917+0000] {logging_mixin.py:188} INFO - [2026-02-02T14:43:00.917+0000] {dag.py:3036} INFO - Sync 2 DAGs
[2026-02-02T14:43:00.932+0000] {logging_mixin.py:188} INFO - [2026-02-02T14:43:00.932+0000] {dag.py:3823} INFO - Setting next_dagrun for example_external_task_marker_child to None, run_after=None
[2026-02-02T14:43:00.937+0000] {logging_mixin.py:188} INFO - [2026-02-02T14:43:00.937+0000] {dag.py:3823} INFO - Setting next_dagrun for example_external_task_marker_parent to None, run_after=None
[2026-02-02T14:43:00.959+0000] {processor.py:183} INFO - Processing /home/airflow/.local/lib/python3.8/site-packages/airflow/example_dags/example_external_task_marker_dag.py took 0.081 seconds
[2026-02-02T14:43:31.133+0000] {processor.py:161} INFO - Started process (PID=2590) to work on /home/airflow/.local/lib/python3.8/site-packages/airflow/example_dags/example_external_task_marker_dag.py
[2026-02-02T14:43:31.134+0000] {processor.py:830} INFO - Processing file /home/airflow/.local/lib/python3.8/site-packages/airflow/example_dags/example_external_task_marker_dag.py for tasks to queue
[2026-02-02T14:43:31.135+0000] {logging_mixin.py:188} INFO - [2026-02-02T14:43:31.135+0000] {dagbag.py:538} INFO - Filling up the DagBag from /home/airflow/.local/lib/python3.8/site-packages/airflow/example_dags/example_external_task_marker_dag.py
[2026-02-02T14:43:31.141+0000] {processor.py:840} INFO - DAG(s) 'example_external_task_marker_child', 'example_external_task_marker_parent' retrieved from /home/airflow/.local/lib/python3.8/site-packages/airflow/example_dags/example_external_task_marker_dag.py
[2026-02-02T14:43:31.168+0000] {logging_mixin.py:188} INFO - [2026-02-02T14:43:31.168+0000] {dag.py:3036} INFO - Sync 2 DAGs
[2026-02-02T14:43:31.196+0000] {logging_mixin.py:188} INFO - [2026-02-02T14:43:31.196+0000] {dag.py:3823} INFO - Setting next_dagrun for example_external_task_marker_child to None, run_after=None
[2026-02-02T14:43:31.200+0000] {logging_mixin.py:188} INFO - [2026-02-02T14:43:31.200+0000] {dag.py:3823} INFO - Setting next_dagrun for example_external_task_marker_parent to None, run_after=None
[2026-02-02T14:43:31.217+0000] {processor.py:183} INFO - Processing /home/airflow/.local/lib/python3.8/site-packages/airflow/example_dags/example_external_task_marker_dag.py took 0.087 seconds
[2026-02-02T14:44:01.798+0000] {processor.py:161} INFO - Started process (PID=2645) to work on /home/airflow/.local/lib/python3.8/site-packages/airflow/example_dags/example_external_task_marker_dag.py
[2026-02-02T14:44:01.798+0000] {processor.py:830} INFO - Processing file /home/airflow/.local/lib/python3.8/site-packages/airflow/example_dags/example_external_task_marker_dag.py for tasks to queue
[2026-02-02T14:44:01.800+0000] {logging_mixin.py:188} INFO - [2026-02-02T14:44:01.800+0000] {dagbag.py:538} INFO - Filling up the DagBag from /home/airflow/.local/lib/python3.8/site-packages/airflow/example_dags/example_external_task_marker_dag.py
[2026-02-02T14:44:01.807+0000] {processor.py:840} INFO - DAG(s) 'example_external_task_marker_parent', 'example_external_task_marker_child' retrieved from /home/airflow/.local/lib/python3.8/site-packages/airflow/example_dags/example_external_task_marker_dag.py
[2026-02-02T14:44:01.835+0000] {logging_mixin.py:188} INFO - [2026-02-02T14:44:01.834+0000] {dag.py:3036} INFO - Sync 2 DAGs
[2026-02-02T14:44:01.850+0000] {logging_mixin.py:188} INFO - [2026-02-02T14:44:01.850+0000] {dag.py:3823} INFO - Setting next_dagrun for example_external_task_marker_child to None, run_after=None
[2026-02-02T14:44:01.855+0000] {logging_mixin.py:188} INFO - [2026-02-02T14:44:01.854+0000] {dag.py:3823} INFO - Setting next_dagrun for example_external_task_marker_parent to None, run_after=None
[2026-02-02T14:44:01.872+0000] {processor.py:183} INFO - Processing /home/airflow/.local/lib/python3.8/site-packages/airflow/example_dags/example_external_task_marker_dag.py took 0.078 seconds
[2026-02-02T14:44:32.023+0000] {processor.py:161} INFO - Started process (PID=2700) to work on /home/airflow/.local/lib/python3.8/site-packages/airflow/example_dags/example_external_task_marker_dag.py
[2026-02-02T14:44:32.026+0000] {processor.py:830} INFO - Processing file /home/airflow/.local/lib/python3.8/site-packages/airflow/example_dags/example_external_task_marker_dag.py for tasks to queue
[2026-02-02T14:44:32.028+0000] {logging_mixin.py:188} INFO - [2026-02-02T14:44:32.027+0000] {dagbag.py:538} INFO - Filling up the DagBag from /home/airflow/.local/lib/python3.8/site-packages/airflow/example_dags/example_external_task_marker_dag.py
[2026-02-02T14:44:32.041+0000] {processor.py:840} INFO - DAG(s) 'example_external_task_marker_child', 'example_external_task_marker_parent' retrieved from /home/airflow/.local/lib/python3.8/site-packages/airflow/example_dags/example_external_task_marker_dag.py
[2026-02-02T14:44:32.089+0000] {logging_mixin.py:188} INFO - [2026-02-02T14:44:32.088+0000] {dag.py:3036} INFO - Sync 2 DAGs
[2026-02-02T14:44:32.112+0000] {logging_mixin.py:188} INFO - [2026-02-02T14:44:32.108+0000] {dag.py:3823} INFO - Setting next_dagrun for example_external_task_marker_child to None, run_after=None
[2026-02-02T14:44:32.120+0000] {logging_mixin.py:188} INFO - [2026-02-02T14:44:32.120+0000] {dag.py:3823} INFO - Setting next_dagrun for example_external_task_marker_parent to None, run_after=None
[2026-02-02T14:44:32.168+0000] {processor.py:183} INFO - Processing /home/airflow/.local/lib/python3.8/site-packages/airflow/example_dags/example_external_task_marker_dag.py took 0.153 seconds
[2026-02-02T14:45:02.835+0000] {processor.py:161} INFO - Started process (PID=2754) to work on /home/airflow/.local/lib/python3.8/site-packages/airflow/example_dags/example_external_task_marker_dag.py
[2026-02-02T14:45:02.837+0000] {processor.py:830} INFO - Processing file /home/airflow/.local/lib/python3.8/site-packages/airflow/example_dags/example_external_task_marker_dag.py for tasks to queue
[2026-02-02T14:45:02.841+0000] {logging_mixin.py:188} INFO - [2026-02-02T14:45:02.841+0000] {dagbag.py:538} INFO - Filling up the DagBag from /home/airflow/.local/lib/python3.8/site-packages/airflow/example_dags/example_external_task_marker_dag.py
[2026-02-02T14:45:02.851+0000] {processor.py:840} INFO - DAG(s) 'example_external_task_marker_parent', 'example_external_task_marker_child' retrieved from /home/airflow/.local/lib/python3.8/site-packages/airflow/example_dags/example_external_task_marker_dag.py
[2026-02-02T14:45:02.889+0000] {logging_mixin.py:188} INFO - [2026-02-02T14:45:02.889+0000] {dag.py:3036} INFO - Sync 2 DAGs
[2026-02-02T14:45:03.077+0000] {logging_mixin.py:188} INFO - [2026-02-02T14:45:03.076+0000] {dag.py:3823} INFO - Setting next_dagrun for example_external_task_marker_child to None, run_after=None
[2026-02-02T14:45:03.081+0000] {logging_mixin.py:188} INFO - [2026-02-02T14:45:03.080+0000] {dag.py:3823} INFO - Setting next_dagrun for example_external_task_marker_parent to None, run_after=None
[2026-02-02T14:45:03.096+0000] {processor.py:183} INFO - Processing /home/airflow/.local/lib/python3.8/site-packages/airflow/example_dags/example_external_task_marker_dag.py took 0.269 seconds
[2026-02-02T14:45:34.077+0000] {processor.py:161} INFO - Started process (PID=2810) to work on /home/airflow/.local/lib/python3.8/site-packages/airflow/example_dags/example_external_task_marker_dag.py
[2026-02-02T14:45:34.080+0000] {processor.py:830} INFO - Processing file /home/airflow/.local/lib/python3.8/site-packages/airflow/example_dags/example_external_task_marker_dag.py for tasks to queue
[2026-02-02T14:45:34.082+0000] {logging_mixin.py:188} INFO - [2026-02-02T14:45:34.082+0000] {dagbag.py:538} INFO - Filling up the DagBag from /home/airflow/.local/lib/python3.8/site-packages/airflow/example_dags/example_external_task_marker_dag.py
[2026-02-02T14:45:34.096+0000] {processor.py:840} INFO - DAG(s) 'example_external_task_marker_parent', 'example_external_task_marker_child' retrieved from /home/airflow/.local/lib/python3.8/site-packages/airflow/example_dags/example_external_task_marker_dag.py
[2026-02-02T14:45:34.142+0000] {logging_mixin.py:188} INFO - [2026-02-02T14:45:34.142+0000] {dag.py:3036} INFO - Sync 2 DAGs
[2026-02-02T14:45:34.159+0000] {logging_mixin.py:188} INFO - [2026-02-02T14:45:34.159+0000] {dag.py:3823} INFO - Setting next_dagrun for example_external_task_marker_child to None, run_after=None
[2026-02-02T14:45:34.163+0000] {logging_mixin.py:188} INFO - [2026-02-02T14:45:34.163+0000] {dag.py:3823} INFO - Setting next_dagrun for example_external_task_marker_parent to None, run_after=None
[2026-02-02T14:45:34.179+0000] {processor.py:183} INFO - Processing /home/airflow/.local/lib/python3.8/site-packages/airflow/example_dags/example_external_task_marker_dag.py took 0.110 seconds
[2026-02-02T14:46:04.561+0000] {processor.py:161} INFO - Started process (PID=2865) to work on /home/airflow/.local/lib/python3.8/site-packages/airflow/example_dags/example_external_task_marker_dag.py
[2026-02-02T14:46:04.561+0000] {processor.py:830} INFO - Processing file /home/airflow/.local/lib/python3.8/site-packages/airflow/example_dags/example_external_task_marker_dag.py for tasks to queue
[2026-02-02T14:46:04.563+0000] {logging_mixin.py:188} INFO - [2026-02-02T14:46:04.563+0000] {dagbag.py:538} INFO - Filling up the DagBag from /home/airflow/.local/lib/python3.8/site-packages/airflow/example_dags/example_external_task_marker_dag.py
[2026-02-02T14:46:04.570+0000] {processor.py:840} INFO - DAG(s) 'example_external_task_marker_child', 'example_external_task_marker_parent' retrieved from /home/airflow/.local/lib/python3.8/site-packages/airflow/example_dags/example_external_task_marker_dag.py
[2026-02-02T14:46:04.595+0000] {logging_mixin.py:188} INFO - [2026-02-02T14:46:04.595+0000] {dag.py:3036} INFO - Sync 2 DAGs
[2026-02-02T14:46:04.612+0000] {logging_mixin.py:188} INFO - [2026-02-02T14:46:04.611+0000] {dag.py:3823} INFO - Setting next_dagrun for example_external_task_marker_child to None, run_after=None
[2026-02-02T14:46:04.617+0000] {logging_mixin.py:188} INFO - [2026-02-02T14:46:04.617+0000] {dag.py:3823} INFO - Setting next_dagrun for example_external_task_marker_parent to None, run_after=None
[2026-02-02T14:46:04.647+0000] {processor.py:183} INFO - Processing /home/airflow/.local/lib/python3.8/site-packages/airflow/example_dags/example_external_task_marker_dag.py took 0.090 seconds
[2026-02-02T14:46:35.509+0000] {processor.py:161} INFO - Started process (PID=2921) to work on /home/airflow/.local/lib/python3.8/site-packages/airflow/example_dags/example_external_task_marker_dag.py
[2026-02-02T14:46:35.510+0000] {processor.py:830} INFO - Processing file /home/airflow/.local/lib/python3.8/site-packages/airflow/example_dags/example_external_task_marker_dag.py for tasks to queue
[2026-02-02T14:46:35.512+0000] {logging_mixin.py:188} INFO - [2026-02-02T14:46:35.512+0000] {dagbag.py:538} INFO - Filling up the DagBag from /home/airflow/.local/lib/python3.8/site-packages/airflow/example_dags/example_external_task_marker_dag.py
[2026-02-02T14:46:35.521+0000] {processor.py:840} INFO - DAG(s) 'example_external_task_marker_child', 'example_external_task_marker_parent' retrieved from /home/airflow/.local/lib/python3.8/site-packages/airflow/example_dags/example_external_task_marker_dag.py
[2026-02-02T14:46:35.554+0000] {logging_mixin.py:188} INFO - [2026-02-02T14:46:35.554+0000] {dag.py:3036} INFO - Sync 2 DAGs
[2026-02-02T14:46:35.570+0000] {logging_mixin.py:188} INFO - [2026-02-02T14:46:35.570+0000] {dag.py:3823} INFO - Setting next_dagrun for example_external_task_marker_child to None, run_after=None
[2026-02-02T14:46:35.574+0000] {logging_mixin.py:188} INFO - [2026-02-02T14:46:35.574+0000] {dag.py:3823} INFO - Setting next_dagrun for example_external_task_marker_parent to None, run_after=None
[2026-02-02T14:46:35.592+0000] {processor.py:183} INFO - Processing /home/airflow/.local/lib/python3.8/site-packages/airflow/example_dags/example_external_task_marker_dag.py took 0.089 seconds
[2026-02-02T14:47:05.978+0000] {processor.py:161} INFO - Started process (PID=2977) to work on /home/airflow/.local/lib/python3.8/site-packages/airflow/example_dags/example_external_task_marker_dag.py
[2026-02-02T14:47:05.980+0000] {processor.py:830} INFO - Processing file /home/airflow/.local/lib/python3.8/site-packages/airflow/example_dags/example_external_task_marker_dag.py for tasks to queue
[2026-02-02T14:47:05.985+0000] {logging_mixin.py:188} INFO - [2026-02-02T14:47:05.981+0000] {dagbag.py:538} INFO - Filling up the DagBag from /home/airflow/.local/lib/python3.8/site-packages/airflow/example_dags/example_external_task_marker_dag.py
[2026-02-02T14:47:05.995+0000] {processor.py:840} INFO - DAG(s) 'example_external_task_marker_parent', 'example_external_task_marker_child' retrieved from /home/airflow/.local/lib/python3.8/site-packages/airflow/example_dags/example_external_task_marker_dag.py
[2026-02-02T14:47:06.064+0000] {logging_mixin.py:188} INFO - [2026-02-02T14:47:06.064+0000] {dag.py:3036} INFO - Sync 2 DAGs
[2026-02-02T14:47:06.080+0000] {logging_mixin.py:188} INFO - [2026-02-02T14:47:06.080+0000] {dag.py:3823} INFO - Setting next_dagrun for example_external_task_marker_child to None, run_after=None
[2026-02-02T14:47:06.084+0000] {logging_mixin.py:188} INFO - [2026-02-02T14:47:06.084+0000] {dag.py:3823} INFO - Setting next_dagrun for example_external_task_marker_parent to None, run_after=None
[2026-02-02T14:47:06.100+0000] {processor.py:183} INFO - Processing /home/airflow/.local/lib/python3.8/site-packages/airflow/example_dags/example_external_task_marker_dag.py took 0.130 seconds
[2026-02-02T14:47:36.712+0000] {processor.py:161} INFO - Started process (PID=3034) to work on /home/airflow/.local/lib/python3.8/site-packages/airflow/example_dags/example_external_task_marker_dag.py
[2026-02-02T14:47:36.713+0000] {processor.py:830} INFO - Processing file /home/airflow/.local/lib/python3.8/site-packages/airflow/example_dags/example_external_task_marker_dag.py for tasks to queue
[2026-02-02T14:47:36.714+0000] {logging_mixin.py:188} INFO - [2026-02-02T14:47:36.714+0000] {dagbag.py:538} INFO - Filling up the DagBag from /home/airflow/.local/lib/python3.8/site-packages/airflow/example_dags/example_external_task_marker_dag.py
[2026-02-02T14:47:36.721+0000] {processor.py:840} INFO - DAG(s) 'example_external_task_marker_parent', 'example_external_task_marker_child' retrieved from /home/airflow/.local/lib/python3.8/site-packages/airflow/example_dags/example_external_task_marker_dag.py
[2026-02-02T14:47:36.748+0000] {logging_mixin.py:188} INFO - [2026-02-02T14:47:36.748+0000] {dag.py:3036} INFO - Sync 2 DAGs
[2026-02-02T14:47:36.763+0000] {logging_mixin.py:188} INFO - [2026-02-02T14:47:36.763+0000] {dag.py:3823} INFO - Setting next_dagrun for example_external_task_marker_child to None, run_after=None
[2026-02-02T14:47:36.767+0000] {logging_mixin.py:188} INFO - [2026-02-02T14:47:36.766+0000] {dag.py:3823} INFO - Setting next_dagrun for example_external_task_marker_parent to None, run_after=None
[2026-02-02T14:47:36.783+0000] {processor.py:183} INFO - Processing /home/airflow/.local/lib/python3.8/site-packages/airflow/example_dags/example_external_task_marker_dag.py took 0.074 seconds
[2026-02-02T14:48:07.785+0000] {processor.py:161} INFO - Started process (PID=3090) to work on /home/airflow/.local/lib/python3.8/site-packages/airflow/example_dags/example_external_task_marker_dag.py
[2026-02-02T14:48:07.788+0000] {processor.py:830} INFO - Processing file /home/airflow/.local/lib/python3.8/site-packages/airflow/example_dags/example_external_task_marker_dag.py for tasks to queue
[2026-02-02T14:48:07.792+0000] {logging_mixin.py:188} INFO - [2026-02-02T14:48:07.789+0000] {dagbag.py:538} INFO - Filling up the DagBag from /home/airflow/.local/lib/python3.8/site-packages/airflow/example_dags/example_external_task_marker_dag.py
[2026-02-02T14:48:07.811+0000] {processor.py:840} INFO - DAG(s) 'example_external_task_marker_child', 'example_external_task_marker_parent' retrieved from /home/airflow/.local/lib/python3.8/site-packages/airflow/example_dags/example_external_task_marker_dag.py
[2026-02-02T14:48:07.867+0000] {logging_mixin.py:188} INFO - [2026-02-02T14:48:07.867+0000] {dag.py:3036} INFO - Sync 2 DAGs
[2026-02-02T14:48:07.882+0000] {logging_mixin.py:188} INFO - [2026-02-02T14:48:07.882+0000] {dag.py:3823} INFO - Setting next_dagrun for example_external_task_marker_child to None, run_after=None
[2026-02-02T14:48:07.886+0000] {logging_mixin.py:188} INFO - [2026-02-02T14:48:07.886+0000] {dag.py:3823} INFO - Setting next_dagrun for example_external_task_marker_parent to None, run_after=None
[2026-02-02T14:48:07.903+0000] {processor.py:183} INFO - Processing /home/airflow/.local/lib/python3.8/site-packages/airflow/example_dags/example_external_task_marker_dag.py took 0.121 seconds
[2026-02-02T14:48:38.372+0000] {processor.py:161} INFO - Started process (PID=3145) to work on /home/airflow/.local/lib/python3.8/site-packages/airflow/example_dags/example_external_task_marker_dag.py
[2026-02-02T14:48:38.373+0000] {processor.py:830} INFO - Processing file /home/airflow/.local/lib/python3.8/site-packages/airflow/example_dags/example_external_task_marker_dag.py for tasks to queue
[2026-02-02T14:48:38.374+0000] {logging_mixin.py:188} INFO - [2026-02-02T14:48:38.374+0000] {dagbag.py:538} INFO - Filling up the DagBag from /home/airflow/.local/lib/python3.8/site-packages/airflow/example_dags/example_external_task_marker_dag.py
[2026-02-02T14:48:38.381+0000] {processor.py:840} INFO - DAG(s) 'example_external_task_marker_child', 'example_external_task_marker_parent' retrieved from /home/airflow/.local/lib/python3.8/site-packages/airflow/example_dags/example_external_task_marker_dag.py
[2026-02-02T14:48:38.409+0000] {logging_mixin.py:188} INFO - [2026-02-02T14:48:38.409+0000] {dag.py:3036} INFO - Sync 2 DAGs
[2026-02-02T14:48:38.424+0000] {logging_mixin.py:188} INFO - [2026-02-02T14:48:38.424+0000] {dag.py:3823} INFO - Setting next_dagrun for example_external_task_marker_child to None, run_after=None
[2026-02-02T14:48:38.428+0000] {logging_mixin.py:188} INFO - [2026-02-02T14:48:38.428+0000] {dag.py:3823} INFO - Setting next_dagrun for example_external_task_marker_parent to None, run_after=None
[2026-02-02T14:48:38.445+0000] {processor.py:183} INFO - Processing /home/airflow/.local/lib/python3.8/site-packages/airflow/example_dags/example_external_task_marker_dag.py took 0.076 seconds
[2026-02-02T14:49:08.706+0000] {processor.py:161} INFO - Started process (PID=3201) to work on /home/airflow/.local/lib/python3.8/site-packages/airflow/example_dags/example_external_task_marker_dag.py
[2026-02-02T14:49:08.707+0000] {processor.py:830} INFO - Processing file /home/airflow/.local/lib/python3.8/site-packages/airflow/example_dags/example_external_task_marker_dag.py for tasks to queue
[2026-02-02T14:49:08.709+0000] {logging_mixin.py:188} INFO - [2026-02-02T14:49:08.709+0000] {dagbag.py:538} INFO - Filling up the DagBag from /home/airflow/.local/lib/python3.8/site-packages/airflow/example_dags/example_external_task_marker_dag.py
[2026-02-02T14:49:08.716+0000] {processor.py:840} INFO - DAG(s) 'example_external_task_marker_parent', 'example_external_task_marker_child' retrieved from /home/airflow/.local/lib/python3.8/site-packages/airflow/example_dags/example_external_task_marker_dag.py
[2026-02-02T14:49:08.743+0000] {logging_mixin.py:188} INFO - [2026-02-02T14:49:08.743+0000] {dag.py:3036} INFO - Sync 2 DAGs
[2026-02-02T14:49:08.758+0000] {logging_mixin.py:188} INFO - [2026-02-02T14:49:08.758+0000] {dag.py:3823} INFO - Setting next_dagrun for example_external_task_marker_child to None, run_after=None
[2026-02-02T14:49:08.762+0000] {logging_mixin.py:188} INFO - [2026-02-02T14:49:08.762+0000] {dag.py:3823} INFO - Setting next_dagrun for example_external_task_marker_parent to None, run_after=None
[2026-02-02T14:49:08.779+0000] {processor.py:183} INFO - Processing /home/airflow/.local/lib/python3.8/site-packages/airflow/example_dags/example_external_task_marker_dag.py took 0.076 seconds
[2026-02-02T14:49:39.414+0000] {processor.py:161} INFO - Started process (PID=3257) to work on /home/airflow/.local/lib/python3.8/site-packages/airflow/example_dags/example_external_task_marker_dag.py
[2026-02-02T14:49:39.415+0000] {processor.py:830} INFO - Processing file /home/airflow/.local/lib/python3.8/site-packages/airflow/example_dags/example_external_task_marker_dag.py for tasks to queue
[2026-02-02T14:49:39.416+0000] {logging_mixin.py:188} INFO - [2026-02-02T14:49:39.416+0000] {dagbag.py:538} INFO - Filling up the DagBag from /home/airflow/.local/lib/python3.8/site-packages/airflow/example_dags/example_external_task_marker_dag.py
[2026-02-02T14:49:39.423+0000] {processor.py:840} INFO - DAG(s) 'example_external_task_marker_parent', 'example_external_task_marker_child' retrieved from /home/airflow/.local/lib/python3.8/site-packages/airflow/example_dags/example_external_task_marker_dag.py
[2026-02-02T14:49:39.450+0000] {logging_mixin.py:188} INFO - [2026-02-02T14:49:39.450+0000] {dag.py:3036} INFO - Sync 2 DAGs
[2026-02-02T14:49:39.465+0000] {logging_mixin.py:188} INFO - [2026-02-02T14:49:39.465+0000] {dag.py:3823} INFO - Setting next_dagrun for example_external_task_marker_child to None, run_after=None
[2026-02-02T14:49:39.469+0000] {logging_mixin.py:188} INFO - [2026-02-02T14:49:39.469+0000] {dag.py:3823} INFO - Setting next_dagrun for example_external_task_marker_parent to None, run_after=None
[2026-02-02T14:49:39.486+0000] {processor.py:183} INFO - Processing /home/airflow/.local/lib/python3.8/site-packages/airflow/example_dags/example_external_task_marker_dag.py took 0.075 seconds
[2026-02-02T14:50:09.524+0000] {processor.py:161} INFO - Started process (PID=3313) to work on /home/airflow/.local/lib/python3.8/site-packages/airflow/example_dags/example_external_task_marker_dag.py
[2026-02-02T14:50:09.524+0000] {processor.py:830} INFO - Processing file /home/airflow/.local/lib/python3.8/site-packages/airflow/example_dags/example_external_task_marker_dag.py for tasks to queue
[2026-02-02T14:50:09.526+0000] {logging_mixin.py:188} INFO - [2026-02-02T14:50:09.525+0000] {dagbag.py:538} INFO - Filling up the DagBag from /home/airflow/.local/lib/python3.8/site-packages/airflow/example_dags/example_external_task_marker_dag.py
[2026-02-02T14:50:09.530+0000] {processor.py:840} INFO - DAG(s) 'example_external_task_marker_parent', 'example_external_task_marker_child' retrieved from /home/airflow/.local/lib/python3.8/site-packages/airflow/example_dags/example_external_task_marker_dag.py
[2026-02-02T14:50:09.550+0000] {logging_mixin.py:188} INFO - [2026-02-02T14:50:09.549+0000] {dag.py:3036} INFO - Sync 2 DAGs
[2026-02-02T14:50:09.561+0000] {logging_mixin.py:188} INFO - [2026-02-02T14:50:09.561+0000] {dag.py:3823} INFO - Setting next_dagrun for example_external_task_marker_child to None, run_after=None
[2026-02-02T14:50:09.564+0000] {logging_mixin.py:188} INFO - [2026-02-02T14:50:09.564+0000] {dag.py:3823} INFO - Setting next_dagrun for example_external_task_marker_parent to None, run_after=None
[2026-02-02T14:50:09.576+0000] {processor.py:183} INFO - Processing /home/airflow/.local/lib/python3.8/site-packages/airflow/example_dags/example_external_task_marker_dag.py took 0.055 seconds
[2026-02-02T14:50:39.775+0000] {processor.py:161} INFO - Started process (PID=3369) to work on /home/airflow/.local/lib/python3.8/site-packages/airflow/example_dags/example_external_task_marker_dag.py
[2026-02-02T14:50:39.780+0000] {processor.py:830} INFO - Processing file /home/airflow/.local/lib/python3.8/site-packages/airflow/example_dags/example_external_task_marker_dag.py for tasks to queue
[2026-02-02T14:50:39.782+0000] {logging_mixin.py:188} INFO - [2026-02-02T14:50:39.782+0000] {dagbag.py:538} INFO - Filling up the DagBag from /home/airflow/.local/lib/python3.8/site-packages/airflow/example_dags/example_external_task_marker_dag.py
[2026-02-02T14:50:39.795+0000] {processor.py:840} INFO - DAG(s) 'example_external_task_marker_parent', 'example_external_task_marker_child' retrieved from /home/airflow/.local/lib/python3.8/site-packages/airflow/example_dags/example_external_task_marker_dag.py
[2026-02-02T14:50:39.823+0000] {logging_mixin.py:188} INFO - [2026-02-02T14:50:39.823+0000] {dag.py:3036} INFO - Sync 2 DAGs
[2026-02-02T14:50:39.839+0000] {logging_mixin.py:188} INFO - [2026-02-02T14:50:39.839+0000] {dag.py:3823} INFO - Setting next_dagrun for example_external_task_marker_child to None, run_after=None
[2026-02-02T14:50:39.843+0000] {logging_mixin.py:188} INFO - [2026-02-02T14:50:39.843+0000] {dag.py:3823} INFO - Setting next_dagrun for example_external_task_marker_parent to None, run_after=None
[2026-02-02T14:50:39.863+0000] {processor.py:183} INFO - Processing /home/airflow/.local/lib/python3.8/site-packages/airflow/example_dags/example_external_task_marker_dag.py took 0.094 seconds
