[2026-02-02T14:20:24.137+0000] {processor.py:161} INFO - Started process (PID=81) to work on /home/airflow/.local/lib/python3.8/site-packages/airflow/example_dags/example_params_ui_tutorial.py
[2026-02-02T14:20:24.142+0000] {processor.py:830} INFO - Processing file /home/airflow/.local/lib/python3.8/site-packages/airflow/example_dags/example_params_ui_tutorial.py for tasks to queue
[2026-02-02T14:20:24.146+0000] {logging_mixin.py:188} INFO - [2026-02-02T14:20:24.146+0000] {dagbag.py:538} INFO - Filling up the DagBag from /home/airflow/.local/lib/python3.8/site-packages/airflow/example_dags/example_params_ui_tutorial.py
[2026-02-02T14:20:24.242+0000] {processor.py:840} INFO - DAG(s) 'example_params_ui_tutorial' retrieved from /home/airflow/.local/lib/python3.8/site-packages/airflow/example_dags/example_params_ui_tutorial.py
[2026-02-02T14:20:25.103+0000] {logging_mixin.py:188} INFO - [2026-02-02T14:20:25.102+0000] {override.py:1769} INFO - Created Permission View: can edit on DAG:example_params_ui_tutorial
[2026-02-02T14:20:25.135+0000] {logging_mixin.py:188} INFO - [2026-02-02T14:20:25.134+0000] {override.py:1769} INFO - Created Permission View: can delete on DAG:example_params_ui_tutorial
[2026-02-02T14:20:25.156+0000] {logging_mixin.py:188} INFO - [2026-02-02T14:20:25.156+0000] {override.py:1769} INFO - Created Permission View: can read on DAG:example_params_ui_tutorial
[2026-02-02T14:20:25.158+0000] {logging_mixin.py:188} INFO - [2026-02-02T14:20:25.158+0000] {dag.py:3036} INFO - Sync 1 DAGs
[2026-02-02T14:20:25.216+0000] {logging_mixin.py:188} INFO - [2026-02-02T14:20:25.215+0000] {dag.py:3058} INFO - Creating ORM DAG for example_params_ui_tutorial
[2026-02-02T14:20:25.222+0000] {logging_mixin.py:188} INFO - [2026-02-02T14:20:25.222+0000] {dag.py:3823} INFO - Setting next_dagrun for example_params_ui_tutorial to None, run_after=None
[2026-02-02T14:20:25.304+0000] {processor.py:183} INFO - Processing /home/airflow/.local/lib/python3.8/site-packages/airflow/example_dags/example_params_ui_tutorial.py took 1.176 seconds
[2026-02-02T14:20:55.399+0000] {processor.py:161} INFO - Started process (PID=136) to work on /home/airflow/.local/lib/python3.8/site-packages/airflow/example_dags/example_params_ui_tutorial.py
[2026-02-02T14:20:55.400+0000] {processor.py:830} INFO - Processing file /home/airflow/.local/lib/python3.8/site-packages/airflow/example_dags/example_params_ui_tutorial.py for tasks to queue
[2026-02-02T14:20:55.402+0000] {logging_mixin.py:188} INFO - [2026-02-02T14:20:55.402+0000] {dagbag.py:538} INFO - Filling up the DagBag from /home/airflow/.local/lib/python3.8/site-packages/airflow/example_dags/example_params_ui_tutorial.py
[2026-02-02T14:20:55.416+0000] {processor.py:840} INFO - DAG(s) 'example_params_ui_tutorial' retrieved from /home/airflow/.local/lib/python3.8/site-packages/airflow/example_dags/example_params_ui_tutorial.py
[2026-02-02T14:20:55.534+0000] {logging_mixin.py:188} INFO - [2026-02-02T14:20:55.534+0000] {dag.py:3036} INFO - Sync 1 DAGs
[2026-02-02T14:20:55.550+0000] {logging_mixin.py:188} INFO - [2026-02-02T14:20:55.550+0000] {dag.py:3823} INFO - Setting next_dagrun for example_params_ui_tutorial to None, run_after=None
[2026-02-02T14:20:55.593+0000] {processor.py:183} INFO - Processing /home/airflow/.local/lib/python3.8/site-packages/airflow/example_dags/example_params_ui_tutorial.py took 0.200 seconds
[2026-02-02T14:21:26.323+0000] {processor.py:161} INFO - Started process (PID=197) to work on /home/airflow/.local/lib/python3.8/site-packages/airflow/example_dags/example_params_ui_tutorial.py
[2026-02-02T14:21:26.324+0000] {processor.py:830} INFO - Processing file /home/airflow/.local/lib/python3.8/site-packages/airflow/example_dags/example_params_ui_tutorial.py for tasks to queue
[2026-02-02T14:21:26.326+0000] {logging_mixin.py:188} INFO - [2026-02-02T14:21:26.325+0000] {dagbag.py:538} INFO - Filling up the DagBag from /home/airflow/.local/lib/python3.8/site-packages/airflow/example_dags/example_params_ui_tutorial.py
[2026-02-02T14:21:26.340+0000] {processor.py:840} INFO - DAG(s) 'example_params_ui_tutorial' retrieved from /home/airflow/.local/lib/python3.8/site-packages/airflow/example_dags/example_params_ui_tutorial.py
[2026-02-02T14:21:26.415+0000] {logging_mixin.py:188} INFO - [2026-02-02T14:21:26.415+0000] {dag.py:3036} INFO - Sync 1 DAGs
[2026-02-02T14:21:26.425+0000] {logging_mixin.py:188} INFO - [2026-02-02T14:21:26.425+0000] {dag.py:3823} INFO - Setting next_dagrun for example_params_ui_tutorial to None, run_after=None
[2026-02-02T14:21:26.440+0000] {processor.py:183} INFO - Processing /home/airflow/.local/lib/python3.8/site-packages/airflow/example_dags/example_params_ui_tutorial.py took 0.122 seconds
[2026-02-02T14:21:56.640+0000] {processor.py:161} INFO - Started process (PID=252) to work on /home/airflow/.local/lib/python3.8/site-packages/airflow/example_dags/example_params_ui_tutorial.py
[2026-02-02T14:21:56.642+0000] {processor.py:830} INFO - Processing file /home/airflow/.local/lib/python3.8/site-packages/airflow/example_dags/example_params_ui_tutorial.py for tasks to queue
[2026-02-02T14:21:56.645+0000] {logging_mixin.py:188} INFO - [2026-02-02T14:21:56.644+0000] {dagbag.py:538} INFO - Filling up the DagBag from /home/airflow/.local/lib/python3.8/site-packages/airflow/example_dags/example_params_ui_tutorial.py
[2026-02-02T14:21:56.660+0000] {processor.py:840} INFO - DAG(s) 'example_params_ui_tutorial' retrieved from /home/airflow/.local/lib/python3.8/site-packages/airflow/example_dags/example_params_ui_tutorial.py
[2026-02-02T14:21:56.726+0000] {logging_mixin.py:188} INFO - [2026-02-02T14:21:56.726+0000] {dag.py:3036} INFO - Sync 1 DAGs
[2026-02-02T14:21:56.736+0000] {logging_mixin.py:188} INFO - [2026-02-02T14:21:56.736+0000] {dag.py:3823} INFO - Setting next_dagrun for example_params_ui_tutorial to None, run_after=None
[2026-02-02T14:21:56.768+0000] {processor.py:183} INFO - Processing /home/airflow/.local/lib/python3.8/site-packages/airflow/example_dags/example_params_ui_tutorial.py took 0.135 seconds
[2026-02-02T14:22:27.231+0000] {processor.py:161} INFO - Started process (PID=307) to work on /home/airflow/.local/lib/python3.8/site-packages/airflow/example_dags/example_params_ui_tutorial.py
[2026-02-02T14:22:27.232+0000] {processor.py:830} INFO - Processing file /home/airflow/.local/lib/python3.8/site-packages/airflow/example_dags/example_params_ui_tutorial.py for tasks to queue
[2026-02-02T14:22:27.235+0000] {logging_mixin.py:188} INFO - [2026-02-02T14:22:27.235+0000] {dagbag.py:538} INFO - Filling up the DagBag from /home/airflow/.local/lib/python3.8/site-packages/airflow/example_dags/example_params_ui_tutorial.py
[2026-02-02T14:22:27.249+0000] {processor.py:840} INFO - DAG(s) 'example_params_ui_tutorial' retrieved from /home/airflow/.local/lib/python3.8/site-packages/airflow/example_dags/example_params_ui_tutorial.py
[2026-02-02T14:22:27.324+0000] {logging_mixin.py:188} INFO - [2026-02-02T14:22:27.323+0000] {dag.py:3036} INFO - Sync 1 DAGs
[2026-02-02T14:22:27.334+0000] {logging_mixin.py:188} INFO - [2026-02-02T14:22:27.334+0000] {dag.py:3823} INFO - Setting next_dagrun for example_params_ui_tutorial to None, run_after=None
[2026-02-02T14:22:27.348+0000] {processor.py:183} INFO - Processing /home/airflow/.local/lib/python3.8/site-packages/airflow/example_dags/example_params_ui_tutorial.py took 0.123 seconds
[2026-02-02T14:22:57.855+0000] {processor.py:161} INFO - Started process (PID=362) to work on /home/airflow/.local/lib/python3.8/site-packages/airflow/example_dags/example_params_ui_tutorial.py
[2026-02-02T14:22:57.858+0000] {processor.py:830} INFO - Processing file /home/airflow/.local/lib/python3.8/site-packages/airflow/example_dags/example_params_ui_tutorial.py for tasks to queue
[2026-02-02T14:22:57.860+0000] {logging_mixin.py:188} INFO - [2026-02-02T14:22:57.860+0000] {dagbag.py:538} INFO - Filling up the DagBag from /home/airflow/.local/lib/python3.8/site-packages/airflow/example_dags/example_params_ui_tutorial.py
[2026-02-02T14:22:57.874+0000] {processor.py:840} INFO - DAG(s) 'example_params_ui_tutorial' retrieved from /home/airflow/.local/lib/python3.8/site-packages/airflow/example_dags/example_params_ui_tutorial.py
[2026-02-02T14:22:57.951+0000] {logging_mixin.py:188} INFO - [2026-02-02T14:22:57.950+0000] {dag.py:3036} INFO - Sync 1 DAGs
[2026-02-02T14:22:57.960+0000] {logging_mixin.py:188} INFO - [2026-02-02T14:22:57.960+0000] {dag.py:3823} INFO - Setting next_dagrun for example_params_ui_tutorial to None, run_after=None
[2026-02-02T14:22:57.973+0000] {processor.py:183} INFO - Processing /home/airflow/.local/lib/python3.8/site-packages/airflow/example_dags/example_params_ui_tutorial.py took 0.125 seconds
[2026-02-02T14:23:28.384+0000] {processor.py:161} INFO - Started process (PID=417) to work on /home/airflow/.local/lib/python3.8/site-packages/airflow/example_dags/example_params_ui_tutorial.py
[2026-02-02T14:23:28.385+0000] {processor.py:830} INFO - Processing file /home/airflow/.local/lib/python3.8/site-packages/airflow/example_dags/example_params_ui_tutorial.py for tasks to queue
[2026-02-02T14:23:28.389+0000] {logging_mixin.py:188} INFO - [2026-02-02T14:23:28.389+0000] {dagbag.py:538} INFO - Filling up the DagBag from /home/airflow/.local/lib/python3.8/site-packages/airflow/example_dags/example_params_ui_tutorial.py
[2026-02-02T14:23:28.403+0000] {processor.py:840} INFO - DAG(s) 'example_params_ui_tutorial' retrieved from /home/airflow/.local/lib/python3.8/site-packages/airflow/example_dags/example_params_ui_tutorial.py
[2026-02-02T14:23:28.471+0000] {logging_mixin.py:188} INFO - [2026-02-02T14:23:28.471+0000] {dag.py:3036} INFO - Sync 1 DAGs
[2026-02-02T14:23:28.480+0000] {logging_mixin.py:188} INFO - [2026-02-02T14:23:28.480+0000] {dag.py:3823} INFO - Setting next_dagrun for example_params_ui_tutorial to None, run_after=None
[2026-02-02T14:23:28.494+0000] {processor.py:183} INFO - Processing /home/airflow/.local/lib/python3.8/site-packages/airflow/example_dags/example_params_ui_tutorial.py took 0.115 seconds
[2026-02-02T14:23:58.634+0000] {processor.py:161} INFO - Started process (PID=471) to work on /home/airflow/.local/lib/python3.8/site-packages/airflow/example_dags/example_params_ui_tutorial.py
[2026-02-02T14:23:58.636+0000] {processor.py:830} INFO - Processing file /home/airflow/.local/lib/python3.8/site-packages/airflow/example_dags/example_params_ui_tutorial.py for tasks to queue
[2026-02-02T14:23:58.638+0000] {logging_mixin.py:188} INFO - [2026-02-02T14:23:58.638+0000] {dagbag.py:538} INFO - Filling up the DagBag from /home/airflow/.local/lib/python3.8/site-packages/airflow/example_dags/example_params_ui_tutorial.py
[2026-02-02T14:23:58.651+0000] {processor.py:840} INFO - DAG(s) 'example_params_ui_tutorial' retrieved from /home/airflow/.local/lib/python3.8/site-packages/airflow/example_dags/example_params_ui_tutorial.py
[2026-02-02T14:23:58.720+0000] {logging_mixin.py:188} INFO - [2026-02-02T14:23:58.719+0000] {dag.py:3036} INFO - Sync 1 DAGs
[2026-02-02T14:23:58.729+0000] {logging_mixin.py:188} INFO - [2026-02-02T14:23:58.729+0000] {dag.py:3823} INFO - Setting next_dagrun for example_params_ui_tutorial to None, run_after=None
[2026-02-02T14:23:58.743+0000] {processor.py:183} INFO - Processing /home/airflow/.local/lib/python3.8/site-packages/airflow/example_dags/example_params_ui_tutorial.py took 0.115 seconds
[2026-02-02T14:24:29.623+0000] {processor.py:161} INFO - Started process (PID=527) to work on /home/airflow/.local/lib/python3.8/site-packages/airflow/example_dags/example_params_ui_tutorial.py
[2026-02-02T14:24:29.626+0000] {processor.py:830} INFO - Processing file /home/airflow/.local/lib/python3.8/site-packages/airflow/example_dags/example_params_ui_tutorial.py for tasks to queue
[2026-02-02T14:24:29.643+0000] {logging_mixin.py:188} INFO - [2026-02-02T14:24:29.642+0000] {dagbag.py:538} INFO - Filling up the DagBag from /home/airflow/.local/lib/python3.8/site-packages/airflow/example_dags/example_params_ui_tutorial.py
[2026-02-02T14:24:29.702+0000] {processor.py:840} INFO - DAG(s) 'example_params_ui_tutorial' retrieved from /home/airflow/.local/lib/python3.8/site-packages/airflow/example_dags/example_params_ui_tutorial.py
[2026-02-02T14:24:30.030+0000] {logging_mixin.py:188} INFO - [2026-02-02T14:24:30.030+0000] {dag.py:3036} INFO - Sync 1 DAGs
[2026-02-02T14:24:30.048+0000] {logging_mixin.py:188} INFO - [2026-02-02T14:24:30.048+0000] {dag.py:3823} INFO - Setting next_dagrun for example_params_ui_tutorial to None, run_after=None
[2026-02-02T14:24:30.069+0000] {processor.py:183} INFO - Processing /home/airflow/.local/lib/python3.8/site-packages/airflow/example_dags/example_params_ui_tutorial.py took 0.460 seconds
[2026-02-02T14:25:00.111+0000] {processor.py:161} INFO - Started process (PID=582) to work on /home/airflow/.local/lib/python3.8/site-packages/airflow/example_dags/example_params_ui_tutorial.py
[2026-02-02T14:25:00.112+0000] {processor.py:830} INFO - Processing file /home/airflow/.local/lib/python3.8/site-packages/airflow/example_dags/example_params_ui_tutorial.py for tasks to queue
[2026-02-02T14:25:00.113+0000] {logging_mixin.py:188} INFO - [2026-02-02T14:25:00.113+0000] {dagbag.py:538} INFO - Filling up the DagBag from /home/airflow/.local/lib/python3.8/site-packages/airflow/example_dags/example_params_ui_tutorial.py
[2026-02-02T14:25:00.124+0000] {processor.py:840} INFO - DAG(s) 'example_params_ui_tutorial' retrieved from /home/airflow/.local/lib/python3.8/site-packages/airflow/example_dags/example_params_ui_tutorial.py
[2026-02-02T14:25:00.174+0000] {logging_mixin.py:188} INFO - [2026-02-02T14:25:00.173+0000] {dag.py:3036} INFO - Sync 1 DAGs
[2026-02-02T14:25:00.187+0000] {logging_mixin.py:188} INFO - [2026-02-02T14:25:00.187+0000] {dag.py:3823} INFO - Setting next_dagrun for example_params_ui_tutorial to None, run_after=None
[2026-02-02T14:25:00.201+0000] {processor.py:183} INFO - Processing /home/airflow/.local/lib/python3.8/site-packages/airflow/example_dags/example_params_ui_tutorial.py took 0.093 seconds
[2026-02-02T14:25:30.279+0000] {processor.py:161} INFO - Started process (PID=637) to work on /home/airflow/.local/lib/python3.8/site-packages/airflow/example_dags/example_params_ui_tutorial.py
[2026-02-02T14:25:30.283+0000] {processor.py:830} INFO - Processing file /home/airflow/.local/lib/python3.8/site-packages/airflow/example_dags/example_params_ui_tutorial.py for tasks to queue
[2026-02-02T14:25:30.286+0000] {logging_mixin.py:188} INFO - [2026-02-02T14:25:30.285+0000] {dagbag.py:538} INFO - Filling up the DagBag from /home/airflow/.local/lib/python3.8/site-packages/airflow/example_dags/example_params_ui_tutorial.py
[2026-02-02T14:25:30.299+0000] {processor.py:840} INFO - DAG(s) 'example_params_ui_tutorial' retrieved from /home/airflow/.local/lib/python3.8/site-packages/airflow/example_dags/example_params_ui_tutorial.py
[2026-02-02T14:25:30.383+0000] {logging_mixin.py:188} INFO - [2026-02-02T14:25:30.383+0000] {dag.py:3036} INFO - Sync 1 DAGs
[2026-02-02T14:25:30.398+0000] {logging_mixin.py:188} INFO - [2026-02-02T14:25:30.398+0000] {dag.py:3823} INFO - Setting next_dagrun for example_params_ui_tutorial to None, run_after=None
[2026-02-02T14:25:30.417+0000] {processor.py:183} INFO - Processing /home/airflow/.local/lib/python3.8/site-packages/airflow/example_dags/example_params_ui_tutorial.py took 0.141 seconds
[2026-02-02T14:26:00.652+0000] {processor.py:161} INFO - Started process (PID=692) to work on /home/airflow/.local/lib/python3.8/site-packages/airflow/example_dags/example_params_ui_tutorial.py
[2026-02-02T14:26:00.654+0000] {processor.py:830} INFO - Processing file /home/airflow/.local/lib/python3.8/site-packages/airflow/example_dags/example_params_ui_tutorial.py for tasks to queue
[2026-02-02T14:26:00.656+0000] {logging_mixin.py:188} INFO - [2026-02-02T14:26:00.656+0000] {dagbag.py:538} INFO - Filling up the DagBag from /home/airflow/.local/lib/python3.8/site-packages/airflow/example_dags/example_params_ui_tutorial.py
[2026-02-02T14:26:00.670+0000] {processor.py:840} INFO - DAG(s) 'example_params_ui_tutorial' retrieved from /home/airflow/.local/lib/python3.8/site-packages/airflow/example_dags/example_params_ui_tutorial.py
[2026-02-02T14:26:00.760+0000] {logging_mixin.py:188} INFO - [2026-02-02T14:26:00.760+0000] {dag.py:3036} INFO - Sync 1 DAGs
[2026-02-02T14:26:00.787+0000] {logging_mixin.py:188} INFO - [2026-02-02T14:26:00.787+0000] {dag.py:3823} INFO - Setting next_dagrun for example_params_ui_tutorial to None, run_after=None
[2026-02-02T14:26:00.815+0000] {processor.py:183} INFO - Processing /home/airflow/.local/lib/python3.8/site-packages/airflow/example_dags/example_params_ui_tutorial.py took 0.169 seconds
[2026-02-02T14:26:30.901+0000] {processor.py:161} INFO - Started process (PID=747) to work on /home/airflow/.local/lib/python3.8/site-packages/airflow/example_dags/example_params_ui_tutorial.py
[2026-02-02T14:26:30.902+0000] {processor.py:830} INFO - Processing file /home/airflow/.local/lib/python3.8/site-packages/airflow/example_dags/example_params_ui_tutorial.py for tasks to queue
[2026-02-02T14:26:30.904+0000] {logging_mixin.py:188} INFO - [2026-02-02T14:26:30.904+0000] {dagbag.py:538} INFO - Filling up the DagBag from /home/airflow/.local/lib/python3.8/site-packages/airflow/example_dags/example_params_ui_tutorial.py
[2026-02-02T14:26:30.918+0000] {processor.py:840} INFO - DAG(s) 'example_params_ui_tutorial' retrieved from /home/airflow/.local/lib/python3.8/site-packages/airflow/example_dags/example_params_ui_tutorial.py
[2026-02-02T14:26:31.001+0000] {logging_mixin.py:188} INFO - [2026-02-02T14:26:31.001+0000] {dag.py:3036} INFO - Sync 1 DAGs
[2026-02-02T14:26:31.019+0000] {logging_mixin.py:188} INFO - [2026-02-02T14:26:31.019+0000] {dag.py:3823} INFO - Setting next_dagrun for example_params_ui_tutorial to None, run_after=None
[2026-02-02T14:26:31.037+0000] {processor.py:183} INFO - Processing /home/airflow/.local/lib/python3.8/site-packages/airflow/example_dags/example_params_ui_tutorial.py took 0.144 seconds
[2026-02-02T14:27:01.531+0000] {processor.py:161} INFO - Started process (PID=802) to work on /home/airflow/.local/lib/python3.8/site-packages/airflow/example_dags/example_params_ui_tutorial.py
[2026-02-02T14:27:01.532+0000] {processor.py:830} INFO - Processing file /home/airflow/.local/lib/python3.8/site-packages/airflow/example_dags/example_params_ui_tutorial.py for tasks to queue
[2026-02-02T14:27:01.535+0000] {logging_mixin.py:188} INFO - [2026-02-02T14:27:01.535+0000] {dagbag.py:538} INFO - Filling up the DagBag from /home/airflow/.local/lib/python3.8/site-packages/airflow/example_dags/example_params_ui_tutorial.py
[2026-02-02T14:27:01.549+0000] {processor.py:840} INFO - DAG(s) 'example_params_ui_tutorial' retrieved from /home/airflow/.local/lib/python3.8/site-packages/airflow/example_dags/example_params_ui_tutorial.py
[2026-02-02T14:27:01.630+0000] {logging_mixin.py:188} INFO - [2026-02-02T14:27:01.630+0000] {dag.py:3036} INFO - Sync 1 DAGs
[2026-02-02T14:27:01.645+0000] {logging_mixin.py:188} INFO - [2026-02-02T14:27:01.645+0000] {dag.py:3823} INFO - Setting next_dagrun for example_params_ui_tutorial to None, run_after=None
[2026-02-02T14:27:01.663+0000] {processor.py:183} INFO - Processing /home/airflow/.local/lib/python3.8/site-packages/airflow/example_dags/example_params_ui_tutorial.py took 0.136 seconds
[2026-02-02T14:27:31.731+0000] {processor.py:161} INFO - Started process (PID=857) to work on /home/airflow/.local/lib/python3.8/site-packages/airflow/example_dags/example_params_ui_tutorial.py
[2026-02-02T14:27:31.732+0000] {processor.py:830} INFO - Processing file /home/airflow/.local/lib/python3.8/site-packages/airflow/example_dags/example_params_ui_tutorial.py for tasks to queue
[2026-02-02T14:27:31.734+0000] {logging_mixin.py:188} INFO - [2026-02-02T14:27:31.734+0000] {dagbag.py:538} INFO - Filling up the DagBag from /home/airflow/.local/lib/python3.8/site-packages/airflow/example_dags/example_params_ui_tutorial.py
[2026-02-02T14:27:31.748+0000] {processor.py:840} INFO - DAG(s) 'example_params_ui_tutorial' retrieved from /home/airflow/.local/lib/python3.8/site-packages/airflow/example_dags/example_params_ui_tutorial.py
[2026-02-02T14:27:31.829+0000] {logging_mixin.py:188} INFO - [2026-02-02T14:27:31.829+0000] {dag.py:3036} INFO - Sync 1 DAGs
[2026-02-02T14:27:31.844+0000] {logging_mixin.py:188} INFO - [2026-02-02T14:27:31.844+0000] {dag.py:3823} INFO - Setting next_dagrun for example_params_ui_tutorial to None, run_after=None
[2026-02-02T14:27:31.862+0000] {processor.py:183} INFO - Processing /home/airflow/.local/lib/python3.8/site-packages/airflow/example_dags/example_params_ui_tutorial.py took 0.138 seconds
[2026-02-02T14:28:02.301+0000] {processor.py:161} INFO - Started process (PID=912) to work on /home/airflow/.local/lib/python3.8/site-packages/airflow/example_dags/example_params_ui_tutorial.py
[2026-02-02T14:28:02.302+0000] {processor.py:830} INFO - Processing file /home/airflow/.local/lib/python3.8/site-packages/airflow/example_dags/example_params_ui_tutorial.py for tasks to queue
[2026-02-02T14:28:02.305+0000] {logging_mixin.py:188} INFO - [2026-02-02T14:28:02.304+0000] {dagbag.py:538} INFO - Filling up the DagBag from /home/airflow/.local/lib/python3.8/site-packages/airflow/example_dags/example_params_ui_tutorial.py
[2026-02-02T14:28:02.319+0000] {processor.py:840} INFO - DAG(s) 'example_params_ui_tutorial' retrieved from /home/airflow/.local/lib/python3.8/site-packages/airflow/example_dags/example_params_ui_tutorial.py
[2026-02-02T14:28:02.402+0000] {logging_mixin.py:188} INFO - [2026-02-02T14:28:02.402+0000] {dag.py:3036} INFO - Sync 1 DAGs
[2026-02-02T14:28:02.416+0000] {logging_mixin.py:188} INFO - [2026-02-02T14:28:02.416+0000] {dag.py:3823} INFO - Setting next_dagrun for example_params_ui_tutorial to None, run_after=None
[2026-02-02T14:28:02.435+0000] {processor.py:183} INFO - Processing /home/airflow/.local/lib/python3.8/site-packages/airflow/example_dags/example_params_ui_tutorial.py took 0.140 seconds
[2026-02-02T14:28:33.201+0000] {processor.py:161} INFO - Started process (PID=967) to work on /home/airflow/.local/lib/python3.8/site-packages/airflow/example_dags/example_params_ui_tutorial.py
[2026-02-02T14:28:33.203+0000] {processor.py:830} INFO - Processing file /home/airflow/.local/lib/python3.8/site-packages/airflow/example_dags/example_params_ui_tutorial.py for tasks to queue
[2026-02-02T14:28:33.206+0000] {logging_mixin.py:188} INFO - [2026-02-02T14:28:33.206+0000] {dagbag.py:538} INFO - Filling up the DagBag from /home/airflow/.local/lib/python3.8/site-packages/airflow/example_dags/example_params_ui_tutorial.py
[2026-02-02T14:28:33.220+0000] {processor.py:840} INFO - DAG(s) 'example_params_ui_tutorial' retrieved from /home/airflow/.local/lib/python3.8/site-packages/airflow/example_dags/example_params_ui_tutorial.py
[2026-02-02T14:28:33.310+0000] {logging_mixin.py:188} INFO - [2026-02-02T14:28:33.309+0000] {dag.py:3036} INFO - Sync 1 DAGs
[2026-02-02T14:28:33.328+0000] {logging_mixin.py:188} INFO - [2026-02-02T14:28:33.327+0000] {dag.py:3823} INFO - Setting next_dagrun for example_params_ui_tutorial to None, run_after=None
[2026-02-02T14:28:33.347+0000] {processor.py:183} INFO - Processing /home/airflow/.local/lib/python3.8/site-packages/airflow/example_dags/example_params_ui_tutorial.py took 0.151 seconds
[2026-02-02T14:29:03.673+0000] {processor.py:161} INFO - Started process (PID=1022) to work on /home/airflow/.local/lib/python3.8/site-packages/airflow/example_dags/example_params_ui_tutorial.py
[2026-02-02T14:29:03.674+0000] {processor.py:830} INFO - Processing file /home/airflow/.local/lib/python3.8/site-packages/airflow/example_dags/example_params_ui_tutorial.py for tasks to queue
[2026-02-02T14:29:03.678+0000] {logging_mixin.py:188} INFO - [2026-02-02T14:29:03.678+0000] {dagbag.py:538} INFO - Filling up the DagBag from /home/airflow/.local/lib/python3.8/site-packages/airflow/example_dags/example_params_ui_tutorial.py
[2026-02-02T14:29:03.706+0000] {processor.py:840} INFO - DAG(s) 'example_params_ui_tutorial' retrieved from /home/airflow/.local/lib/python3.8/site-packages/airflow/example_dags/example_params_ui_tutorial.py
[2026-02-02T14:29:03.936+0000] {logging_mixin.py:188} INFO - [2026-02-02T14:29:03.936+0000] {dag.py:3036} INFO - Sync 1 DAGs
[2026-02-02T14:29:03.947+0000] {logging_mixin.py:188} INFO - [2026-02-02T14:29:03.947+0000] {dag.py:3823} INFO - Setting next_dagrun for example_params_ui_tutorial to None, run_after=None
[2026-02-02T14:29:03.961+0000] {processor.py:183} INFO - Processing /home/airflow/.local/lib/python3.8/site-packages/airflow/example_dags/example_params_ui_tutorial.py took 0.293 seconds
[2026-02-02T14:29:34.112+0000] {processor.py:161} INFO - Started process (PID=1078) to work on /home/airflow/.local/lib/python3.8/site-packages/airflow/example_dags/example_params_ui_tutorial.py
[2026-02-02T14:29:34.113+0000] {processor.py:830} INFO - Processing file /home/airflow/.local/lib/python3.8/site-packages/airflow/example_dags/example_params_ui_tutorial.py for tasks to queue
[2026-02-02T14:29:34.115+0000] {logging_mixin.py:188} INFO - [2026-02-02T14:29:34.115+0000] {dagbag.py:538} INFO - Filling up the DagBag from /home/airflow/.local/lib/python3.8/site-packages/airflow/example_dags/example_params_ui_tutorial.py
[2026-02-02T14:29:34.130+0000] {processor.py:840} INFO - DAG(s) 'example_params_ui_tutorial' retrieved from /home/airflow/.local/lib/python3.8/site-packages/airflow/example_dags/example_params_ui_tutorial.py
[2026-02-02T14:29:34.189+0000] {logging_mixin.py:188} INFO - [2026-02-02T14:29:34.189+0000] {dag.py:3036} INFO - Sync 1 DAGs
[2026-02-02T14:29:34.199+0000] {logging_mixin.py:188} INFO - [2026-02-02T14:29:34.198+0000] {dag.py:3823} INFO - Setting next_dagrun for example_params_ui_tutorial to None, run_after=None
[2026-02-02T14:29:34.212+0000] {processor.py:183} INFO - Processing /home/airflow/.local/lib/python3.8/site-packages/airflow/example_dags/example_params_ui_tutorial.py took 0.106 seconds
[2026-02-02T14:30:04.469+0000] {processor.py:161} INFO - Started process (PID=1132) to work on /home/airflow/.local/lib/python3.8/site-packages/airflow/example_dags/example_params_ui_tutorial.py
[2026-02-02T14:30:04.472+0000] {processor.py:830} INFO - Processing file /home/airflow/.local/lib/python3.8/site-packages/airflow/example_dags/example_params_ui_tutorial.py for tasks to queue
[2026-02-02T14:30:04.473+0000] {logging_mixin.py:188} INFO - [2026-02-02T14:30:04.473+0000] {dagbag.py:538} INFO - Filling up the DagBag from /home/airflow/.local/lib/python3.8/site-packages/airflow/example_dags/example_params_ui_tutorial.py
[2026-02-02T14:30:04.487+0000] {processor.py:840} INFO - DAG(s) 'example_params_ui_tutorial' retrieved from /home/airflow/.local/lib/python3.8/site-packages/airflow/example_dags/example_params_ui_tutorial.py
[2026-02-02T14:30:04.566+0000] {logging_mixin.py:188} INFO - [2026-02-02T14:30:04.566+0000] {dag.py:3036} INFO - Sync 1 DAGs
[2026-02-02T14:30:04.581+0000] {logging_mixin.py:188} INFO - [2026-02-02T14:30:04.581+0000] {dag.py:3823} INFO - Setting next_dagrun for example_params_ui_tutorial to None, run_after=None
[2026-02-02T14:30:04.601+0000] {processor.py:183} INFO - Processing /home/airflow/.local/lib/python3.8/site-packages/airflow/example_dags/example_params_ui_tutorial.py took 0.136 seconds
[2026-02-02T14:30:35.420+0000] {processor.py:161} INFO - Started process (PID=1187) to work on /home/airflow/.local/lib/python3.8/site-packages/airflow/example_dags/example_params_ui_tutorial.py
[2026-02-02T14:30:35.421+0000] {processor.py:830} INFO - Processing file /home/airflow/.local/lib/python3.8/site-packages/airflow/example_dags/example_params_ui_tutorial.py for tasks to queue
[2026-02-02T14:30:35.423+0000] {logging_mixin.py:188} INFO - [2026-02-02T14:30:35.423+0000] {dagbag.py:538} INFO - Filling up the DagBag from /home/airflow/.local/lib/python3.8/site-packages/airflow/example_dags/example_params_ui_tutorial.py
[2026-02-02T14:30:35.437+0000] {processor.py:840} INFO - DAG(s) 'example_params_ui_tutorial' retrieved from /home/airflow/.local/lib/python3.8/site-packages/airflow/example_dags/example_params_ui_tutorial.py
[2026-02-02T14:30:35.520+0000] {logging_mixin.py:188} INFO - [2026-02-02T14:30:35.519+0000] {dag.py:3036} INFO - Sync 1 DAGs
[2026-02-02T14:30:35.534+0000] {logging_mixin.py:188} INFO - [2026-02-02T14:30:35.533+0000] {dag.py:3823} INFO - Setting next_dagrun for example_params_ui_tutorial to None, run_after=None
[2026-02-02T14:30:35.552+0000] {processor.py:183} INFO - Processing /home/airflow/.local/lib/python3.8/site-packages/airflow/example_dags/example_params_ui_tutorial.py took 0.139 seconds
[2026-02-02T14:31:05.633+0000] {processor.py:161} INFO - Started process (PID=1242) to work on /home/airflow/.local/lib/python3.8/site-packages/airflow/example_dags/example_params_ui_tutorial.py
[2026-02-02T14:31:05.638+0000] {processor.py:830} INFO - Processing file /home/airflow/.local/lib/python3.8/site-packages/airflow/example_dags/example_params_ui_tutorial.py for tasks to queue
[2026-02-02T14:31:05.643+0000] {logging_mixin.py:188} INFO - [2026-02-02T14:31:05.643+0000] {dagbag.py:538} INFO - Filling up the DagBag from /home/airflow/.local/lib/python3.8/site-packages/airflow/example_dags/example_params_ui_tutorial.py
[2026-02-02T14:31:05.673+0000] {processor.py:840} INFO - DAG(s) 'example_params_ui_tutorial' retrieved from /home/airflow/.local/lib/python3.8/site-packages/airflow/example_dags/example_params_ui_tutorial.py
[2026-02-02T14:31:05.845+0000] {logging_mixin.py:188} INFO - [2026-02-02T14:31:05.845+0000] {dag.py:3036} INFO - Sync 1 DAGs
[2026-02-02T14:31:05.871+0000] {logging_mixin.py:188} INFO - [2026-02-02T14:31:05.871+0000] {dag.py:3823} INFO - Setting next_dagrun for example_params_ui_tutorial to None, run_after=None
[2026-02-02T14:31:05.896+0000] {processor.py:183} INFO - Processing /home/airflow/.local/lib/python3.8/site-packages/airflow/example_dags/example_params_ui_tutorial.py took 0.277 seconds
[2026-02-02T14:31:36.383+0000] {processor.py:161} INFO - Started process (PID=1297) to work on /home/airflow/.local/lib/python3.8/site-packages/airflow/example_dags/example_params_ui_tutorial.py
[2026-02-02T14:31:36.384+0000] {processor.py:830} INFO - Processing file /home/airflow/.local/lib/python3.8/site-packages/airflow/example_dags/example_params_ui_tutorial.py for tasks to queue
[2026-02-02T14:31:36.388+0000] {logging_mixin.py:188} INFO - [2026-02-02T14:31:36.388+0000] {dagbag.py:538} INFO - Filling up the DagBag from /home/airflow/.local/lib/python3.8/site-packages/airflow/example_dags/example_params_ui_tutorial.py
[2026-02-02T14:31:36.422+0000] {processor.py:840} INFO - DAG(s) 'example_params_ui_tutorial' retrieved from /home/airflow/.local/lib/python3.8/site-packages/airflow/example_dags/example_params_ui_tutorial.py
[2026-02-02T14:31:36.566+0000] {logging_mixin.py:188} INFO - [2026-02-02T14:31:36.566+0000] {dag.py:3036} INFO - Sync 1 DAGs
[2026-02-02T14:31:36.589+0000] {logging_mixin.py:188} INFO - [2026-02-02T14:31:36.589+0000] {dag.py:3823} INFO - Setting next_dagrun for example_params_ui_tutorial to None, run_after=None
[2026-02-02T14:31:36.628+0000] {processor.py:183} INFO - Processing /home/airflow/.local/lib/python3.8/site-packages/airflow/example_dags/example_params_ui_tutorial.py took 0.253 seconds
[2026-02-02T14:32:06.724+0000] {processor.py:161} INFO - Started process (PID=1352) to work on /home/airflow/.local/lib/python3.8/site-packages/airflow/example_dags/example_params_ui_tutorial.py
[2026-02-02T14:32:06.725+0000] {processor.py:830} INFO - Processing file /home/airflow/.local/lib/python3.8/site-packages/airflow/example_dags/example_params_ui_tutorial.py for tasks to queue
[2026-02-02T14:32:06.727+0000] {logging_mixin.py:188} INFO - [2026-02-02T14:32:06.726+0000] {dagbag.py:538} INFO - Filling up the DagBag from /home/airflow/.local/lib/python3.8/site-packages/airflow/example_dags/example_params_ui_tutorial.py
[2026-02-02T14:32:06.740+0000] {processor.py:840} INFO - DAG(s) 'example_params_ui_tutorial' retrieved from /home/airflow/.local/lib/python3.8/site-packages/airflow/example_dags/example_params_ui_tutorial.py
[2026-02-02T14:32:06.819+0000] {logging_mixin.py:188} INFO - [2026-02-02T14:32:06.819+0000] {dag.py:3036} INFO - Sync 1 DAGs
[2026-02-02T14:32:06.835+0000] {logging_mixin.py:188} INFO - [2026-02-02T14:32:06.835+0000] {dag.py:3823} INFO - Setting next_dagrun for example_params_ui_tutorial to None, run_after=None
[2026-02-02T14:32:06.853+0000] {processor.py:183} INFO - Processing /home/airflow/.local/lib/python3.8/site-packages/airflow/example_dags/example_params_ui_tutorial.py took 0.133 seconds
[2026-02-02T14:32:37.875+0000] {processor.py:161} INFO - Started process (PID=1405) to work on /home/airflow/.local/lib/python3.8/site-packages/airflow/example_dags/example_params_ui_tutorial.py
[2026-02-02T14:32:37.879+0000] {processor.py:830} INFO - Processing file /home/airflow/.local/lib/python3.8/site-packages/airflow/example_dags/example_params_ui_tutorial.py for tasks to queue
[2026-02-02T14:32:37.884+0000] {logging_mixin.py:188} INFO - [2026-02-02T14:32:37.884+0000] {dagbag.py:538} INFO - Filling up the DagBag from /home/airflow/.local/lib/python3.8/site-packages/airflow/example_dags/example_params_ui_tutorial.py
[2026-02-02T14:32:37.911+0000] {processor.py:840} INFO - DAG(s) 'example_params_ui_tutorial' retrieved from /home/airflow/.local/lib/python3.8/site-packages/airflow/example_dags/example_params_ui_tutorial.py
[2026-02-02T14:32:37.999+0000] {logging_mixin.py:188} INFO - [2026-02-02T14:32:37.999+0000] {dag.py:3036} INFO - Sync 1 DAGs
[2026-02-02T14:32:38.012+0000] {logging_mixin.py:188} INFO - [2026-02-02T14:32:38.012+0000] {dag.py:3823} INFO - Setting next_dagrun for example_params_ui_tutorial to None, run_after=None
[2026-02-02T14:32:38.049+0000] {processor.py:183} INFO - Processing /home/airflow/.local/lib/python3.8/site-packages/airflow/example_dags/example_params_ui_tutorial.py took 0.184 seconds
[2026-02-02T14:33:08.341+0000] {processor.py:161} INFO - Started process (PID=1460) to work on /home/airflow/.local/lib/python3.8/site-packages/airflow/example_dags/example_params_ui_tutorial.py
[2026-02-02T14:33:08.342+0000] {processor.py:830} INFO - Processing file /home/airflow/.local/lib/python3.8/site-packages/airflow/example_dags/example_params_ui_tutorial.py for tasks to queue
[2026-02-02T14:33:08.344+0000] {logging_mixin.py:188} INFO - [2026-02-02T14:33:08.343+0000] {dagbag.py:538} INFO - Filling up the DagBag from /home/airflow/.local/lib/python3.8/site-packages/airflow/example_dags/example_params_ui_tutorial.py
[2026-02-02T14:33:08.359+0000] {processor.py:840} INFO - DAG(s) 'example_params_ui_tutorial' retrieved from /home/airflow/.local/lib/python3.8/site-packages/airflow/example_dags/example_params_ui_tutorial.py
[2026-02-02T14:33:08.442+0000] {logging_mixin.py:188} INFO - [2026-02-02T14:33:08.442+0000] {dag.py:3036} INFO - Sync 1 DAGs
[2026-02-02T14:33:08.452+0000] {logging_mixin.py:188} INFO - [2026-02-02T14:33:08.451+0000] {dag.py:3823} INFO - Setting next_dagrun for example_params_ui_tutorial to None, run_after=None
[2026-02-02T14:33:08.465+0000] {processor.py:183} INFO - Processing /home/airflow/.local/lib/python3.8/site-packages/airflow/example_dags/example_params_ui_tutorial.py took 0.127 seconds
[2026-02-02T14:33:38.728+0000] {processor.py:161} INFO - Started process (PID=1515) to work on /home/airflow/.local/lib/python3.8/site-packages/airflow/example_dags/example_params_ui_tutorial.py
[2026-02-02T14:33:38.728+0000] {processor.py:830} INFO - Processing file /home/airflow/.local/lib/python3.8/site-packages/airflow/example_dags/example_params_ui_tutorial.py for tasks to queue
[2026-02-02T14:33:38.730+0000] {logging_mixin.py:188} INFO - [2026-02-02T14:33:38.730+0000] {dagbag.py:538} INFO - Filling up the DagBag from /home/airflow/.local/lib/python3.8/site-packages/airflow/example_dags/example_params_ui_tutorial.py
[2026-02-02T14:33:38.744+0000] {processor.py:840} INFO - DAG(s) 'example_params_ui_tutorial' retrieved from /home/airflow/.local/lib/python3.8/site-packages/airflow/example_dags/example_params_ui_tutorial.py
[2026-02-02T14:33:38.832+0000] {logging_mixin.py:188} INFO - [2026-02-02T14:33:38.831+0000] {dag.py:3036} INFO - Sync 1 DAGs
[2026-02-02T14:33:38.841+0000] {logging_mixin.py:188} INFO - [2026-02-02T14:33:38.841+0000] {dag.py:3823} INFO - Setting next_dagrun for example_params_ui_tutorial to None, run_after=None
[2026-02-02T14:33:38.855+0000] {processor.py:183} INFO - Processing /home/airflow/.local/lib/python3.8/site-packages/airflow/example_dags/example_params_ui_tutorial.py took 0.131 seconds
[2026-02-02T14:34:09.727+0000] {processor.py:161} INFO - Started process (PID=1570) to work on /home/airflow/.local/lib/python3.8/site-packages/airflow/example_dags/example_params_ui_tutorial.py
[2026-02-02T14:34:09.728+0000] {processor.py:830} INFO - Processing file /home/airflow/.local/lib/python3.8/site-packages/airflow/example_dags/example_params_ui_tutorial.py for tasks to queue
[2026-02-02T14:34:09.729+0000] {logging_mixin.py:188} INFO - [2026-02-02T14:34:09.729+0000] {dagbag.py:538} INFO - Filling up the DagBag from /home/airflow/.local/lib/python3.8/site-packages/airflow/example_dags/example_params_ui_tutorial.py
[2026-02-02T14:34:09.743+0000] {processor.py:840} INFO - DAG(s) 'example_params_ui_tutorial' retrieved from /home/airflow/.local/lib/python3.8/site-packages/airflow/example_dags/example_params_ui_tutorial.py
[2026-02-02T14:34:09.829+0000] {logging_mixin.py:188} INFO - [2026-02-02T14:34:09.829+0000] {dag.py:3036} INFO - Sync 1 DAGs
[2026-02-02T14:34:09.839+0000] {logging_mixin.py:188} INFO - [2026-02-02T14:34:09.839+0000] {dag.py:3823} INFO - Setting next_dagrun for example_params_ui_tutorial to None, run_after=None
[2026-02-02T14:34:09.852+0000] {processor.py:183} INFO - Processing /home/airflow/.local/lib/python3.8/site-packages/airflow/example_dags/example_params_ui_tutorial.py took 0.128 seconds
[2026-02-02T14:34:40.500+0000] {processor.py:161} INFO - Started process (PID=1625) to work on /home/airflow/.local/lib/python3.8/site-packages/airflow/example_dags/example_params_ui_tutorial.py
[2026-02-02T14:34:40.501+0000] {processor.py:830} INFO - Processing file /home/airflow/.local/lib/python3.8/site-packages/airflow/example_dags/example_params_ui_tutorial.py for tasks to queue
[2026-02-02T14:34:40.503+0000] {logging_mixin.py:188} INFO - [2026-02-02T14:34:40.503+0000] {dagbag.py:538} INFO - Filling up the DagBag from /home/airflow/.local/lib/python3.8/site-packages/airflow/example_dags/example_params_ui_tutorial.py
[2026-02-02T14:34:40.516+0000] {processor.py:840} INFO - DAG(s) 'example_params_ui_tutorial' retrieved from /home/airflow/.local/lib/python3.8/site-packages/airflow/example_dags/example_params_ui_tutorial.py
[2026-02-02T14:34:40.605+0000] {logging_mixin.py:188} INFO - [2026-02-02T14:34:40.605+0000] {dag.py:3036} INFO - Sync 1 DAGs
[2026-02-02T14:34:40.615+0000] {logging_mixin.py:188} INFO - [2026-02-02T14:34:40.615+0000] {dag.py:3823} INFO - Setting next_dagrun for example_params_ui_tutorial to None, run_after=None
[2026-02-02T14:34:40.628+0000] {processor.py:183} INFO - Processing /home/airflow/.local/lib/python3.8/site-packages/airflow/example_dags/example_params_ui_tutorial.py took 0.131 seconds
[2026-02-02T14:35:10.821+0000] {processor.py:161} INFO - Started process (PID=1680) to work on /home/airflow/.local/lib/python3.8/site-packages/airflow/example_dags/example_params_ui_tutorial.py
[2026-02-02T14:35:10.822+0000] {processor.py:830} INFO - Processing file /home/airflow/.local/lib/python3.8/site-packages/airflow/example_dags/example_params_ui_tutorial.py for tasks to queue
[2026-02-02T14:35:10.824+0000] {logging_mixin.py:188} INFO - [2026-02-02T14:35:10.823+0000] {dagbag.py:538} INFO - Filling up the DagBag from /home/airflow/.local/lib/python3.8/site-packages/airflow/example_dags/example_params_ui_tutorial.py
[2026-02-02T14:35:10.845+0000] {processor.py:840} INFO - DAG(s) 'example_params_ui_tutorial' retrieved from /home/airflow/.local/lib/python3.8/site-packages/airflow/example_dags/example_params_ui_tutorial.py
[2026-02-02T14:35:10.931+0000] {logging_mixin.py:188} INFO - [2026-02-02T14:35:10.931+0000] {dag.py:3036} INFO - Sync 1 DAGs
[2026-02-02T14:35:10.946+0000] {logging_mixin.py:188} INFO - [2026-02-02T14:35:10.946+0000] {dag.py:3823} INFO - Setting next_dagrun for example_params_ui_tutorial to None, run_after=None
[2026-02-02T14:35:10.964+0000] {processor.py:183} INFO - Processing /home/airflow/.local/lib/python3.8/site-packages/airflow/example_dags/example_params_ui_tutorial.py took 0.152 seconds
[2026-02-02T14:35:41.156+0000] {processor.py:161} INFO - Started process (PID=1735) to work on /home/airflow/.local/lib/python3.8/site-packages/airflow/example_dags/example_params_ui_tutorial.py
[2026-02-02T14:35:41.157+0000] {processor.py:830} INFO - Processing file /home/airflow/.local/lib/python3.8/site-packages/airflow/example_dags/example_params_ui_tutorial.py for tasks to queue
[2026-02-02T14:35:41.159+0000] {logging_mixin.py:188} INFO - [2026-02-02T14:35:41.159+0000] {dagbag.py:538} INFO - Filling up the DagBag from /home/airflow/.local/lib/python3.8/site-packages/airflow/example_dags/example_params_ui_tutorial.py
[2026-02-02T14:35:41.173+0000] {processor.py:840} INFO - DAG(s) 'example_params_ui_tutorial' retrieved from /home/airflow/.local/lib/python3.8/site-packages/airflow/example_dags/example_params_ui_tutorial.py
[2026-02-02T14:35:41.253+0000] {logging_mixin.py:188} INFO - [2026-02-02T14:35:41.253+0000] {dag.py:3036} INFO - Sync 1 DAGs
[2026-02-02T14:35:41.267+0000] {logging_mixin.py:188} INFO - [2026-02-02T14:35:41.267+0000] {dag.py:3823} INFO - Setting next_dagrun for example_params_ui_tutorial to None, run_after=None
[2026-02-02T14:35:41.285+0000] {processor.py:183} INFO - Processing /home/airflow/.local/lib/python3.8/site-packages/airflow/example_dags/example_params_ui_tutorial.py took 0.133 seconds
[2026-02-02T14:36:12.130+0000] {processor.py:161} INFO - Started process (PID=1790) to work on /home/airflow/.local/lib/python3.8/site-packages/airflow/example_dags/example_params_ui_tutorial.py
[2026-02-02T14:36:12.135+0000] {processor.py:830} INFO - Processing file /home/airflow/.local/lib/python3.8/site-packages/airflow/example_dags/example_params_ui_tutorial.py for tasks to queue
[2026-02-02T14:36:12.137+0000] {logging_mixin.py:188} INFO - [2026-02-02T14:36:12.137+0000] {dagbag.py:538} INFO - Filling up the DagBag from /home/airflow/.local/lib/python3.8/site-packages/airflow/example_dags/example_params_ui_tutorial.py
[2026-02-02T14:36:12.163+0000] {processor.py:840} INFO - DAG(s) 'example_params_ui_tutorial' retrieved from /home/airflow/.local/lib/python3.8/site-packages/airflow/example_dags/example_params_ui_tutorial.py
[2026-02-02T14:36:12.284+0000] {logging_mixin.py:188} INFO - [2026-02-02T14:36:12.284+0000] {dag.py:3036} INFO - Sync 1 DAGs
[2026-02-02T14:36:12.294+0000] {logging_mixin.py:188} INFO - [2026-02-02T14:36:12.294+0000] {dag.py:3823} INFO - Setting next_dagrun for example_params_ui_tutorial to None, run_after=None
[2026-02-02T14:36:12.310+0000] {processor.py:183} INFO - Processing /home/airflow/.local/lib/python3.8/site-packages/airflow/example_dags/example_params_ui_tutorial.py took 0.187 seconds
[2026-02-02T14:36:42.526+0000] {processor.py:161} INFO - Started process (PID=1846) to work on /home/airflow/.local/lib/python3.8/site-packages/airflow/example_dags/example_params_ui_tutorial.py
[2026-02-02T14:36:42.527+0000] {processor.py:830} INFO - Processing file /home/airflow/.local/lib/python3.8/site-packages/airflow/example_dags/example_params_ui_tutorial.py for tasks to queue
[2026-02-02T14:36:42.529+0000] {logging_mixin.py:188} INFO - [2026-02-02T14:36:42.528+0000] {dagbag.py:538} INFO - Filling up the DagBag from /home/airflow/.local/lib/python3.8/site-packages/airflow/example_dags/example_params_ui_tutorial.py
[2026-02-02T14:36:42.541+0000] {processor.py:840} INFO - DAG(s) 'example_params_ui_tutorial' retrieved from /home/airflow/.local/lib/python3.8/site-packages/airflow/example_dags/example_params_ui_tutorial.py
[2026-02-02T14:36:42.601+0000] {logging_mixin.py:188} INFO - [2026-02-02T14:36:42.600+0000] {dag.py:3036} INFO - Sync 1 DAGs
[2026-02-02T14:36:42.610+0000] {logging_mixin.py:188} INFO - [2026-02-02T14:36:42.610+0000] {dag.py:3823} INFO - Setting next_dagrun for example_params_ui_tutorial to None, run_after=None
[2026-02-02T14:36:42.624+0000] {processor.py:183} INFO - Processing /home/airflow/.local/lib/python3.8/site-packages/airflow/example_dags/example_params_ui_tutorial.py took 0.102 seconds
[2026-02-02T14:37:12.828+0000] {processor.py:161} INFO - Started process (PID=1900) to work on /home/airflow/.local/lib/python3.8/site-packages/airflow/example_dags/example_params_ui_tutorial.py
[2026-02-02T14:37:12.829+0000] {processor.py:830} INFO - Processing file /home/airflow/.local/lib/python3.8/site-packages/airflow/example_dags/example_params_ui_tutorial.py for tasks to queue
[2026-02-02T14:37:12.831+0000] {logging_mixin.py:188} INFO - [2026-02-02T14:37:12.830+0000] {dagbag.py:538} INFO - Filling up the DagBag from /home/airflow/.local/lib/python3.8/site-packages/airflow/example_dags/example_params_ui_tutorial.py
[2026-02-02T14:37:12.845+0000] {processor.py:840} INFO - DAG(s) 'example_params_ui_tutorial' retrieved from /home/airflow/.local/lib/python3.8/site-packages/airflow/example_dags/example_params_ui_tutorial.py
[2026-02-02T14:37:12.925+0000] {logging_mixin.py:188} INFO - [2026-02-02T14:37:12.924+0000] {dag.py:3036} INFO - Sync 1 DAGs
[2026-02-02T14:37:12.938+0000] {logging_mixin.py:188} INFO - [2026-02-02T14:37:12.938+0000] {dag.py:3823} INFO - Setting next_dagrun for example_params_ui_tutorial to None, run_after=None
[2026-02-02T14:37:12.957+0000] {processor.py:183} INFO - Processing /home/airflow/.local/lib/python3.8/site-packages/airflow/example_dags/example_params_ui_tutorial.py took 0.133 seconds
[2026-02-02T14:37:43.001+0000] {processor.py:161} INFO - Started process (PID=1955) to work on /home/airflow/.local/lib/python3.8/site-packages/airflow/example_dags/example_params_ui_tutorial.py
[2026-02-02T14:37:43.002+0000] {processor.py:830} INFO - Processing file /home/airflow/.local/lib/python3.8/site-packages/airflow/example_dags/example_params_ui_tutorial.py for tasks to queue
[2026-02-02T14:37:43.004+0000] {logging_mixin.py:188} INFO - [2026-02-02T14:37:43.003+0000] {dagbag.py:538} INFO - Filling up the DagBag from /home/airflow/.local/lib/python3.8/site-packages/airflow/example_dags/example_params_ui_tutorial.py
[2026-02-02T14:37:43.017+0000] {processor.py:840} INFO - DAG(s) 'example_params_ui_tutorial' retrieved from /home/airflow/.local/lib/python3.8/site-packages/airflow/example_dags/example_params_ui_tutorial.py
[2026-02-02T14:37:43.098+0000] {logging_mixin.py:188} INFO - [2026-02-02T14:37:43.098+0000] {dag.py:3036} INFO - Sync 1 DAGs
[2026-02-02T14:37:43.108+0000] {logging_mixin.py:188} INFO - [2026-02-02T14:37:43.108+0000] {dag.py:3823} INFO - Setting next_dagrun for example_params_ui_tutorial to None, run_after=None
[2026-02-02T14:37:43.121+0000] {processor.py:183} INFO - Processing /home/airflow/.local/lib/python3.8/site-packages/airflow/example_dags/example_params_ui_tutorial.py took 0.124 seconds
[2026-02-02T14:38:13.447+0000] {processor.py:161} INFO - Started process (PID=2009) to work on /home/airflow/.local/lib/python3.8/site-packages/airflow/example_dags/example_params_ui_tutorial.py
[2026-02-02T14:38:13.447+0000] {processor.py:830} INFO - Processing file /home/airflow/.local/lib/python3.8/site-packages/airflow/example_dags/example_params_ui_tutorial.py for tasks to queue
[2026-02-02T14:38:13.449+0000] {logging_mixin.py:188} INFO - [2026-02-02T14:38:13.449+0000] {dagbag.py:538} INFO - Filling up the DagBag from /home/airflow/.local/lib/python3.8/site-packages/airflow/example_dags/example_params_ui_tutorial.py
[2026-02-02T14:38:13.464+0000] {processor.py:840} INFO - DAG(s) 'example_params_ui_tutorial' retrieved from /home/airflow/.local/lib/python3.8/site-packages/airflow/example_dags/example_params_ui_tutorial.py
[2026-02-02T14:38:13.549+0000] {logging_mixin.py:188} INFO - [2026-02-02T14:38:13.549+0000] {dag.py:3036} INFO - Sync 1 DAGs
[2026-02-02T14:38:13.565+0000] {logging_mixin.py:188} INFO - [2026-02-02T14:38:13.564+0000] {dag.py:3823} INFO - Setting next_dagrun for example_params_ui_tutorial to None, run_after=None
[2026-02-02T14:38:13.586+0000] {processor.py:183} INFO - Processing /home/airflow/.local/lib/python3.8/site-packages/airflow/example_dags/example_params_ui_tutorial.py took 0.144 seconds
[2026-02-02T14:38:44.696+0000] {processor.py:161} INFO - Started process (PID=2064) to work on /home/airflow/.local/lib/python3.8/site-packages/airflow/example_dags/example_params_ui_tutorial.py
[2026-02-02T14:38:44.698+0000] {processor.py:830} INFO - Processing file /home/airflow/.local/lib/python3.8/site-packages/airflow/example_dags/example_params_ui_tutorial.py for tasks to queue
[2026-02-02T14:38:44.700+0000] {logging_mixin.py:188} INFO - [2026-02-02T14:38:44.699+0000] {dagbag.py:538} INFO - Filling up the DagBag from /home/airflow/.local/lib/python3.8/site-packages/airflow/example_dags/example_params_ui_tutorial.py
[2026-02-02T14:38:44.713+0000] {processor.py:840} INFO - DAG(s) 'example_params_ui_tutorial' retrieved from /home/airflow/.local/lib/python3.8/site-packages/airflow/example_dags/example_params_ui_tutorial.py
[2026-02-02T14:38:44.795+0000] {logging_mixin.py:188} INFO - [2026-02-02T14:38:44.794+0000] {dag.py:3036} INFO - Sync 1 DAGs
[2026-02-02T14:38:44.809+0000] {logging_mixin.py:188} INFO - [2026-02-02T14:38:44.808+0000] {dag.py:3823} INFO - Setting next_dagrun for example_params_ui_tutorial to None, run_after=None
[2026-02-02T14:38:44.826+0000] {processor.py:183} INFO - Processing /home/airflow/.local/lib/python3.8/site-packages/airflow/example_dags/example_params_ui_tutorial.py took 0.133 seconds
[2026-02-02T14:39:15.335+0000] {processor.py:161} INFO - Started process (PID=2119) to work on /home/airflow/.local/lib/python3.8/site-packages/airflow/example_dags/example_params_ui_tutorial.py
[2026-02-02T14:39:15.335+0000] {processor.py:830} INFO - Processing file /home/airflow/.local/lib/python3.8/site-packages/airflow/example_dags/example_params_ui_tutorial.py for tasks to queue
[2026-02-02T14:39:15.337+0000] {logging_mixin.py:188} INFO - [2026-02-02T14:39:15.337+0000] {dagbag.py:538} INFO - Filling up the DagBag from /home/airflow/.local/lib/python3.8/site-packages/airflow/example_dags/example_params_ui_tutorial.py
[2026-02-02T14:39:15.351+0000] {processor.py:840} INFO - DAG(s) 'example_params_ui_tutorial' retrieved from /home/airflow/.local/lib/python3.8/site-packages/airflow/example_dags/example_params_ui_tutorial.py
[2026-02-02T14:39:15.431+0000] {logging_mixin.py:188} INFO - [2026-02-02T14:39:15.430+0000] {dag.py:3036} INFO - Sync 1 DAGs
[2026-02-02T14:39:15.445+0000] {logging_mixin.py:188} INFO - [2026-02-02T14:39:15.445+0000] {dag.py:3823} INFO - Setting next_dagrun for example_params_ui_tutorial to None, run_after=None
[2026-02-02T14:39:15.467+0000] {processor.py:183} INFO - Processing /home/airflow/.local/lib/python3.8/site-packages/airflow/example_dags/example_params_ui_tutorial.py took 0.136 seconds
[2026-02-02T14:39:45.685+0000] {processor.py:161} INFO - Started process (PID=2174) to work on /home/airflow/.local/lib/python3.8/site-packages/airflow/example_dags/example_params_ui_tutorial.py
[2026-02-02T14:39:45.690+0000] {processor.py:830} INFO - Processing file /home/airflow/.local/lib/python3.8/site-packages/airflow/example_dags/example_params_ui_tutorial.py for tasks to queue
[2026-02-02T14:39:45.702+0000] {logging_mixin.py:188} INFO - [2026-02-02T14:39:45.702+0000] {dagbag.py:538} INFO - Filling up the DagBag from /home/airflow/.local/lib/python3.8/site-packages/airflow/example_dags/example_params_ui_tutorial.py
[2026-02-02T14:39:45.759+0000] {processor.py:840} INFO - DAG(s) 'example_params_ui_tutorial' retrieved from /home/airflow/.local/lib/python3.8/site-packages/airflow/example_dags/example_params_ui_tutorial.py
[2026-02-02T14:39:46.010+0000] {logging_mixin.py:188} INFO - [2026-02-02T14:39:46.010+0000] {dag.py:3036} INFO - Sync 1 DAGs
[2026-02-02T14:39:46.055+0000] {logging_mixin.py:188} INFO - [2026-02-02T14:39:46.055+0000] {dag.py:3823} INFO - Setting next_dagrun for example_params_ui_tutorial to None, run_after=None
[2026-02-02T14:39:46.099+0000] {processor.py:183} INFO - Processing /home/airflow/.local/lib/python3.8/site-packages/airflow/example_dags/example_params_ui_tutorial.py took 0.457 seconds
[2026-02-02T14:40:16.549+0000] {processor.py:161} INFO - Started process (PID=2228) to work on /home/airflow/.local/lib/python3.8/site-packages/airflow/example_dags/example_params_ui_tutorial.py
[2026-02-02T14:40:16.550+0000] {processor.py:830} INFO - Processing file /home/airflow/.local/lib/python3.8/site-packages/airflow/example_dags/example_params_ui_tutorial.py for tasks to queue
[2026-02-02T14:40:16.552+0000] {logging_mixin.py:188} INFO - [2026-02-02T14:40:16.551+0000] {dagbag.py:538} INFO - Filling up the DagBag from /home/airflow/.local/lib/python3.8/site-packages/airflow/example_dags/example_params_ui_tutorial.py
[2026-02-02T14:40:16.565+0000] {processor.py:840} INFO - DAG(s) 'example_params_ui_tutorial' retrieved from /home/airflow/.local/lib/python3.8/site-packages/airflow/example_dags/example_params_ui_tutorial.py
[2026-02-02T14:40:16.643+0000] {logging_mixin.py:188} INFO - [2026-02-02T14:40:16.643+0000] {dag.py:3036} INFO - Sync 1 DAGs
[2026-02-02T14:40:16.656+0000] {logging_mixin.py:188} INFO - [2026-02-02T14:40:16.656+0000] {dag.py:3823} INFO - Setting next_dagrun for example_params_ui_tutorial to None, run_after=None
[2026-02-02T14:40:16.673+0000] {processor.py:183} INFO - Processing /home/airflow/.local/lib/python3.8/site-packages/airflow/example_dags/example_params_ui_tutorial.py took 0.128 seconds
[2026-02-02T14:40:46.955+0000] {processor.py:161} INFO - Started process (PID=2283) to work on /home/airflow/.local/lib/python3.8/site-packages/airflow/example_dags/example_params_ui_tutorial.py
[2026-02-02T14:40:46.956+0000] {processor.py:830} INFO - Processing file /home/airflow/.local/lib/python3.8/site-packages/airflow/example_dags/example_params_ui_tutorial.py for tasks to queue
[2026-02-02T14:40:46.959+0000] {logging_mixin.py:188} INFO - [2026-02-02T14:40:46.958+0000] {dagbag.py:538} INFO - Filling up the DagBag from /home/airflow/.local/lib/python3.8/site-packages/airflow/example_dags/example_params_ui_tutorial.py
[2026-02-02T14:40:46.972+0000] {processor.py:840} INFO - DAG(s) 'example_params_ui_tutorial' retrieved from /home/airflow/.local/lib/python3.8/site-packages/airflow/example_dags/example_params_ui_tutorial.py
[2026-02-02T14:40:47.069+0000] {logging_mixin.py:188} INFO - [2026-02-02T14:40:47.068+0000] {dag.py:3036} INFO - Sync 1 DAGs
[2026-02-02T14:40:47.096+0000] {logging_mixin.py:188} INFO - [2026-02-02T14:40:47.095+0000] {dag.py:3823} INFO - Setting next_dagrun for example_params_ui_tutorial to None, run_after=None
[2026-02-02T14:40:47.117+0000] {processor.py:183} INFO - Processing /home/airflow/.local/lib/python3.8/site-packages/airflow/example_dags/example_params_ui_tutorial.py took 0.166 seconds
[2026-02-02T14:41:18.129+0000] {processor.py:161} INFO - Started process (PID=2339) to work on /home/airflow/.local/lib/python3.8/site-packages/airflow/example_dags/example_params_ui_tutorial.py
[2026-02-02T14:41:18.130+0000] {processor.py:830} INFO - Processing file /home/airflow/.local/lib/python3.8/site-packages/airflow/example_dags/example_params_ui_tutorial.py for tasks to queue
[2026-02-02T14:41:18.132+0000] {logging_mixin.py:188} INFO - [2026-02-02T14:41:18.132+0000] {dagbag.py:538} INFO - Filling up the DagBag from /home/airflow/.local/lib/python3.8/site-packages/airflow/example_dags/example_params_ui_tutorial.py
[2026-02-02T14:41:18.147+0000] {processor.py:840} INFO - DAG(s) 'example_params_ui_tutorial' retrieved from /home/airflow/.local/lib/python3.8/site-packages/airflow/example_dags/example_params_ui_tutorial.py
[2026-02-02T14:41:18.239+0000] {logging_mixin.py:188} INFO - [2026-02-02T14:41:18.238+0000] {dag.py:3036} INFO - Sync 1 DAGs
[2026-02-02T14:41:18.252+0000] {logging_mixin.py:188} INFO - [2026-02-02T14:41:18.252+0000] {dag.py:3823} INFO - Setting next_dagrun for example_params_ui_tutorial to None, run_after=None
[2026-02-02T14:41:18.271+0000] {processor.py:183} INFO - Processing /home/airflow/.local/lib/python3.8/site-packages/airflow/example_dags/example_params_ui_tutorial.py took 0.147 seconds
[2026-02-02T14:41:49.304+0000] {processor.py:161} INFO - Started process (PID=2394) to work on /home/airflow/.local/lib/python3.8/site-packages/airflow/example_dags/example_params_ui_tutorial.py
[2026-02-02T14:41:49.307+0000] {processor.py:830} INFO - Processing file /home/airflow/.local/lib/python3.8/site-packages/airflow/example_dags/example_params_ui_tutorial.py for tasks to queue
[2026-02-02T14:41:49.310+0000] {logging_mixin.py:188} INFO - [2026-02-02T14:41:49.310+0000] {dagbag.py:538} INFO - Filling up the DagBag from /home/airflow/.local/lib/python3.8/site-packages/airflow/example_dags/example_params_ui_tutorial.py
[2026-02-02T14:41:49.339+0000] {processor.py:840} INFO - DAG(s) 'example_params_ui_tutorial' retrieved from /home/airflow/.local/lib/python3.8/site-packages/airflow/example_dags/example_params_ui_tutorial.py
[2026-02-02T14:41:49.534+0000] {logging_mixin.py:188} INFO - [2026-02-02T14:41:49.534+0000] {dag.py:3036} INFO - Sync 1 DAGs
[2026-02-02T14:41:49.564+0000] {logging_mixin.py:188} INFO - [2026-02-02T14:41:49.560+0000] {dag.py:3823} INFO - Setting next_dagrun for example_params_ui_tutorial to None, run_after=None
[2026-02-02T14:41:49.605+0000] {processor.py:183} INFO - Processing /home/airflow/.local/lib/python3.8/site-packages/airflow/example_dags/example_params_ui_tutorial.py took 0.308 seconds
[2026-02-02T14:42:19.655+0000] {processor.py:161} INFO - Started process (PID=2448) to work on /home/airflow/.local/lib/python3.8/site-packages/airflow/example_dags/example_params_ui_tutorial.py
[2026-02-02T14:42:19.656+0000] {processor.py:830} INFO - Processing file /home/airflow/.local/lib/python3.8/site-packages/airflow/example_dags/example_params_ui_tutorial.py for tasks to queue
[2026-02-02T14:42:19.658+0000] {logging_mixin.py:188} INFO - [2026-02-02T14:42:19.657+0000] {dagbag.py:538} INFO - Filling up the DagBag from /home/airflow/.local/lib/python3.8/site-packages/airflow/example_dags/example_params_ui_tutorial.py
[2026-02-02T14:42:19.700+0000] {processor.py:840} INFO - DAG(s) 'example_params_ui_tutorial' retrieved from /home/airflow/.local/lib/python3.8/site-packages/airflow/example_dags/example_params_ui_tutorial.py
[2026-02-02T14:42:19.784+0000] {logging_mixin.py:188} INFO - [2026-02-02T14:42:19.784+0000] {dag.py:3036} INFO - Sync 1 DAGs
[2026-02-02T14:42:19.794+0000] {logging_mixin.py:188} INFO - [2026-02-02T14:42:19.794+0000] {dag.py:3823} INFO - Setting next_dagrun for example_params_ui_tutorial to None, run_after=None
[2026-02-02T14:42:19.808+0000] {processor.py:183} INFO - Processing /home/airflow/.local/lib/python3.8/site-packages/airflow/example_dags/example_params_ui_tutorial.py took 0.157 seconds
[2026-02-02T14:42:50.482+0000] {processor.py:161} INFO - Started process (PID=2504) to work on /home/airflow/.local/lib/python3.8/site-packages/airflow/example_dags/example_params_ui_tutorial.py
[2026-02-02T14:42:50.485+0000] {processor.py:830} INFO - Processing file /home/airflow/.local/lib/python3.8/site-packages/airflow/example_dags/example_params_ui_tutorial.py for tasks to queue
[2026-02-02T14:42:50.487+0000] {logging_mixin.py:188} INFO - [2026-02-02T14:42:50.487+0000] {dagbag.py:538} INFO - Filling up the DagBag from /home/airflow/.local/lib/python3.8/site-packages/airflow/example_dags/example_params_ui_tutorial.py
[2026-02-02T14:42:50.500+0000] {processor.py:840} INFO - DAG(s) 'example_params_ui_tutorial' retrieved from /home/airflow/.local/lib/python3.8/site-packages/airflow/example_dags/example_params_ui_tutorial.py
[2026-02-02T14:42:50.574+0000] {logging_mixin.py:188} INFO - [2026-02-02T14:42:50.574+0000] {dag.py:3036} INFO - Sync 1 DAGs
[2026-02-02T14:42:50.587+0000] {logging_mixin.py:188} INFO - [2026-02-02T14:42:50.587+0000] {dag.py:3823} INFO - Setting next_dagrun for example_params_ui_tutorial to None, run_after=None
[2026-02-02T14:42:50.604+0000] {processor.py:183} INFO - Processing /home/airflow/.local/lib/python3.8/site-packages/airflow/example_dags/example_params_ui_tutorial.py took 0.126 seconds
[2026-02-02T14:43:20.694+0000] {processor.py:161} INFO - Started process (PID=2557) to work on /home/airflow/.local/lib/python3.8/site-packages/airflow/example_dags/example_params_ui_tutorial.py
[2026-02-02T14:43:20.695+0000] {processor.py:830} INFO - Processing file /home/airflow/.local/lib/python3.8/site-packages/airflow/example_dags/example_params_ui_tutorial.py for tasks to queue
[2026-02-02T14:43:20.697+0000] {logging_mixin.py:188} INFO - [2026-02-02T14:43:20.697+0000] {dagbag.py:538} INFO - Filling up the DagBag from /home/airflow/.local/lib/python3.8/site-packages/airflow/example_dags/example_params_ui_tutorial.py
[2026-02-02T14:43:20.711+0000] {processor.py:840} INFO - DAG(s) 'example_params_ui_tutorial' retrieved from /home/airflow/.local/lib/python3.8/site-packages/airflow/example_dags/example_params_ui_tutorial.py
[2026-02-02T14:43:20.797+0000] {logging_mixin.py:188} INFO - [2026-02-02T14:43:20.797+0000] {dag.py:3036} INFO - Sync 1 DAGs
[2026-02-02T14:43:20.814+0000] {logging_mixin.py:188} INFO - [2026-02-02T14:43:20.814+0000] {dag.py:3823} INFO - Setting next_dagrun for example_params_ui_tutorial to None, run_after=None
[2026-02-02T14:43:20.829+0000] {processor.py:183} INFO - Processing /home/airflow/.local/lib/python3.8/site-packages/airflow/example_dags/example_params_ui_tutorial.py took 0.139 seconds
[2026-02-02T14:43:51.687+0000] {processor.py:161} INFO - Started process (PID=2613) to work on /home/airflow/.local/lib/python3.8/site-packages/airflow/example_dags/example_params_ui_tutorial.py
[2026-02-02T14:43:51.688+0000] {processor.py:830} INFO - Processing file /home/airflow/.local/lib/python3.8/site-packages/airflow/example_dags/example_params_ui_tutorial.py for tasks to queue
[2026-02-02T14:43:51.690+0000] {logging_mixin.py:188} INFO - [2026-02-02T14:43:51.690+0000] {dagbag.py:538} INFO - Filling up the DagBag from /home/airflow/.local/lib/python3.8/site-packages/airflow/example_dags/example_params_ui_tutorial.py
[2026-02-02T14:43:51.704+0000] {processor.py:840} INFO - DAG(s) 'example_params_ui_tutorial' retrieved from /home/airflow/.local/lib/python3.8/site-packages/airflow/example_dags/example_params_ui_tutorial.py
[2026-02-02T14:43:51.786+0000] {logging_mixin.py:188} INFO - [2026-02-02T14:43:51.786+0000] {dag.py:3036} INFO - Sync 1 DAGs
[2026-02-02T14:43:52.034+0000] {logging_mixin.py:188} INFO - [2026-02-02T14:43:52.034+0000] {dag.py:3823} INFO - Setting next_dagrun for example_params_ui_tutorial to None, run_after=None
[2026-02-02T14:43:52.070+0000] {processor.py:183} INFO - Processing /home/airflow/.local/lib/python3.8/site-packages/airflow/example_dags/example_params_ui_tutorial.py took 0.387 seconds
[2026-02-02T14:44:22.288+0000] {processor.py:161} INFO - Started process (PID=2668) to work on /home/airflow/.local/lib/python3.8/site-packages/airflow/example_dags/example_params_ui_tutorial.py
[2026-02-02T14:44:22.289+0000] {processor.py:830} INFO - Processing file /home/airflow/.local/lib/python3.8/site-packages/airflow/example_dags/example_params_ui_tutorial.py for tasks to queue
[2026-02-02T14:44:22.291+0000] {logging_mixin.py:188} INFO - [2026-02-02T14:44:22.291+0000] {dagbag.py:538} INFO - Filling up the DagBag from /home/airflow/.local/lib/python3.8/site-packages/airflow/example_dags/example_params_ui_tutorial.py
[2026-02-02T14:44:22.308+0000] {processor.py:840} INFO - DAG(s) 'example_params_ui_tutorial' retrieved from /home/airflow/.local/lib/python3.8/site-packages/airflow/example_dags/example_params_ui_tutorial.py
[2026-02-02T14:44:22.420+0000] {logging_mixin.py:188} INFO - [2026-02-02T14:44:22.420+0000] {dag.py:3036} INFO - Sync 1 DAGs
[2026-02-02T14:44:22.609+0000] {logging_mixin.py:188} INFO - [2026-02-02T14:44:22.609+0000] {dag.py:3823} INFO - Setting next_dagrun for example_params_ui_tutorial to None, run_after=None
[2026-02-02T14:44:22.627+0000] {processor.py:183} INFO - Processing /home/airflow/.local/lib/python3.8/site-packages/airflow/example_dags/example_params_ui_tutorial.py took 0.349 seconds
[2026-02-02T14:44:53.637+0000] {processor.py:161} INFO - Started process (PID=2723) to work on /home/airflow/.local/lib/python3.8/site-packages/airflow/example_dags/example_params_ui_tutorial.py
[2026-02-02T14:44:53.639+0000] {processor.py:830} INFO - Processing file /home/airflow/.local/lib/python3.8/site-packages/airflow/example_dags/example_params_ui_tutorial.py for tasks to queue
[2026-02-02T14:44:53.641+0000] {logging_mixin.py:188} INFO - [2026-02-02T14:44:53.641+0000] {dagbag.py:538} INFO - Filling up the DagBag from /home/airflow/.local/lib/python3.8/site-packages/airflow/example_dags/example_params_ui_tutorial.py
[2026-02-02T14:44:53.655+0000] {processor.py:840} INFO - DAG(s) 'example_params_ui_tutorial' retrieved from /home/airflow/.local/lib/python3.8/site-packages/airflow/example_dags/example_params_ui_tutorial.py
[2026-02-02T14:44:53.741+0000] {logging_mixin.py:188} INFO - [2026-02-02T14:44:53.741+0000] {dag.py:3036} INFO - Sync 1 DAGs
[2026-02-02T14:44:53.756+0000] {logging_mixin.py:188} INFO - [2026-02-02T14:44:53.756+0000] {dag.py:3823} INFO - Setting next_dagrun for example_params_ui_tutorial to None, run_after=None
[2026-02-02T14:44:53.776+0000] {processor.py:183} INFO - Processing /home/airflow/.local/lib/python3.8/site-packages/airflow/example_dags/example_params_ui_tutorial.py took 0.146 seconds
[2026-02-02T14:45:24.341+0000] {processor.py:161} INFO - Started process (PID=2780) to work on /home/airflow/.local/lib/python3.8/site-packages/airflow/example_dags/example_params_ui_tutorial.py
[2026-02-02T14:45:24.342+0000] {processor.py:830} INFO - Processing file /home/airflow/.local/lib/python3.8/site-packages/airflow/example_dags/example_params_ui_tutorial.py for tasks to queue
[2026-02-02T14:45:24.345+0000] {logging_mixin.py:188} INFO - [2026-02-02T14:45:24.345+0000] {dagbag.py:538} INFO - Filling up the DagBag from /home/airflow/.local/lib/python3.8/site-packages/airflow/example_dags/example_params_ui_tutorial.py
[2026-02-02T14:45:24.359+0000] {processor.py:840} INFO - DAG(s) 'example_params_ui_tutorial' retrieved from /home/airflow/.local/lib/python3.8/site-packages/airflow/example_dags/example_params_ui_tutorial.py
[2026-02-02T14:45:24.440+0000] {logging_mixin.py:188} INFO - [2026-02-02T14:45:24.440+0000] {dag.py:3036} INFO - Sync 1 DAGs
[2026-02-02T14:45:24.455+0000] {logging_mixin.py:188} INFO - [2026-02-02T14:45:24.454+0000] {dag.py:3823} INFO - Setting next_dagrun for example_params_ui_tutorial to None, run_after=None
[2026-02-02T14:45:24.473+0000] {processor.py:183} INFO - Processing /home/airflow/.local/lib/python3.8/site-packages/airflow/example_dags/example_params_ui_tutorial.py took 0.138 seconds
[2026-02-02T14:45:54.656+0000] {processor.py:161} INFO - Started process (PID=2835) to work on /home/airflow/.local/lib/python3.8/site-packages/airflow/example_dags/example_params_ui_tutorial.py
[2026-02-02T14:45:54.657+0000] {processor.py:830} INFO - Processing file /home/airflow/.local/lib/python3.8/site-packages/airflow/example_dags/example_params_ui_tutorial.py for tasks to queue
[2026-02-02T14:45:54.664+0000] {logging_mixin.py:188} INFO - [2026-02-02T14:45:54.663+0000] {dagbag.py:538} INFO - Filling up the DagBag from /home/airflow/.local/lib/python3.8/site-packages/airflow/example_dags/example_params_ui_tutorial.py
[2026-02-02T14:45:54.683+0000] {processor.py:840} INFO - DAG(s) 'example_params_ui_tutorial' retrieved from /home/airflow/.local/lib/python3.8/site-packages/airflow/example_dags/example_params_ui_tutorial.py
[2026-02-02T14:45:54.764+0000] {logging_mixin.py:188} INFO - [2026-02-02T14:45:54.764+0000] {dag.py:3036} INFO - Sync 1 DAGs
[2026-02-02T14:45:54.778+0000] {logging_mixin.py:188} INFO - [2026-02-02T14:45:54.778+0000] {dag.py:3823} INFO - Setting next_dagrun for example_params_ui_tutorial to None, run_after=None
[2026-02-02T14:45:54.796+0000] {processor.py:183} INFO - Processing /home/airflow/.local/lib/python3.8/site-packages/airflow/example_dags/example_params_ui_tutorial.py took 0.148 seconds
[2026-02-02T14:46:24.909+0000] {processor.py:161} INFO - Started process (PID=2890) to work on /home/airflow/.local/lib/python3.8/site-packages/airflow/example_dags/example_params_ui_tutorial.py
[2026-02-02T14:46:24.909+0000] {processor.py:830} INFO - Processing file /home/airflow/.local/lib/python3.8/site-packages/airflow/example_dags/example_params_ui_tutorial.py for tasks to queue
[2026-02-02T14:46:24.911+0000] {logging_mixin.py:188} INFO - [2026-02-02T14:46:24.911+0000] {dagbag.py:538} INFO - Filling up the DagBag from /home/airflow/.local/lib/python3.8/site-packages/airflow/example_dags/example_params_ui_tutorial.py
[2026-02-02T14:46:24.925+0000] {processor.py:840} INFO - DAG(s) 'example_params_ui_tutorial' retrieved from /home/airflow/.local/lib/python3.8/site-packages/airflow/example_dags/example_params_ui_tutorial.py
[2026-02-02T14:46:25.016+0000] {logging_mixin.py:188} INFO - [2026-02-02T14:46:25.015+0000] {dag.py:3036} INFO - Sync 1 DAGs
[2026-02-02T14:46:25.028+0000] {logging_mixin.py:188} INFO - [2026-02-02T14:46:25.028+0000] {dag.py:3823} INFO - Setting next_dagrun for example_params_ui_tutorial to None, run_after=None
[2026-02-02T14:46:25.046+0000] {processor.py:183} INFO - Processing /home/airflow/.local/lib/python3.8/site-packages/airflow/example_dags/example_params_ui_tutorial.py took 0.141 seconds
[2026-02-02T14:46:55.172+0000] {processor.py:161} INFO - Started process (PID=2946) to work on /home/airflow/.local/lib/python3.8/site-packages/airflow/example_dags/example_params_ui_tutorial.py
[2026-02-02T14:46:55.172+0000] {processor.py:830} INFO - Processing file /home/airflow/.local/lib/python3.8/site-packages/airflow/example_dags/example_params_ui_tutorial.py for tasks to queue
[2026-02-02T14:46:55.174+0000] {logging_mixin.py:188} INFO - [2026-02-02T14:46:55.174+0000] {dagbag.py:538} INFO - Filling up the DagBag from /home/airflow/.local/lib/python3.8/site-packages/airflow/example_dags/example_params_ui_tutorial.py
[2026-02-02T14:46:55.188+0000] {processor.py:840} INFO - DAG(s) 'example_params_ui_tutorial' retrieved from /home/airflow/.local/lib/python3.8/site-packages/airflow/example_dags/example_params_ui_tutorial.py
[2026-02-02T14:46:55.326+0000] {logging_mixin.py:188} INFO - [2026-02-02T14:46:55.326+0000] {dag.py:3036} INFO - Sync 1 DAGs
[2026-02-02T14:46:55.341+0000] {logging_mixin.py:188} INFO - [2026-02-02T14:46:55.340+0000] {dag.py:3823} INFO - Setting next_dagrun for example_params_ui_tutorial to None, run_after=None
[2026-02-02T14:46:55.359+0000] {processor.py:183} INFO - Processing /home/airflow/.local/lib/python3.8/site-packages/airflow/example_dags/example_params_ui_tutorial.py took 0.191 seconds
[2026-02-02T14:47:26.230+0000] {processor.py:161} INFO - Started process (PID=3003) to work on /home/airflow/.local/lib/python3.8/site-packages/airflow/example_dags/example_params_ui_tutorial.py
[2026-02-02T14:47:26.231+0000] {processor.py:830} INFO - Processing file /home/airflow/.local/lib/python3.8/site-packages/airflow/example_dags/example_params_ui_tutorial.py for tasks to queue
[2026-02-02T14:47:26.233+0000] {logging_mixin.py:188} INFO - [2026-02-02T14:47:26.232+0000] {dagbag.py:538} INFO - Filling up the DagBag from /home/airflow/.local/lib/python3.8/site-packages/airflow/example_dags/example_params_ui_tutorial.py
[2026-02-02T14:47:26.247+0000] {processor.py:840} INFO - DAG(s) 'example_params_ui_tutorial' retrieved from /home/airflow/.local/lib/python3.8/site-packages/airflow/example_dags/example_params_ui_tutorial.py
[2026-02-02T14:47:26.329+0000] {logging_mixin.py:188} INFO - [2026-02-02T14:47:26.329+0000] {dag.py:3036} INFO - Sync 1 DAGs
[2026-02-02T14:47:26.344+0000] {logging_mixin.py:188} INFO - [2026-02-02T14:47:26.343+0000] {dag.py:3823} INFO - Setting next_dagrun for example_params_ui_tutorial to None, run_after=None
[2026-02-02T14:47:26.363+0000] {processor.py:183} INFO - Processing /home/airflow/.local/lib/python3.8/site-packages/airflow/example_dags/example_params_ui_tutorial.py took 0.136 seconds
[2026-02-02T14:47:56.987+0000] {processor.py:161} INFO - Started process (PID=3060) to work on /home/airflow/.local/lib/python3.8/site-packages/airflow/example_dags/example_params_ui_tutorial.py
[2026-02-02T14:47:56.992+0000] {processor.py:830} INFO - Processing file /home/airflow/.local/lib/python3.8/site-packages/airflow/example_dags/example_params_ui_tutorial.py for tasks to queue
[2026-02-02T14:47:56.996+0000] {logging_mixin.py:188} INFO - [2026-02-02T14:47:56.995+0000] {dagbag.py:538} INFO - Filling up the DagBag from /home/airflow/.local/lib/python3.8/site-packages/airflow/example_dags/example_params_ui_tutorial.py
[2026-02-02T14:47:57.022+0000] {processor.py:840} INFO - DAG(s) 'example_params_ui_tutorial' retrieved from /home/airflow/.local/lib/python3.8/site-packages/airflow/example_dags/example_params_ui_tutorial.py
[2026-02-02T14:47:57.231+0000] {logging_mixin.py:188} INFO - [2026-02-02T14:47:57.231+0000] {dag.py:3036} INFO - Sync 1 DAGs
[2026-02-02T14:47:57.267+0000] {logging_mixin.py:188} INFO - [2026-02-02T14:47:57.267+0000] {dag.py:3823} INFO - Setting next_dagrun for example_params_ui_tutorial to None, run_after=None
[2026-02-02T14:47:57.314+0000] {processor.py:183} INFO - Processing /home/airflow/.local/lib/python3.8/site-packages/airflow/example_dags/example_params_ui_tutorial.py took 0.342 seconds
[2026-02-02T14:48:27.408+0000] {processor.py:161} INFO - Started process (PID=3116) to work on /home/airflow/.local/lib/python3.8/site-packages/airflow/example_dags/example_params_ui_tutorial.py
[2026-02-02T14:48:27.408+0000] {processor.py:830} INFO - Processing file /home/airflow/.local/lib/python3.8/site-packages/airflow/example_dags/example_params_ui_tutorial.py for tasks to queue
[2026-02-02T14:48:27.410+0000] {logging_mixin.py:188} INFO - [2026-02-02T14:48:27.410+0000] {dagbag.py:538} INFO - Filling up the DagBag from /home/airflow/.local/lib/python3.8/site-packages/airflow/example_dags/example_params_ui_tutorial.py
[2026-02-02T14:48:27.436+0000] {processor.py:840} INFO - DAG(s) 'example_params_ui_tutorial' retrieved from /home/airflow/.local/lib/python3.8/site-packages/airflow/example_dags/example_params_ui_tutorial.py
[2026-02-02T14:48:27.563+0000] {logging_mixin.py:188} INFO - [2026-02-02T14:48:27.562+0000] {dag.py:3036} INFO - Sync 1 DAGs
[2026-02-02T14:48:27.581+0000] {logging_mixin.py:188} INFO - [2026-02-02T14:48:27.581+0000] {dag.py:3823} INFO - Setting next_dagrun for example_params_ui_tutorial to None, run_after=None
[2026-02-02T14:48:27.603+0000] {processor.py:183} INFO - Processing /home/airflow/.local/lib/python3.8/site-packages/airflow/example_dags/example_params_ui_tutorial.py took 0.199 seconds
[2026-02-02T14:48:57.853+0000] {processor.py:161} INFO - Started process (PID=3171) to work on /home/airflow/.local/lib/python3.8/site-packages/airflow/example_dags/example_params_ui_tutorial.py
[2026-02-02T14:48:57.855+0000] {processor.py:830} INFO - Processing file /home/airflow/.local/lib/python3.8/site-packages/airflow/example_dags/example_params_ui_tutorial.py for tasks to queue
[2026-02-02T14:48:57.857+0000] {logging_mixin.py:188} INFO - [2026-02-02T14:48:57.856+0000] {dagbag.py:538} INFO - Filling up the DagBag from /home/airflow/.local/lib/python3.8/site-packages/airflow/example_dags/example_params_ui_tutorial.py
[2026-02-02T14:48:57.881+0000] {processor.py:840} INFO - DAG(s) 'example_params_ui_tutorial' retrieved from /home/airflow/.local/lib/python3.8/site-packages/airflow/example_dags/example_params_ui_tutorial.py
[2026-02-02T14:48:57.968+0000] {logging_mixin.py:188} INFO - [2026-02-02T14:48:57.968+0000] {dag.py:3036} INFO - Sync 1 DAGs
[2026-02-02T14:48:57.983+0000] {logging_mixin.py:188} INFO - [2026-02-02T14:48:57.983+0000] {dag.py:3823} INFO - Setting next_dagrun for example_params_ui_tutorial to None, run_after=None
[2026-02-02T14:48:58.002+0000] {processor.py:183} INFO - Processing /home/airflow/.local/lib/python3.8/site-packages/airflow/example_dags/example_params_ui_tutorial.py took 0.155 seconds
[2026-02-02T14:49:28.276+0000] {processor.py:161} INFO - Started process (PID=3227) to work on /home/airflow/.local/lib/python3.8/site-packages/airflow/example_dags/example_params_ui_tutorial.py
[2026-02-02T14:49:28.278+0000] {processor.py:830} INFO - Processing file /home/airflow/.local/lib/python3.8/site-packages/airflow/example_dags/example_params_ui_tutorial.py for tasks to queue
[2026-02-02T14:49:28.280+0000] {logging_mixin.py:188} INFO - [2026-02-02T14:49:28.280+0000] {dagbag.py:538} INFO - Filling up the DagBag from /home/airflow/.local/lib/python3.8/site-packages/airflow/example_dags/example_params_ui_tutorial.py
[2026-02-02T14:49:28.294+0000] {processor.py:840} INFO - DAG(s) 'example_params_ui_tutorial' retrieved from /home/airflow/.local/lib/python3.8/site-packages/airflow/example_dags/example_params_ui_tutorial.py
[2026-02-02T14:49:28.375+0000] {logging_mixin.py:188} INFO - [2026-02-02T14:49:28.374+0000] {dag.py:3036} INFO - Sync 1 DAGs
[2026-02-02T14:49:28.390+0000] {logging_mixin.py:188} INFO - [2026-02-02T14:49:28.389+0000] {dag.py:3823} INFO - Setting next_dagrun for example_params_ui_tutorial to None, run_after=None
[2026-02-02T14:49:28.408+0000] {processor.py:183} INFO - Processing /home/airflow/.local/lib/python3.8/site-packages/airflow/example_dags/example_params_ui_tutorial.py took 0.138 seconds
[2026-02-02T14:49:58.756+0000] {processor.py:161} INFO - Started process (PID=3283) to work on /home/airflow/.local/lib/python3.8/site-packages/airflow/example_dags/example_params_ui_tutorial.py
[2026-02-02T14:49:58.757+0000] {processor.py:830} INFO - Processing file /home/airflow/.local/lib/python3.8/site-packages/airflow/example_dags/example_params_ui_tutorial.py for tasks to queue
[2026-02-02T14:49:58.758+0000] {logging_mixin.py:188} INFO - [2026-02-02T14:49:58.758+0000] {dagbag.py:538} INFO - Filling up the DagBag from /home/airflow/.local/lib/python3.8/site-packages/airflow/example_dags/example_params_ui_tutorial.py
[2026-02-02T14:49:58.772+0000] {processor.py:840} INFO - DAG(s) 'example_params_ui_tutorial' retrieved from /home/airflow/.local/lib/python3.8/site-packages/airflow/example_dags/example_params_ui_tutorial.py
[2026-02-02T14:49:58.873+0000] {logging_mixin.py:188} INFO - [2026-02-02T14:49:58.873+0000] {dag.py:3036} INFO - Sync 1 DAGs
[2026-02-02T14:49:58.888+0000] {logging_mixin.py:188} INFO - [2026-02-02T14:49:58.888+0000] {dag.py:3823} INFO - Setting next_dagrun for example_params_ui_tutorial to None, run_after=None
[2026-02-02T14:49:58.911+0000] {processor.py:183} INFO - Processing /home/airflow/.local/lib/python3.8/site-packages/airflow/example_dags/example_params_ui_tutorial.py took 0.159 seconds
[2026-02-02T14:50:29.033+0000] {processor.py:161} INFO - Started process (PID=3338) to work on /home/airflow/.local/lib/python3.8/site-packages/airflow/example_dags/example_params_ui_tutorial.py
[2026-02-02T14:50:29.034+0000] {processor.py:830} INFO - Processing file /home/airflow/.local/lib/python3.8/site-packages/airflow/example_dags/example_params_ui_tutorial.py for tasks to queue
[2026-02-02T14:50:29.035+0000] {logging_mixin.py:188} INFO - [2026-02-02T14:50:29.035+0000] {dagbag.py:538} INFO - Filling up the DagBag from /home/airflow/.local/lib/python3.8/site-packages/airflow/example_dags/example_params_ui_tutorial.py
[2026-02-02T14:50:29.044+0000] {processor.py:840} INFO - DAG(s) 'example_params_ui_tutorial' retrieved from /home/airflow/.local/lib/python3.8/site-packages/airflow/example_dags/example_params_ui_tutorial.py
[2026-02-02T14:50:29.127+0000] {logging_mixin.py:188} INFO - [2026-02-02T14:50:29.127+0000] {dag.py:3036} INFO - Sync 1 DAGs
[2026-02-02T14:50:29.141+0000] {logging_mixin.py:188} INFO - [2026-02-02T14:50:29.140+0000] {dag.py:3823} INFO - Setting next_dagrun for example_params_ui_tutorial to None, run_after=None
[2026-02-02T14:50:29.158+0000] {processor.py:183} INFO - Processing /home/airflow/.local/lib/python3.8/site-packages/airflow/example_dags/example_params_ui_tutorial.py took 0.128 seconds
