[2026-02-02T14:20:29.266+0000] {processor.py:161} INFO - Started process (PID=95) to work on /home/airflow/.local/lib/python3.8/site-packages/airflow/example_dags/example_branch_python_dop_operator_3.py
[2026-02-02T14:20:29.270+0000] {processor.py:830} INFO - Processing file /home/airflow/.local/lib/python3.8/site-packages/airflow/example_dags/example_branch_python_dop_operator_3.py for tasks to queue
[2026-02-02T14:20:29.277+0000] {logging_mixin.py:188} INFO - [2026-02-02T14:20:29.277+0000] {dagbag.py:538} INFO - Filling up the DagBag from /home/airflow/.local/lib/python3.8/site-packages/airflow/example_dags/example_branch_python_dop_operator_3.py
[2026-02-02T14:20:29.328+0000] {processor.py:840} INFO - DAG(s) 'example_branch_dop_operator_v3' retrieved from /home/airflow/.local/lib/python3.8/site-packages/airflow/example_dags/example_branch_python_dop_operator_3.py
[2026-02-02T14:20:29.754+0000] {logging_mixin.py:188} INFO - [2026-02-02T14:20:29.754+0000] {override.py:1769} INFO - Created Permission View: can edit on DAG:example_branch_dop_operator_v3
[2026-02-02T14:20:29.809+0000] {logging_mixin.py:188} INFO - [2026-02-02T14:20:29.808+0000] {override.py:1769} INFO - Created Permission View: can delete on DAG:example_branch_dop_operator_v3
[2026-02-02T14:20:29.832+0000] {logging_mixin.py:188} INFO - [2026-02-02T14:20:29.831+0000] {override.py:1769} INFO - Created Permission View: can read on DAG:example_branch_dop_operator_v3
[2026-02-02T14:20:29.835+0000] {logging_mixin.py:188} INFO - [2026-02-02T14:20:29.834+0000] {dag.py:3036} INFO - Sync 1 DAGs
[2026-02-02T14:20:29.889+0000] {logging_mixin.py:188} INFO - [2026-02-02T14:20:29.889+0000] {dag.py:3058} INFO - Creating ORM DAG for example_branch_dop_operator_v3
[2026-02-02T14:20:29.957+0000] {logging_mixin.py:188} INFO - [2026-02-02T14:20:29.957+0000] {dag.py:3823} INFO - Setting next_dagrun for example_branch_dop_operator_v3 to 2026-02-02 14:19:00+00:00, run_after=2026-02-02 14:20:00+00:00
[2026-02-02T14:20:30.126+0000] {processor.py:183} INFO - Processing /home/airflow/.local/lib/python3.8/site-packages/airflow/example_dags/example_branch_python_dop_operator_3.py took 0.878 seconds
[2026-02-02T14:21:00.885+0000] {processor.py:161} INFO - Started process (PID=150) to work on /home/airflow/.local/lib/python3.8/site-packages/airflow/example_dags/example_branch_python_dop_operator_3.py
[2026-02-02T14:21:00.888+0000] {processor.py:830} INFO - Processing file /home/airflow/.local/lib/python3.8/site-packages/airflow/example_dags/example_branch_python_dop_operator_3.py for tasks to queue
[2026-02-02T14:21:00.890+0000] {logging_mixin.py:188} INFO - [2026-02-02T14:21:00.889+0000] {dagbag.py:538} INFO - Filling up the DagBag from /home/airflow/.local/lib/python3.8/site-packages/airflow/example_dags/example_branch_python_dop_operator_3.py
[2026-02-02T14:21:00.901+0000] {processor.py:840} INFO - DAG(s) 'example_branch_dop_operator_v3' retrieved from /home/airflow/.local/lib/python3.8/site-packages/airflow/example_dags/example_branch_python_dop_operator_3.py
[2026-02-02T14:21:00.923+0000] {logging_mixin.py:188} INFO - [2026-02-02T14:21:00.923+0000] {dag.py:3036} INFO - Sync 1 DAGs
[2026-02-02T14:21:00.959+0000] {logging_mixin.py:188} INFO - [2026-02-02T14:21:00.959+0000] {dag.py:3823} INFO - Setting next_dagrun for example_branch_dop_operator_v3 to 2026-02-02 14:20:00+00:00, run_after=2026-02-02 14:21:00+00:00
[2026-02-02T14:21:00.978+0000] {processor.py:183} INFO - Processing /home/airflow/.local/lib/python3.8/site-packages/airflow/example_dags/example_branch_python_dop_operator_3.py took 0.099 seconds
[2026-02-02T14:21:31.667+0000] {processor.py:161} INFO - Started process (PID=205) to work on /home/airflow/.local/lib/python3.8/site-packages/airflow/example_dags/example_branch_python_dop_operator_3.py
[2026-02-02T14:21:31.668+0000] {processor.py:830} INFO - Processing file /home/airflow/.local/lib/python3.8/site-packages/airflow/example_dags/example_branch_python_dop_operator_3.py for tasks to queue
[2026-02-02T14:21:31.670+0000] {logging_mixin.py:188} INFO - [2026-02-02T14:21:31.670+0000] {dagbag.py:538} INFO - Filling up the DagBag from /home/airflow/.local/lib/python3.8/site-packages/airflow/example_dags/example_branch_python_dop_operator_3.py
[2026-02-02T14:21:31.681+0000] {processor.py:840} INFO - DAG(s) 'example_branch_dop_operator_v3' retrieved from /home/airflow/.local/lib/python3.8/site-packages/airflow/example_dags/example_branch_python_dop_operator_3.py
[2026-02-02T14:21:31.704+0000] {logging_mixin.py:188} INFO - [2026-02-02T14:21:31.704+0000] {dag.py:3036} INFO - Sync 1 DAGs
[2026-02-02T14:21:31.741+0000] {logging_mixin.py:188} INFO - [2026-02-02T14:21:31.740+0000] {dag.py:3823} INFO - Setting next_dagrun for example_branch_dop_operator_v3 to 2026-02-02 14:20:00+00:00, run_after=2026-02-02 14:21:00+00:00
[2026-02-02T14:21:31.761+0000] {processor.py:183} INFO - Processing /home/airflow/.local/lib/python3.8/site-packages/airflow/example_dags/example_branch_python_dop_operator_3.py took 0.097 seconds
[2026-02-02T14:22:02.040+0000] {processor.py:161} INFO - Started process (PID=260) to work on /home/airflow/.local/lib/python3.8/site-packages/airflow/example_dags/example_branch_python_dop_operator_3.py
[2026-02-02T14:22:02.041+0000] {processor.py:830} INFO - Processing file /home/airflow/.local/lib/python3.8/site-packages/airflow/example_dags/example_branch_python_dop_operator_3.py for tasks to queue
[2026-02-02T14:22:02.042+0000] {logging_mixin.py:188} INFO - [2026-02-02T14:22:02.042+0000] {dagbag.py:538} INFO - Filling up the DagBag from /home/airflow/.local/lib/python3.8/site-packages/airflow/example_dags/example_branch_python_dop_operator_3.py
[2026-02-02T14:22:02.053+0000] {processor.py:840} INFO - DAG(s) 'example_branch_dop_operator_v3' retrieved from /home/airflow/.local/lib/python3.8/site-packages/airflow/example_dags/example_branch_python_dop_operator_3.py
[2026-02-02T14:22:02.114+0000] {logging_mixin.py:188} INFO - [2026-02-02T14:22:02.114+0000] {dag.py:3036} INFO - Sync 1 DAGs
[2026-02-02T14:22:02.151+0000] {logging_mixin.py:188} INFO - [2026-02-02T14:22:02.150+0000] {dag.py:3823} INFO - Setting next_dagrun for example_branch_dop_operator_v3 to 2026-02-02 14:21:00+00:00, run_after=2026-02-02 14:22:00+00:00
[2026-02-02T14:22:02.171+0000] {processor.py:183} INFO - Processing /home/airflow/.local/lib/python3.8/site-packages/airflow/example_dags/example_branch_python_dop_operator_3.py took 0.135 seconds
[2026-02-02T14:22:32.698+0000] {processor.py:161} INFO - Started process (PID=315) to work on /home/airflow/.local/lib/python3.8/site-packages/airflow/example_dags/example_branch_python_dop_operator_3.py
[2026-02-02T14:22:32.699+0000] {processor.py:830} INFO - Processing file /home/airflow/.local/lib/python3.8/site-packages/airflow/example_dags/example_branch_python_dop_operator_3.py for tasks to queue
[2026-02-02T14:22:32.701+0000] {logging_mixin.py:188} INFO - [2026-02-02T14:22:32.701+0000] {dagbag.py:538} INFO - Filling up the DagBag from /home/airflow/.local/lib/python3.8/site-packages/airflow/example_dags/example_branch_python_dop_operator_3.py
[2026-02-02T14:22:32.712+0000] {processor.py:840} INFO - DAG(s) 'example_branch_dop_operator_v3' retrieved from /home/airflow/.local/lib/python3.8/site-packages/airflow/example_dags/example_branch_python_dop_operator_3.py
[2026-02-02T14:22:32.734+0000] {logging_mixin.py:188} INFO - [2026-02-02T14:22:32.734+0000] {dag.py:3036} INFO - Sync 1 DAGs
[2026-02-02T14:22:32.784+0000] {logging_mixin.py:188} INFO - [2026-02-02T14:22:32.783+0000] {dag.py:3823} INFO - Setting next_dagrun for example_branch_dop_operator_v3 to 2026-02-02 14:21:00+00:00, run_after=2026-02-02 14:22:00+00:00
[2026-02-02T14:22:32.803+0000] {processor.py:183} INFO - Processing /home/airflow/.local/lib/python3.8/site-packages/airflow/example_dags/example_branch_python_dop_operator_3.py took 0.109 seconds
[2026-02-02T14:23:03.216+0000] {processor.py:161} INFO - Started process (PID=370) to work on /home/airflow/.local/lib/python3.8/site-packages/airflow/example_dags/example_branch_python_dop_operator_3.py
[2026-02-02T14:23:03.217+0000] {processor.py:830} INFO - Processing file /home/airflow/.local/lib/python3.8/site-packages/airflow/example_dags/example_branch_python_dop_operator_3.py for tasks to queue
[2026-02-02T14:23:03.219+0000] {logging_mixin.py:188} INFO - [2026-02-02T14:23:03.219+0000] {dagbag.py:538} INFO - Filling up the DagBag from /home/airflow/.local/lib/python3.8/site-packages/airflow/example_dags/example_branch_python_dop_operator_3.py
[2026-02-02T14:23:03.230+0000] {processor.py:840} INFO - DAG(s) 'example_branch_dop_operator_v3' retrieved from /home/airflow/.local/lib/python3.8/site-packages/airflow/example_dags/example_branch_python_dop_operator_3.py
[2026-02-02T14:23:03.256+0000] {logging_mixin.py:188} INFO - [2026-02-02T14:23:03.256+0000] {dag.py:3036} INFO - Sync 1 DAGs
[2026-02-02T14:23:03.289+0000] {logging_mixin.py:188} INFO - [2026-02-02T14:23:03.288+0000] {dag.py:3823} INFO - Setting next_dagrun for example_branch_dop_operator_v3 to 2026-02-02 14:22:00+00:00, run_after=2026-02-02 14:23:00+00:00
[2026-02-02T14:23:03.311+0000] {processor.py:183} INFO - Processing /home/airflow/.local/lib/python3.8/site-packages/airflow/example_dags/example_branch_python_dop_operator_3.py took 0.098 seconds
[2026-02-02T14:23:33.809+0000] {processor.py:161} INFO - Started process (PID=425) to work on /home/airflow/.local/lib/python3.8/site-packages/airflow/example_dags/example_branch_python_dop_operator_3.py
[2026-02-02T14:23:33.810+0000] {processor.py:830} INFO - Processing file /home/airflow/.local/lib/python3.8/site-packages/airflow/example_dags/example_branch_python_dop_operator_3.py for tasks to queue
[2026-02-02T14:23:33.812+0000] {logging_mixin.py:188} INFO - [2026-02-02T14:23:33.811+0000] {dagbag.py:538} INFO - Filling up the DagBag from /home/airflow/.local/lib/python3.8/site-packages/airflow/example_dags/example_branch_python_dop_operator_3.py
[2026-02-02T14:23:33.833+0000] {processor.py:840} INFO - DAG(s) 'example_branch_dop_operator_v3' retrieved from /home/airflow/.local/lib/python3.8/site-packages/airflow/example_dags/example_branch_python_dop_operator_3.py
[2026-02-02T14:23:33.860+0000] {logging_mixin.py:188} INFO - [2026-02-02T14:23:33.860+0000] {dag.py:3036} INFO - Sync 1 DAGs
[2026-02-02T14:23:33.892+0000] {logging_mixin.py:188} INFO - [2026-02-02T14:23:33.892+0000] {dag.py:3823} INFO - Setting next_dagrun for example_branch_dop_operator_v3 to 2026-02-02 14:22:00+00:00, run_after=2026-02-02 14:23:00+00:00
[2026-02-02T14:23:33.912+0000] {processor.py:183} INFO - Processing /home/airflow/.local/lib/python3.8/site-packages/airflow/example_dags/example_branch_python_dop_operator_3.py took 0.107 seconds
[2026-02-02T14:24:04.030+0000] {processor.py:161} INFO - Started process (PID=479) to work on /home/airflow/.local/lib/python3.8/site-packages/airflow/example_dags/example_branch_python_dop_operator_3.py
[2026-02-02T14:24:04.031+0000] {processor.py:830} INFO - Processing file /home/airflow/.local/lib/python3.8/site-packages/airflow/example_dags/example_branch_python_dop_operator_3.py for tasks to queue
[2026-02-02T14:24:04.033+0000] {logging_mixin.py:188} INFO - [2026-02-02T14:24:04.032+0000] {dagbag.py:538} INFO - Filling up the DagBag from /home/airflow/.local/lib/python3.8/site-packages/airflow/example_dags/example_branch_python_dop_operator_3.py
[2026-02-02T14:24:04.044+0000] {processor.py:840} INFO - DAG(s) 'example_branch_dop_operator_v3' retrieved from /home/airflow/.local/lib/python3.8/site-packages/airflow/example_dags/example_branch_python_dop_operator_3.py
[2026-02-02T14:24:04.066+0000] {logging_mixin.py:188} INFO - [2026-02-02T14:24:04.066+0000] {dag.py:3036} INFO - Sync 1 DAGs
[2026-02-02T14:24:04.106+0000] {logging_mixin.py:188} INFO - [2026-02-02T14:24:04.106+0000] {dag.py:3823} INFO - Setting next_dagrun for example_branch_dop_operator_v3 to 2026-02-02 14:23:00+00:00, run_after=2026-02-02 14:24:00+00:00
[2026-02-02T14:24:04.126+0000] {processor.py:183} INFO - Processing /home/airflow/.local/lib/python3.8/site-packages/airflow/example_dags/example_branch_python_dop_operator_3.py took 0.100 seconds
[2026-02-02T14:24:34.345+0000] {processor.py:161} INFO - Started process (PID=535) to work on /home/airflow/.local/lib/python3.8/site-packages/airflow/example_dags/example_branch_python_dop_operator_3.py
[2026-02-02T14:24:34.346+0000] {processor.py:830} INFO - Processing file /home/airflow/.local/lib/python3.8/site-packages/airflow/example_dags/example_branch_python_dop_operator_3.py for tasks to queue
[2026-02-02T14:24:34.348+0000] {logging_mixin.py:188} INFO - [2026-02-02T14:24:34.348+0000] {dagbag.py:538} INFO - Filling up the DagBag from /home/airflow/.local/lib/python3.8/site-packages/airflow/example_dags/example_branch_python_dop_operator_3.py
[2026-02-02T14:24:34.359+0000] {processor.py:840} INFO - DAG(s) 'example_branch_dop_operator_v3' retrieved from /home/airflow/.local/lib/python3.8/site-packages/airflow/example_dags/example_branch_python_dop_operator_3.py
[2026-02-02T14:24:34.381+0000] {logging_mixin.py:188} INFO - [2026-02-02T14:24:34.381+0000] {dag.py:3036} INFO - Sync 1 DAGs
[2026-02-02T14:24:34.419+0000] {logging_mixin.py:188} INFO - [2026-02-02T14:24:34.418+0000] {dag.py:3823} INFO - Setting next_dagrun for example_branch_dop_operator_v3 to 2026-02-02 14:23:00+00:00, run_after=2026-02-02 14:24:00+00:00
[2026-02-02T14:24:34.439+0000] {processor.py:183} INFO - Processing /home/airflow/.local/lib/python3.8/site-packages/airflow/example_dags/example_branch_python_dop_operator_3.py took 0.097 seconds
[2026-02-02T14:25:04.789+0000] {processor.py:161} INFO - Started process (PID=590) to work on /home/airflow/.local/lib/python3.8/site-packages/airflow/example_dags/example_branch_python_dop_operator_3.py
[2026-02-02T14:25:04.790+0000] {processor.py:830} INFO - Processing file /home/airflow/.local/lib/python3.8/site-packages/airflow/example_dags/example_branch_python_dop_operator_3.py for tasks to queue
[2026-02-02T14:25:04.792+0000] {logging_mixin.py:188} INFO - [2026-02-02T14:25:04.792+0000] {dagbag.py:538} INFO - Filling up the DagBag from /home/airflow/.local/lib/python3.8/site-packages/airflow/example_dags/example_branch_python_dop_operator_3.py
[2026-02-02T14:25:04.803+0000] {processor.py:840} INFO - DAG(s) 'example_branch_dop_operator_v3' retrieved from /home/airflow/.local/lib/python3.8/site-packages/airflow/example_dags/example_branch_python_dop_operator_3.py
[2026-02-02T14:25:04.825+0000] {logging_mixin.py:188} INFO - [2026-02-02T14:25:04.825+0000] {dag.py:3036} INFO - Sync 1 DAGs
[2026-02-02T14:25:04.857+0000] {logging_mixin.py:188} INFO - [2026-02-02T14:25:04.857+0000] {dag.py:3823} INFO - Setting next_dagrun for example_branch_dop_operator_v3 to 2026-02-02 14:24:00+00:00, run_after=2026-02-02 14:25:00+00:00
[2026-02-02T14:25:04.881+0000] {processor.py:183} INFO - Processing /home/airflow/.local/lib/python3.8/site-packages/airflow/example_dags/example_branch_python_dop_operator_3.py took 0.096 seconds
[2026-02-02T14:25:35.168+0000] {processor.py:161} INFO - Started process (PID=645) to work on /home/airflow/.local/lib/python3.8/site-packages/airflow/example_dags/example_branch_python_dop_operator_3.py
[2026-02-02T14:25:35.175+0000] {processor.py:830} INFO - Processing file /home/airflow/.local/lib/python3.8/site-packages/airflow/example_dags/example_branch_python_dop_operator_3.py for tasks to queue
[2026-02-02T14:25:35.182+0000] {logging_mixin.py:188} INFO - [2026-02-02T14:25:35.182+0000] {dagbag.py:538} INFO - Filling up the DagBag from /home/airflow/.local/lib/python3.8/site-packages/airflow/example_dags/example_branch_python_dop_operator_3.py
[2026-02-02T14:25:35.205+0000] {processor.py:840} INFO - DAG(s) 'example_branch_dop_operator_v3' retrieved from /home/airflow/.local/lib/python3.8/site-packages/airflow/example_dags/example_branch_python_dop_operator_3.py
[2026-02-02T14:25:35.250+0000] {logging_mixin.py:188} INFO - [2026-02-02T14:25:35.250+0000] {dag.py:3036} INFO - Sync 1 DAGs
[2026-02-02T14:25:35.318+0000] {logging_mixin.py:188} INFO - [2026-02-02T14:25:35.318+0000] {dag.py:3823} INFO - Setting next_dagrun for example_branch_dop_operator_v3 to 2026-02-02 14:24:00+00:00, run_after=2026-02-02 14:25:00+00:00
[2026-02-02T14:25:35.367+0000] {processor.py:183} INFO - Processing /home/airflow/.local/lib/python3.8/site-packages/airflow/example_dags/example_branch_python_dop_operator_3.py took 0.224 seconds
[2026-02-02T14:26:06.168+0000] {processor.py:161} INFO - Started process (PID=700) to work on /home/airflow/.local/lib/python3.8/site-packages/airflow/example_dags/example_branch_python_dop_operator_3.py
[2026-02-02T14:26:06.169+0000] {processor.py:830} INFO - Processing file /home/airflow/.local/lib/python3.8/site-packages/airflow/example_dags/example_branch_python_dop_operator_3.py for tasks to queue
[2026-02-02T14:26:06.170+0000] {logging_mixin.py:188} INFO - [2026-02-02T14:26:06.170+0000] {dagbag.py:538} INFO - Filling up the DagBag from /home/airflow/.local/lib/python3.8/site-packages/airflow/example_dags/example_branch_python_dop_operator_3.py
[2026-02-02T14:26:06.177+0000] {processor.py:840} INFO - DAG(s) 'example_branch_dop_operator_v3' retrieved from /home/airflow/.local/lib/python3.8/site-packages/airflow/example_dags/example_branch_python_dop_operator_3.py
[2026-02-02T14:26:06.192+0000] {logging_mixin.py:188} INFO - [2026-02-02T14:26:06.192+0000] {dag.py:3036} INFO - Sync 1 DAGs
[2026-02-02T14:26:06.212+0000] {logging_mixin.py:188} INFO - [2026-02-02T14:26:06.212+0000] {dag.py:3823} INFO - Setting next_dagrun for example_branch_dop_operator_v3 to 2026-02-02 14:25:00+00:00, run_after=2026-02-02 14:26:00+00:00
[2026-02-02T14:26:06.226+0000] {processor.py:183} INFO - Processing /home/airflow/.local/lib/python3.8/site-packages/airflow/example_dags/example_branch_python_dop_operator_3.py took 0.062 seconds
[2026-02-02T14:26:36.423+0000] {processor.py:161} INFO - Started process (PID=755) to work on /home/airflow/.local/lib/python3.8/site-packages/airflow/example_dags/example_branch_python_dop_operator_3.py
[2026-02-02T14:26:36.423+0000] {processor.py:830} INFO - Processing file /home/airflow/.local/lib/python3.8/site-packages/airflow/example_dags/example_branch_python_dop_operator_3.py for tasks to queue
[2026-02-02T14:26:36.425+0000] {logging_mixin.py:188} INFO - [2026-02-02T14:26:36.425+0000] {dagbag.py:538} INFO - Filling up the DagBag from /home/airflow/.local/lib/python3.8/site-packages/airflow/example_dags/example_branch_python_dop_operator_3.py
[2026-02-02T14:26:36.432+0000] {processor.py:840} INFO - DAG(s) 'example_branch_dop_operator_v3' retrieved from /home/airflow/.local/lib/python3.8/site-packages/airflow/example_dags/example_branch_python_dop_operator_3.py
[2026-02-02T14:26:36.450+0000] {logging_mixin.py:188} INFO - [2026-02-02T14:26:36.450+0000] {dag.py:3036} INFO - Sync 1 DAGs
[2026-02-02T14:26:36.471+0000] {logging_mixin.py:188} INFO - [2026-02-02T14:26:36.471+0000] {dag.py:3823} INFO - Setting next_dagrun for example_branch_dop_operator_v3 to 2026-02-02 14:25:00+00:00, run_after=2026-02-02 14:26:00+00:00
[2026-02-02T14:26:36.485+0000] {processor.py:183} INFO - Processing /home/airflow/.local/lib/python3.8/site-packages/airflow/example_dags/example_branch_python_dop_operator_3.py took 0.065 seconds
[2026-02-02T14:27:07.087+0000] {processor.py:161} INFO - Started process (PID=810) to work on /home/airflow/.local/lib/python3.8/site-packages/airflow/example_dags/example_branch_python_dop_operator_3.py
[2026-02-02T14:27:07.088+0000] {processor.py:830} INFO - Processing file /home/airflow/.local/lib/python3.8/site-packages/airflow/example_dags/example_branch_python_dop_operator_3.py for tasks to queue
[2026-02-02T14:27:07.089+0000] {logging_mixin.py:188} INFO - [2026-02-02T14:27:07.089+0000] {dagbag.py:538} INFO - Filling up the DagBag from /home/airflow/.local/lib/python3.8/site-packages/airflow/example_dags/example_branch_python_dop_operator_3.py
[2026-02-02T14:27:07.099+0000] {processor.py:840} INFO - DAG(s) 'example_branch_dop_operator_v3' retrieved from /home/airflow/.local/lib/python3.8/site-packages/airflow/example_dags/example_branch_python_dop_operator_3.py
[2026-02-02T14:27:07.115+0000] {logging_mixin.py:188} INFO - [2026-02-02T14:27:07.115+0000] {dag.py:3036} INFO - Sync 1 DAGs
[2026-02-02T14:27:07.136+0000] {logging_mixin.py:188} INFO - [2026-02-02T14:27:07.135+0000] {dag.py:3823} INFO - Setting next_dagrun for example_branch_dop_operator_v3 to 2026-02-02 14:26:00+00:00, run_after=2026-02-02 14:27:00+00:00
[2026-02-02T14:27:07.149+0000] {processor.py:183} INFO - Processing /home/airflow/.local/lib/python3.8/site-packages/airflow/example_dags/example_branch_python_dop_operator_3.py took 0.066 seconds
[2026-02-02T14:27:37.214+0000] {processor.py:161} INFO - Started process (PID=865) to work on /home/airflow/.local/lib/python3.8/site-packages/airflow/example_dags/example_branch_python_dop_operator_3.py
[2026-02-02T14:27:37.214+0000] {processor.py:830} INFO - Processing file /home/airflow/.local/lib/python3.8/site-packages/airflow/example_dags/example_branch_python_dop_operator_3.py for tasks to queue
[2026-02-02T14:27:37.216+0000] {logging_mixin.py:188} INFO - [2026-02-02T14:27:37.216+0000] {dagbag.py:538} INFO - Filling up the DagBag from /home/airflow/.local/lib/python3.8/site-packages/airflow/example_dags/example_branch_python_dop_operator_3.py
[2026-02-02T14:27:37.227+0000] {processor.py:840} INFO - DAG(s) 'example_branch_dop_operator_v3' retrieved from /home/airflow/.local/lib/python3.8/site-packages/airflow/example_dags/example_branch_python_dop_operator_3.py
[2026-02-02T14:27:37.249+0000] {logging_mixin.py:188} INFO - [2026-02-02T14:27:37.249+0000] {dag.py:3036} INFO - Sync 1 DAGs
[2026-02-02T14:27:37.282+0000] {logging_mixin.py:188} INFO - [2026-02-02T14:27:37.282+0000] {dag.py:3823} INFO - Setting next_dagrun for example_branch_dop_operator_v3 to 2026-02-02 14:26:00+00:00, run_after=2026-02-02 14:27:00+00:00
[2026-02-02T14:27:37.303+0000] {processor.py:183} INFO - Processing /home/airflow/.local/lib/python3.8/site-packages/airflow/example_dags/example_branch_python_dop_operator_3.py took 0.093 seconds
[2026-02-02T14:28:07.805+0000] {processor.py:161} INFO - Started process (PID=920) to work on /home/airflow/.local/lib/python3.8/site-packages/airflow/example_dags/example_branch_python_dop_operator_3.py
[2026-02-02T14:28:07.805+0000] {processor.py:830} INFO - Processing file /home/airflow/.local/lib/python3.8/site-packages/airflow/example_dags/example_branch_python_dop_operator_3.py for tasks to queue
[2026-02-02T14:28:07.807+0000] {logging_mixin.py:188} INFO - [2026-02-02T14:28:07.807+0000] {dagbag.py:538} INFO - Filling up the DagBag from /home/airflow/.local/lib/python3.8/site-packages/airflow/example_dags/example_branch_python_dop_operator_3.py
[2026-02-02T14:28:07.814+0000] {processor.py:840} INFO - DAG(s) 'example_branch_dop_operator_v3' retrieved from /home/airflow/.local/lib/python3.8/site-packages/airflow/example_dags/example_branch_python_dop_operator_3.py
[2026-02-02T14:28:07.830+0000] {logging_mixin.py:188} INFO - [2026-02-02T14:28:07.829+0000] {dag.py:3036} INFO - Sync 1 DAGs
[2026-02-02T14:28:07.850+0000] {logging_mixin.py:188} INFO - [2026-02-02T14:28:07.850+0000] {dag.py:3823} INFO - Setting next_dagrun for example_branch_dop_operator_v3 to 2026-02-02 14:27:00+00:00, run_after=2026-02-02 14:28:00+00:00
[2026-02-02T14:28:07.864+0000] {processor.py:183} INFO - Processing /home/airflow/.local/lib/python3.8/site-packages/airflow/example_dags/example_branch_python_dop_operator_3.py took 0.062 seconds
[2026-02-02T14:28:38.847+0000] {processor.py:161} INFO - Started process (PID=975) to work on /home/airflow/.local/lib/python3.8/site-packages/airflow/example_dags/example_branch_python_dop_operator_3.py
[2026-02-02T14:28:38.850+0000] {processor.py:830} INFO - Processing file /home/airflow/.local/lib/python3.8/site-packages/airflow/example_dags/example_branch_python_dop_operator_3.py for tasks to queue
[2026-02-02T14:28:38.854+0000] {logging_mixin.py:188} INFO - [2026-02-02T14:28:38.854+0000] {dagbag.py:538} INFO - Filling up the DagBag from /home/airflow/.local/lib/python3.8/site-packages/airflow/example_dags/example_branch_python_dop_operator_3.py
[2026-02-02T14:28:38.862+0000] {processor.py:840} INFO - DAG(s) 'example_branch_dop_operator_v3' retrieved from /home/airflow/.local/lib/python3.8/site-packages/airflow/example_dags/example_branch_python_dop_operator_3.py
[2026-02-02T14:28:38.884+0000] {logging_mixin.py:188} INFO - [2026-02-02T14:28:38.883+0000] {dag.py:3036} INFO - Sync 1 DAGs
[2026-02-02T14:28:38.920+0000] {logging_mixin.py:188} INFO - [2026-02-02T14:28:38.920+0000] {dag.py:3823} INFO - Setting next_dagrun for example_branch_dop_operator_v3 to 2026-02-02 14:27:00+00:00, run_after=2026-02-02 14:28:00+00:00
[2026-02-02T14:28:38.943+0000] {processor.py:183} INFO - Processing /home/airflow/.local/lib/python3.8/site-packages/airflow/example_dags/example_branch_python_dop_operator_3.py took 0.102 seconds
[2026-02-02T14:29:09.429+0000] {processor.py:161} INFO - Started process (PID=1030) to work on /home/airflow/.local/lib/python3.8/site-packages/airflow/example_dags/example_branch_python_dop_operator_3.py
[2026-02-02T14:29:09.431+0000] {processor.py:830} INFO - Processing file /home/airflow/.local/lib/python3.8/site-packages/airflow/example_dags/example_branch_python_dop_operator_3.py for tasks to queue
[2026-02-02T14:29:09.433+0000] {logging_mixin.py:188} INFO - [2026-02-02T14:29:09.433+0000] {dagbag.py:538} INFO - Filling up the DagBag from /home/airflow/.local/lib/python3.8/site-packages/airflow/example_dags/example_branch_python_dop_operator_3.py
[2026-02-02T14:29:09.447+0000] {processor.py:840} INFO - DAG(s) 'example_branch_dop_operator_v3' retrieved from /home/airflow/.local/lib/python3.8/site-packages/airflow/example_dags/example_branch_python_dop_operator_3.py
[2026-02-02T14:29:09.473+0000] {logging_mixin.py:188} INFO - [2026-02-02T14:29:09.473+0000] {dag.py:3036} INFO - Sync 1 DAGs
[2026-02-02T14:29:09.500+0000] {logging_mixin.py:188} INFO - [2026-02-02T14:29:09.500+0000] {dag.py:3823} INFO - Setting next_dagrun for example_branch_dop_operator_v3 to 2026-02-02 14:28:00+00:00, run_after=2026-02-02 14:29:00+00:00
[2026-02-02T14:29:09.514+0000] {processor.py:183} INFO - Processing /home/airflow/.local/lib/python3.8/site-packages/airflow/example_dags/example_branch_python_dop_operator_3.py took 0.089 seconds
[2026-02-02T14:29:40.444+0000] {processor.py:161} INFO - Started process (PID=1085) to work on /home/airflow/.local/lib/python3.8/site-packages/airflow/example_dags/example_branch_python_dop_operator_3.py
[2026-02-02T14:29:40.445+0000] {processor.py:830} INFO - Processing file /home/airflow/.local/lib/python3.8/site-packages/airflow/example_dags/example_branch_python_dop_operator_3.py for tasks to queue
[2026-02-02T14:29:40.446+0000] {logging_mixin.py:188} INFO - [2026-02-02T14:29:40.446+0000] {dagbag.py:538} INFO - Filling up the DagBag from /home/airflow/.local/lib/python3.8/site-packages/airflow/example_dags/example_branch_python_dop_operator_3.py
[2026-02-02T14:29:40.453+0000] {processor.py:840} INFO - DAG(s) 'example_branch_dop_operator_v3' retrieved from /home/airflow/.local/lib/python3.8/site-packages/airflow/example_dags/example_branch_python_dop_operator_3.py
[2026-02-02T14:29:40.469+0000] {logging_mixin.py:188} INFO - [2026-02-02T14:29:40.469+0000] {dag.py:3036} INFO - Sync 1 DAGs
[2026-02-02T14:29:40.490+0000] {logging_mixin.py:188} INFO - [2026-02-02T14:29:40.489+0000] {dag.py:3823} INFO - Setting next_dagrun for example_branch_dop_operator_v3 to 2026-02-02 14:28:00+00:00, run_after=2026-02-02 14:29:00+00:00
[2026-02-02T14:29:40.503+0000] {processor.py:183} INFO - Processing /home/airflow/.local/lib/python3.8/site-packages/airflow/example_dags/example_branch_python_dop_operator_3.py took 0.061 seconds
[2026-02-02T14:30:11.023+0000] {processor.py:161} INFO - Started process (PID=1140) to work on /home/airflow/.local/lib/python3.8/site-packages/airflow/example_dags/example_branch_python_dop_operator_3.py
[2026-02-02T14:30:11.026+0000] {processor.py:830} INFO - Processing file /home/airflow/.local/lib/python3.8/site-packages/airflow/example_dags/example_branch_python_dop_operator_3.py for tasks to queue
[2026-02-02T14:30:11.028+0000] {logging_mixin.py:188} INFO - [2026-02-02T14:30:11.028+0000] {dagbag.py:538} INFO - Filling up the DagBag from /home/airflow/.local/lib/python3.8/site-packages/airflow/example_dags/example_branch_python_dop_operator_3.py
[2026-02-02T14:30:11.048+0000] {processor.py:840} INFO - DAG(s) 'example_branch_dop_operator_v3' retrieved from /home/airflow/.local/lib/python3.8/site-packages/airflow/example_dags/example_branch_python_dop_operator_3.py
[2026-02-02T14:30:11.070+0000] {logging_mixin.py:188} INFO - [2026-02-02T14:30:11.070+0000] {dag.py:3036} INFO - Sync 1 DAGs
[2026-02-02T14:30:11.105+0000] {logging_mixin.py:188} INFO - [2026-02-02T14:30:11.105+0000] {dag.py:3823} INFO - Setting next_dagrun for example_branch_dop_operator_v3 to 2026-02-02 14:29:00+00:00, run_after=2026-02-02 14:30:00+00:00
[2026-02-02T14:30:11.124+0000] {processor.py:183} INFO - Processing /home/airflow/.local/lib/python3.8/site-packages/airflow/example_dags/example_branch_python_dop_operator_3.py took 0.106 seconds
[2026-02-02T14:30:41.820+0000] {processor.py:161} INFO - Started process (PID=1195) to work on /home/airflow/.local/lib/python3.8/site-packages/airflow/example_dags/example_branch_python_dop_operator_3.py
[2026-02-02T14:30:41.822+0000] {processor.py:830} INFO - Processing file /home/airflow/.local/lib/python3.8/site-packages/airflow/example_dags/example_branch_python_dop_operator_3.py for tasks to queue
[2026-02-02T14:30:41.824+0000] {logging_mixin.py:188} INFO - [2026-02-02T14:30:41.823+0000] {dagbag.py:538} INFO - Filling up the DagBag from /home/airflow/.local/lib/python3.8/site-packages/airflow/example_dags/example_branch_python_dop_operator_3.py
[2026-02-02T14:30:41.834+0000] {processor.py:840} INFO - DAG(s) 'example_branch_dop_operator_v3' retrieved from /home/airflow/.local/lib/python3.8/site-packages/airflow/example_dags/example_branch_python_dop_operator_3.py
[2026-02-02T14:30:41.857+0000] {logging_mixin.py:188} INFO - [2026-02-02T14:30:41.857+0000] {dag.py:3036} INFO - Sync 1 DAGs
[2026-02-02T14:30:41.889+0000] {logging_mixin.py:188} INFO - [2026-02-02T14:30:41.889+0000] {dag.py:3823} INFO - Setting next_dagrun for example_branch_dop_operator_v3 to 2026-02-02 14:29:00+00:00, run_after=2026-02-02 14:30:00+00:00
[2026-02-02T14:30:41.909+0000] {processor.py:183} INFO - Processing /home/airflow/.local/lib/python3.8/site-packages/airflow/example_dags/example_branch_python_dop_operator_3.py took 0.092 seconds
[2026-02-02T14:31:12.284+0000] {processor.py:161} INFO - Started process (PID=1250) to work on /home/airflow/.local/lib/python3.8/site-packages/airflow/example_dags/example_branch_python_dop_operator_3.py
[2026-02-02T14:31:12.284+0000] {processor.py:830} INFO - Processing file /home/airflow/.local/lib/python3.8/site-packages/airflow/example_dags/example_branch_python_dop_operator_3.py for tasks to queue
[2026-02-02T14:31:12.286+0000] {logging_mixin.py:188} INFO - [2026-02-02T14:31:12.286+0000] {dagbag.py:538} INFO - Filling up the DagBag from /home/airflow/.local/lib/python3.8/site-packages/airflow/example_dags/example_branch_python_dop_operator_3.py
[2026-02-02T14:31:12.298+0000] {processor.py:840} INFO - DAG(s) 'example_branch_dop_operator_v3' retrieved from /home/airflow/.local/lib/python3.8/site-packages/airflow/example_dags/example_branch_python_dop_operator_3.py
[2026-02-02T14:31:12.321+0000] {logging_mixin.py:188} INFO - [2026-02-02T14:31:12.321+0000] {dag.py:3036} INFO - Sync 1 DAGs
[2026-02-02T14:31:12.353+0000] {logging_mixin.py:188} INFO - [2026-02-02T14:31:12.353+0000] {dag.py:3823} INFO - Setting next_dagrun for example_branch_dop_operator_v3 to 2026-02-02 14:30:00+00:00, run_after=2026-02-02 14:31:00+00:00
[2026-02-02T14:31:12.372+0000] {processor.py:183} INFO - Processing /home/airflow/.local/lib/python3.8/site-packages/airflow/example_dags/example_branch_python_dop_operator_3.py took 0.092 seconds
[2026-02-02T14:31:42.966+0000] {processor.py:161} INFO - Started process (PID=1305) to work on /home/airflow/.local/lib/python3.8/site-packages/airflow/example_dags/example_branch_python_dop_operator_3.py
[2026-02-02T14:31:42.967+0000] {processor.py:830} INFO - Processing file /home/airflow/.local/lib/python3.8/site-packages/airflow/example_dags/example_branch_python_dop_operator_3.py for tasks to queue
[2026-02-02T14:31:42.969+0000] {logging_mixin.py:188} INFO - [2026-02-02T14:31:42.968+0000] {dagbag.py:538} INFO - Filling up the DagBag from /home/airflow/.local/lib/python3.8/site-packages/airflow/example_dags/example_branch_python_dop_operator_3.py
[2026-02-02T14:31:42.979+0000] {processor.py:840} INFO - DAG(s) 'example_branch_dop_operator_v3' retrieved from /home/airflow/.local/lib/python3.8/site-packages/airflow/example_dags/example_branch_python_dop_operator_3.py
[2026-02-02T14:31:43.013+0000] {logging_mixin.py:188} INFO - [2026-02-02T14:31:43.013+0000] {dag.py:3036} INFO - Sync 1 DAGs
[2026-02-02T14:31:43.051+0000] {logging_mixin.py:188} INFO - [2026-02-02T14:31:43.050+0000] {dag.py:3823} INFO - Setting next_dagrun for example_branch_dop_operator_v3 to 2026-02-02 14:30:00+00:00, run_after=2026-02-02 14:31:00+00:00
[2026-02-02T14:31:43.083+0000] {processor.py:183} INFO - Processing /home/airflow/.local/lib/python3.8/site-packages/airflow/example_dags/example_branch_python_dop_operator_3.py took 0.120 seconds
[2026-02-02T14:32:13.561+0000] {processor.py:161} INFO - Started process (PID=1360) to work on /home/airflow/.local/lib/python3.8/site-packages/airflow/example_dags/example_branch_python_dop_operator_3.py
[2026-02-02T14:32:13.562+0000] {processor.py:830} INFO - Processing file /home/airflow/.local/lib/python3.8/site-packages/airflow/example_dags/example_branch_python_dop_operator_3.py for tasks to queue
[2026-02-02T14:32:13.563+0000] {logging_mixin.py:188} INFO - [2026-02-02T14:32:13.563+0000] {dagbag.py:538} INFO - Filling up the DagBag from /home/airflow/.local/lib/python3.8/site-packages/airflow/example_dags/example_branch_python_dop_operator_3.py
[2026-02-02T14:32:13.574+0000] {processor.py:840} INFO - DAG(s) 'example_branch_dop_operator_v3' retrieved from /home/airflow/.local/lib/python3.8/site-packages/airflow/example_dags/example_branch_python_dop_operator_3.py
[2026-02-02T14:32:13.614+0000] {logging_mixin.py:188} INFO - [2026-02-02T14:32:13.614+0000] {dag.py:3036} INFO - Sync 1 DAGs
[2026-02-02T14:32:13.646+0000] {logging_mixin.py:188} INFO - [2026-02-02T14:32:13.646+0000] {dag.py:3823} INFO - Setting next_dagrun for example_branch_dop_operator_v3 to 2026-02-02 14:31:00+00:00, run_after=2026-02-02 14:32:00+00:00
[2026-02-02T14:32:13.680+0000] {processor.py:183} INFO - Processing /home/airflow/.local/lib/python3.8/site-packages/airflow/example_dags/example_branch_python_dop_operator_3.py took 0.123 seconds
[2026-02-02T14:32:44.147+0000] {processor.py:161} INFO - Started process (PID=1415) to work on /home/airflow/.local/lib/python3.8/site-packages/airflow/example_dags/example_branch_python_dop_operator_3.py
[2026-02-02T14:32:44.150+0000] {processor.py:830} INFO - Processing file /home/airflow/.local/lib/python3.8/site-packages/airflow/example_dags/example_branch_python_dop_operator_3.py for tasks to queue
[2026-02-02T14:32:44.152+0000] {logging_mixin.py:188} INFO - [2026-02-02T14:32:44.152+0000] {dagbag.py:538} INFO - Filling up the DagBag from /home/airflow/.local/lib/python3.8/site-packages/airflow/example_dags/example_branch_python_dop_operator_3.py
[2026-02-02T14:32:44.162+0000] {processor.py:840} INFO - DAG(s) 'example_branch_dop_operator_v3' retrieved from /home/airflow/.local/lib/python3.8/site-packages/airflow/example_dags/example_branch_python_dop_operator_3.py
[2026-02-02T14:32:44.183+0000] {logging_mixin.py:188} INFO - [2026-02-02T14:32:44.183+0000] {dag.py:3036} INFO - Sync 1 DAGs
[2026-02-02T14:32:44.216+0000] {logging_mixin.py:188} INFO - [2026-02-02T14:32:44.216+0000] {dag.py:3823} INFO - Setting next_dagrun for example_branch_dop_operator_v3 to 2026-02-02 14:31:00+00:00, run_after=2026-02-02 14:32:00+00:00
[2026-02-02T14:32:44.234+0000] {processor.py:183} INFO - Processing /home/airflow/.local/lib/python3.8/site-packages/airflow/example_dags/example_branch_python_dop_operator_3.py took 0.093 seconds
[2026-02-02T14:33:15.085+0000] {processor.py:161} INFO - Started process (PID=1470) to work on /home/airflow/.local/lib/python3.8/site-packages/airflow/example_dags/example_branch_python_dop_operator_3.py
[2026-02-02T14:33:15.086+0000] {processor.py:830} INFO - Processing file /home/airflow/.local/lib/python3.8/site-packages/airflow/example_dags/example_branch_python_dop_operator_3.py for tasks to queue
[2026-02-02T14:33:15.089+0000] {logging_mixin.py:188} INFO - [2026-02-02T14:33:15.089+0000] {dagbag.py:538} INFO - Filling up the DagBag from /home/airflow/.local/lib/python3.8/site-packages/airflow/example_dags/example_branch_python_dop_operator_3.py
[2026-02-02T14:33:15.102+0000] {processor.py:840} INFO - DAG(s) 'example_branch_dop_operator_v3' retrieved from /home/airflow/.local/lib/python3.8/site-packages/airflow/example_dags/example_branch_python_dop_operator_3.py
[2026-02-02T14:33:15.128+0000] {logging_mixin.py:188} INFO - [2026-02-02T14:33:15.128+0000] {dag.py:3036} INFO - Sync 1 DAGs
[2026-02-02T14:33:15.161+0000] {logging_mixin.py:188} INFO - [2026-02-02T14:33:15.160+0000] {dag.py:3823} INFO - Setting next_dagrun for example_branch_dop_operator_v3 to 2026-02-02 14:32:00+00:00, run_after=2026-02-02 14:33:00+00:00
[2026-02-02T14:33:15.186+0000] {processor.py:183} INFO - Processing /home/airflow/.local/lib/python3.8/site-packages/airflow/example_dags/example_branch_python_dop_operator_3.py took 0.105 seconds
[2026-02-02T14:33:45.296+0000] {processor.py:161} INFO - Started process (PID=1525) to work on /home/airflow/.local/lib/python3.8/site-packages/airflow/example_dags/example_branch_python_dop_operator_3.py
[2026-02-02T14:33:45.296+0000] {processor.py:830} INFO - Processing file /home/airflow/.local/lib/python3.8/site-packages/airflow/example_dags/example_branch_python_dop_operator_3.py for tasks to queue
[2026-02-02T14:33:45.298+0000] {logging_mixin.py:188} INFO - [2026-02-02T14:33:45.297+0000] {dagbag.py:538} INFO - Filling up the DagBag from /home/airflow/.local/lib/python3.8/site-packages/airflow/example_dags/example_branch_python_dop_operator_3.py
[2026-02-02T14:33:45.305+0000] {processor.py:840} INFO - DAG(s) 'example_branch_dop_operator_v3' retrieved from /home/airflow/.local/lib/python3.8/site-packages/airflow/example_dags/example_branch_python_dop_operator_3.py
[2026-02-02T14:33:45.320+0000] {logging_mixin.py:188} INFO - [2026-02-02T14:33:45.320+0000] {dag.py:3036} INFO - Sync 1 DAGs
[2026-02-02T14:33:45.340+0000] {logging_mixin.py:188} INFO - [2026-02-02T14:33:45.340+0000] {dag.py:3823} INFO - Setting next_dagrun for example_branch_dop_operator_v3 to 2026-02-02 14:32:00+00:00, run_after=2026-02-02 14:33:00+00:00
[2026-02-02T14:33:45.354+0000] {processor.py:183} INFO - Processing /home/airflow/.local/lib/python3.8/site-packages/airflow/example_dags/example_branch_python_dop_operator_3.py took 0.061 seconds
[2026-02-02T14:34:15.757+0000] {processor.py:161} INFO - Started process (PID=1580) to work on /home/airflow/.local/lib/python3.8/site-packages/airflow/example_dags/example_branch_python_dop_operator_3.py
[2026-02-02T14:34:15.760+0000] {processor.py:830} INFO - Processing file /home/airflow/.local/lib/python3.8/site-packages/airflow/example_dags/example_branch_python_dop_operator_3.py for tasks to queue
[2026-02-02T14:34:15.763+0000] {logging_mixin.py:188} INFO - [2026-02-02T14:34:15.763+0000] {dagbag.py:538} INFO - Filling up the DagBag from /home/airflow/.local/lib/python3.8/site-packages/airflow/example_dags/example_branch_python_dop_operator_3.py
[2026-02-02T14:34:15.796+0000] {processor.py:840} INFO - DAG(s) 'example_branch_dop_operator_v3' retrieved from /home/airflow/.local/lib/python3.8/site-packages/airflow/example_dags/example_branch_python_dop_operator_3.py
[2026-02-02T14:34:15.854+0000] {logging_mixin.py:188} INFO - [2026-02-02T14:34:15.854+0000] {dag.py:3036} INFO - Sync 1 DAGs
[2026-02-02T14:34:15.919+0000] {logging_mixin.py:188} INFO - [2026-02-02T14:34:15.919+0000] {dag.py:3823} INFO - Setting next_dagrun for example_branch_dop_operator_v3 to 2026-02-02 14:33:00+00:00, run_after=2026-02-02 14:34:00+00:00
[2026-02-02T14:34:15.975+0000] {processor.py:183} INFO - Processing /home/airflow/.local/lib/python3.8/site-packages/airflow/example_dags/example_branch_python_dop_operator_3.py took 0.227 seconds
[2026-02-02T14:34:46.062+0000] {processor.py:161} INFO - Started process (PID=1635) to work on /home/airflow/.local/lib/python3.8/site-packages/airflow/example_dags/example_branch_python_dop_operator_3.py
[2026-02-02T14:34:46.063+0000] {processor.py:830} INFO - Processing file /home/airflow/.local/lib/python3.8/site-packages/airflow/example_dags/example_branch_python_dop_operator_3.py for tasks to queue
[2026-02-02T14:34:46.065+0000] {logging_mixin.py:188} INFO - [2026-02-02T14:34:46.064+0000] {dagbag.py:538} INFO - Filling up the DagBag from /home/airflow/.local/lib/python3.8/site-packages/airflow/example_dags/example_branch_python_dop_operator_3.py
[2026-02-02T14:34:46.074+0000] {processor.py:840} INFO - DAG(s) 'example_branch_dop_operator_v3' retrieved from /home/airflow/.local/lib/python3.8/site-packages/airflow/example_dags/example_branch_python_dop_operator_3.py
[2026-02-02T14:34:46.096+0000] {logging_mixin.py:188} INFO - [2026-02-02T14:34:46.096+0000] {dag.py:3036} INFO - Sync 1 DAGs
[2026-02-02T14:34:46.130+0000] {logging_mixin.py:188} INFO - [2026-02-02T14:34:46.130+0000] {dag.py:3823} INFO - Setting next_dagrun for example_branch_dop_operator_v3 to 2026-02-02 14:33:00+00:00, run_after=2026-02-02 14:34:00+00:00
[2026-02-02T14:34:46.151+0000] {processor.py:183} INFO - Processing /home/airflow/.local/lib/python3.8/site-packages/airflow/example_dags/example_branch_python_dop_operator_3.py took 0.092 seconds
[2026-02-02T14:35:16.264+0000] {processor.py:161} INFO - Started process (PID=1690) to work on /home/airflow/.local/lib/python3.8/site-packages/airflow/example_dags/example_branch_python_dop_operator_3.py
[2026-02-02T14:35:16.265+0000] {processor.py:830} INFO - Processing file /home/airflow/.local/lib/python3.8/site-packages/airflow/example_dags/example_branch_python_dop_operator_3.py for tasks to queue
[2026-02-02T14:35:16.267+0000] {logging_mixin.py:188} INFO - [2026-02-02T14:35:16.266+0000] {dagbag.py:538} INFO - Filling up the DagBag from /home/airflow/.local/lib/python3.8/site-packages/airflow/example_dags/example_branch_python_dop_operator_3.py
[2026-02-02T14:35:16.276+0000] {processor.py:840} INFO - DAG(s) 'example_branch_dop_operator_v3' retrieved from /home/airflow/.local/lib/python3.8/site-packages/airflow/example_dags/example_branch_python_dop_operator_3.py
[2026-02-02T14:35:16.299+0000] {logging_mixin.py:188} INFO - [2026-02-02T14:35:16.299+0000] {dag.py:3036} INFO - Sync 1 DAGs
[2026-02-02T14:35:16.376+0000] {logging_mixin.py:188} INFO - [2026-02-02T14:35:16.376+0000] {dag.py:3823} INFO - Setting next_dagrun for example_branch_dop_operator_v3 to 2026-02-02 14:34:00+00:00, run_after=2026-02-02 14:35:00+00:00
[2026-02-02T14:35:16.439+0000] {processor.py:183} INFO - Processing /home/airflow/.local/lib/python3.8/site-packages/airflow/example_dags/example_branch_python_dop_operator_3.py took 0.179 seconds
[2026-02-02T14:35:46.774+0000] {processor.py:161} INFO - Started process (PID=1745) to work on /home/airflow/.local/lib/python3.8/site-packages/airflow/example_dags/example_branch_python_dop_operator_3.py
[2026-02-02T14:35:46.775+0000] {processor.py:830} INFO - Processing file /home/airflow/.local/lib/python3.8/site-packages/airflow/example_dags/example_branch_python_dop_operator_3.py for tasks to queue
[2026-02-02T14:35:46.777+0000] {logging_mixin.py:188} INFO - [2026-02-02T14:35:46.777+0000] {dagbag.py:538} INFO - Filling up the DagBag from /home/airflow/.local/lib/python3.8/site-packages/airflow/example_dags/example_branch_python_dop_operator_3.py
[2026-02-02T14:35:46.787+0000] {processor.py:840} INFO - DAG(s) 'example_branch_dop_operator_v3' retrieved from /home/airflow/.local/lib/python3.8/site-packages/airflow/example_dags/example_branch_python_dop_operator_3.py
[2026-02-02T14:35:46.810+0000] {logging_mixin.py:188} INFO - [2026-02-02T14:35:46.810+0000] {dag.py:3036} INFO - Sync 1 DAGs
[2026-02-02T14:35:46.844+0000] {logging_mixin.py:188} INFO - [2026-02-02T14:35:46.844+0000] {dag.py:3823} INFO - Setting next_dagrun for example_branch_dop_operator_v3 to 2026-02-02 14:34:00+00:00, run_after=2026-02-02 14:35:00+00:00
[2026-02-02T14:35:46.863+0000] {processor.py:183} INFO - Processing /home/airflow/.local/lib/python3.8/site-packages/airflow/example_dags/example_branch_python_dop_operator_3.py took 0.092 seconds
[2026-02-02T14:36:17.118+0000] {processor.py:161} INFO - Started process (PID=1800) to work on /home/airflow/.local/lib/python3.8/site-packages/airflow/example_dags/example_branch_python_dop_operator_3.py
[2026-02-02T14:36:17.119+0000] {processor.py:830} INFO - Processing file /home/airflow/.local/lib/python3.8/site-packages/airflow/example_dags/example_branch_python_dop_operator_3.py for tasks to queue
[2026-02-02T14:36:17.120+0000] {logging_mixin.py:188} INFO - [2026-02-02T14:36:17.120+0000] {dagbag.py:538} INFO - Filling up the DagBag from /home/airflow/.local/lib/python3.8/site-packages/airflow/example_dags/example_branch_python_dop_operator_3.py
[2026-02-02T14:36:17.127+0000] {processor.py:840} INFO - DAG(s) 'example_branch_dop_operator_v3' retrieved from /home/airflow/.local/lib/python3.8/site-packages/airflow/example_dags/example_branch_python_dop_operator_3.py
[2026-02-02T14:36:17.143+0000] {logging_mixin.py:188} INFO - [2026-02-02T14:36:17.143+0000] {dag.py:3036} INFO - Sync 1 DAGs
[2026-02-02T14:36:17.167+0000] {logging_mixin.py:188} INFO - [2026-02-02T14:36:17.166+0000] {dag.py:3823} INFO - Setting next_dagrun for example_branch_dop_operator_v3 to 2026-02-02 14:35:00+00:00, run_after=2026-02-02 14:36:00+00:00
[2026-02-02T14:36:17.182+0000] {processor.py:183} INFO - Processing /home/airflow/.local/lib/python3.8/site-packages/airflow/example_dags/example_branch_python_dop_operator_3.py took 0.067 seconds
[2026-02-02T14:36:47.991+0000] {processor.py:161} INFO - Started process (PID=1855) to work on /home/airflow/.local/lib/python3.8/site-packages/airflow/example_dags/example_branch_python_dop_operator_3.py
[2026-02-02T14:36:47.992+0000] {processor.py:830} INFO - Processing file /home/airflow/.local/lib/python3.8/site-packages/airflow/example_dags/example_branch_python_dop_operator_3.py for tasks to queue
[2026-02-02T14:36:47.995+0000] {logging_mixin.py:188} INFO - [2026-02-02T14:36:47.995+0000] {dagbag.py:538} INFO - Filling up the DagBag from /home/airflow/.local/lib/python3.8/site-packages/airflow/example_dags/example_branch_python_dop_operator_3.py
[2026-02-02T14:36:48.018+0000] {processor.py:840} INFO - DAG(s) 'example_branch_dop_operator_v3' retrieved from /home/airflow/.local/lib/python3.8/site-packages/airflow/example_dags/example_branch_python_dop_operator_3.py
[2026-02-02T14:36:48.066+0000] {logging_mixin.py:188} INFO - [2026-02-02T14:36:48.065+0000] {dag.py:3036} INFO - Sync 1 DAGs
[2026-02-02T14:36:48.104+0000] {logging_mixin.py:188} INFO - [2026-02-02T14:36:48.104+0000] {dag.py:3823} INFO - Setting next_dagrun for example_branch_dop_operator_v3 to 2026-02-02 14:35:00+00:00, run_after=2026-02-02 14:36:00+00:00
[2026-02-02T14:36:48.123+0000] {processor.py:183} INFO - Processing /home/airflow/.local/lib/python3.8/site-packages/airflow/example_dags/example_branch_python_dop_operator_3.py took 0.141 seconds
[2026-02-02T14:37:18.274+0000] {processor.py:161} INFO - Started process (PID=1910) to work on /home/airflow/.local/lib/python3.8/site-packages/airflow/example_dags/example_branch_python_dop_operator_3.py
[2026-02-02T14:37:18.275+0000] {processor.py:830} INFO - Processing file /home/airflow/.local/lib/python3.8/site-packages/airflow/example_dags/example_branch_python_dop_operator_3.py for tasks to queue
[2026-02-02T14:37:18.277+0000] {logging_mixin.py:188} INFO - [2026-02-02T14:37:18.277+0000] {dagbag.py:538} INFO - Filling up the DagBag from /home/airflow/.local/lib/python3.8/site-packages/airflow/example_dags/example_branch_python_dop_operator_3.py
[2026-02-02T14:37:18.289+0000] {processor.py:840} INFO - DAG(s) 'example_branch_dop_operator_v3' retrieved from /home/airflow/.local/lib/python3.8/site-packages/airflow/example_dags/example_branch_python_dop_operator_3.py
[2026-02-02T14:37:18.338+0000] {logging_mixin.py:188} INFO - [2026-02-02T14:37:18.338+0000] {dag.py:3036} INFO - Sync 1 DAGs
[2026-02-02T14:37:18.412+0000] {logging_mixin.py:188} INFO - [2026-02-02T14:37:18.411+0000] {dag.py:3823} INFO - Setting next_dagrun for example_branch_dop_operator_v3 to 2026-02-02 14:36:00+00:00, run_after=2026-02-02 14:37:00+00:00
[2026-02-02T14:37:18.437+0000] {processor.py:183} INFO - Processing /home/airflow/.local/lib/python3.8/site-packages/airflow/example_dags/example_branch_python_dop_operator_3.py took 0.166 seconds
[2026-02-02T14:37:48.509+0000] {processor.py:161} INFO - Started process (PID=1964) to work on /home/airflow/.local/lib/python3.8/site-packages/airflow/example_dags/example_branch_python_dop_operator_3.py
[2026-02-02T14:37:48.510+0000] {processor.py:830} INFO - Processing file /home/airflow/.local/lib/python3.8/site-packages/airflow/example_dags/example_branch_python_dop_operator_3.py for tasks to queue
[2026-02-02T14:37:48.512+0000] {logging_mixin.py:188} INFO - [2026-02-02T14:37:48.512+0000] {dagbag.py:538} INFO - Filling up the DagBag from /home/airflow/.local/lib/python3.8/site-packages/airflow/example_dags/example_branch_python_dop_operator_3.py
[2026-02-02T14:37:48.525+0000] {processor.py:840} INFO - DAG(s) 'example_branch_dop_operator_v3' retrieved from /home/airflow/.local/lib/python3.8/site-packages/airflow/example_dags/example_branch_python_dop_operator_3.py
[2026-02-02T14:37:48.549+0000] {logging_mixin.py:188} INFO - [2026-02-02T14:37:48.548+0000] {dag.py:3036} INFO - Sync 1 DAGs
[2026-02-02T14:37:48.628+0000] {logging_mixin.py:188} INFO - [2026-02-02T14:37:48.628+0000] {dag.py:3823} INFO - Setting next_dagrun for example_branch_dop_operator_v3 to 2026-02-02 14:36:00+00:00, run_after=2026-02-02 14:37:00+00:00
[2026-02-02T14:37:48.677+0000] {processor.py:183} INFO - Processing /home/airflow/.local/lib/python3.8/site-packages/airflow/example_dags/example_branch_python_dop_operator_3.py took 0.172 seconds
[2026-02-02T14:38:19.037+0000] {processor.py:161} INFO - Started process (PID=2017) to work on /home/airflow/.local/lib/python3.8/site-packages/airflow/example_dags/example_branch_python_dop_operator_3.py
[2026-02-02T14:38:19.039+0000] {processor.py:830} INFO - Processing file /home/airflow/.local/lib/python3.8/site-packages/airflow/example_dags/example_branch_python_dop_operator_3.py for tasks to queue
[2026-02-02T14:38:19.041+0000] {logging_mixin.py:188} INFO - [2026-02-02T14:38:19.041+0000] {dagbag.py:538} INFO - Filling up the DagBag from /home/airflow/.local/lib/python3.8/site-packages/airflow/example_dags/example_branch_python_dop_operator_3.py
[2026-02-02T14:38:19.049+0000] {processor.py:840} INFO - DAG(s) 'example_branch_dop_operator_v3' retrieved from /home/airflow/.local/lib/python3.8/site-packages/airflow/example_dags/example_branch_python_dop_operator_3.py
[2026-02-02T14:38:19.065+0000] {logging_mixin.py:188} INFO - [2026-02-02T14:38:19.065+0000] {dag.py:3036} INFO - Sync 1 DAGs
[2026-02-02T14:38:19.086+0000] {logging_mixin.py:188} INFO - [2026-02-02T14:38:19.086+0000] {dag.py:3823} INFO - Setting next_dagrun for example_branch_dop_operator_v3 to 2026-02-02 14:37:00+00:00, run_after=2026-02-02 14:38:00+00:00
[2026-02-02T14:38:19.100+0000] {processor.py:183} INFO - Processing /home/airflow/.local/lib/python3.8/site-packages/airflow/example_dags/example_branch_python_dop_operator_3.py took 0.067 seconds
[2026-02-02T14:38:49.225+0000] {processor.py:161} INFO - Started process (PID=2072) to work on /home/airflow/.local/lib/python3.8/site-packages/airflow/example_dags/example_branch_python_dop_operator_3.py
[2026-02-02T14:38:49.225+0000] {processor.py:830} INFO - Processing file /home/airflow/.local/lib/python3.8/site-packages/airflow/example_dags/example_branch_python_dop_operator_3.py for tasks to queue
[2026-02-02T14:38:49.228+0000] {logging_mixin.py:188} INFO - [2026-02-02T14:38:49.228+0000] {dagbag.py:538} INFO - Filling up the DagBag from /home/airflow/.local/lib/python3.8/site-packages/airflow/example_dags/example_branch_python_dop_operator_3.py
[2026-02-02T14:38:49.241+0000] {processor.py:840} INFO - DAG(s) 'example_branch_dop_operator_v3' retrieved from /home/airflow/.local/lib/python3.8/site-packages/airflow/example_dags/example_branch_python_dop_operator_3.py
[2026-02-02T14:38:49.266+0000] {logging_mixin.py:188} INFO - [2026-02-02T14:38:49.266+0000] {dag.py:3036} INFO - Sync 1 DAGs
[2026-02-02T14:38:49.300+0000] {logging_mixin.py:188} INFO - [2026-02-02T14:38:49.300+0000] {dag.py:3823} INFO - Setting next_dagrun for example_branch_dop_operator_v3 to 2026-02-02 14:37:00+00:00, run_after=2026-02-02 14:38:00+00:00
[2026-02-02T14:38:49.335+0000] {processor.py:183} INFO - Processing /home/airflow/.local/lib/python3.8/site-packages/airflow/example_dags/example_branch_python_dop_operator_3.py took 0.114 seconds
[2026-02-02T14:39:19.865+0000] {processor.py:161} INFO - Started process (PID=2127) to work on /home/airflow/.local/lib/python3.8/site-packages/airflow/example_dags/example_branch_python_dop_operator_3.py
[2026-02-02T14:39:19.866+0000] {processor.py:830} INFO - Processing file /home/airflow/.local/lib/python3.8/site-packages/airflow/example_dags/example_branch_python_dop_operator_3.py for tasks to queue
[2026-02-02T14:39:19.867+0000] {logging_mixin.py:188} INFO - [2026-02-02T14:39:19.867+0000] {dagbag.py:538} INFO - Filling up the DagBag from /home/airflow/.local/lib/python3.8/site-packages/airflow/example_dags/example_branch_python_dop_operator_3.py
[2026-02-02T14:39:19.877+0000] {processor.py:840} INFO - DAG(s) 'example_branch_dop_operator_v3' retrieved from /home/airflow/.local/lib/python3.8/site-packages/airflow/example_dags/example_branch_python_dop_operator_3.py
[2026-02-02T14:39:19.899+0000] {logging_mixin.py:188} INFO - [2026-02-02T14:39:19.898+0000] {dag.py:3036} INFO - Sync 1 DAGs
[2026-02-02T14:39:19.931+0000] {logging_mixin.py:188} INFO - [2026-02-02T14:39:19.930+0000] {dag.py:3823} INFO - Setting next_dagrun for example_branch_dop_operator_v3 to 2026-02-02 14:38:00+00:00, run_after=2026-02-02 14:39:00+00:00
[2026-02-02T14:39:19.950+0000] {processor.py:183} INFO - Processing /home/airflow/.local/lib/python3.8/site-packages/airflow/example_dags/example_branch_python_dop_operator_3.py took 0.088 seconds
[2026-02-02T14:39:50.747+0000] {processor.py:161} INFO - Started process (PID=2182) to work on /home/airflow/.local/lib/python3.8/site-packages/airflow/example_dags/example_branch_python_dop_operator_3.py
[2026-02-02T14:39:50.748+0000] {processor.py:830} INFO - Processing file /home/airflow/.local/lib/python3.8/site-packages/airflow/example_dags/example_branch_python_dop_operator_3.py for tasks to queue
[2026-02-02T14:39:50.750+0000] {logging_mixin.py:188} INFO - [2026-02-02T14:39:50.750+0000] {dagbag.py:538} INFO - Filling up the DagBag from /home/airflow/.local/lib/python3.8/site-packages/airflow/example_dags/example_branch_python_dop_operator_3.py
[2026-02-02T14:39:50.761+0000] {processor.py:840} INFO - DAG(s) 'example_branch_dop_operator_v3' retrieved from /home/airflow/.local/lib/python3.8/site-packages/airflow/example_dags/example_branch_python_dop_operator_3.py
[2026-02-02T14:39:50.785+0000] {logging_mixin.py:188} INFO - [2026-02-02T14:39:50.784+0000] {dag.py:3036} INFO - Sync 1 DAGs
[2026-02-02T14:39:50.827+0000] {logging_mixin.py:188} INFO - [2026-02-02T14:39:50.826+0000] {dag.py:3823} INFO - Setting next_dagrun for example_branch_dop_operator_v3 to 2026-02-02 14:38:00+00:00, run_after=2026-02-02 14:39:00+00:00
[2026-02-02T14:39:50.846+0000] {processor.py:183} INFO - Processing /home/airflow/.local/lib/python3.8/site-packages/airflow/example_dags/example_branch_python_dop_operator_3.py took 0.102 seconds
[2026-02-02T14:40:21.282+0000] {processor.py:161} INFO - Started process (PID=2236) to work on /home/airflow/.local/lib/python3.8/site-packages/airflow/example_dags/example_branch_python_dop_operator_3.py
[2026-02-02T14:40:21.283+0000] {processor.py:830} INFO - Processing file /home/airflow/.local/lib/python3.8/site-packages/airflow/example_dags/example_branch_python_dop_operator_3.py for tasks to queue
[2026-02-02T14:40:21.285+0000] {logging_mixin.py:188} INFO - [2026-02-02T14:40:21.285+0000] {dagbag.py:538} INFO - Filling up the DagBag from /home/airflow/.local/lib/python3.8/site-packages/airflow/example_dags/example_branch_python_dop_operator_3.py
[2026-02-02T14:40:21.293+0000] {processor.py:840} INFO - DAG(s) 'example_branch_dop_operator_v3' retrieved from /home/airflow/.local/lib/python3.8/site-packages/airflow/example_dags/example_branch_python_dop_operator_3.py
[2026-02-02T14:40:21.308+0000] {logging_mixin.py:188} INFO - [2026-02-02T14:40:21.308+0000] {dag.py:3036} INFO - Sync 1 DAGs
[2026-02-02T14:40:21.329+0000] {logging_mixin.py:188} INFO - [2026-02-02T14:40:21.328+0000] {dag.py:3823} INFO - Setting next_dagrun for example_branch_dop_operator_v3 to 2026-02-02 14:39:00+00:00, run_after=2026-02-02 14:40:00+00:00
[2026-02-02T14:40:21.342+0000] {processor.py:183} INFO - Processing /home/airflow/.local/lib/python3.8/site-packages/airflow/example_dags/example_branch_python_dop_operator_3.py took 0.064 seconds
[2026-02-02T14:40:52.040+0000] {processor.py:161} INFO - Started process (PID=2291) to work on /home/airflow/.local/lib/python3.8/site-packages/airflow/example_dags/example_branch_python_dop_operator_3.py
[2026-02-02T14:40:52.042+0000] {processor.py:830} INFO - Processing file /home/airflow/.local/lib/python3.8/site-packages/airflow/example_dags/example_branch_python_dop_operator_3.py for tasks to queue
[2026-02-02T14:40:52.045+0000] {logging_mixin.py:188} INFO - [2026-02-02T14:40:52.044+0000] {dagbag.py:538} INFO - Filling up the DagBag from /home/airflow/.local/lib/python3.8/site-packages/airflow/example_dags/example_branch_python_dop_operator_3.py
[2026-02-02T14:40:52.061+0000] {processor.py:840} INFO - DAG(s) 'example_branch_dop_operator_v3' retrieved from /home/airflow/.local/lib/python3.8/site-packages/airflow/example_dags/example_branch_python_dop_operator_3.py
[2026-02-02T14:40:52.119+0000] {logging_mixin.py:188} INFO - [2026-02-02T14:40:52.119+0000] {dag.py:3036} INFO - Sync 1 DAGs
[2026-02-02T14:40:52.197+0000] {logging_mixin.py:188} INFO - [2026-02-02T14:40:52.197+0000] {dag.py:3823} INFO - Setting next_dagrun for example_branch_dop_operator_v3 to 2026-02-02 14:39:00+00:00, run_after=2026-02-02 14:40:00+00:00
[2026-02-02T14:40:52.235+0000] {processor.py:183} INFO - Processing /home/airflow/.local/lib/python3.8/site-packages/airflow/example_dags/example_branch_python_dop_operator_3.py took 0.214 seconds
[2026-02-02T14:41:22.671+0000] {processor.py:161} INFO - Started process (PID=2347) to work on /home/airflow/.local/lib/python3.8/site-packages/airflow/example_dags/example_branch_python_dop_operator_3.py
[2026-02-02T14:41:22.672+0000] {processor.py:830} INFO - Processing file /home/airflow/.local/lib/python3.8/site-packages/airflow/example_dags/example_branch_python_dop_operator_3.py for tasks to queue
[2026-02-02T14:41:22.674+0000] {logging_mixin.py:188} INFO - [2026-02-02T14:41:22.673+0000] {dagbag.py:538} INFO - Filling up the DagBag from /home/airflow/.local/lib/python3.8/site-packages/airflow/example_dags/example_branch_python_dop_operator_3.py
[2026-02-02T14:41:22.682+0000] {processor.py:840} INFO - DAG(s) 'example_branch_dop_operator_v3' retrieved from /home/airflow/.local/lib/python3.8/site-packages/airflow/example_dags/example_branch_python_dop_operator_3.py
[2026-02-02T14:41:22.705+0000] {logging_mixin.py:188} INFO - [2026-02-02T14:41:22.705+0000] {dag.py:3036} INFO - Sync 1 DAGs
[2026-02-02T14:41:22.739+0000] {logging_mixin.py:188} INFO - [2026-02-02T14:41:22.739+0000] {dag.py:3823} INFO - Setting next_dagrun for example_branch_dop_operator_v3 to 2026-02-02 14:40:00+00:00, run_after=2026-02-02 14:41:00+00:00
[2026-02-02T14:41:22.758+0000] {processor.py:183} INFO - Processing /home/airflow/.local/lib/python3.8/site-packages/airflow/example_dags/example_branch_python_dop_operator_3.py took 0.089 seconds
[2026-02-02T14:41:53.529+0000] {processor.py:161} INFO - Started process (PID=2402) to work on /home/airflow/.local/lib/python3.8/site-packages/airflow/example_dags/example_branch_python_dop_operator_3.py
[2026-02-02T14:41:53.530+0000] {processor.py:830} INFO - Processing file /home/airflow/.local/lib/python3.8/site-packages/airflow/example_dags/example_branch_python_dop_operator_3.py for tasks to queue
[2026-02-02T14:41:53.531+0000] {logging_mixin.py:188} INFO - [2026-02-02T14:41:53.531+0000] {dagbag.py:538} INFO - Filling up the DagBag from /home/airflow/.local/lib/python3.8/site-packages/airflow/example_dags/example_branch_python_dop_operator_3.py
[2026-02-02T14:41:53.538+0000] {processor.py:840} INFO - DAG(s) 'example_branch_dop_operator_v3' retrieved from /home/airflow/.local/lib/python3.8/site-packages/airflow/example_dags/example_branch_python_dop_operator_3.py
[2026-02-02T14:41:53.554+0000] {logging_mixin.py:188} INFO - [2026-02-02T14:41:53.553+0000] {dag.py:3036} INFO - Sync 1 DAGs
[2026-02-02T14:41:53.576+0000] {logging_mixin.py:188} INFO - [2026-02-02T14:41:53.576+0000] {dag.py:3823} INFO - Setting next_dagrun for example_branch_dop_operator_v3 to 2026-02-02 14:40:00+00:00, run_after=2026-02-02 14:41:00+00:00
[2026-02-02T14:41:53.708+0000] {processor.py:183} INFO - Processing /home/airflow/.local/lib/python3.8/site-packages/airflow/example_dags/example_branch_python_dop_operator_3.py took 0.181 seconds
[2026-02-02T14:42:23.805+0000] {processor.py:161} INFO - Started process (PID=2457) to work on /home/airflow/.local/lib/python3.8/site-packages/airflow/example_dags/example_branch_python_dop_operator_3.py
[2026-02-02T14:42:23.806+0000] {processor.py:830} INFO - Processing file /home/airflow/.local/lib/python3.8/site-packages/airflow/example_dags/example_branch_python_dop_operator_3.py for tasks to queue
[2026-02-02T14:42:23.807+0000] {logging_mixin.py:188} INFO - [2026-02-02T14:42:23.807+0000] {dagbag.py:538} INFO - Filling up the DagBag from /home/airflow/.local/lib/python3.8/site-packages/airflow/example_dags/example_branch_python_dop_operator_3.py
[2026-02-02T14:42:23.814+0000] {processor.py:840} INFO - DAG(s) 'example_branch_dop_operator_v3' retrieved from /home/airflow/.local/lib/python3.8/site-packages/airflow/example_dags/example_branch_python_dop_operator_3.py
[2026-02-02T14:42:23.830+0000] {logging_mixin.py:188} INFO - [2026-02-02T14:42:23.830+0000] {dag.py:3036} INFO - Sync 1 DAGs
[2026-02-02T14:42:23.851+0000] {logging_mixin.py:188} INFO - [2026-02-02T14:42:23.851+0000] {dag.py:3823} INFO - Setting next_dagrun for example_branch_dop_operator_v3 to 2026-02-02 14:41:00+00:00, run_after=2026-02-02 14:42:00+00:00
[2026-02-02T14:42:23.866+0000] {processor.py:183} INFO - Processing /home/airflow/.local/lib/python3.8/site-packages/airflow/example_dags/example_branch_python_dop_operator_3.py took 0.063 seconds
[2026-02-02T14:42:54.336+0000] {processor.py:161} INFO - Started process (PID=2512) to work on /home/airflow/.local/lib/python3.8/site-packages/airflow/example_dags/example_branch_python_dop_operator_3.py
[2026-02-02T14:42:54.337+0000] {processor.py:830} INFO - Processing file /home/airflow/.local/lib/python3.8/site-packages/airflow/example_dags/example_branch_python_dop_operator_3.py for tasks to queue
[2026-02-02T14:42:54.339+0000] {logging_mixin.py:188} INFO - [2026-02-02T14:42:54.339+0000] {dagbag.py:538} INFO - Filling up the DagBag from /home/airflow/.local/lib/python3.8/site-packages/airflow/example_dags/example_branch_python_dop_operator_3.py
[2026-02-02T14:42:54.351+0000] {processor.py:840} INFO - DAG(s) 'example_branch_dop_operator_v3' retrieved from /home/airflow/.local/lib/python3.8/site-packages/airflow/example_dags/example_branch_python_dop_operator_3.py
[2026-02-02T14:42:54.384+0000] {logging_mixin.py:188} INFO - [2026-02-02T14:42:54.384+0000] {dag.py:3036} INFO - Sync 1 DAGs
[2026-02-02T14:42:54.430+0000] {logging_mixin.py:188} INFO - [2026-02-02T14:42:54.430+0000] {dag.py:3823} INFO - Setting next_dagrun for example_branch_dop_operator_v3 to 2026-02-02 14:41:00+00:00, run_after=2026-02-02 14:42:00+00:00
[2026-02-02T14:42:54.469+0000] {processor.py:183} INFO - Processing /home/airflow/.local/lib/python3.8/site-packages/airflow/example_dags/example_branch_python_dop_operator_3.py took 0.137 seconds
[2026-02-02T14:43:24.540+0000] {processor.py:161} INFO - Started process (PID=2566) to work on /home/airflow/.local/lib/python3.8/site-packages/airflow/example_dags/example_branch_python_dop_operator_3.py
[2026-02-02T14:43:24.540+0000] {processor.py:830} INFO - Processing file /home/airflow/.local/lib/python3.8/site-packages/airflow/example_dags/example_branch_python_dop_operator_3.py for tasks to queue
[2026-02-02T14:43:24.542+0000] {logging_mixin.py:188} INFO - [2026-02-02T14:43:24.542+0000] {dagbag.py:538} INFO - Filling up the DagBag from /home/airflow/.local/lib/python3.8/site-packages/airflow/example_dags/example_branch_python_dop_operator_3.py
[2026-02-02T14:43:24.549+0000] {processor.py:840} INFO - DAG(s) 'example_branch_dop_operator_v3' retrieved from /home/airflow/.local/lib/python3.8/site-packages/airflow/example_dags/example_branch_python_dop_operator_3.py
[2026-02-02T14:43:24.567+0000] {logging_mixin.py:188} INFO - [2026-02-02T14:43:24.567+0000] {dag.py:3036} INFO - Sync 1 DAGs
[2026-02-02T14:43:24.588+0000] {logging_mixin.py:188} INFO - [2026-02-02T14:43:24.587+0000] {dag.py:3823} INFO - Setting next_dagrun for example_branch_dop_operator_v3 to 2026-02-02 14:42:00+00:00, run_after=2026-02-02 14:43:00+00:00
[2026-02-02T14:43:24.601+0000] {processor.py:183} INFO - Processing /home/airflow/.local/lib/python3.8/site-packages/airflow/example_dags/example_branch_python_dop_operator_3.py took 0.064 seconds
[2026-02-02T14:43:54.871+0000] {processor.py:161} INFO - Started process (PID=2621) to work on /home/airflow/.local/lib/python3.8/site-packages/airflow/example_dags/example_branch_python_dop_operator_3.py
[2026-02-02T14:43:54.872+0000] {processor.py:830} INFO - Processing file /home/airflow/.local/lib/python3.8/site-packages/airflow/example_dags/example_branch_python_dop_operator_3.py for tasks to queue
[2026-02-02T14:43:54.873+0000] {logging_mixin.py:188} INFO - [2026-02-02T14:43:54.873+0000] {dagbag.py:538} INFO - Filling up the DagBag from /home/airflow/.local/lib/python3.8/site-packages/airflow/example_dags/example_branch_python_dop_operator_3.py
[2026-02-02T14:43:54.880+0000] {processor.py:840} INFO - DAG(s) 'example_branch_dop_operator_v3' retrieved from /home/airflow/.local/lib/python3.8/site-packages/airflow/example_dags/example_branch_python_dop_operator_3.py
[2026-02-02T14:43:54.895+0000] {logging_mixin.py:188} INFO - [2026-02-02T14:43:54.895+0000] {dag.py:3036} INFO - Sync 1 DAGs
[2026-02-02T14:43:54.915+0000] {logging_mixin.py:188} INFO - [2026-02-02T14:43:54.915+0000] {dag.py:3823} INFO - Setting next_dagrun for example_branch_dop_operator_v3 to 2026-02-02 14:42:00+00:00, run_after=2026-02-02 14:43:00+00:00
[2026-02-02T14:43:54.929+0000] {processor.py:183} INFO - Processing /home/airflow/.local/lib/python3.8/site-packages/airflow/example_dags/example_branch_python_dop_operator_3.py took 0.061 seconds
[2026-02-02T14:44:25.939+0000] {processor.py:161} INFO - Started process (PID=2676) to work on /home/airflow/.local/lib/python3.8/site-packages/airflow/example_dags/example_branch_python_dop_operator_3.py
[2026-02-02T14:44:25.940+0000] {processor.py:830} INFO - Processing file /home/airflow/.local/lib/python3.8/site-packages/airflow/example_dags/example_branch_python_dop_operator_3.py for tasks to queue
[2026-02-02T14:44:25.941+0000] {logging_mixin.py:188} INFO - [2026-02-02T14:44:25.941+0000] {dagbag.py:538} INFO - Filling up the DagBag from /home/airflow/.local/lib/python3.8/site-packages/airflow/example_dags/example_branch_python_dop_operator_3.py
[2026-02-02T14:44:25.948+0000] {processor.py:840} INFO - DAG(s) 'example_branch_dop_operator_v3' retrieved from /home/airflow/.local/lib/python3.8/site-packages/airflow/example_dags/example_branch_python_dop_operator_3.py
[2026-02-02T14:44:25.964+0000] {logging_mixin.py:188} INFO - [2026-02-02T14:44:25.963+0000] {dag.py:3036} INFO - Sync 1 DAGs
[2026-02-02T14:44:26.096+0000] {logging_mixin.py:188} INFO - [2026-02-02T14:44:26.095+0000] {dag.py:3823} INFO - Setting next_dagrun for example_branch_dop_operator_v3 to 2026-02-02 14:43:00+00:00, run_after=2026-02-02 14:44:00+00:00
[2026-02-02T14:44:26.109+0000] {processor.py:183} INFO - Processing /home/airflow/.local/lib/python3.8/site-packages/airflow/example_dags/example_branch_python_dop_operator_3.py took 0.173 seconds
[2026-02-02T14:44:56.808+0000] {processor.py:161} INFO - Started process (PID=2731) to work on /home/airflow/.local/lib/python3.8/site-packages/airflow/example_dags/example_branch_python_dop_operator_3.py
[2026-02-02T14:44:56.809+0000] {processor.py:830} INFO - Processing file /home/airflow/.local/lib/python3.8/site-packages/airflow/example_dags/example_branch_python_dop_operator_3.py for tasks to queue
[2026-02-02T14:44:56.811+0000] {logging_mixin.py:188} INFO - [2026-02-02T14:44:56.810+0000] {dagbag.py:538} INFO - Filling up the DagBag from /home/airflow/.local/lib/python3.8/site-packages/airflow/example_dags/example_branch_python_dop_operator_3.py
[2026-02-02T14:44:56.820+0000] {processor.py:840} INFO - DAG(s) 'example_branch_dop_operator_v3' retrieved from /home/airflow/.local/lib/python3.8/site-packages/airflow/example_dags/example_branch_python_dop_operator_3.py
[2026-02-02T14:44:56.843+0000] {logging_mixin.py:188} INFO - [2026-02-02T14:44:56.843+0000] {dag.py:3036} INFO - Sync 1 DAGs
[2026-02-02T14:44:57.038+0000] {logging_mixin.py:188} INFO - [2026-02-02T14:44:57.038+0000] {dag.py:3823} INFO - Setting next_dagrun for example_branch_dop_operator_v3 to 2026-02-02 14:43:00+00:00, run_after=2026-02-02 14:44:00+00:00
[2026-02-02T14:44:57.057+0000] {processor.py:183} INFO - Processing /home/airflow/.local/lib/python3.8/site-packages/airflow/example_dags/example_branch_python_dop_operator_3.py took 0.252 seconds
[2026-02-02T14:45:27.135+0000] {processor.py:161} INFO - Started process (PID=2788) to work on /home/airflow/.local/lib/python3.8/site-packages/airflow/example_dags/example_branch_python_dop_operator_3.py
[2026-02-02T14:45:27.136+0000] {processor.py:830} INFO - Processing file /home/airflow/.local/lib/python3.8/site-packages/airflow/example_dags/example_branch_python_dop_operator_3.py for tasks to queue
[2026-02-02T14:45:27.138+0000] {logging_mixin.py:188} INFO - [2026-02-02T14:45:27.138+0000] {dagbag.py:538} INFO - Filling up the DagBag from /home/airflow/.local/lib/python3.8/site-packages/airflow/example_dags/example_branch_python_dop_operator_3.py
[2026-02-02T14:45:27.152+0000] {processor.py:840} INFO - DAG(s) 'example_branch_dop_operator_v3' retrieved from /home/airflow/.local/lib/python3.8/site-packages/airflow/example_dags/example_branch_python_dop_operator_3.py
[2026-02-02T14:45:27.170+0000] {logging_mixin.py:188} INFO - [2026-02-02T14:45:27.170+0000] {dag.py:3036} INFO - Sync 1 DAGs
[2026-02-02T14:45:27.191+0000] {logging_mixin.py:188} INFO - [2026-02-02T14:45:27.191+0000] {dag.py:3823} INFO - Setting next_dagrun for example_branch_dop_operator_v3 to 2026-02-02 14:44:00+00:00, run_after=2026-02-02 14:45:00+00:00
[2026-02-02T14:45:27.205+0000] {processor.py:183} INFO - Processing /home/airflow/.local/lib/python3.8/site-packages/airflow/example_dags/example_branch_python_dop_operator_3.py took 0.073 seconds
[2026-02-02T14:45:57.474+0000] {processor.py:161} INFO - Started process (PID=2844) to work on /home/airflow/.local/lib/python3.8/site-packages/airflow/example_dags/example_branch_python_dop_operator_3.py
[2026-02-02T14:45:57.475+0000] {processor.py:830} INFO - Processing file /home/airflow/.local/lib/python3.8/site-packages/airflow/example_dags/example_branch_python_dop_operator_3.py for tasks to queue
[2026-02-02T14:45:57.477+0000] {logging_mixin.py:188} INFO - [2026-02-02T14:45:57.476+0000] {dagbag.py:538} INFO - Filling up the DagBag from /home/airflow/.local/lib/python3.8/site-packages/airflow/example_dags/example_branch_python_dop_operator_3.py
[2026-02-02T14:45:57.487+0000] {processor.py:840} INFO - DAG(s) 'example_branch_dop_operator_v3' retrieved from /home/airflow/.local/lib/python3.8/site-packages/airflow/example_dags/example_branch_python_dop_operator_3.py
[2026-02-02T14:45:57.509+0000] {logging_mixin.py:188} INFO - [2026-02-02T14:45:57.509+0000] {dag.py:3036} INFO - Sync 1 DAGs
[2026-02-02T14:45:57.541+0000] {logging_mixin.py:188} INFO - [2026-02-02T14:45:57.541+0000] {dag.py:3823} INFO - Setting next_dagrun for example_branch_dop_operator_v3 to 2026-02-02 14:44:00+00:00, run_after=2026-02-02 14:45:00+00:00
[2026-02-02T14:45:57.563+0000] {processor.py:183} INFO - Processing /home/airflow/.local/lib/python3.8/site-packages/airflow/example_dags/example_branch_python_dop_operator_3.py took 0.093 seconds
[2026-02-02T14:46:27.674+0000] {processor.py:161} INFO - Started process (PID=2899) to work on /home/airflow/.local/lib/python3.8/site-packages/airflow/example_dags/example_branch_python_dop_operator_3.py
[2026-02-02T14:46:27.675+0000] {processor.py:830} INFO - Processing file /home/airflow/.local/lib/python3.8/site-packages/airflow/example_dags/example_branch_python_dop_operator_3.py for tasks to queue
[2026-02-02T14:46:27.677+0000] {logging_mixin.py:188} INFO - [2026-02-02T14:46:27.677+0000] {dagbag.py:538} INFO - Filling up the DagBag from /home/airflow/.local/lib/python3.8/site-packages/airflow/example_dags/example_branch_python_dop_operator_3.py
[2026-02-02T14:46:27.687+0000] {processor.py:840} INFO - DAG(s) 'example_branch_dop_operator_v3' retrieved from /home/airflow/.local/lib/python3.8/site-packages/airflow/example_dags/example_branch_python_dop_operator_3.py
[2026-02-02T14:46:27.709+0000] {logging_mixin.py:188} INFO - [2026-02-02T14:46:27.709+0000] {dag.py:3036} INFO - Sync 1 DAGs
[2026-02-02T14:46:27.746+0000] {logging_mixin.py:188} INFO - [2026-02-02T14:46:27.746+0000] {dag.py:3823} INFO - Setting next_dagrun for example_branch_dop_operator_v3 to 2026-02-02 14:45:00+00:00, run_after=2026-02-02 14:46:00+00:00
[2026-02-02T14:46:27.764+0000] {processor.py:183} INFO - Processing /home/airflow/.local/lib/python3.8/site-packages/airflow/example_dags/example_branch_python_dop_operator_3.py took 0.094 seconds
[2026-02-02T14:46:57.973+0000] {processor.py:161} INFO - Started process (PID=2955) to work on /home/airflow/.local/lib/python3.8/site-packages/airflow/example_dags/example_branch_python_dop_operator_3.py
[2026-02-02T14:46:57.974+0000] {processor.py:830} INFO - Processing file /home/airflow/.local/lib/python3.8/site-packages/airflow/example_dags/example_branch_python_dop_operator_3.py for tasks to queue
[2026-02-02T14:46:57.975+0000] {logging_mixin.py:188} INFO - [2026-02-02T14:46:57.975+0000] {dagbag.py:538} INFO - Filling up the DagBag from /home/airflow/.local/lib/python3.8/site-packages/airflow/example_dags/example_branch_python_dop_operator_3.py
[2026-02-02T14:46:57.982+0000] {processor.py:840} INFO - DAG(s) 'example_branch_dop_operator_v3' retrieved from /home/airflow/.local/lib/python3.8/site-packages/airflow/example_dags/example_branch_python_dop_operator_3.py
[2026-02-02T14:46:57.998+0000] {logging_mixin.py:188} INFO - [2026-02-02T14:46:57.998+0000] {dag.py:3036} INFO - Sync 1 DAGs
[2026-02-02T14:46:58.019+0000] {logging_mixin.py:188} INFO - [2026-02-02T14:46:58.018+0000] {dag.py:3823} INFO - Setting next_dagrun for example_branch_dop_operator_v3 to 2026-02-02 14:45:00+00:00, run_after=2026-02-02 14:46:00+00:00
[2026-02-02T14:46:58.032+0000] {processor.py:183} INFO - Processing /home/airflow/.local/lib/python3.8/site-packages/airflow/example_dags/example_branch_python_dop_operator_3.py took 0.062 seconds
[2026-02-02T14:47:28.914+0000] {processor.py:161} INFO - Started process (PID=3011) to work on /home/airflow/.local/lib/python3.8/site-packages/airflow/example_dags/example_branch_python_dop_operator_3.py
[2026-02-02T14:47:28.915+0000] {processor.py:830} INFO - Processing file /home/airflow/.local/lib/python3.8/site-packages/airflow/example_dags/example_branch_python_dop_operator_3.py for tasks to queue
[2026-02-02T14:47:28.916+0000] {logging_mixin.py:188} INFO - [2026-02-02T14:47:28.916+0000] {dagbag.py:538} INFO - Filling up the DagBag from /home/airflow/.local/lib/python3.8/site-packages/airflow/example_dags/example_branch_python_dop_operator_3.py
[2026-02-02T14:47:28.923+0000] {processor.py:840} INFO - DAG(s) 'example_branch_dop_operator_v3' retrieved from /home/airflow/.local/lib/python3.8/site-packages/airflow/example_dags/example_branch_python_dop_operator_3.py
[2026-02-02T14:47:28.939+0000] {logging_mixin.py:188} INFO - [2026-02-02T14:47:28.939+0000] {dag.py:3036} INFO - Sync 1 DAGs
[2026-02-02T14:47:28.960+0000] {logging_mixin.py:188} INFO - [2026-02-02T14:47:28.960+0000] {dag.py:3823} INFO - Setting next_dagrun for example_branch_dop_operator_v3 to 2026-02-02 14:46:00+00:00, run_after=2026-02-02 14:47:00+00:00
[2026-02-02T14:47:28.982+0000] {processor.py:183} INFO - Processing /home/airflow/.local/lib/python3.8/site-packages/airflow/example_dags/example_branch_python_dop_operator_3.py took 0.070 seconds
[2026-02-02T14:47:59.917+0000] {processor.py:161} INFO - Started process (PID=3074) to work on /home/airflow/.local/lib/python3.8/site-packages/airflow/example_dags/example_branch_python_dop_operator_3.py
[2026-02-02T14:47:59.918+0000] {processor.py:830} INFO - Processing file /home/airflow/.local/lib/python3.8/site-packages/airflow/example_dags/example_branch_python_dop_operator_3.py for tasks to queue
[2026-02-02T14:47:59.920+0000] {logging_mixin.py:188} INFO - [2026-02-02T14:47:59.920+0000] {dagbag.py:538} INFO - Filling up the DagBag from /home/airflow/.local/lib/python3.8/site-packages/airflow/example_dags/example_branch_python_dop_operator_3.py
[2026-02-02T14:47:59.930+0000] {processor.py:840} INFO - DAG(s) 'example_branch_dop_operator_v3' retrieved from /home/airflow/.local/lib/python3.8/site-packages/airflow/example_dags/example_branch_python_dop_operator_3.py
[2026-02-02T14:47:59.952+0000] {logging_mixin.py:188} INFO - [2026-02-02T14:47:59.952+0000] {dag.py:3036} INFO - Sync 1 DAGs
[2026-02-02T14:47:59.985+0000] {logging_mixin.py:188} INFO - [2026-02-02T14:47:59.985+0000] {dag.py:3823} INFO - Setting next_dagrun for example_branch_dop_operator_v3 to 2026-02-02 14:46:00+00:00, run_after=2026-02-02 14:47:00+00:00
[2026-02-02T14:48:00.003+0000] {processor.py:183} INFO - Processing /home/airflow/.local/lib/python3.8/site-packages/airflow/example_dags/example_branch_python_dop_operator_3.py took 0.089 seconds
[2026-02-02T14:48:30.413+0000] {processor.py:161} INFO - Started process (PID=3129) to work on /home/airflow/.local/lib/python3.8/site-packages/airflow/example_dags/example_branch_python_dop_operator_3.py
[2026-02-02T14:48:30.414+0000] {processor.py:830} INFO - Processing file /home/airflow/.local/lib/python3.8/site-packages/airflow/example_dags/example_branch_python_dop_operator_3.py for tasks to queue
[2026-02-02T14:48:30.416+0000] {logging_mixin.py:188} INFO - [2026-02-02T14:48:30.416+0000] {dagbag.py:538} INFO - Filling up the DagBag from /home/airflow/.local/lib/python3.8/site-packages/airflow/example_dags/example_branch_python_dop_operator_3.py
[2026-02-02T14:48:30.428+0000] {processor.py:840} INFO - DAG(s) 'example_branch_dop_operator_v3' retrieved from /home/airflow/.local/lib/python3.8/site-packages/airflow/example_dags/example_branch_python_dop_operator_3.py
[2026-02-02T14:48:30.453+0000] {logging_mixin.py:188} INFO - [2026-02-02T14:48:30.453+0000] {dag.py:3036} INFO - Sync 1 DAGs
[2026-02-02T14:48:30.485+0000] {logging_mixin.py:188} INFO - [2026-02-02T14:48:30.484+0000] {dag.py:3823} INFO - Setting next_dagrun for example_branch_dop_operator_v3 to 2026-02-02 14:47:00+00:00, run_after=2026-02-02 14:48:00+00:00
[2026-02-02T14:48:30.503+0000] {processor.py:183} INFO - Processing /home/airflow/.local/lib/python3.8/site-packages/airflow/example_dags/example_branch_python_dop_operator_3.py took 0.093 seconds
[2026-02-02T14:49:01.558+0000] {processor.py:161} INFO - Started process (PID=3185) to work on /home/airflow/.local/lib/python3.8/site-packages/airflow/example_dags/example_branch_python_dop_operator_3.py
[2026-02-02T14:49:01.559+0000] {processor.py:830} INFO - Processing file /home/airflow/.local/lib/python3.8/site-packages/airflow/example_dags/example_branch_python_dop_operator_3.py for tasks to queue
[2026-02-02T14:49:01.561+0000] {logging_mixin.py:188} INFO - [2026-02-02T14:49:01.560+0000] {dagbag.py:538} INFO - Filling up the DagBag from /home/airflow/.local/lib/python3.8/site-packages/airflow/example_dags/example_branch_python_dop_operator_3.py
[2026-02-02T14:49:01.572+0000] {processor.py:840} INFO - DAG(s) 'example_branch_dop_operator_v3' retrieved from /home/airflow/.local/lib/python3.8/site-packages/airflow/example_dags/example_branch_python_dop_operator_3.py
[2026-02-02T14:49:01.595+0000] {logging_mixin.py:188} INFO - [2026-02-02T14:49:01.595+0000] {dag.py:3036} INFO - Sync 1 DAGs
[2026-02-02T14:49:01.642+0000] {logging_mixin.py:188} INFO - [2026-02-02T14:49:01.642+0000] {dag.py:3823} INFO - Setting next_dagrun for example_branch_dop_operator_v3 to 2026-02-02 14:48:00+00:00, run_after=2026-02-02 14:49:00+00:00
[2026-02-02T14:49:01.678+0000] {processor.py:183} INFO - Processing /home/airflow/.local/lib/python3.8/site-packages/airflow/example_dags/example_branch_python_dop_operator_3.py took 0.124 seconds
[2026-02-02T14:49:31.877+0000] {processor.py:161} INFO - Started process (PID=3241) to work on /home/airflow/.local/lib/python3.8/site-packages/airflow/example_dags/example_branch_python_dop_operator_3.py
[2026-02-02T14:49:31.878+0000] {processor.py:830} INFO - Processing file /home/airflow/.local/lib/python3.8/site-packages/airflow/example_dags/example_branch_python_dop_operator_3.py for tasks to queue
[2026-02-02T14:49:31.879+0000] {logging_mixin.py:188} INFO - [2026-02-02T14:49:31.879+0000] {dagbag.py:538} INFO - Filling up the DagBag from /home/airflow/.local/lib/python3.8/site-packages/airflow/example_dags/example_branch_python_dop_operator_3.py
[2026-02-02T14:49:31.887+0000] {processor.py:840} INFO - DAG(s) 'example_branch_dop_operator_v3' retrieved from /home/airflow/.local/lib/python3.8/site-packages/airflow/example_dags/example_branch_python_dop_operator_3.py
[2026-02-02T14:49:31.902+0000] {logging_mixin.py:188} INFO - [2026-02-02T14:49:31.902+0000] {dag.py:3036} INFO - Sync 1 DAGs
[2026-02-02T14:49:31.927+0000] {logging_mixin.py:188} INFO - [2026-02-02T14:49:31.926+0000] {dag.py:3823} INFO - Setting next_dagrun for example_branch_dop_operator_v3 to 2026-02-02 14:48:00+00:00, run_after=2026-02-02 14:49:00+00:00
[2026-02-02T14:49:31.942+0000] {processor.py:183} INFO - Processing /home/airflow/.local/lib/python3.8/site-packages/airflow/example_dags/example_branch_python_dop_operator_3.py took 0.068 seconds
[2026-02-02T14:50:02.430+0000] {processor.py:161} INFO - Started process (PID=3297) to work on /home/airflow/.local/lib/python3.8/site-packages/airflow/example_dags/example_branch_python_dop_operator_3.py
[2026-02-02T14:50:02.430+0000] {processor.py:830} INFO - Processing file /home/airflow/.local/lib/python3.8/site-packages/airflow/example_dags/example_branch_python_dop_operator_3.py for tasks to queue
[2026-02-02T14:50:02.432+0000] {logging_mixin.py:188} INFO - [2026-02-02T14:50:02.432+0000] {dagbag.py:538} INFO - Filling up the DagBag from /home/airflow/.local/lib/python3.8/site-packages/airflow/example_dags/example_branch_python_dop_operator_3.py
[2026-02-02T14:50:02.442+0000] {processor.py:840} INFO - DAG(s) 'example_branch_dop_operator_v3' retrieved from /home/airflow/.local/lib/python3.8/site-packages/airflow/example_dags/example_branch_python_dop_operator_3.py
[2026-02-02T14:50:02.465+0000] {logging_mixin.py:188} INFO - [2026-02-02T14:50:02.465+0000] {dag.py:3036} INFO - Sync 1 DAGs
[2026-02-02T14:50:02.499+0000] {logging_mixin.py:188} INFO - [2026-02-02T14:50:02.498+0000] {dag.py:3823} INFO - Setting next_dagrun for example_branch_dop_operator_v3 to 2026-02-02 14:49:00+00:00, run_after=2026-02-02 14:50:00+00:00
[2026-02-02T14:50:02.520+0000] {processor.py:183} INFO - Processing /home/airflow/.local/lib/python3.8/site-packages/airflow/example_dags/example_branch_python_dop_operator_3.py took 0.093 seconds
[2026-02-02T14:50:32.740+0000] {processor.py:161} INFO - Started process (PID=3353) to work on /home/airflow/.local/lib/python3.8/site-packages/airflow/example_dags/example_branch_python_dop_operator_3.py
[2026-02-02T14:50:32.741+0000] {processor.py:830} INFO - Processing file /home/airflow/.local/lib/python3.8/site-packages/airflow/example_dags/example_branch_python_dop_operator_3.py for tasks to queue
[2026-02-02T14:50:32.742+0000] {logging_mixin.py:188} INFO - [2026-02-02T14:50:32.742+0000] {dagbag.py:538} INFO - Filling up the DagBag from /home/airflow/.local/lib/python3.8/site-packages/airflow/example_dags/example_branch_python_dop_operator_3.py
[2026-02-02T14:50:32.749+0000] {processor.py:840} INFO - DAG(s) 'example_branch_dop_operator_v3' retrieved from /home/airflow/.local/lib/python3.8/site-packages/airflow/example_dags/example_branch_python_dop_operator_3.py
[2026-02-02T14:50:32.765+0000] {logging_mixin.py:188} INFO - [2026-02-02T14:50:32.765+0000] {dag.py:3036} INFO - Sync 1 DAGs
[2026-02-02T14:50:32.786+0000] {logging_mixin.py:188} INFO - [2026-02-02T14:50:32.786+0000] {dag.py:3823} INFO - Setting next_dagrun for example_branch_dop_operator_v3 to 2026-02-02 14:49:00+00:00, run_after=2026-02-02 14:50:00+00:00
[2026-02-02T14:50:32.799+0000] {processor.py:183} INFO - Processing /home/airflow/.local/lib/python3.8/site-packages/airflow/example_dags/example_branch_python_dop_operator_3.py took 0.062 seconds
