[2026-02-02T14:20:27.451+0000] {processor.py:161} INFO - Started process (PID=93) to work on /home/airflow/.local/lib/python3.8/site-packages/airflow/example_dags/example_params_trigger_ui.py
[2026-02-02T14:20:27.466+0000] {processor.py:830} INFO - Processing file /home/airflow/.local/lib/python3.8/site-packages/airflow/example_dags/example_params_trigger_ui.py for tasks to queue
[2026-02-02T14:20:27.490+0000] {logging_mixin.py:188} INFO - [2026-02-02T14:20:27.481+0000] {dagbag.py:538} INFO - Filling up the DagBag from /home/airflow/.local/lib/python3.8/site-packages/airflow/example_dags/example_params_trigger_ui.py
[2026-02-02T14:20:27.649+0000] {processor.py:840} INFO - DAG(s) 'example_params_trigger_ui' retrieved from /home/airflow/.local/lib/python3.8/site-packages/airflow/example_dags/example_params_trigger_ui.py
[2026-02-02T14:20:28.845+0000] {logging_mixin.py:188} INFO - [2026-02-02T14:20:28.845+0000] {override.py:1769} INFO - Created Permission View: can edit on DAG:example_params_trigger_ui
[2026-02-02T14:20:28.902+0000] {logging_mixin.py:188} INFO - [2026-02-02T14:20:28.901+0000] {override.py:1769} INFO - Created Permission View: can delete on DAG:example_params_trigger_ui
[2026-02-02T14:20:28.940+0000] {logging_mixin.py:188} INFO - [2026-02-02T14:20:28.940+0000] {override.py:1769} INFO - Created Permission View: can read on DAG:example_params_trigger_ui
[2026-02-02T14:20:28.943+0000] {logging_mixin.py:188} INFO - [2026-02-02T14:20:28.943+0000] {dag.py:3036} INFO - Sync 1 DAGs
[2026-02-02T14:20:29.037+0000] {logging_mixin.py:188} INFO - [2026-02-02T14:20:29.029+0000] {dag.py:3058} INFO - Creating ORM DAG for example_params_trigger_ui
[2026-02-02T14:20:29.038+0000] {logging_mixin.py:188} INFO - [2026-02-02T14:20:29.038+0000] {dag.py:3823} INFO - Setting next_dagrun for example_params_trigger_ui to None, run_after=None
[2026-02-02T14:20:29.134+0000] {processor.py:183} INFO - Processing /home/airflow/.local/lib/python3.8/site-packages/airflow/example_dags/example_params_trigger_ui.py took 1.693 seconds
[2026-02-02T14:20:59.772+0000] {processor.py:161} INFO - Started process (PID=148) to work on /home/airflow/.local/lib/python3.8/site-packages/airflow/example_dags/example_params_trigger_ui.py
[2026-02-02T14:20:59.772+0000] {processor.py:830} INFO - Processing file /home/airflow/.local/lib/python3.8/site-packages/airflow/example_dags/example_params_trigger_ui.py for tasks to queue
[2026-02-02T14:20:59.774+0000] {logging_mixin.py:188} INFO - [2026-02-02T14:20:59.773+0000] {dagbag.py:538} INFO - Filling up the DagBag from /home/airflow/.local/lib/python3.8/site-packages/airflow/example_dags/example_params_trigger_ui.py
[2026-02-02T14:20:59.785+0000] {processor.py:840} INFO - DAG(s) 'example_params_trigger_ui' retrieved from /home/airflow/.local/lib/python3.8/site-packages/airflow/example_dags/example_params_trigger_ui.py
[2026-02-02T14:20:59.827+0000] {logging_mixin.py:188} INFO - [2026-02-02T14:20:59.827+0000] {dag.py:3036} INFO - Sync 1 DAGs
[2026-02-02T14:20:59.836+0000] {logging_mixin.py:188} INFO - [2026-02-02T14:20:59.836+0000] {dag.py:3823} INFO - Setting next_dagrun for example_params_trigger_ui to None, run_after=None
[2026-02-02T14:20:59.851+0000] {processor.py:183} INFO - Processing /home/airflow/.local/lib/python3.8/site-packages/airflow/example_dags/example_params_trigger_ui.py took 0.082 seconds
[2026-02-02T14:21:30.641+0000] {processor.py:161} INFO - Started process (PID=203) to work on /home/airflow/.local/lib/python3.8/site-packages/airflow/example_dags/example_params_trigger_ui.py
[2026-02-02T14:21:30.642+0000] {processor.py:830} INFO - Processing file /home/airflow/.local/lib/python3.8/site-packages/airflow/example_dags/example_params_trigger_ui.py for tasks to queue
[2026-02-02T14:21:30.644+0000] {logging_mixin.py:188} INFO - [2026-02-02T14:21:30.643+0000] {dagbag.py:538} INFO - Filling up the DagBag from /home/airflow/.local/lib/python3.8/site-packages/airflow/example_dags/example_params_trigger_ui.py
[2026-02-02T14:21:30.654+0000] {processor.py:840} INFO - DAG(s) 'example_params_trigger_ui' retrieved from /home/airflow/.local/lib/python3.8/site-packages/airflow/example_dags/example_params_trigger_ui.py
[2026-02-02T14:21:30.696+0000] {logging_mixin.py:188} INFO - [2026-02-02T14:21:30.696+0000] {dag.py:3036} INFO - Sync 1 DAGs
[2026-02-02T14:21:30.706+0000] {logging_mixin.py:188} INFO - [2026-02-02T14:21:30.705+0000] {dag.py:3823} INFO - Setting next_dagrun for example_params_trigger_ui to None, run_after=None
[2026-02-02T14:21:30.720+0000] {processor.py:183} INFO - Processing /home/airflow/.local/lib/python3.8/site-packages/airflow/example_dags/example_params_trigger_ui.py took 0.082 seconds
[2026-02-02T14:22:00.942+0000] {processor.py:161} INFO - Started process (PID=258) to work on /home/airflow/.local/lib/python3.8/site-packages/airflow/example_dags/example_params_trigger_ui.py
[2026-02-02T14:22:00.943+0000] {processor.py:830} INFO - Processing file /home/airflow/.local/lib/python3.8/site-packages/airflow/example_dags/example_params_trigger_ui.py for tasks to queue
[2026-02-02T14:22:00.944+0000] {logging_mixin.py:188} INFO - [2026-02-02T14:22:00.944+0000] {dagbag.py:538} INFO - Filling up the DagBag from /home/airflow/.local/lib/python3.8/site-packages/airflow/example_dags/example_params_trigger_ui.py
[2026-02-02T14:22:00.955+0000] {processor.py:840} INFO - DAG(s) 'example_params_trigger_ui' retrieved from /home/airflow/.local/lib/python3.8/site-packages/airflow/example_dags/example_params_trigger_ui.py
[2026-02-02T14:22:01.006+0000] {logging_mixin.py:188} INFO - [2026-02-02T14:22:01.006+0000] {dag.py:3036} INFO - Sync 1 DAGs
[2026-02-02T14:22:01.023+0000] {logging_mixin.py:188} INFO - [2026-02-02T14:22:01.023+0000] {dag.py:3823} INFO - Setting next_dagrun for example_params_trigger_ui to None, run_after=None
[2026-02-02T14:22:01.040+0000] {processor.py:183} INFO - Processing /home/airflow/.local/lib/python3.8/site-packages/airflow/example_dags/example_params_trigger_ui.py took 0.101 seconds
[2026-02-02T14:22:31.620+0000] {processor.py:161} INFO - Started process (PID=313) to work on /home/airflow/.local/lib/python3.8/site-packages/airflow/example_dags/example_params_trigger_ui.py
[2026-02-02T14:22:31.621+0000] {processor.py:830} INFO - Processing file /home/airflow/.local/lib/python3.8/site-packages/airflow/example_dags/example_params_trigger_ui.py for tasks to queue
[2026-02-02T14:22:31.622+0000] {logging_mixin.py:188} INFO - [2026-02-02T14:22:31.622+0000] {dagbag.py:538} INFO - Filling up the DagBag from /home/airflow/.local/lib/python3.8/site-packages/airflow/example_dags/example_params_trigger_ui.py
[2026-02-02T14:22:31.633+0000] {processor.py:840} INFO - DAG(s) 'example_params_trigger_ui' retrieved from /home/airflow/.local/lib/python3.8/site-packages/airflow/example_dags/example_params_trigger_ui.py
[2026-02-02T14:22:31.700+0000] {logging_mixin.py:188} INFO - [2026-02-02T14:22:31.700+0000] {dag.py:3036} INFO - Sync 1 DAGs
[2026-02-02T14:22:31.716+0000] {logging_mixin.py:188} INFO - [2026-02-02T14:22:31.715+0000] {dag.py:3823} INFO - Setting next_dagrun for example_params_trigger_ui to None, run_after=None
[2026-02-02T14:22:31.737+0000] {processor.py:183} INFO - Processing /home/airflow/.local/lib/python3.8/site-packages/airflow/example_dags/example_params_trigger_ui.py took 0.119 seconds
[2026-02-02T14:23:02.143+0000] {processor.py:161} INFO - Started process (PID=368) to work on /home/airflow/.local/lib/python3.8/site-packages/airflow/example_dags/example_params_trigger_ui.py
[2026-02-02T14:23:02.143+0000] {processor.py:830} INFO - Processing file /home/airflow/.local/lib/python3.8/site-packages/airflow/example_dags/example_params_trigger_ui.py for tasks to queue
[2026-02-02T14:23:02.145+0000] {logging_mixin.py:188} INFO - [2026-02-02T14:23:02.145+0000] {dagbag.py:538} INFO - Filling up the DagBag from /home/airflow/.local/lib/python3.8/site-packages/airflow/example_dags/example_params_trigger_ui.py
[2026-02-02T14:23:02.155+0000] {processor.py:840} INFO - DAG(s) 'example_params_trigger_ui' retrieved from /home/airflow/.local/lib/python3.8/site-packages/airflow/example_dags/example_params_trigger_ui.py
[2026-02-02T14:23:02.201+0000] {logging_mixin.py:188} INFO - [2026-02-02T14:23:02.201+0000] {dag.py:3036} INFO - Sync 1 DAGs
[2026-02-02T14:23:02.210+0000] {logging_mixin.py:188} INFO - [2026-02-02T14:23:02.210+0000] {dag.py:3823} INFO - Setting next_dagrun for example_params_trigger_ui to None, run_after=None
[2026-02-02T14:23:02.226+0000] {processor.py:183} INFO - Processing /home/airflow/.local/lib/python3.8/site-packages/airflow/example_dags/example_params_trigger_ui.py took 0.086 seconds
[2026-02-02T14:23:32.729+0000] {processor.py:161} INFO - Started process (PID=423) to work on /home/airflow/.local/lib/python3.8/site-packages/airflow/example_dags/example_params_trigger_ui.py
[2026-02-02T14:23:32.729+0000] {processor.py:830} INFO - Processing file /home/airflow/.local/lib/python3.8/site-packages/airflow/example_dags/example_params_trigger_ui.py for tasks to queue
[2026-02-02T14:23:32.731+0000] {logging_mixin.py:188} INFO - [2026-02-02T14:23:32.731+0000] {dagbag.py:538} INFO - Filling up the DagBag from /home/airflow/.local/lib/python3.8/site-packages/airflow/example_dags/example_params_trigger_ui.py
[2026-02-02T14:23:32.741+0000] {processor.py:840} INFO - DAG(s) 'example_params_trigger_ui' retrieved from /home/airflow/.local/lib/python3.8/site-packages/airflow/example_dags/example_params_trigger_ui.py
[2026-02-02T14:23:32.786+0000] {logging_mixin.py:188} INFO - [2026-02-02T14:23:32.786+0000] {dag.py:3036} INFO - Sync 1 DAGs
[2026-02-02T14:23:32.795+0000] {logging_mixin.py:188} INFO - [2026-02-02T14:23:32.795+0000] {dag.py:3823} INFO - Setting next_dagrun for example_params_trigger_ui to None, run_after=None
[2026-02-02T14:23:32.812+0000] {processor.py:183} INFO - Processing /home/airflow/.local/lib/python3.8/site-packages/airflow/example_dags/example_params_trigger_ui.py took 0.086 seconds
[2026-02-02T14:24:02.975+0000] {processor.py:161} INFO - Started process (PID=477) to work on /home/airflow/.local/lib/python3.8/site-packages/airflow/example_dags/example_params_trigger_ui.py
[2026-02-02T14:24:02.976+0000] {processor.py:830} INFO - Processing file /home/airflow/.local/lib/python3.8/site-packages/airflow/example_dags/example_params_trigger_ui.py for tasks to queue
[2026-02-02T14:24:02.978+0000] {logging_mixin.py:188} INFO - [2026-02-02T14:24:02.978+0000] {dagbag.py:538} INFO - Filling up the DagBag from /home/airflow/.local/lib/python3.8/site-packages/airflow/example_dags/example_params_trigger_ui.py
[2026-02-02T14:24:02.989+0000] {processor.py:840} INFO - DAG(s) 'example_params_trigger_ui' retrieved from /home/airflow/.local/lib/python3.8/site-packages/airflow/example_dags/example_params_trigger_ui.py
[2026-02-02T14:24:03.064+0000] {logging_mixin.py:188} INFO - [2026-02-02T14:24:03.063+0000] {dag.py:3036} INFO - Sync 1 DAGs
[2026-02-02T14:24:03.078+0000] {logging_mixin.py:188} INFO - [2026-02-02T14:24:03.078+0000] {dag.py:3823} INFO - Setting next_dagrun for example_params_trigger_ui to None, run_after=None
[2026-02-02T14:24:03.098+0000] {processor.py:183} INFO - Processing /home/airflow/.local/lib/python3.8/site-packages/airflow/example_dags/example_params_trigger_ui.py took 0.127 seconds
[2026-02-02T14:24:33.249+0000] {processor.py:161} INFO - Started process (PID=533) to work on /home/airflow/.local/lib/python3.8/site-packages/airflow/example_dags/example_params_trigger_ui.py
[2026-02-02T14:24:33.250+0000] {processor.py:830} INFO - Processing file /home/airflow/.local/lib/python3.8/site-packages/airflow/example_dags/example_params_trigger_ui.py for tasks to queue
[2026-02-02T14:24:33.251+0000] {logging_mixin.py:188} INFO - [2026-02-02T14:24:33.251+0000] {dagbag.py:538} INFO - Filling up the DagBag from /home/airflow/.local/lib/python3.8/site-packages/airflow/example_dags/example_params_trigger_ui.py
[2026-02-02T14:24:33.264+0000] {processor.py:840} INFO - DAG(s) 'example_params_trigger_ui' retrieved from /home/airflow/.local/lib/python3.8/site-packages/airflow/example_dags/example_params_trigger_ui.py
[2026-02-02T14:24:33.335+0000] {logging_mixin.py:188} INFO - [2026-02-02T14:24:33.335+0000] {dag.py:3036} INFO - Sync 1 DAGs
[2026-02-02T14:24:33.349+0000] {logging_mixin.py:188} INFO - [2026-02-02T14:24:33.349+0000] {dag.py:3823} INFO - Setting next_dagrun for example_params_trigger_ui to None, run_after=None
[2026-02-02T14:24:33.373+0000] {processor.py:183} INFO - Processing /home/airflow/.local/lib/python3.8/site-packages/airflow/example_dags/example_params_trigger_ui.py took 0.127 seconds
[2026-02-02T14:25:03.773+0000] {processor.py:161} INFO - Started process (PID=588) to work on /home/airflow/.local/lib/python3.8/site-packages/airflow/example_dags/example_params_trigger_ui.py
[2026-02-02T14:25:03.776+0000] {processor.py:830} INFO - Processing file /home/airflow/.local/lib/python3.8/site-packages/airflow/example_dags/example_params_trigger_ui.py for tasks to queue
[2026-02-02T14:25:03.778+0000] {logging_mixin.py:188} INFO - [2026-02-02T14:25:03.777+0000] {dagbag.py:538} INFO - Filling up the DagBag from /home/airflow/.local/lib/python3.8/site-packages/airflow/example_dags/example_params_trigger_ui.py
[2026-02-02T14:25:03.797+0000] {processor.py:840} INFO - DAG(s) 'example_params_trigger_ui' retrieved from /home/airflow/.local/lib/python3.8/site-packages/airflow/example_dags/example_params_trigger_ui.py
[2026-02-02T14:25:03.871+0000] {logging_mixin.py:188} INFO - [2026-02-02T14:25:03.871+0000] {dag.py:3036} INFO - Sync 1 DAGs
[2026-02-02T14:25:03.886+0000] {logging_mixin.py:188} INFO - [2026-02-02T14:25:03.886+0000] {dag.py:3823} INFO - Setting next_dagrun for example_params_trigger_ui to None, run_after=None
[2026-02-02T14:25:03.925+0000] {processor.py:183} INFO - Processing /home/airflow/.local/lib/python3.8/site-packages/airflow/example_dags/example_params_trigger_ui.py took 0.161 seconds
[2026-02-02T14:25:34.637+0000] {processor.py:161} INFO - Started process (PID=643) to work on /home/airflow/.local/lib/python3.8/site-packages/airflow/example_dags/example_params_trigger_ui.py
[2026-02-02T14:25:34.642+0000] {processor.py:830} INFO - Processing file /home/airflow/.local/lib/python3.8/site-packages/airflow/example_dags/example_params_trigger_ui.py for tasks to queue
[2026-02-02T14:25:34.648+0000] {logging_mixin.py:188} INFO - [2026-02-02T14:25:34.644+0000] {dagbag.py:538} INFO - Filling up the DagBag from /home/airflow/.local/lib/python3.8/site-packages/airflow/example_dags/example_params_trigger_ui.py
[2026-02-02T14:25:34.738+0000] {processor.py:840} INFO - DAG(s) 'example_params_trigger_ui' retrieved from /home/airflow/.local/lib/python3.8/site-packages/airflow/example_dags/example_params_trigger_ui.py
[2026-02-02T14:25:34.952+0000] {logging_mixin.py:188} INFO - [2026-02-02T14:25:34.952+0000] {dag.py:3036} INFO - Sync 1 DAGs
[2026-02-02T14:25:34.999+0000] {logging_mixin.py:188} INFO - [2026-02-02T14:25:34.998+0000] {dag.py:3823} INFO - Setting next_dagrun for example_params_trigger_ui to None, run_after=None
[2026-02-02T14:25:35.058+0000] {processor.py:183} INFO - Processing /home/airflow/.local/lib/python3.8/site-packages/airflow/example_dags/example_params_trigger_ui.py took 0.430 seconds
[2026-02-02T14:26:05.999+0000] {processor.py:161} INFO - Started process (PID=698) to work on /home/airflow/.local/lib/python3.8/site-packages/airflow/example_dags/example_params_trigger_ui.py
[2026-02-02T14:26:06.000+0000] {processor.py:830} INFO - Processing file /home/airflow/.local/lib/python3.8/site-packages/airflow/example_dags/example_params_trigger_ui.py for tasks to queue
[2026-02-02T14:26:06.002+0000] {logging_mixin.py:188} INFO - [2026-02-02T14:26:06.002+0000] {dagbag.py:538} INFO - Filling up the DagBag from /home/airflow/.local/lib/python3.8/site-packages/airflow/example_dags/example_params_trigger_ui.py
[2026-02-02T14:26:06.017+0000] {processor.py:840} INFO - DAG(s) 'example_params_trigger_ui' retrieved from /home/airflow/.local/lib/python3.8/site-packages/airflow/example_dags/example_params_trigger_ui.py
[2026-02-02T14:26:06.100+0000] {logging_mixin.py:188} INFO - [2026-02-02T14:26:06.099+0000] {dag.py:3036} INFO - Sync 1 DAGs
[2026-02-02T14:26:06.117+0000] {logging_mixin.py:188} INFO - [2026-02-02T14:26:06.117+0000] {dag.py:3823} INFO - Setting next_dagrun for example_params_trigger_ui to None, run_after=None
[2026-02-02T14:26:06.140+0000] {processor.py:183} INFO - Processing /home/airflow/.local/lib/python3.8/site-packages/airflow/example_dags/example_params_trigger_ui.py took 0.143 seconds
[2026-02-02T14:26:36.249+0000] {processor.py:161} INFO - Started process (PID=753) to work on /home/airflow/.local/lib/python3.8/site-packages/airflow/example_dags/example_params_trigger_ui.py
[2026-02-02T14:26:36.252+0000] {processor.py:830} INFO - Processing file /home/airflow/.local/lib/python3.8/site-packages/airflow/example_dags/example_params_trigger_ui.py for tasks to queue
[2026-02-02T14:26:36.255+0000] {logging_mixin.py:188} INFO - [2026-02-02T14:26:36.254+0000] {dagbag.py:538} INFO - Filling up the DagBag from /home/airflow/.local/lib/python3.8/site-packages/airflow/example_dags/example_params_trigger_ui.py
[2026-02-02T14:26:36.278+0000] {processor.py:840} INFO - DAG(s) 'example_params_trigger_ui' retrieved from /home/airflow/.local/lib/python3.8/site-packages/airflow/example_dags/example_params_trigger_ui.py
[2026-02-02T14:26:36.363+0000] {logging_mixin.py:188} INFO - [2026-02-02T14:26:36.362+0000] {dag.py:3036} INFO - Sync 1 DAGs
[2026-02-02T14:26:36.377+0000] {logging_mixin.py:188} INFO - [2026-02-02T14:26:36.377+0000] {dag.py:3823} INFO - Setting next_dagrun for example_params_trigger_ui to None, run_after=None
[2026-02-02T14:26:36.396+0000] {processor.py:183} INFO - Processing /home/airflow/.local/lib/python3.8/site-packages/airflow/example_dags/example_params_trigger_ui.py took 0.154 seconds
[2026-02-02T14:27:06.852+0000] {processor.py:161} INFO - Started process (PID=808) to work on /home/airflow/.local/lib/python3.8/site-packages/airflow/example_dags/example_params_trigger_ui.py
[2026-02-02T14:27:06.855+0000] {processor.py:830} INFO - Processing file /home/airflow/.local/lib/python3.8/site-packages/airflow/example_dags/example_params_trigger_ui.py for tasks to queue
[2026-02-02T14:27:06.858+0000] {logging_mixin.py:188} INFO - [2026-02-02T14:27:06.856+0000] {dagbag.py:538} INFO - Filling up the DagBag from /home/airflow/.local/lib/python3.8/site-packages/airflow/example_dags/example_params_trigger_ui.py
[2026-02-02T14:27:06.906+0000] {processor.py:840} INFO - DAG(s) 'example_params_trigger_ui' retrieved from /home/airflow/.local/lib/python3.8/site-packages/airflow/example_dags/example_params_trigger_ui.py
[2026-02-02T14:27:07.023+0000] {logging_mixin.py:188} INFO - [2026-02-02T14:27:07.023+0000] {dag.py:3036} INFO - Sync 1 DAGs
[2026-02-02T14:27:07.037+0000] {logging_mixin.py:188} INFO - [2026-02-02T14:27:07.037+0000] {dag.py:3823} INFO - Setting next_dagrun for example_params_trigger_ui to None, run_after=None
[2026-02-02T14:27:07.057+0000] {processor.py:183} INFO - Processing /home/airflow/.local/lib/python3.8/site-packages/airflow/example_dags/example_params_trigger_ui.py took 0.210 seconds
[2026-02-02T14:27:37.098+0000] {processor.py:161} INFO - Started process (PID=863) to work on /home/airflow/.local/lib/python3.8/site-packages/airflow/example_dags/example_params_trigger_ui.py
[2026-02-02T14:27:37.099+0000] {processor.py:830} INFO - Processing file /home/airflow/.local/lib/python3.8/site-packages/airflow/example_dags/example_params_trigger_ui.py for tasks to queue
[2026-02-02T14:27:37.100+0000] {logging_mixin.py:188} INFO - [2026-02-02T14:27:37.100+0000] {dagbag.py:538} INFO - Filling up the DagBag from /home/airflow/.local/lib/python3.8/site-packages/airflow/example_dags/example_params_trigger_ui.py
[2026-02-02T14:27:37.111+0000] {processor.py:840} INFO - DAG(s) 'example_params_trigger_ui' retrieved from /home/airflow/.local/lib/python3.8/site-packages/airflow/example_dags/example_params_trigger_ui.py
[2026-02-02T14:27:37.153+0000] {logging_mixin.py:188} INFO - [2026-02-02T14:27:37.153+0000] {dag.py:3036} INFO - Sync 1 DAGs
[2026-02-02T14:27:37.163+0000] {logging_mixin.py:188} INFO - [2026-02-02T14:27:37.162+0000] {dag.py:3823} INFO - Setting next_dagrun for example_params_trigger_ui to None, run_after=None
[2026-02-02T14:27:37.177+0000] {processor.py:183} INFO - Processing /home/airflow/.local/lib/python3.8/site-packages/airflow/example_dags/example_params_trigger_ui.py took 0.081 seconds
[2026-02-02T14:28:07.633+0000] {processor.py:161} INFO - Started process (PID=918) to work on /home/airflow/.local/lib/python3.8/site-packages/airflow/example_dags/example_params_trigger_ui.py
[2026-02-02T14:28:07.634+0000] {processor.py:830} INFO - Processing file /home/airflow/.local/lib/python3.8/site-packages/airflow/example_dags/example_params_trigger_ui.py for tasks to queue
[2026-02-02T14:28:07.635+0000] {logging_mixin.py:188} INFO - [2026-02-02T14:28:07.635+0000] {dagbag.py:538} INFO - Filling up the DagBag from /home/airflow/.local/lib/python3.8/site-packages/airflow/example_dags/example_params_trigger_ui.py
[2026-02-02T14:28:07.651+0000] {processor.py:840} INFO - DAG(s) 'example_params_trigger_ui' retrieved from /home/airflow/.local/lib/python3.8/site-packages/airflow/example_dags/example_params_trigger_ui.py
[2026-02-02T14:28:07.750+0000] {logging_mixin.py:188} INFO - [2026-02-02T14:28:07.750+0000] {dag.py:3036} INFO - Sync 1 DAGs
[2026-02-02T14:28:07.765+0000] {logging_mixin.py:188} INFO - [2026-02-02T14:28:07.765+0000] {dag.py:3823} INFO - Setting next_dagrun for example_params_trigger_ui to None, run_after=None
[2026-02-02T14:28:07.782+0000] {processor.py:183} INFO - Processing /home/airflow/.local/lib/python3.8/site-packages/airflow/example_dags/example_params_trigger_ui.py took 0.153 seconds
[2026-02-02T14:28:38.577+0000] {processor.py:161} INFO - Started process (PID=973) to work on /home/airflow/.local/lib/python3.8/site-packages/airflow/example_dags/example_params_trigger_ui.py
[2026-02-02T14:28:38.580+0000] {processor.py:830} INFO - Processing file /home/airflow/.local/lib/python3.8/site-packages/airflow/example_dags/example_params_trigger_ui.py for tasks to queue
[2026-02-02T14:28:38.585+0000] {logging_mixin.py:188} INFO - [2026-02-02T14:28:38.585+0000] {dagbag.py:538} INFO - Filling up the DagBag from /home/airflow/.local/lib/python3.8/site-packages/airflow/example_dags/example_params_trigger_ui.py
[2026-02-02T14:28:38.634+0000] {processor.py:840} INFO - DAG(s) 'example_params_trigger_ui' retrieved from /home/airflow/.local/lib/python3.8/site-packages/airflow/example_dags/example_params_trigger_ui.py
[2026-02-02T14:28:38.723+0000] {logging_mixin.py:188} INFO - [2026-02-02T14:28:38.723+0000] {dag.py:3036} INFO - Sync 1 DAGs
[2026-02-02T14:28:38.746+0000] {logging_mixin.py:188} INFO - [2026-02-02T14:28:38.746+0000] {dag.py:3823} INFO - Setting next_dagrun for example_params_trigger_ui to None, run_after=None
[2026-02-02T14:28:38.783+0000] {processor.py:183} INFO - Processing /home/airflow/.local/lib/python3.8/site-packages/airflow/example_dags/example_params_trigger_ui.py took 0.215 seconds
[2026-02-02T14:29:09.158+0000] {processor.py:161} INFO - Started process (PID=1028) to work on /home/airflow/.local/lib/python3.8/site-packages/airflow/example_dags/example_params_trigger_ui.py
[2026-02-02T14:29:09.159+0000] {processor.py:830} INFO - Processing file /home/airflow/.local/lib/python3.8/site-packages/airflow/example_dags/example_params_trigger_ui.py for tasks to queue
[2026-02-02T14:29:09.161+0000] {logging_mixin.py:188} INFO - [2026-02-02T14:29:09.161+0000] {dagbag.py:538} INFO - Filling up the DagBag from /home/airflow/.local/lib/python3.8/site-packages/airflow/example_dags/example_params_trigger_ui.py
[2026-02-02T14:29:09.182+0000] {processor.py:840} INFO - DAG(s) 'example_params_trigger_ui' retrieved from /home/airflow/.local/lib/python3.8/site-packages/airflow/example_dags/example_params_trigger_ui.py
[2026-02-02T14:29:09.311+0000] {logging_mixin.py:188} INFO - [2026-02-02T14:29:09.311+0000] {dag.py:3036} INFO - Sync 1 DAGs
[2026-02-02T14:29:09.335+0000] {logging_mixin.py:188} INFO - [2026-02-02T14:29:09.332+0000] {dag.py:3823} INFO - Setting next_dagrun for example_params_trigger_ui to None, run_after=None
[2026-02-02T14:29:09.386+0000] {processor.py:183} INFO - Processing /home/airflow/.local/lib/python3.8/site-packages/airflow/example_dags/example_params_trigger_ui.py took 0.231 seconds
[2026-02-02T14:29:40.291+0000] {processor.py:161} INFO - Started process (PID=1083) to work on /home/airflow/.local/lib/python3.8/site-packages/airflow/example_dags/example_params_trigger_ui.py
[2026-02-02T14:29:40.292+0000] {processor.py:830} INFO - Processing file /home/airflow/.local/lib/python3.8/site-packages/airflow/example_dags/example_params_trigger_ui.py for tasks to queue
[2026-02-02T14:29:40.294+0000] {logging_mixin.py:188} INFO - [2026-02-02T14:29:40.294+0000] {dagbag.py:538} INFO - Filling up the DagBag from /home/airflow/.local/lib/python3.8/site-packages/airflow/example_dags/example_params_trigger_ui.py
[2026-02-02T14:29:40.310+0000] {processor.py:840} INFO - DAG(s) 'example_params_trigger_ui' retrieved from /home/airflow/.local/lib/python3.8/site-packages/airflow/example_dags/example_params_trigger_ui.py
[2026-02-02T14:29:40.388+0000] {logging_mixin.py:188} INFO - [2026-02-02T14:29:40.387+0000] {dag.py:3036} INFO - Sync 1 DAGs
[2026-02-02T14:29:40.402+0000] {logging_mixin.py:188} INFO - [2026-02-02T14:29:40.402+0000] {dag.py:3823} INFO - Setting next_dagrun for example_params_trigger_ui to None, run_after=None
[2026-02-02T14:29:40.421+0000] {processor.py:183} INFO - Processing /home/airflow/.local/lib/python3.8/site-packages/airflow/example_dags/example_params_trigger_ui.py took 0.132 seconds
[2026-02-02T14:30:10.816+0000] {processor.py:161} INFO - Started process (PID=1138) to work on /home/airflow/.local/lib/python3.8/site-packages/airflow/example_dags/example_params_trigger_ui.py
[2026-02-02T14:30:10.817+0000] {processor.py:830} INFO - Processing file /home/airflow/.local/lib/python3.8/site-packages/airflow/example_dags/example_params_trigger_ui.py for tasks to queue
[2026-02-02T14:30:10.819+0000] {logging_mixin.py:188} INFO - [2026-02-02T14:30:10.819+0000] {dagbag.py:538} INFO - Filling up the DagBag from /home/airflow/.local/lib/python3.8/site-packages/airflow/example_dags/example_params_trigger_ui.py
[2026-02-02T14:30:10.834+0000] {processor.py:840} INFO - DAG(s) 'example_params_trigger_ui' retrieved from /home/airflow/.local/lib/python3.8/site-packages/airflow/example_dags/example_params_trigger_ui.py
[2026-02-02T14:30:10.926+0000] {logging_mixin.py:188} INFO - [2026-02-02T14:30:10.926+0000] {dag.py:3036} INFO - Sync 1 DAGs
[2026-02-02T14:30:10.942+0000] {logging_mixin.py:188} INFO - [2026-02-02T14:30:10.942+0000] {dag.py:3823} INFO - Setting next_dagrun for example_params_trigger_ui to None, run_after=None
[2026-02-02T14:30:10.980+0000] {processor.py:183} INFO - Processing /home/airflow/.local/lib/python3.8/site-packages/airflow/example_dags/example_params_trigger_ui.py took 0.167 seconds
[2026-02-02T14:30:41.655+0000] {processor.py:161} INFO - Started process (PID=1193) to work on /home/airflow/.local/lib/python3.8/site-packages/airflow/example_dags/example_params_trigger_ui.py
[2026-02-02T14:30:41.656+0000] {processor.py:830} INFO - Processing file /home/airflow/.local/lib/python3.8/site-packages/airflow/example_dags/example_params_trigger_ui.py for tasks to queue
[2026-02-02T14:30:41.658+0000] {logging_mixin.py:188} INFO - [2026-02-02T14:30:41.658+0000] {dagbag.py:538} INFO - Filling up the DagBag from /home/airflow/.local/lib/python3.8/site-packages/airflow/example_dags/example_params_trigger_ui.py
[2026-02-02T14:30:41.675+0000] {processor.py:840} INFO - DAG(s) 'example_params_trigger_ui' retrieved from /home/airflow/.local/lib/python3.8/site-packages/airflow/example_dags/example_params_trigger_ui.py
[2026-02-02T14:30:41.765+0000] {logging_mixin.py:188} INFO - [2026-02-02T14:30:41.764+0000] {dag.py:3036} INFO - Sync 1 DAGs
[2026-02-02T14:30:41.779+0000] {logging_mixin.py:188} INFO - [2026-02-02T14:30:41.779+0000] {dag.py:3823} INFO - Setting next_dagrun for example_params_trigger_ui to None, run_after=None
[2026-02-02T14:30:41.797+0000] {processor.py:183} INFO - Processing /home/airflow/.local/lib/python3.8/site-packages/airflow/example_dags/example_params_trigger_ui.py took 0.146 seconds
[2026-02-02T14:31:12.104+0000] {processor.py:161} INFO - Started process (PID=1248) to work on /home/airflow/.local/lib/python3.8/site-packages/airflow/example_dags/example_params_trigger_ui.py
[2026-02-02T14:31:12.105+0000] {processor.py:830} INFO - Processing file /home/airflow/.local/lib/python3.8/site-packages/airflow/example_dags/example_params_trigger_ui.py for tasks to queue
[2026-02-02T14:31:12.106+0000] {logging_mixin.py:188} INFO - [2026-02-02T14:31:12.106+0000] {dagbag.py:538} INFO - Filling up the DagBag from /home/airflow/.local/lib/python3.8/site-packages/airflow/example_dags/example_params_trigger_ui.py
[2026-02-02T14:31:12.122+0000] {processor.py:840} INFO - DAG(s) 'example_params_trigger_ui' retrieved from /home/airflow/.local/lib/python3.8/site-packages/airflow/example_dags/example_params_trigger_ui.py
[2026-02-02T14:31:12.229+0000] {logging_mixin.py:188} INFO - [2026-02-02T14:31:12.229+0000] {dag.py:3036} INFO - Sync 1 DAGs
[2026-02-02T14:31:12.244+0000] {logging_mixin.py:188} INFO - [2026-02-02T14:31:12.243+0000] {dag.py:3823} INFO - Setting next_dagrun for example_params_trigger_ui to None, run_after=None
[2026-02-02T14:31:12.262+0000] {processor.py:183} INFO - Processing /home/airflow/.local/lib/python3.8/site-packages/airflow/example_dags/example_params_trigger_ui.py took 0.161 seconds
[2026-02-02T14:31:42.813+0000] {processor.py:161} INFO - Started process (PID=1303) to work on /home/airflow/.local/lib/python3.8/site-packages/airflow/example_dags/example_params_trigger_ui.py
[2026-02-02T14:31:42.813+0000] {processor.py:830} INFO - Processing file /home/airflow/.local/lib/python3.8/site-packages/airflow/example_dags/example_params_trigger_ui.py for tasks to queue
[2026-02-02T14:31:42.815+0000] {logging_mixin.py:188} INFO - [2026-02-02T14:31:42.815+0000] {dagbag.py:538} INFO - Filling up the DagBag from /home/airflow/.local/lib/python3.8/site-packages/airflow/example_dags/example_params_trigger_ui.py
[2026-02-02T14:31:42.830+0000] {processor.py:840} INFO - DAG(s) 'example_params_trigger_ui' retrieved from /home/airflow/.local/lib/python3.8/site-packages/airflow/example_dags/example_params_trigger_ui.py
[2026-02-02T14:31:42.903+0000] {logging_mixin.py:188} INFO - [2026-02-02T14:31:42.903+0000] {dag.py:3036} INFO - Sync 1 DAGs
[2026-02-02T14:31:42.919+0000] {logging_mixin.py:188} INFO - [2026-02-02T14:31:42.919+0000] {dag.py:3823} INFO - Setting next_dagrun for example_params_trigger_ui to None, run_after=None
[2026-02-02T14:31:42.941+0000] {processor.py:183} INFO - Processing /home/airflow/.local/lib/python3.8/site-packages/airflow/example_dags/example_params_trigger_ui.py took 0.131 seconds
[2026-02-02T14:32:13.397+0000] {processor.py:161} INFO - Started process (PID=1358) to work on /home/airflow/.local/lib/python3.8/site-packages/airflow/example_dags/example_params_trigger_ui.py
[2026-02-02T14:32:13.400+0000] {processor.py:830} INFO - Processing file /home/airflow/.local/lib/python3.8/site-packages/airflow/example_dags/example_params_trigger_ui.py for tasks to queue
[2026-02-02T14:32:13.401+0000] {logging_mixin.py:188} INFO - [2026-02-02T14:32:13.401+0000] {dagbag.py:538} INFO - Filling up the DagBag from /home/airflow/.local/lib/python3.8/site-packages/airflow/example_dags/example_params_trigger_ui.py
[2026-02-02T14:32:13.431+0000] {processor.py:840} INFO - DAG(s) 'example_params_trigger_ui' retrieved from /home/airflow/.local/lib/python3.8/site-packages/airflow/example_dags/example_params_trigger_ui.py
[2026-02-02T14:32:13.505+0000] {logging_mixin.py:188} INFO - [2026-02-02T14:32:13.504+0000] {dag.py:3036} INFO - Sync 1 DAGs
[2026-02-02T14:32:13.519+0000] {logging_mixin.py:188} INFO - [2026-02-02T14:32:13.519+0000] {dag.py:3823} INFO - Setting next_dagrun for example_params_trigger_ui to None, run_after=None
[2026-02-02T14:32:13.538+0000] {processor.py:183} INFO - Processing /home/airflow/.local/lib/python3.8/site-packages/airflow/example_dags/example_params_trigger_ui.py took 0.144 seconds
[2026-02-02T14:32:43.916+0000] {processor.py:161} INFO - Started process (PID=1413) to work on /home/airflow/.local/lib/python3.8/site-packages/airflow/example_dags/example_params_trigger_ui.py
[2026-02-02T14:32:43.917+0000] {processor.py:830} INFO - Processing file /home/airflow/.local/lib/python3.8/site-packages/airflow/example_dags/example_params_trigger_ui.py for tasks to queue
[2026-02-02T14:32:43.919+0000] {logging_mixin.py:188} INFO - [2026-02-02T14:32:43.918+0000] {dagbag.py:538} INFO - Filling up the DagBag from /home/airflow/.local/lib/python3.8/site-packages/airflow/example_dags/example_params_trigger_ui.py
[2026-02-02T14:32:43.934+0000] {processor.py:840} INFO - DAG(s) 'example_params_trigger_ui' retrieved from /home/airflow/.local/lib/python3.8/site-packages/airflow/example_dags/example_params_trigger_ui.py
[2026-02-02T14:32:44.044+0000] {logging_mixin.py:188} INFO - [2026-02-02T14:32:44.044+0000] {dag.py:3036} INFO - Sync 1 DAGs
[2026-02-02T14:32:44.072+0000] {logging_mixin.py:188} INFO - [2026-02-02T14:32:44.072+0000] {dag.py:3823} INFO - Setting next_dagrun for example_params_trigger_ui to None, run_after=None
[2026-02-02T14:32:44.102+0000] {processor.py:183} INFO - Processing /home/airflow/.local/lib/python3.8/site-packages/airflow/example_dags/example_params_trigger_ui.py took 0.189 seconds
[2026-02-02T14:33:14.781+0000] {processor.py:161} INFO - Started process (PID=1468) to work on /home/airflow/.local/lib/python3.8/site-packages/airflow/example_dags/example_params_trigger_ui.py
[2026-02-02T14:33:14.784+0000] {processor.py:830} INFO - Processing file /home/airflow/.local/lib/python3.8/site-packages/airflow/example_dags/example_params_trigger_ui.py for tasks to queue
[2026-02-02T14:33:14.788+0000] {logging_mixin.py:188} INFO - [2026-02-02T14:33:14.788+0000] {dagbag.py:538} INFO - Filling up the DagBag from /home/airflow/.local/lib/python3.8/site-packages/airflow/example_dags/example_params_trigger_ui.py
[2026-02-02T14:33:14.804+0000] {processor.py:840} INFO - DAG(s) 'example_params_trigger_ui' retrieved from /home/airflow/.local/lib/python3.8/site-packages/airflow/example_dags/example_params_trigger_ui.py
[2026-02-02T14:33:14.941+0000] {logging_mixin.py:188} INFO - [2026-02-02T14:33:14.941+0000] {dag.py:3036} INFO - Sync 1 DAGs
[2026-02-02T14:33:14.971+0000] {logging_mixin.py:188} INFO - [2026-02-02T14:33:14.971+0000] {dag.py:3823} INFO - Setting next_dagrun for example_params_trigger_ui to None, run_after=None
[2026-02-02T14:33:15.018+0000] {processor.py:183} INFO - Processing /home/airflow/.local/lib/python3.8/site-packages/airflow/example_dags/example_params_trigger_ui.py took 0.245 seconds
[2026-02-02T14:33:45.083+0000] {processor.py:161} INFO - Started process (PID=1523) to work on /home/airflow/.local/lib/python3.8/site-packages/airflow/example_dags/example_params_trigger_ui.py
[2026-02-02T14:33:45.084+0000] {processor.py:830} INFO - Processing file /home/airflow/.local/lib/python3.8/site-packages/airflow/example_dags/example_params_trigger_ui.py for tasks to queue
[2026-02-02T14:33:45.085+0000] {logging_mixin.py:188} INFO - [2026-02-02T14:33:45.085+0000] {dagbag.py:538} INFO - Filling up the DagBag from /home/airflow/.local/lib/python3.8/site-packages/airflow/example_dags/example_params_trigger_ui.py
[2026-02-02T14:33:45.096+0000] {processor.py:840} INFO - DAG(s) 'example_params_trigger_ui' retrieved from /home/airflow/.local/lib/python3.8/site-packages/airflow/example_dags/example_params_trigger_ui.py
[2026-02-02T14:33:45.139+0000] {logging_mixin.py:188} INFO - [2026-02-02T14:33:45.139+0000] {dag.py:3036} INFO - Sync 1 DAGs
[2026-02-02T14:33:45.148+0000] {logging_mixin.py:188} INFO - [2026-02-02T14:33:45.148+0000] {dag.py:3823} INFO - Setting next_dagrun for example_params_trigger_ui to None, run_after=None
[2026-02-02T14:33:45.163+0000] {processor.py:183} INFO - Processing /home/airflow/.local/lib/python3.8/site-packages/airflow/example_dags/example_params_trigger_ui.py took 0.082 seconds
[2026-02-02T14:34:15.451+0000] {processor.py:161} INFO - Started process (PID=1578) to work on /home/airflow/.local/lib/python3.8/site-packages/airflow/example_dags/example_params_trigger_ui.py
[2026-02-02T14:34:15.463+0000] {processor.py:830} INFO - Processing file /home/airflow/.local/lib/python3.8/site-packages/airflow/example_dags/example_params_trigger_ui.py for tasks to queue
[2026-02-02T14:34:15.465+0000] {logging_mixin.py:188} INFO - [2026-02-02T14:34:15.465+0000] {dagbag.py:538} INFO - Filling up the DagBag from /home/airflow/.local/lib/python3.8/site-packages/airflow/example_dags/example_params_trigger_ui.py
[2026-02-02T14:34:15.505+0000] {processor.py:840} INFO - DAG(s) 'example_params_trigger_ui' retrieved from /home/airflow/.local/lib/python3.8/site-packages/airflow/example_dags/example_params_trigger_ui.py
[2026-02-02T14:34:15.641+0000] {logging_mixin.py:188} INFO - [2026-02-02T14:34:15.639+0000] {dag.py:3036} INFO - Sync 1 DAGs
[2026-02-02T14:34:15.661+0000] {logging_mixin.py:188} INFO - [2026-02-02T14:34:15.660+0000] {dag.py:3823} INFO - Setting next_dagrun for example_params_trigger_ui to None, run_after=None
[2026-02-02T14:34:15.702+0000] {processor.py:183} INFO - Processing /home/airflow/.local/lib/python3.8/site-packages/airflow/example_dags/example_params_trigger_ui.py took 0.259 seconds
[2026-02-02T14:34:45.857+0000] {processor.py:161} INFO - Started process (PID=1633) to work on /home/airflow/.local/lib/python3.8/site-packages/airflow/example_dags/example_params_trigger_ui.py
[2026-02-02T14:34:45.859+0000] {processor.py:830} INFO - Processing file /home/airflow/.local/lib/python3.8/site-packages/airflow/example_dags/example_params_trigger_ui.py for tasks to queue
[2026-02-02T14:34:45.861+0000] {logging_mixin.py:188} INFO - [2026-02-02T14:34:45.860+0000] {dagbag.py:538} INFO - Filling up the DagBag from /home/airflow/.local/lib/python3.8/site-packages/airflow/example_dags/example_params_trigger_ui.py
[2026-02-02T14:34:45.893+0000] {processor.py:840} INFO - DAG(s) 'example_params_trigger_ui' retrieved from /home/airflow/.local/lib/python3.8/site-packages/airflow/example_dags/example_params_trigger_ui.py
[2026-02-02T14:34:45.999+0000] {logging_mixin.py:188} INFO - [2026-02-02T14:34:45.998+0000] {dag.py:3036} INFO - Sync 1 DAGs
[2026-02-02T14:34:46.013+0000] {logging_mixin.py:188} INFO - [2026-02-02T14:34:46.013+0000] {dag.py:3823} INFO - Setting next_dagrun for example_params_trigger_ui to None, run_after=None
[2026-02-02T14:34:46.032+0000] {processor.py:183} INFO - Processing /home/airflow/.local/lib/python3.8/site-packages/airflow/example_dags/example_params_trigger_ui.py took 0.183 seconds
[2026-02-02T14:35:16.102+0000] {processor.py:161} INFO - Started process (PID=1688) to work on /home/airflow/.local/lib/python3.8/site-packages/airflow/example_dags/example_params_trigger_ui.py
[2026-02-02T14:35:16.103+0000] {processor.py:830} INFO - Processing file /home/airflow/.local/lib/python3.8/site-packages/airflow/example_dags/example_params_trigger_ui.py for tasks to queue
[2026-02-02T14:35:16.105+0000] {logging_mixin.py:188} INFO - [2026-02-02T14:35:16.105+0000] {dagbag.py:538} INFO - Filling up the DagBag from /home/airflow/.local/lib/python3.8/site-packages/airflow/example_dags/example_params_trigger_ui.py
[2026-02-02T14:35:16.120+0000] {processor.py:840} INFO - DAG(s) 'example_params_trigger_ui' retrieved from /home/airflow/.local/lib/python3.8/site-packages/airflow/example_dags/example_params_trigger_ui.py
[2026-02-02T14:35:16.195+0000] {logging_mixin.py:188} INFO - [2026-02-02T14:35:16.195+0000] {dag.py:3036} INFO - Sync 1 DAGs
[2026-02-02T14:35:16.211+0000] {logging_mixin.py:188} INFO - [2026-02-02T14:35:16.210+0000] {dag.py:3823} INFO - Setting next_dagrun for example_params_trigger_ui to None, run_after=None
[2026-02-02T14:35:16.232+0000] {processor.py:183} INFO - Processing /home/airflow/.local/lib/python3.8/site-packages/airflow/example_dags/example_params_trigger_ui.py took 0.133 seconds
[2026-02-02T14:35:46.613+0000] {processor.py:161} INFO - Started process (PID=1743) to work on /home/airflow/.local/lib/python3.8/site-packages/airflow/example_dags/example_params_trigger_ui.py
[2026-02-02T14:35:46.613+0000] {processor.py:830} INFO - Processing file /home/airflow/.local/lib/python3.8/site-packages/airflow/example_dags/example_params_trigger_ui.py for tasks to queue
[2026-02-02T14:35:46.615+0000] {logging_mixin.py:188} INFO - [2026-02-02T14:35:46.615+0000] {dagbag.py:538} INFO - Filling up the DagBag from /home/airflow/.local/lib/python3.8/site-packages/airflow/example_dags/example_params_trigger_ui.py
[2026-02-02T14:35:46.630+0000] {processor.py:840} INFO - DAG(s) 'example_params_trigger_ui' retrieved from /home/airflow/.local/lib/python3.8/site-packages/airflow/example_dags/example_params_trigger_ui.py
[2026-02-02T14:35:46.717+0000] {logging_mixin.py:188} INFO - [2026-02-02T14:35:46.717+0000] {dag.py:3036} INFO - Sync 1 DAGs
[2026-02-02T14:35:46.732+0000] {logging_mixin.py:188} INFO - [2026-02-02T14:35:46.732+0000] {dag.py:3823} INFO - Setting next_dagrun for example_params_trigger_ui to None, run_after=None
[2026-02-02T14:35:46.750+0000] {processor.py:183} INFO - Processing /home/airflow/.local/lib/python3.8/site-packages/airflow/example_dags/example_params_trigger_ui.py took 0.141 seconds
[2026-02-02T14:36:16.959+0000] {processor.py:161} INFO - Started process (PID=1798) to work on /home/airflow/.local/lib/python3.8/site-packages/airflow/example_dags/example_params_trigger_ui.py
[2026-02-02T14:36:16.960+0000] {processor.py:830} INFO - Processing file /home/airflow/.local/lib/python3.8/site-packages/airflow/example_dags/example_params_trigger_ui.py for tasks to queue
[2026-02-02T14:36:16.962+0000] {logging_mixin.py:188} INFO - [2026-02-02T14:36:16.961+0000] {dagbag.py:538} INFO - Filling up the DagBag from /home/airflow/.local/lib/python3.8/site-packages/airflow/example_dags/example_params_trigger_ui.py
[2026-02-02T14:36:16.977+0000] {processor.py:840} INFO - DAG(s) 'example_params_trigger_ui' retrieved from /home/airflow/.local/lib/python3.8/site-packages/airflow/example_dags/example_params_trigger_ui.py
[2026-02-02T14:36:17.049+0000] {logging_mixin.py:188} INFO - [2026-02-02T14:36:17.048+0000] {dag.py:3036} INFO - Sync 1 DAGs
[2026-02-02T14:36:17.064+0000] {logging_mixin.py:188} INFO - [2026-02-02T14:36:17.064+0000] {dag.py:3823} INFO - Setting next_dagrun for example_params_trigger_ui to None, run_after=None
[2026-02-02T14:36:17.089+0000] {processor.py:183} INFO - Processing /home/airflow/.local/lib/python3.8/site-packages/airflow/example_dags/example_params_trigger_ui.py took 0.134 seconds
[2026-02-02T14:36:47.807+0000] {processor.py:161} INFO - Started process (PID=1853) to work on /home/airflow/.local/lib/python3.8/site-packages/airflow/example_dags/example_params_trigger_ui.py
[2026-02-02T14:36:47.808+0000] {processor.py:830} INFO - Processing file /home/airflow/.local/lib/python3.8/site-packages/airflow/example_dags/example_params_trigger_ui.py for tasks to queue
[2026-02-02T14:36:47.810+0000] {logging_mixin.py:188} INFO - [2026-02-02T14:36:47.810+0000] {dagbag.py:538} INFO - Filling up the DagBag from /home/airflow/.local/lib/python3.8/site-packages/airflow/example_dags/example_params_trigger_ui.py
[2026-02-02T14:36:47.826+0000] {processor.py:840} INFO - DAG(s) 'example_params_trigger_ui' retrieved from /home/airflow/.local/lib/python3.8/site-packages/airflow/example_dags/example_params_trigger_ui.py
[2026-02-02T14:36:47.899+0000] {logging_mixin.py:188} INFO - [2026-02-02T14:36:47.899+0000] {dag.py:3036} INFO - Sync 1 DAGs
[2026-02-02T14:36:47.913+0000] {logging_mixin.py:188} INFO - [2026-02-02T14:36:47.913+0000] {dag.py:3823} INFO - Setting next_dagrun for example_params_trigger_ui to None, run_after=None
[2026-02-02T14:36:47.933+0000] {processor.py:183} INFO - Processing /home/airflow/.local/lib/python3.8/site-packages/airflow/example_dags/example_params_trigger_ui.py took 0.129 seconds
[2026-02-02T14:37:18.099+0000] {processor.py:161} INFO - Started process (PID=1908) to work on /home/airflow/.local/lib/python3.8/site-packages/airflow/example_dags/example_params_trigger_ui.py
[2026-02-02T14:37:18.100+0000] {processor.py:830} INFO - Processing file /home/airflow/.local/lib/python3.8/site-packages/airflow/example_dags/example_params_trigger_ui.py for tasks to queue
[2026-02-02T14:37:18.101+0000] {logging_mixin.py:188} INFO - [2026-02-02T14:37:18.101+0000] {dagbag.py:538} INFO - Filling up the DagBag from /home/airflow/.local/lib/python3.8/site-packages/airflow/example_dags/example_params_trigger_ui.py
[2026-02-02T14:37:18.117+0000] {processor.py:840} INFO - DAG(s) 'example_params_trigger_ui' retrieved from /home/airflow/.local/lib/python3.8/site-packages/airflow/example_dags/example_params_trigger_ui.py
[2026-02-02T14:37:18.193+0000] {logging_mixin.py:188} INFO - [2026-02-02T14:37:18.193+0000] {dag.py:3036} INFO - Sync 1 DAGs
[2026-02-02T14:37:18.211+0000] {logging_mixin.py:188} INFO - [2026-02-02T14:37:18.211+0000] {dag.py:3823} INFO - Setting next_dagrun for example_params_trigger_ui to None, run_after=None
[2026-02-02T14:37:18.230+0000] {processor.py:183} INFO - Processing /home/airflow/.local/lib/python3.8/site-packages/airflow/example_dags/example_params_trigger_ui.py took 0.135 seconds
[2026-02-02T14:37:48.334+0000] {processor.py:161} INFO - Started process (PID=1961) to work on /home/airflow/.local/lib/python3.8/site-packages/airflow/example_dags/example_params_trigger_ui.py
[2026-02-02T14:37:48.335+0000] {processor.py:830} INFO - Processing file /home/airflow/.local/lib/python3.8/site-packages/airflow/example_dags/example_params_trigger_ui.py for tasks to queue
[2026-02-02T14:37:48.337+0000] {logging_mixin.py:188} INFO - [2026-02-02T14:37:48.337+0000] {dagbag.py:538} INFO - Filling up the DagBag from /home/airflow/.local/lib/python3.8/site-packages/airflow/example_dags/example_params_trigger_ui.py
[2026-02-02T14:37:48.353+0000] {processor.py:840} INFO - DAG(s) 'example_params_trigger_ui' retrieved from /home/airflow/.local/lib/python3.8/site-packages/airflow/example_dags/example_params_trigger_ui.py
[2026-02-02T14:37:48.426+0000] {logging_mixin.py:188} INFO - [2026-02-02T14:37:48.426+0000] {dag.py:3036} INFO - Sync 1 DAGs
[2026-02-02T14:37:48.442+0000] {logging_mixin.py:188} INFO - [2026-02-02T14:37:48.441+0000] {dag.py:3823} INFO - Setting next_dagrun for example_params_trigger_ui to None, run_after=None
[2026-02-02T14:37:48.461+0000] {processor.py:183} INFO - Processing /home/airflow/.local/lib/python3.8/site-packages/airflow/example_dags/example_params_trigger_ui.py took 0.130 seconds
[2026-02-02T14:38:18.812+0000] {processor.py:161} INFO - Started process (PID=2015) to work on /home/airflow/.local/lib/python3.8/site-packages/airflow/example_dags/example_params_trigger_ui.py
[2026-02-02T14:38:18.813+0000] {processor.py:830} INFO - Processing file /home/airflow/.local/lib/python3.8/site-packages/airflow/example_dags/example_params_trigger_ui.py for tasks to queue
[2026-02-02T14:38:18.815+0000] {logging_mixin.py:188} INFO - [2026-02-02T14:38:18.815+0000] {dagbag.py:538} INFO - Filling up the DagBag from /home/airflow/.local/lib/python3.8/site-packages/airflow/example_dags/example_params_trigger_ui.py
[2026-02-02T14:38:18.832+0000] {processor.py:840} INFO - DAG(s) 'example_params_trigger_ui' retrieved from /home/airflow/.local/lib/python3.8/site-packages/airflow/example_dags/example_params_trigger_ui.py
[2026-02-02T14:38:18.930+0000] {logging_mixin.py:188} INFO - [2026-02-02T14:38:18.929+0000] {dag.py:3036} INFO - Sync 1 DAGs
[2026-02-02T14:38:18.956+0000] {logging_mixin.py:188} INFO - [2026-02-02T14:38:18.954+0000] {dag.py:3823} INFO - Setting next_dagrun for example_params_trigger_ui to None, run_after=None
[2026-02-02T14:38:19.002+0000] {processor.py:183} INFO - Processing /home/airflow/.local/lib/python3.8/site-packages/airflow/example_dags/example_params_trigger_ui.py took 0.193 seconds
[2026-02-02T14:38:49.066+0000] {processor.py:161} INFO - Started process (PID=2070) to work on /home/airflow/.local/lib/python3.8/site-packages/airflow/example_dags/example_params_trigger_ui.py
[2026-02-02T14:38:49.067+0000] {processor.py:830} INFO - Processing file /home/airflow/.local/lib/python3.8/site-packages/airflow/example_dags/example_params_trigger_ui.py for tasks to queue
[2026-02-02T14:38:49.069+0000] {logging_mixin.py:188} INFO - [2026-02-02T14:38:49.069+0000] {dagbag.py:538} INFO - Filling up the DagBag from /home/airflow/.local/lib/python3.8/site-packages/airflow/example_dags/example_params_trigger_ui.py
[2026-02-02T14:38:49.085+0000] {processor.py:840} INFO - DAG(s) 'example_params_trigger_ui' retrieved from /home/airflow/.local/lib/python3.8/site-packages/airflow/example_dags/example_params_trigger_ui.py
[2026-02-02T14:38:49.160+0000] {logging_mixin.py:188} INFO - [2026-02-02T14:38:49.160+0000] {dag.py:3036} INFO - Sync 1 DAGs
[2026-02-02T14:38:49.177+0000] {logging_mixin.py:188} INFO - [2026-02-02T14:38:49.176+0000] {dag.py:3823} INFO - Setting next_dagrun for example_params_trigger_ui to None, run_after=None
[2026-02-02T14:38:49.196+0000] {processor.py:183} INFO - Processing /home/airflow/.local/lib/python3.8/site-packages/airflow/example_dags/example_params_trigger_ui.py took 0.133 seconds
[2026-02-02T14:39:19.692+0000] {processor.py:161} INFO - Started process (PID=2125) to work on /home/airflow/.local/lib/python3.8/site-packages/airflow/example_dags/example_params_trigger_ui.py
[2026-02-02T14:39:19.693+0000] {processor.py:830} INFO - Processing file /home/airflow/.local/lib/python3.8/site-packages/airflow/example_dags/example_params_trigger_ui.py for tasks to queue
[2026-02-02T14:39:19.694+0000] {logging_mixin.py:188} INFO - [2026-02-02T14:39:19.694+0000] {dagbag.py:538} INFO - Filling up the DagBag from /home/airflow/.local/lib/python3.8/site-packages/airflow/example_dags/example_params_trigger_ui.py
[2026-02-02T14:39:19.710+0000] {processor.py:840} INFO - DAG(s) 'example_params_trigger_ui' retrieved from /home/airflow/.local/lib/python3.8/site-packages/airflow/example_dags/example_params_trigger_ui.py
[2026-02-02T14:39:19.822+0000] {logging_mixin.py:188} INFO - [2026-02-02T14:39:19.821+0000] {dag.py:3036} INFO - Sync 1 DAGs
[2026-02-02T14:39:19.837+0000] {logging_mixin.py:188} INFO - [2026-02-02T14:39:19.837+0000] {dag.py:3823} INFO - Setting next_dagrun for example_params_trigger_ui to None, run_after=None
[2026-02-02T14:39:19.856+0000] {processor.py:183} INFO - Processing /home/airflow/.local/lib/python3.8/site-packages/airflow/example_dags/example_params_trigger_ui.py took 0.167 seconds
[2026-02-02T14:39:50.575+0000] {processor.py:161} INFO - Started process (PID=2180) to work on /home/airflow/.local/lib/python3.8/site-packages/airflow/example_dags/example_params_trigger_ui.py
[2026-02-02T14:39:50.576+0000] {processor.py:830} INFO - Processing file /home/airflow/.local/lib/python3.8/site-packages/airflow/example_dags/example_params_trigger_ui.py for tasks to queue
[2026-02-02T14:39:50.578+0000] {logging_mixin.py:188} INFO - [2026-02-02T14:39:50.578+0000] {dagbag.py:538} INFO - Filling up the DagBag from /home/airflow/.local/lib/python3.8/site-packages/airflow/example_dags/example_params_trigger_ui.py
[2026-02-02T14:39:50.594+0000] {processor.py:840} INFO - DAG(s) 'example_params_trigger_ui' retrieved from /home/airflow/.local/lib/python3.8/site-packages/airflow/example_dags/example_params_trigger_ui.py
[2026-02-02T14:39:50.680+0000] {logging_mixin.py:188} INFO - [2026-02-02T14:39:50.680+0000] {dag.py:3036} INFO - Sync 1 DAGs
[2026-02-02T14:39:50.695+0000] {logging_mixin.py:188} INFO - [2026-02-02T14:39:50.695+0000] {dag.py:3823} INFO - Setting next_dagrun for example_params_trigger_ui to None, run_after=None
[2026-02-02T14:39:50.720+0000] {processor.py:183} INFO - Processing /home/airflow/.local/lib/python3.8/site-packages/airflow/example_dags/example_params_trigger_ui.py took 0.148 seconds
[2026-02-02T14:40:21.096+0000] {processor.py:161} INFO - Started process (PID=2234) to work on /home/airflow/.local/lib/python3.8/site-packages/airflow/example_dags/example_params_trigger_ui.py
[2026-02-02T14:40:21.097+0000] {processor.py:830} INFO - Processing file /home/airflow/.local/lib/python3.8/site-packages/airflow/example_dags/example_params_trigger_ui.py for tasks to queue
[2026-02-02T14:40:21.099+0000] {logging_mixin.py:188} INFO - [2026-02-02T14:40:21.098+0000] {dagbag.py:538} INFO - Filling up the DagBag from /home/airflow/.local/lib/python3.8/site-packages/airflow/example_dags/example_params_trigger_ui.py
[2026-02-02T14:40:21.114+0000] {processor.py:840} INFO - DAG(s) 'example_params_trigger_ui' retrieved from /home/airflow/.local/lib/python3.8/site-packages/airflow/example_dags/example_params_trigger_ui.py
[2026-02-02T14:40:21.197+0000] {logging_mixin.py:188} INFO - [2026-02-02T14:40:21.197+0000] {dag.py:3036} INFO - Sync 1 DAGs
[2026-02-02T14:40:21.214+0000] {logging_mixin.py:188} INFO - [2026-02-02T14:40:21.214+0000] {dag.py:3823} INFO - Setting next_dagrun for example_params_trigger_ui to None, run_after=None
[2026-02-02T14:40:21.248+0000] {processor.py:183} INFO - Processing /home/airflow/.local/lib/python3.8/site-packages/airflow/example_dags/example_params_trigger_ui.py took 0.155 seconds
[2026-02-02T14:40:51.503+0000] {processor.py:161} INFO - Started process (PID=2289) to work on /home/airflow/.local/lib/python3.8/site-packages/airflow/example_dags/example_params_trigger_ui.py
[2026-02-02T14:40:51.511+0000] {processor.py:830} INFO - Processing file /home/airflow/.local/lib/python3.8/site-packages/airflow/example_dags/example_params_trigger_ui.py for tasks to queue
[2026-02-02T14:40:51.531+0000] {logging_mixin.py:188} INFO - [2026-02-02T14:40:51.513+0000] {dagbag.py:538} INFO - Filling up the DagBag from /home/airflow/.local/lib/python3.8/site-packages/airflow/example_dags/example_params_trigger_ui.py
[2026-02-02T14:40:51.611+0000] {processor.py:840} INFO - DAG(s) 'example_params_trigger_ui' retrieved from /home/airflow/.local/lib/python3.8/site-packages/airflow/example_dags/example_params_trigger_ui.py
[2026-02-02T14:40:51.806+0000] {logging_mixin.py:188} INFO - [2026-02-02T14:40:51.806+0000] {dag.py:3036} INFO - Sync 1 DAGs
[2026-02-02T14:40:51.882+0000] {logging_mixin.py:188} INFO - [2026-02-02T14:40:51.882+0000] {dag.py:3823} INFO - Setting next_dagrun for example_params_trigger_ui to None, run_after=None
[2026-02-02T14:40:51.956+0000] {processor.py:183} INFO - Processing /home/airflow/.local/lib/python3.8/site-packages/airflow/example_dags/example_params_trigger_ui.py took 0.464 seconds
[2026-02-02T14:41:22.519+0000] {processor.py:161} INFO - Started process (PID=2345) to work on /home/airflow/.local/lib/python3.8/site-packages/airflow/example_dags/example_params_trigger_ui.py
[2026-02-02T14:41:22.520+0000] {processor.py:830} INFO - Processing file /home/airflow/.local/lib/python3.8/site-packages/airflow/example_dags/example_params_trigger_ui.py for tasks to queue
[2026-02-02T14:41:22.522+0000] {logging_mixin.py:188} INFO - [2026-02-02T14:41:22.521+0000] {dagbag.py:538} INFO - Filling up the DagBag from /home/airflow/.local/lib/python3.8/site-packages/airflow/example_dags/example_params_trigger_ui.py
[2026-02-02T14:41:22.537+0000] {processor.py:840} INFO - DAG(s) 'example_params_trigger_ui' retrieved from /home/airflow/.local/lib/python3.8/site-packages/airflow/example_dags/example_params_trigger_ui.py
[2026-02-02T14:41:22.614+0000] {logging_mixin.py:188} INFO - [2026-02-02T14:41:22.613+0000] {dag.py:3036} INFO - Sync 1 DAGs
[2026-02-02T14:41:22.628+0000] {logging_mixin.py:188} INFO - [2026-02-02T14:41:22.628+0000] {dag.py:3823} INFO - Setting next_dagrun for example_params_trigger_ui to None, run_after=None
[2026-02-02T14:41:22.646+0000] {processor.py:183} INFO - Processing /home/airflow/.local/lib/python3.8/site-packages/airflow/example_dags/example_params_trigger_ui.py took 0.130 seconds
[2026-02-02T14:41:53.377+0000] {processor.py:161} INFO - Started process (PID=2400) to work on /home/airflow/.local/lib/python3.8/site-packages/airflow/example_dags/example_params_trigger_ui.py
[2026-02-02T14:41:53.378+0000] {processor.py:830} INFO - Processing file /home/airflow/.local/lib/python3.8/site-packages/airflow/example_dags/example_params_trigger_ui.py for tasks to queue
[2026-02-02T14:41:53.380+0000] {logging_mixin.py:188} INFO - [2026-02-02T14:41:53.379+0000] {dagbag.py:538} INFO - Filling up the DagBag from /home/airflow/.local/lib/python3.8/site-packages/airflow/example_dags/example_params_trigger_ui.py
[2026-02-02T14:41:53.395+0000] {processor.py:840} INFO - DAG(s) 'example_params_trigger_ui' retrieved from /home/airflow/.local/lib/python3.8/site-packages/airflow/example_dags/example_params_trigger_ui.py
[2026-02-02T14:41:53.473+0000] {logging_mixin.py:188} INFO - [2026-02-02T14:41:53.472+0000] {dag.py:3036} INFO - Sync 1 DAGs
[2026-02-02T14:41:53.488+0000] {logging_mixin.py:188} INFO - [2026-02-02T14:41:53.488+0000] {dag.py:3823} INFO - Setting next_dagrun for example_params_trigger_ui to None, run_after=None
[2026-02-02T14:41:53.506+0000] {processor.py:183} INFO - Processing /home/airflow/.local/lib/python3.8/site-packages/airflow/example_dags/example_params_trigger_ui.py took 0.132 seconds
[2026-02-02T14:42:23.539+0000] {processor.py:161} INFO - Started process (PID=2455) to work on /home/airflow/.local/lib/python3.8/site-packages/airflow/example_dags/example_params_trigger_ui.py
[2026-02-02T14:42:23.540+0000] {processor.py:830} INFO - Processing file /home/airflow/.local/lib/python3.8/site-packages/airflow/example_dags/example_params_trigger_ui.py for tasks to queue
[2026-02-02T14:42:23.542+0000] {logging_mixin.py:188} INFO - [2026-02-02T14:42:23.542+0000] {dagbag.py:538} INFO - Filling up the DagBag from /home/airflow/.local/lib/python3.8/site-packages/airflow/example_dags/example_params_trigger_ui.py
[2026-02-02T14:42:23.558+0000] {processor.py:840} INFO - DAG(s) 'example_params_trigger_ui' retrieved from /home/airflow/.local/lib/python3.8/site-packages/airflow/example_dags/example_params_trigger_ui.py
[2026-02-02T14:42:23.634+0000] {logging_mixin.py:188} INFO - [2026-02-02T14:42:23.634+0000] {dag.py:3036} INFO - Sync 1 DAGs
[2026-02-02T14:42:23.648+0000] {logging_mixin.py:188} INFO - [2026-02-02T14:42:23.648+0000] {dag.py:3823} INFO - Setting next_dagrun for example_params_trigger_ui to None, run_after=None
[2026-02-02T14:42:23.667+0000] {processor.py:183} INFO - Processing /home/airflow/.local/lib/python3.8/site-packages/airflow/example_dags/example_params_trigger_ui.py took 0.130 seconds
[2026-02-02T14:42:54.056+0000] {processor.py:161} INFO - Started process (PID=2510) to work on /home/airflow/.local/lib/python3.8/site-packages/airflow/example_dags/example_params_trigger_ui.py
[2026-02-02T14:42:54.057+0000] {processor.py:830} INFO - Processing file /home/airflow/.local/lib/python3.8/site-packages/airflow/example_dags/example_params_trigger_ui.py for tasks to queue
[2026-02-02T14:42:54.059+0000] {logging_mixin.py:188} INFO - [2026-02-02T14:42:54.059+0000] {dagbag.py:538} INFO - Filling up the DagBag from /home/airflow/.local/lib/python3.8/site-packages/airflow/example_dags/example_params_trigger_ui.py
[2026-02-02T14:42:54.078+0000] {processor.py:840} INFO - DAG(s) 'example_params_trigger_ui' retrieved from /home/airflow/.local/lib/python3.8/site-packages/airflow/example_dags/example_params_trigger_ui.py
[2026-02-02T14:42:54.223+0000] {logging_mixin.py:188} INFO - [2026-02-02T14:42:54.222+0000] {dag.py:3036} INFO - Sync 1 DAGs
[2026-02-02T14:42:54.250+0000] {logging_mixin.py:188} INFO - [2026-02-02T14:42:54.249+0000] {dag.py:3823} INFO - Setting next_dagrun for example_params_trigger_ui to None, run_after=None
[2026-02-02T14:42:54.298+0000] {processor.py:183} INFO - Processing /home/airflow/.local/lib/python3.8/site-packages/airflow/example_dags/example_params_trigger_ui.py took 0.246 seconds
[2026-02-02T14:43:24.388+0000] {processor.py:161} INFO - Started process (PID=2564) to work on /home/airflow/.local/lib/python3.8/site-packages/airflow/example_dags/example_params_trigger_ui.py
[2026-02-02T14:43:24.389+0000] {processor.py:830} INFO - Processing file /home/airflow/.local/lib/python3.8/site-packages/airflow/example_dags/example_params_trigger_ui.py for tasks to queue
[2026-02-02T14:43:24.392+0000] {logging_mixin.py:188} INFO - [2026-02-02T14:43:24.391+0000] {dagbag.py:538} INFO - Filling up the DagBag from /home/airflow/.local/lib/python3.8/site-packages/airflow/example_dags/example_params_trigger_ui.py
[2026-02-02T14:43:24.407+0000] {processor.py:840} INFO - DAG(s) 'example_params_trigger_ui' retrieved from /home/airflow/.local/lib/python3.8/site-packages/airflow/example_dags/example_params_trigger_ui.py
[2026-02-02T14:43:24.480+0000] {logging_mixin.py:188} INFO - [2026-02-02T14:43:24.480+0000] {dag.py:3036} INFO - Sync 1 DAGs
[2026-02-02T14:43:24.495+0000] {logging_mixin.py:188} INFO - [2026-02-02T14:43:24.495+0000] {dag.py:3823} INFO - Setting next_dagrun for example_params_trigger_ui to None, run_after=None
[2026-02-02T14:43:24.514+0000] {processor.py:183} INFO - Processing /home/airflow/.local/lib/python3.8/site-packages/airflow/example_dags/example_params_trigger_ui.py took 0.128 seconds
[2026-02-02T14:43:54.720+0000] {processor.py:161} INFO - Started process (PID=2619) to work on /home/airflow/.local/lib/python3.8/site-packages/airflow/example_dags/example_params_trigger_ui.py
[2026-02-02T14:43:54.720+0000] {processor.py:830} INFO - Processing file /home/airflow/.local/lib/python3.8/site-packages/airflow/example_dags/example_params_trigger_ui.py for tasks to queue
[2026-02-02T14:43:54.722+0000] {logging_mixin.py:188} INFO - [2026-02-02T14:43:54.722+0000] {dagbag.py:538} INFO - Filling up the DagBag from /home/airflow/.local/lib/python3.8/site-packages/airflow/example_dags/example_params_trigger_ui.py
[2026-02-02T14:43:54.738+0000] {processor.py:840} INFO - DAG(s) 'example_params_trigger_ui' retrieved from /home/airflow/.local/lib/python3.8/site-packages/airflow/example_dags/example_params_trigger_ui.py
[2026-02-02T14:43:54.811+0000] {logging_mixin.py:188} INFO - [2026-02-02T14:43:54.811+0000] {dag.py:3036} INFO - Sync 1 DAGs
[2026-02-02T14:43:54.827+0000] {logging_mixin.py:188} INFO - [2026-02-02T14:43:54.827+0000] {dag.py:3823} INFO - Setting next_dagrun for example_params_trigger_ui to None, run_after=None
[2026-02-02T14:43:54.846+0000] {processor.py:183} INFO - Processing /home/airflow/.local/lib/python3.8/site-packages/airflow/example_dags/example_params_trigger_ui.py took 0.129 seconds
[2026-02-02T14:44:25.556+0000] {processor.py:161} INFO - Started process (PID=2674) to work on /home/airflow/.local/lib/python3.8/site-packages/airflow/example_dags/example_params_trigger_ui.py
[2026-02-02T14:44:25.557+0000] {processor.py:830} INFO - Processing file /home/airflow/.local/lib/python3.8/site-packages/airflow/example_dags/example_params_trigger_ui.py for tasks to queue
[2026-02-02T14:44:25.559+0000] {logging_mixin.py:188} INFO - [2026-02-02T14:44:25.558+0000] {dagbag.py:538} INFO - Filling up the DagBag from /home/airflow/.local/lib/python3.8/site-packages/airflow/example_dags/example_params_trigger_ui.py
[2026-02-02T14:44:25.574+0000] {processor.py:840} INFO - DAG(s) 'example_params_trigger_ui' retrieved from /home/airflow/.local/lib/python3.8/site-packages/airflow/example_dags/example_params_trigger_ui.py
[2026-02-02T14:44:25.647+0000] {logging_mixin.py:188} INFO - [2026-02-02T14:44:25.647+0000] {dag.py:3036} INFO - Sync 1 DAGs
[2026-02-02T14:44:25.896+0000] {logging_mixin.py:188} INFO - [2026-02-02T14:44:25.895+0000] {dag.py:3823} INFO - Setting next_dagrun for example_params_trigger_ui to None, run_after=None
[2026-02-02T14:44:25.913+0000] {processor.py:183} INFO - Processing /home/airflow/.local/lib/python3.8/site-packages/airflow/example_dags/example_params_trigger_ui.py took 0.361 seconds
[2026-02-02T14:44:56.491+0000] {processor.py:161} INFO - Started process (PID=2729) to work on /home/airflow/.local/lib/python3.8/site-packages/airflow/example_dags/example_params_trigger_ui.py
[2026-02-02T14:44:56.492+0000] {processor.py:830} INFO - Processing file /home/airflow/.local/lib/python3.8/site-packages/airflow/example_dags/example_params_trigger_ui.py for tasks to queue
[2026-02-02T14:44:56.494+0000] {logging_mixin.py:188} INFO - [2026-02-02T14:44:56.494+0000] {dagbag.py:538} INFO - Filling up the DagBag from /home/airflow/.local/lib/python3.8/site-packages/airflow/example_dags/example_params_trigger_ui.py
[2026-02-02T14:44:56.509+0000] {processor.py:840} INFO - DAG(s) 'example_params_trigger_ui' retrieved from /home/airflow/.local/lib/python3.8/site-packages/airflow/example_dags/example_params_trigger_ui.py
[2026-02-02T14:44:56.587+0000] {logging_mixin.py:188} INFO - [2026-02-02T14:44:56.586+0000] {dag.py:3036} INFO - Sync 1 DAGs
[2026-02-02T14:44:56.772+0000] {logging_mixin.py:188} INFO - [2026-02-02T14:44:56.772+0000] {dag.py:3823} INFO - Setting next_dagrun for example_params_trigger_ui to None, run_after=None
[2026-02-02T14:44:56.789+0000] {processor.py:183} INFO - Processing /home/airflow/.local/lib/python3.8/site-packages/airflow/example_dags/example_params_trigger_ui.py took 0.301 seconds
[2026-02-02T14:45:26.907+0000] {processor.py:161} INFO - Started process (PID=2786) to work on /home/airflow/.local/lib/python3.8/site-packages/airflow/example_dags/example_params_trigger_ui.py
[2026-02-02T14:45:26.908+0000] {processor.py:830} INFO - Processing file /home/airflow/.local/lib/python3.8/site-packages/airflow/example_dags/example_params_trigger_ui.py for tasks to queue
[2026-02-02T14:45:26.910+0000] {logging_mixin.py:188} INFO - [2026-02-02T14:45:26.910+0000] {dagbag.py:538} INFO - Filling up the DagBag from /home/airflow/.local/lib/python3.8/site-packages/airflow/example_dags/example_params_trigger_ui.py
[2026-02-02T14:45:26.926+0000] {processor.py:840} INFO - DAG(s) 'example_params_trigger_ui' retrieved from /home/airflow/.local/lib/python3.8/site-packages/airflow/example_dags/example_params_trigger_ui.py
[2026-02-02T14:45:27.033+0000] {logging_mixin.py:188} INFO - [2026-02-02T14:45:27.033+0000] {dag.py:3036} INFO - Sync 1 DAGs
[2026-02-02T14:45:27.061+0000] {logging_mixin.py:188} INFO - [2026-02-02T14:45:27.061+0000] {dag.py:3823} INFO - Setting next_dagrun for example_params_trigger_ui to None, run_after=None
[2026-02-02T14:45:27.107+0000] {processor.py:183} INFO - Processing /home/airflow/.local/lib/python3.8/site-packages/airflow/example_dags/example_params_trigger_ui.py took 0.203 seconds
[2026-02-02T14:45:57.314+0000] {processor.py:161} INFO - Started process (PID=2842) to work on /home/airflow/.local/lib/python3.8/site-packages/airflow/example_dags/example_params_trigger_ui.py
[2026-02-02T14:45:57.315+0000] {processor.py:830} INFO - Processing file /home/airflow/.local/lib/python3.8/site-packages/airflow/example_dags/example_params_trigger_ui.py for tasks to queue
[2026-02-02T14:45:57.317+0000] {logging_mixin.py:188} INFO - [2026-02-02T14:45:57.317+0000] {dagbag.py:538} INFO - Filling up the DagBag from /home/airflow/.local/lib/python3.8/site-packages/airflow/example_dags/example_params_trigger_ui.py
[2026-02-02T14:45:57.333+0000] {processor.py:840} INFO - DAG(s) 'example_params_trigger_ui' retrieved from /home/airflow/.local/lib/python3.8/site-packages/airflow/example_dags/example_params_trigger_ui.py
[2026-02-02T14:45:57.411+0000] {logging_mixin.py:188} INFO - [2026-02-02T14:45:57.411+0000] {dag.py:3036} INFO - Sync 1 DAGs
[2026-02-02T14:45:57.426+0000] {logging_mixin.py:188} INFO - [2026-02-02T14:45:57.426+0000] {dag.py:3823} INFO - Setting next_dagrun for example_params_trigger_ui to None, run_after=None
[2026-02-02T14:45:57.446+0000] {processor.py:183} INFO - Processing /home/airflow/.local/lib/python3.8/site-packages/airflow/example_dags/example_params_trigger_ui.py took 0.135 seconds
[2026-02-02T14:46:27.519+0000] {processor.py:161} INFO - Started process (PID=2897) to work on /home/airflow/.local/lib/python3.8/site-packages/airflow/example_dags/example_params_trigger_ui.py
[2026-02-02T14:46:27.520+0000] {processor.py:830} INFO - Processing file /home/airflow/.local/lib/python3.8/site-packages/airflow/example_dags/example_params_trigger_ui.py for tasks to queue
[2026-02-02T14:46:27.522+0000] {logging_mixin.py:188} INFO - [2026-02-02T14:46:27.522+0000] {dagbag.py:538} INFO - Filling up the DagBag from /home/airflow/.local/lib/python3.8/site-packages/airflow/example_dags/example_params_trigger_ui.py
[2026-02-02T14:46:27.540+0000] {processor.py:840} INFO - DAG(s) 'example_params_trigger_ui' retrieved from /home/airflow/.local/lib/python3.8/site-packages/airflow/example_dags/example_params_trigger_ui.py
[2026-02-02T14:46:27.613+0000] {logging_mixin.py:188} INFO - [2026-02-02T14:46:27.612+0000] {dag.py:3036} INFO - Sync 1 DAGs
[2026-02-02T14:46:27.627+0000] {logging_mixin.py:188} INFO - [2026-02-02T14:46:27.627+0000] {dag.py:3823} INFO - Setting next_dagrun for example_params_trigger_ui to None, run_after=None
[2026-02-02T14:46:27.645+0000] {processor.py:183} INFO - Processing /home/airflow/.local/lib/python3.8/site-packages/airflow/example_dags/example_params_trigger_ui.py took 0.129 seconds
[2026-02-02T14:46:57.817+0000] {processor.py:161} INFO - Started process (PID=2953) to work on /home/airflow/.local/lib/python3.8/site-packages/airflow/example_dags/example_params_trigger_ui.py
[2026-02-02T14:46:57.818+0000] {processor.py:830} INFO - Processing file /home/airflow/.local/lib/python3.8/site-packages/airflow/example_dags/example_params_trigger_ui.py for tasks to queue
[2026-02-02T14:46:57.820+0000] {logging_mixin.py:188} INFO - [2026-02-02T14:46:57.819+0000] {dagbag.py:538} INFO - Filling up the DagBag from /home/airflow/.local/lib/python3.8/site-packages/airflow/example_dags/example_params_trigger_ui.py
[2026-02-02T14:46:57.836+0000] {processor.py:840} INFO - DAG(s) 'example_params_trigger_ui' retrieved from /home/airflow/.local/lib/python3.8/site-packages/airflow/example_dags/example_params_trigger_ui.py
[2026-02-02T14:46:57.912+0000] {logging_mixin.py:188} INFO - [2026-02-02T14:46:57.911+0000] {dag.py:3036} INFO - Sync 1 DAGs
[2026-02-02T14:46:57.926+0000] {logging_mixin.py:188} INFO - [2026-02-02T14:46:57.926+0000] {dag.py:3823} INFO - Setting next_dagrun for example_params_trigger_ui to None, run_after=None
[2026-02-02T14:46:57.947+0000] {processor.py:183} INFO - Processing /home/airflow/.local/lib/python3.8/site-packages/airflow/example_dags/example_params_trigger_ui.py took 0.133 seconds
[2026-02-02T14:47:28.754+0000] {processor.py:161} INFO - Started process (PID=3009) to work on /home/airflow/.local/lib/python3.8/site-packages/airflow/example_dags/example_params_trigger_ui.py
[2026-02-02T14:47:28.755+0000] {processor.py:830} INFO - Processing file /home/airflow/.local/lib/python3.8/site-packages/airflow/example_dags/example_params_trigger_ui.py for tasks to queue
[2026-02-02T14:47:28.759+0000] {logging_mixin.py:188} INFO - [2026-02-02T14:47:28.758+0000] {dagbag.py:538} INFO - Filling up the DagBag from /home/airflow/.local/lib/python3.8/site-packages/airflow/example_dags/example_params_trigger_ui.py
[2026-02-02T14:47:28.780+0000] {processor.py:840} INFO - DAG(s) 'example_params_trigger_ui' retrieved from /home/airflow/.local/lib/python3.8/site-packages/airflow/example_dags/example_params_trigger_ui.py
[2026-02-02T14:47:28.855+0000] {logging_mixin.py:188} INFO - [2026-02-02T14:47:28.855+0000] {dag.py:3036} INFO - Sync 1 DAGs
[2026-02-02T14:47:28.872+0000] {logging_mixin.py:188} INFO - [2026-02-02T14:47:28.871+0000] {dag.py:3823} INFO - Setting next_dagrun for example_params_trigger_ui to None, run_after=None
[2026-02-02T14:47:28.890+0000] {processor.py:183} INFO - Processing /home/airflow/.local/lib/python3.8/site-packages/airflow/example_dags/example_params_trigger_ui.py took 0.154 seconds
[2026-02-02T14:47:59.754+0000] {processor.py:161} INFO - Started process (PID=3072) to work on /home/airflow/.local/lib/python3.8/site-packages/airflow/example_dags/example_params_trigger_ui.py
[2026-02-02T14:47:59.755+0000] {processor.py:830} INFO - Processing file /home/airflow/.local/lib/python3.8/site-packages/airflow/example_dags/example_params_trigger_ui.py for tasks to queue
[2026-02-02T14:47:59.756+0000] {logging_mixin.py:188} INFO - [2026-02-02T14:47:59.756+0000] {dagbag.py:538} INFO - Filling up the DagBag from /home/airflow/.local/lib/python3.8/site-packages/airflow/example_dags/example_params_trigger_ui.py
[2026-02-02T14:47:59.772+0000] {processor.py:840} INFO - DAG(s) 'example_params_trigger_ui' retrieved from /home/airflow/.local/lib/python3.8/site-packages/airflow/example_dags/example_params_trigger_ui.py
[2026-02-02T14:47:59.846+0000] {logging_mixin.py:188} INFO - [2026-02-02T14:47:59.846+0000] {dag.py:3036} INFO - Sync 1 DAGs
[2026-02-02T14:47:59.869+0000] {logging_mixin.py:188} INFO - [2026-02-02T14:47:59.869+0000] {dag.py:3823} INFO - Setting next_dagrun for example_params_trigger_ui to None, run_after=None
[2026-02-02T14:47:59.888+0000] {processor.py:183} INFO - Processing /home/airflow/.local/lib/python3.8/site-packages/airflow/example_dags/example_params_trigger_ui.py took 0.137 seconds
[2026-02-02T14:48:30.166+0000] {processor.py:161} INFO - Started process (PID=3127) to work on /home/airflow/.local/lib/python3.8/site-packages/airflow/example_dags/example_params_trigger_ui.py
[2026-02-02T14:48:30.167+0000] {processor.py:830} INFO - Processing file /home/airflow/.local/lib/python3.8/site-packages/airflow/example_dags/example_params_trigger_ui.py for tasks to queue
[2026-02-02T14:48:30.169+0000] {logging_mixin.py:188} INFO - [2026-02-02T14:48:30.169+0000] {dagbag.py:538} INFO - Filling up the DagBag from /home/airflow/.local/lib/python3.8/site-packages/airflow/example_dags/example_params_trigger_ui.py
[2026-02-02T14:48:30.183+0000] {processor.py:840} INFO - DAG(s) 'example_params_trigger_ui' retrieved from /home/airflow/.local/lib/python3.8/site-packages/airflow/example_dags/example_params_trigger_ui.py
[2026-02-02T14:48:30.316+0000] {logging_mixin.py:188} INFO - [2026-02-02T14:48:30.316+0000] {dag.py:3036} INFO - Sync 1 DAGs
[2026-02-02T14:48:30.337+0000] {logging_mixin.py:188} INFO - [2026-02-02T14:48:30.336+0000] {dag.py:3823} INFO - Setting next_dagrun for example_params_trigger_ui to None, run_after=None
[2026-02-02T14:48:30.373+0000] {processor.py:183} INFO - Processing /home/airflow/.local/lib/python3.8/site-packages/airflow/example_dags/example_params_trigger_ui.py took 0.210 seconds
[2026-02-02T14:49:01.301+0000] {processor.py:161} INFO - Started process (PID=3183) to work on /home/airflow/.local/lib/python3.8/site-packages/airflow/example_dags/example_params_trigger_ui.py
[2026-02-02T14:49:01.304+0000] {processor.py:830} INFO - Processing file /home/airflow/.local/lib/python3.8/site-packages/airflow/example_dags/example_params_trigger_ui.py for tasks to queue
[2026-02-02T14:49:01.307+0000] {logging_mixin.py:188} INFO - [2026-02-02T14:49:01.307+0000] {dagbag.py:538} INFO - Filling up the DagBag from /home/airflow/.local/lib/python3.8/site-packages/airflow/example_dags/example_params_trigger_ui.py
[2026-02-02T14:49:01.330+0000] {processor.py:840} INFO - DAG(s) 'example_params_trigger_ui' retrieved from /home/airflow/.local/lib/python3.8/site-packages/airflow/example_dags/example_params_trigger_ui.py
[2026-02-02T14:49:01.424+0000] {logging_mixin.py:188} INFO - [2026-02-02T14:49:01.424+0000] {dag.py:3036} INFO - Sync 1 DAGs
[2026-02-02T14:49:01.452+0000] {logging_mixin.py:188} INFO - [2026-02-02T14:49:01.449+0000] {dag.py:3823} INFO - Setting next_dagrun for example_params_trigger_ui to None, run_after=None
[2026-02-02T14:49:01.501+0000] {processor.py:183} INFO - Processing /home/airflow/.local/lib/python3.8/site-packages/airflow/example_dags/example_params_trigger_ui.py took 0.207 seconds
[2026-02-02T14:49:31.722+0000] {processor.py:161} INFO - Started process (PID=3239) to work on /home/airflow/.local/lib/python3.8/site-packages/airflow/example_dags/example_params_trigger_ui.py
[2026-02-02T14:49:31.722+0000] {processor.py:830} INFO - Processing file /home/airflow/.local/lib/python3.8/site-packages/airflow/example_dags/example_params_trigger_ui.py for tasks to queue
[2026-02-02T14:49:31.724+0000] {logging_mixin.py:188} INFO - [2026-02-02T14:49:31.724+0000] {dagbag.py:538} INFO - Filling up the DagBag from /home/airflow/.local/lib/python3.8/site-packages/airflow/example_dags/example_params_trigger_ui.py
[2026-02-02T14:49:31.740+0000] {processor.py:840} INFO - DAG(s) 'example_params_trigger_ui' retrieved from /home/airflow/.local/lib/python3.8/site-packages/airflow/example_dags/example_params_trigger_ui.py
[2026-02-02T14:49:31.816+0000] {logging_mixin.py:188} INFO - [2026-02-02T14:49:31.816+0000] {dag.py:3036} INFO - Sync 1 DAGs
[2026-02-02T14:49:31.833+0000] {logging_mixin.py:188} INFO - [2026-02-02T14:49:31.832+0000] {dag.py:3823} INFO - Setting next_dagrun for example_params_trigger_ui to None, run_after=None
[2026-02-02T14:49:31.852+0000] {processor.py:183} INFO - Processing /home/airflow/.local/lib/python3.8/site-packages/airflow/example_dags/example_params_trigger_ui.py took 0.134 seconds
[2026-02-02T14:50:02.270+0000] {processor.py:161} INFO - Started process (PID=3295) to work on /home/airflow/.local/lib/python3.8/site-packages/airflow/example_dags/example_params_trigger_ui.py
[2026-02-02T14:50:02.271+0000] {processor.py:830} INFO - Processing file /home/airflow/.local/lib/python3.8/site-packages/airflow/example_dags/example_params_trigger_ui.py for tasks to queue
[2026-02-02T14:50:02.274+0000] {logging_mixin.py:188} INFO - [2026-02-02T14:50:02.274+0000] {dagbag.py:538} INFO - Filling up the DagBag from /home/airflow/.local/lib/python3.8/site-packages/airflow/example_dags/example_params_trigger_ui.py
[2026-02-02T14:50:02.292+0000] {processor.py:840} INFO - DAG(s) 'example_params_trigger_ui' retrieved from /home/airflow/.local/lib/python3.8/site-packages/airflow/example_dags/example_params_trigger_ui.py
[2026-02-02T14:50:02.368+0000] {logging_mixin.py:188} INFO - [2026-02-02T14:50:02.368+0000] {dag.py:3036} INFO - Sync 1 DAGs
[2026-02-02T14:50:02.384+0000] {logging_mixin.py:188} INFO - [2026-02-02T14:50:02.384+0000] {dag.py:3823} INFO - Setting next_dagrun for example_params_trigger_ui to None, run_after=None
[2026-02-02T14:50:02.403+0000] {processor.py:183} INFO - Processing /home/airflow/.local/lib/python3.8/site-packages/airflow/example_dags/example_params_trigger_ui.py took 0.136 seconds
[2026-02-02T14:50:32.586+0000] {processor.py:161} INFO - Started process (PID=3351) to work on /home/airflow/.local/lib/python3.8/site-packages/airflow/example_dags/example_params_trigger_ui.py
[2026-02-02T14:50:32.587+0000] {processor.py:830} INFO - Processing file /home/airflow/.local/lib/python3.8/site-packages/airflow/example_dags/example_params_trigger_ui.py for tasks to queue
[2026-02-02T14:50:32.589+0000] {logging_mixin.py:188} INFO - [2026-02-02T14:50:32.588+0000] {dagbag.py:538} INFO - Filling up the DagBag from /home/airflow/.local/lib/python3.8/site-packages/airflow/example_dags/example_params_trigger_ui.py
[2026-02-02T14:50:32.604+0000] {processor.py:840} INFO - DAG(s) 'example_params_trigger_ui' retrieved from /home/airflow/.local/lib/python3.8/site-packages/airflow/example_dags/example_params_trigger_ui.py
[2026-02-02T14:50:32.681+0000] {logging_mixin.py:188} INFO - [2026-02-02T14:50:32.681+0000] {dag.py:3036} INFO - Sync 1 DAGs
[2026-02-02T14:50:32.697+0000] {logging_mixin.py:188} INFO - [2026-02-02T14:50:32.697+0000] {dag.py:3823} INFO - Setting next_dagrun for example_params_trigger_ui to None, run_after=None
[2026-02-02T14:50:32.716+0000] {processor.py:183} INFO - Processing /home/airflow/.local/lib/python3.8/site-packages/airflow/example_dags/example_params_trigger_ui.py took 0.133 seconds
