[2026-02-02T14:20:32.905+0000] {processor.py:161} INFO - Started process (PID=101) to work on /home/airflow/.local/lib/python3.8/site-packages/airflow/example_dags/example_skip_dag.py
[2026-02-02T14:20:32.908+0000] {processor.py:830} INFO - Processing file /home/airflow/.local/lib/python3.8/site-packages/airflow/example_dags/example_skip_dag.py for tasks to queue
[2026-02-02T14:20:32.914+0000] {logging_mixin.py:188} INFO - [2026-02-02T14:20:32.914+0000] {dagbag.py:538} INFO - Filling up the DagBag from /home/airflow/.local/lib/python3.8/site-packages/airflow/example_dags/example_skip_dag.py
[2026-02-02T14:20:32.931+0000] {processor.py:840} INFO - DAG(s) 'example_skip_dag' retrieved from /home/airflow/.local/lib/python3.8/site-packages/airflow/example_dags/example_skip_dag.py
[2026-02-02T14:20:33.312+0000] {logging_mixin.py:188} INFO - [2026-02-02T14:20:33.311+0000] {override.py:1769} INFO - Created Permission View: can edit on DAG:example_skip_dag
[2026-02-02T14:20:33.361+0000] {logging_mixin.py:188} INFO - [2026-02-02T14:20:33.361+0000] {override.py:1769} INFO - Created Permission View: can delete on DAG:example_skip_dag
[2026-02-02T14:20:33.400+0000] {logging_mixin.py:188} INFO - [2026-02-02T14:20:33.400+0000] {override.py:1769} INFO - Created Permission View: can read on DAG:example_skip_dag
[2026-02-02T14:20:33.402+0000] {logging_mixin.py:188} INFO - [2026-02-02T14:20:33.402+0000] {dag.py:3036} INFO - Sync 1 DAGs
[2026-02-02T14:20:33.469+0000] {logging_mixin.py:188} INFO - [2026-02-02T14:20:33.467+0000] {dag.py:3058} INFO - Creating ORM DAG for example_skip_dag
[2026-02-02T14:20:33.520+0000] {logging_mixin.py:188} INFO - [2026-02-02T14:20:33.520+0000] {dag.py:3823} INFO - Setting next_dagrun for example_skip_dag to 2026-02-01 00:00:00+00:00, run_after=2026-02-02 00:00:00+00:00
[2026-02-02T14:20:33.611+0000] {processor.py:183} INFO - Processing /home/airflow/.local/lib/python3.8/site-packages/airflow/example_dags/example_skip_dag.py took 0.713 seconds
[2026-02-02T14:21:04.359+0000] {processor.py:161} INFO - Started process (PID=156) to work on /home/airflow/.local/lib/python3.8/site-packages/airflow/example_dags/example_skip_dag.py
[2026-02-02T14:21:04.362+0000] {processor.py:830} INFO - Processing file /home/airflow/.local/lib/python3.8/site-packages/airflow/example_dags/example_skip_dag.py for tasks to queue
[2026-02-02T14:21:04.369+0000] {logging_mixin.py:188} INFO - [2026-02-02T14:21:04.369+0000] {dagbag.py:538} INFO - Filling up the DagBag from /home/airflow/.local/lib/python3.8/site-packages/airflow/example_dags/example_skip_dag.py
[2026-02-02T14:21:04.398+0000] {processor.py:840} INFO - DAG(s) 'example_skip_dag' retrieved from /home/airflow/.local/lib/python3.8/site-packages/airflow/example_dags/example_skip_dag.py
[2026-02-02T14:21:04.452+0000] {logging_mixin.py:188} INFO - [2026-02-02T14:21:04.452+0000] {dag.py:3036} INFO - Sync 1 DAGs
[2026-02-02T14:21:04.562+0000] {logging_mixin.py:188} INFO - [2026-02-02T14:21:04.561+0000] {dag.py:3823} INFO - Setting next_dagrun for example_skip_dag to 2026-02-01 00:00:00+00:00, run_after=2026-02-02 00:00:00+00:00
[2026-02-02T14:21:04.650+0000] {processor.py:183} INFO - Processing /home/airflow/.local/lib/python3.8/site-packages/airflow/example_dags/example_skip_dag.py took 0.297 seconds
[2026-02-02T14:21:35.050+0000] {processor.py:161} INFO - Started process (PID=211) to work on /home/airflow/.local/lib/python3.8/site-packages/airflow/example_dags/example_skip_dag.py
[2026-02-02T14:21:35.051+0000] {processor.py:830} INFO - Processing file /home/airflow/.local/lib/python3.8/site-packages/airflow/example_dags/example_skip_dag.py for tasks to queue
[2026-02-02T14:21:35.052+0000] {logging_mixin.py:188} INFO - [2026-02-02T14:21:35.052+0000] {dagbag.py:538} INFO - Filling up the DagBag from /home/airflow/.local/lib/python3.8/site-packages/airflow/example_dags/example_skip_dag.py
[2026-02-02T14:21:35.060+0000] {processor.py:840} INFO - DAG(s) 'example_skip_dag' retrieved from /home/airflow/.local/lib/python3.8/site-packages/airflow/example_dags/example_skip_dag.py
[2026-02-02T14:21:35.085+0000] {logging_mixin.py:188} INFO - [2026-02-02T14:21:35.085+0000] {dag.py:3036} INFO - Sync 1 DAGs
[2026-02-02T14:21:35.110+0000] {logging_mixin.py:188} INFO - [2026-02-02T14:21:35.110+0000] {dag.py:3823} INFO - Setting next_dagrun for example_skip_dag to 2026-02-01 00:00:00+00:00, run_after=2026-02-02 00:00:00+00:00
[2026-02-02T14:21:35.133+0000] {processor.py:183} INFO - Processing /home/airflow/.local/lib/python3.8/site-packages/airflow/example_dags/example_skip_dag.py took 0.086 seconds
[2026-02-02T14:22:05.350+0000] {processor.py:161} INFO - Started process (PID=266) to work on /home/airflow/.local/lib/python3.8/site-packages/airflow/example_dags/example_skip_dag.py
[2026-02-02T14:22:05.351+0000] {processor.py:830} INFO - Processing file /home/airflow/.local/lib/python3.8/site-packages/airflow/example_dags/example_skip_dag.py for tasks to queue
[2026-02-02T14:22:05.353+0000] {logging_mixin.py:188} INFO - [2026-02-02T14:22:05.353+0000] {dagbag.py:538} INFO - Filling up the DagBag from /home/airflow/.local/lib/python3.8/site-packages/airflow/example_dags/example_skip_dag.py
[2026-02-02T14:22:05.361+0000] {processor.py:840} INFO - DAG(s) 'example_skip_dag' retrieved from /home/airflow/.local/lib/python3.8/site-packages/airflow/example_dags/example_skip_dag.py
[2026-02-02T14:22:05.390+0000] {logging_mixin.py:188} INFO - [2026-02-02T14:22:05.390+0000] {dag.py:3036} INFO - Sync 1 DAGs
[2026-02-02T14:22:05.419+0000] {logging_mixin.py:188} INFO - [2026-02-02T14:22:05.418+0000] {dag.py:3823} INFO - Setting next_dagrun for example_skip_dag to 2026-02-01 00:00:00+00:00, run_after=2026-02-02 00:00:00+00:00
[2026-02-02T14:22:05.438+0000] {processor.py:183} INFO - Processing /home/airflow/.local/lib/python3.8/site-packages/airflow/example_dags/example_skip_dag.py took 0.091 seconds
[2026-02-02T14:22:36.065+0000] {processor.py:161} INFO - Started process (PID=321) to work on /home/airflow/.local/lib/python3.8/site-packages/airflow/example_dags/example_skip_dag.py
[2026-02-02T14:22:36.066+0000] {processor.py:830} INFO - Processing file /home/airflow/.local/lib/python3.8/site-packages/airflow/example_dags/example_skip_dag.py for tasks to queue
[2026-02-02T14:22:36.068+0000] {logging_mixin.py:188} INFO - [2026-02-02T14:22:36.067+0000] {dagbag.py:538} INFO - Filling up the DagBag from /home/airflow/.local/lib/python3.8/site-packages/airflow/example_dags/example_skip_dag.py
[2026-02-02T14:22:36.075+0000] {processor.py:840} INFO - DAG(s) 'example_skip_dag' retrieved from /home/airflow/.local/lib/python3.8/site-packages/airflow/example_dags/example_skip_dag.py
[2026-02-02T14:22:36.104+0000] {logging_mixin.py:188} INFO - [2026-02-02T14:22:36.104+0000] {dag.py:3036} INFO - Sync 1 DAGs
[2026-02-02T14:22:36.130+0000] {logging_mixin.py:188} INFO - [2026-02-02T14:22:36.130+0000] {dag.py:3823} INFO - Setting next_dagrun for example_skip_dag to 2026-02-01 00:00:00+00:00, run_after=2026-02-02 00:00:00+00:00
[2026-02-02T14:22:36.151+0000] {processor.py:183} INFO - Processing /home/airflow/.local/lib/python3.8/site-packages/airflow/example_dags/example_skip_dag.py took 0.089 seconds
[2026-02-02T14:23:06.594+0000] {processor.py:161} INFO - Started process (PID=376) to work on /home/airflow/.local/lib/python3.8/site-packages/airflow/example_dags/example_skip_dag.py
[2026-02-02T14:23:06.595+0000] {processor.py:830} INFO - Processing file /home/airflow/.local/lib/python3.8/site-packages/airflow/example_dags/example_skip_dag.py for tasks to queue
[2026-02-02T14:23:06.596+0000] {logging_mixin.py:188} INFO - [2026-02-02T14:23:06.596+0000] {dagbag.py:538} INFO - Filling up the DagBag from /home/airflow/.local/lib/python3.8/site-packages/airflow/example_dags/example_skip_dag.py
[2026-02-02T14:23:06.604+0000] {processor.py:840} INFO - DAG(s) 'example_skip_dag' retrieved from /home/airflow/.local/lib/python3.8/site-packages/airflow/example_dags/example_skip_dag.py
[2026-02-02T14:23:06.629+0000] {logging_mixin.py:188} INFO - [2026-02-02T14:23:06.629+0000] {dag.py:3036} INFO - Sync 1 DAGs
[2026-02-02T14:23:06.657+0000] {logging_mixin.py:188} INFO - [2026-02-02T14:23:06.657+0000] {dag.py:3823} INFO - Setting next_dagrun for example_skip_dag to 2026-02-01 00:00:00+00:00, run_after=2026-02-02 00:00:00+00:00
[2026-02-02T14:23:06.677+0000] {processor.py:183} INFO - Processing /home/airflow/.local/lib/python3.8/site-packages/airflow/example_dags/example_skip_dag.py took 0.086 seconds
[2026-02-02T14:23:37.283+0000] {processor.py:161} INFO - Started process (PID=431) to work on /home/airflow/.local/lib/python3.8/site-packages/airflow/example_dags/example_skip_dag.py
[2026-02-02T14:23:37.284+0000] {processor.py:830} INFO - Processing file /home/airflow/.local/lib/python3.8/site-packages/airflow/example_dags/example_skip_dag.py for tasks to queue
[2026-02-02T14:23:37.285+0000] {logging_mixin.py:188} INFO - [2026-02-02T14:23:37.285+0000] {dagbag.py:538} INFO - Filling up the DagBag from /home/airflow/.local/lib/python3.8/site-packages/airflow/example_dags/example_skip_dag.py
[2026-02-02T14:23:37.292+0000] {processor.py:840} INFO - DAG(s) 'example_skip_dag' retrieved from /home/airflow/.local/lib/python3.8/site-packages/airflow/example_dags/example_skip_dag.py
[2026-02-02T14:23:37.318+0000] {logging_mixin.py:188} INFO - [2026-02-02T14:23:37.318+0000] {dag.py:3036} INFO - Sync 1 DAGs
[2026-02-02T14:23:37.346+0000] {logging_mixin.py:188} INFO - [2026-02-02T14:23:37.346+0000] {dag.py:3823} INFO - Setting next_dagrun for example_skip_dag to 2026-02-01 00:00:00+00:00, run_after=2026-02-02 00:00:00+00:00
[2026-02-02T14:23:37.368+0000] {processor.py:183} INFO - Processing /home/airflow/.local/lib/python3.8/site-packages/airflow/example_dags/example_skip_dag.py took 0.088 seconds
[2026-02-02T14:24:07.417+0000] {processor.py:161} INFO - Started process (PID=485) to work on /home/airflow/.local/lib/python3.8/site-packages/airflow/example_dags/example_skip_dag.py
[2026-02-02T14:24:07.418+0000] {processor.py:830} INFO - Processing file /home/airflow/.local/lib/python3.8/site-packages/airflow/example_dags/example_skip_dag.py for tasks to queue
[2026-02-02T14:24:07.420+0000] {logging_mixin.py:188} INFO - [2026-02-02T14:24:07.419+0000] {dagbag.py:538} INFO - Filling up the DagBag from /home/airflow/.local/lib/python3.8/site-packages/airflow/example_dags/example_skip_dag.py
[2026-02-02T14:24:07.427+0000] {processor.py:840} INFO - DAG(s) 'example_skip_dag' retrieved from /home/airflow/.local/lib/python3.8/site-packages/airflow/example_dags/example_skip_dag.py
[2026-02-02T14:24:07.454+0000] {logging_mixin.py:188} INFO - [2026-02-02T14:24:07.454+0000] {dag.py:3036} INFO - Sync 1 DAGs
[2026-02-02T14:24:07.485+0000] {logging_mixin.py:188} INFO - [2026-02-02T14:24:07.484+0000] {dag.py:3823} INFO - Setting next_dagrun for example_skip_dag to 2026-02-01 00:00:00+00:00, run_after=2026-02-02 00:00:00+00:00
[2026-02-02T14:24:07.507+0000] {processor.py:183} INFO - Processing /home/airflow/.local/lib/python3.8/site-packages/airflow/example_dags/example_skip_dag.py took 0.093 seconds
[2026-02-02T14:24:37.625+0000] {processor.py:161} INFO - Started process (PID=541) to work on /home/airflow/.local/lib/python3.8/site-packages/airflow/example_dags/example_skip_dag.py
[2026-02-02T14:24:37.626+0000] {processor.py:830} INFO - Processing file /home/airflow/.local/lib/python3.8/site-packages/airflow/example_dags/example_skip_dag.py for tasks to queue
[2026-02-02T14:24:37.628+0000] {logging_mixin.py:188} INFO - [2026-02-02T14:24:37.628+0000] {dagbag.py:538} INFO - Filling up the DagBag from /home/airflow/.local/lib/python3.8/site-packages/airflow/example_dags/example_skip_dag.py
[2026-02-02T14:24:37.636+0000] {processor.py:840} INFO - DAG(s) 'example_skip_dag' retrieved from /home/airflow/.local/lib/python3.8/site-packages/airflow/example_dags/example_skip_dag.py
[2026-02-02T14:24:37.662+0000] {logging_mixin.py:188} INFO - [2026-02-02T14:24:37.661+0000] {dag.py:3036} INFO - Sync 1 DAGs
[2026-02-02T14:24:37.688+0000] {logging_mixin.py:188} INFO - [2026-02-02T14:24:37.688+0000] {dag.py:3823} INFO - Setting next_dagrun for example_skip_dag to 2026-02-01 00:00:00+00:00, run_after=2026-02-02 00:00:00+00:00
[2026-02-02T14:24:37.712+0000] {processor.py:183} INFO - Processing /home/airflow/.local/lib/python3.8/site-packages/airflow/example_dags/example_skip_dag.py took 0.090 seconds
[2026-02-02T14:25:08.072+0000] {processor.py:161} INFO - Started process (PID=596) to work on /home/airflow/.local/lib/python3.8/site-packages/airflow/example_dags/example_skip_dag.py
[2026-02-02T14:25:08.073+0000] {processor.py:830} INFO - Processing file /home/airflow/.local/lib/python3.8/site-packages/airflow/example_dags/example_skip_dag.py for tasks to queue
[2026-02-02T14:25:08.075+0000] {logging_mixin.py:188} INFO - [2026-02-02T14:25:08.075+0000] {dagbag.py:538} INFO - Filling up the DagBag from /home/airflow/.local/lib/python3.8/site-packages/airflow/example_dags/example_skip_dag.py
[2026-02-02T14:25:08.082+0000] {processor.py:840} INFO - DAG(s) 'example_skip_dag' retrieved from /home/airflow/.local/lib/python3.8/site-packages/airflow/example_dags/example_skip_dag.py
[2026-02-02T14:25:08.108+0000] {logging_mixin.py:188} INFO - [2026-02-02T14:25:08.107+0000] {dag.py:3036} INFO - Sync 1 DAGs
[2026-02-02T14:25:08.136+0000] {logging_mixin.py:188} INFO - [2026-02-02T14:25:08.136+0000] {dag.py:3823} INFO - Setting next_dagrun for example_skip_dag to 2026-02-01 00:00:00+00:00, run_after=2026-02-02 00:00:00+00:00
[2026-02-02T14:25:08.154+0000] {processor.py:183} INFO - Processing /home/airflow/.local/lib/python3.8/site-packages/airflow/example_dags/example_skip_dag.py took 0.085 seconds
[2026-02-02T14:25:38.212+0000] {processor.py:161} INFO - Started process (PID=651) to work on /home/airflow/.local/lib/python3.8/site-packages/airflow/example_dags/example_skip_dag.py
[2026-02-02T14:25:38.213+0000] {processor.py:830} INFO - Processing file /home/airflow/.local/lib/python3.8/site-packages/airflow/example_dags/example_skip_dag.py for tasks to queue
[2026-02-02T14:25:38.215+0000] {logging_mixin.py:188} INFO - [2026-02-02T14:25:38.214+0000] {dagbag.py:538} INFO - Filling up the DagBag from /home/airflow/.local/lib/python3.8/site-packages/airflow/example_dags/example_skip_dag.py
[2026-02-02T14:25:38.223+0000] {processor.py:840} INFO - DAG(s) 'example_skip_dag' retrieved from /home/airflow/.local/lib/python3.8/site-packages/airflow/example_dags/example_skip_dag.py
[2026-02-02T14:25:38.250+0000] {logging_mixin.py:188} INFO - [2026-02-02T14:25:38.249+0000] {dag.py:3036} INFO - Sync 1 DAGs
[2026-02-02T14:25:38.283+0000] {logging_mixin.py:188} INFO - [2026-02-02T14:25:38.282+0000] {dag.py:3823} INFO - Setting next_dagrun for example_skip_dag to 2026-02-01 00:00:00+00:00, run_after=2026-02-02 00:00:00+00:00
[2026-02-02T14:25:38.303+0000] {processor.py:183} INFO - Processing /home/airflow/.local/lib/python3.8/site-packages/airflow/example_dags/example_skip_dag.py took 0.096 seconds
[2026-02-02T14:26:08.512+0000] {processor.py:161} INFO - Started process (PID=706) to work on /home/airflow/.local/lib/python3.8/site-packages/airflow/example_dags/example_skip_dag.py
[2026-02-02T14:26:08.513+0000] {processor.py:830} INFO - Processing file /home/airflow/.local/lib/python3.8/site-packages/airflow/example_dags/example_skip_dag.py for tasks to queue
[2026-02-02T14:26:08.514+0000] {logging_mixin.py:188} INFO - [2026-02-02T14:26:08.514+0000] {dagbag.py:538} INFO - Filling up the DagBag from /home/airflow/.local/lib/python3.8/site-packages/airflow/example_dags/example_skip_dag.py
[2026-02-02T14:26:08.522+0000] {processor.py:840} INFO - DAG(s) 'example_skip_dag' retrieved from /home/airflow/.local/lib/python3.8/site-packages/airflow/example_dags/example_skip_dag.py
[2026-02-02T14:26:08.552+0000] {logging_mixin.py:188} INFO - [2026-02-02T14:26:08.552+0000] {dag.py:3036} INFO - Sync 1 DAGs
[2026-02-02T14:26:08.577+0000] {logging_mixin.py:188} INFO - [2026-02-02T14:26:08.577+0000] {dag.py:3823} INFO - Setting next_dagrun for example_skip_dag to 2026-02-01 00:00:00+00:00, run_after=2026-02-02 00:00:00+00:00
[2026-02-02T14:26:08.616+0000] {processor.py:183} INFO - Processing /home/airflow/.local/lib/python3.8/site-packages/airflow/example_dags/example_skip_dag.py took 0.108 seconds
[2026-02-02T14:26:38.764+0000] {processor.py:161} INFO - Started process (PID=761) to work on /home/airflow/.local/lib/python3.8/site-packages/airflow/example_dags/example_skip_dag.py
[2026-02-02T14:26:38.765+0000] {processor.py:830} INFO - Processing file /home/airflow/.local/lib/python3.8/site-packages/airflow/example_dags/example_skip_dag.py for tasks to queue
[2026-02-02T14:26:38.766+0000] {logging_mixin.py:188} INFO - [2026-02-02T14:26:38.766+0000] {dagbag.py:538} INFO - Filling up the DagBag from /home/airflow/.local/lib/python3.8/site-packages/airflow/example_dags/example_skip_dag.py
[2026-02-02T14:26:38.771+0000] {processor.py:840} INFO - DAG(s) 'example_skip_dag' retrieved from /home/airflow/.local/lib/python3.8/site-packages/airflow/example_dags/example_skip_dag.py
[2026-02-02T14:26:38.788+0000] {logging_mixin.py:188} INFO - [2026-02-02T14:26:38.788+0000] {dag.py:3036} INFO - Sync 1 DAGs
[2026-02-02T14:26:38.806+0000] {logging_mixin.py:188} INFO - [2026-02-02T14:26:38.806+0000] {dag.py:3823} INFO - Setting next_dagrun for example_skip_dag to 2026-02-01 00:00:00+00:00, run_after=2026-02-02 00:00:00+00:00
[2026-02-02T14:26:38.819+0000] {processor.py:183} INFO - Processing /home/airflow/.local/lib/python3.8/site-packages/airflow/example_dags/example_skip_dag.py took 0.058 seconds
[2026-02-02T14:27:09.364+0000] {processor.py:161} INFO - Started process (PID=816) to work on /home/airflow/.local/lib/python3.8/site-packages/airflow/example_dags/example_skip_dag.py
[2026-02-02T14:27:09.365+0000] {processor.py:830} INFO - Processing file /home/airflow/.local/lib/python3.8/site-packages/airflow/example_dags/example_skip_dag.py for tasks to queue
[2026-02-02T14:27:09.367+0000] {logging_mixin.py:188} INFO - [2026-02-02T14:27:09.367+0000] {dagbag.py:538} INFO - Filling up the DagBag from /home/airflow/.local/lib/python3.8/site-packages/airflow/example_dags/example_skip_dag.py
[2026-02-02T14:27:09.375+0000] {processor.py:840} INFO - DAG(s) 'example_skip_dag' retrieved from /home/airflow/.local/lib/python3.8/site-packages/airflow/example_dags/example_skip_dag.py
[2026-02-02T14:27:09.399+0000] {logging_mixin.py:188} INFO - [2026-02-02T14:27:09.399+0000] {dag.py:3036} INFO - Sync 1 DAGs
[2026-02-02T14:27:09.424+0000] {logging_mixin.py:188} INFO - [2026-02-02T14:27:09.424+0000] {dag.py:3823} INFO - Setting next_dagrun for example_skip_dag to 2026-02-01 00:00:00+00:00, run_after=2026-02-02 00:00:00+00:00
[2026-02-02T14:27:09.441+0000] {processor.py:183} INFO - Processing /home/airflow/.local/lib/python3.8/site-packages/airflow/example_dags/example_skip_dag.py took 0.081 seconds
[2026-02-02T14:27:39.654+0000] {processor.py:161} INFO - Started process (PID=871) to work on /home/airflow/.local/lib/python3.8/site-packages/airflow/example_dags/example_skip_dag.py
[2026-02-02T14:27:39.654+0000] {processor.py:830} INFO - Processing file /home/airflow/.local/lib/python3.8/site-packages/airflow/example_dags/example_skip_dag.py for tasks to queue
[2026-02-02T14:27:39.656+0000] {logging_mixin.py:188} INFO - [2026-02-02T14:27:39.655+0000] {dagbag.py:538} INFO - Filling up the DagBag from /home/airflow/.local/lib/python3.8/site-packages/airflow/example_dags/example_skip_dag.py
[2026-02-02T14:27:39.661+0000] {processor.py:840} INFO - DAG(s) 'example_skip_dag' retrieved from /home/airflow/.local/lib/python3.8/site-packages/airflow/example_dags/example_skip_dag.py
[2026-02-02T14:27:39.677+0000] {logging_mixin.py:188} INFO - [2026-02-02T14:27:39.677+0000] {dag.py:3036} INFO - Sync 1 DAGs
[2026-02-02T14:27:39.694+0000] {logging_mixin.py:188} INFO - [2026-02-02T14:27:39.694+0000] {dag.py:3823} INFO - Setting next_dagrun for example_skip_dag to 2026-02-01 00:00:00+00:00, run_after=2026-02-02 00:00:00+00:00
[2026-02-02T14:27:39.707+0000] {processor.py:183} INFO - Processing /home/airflow/.local/lib/python3.8/site-packages/airflow/example_dags/example_skip_dag.py took 0.056 seconds
[2026-02-02T14:28:10.075+0000] {processor.py:161} INFO - Started process (PID=926) to work on /home/airflow/.local/lib/python3.8/site-packages/airflow/example_dags/example_skip_dag.py
[2026-02-02T14:28:10.076+0000] {processor.py:830} INFO - Processing file /home/airflow/.local/lib/python3.8/site-packages/airflow/example_dags/example_skip_dag.py for tasks to queue
[2026-02-02T14:28:10.078+0000] {logging_mixin.py:188} INFO - [2026-02-02T14:28:10.077+0000] {dagbag.py:538} INFO - Filling up the DagBag from /home/airflow/.local/lib/python3.8/site-packages/airflow/example_dags/example_skip_dag.py
[2026-02-02T14:28:10.085+0000] {processor.py:840} INFO - DAG(s) 'example_skip_dag' retrieved from /home/airflow/.local/lib/python3.8/site-packages/airflow/example_dags/example_skip_dag.py
[2026-02-02T14:28:10.111+0000] {logging_mixin.py:188} INFO - [2026-02-02T14:28:10.110+0000] {dag.py:3036} INFO - Sync 1 DAGs
[2026-02-02T14:28:10.135+0000] {logging_mixin.py:188} INFO - [2026-02-02T14:28:10.135+0000] {dag.py:3823} INFO - Setting next_dagrun for example_skip_dag to 2026-02-01 00:00:00+00:00, run_after=2026-02-02 00:00:00+00:00
[2026-02-02T14:28:10.149+0000] {processor.py:183} INFO - Processing /home/airflow/.local/lib/python3.8/site-packages/airflow/example_dags/example_skip_dag.py took 0.078 seconds
[2026-02-02T14:28:40.284+0000] {processor.py:161} INFO - Started process (PID=981) to work on /home/airflow/.local/lib/python3.8/site-packages/airflow/example_dags/example_skip_dag.py
[2026-02-02T14:28:40.284+0000] {processor.py:830} INFO - Processing file /home/airflow/.local/lib/python3.8/site-packages/airflow/example_dags/example_skip_dag.py for tasks to queue
[2026-02-02T14:28:40.285+0000] {logging_mixin.py:188} INFO - [2026-02-02T14:28:40.285+0000] {dagbag.py:538} INFO - Filling up the DagBag from /home/airflow/.local/lib/python3.8/site-packages/airflow/example_dags/example_skip_dag.py
[2026-02-02T14:28:40.291+0000] {processor.py:840} INFO - DAG(s) 'example_skip_dag' retrieved from /home/airflow/.local/lib/python3.8/site-packages/airflow/example_dags/example_skip_dag.py
[2026-02-02T14:28:40.307+0000] {logging_mixin.py:188} INFO - [2026-02-02T14:28:40.307+0000] {dag.py:3036} INFO - Sync 1 DAGs
[2026-02-02T14:28:40.324+0000] {logging_mixin.py:188} INFO - [2026-02-02T14:28:40.324+0000] {dag.py:3823} INFO - Setting next_dagrun for example_skip_dag to 2026-02-01 00:00:00+00:00, run_after=2026-02-02 00:00:00+00:00
[2026-02-02T14:28:40.338+0000] {processor.py:183} INFO - Processing /home/airflow/.local/lib/python3.8/site-packages/airflow/example_dags/example_skip_dag.py took 0.057 seconds
[2026-02-02T14:29:10.827+0000] {processor.py:161} INFO - Started process (PID=1036) to work on /home/airflow/.local/lib/python3.8/site-packages/airflow/example_dags/example_skip_dag.py
[2026-02-02T14:29:10.827+0000] {processor.py:830} INFO - Processing file /home/airflow/.local/lib/python3.8/site-packages/airflow/example_dags/example_skip_dag.py for tasks to queue
[2026-02-02T14:29:10.829+0000] {logging_mixin.py:188} INFO - [2026-02-02T14:29:10.828+0000] {dagbag.py:538} INFO - Filling up the DagBag from /home/airflow/.local/lib/python3.8/site-packages/airflow/example_dags/example_skip_dag.py
[2026-02-02T14:29:10.834+0000] {processor.py:840} INFO - DAG(s) 'example_skip_dag' retrieved from /home/airflow/.local/lib/python3.8/site-packages/airflow/example_dags/example_skip_dag.py
[2026-02-02T14:29:10.851+0000] {logging_mixin.py:188} INFO - [2026-02-02T14:29:10.851+0000] {dag.py:3036} INFO - Sync 1 DAGs
[2026-02-02T14:29:10.868+0000] {logging_mixin.py:188} INFO - [2026-02-02T14:29:10.868+0000] {dag.py:3823} INFO - Setting next_dagrun for example_skip_dag to 2026-02-01 00:00:00+00:00, run_after=2026-02-02 00:00:00+00:00
[2026-02-02T14:29:10.881+0000] {processor.py:183} INFO - Processing /home/airflow/.local/lib/python3.8/site-packages/airflow/example_dags/example_skip_dag.py took 0.057 seconds
[2026-02-02T14:29:41.792+0000] {processor.py:161} INFO - Started process (PID=1091) to work on /home/airflow/.local/lib/python3.8/site-packages/airflow/example_dags/example_skip_dag.py
[2026-02-02T14:29:41.792+0000] {processor.py:830} INFO - Processing file /home/airflow/.local/lib/python3.8/site-packages/airflow/example_dags/example_skip_dag.py for tasks to queue
[2026-02-02T14:29:41.794+0000] {logging_mixin.py:188} INFO - [2026-02-02T14:29:41.794+0000] {dagbag.py:538} INFO - Filling up the DagBag from /home/airflow/.local/lib/python3.8/site-packages/airflow/example_dags/example_skip_dag.py
[2026-02-02T14:29:41.799+0000] {processor.py:840} INFO - DAG(s) 'example_skip_dag' retrieved from /home/airflow/.local/lib/python3.8/site-packages/airflow/example_dags/example_skip_dag.py
[2026-02-02T14:29:41.815+0000] {logging_mixin.py:188} INFO - [2026-02-02T14:29:41.815+0000] {dag.py:3036} INFO - Sync 1 DAGs
[2026-02-02T14:29:41.837+0000] {logging_mixin.py:188} INFO - [2026-02-02T14:29:41.837+0000] {dag.py:3823} INFO - Setting next_dagrun for example_skip_dag to 2026-02-01 00:00:00+00:00, run_after=2026-02-02 00:00:00+00:00
[2026-02-02T14:29:41.851+0000] {processor.py:183} INFO - Processing /home/airflow/.local/lib/python3.8/site-packages/airflow/example_dags/example_skip_dag.py took 0.062 seconds
[2026-02-02T14:30:12.388+0000] {processor.py:161} INFO - Started process (PID=1146) to work on /home/airflow/.local/lib/python3.8/site-packages/airflow/example_dags/example_skip_dag.py
[2026-02-02T14:30:12.388+0000] {processor.py:830} INFO - Processing file /home/airflow/.local/lib/python3.8/site-packages/airflow/example_dags/example_skip_dag.py for tasks to queue
[2026-02-02T14:30:12.390+0000] {logging_mixin.py:188} INFO - [2026-02-02T14:30:12.389+0000] {dagbag.py:538} INFO - Filling up the DagBag from /home/airflow/.local/lib/python3.8/site-packages/airflow/example_dags/example_skip_dag.py
[2026-02-02T14:30:12.395+0000] {processor.py:840} INFO - DAG(s) 'example_skip_dag' retrieved from /home/airflow/.local/lib/python3.8/site-packages/airflow/example_dags/example_skip_dag.py
[2026-02-02T14:30:12.412+0000] {logging_mixin.py:188} INFO - [2026-02-02T14:30:12.412+0000] {dag.py:3036} INFO - Sync 1 DAGs
[2026-02-02T14:30:12.429+0000] {logging_mixin.py:188} INFO - [2026-02-02T14:30:12.429+0000] {dag.py:3823} INFO - Setting next_dagrun for example_skip_dag to 2026-02-01 00:00:00+00:00, run_after=2026-02-02 00:00:00+00:00
[2026-02-02T14:30:12.442+0000] {processor.py:183} INFO - Processing /home/airflow/.local/lib/python3.8/site-packages/airflow/example_dags/example_skip_dag.py took 0.057 seconds
[2026-02-02T14:30:43.125+0000] {processor.py:161} INFO - Started process (PID=1201) to work on /home/airflow/.local/lib/python3.8/site-packages/airflow/example_dags/example_skip_dag.py
[2026-02-02T14:30:43.126+0000] {processor.py:830} INFO - Processing file /home/airflow/.local/lib/python3.8/site-packages/airflow/example_dags/example_skip_dag.py for tasks to queue
[2026-02-02T14:30:43.127+0000] {logging_mixin.py:188} INFO - [2026-02-02T14:30:43.127+0000] {dagbag.py:538} INFO - Filling up the DagBag from /home/airflow/.local/lib/python3.8/site-packages/airflow/example_dags/example_skip_dag.py
[2026-02-02T14:30:43.133+0000] {processor.py:840} INFO - DAG(s) 'example_skip_dag' retrieved from /home/airflow/.local/lib/python3.8/site-packages/airflow/example_dags/example_skip_dag.py
[2026-02-02T14:30:43.149+0000] {logging_mixin.py:188} INFO - [2026-02-02T14:30:43.149+0000] {dag.py:3036} INFO - Sync 1 DAGs
[2026-02-02T14:30:43.166+0000] {logging_mixin.py:188} INFO - [2026-02-02T14:30:43.166+0000] {dag.py:3823} INFO - Setting next_dagrun for example_skip_dag to 2026-02-01 00:00:00+00:00, run_after=2026-02-02 00:00:00+00:00
[2026-02-02T14:30:43.180+0000] {processor.py:183} INFO - Processing /home/airflow/.local/lib/python3.8/site-packages/airflow/example_dags/example_skip_dag.py took 0.057 seconds
[2026-02-02T14:31:13.578+0000] {processor.py:161} INFO - Started process (PID=1256) to work on /home/airflow/.local/lib/python3.8/site-packages/airflow/example_dags/example_skip_dag.py
[2026-02-02T14:31:13.579+0000] {processor.py:830} INFO - Processing file /home/airflow/.local/lib/python3.8/site-packages/airflow/example_dags/example_skip_dag.py for tasks to queue
[2026-02-02T14:31:13.581+0000] {logging_mixin.py:188} INFO - [2026-02-02T14:31:13.581+0000] {dagbag.py:538} INFO - Filling up the DagBag from /home/airflow/.local/lib/python3.8/site-packages/airflow/example_dags/example_skip_dag.py
[2026-02-02T14:31:13.589+0000] {processor.py:840} INFO - DAG(s) 'example_skip_dag' retrieved from /home/airflow/.local/lib/python3.8/site-packages/airflow/example_dags/example_skip_dag.py
[2026-02-02T14:31:13.614+0000] {logging_mixin.py:188} INFO - [2026-02-02T14:31:13.614+0000] {dag.py:3036} INFO - Sync 1 DAGs
[2026-02-02T14:31:13.636+0000] {logging_mixin.py:188} INFO - [2026-02-02T14:31:13.636+0000] {dag.py:3823} INFO - Setting next_dagrun for example_skip_dag to 2026-02-01 00:00:00+00:00, run_after=2026-02-02 00:00:00+00:00
[2026-02-02T14:31:13.649+0000] {processor.py:183} INFO - Processing /home/airflow/.local/lib/python3.8/site-packages/airflow/example_dags/example_skip_dag.py took 0.075 seconds
[2026-02-02T14:31:44.299+0000] {processor.py:161} INFO - Started process (PID=1311) to work on /home/airflow/.local/lib/python3.8/site-packages/airflow/example_dags/example_skip_dag.py
[2026-02-02T14:31:44.300+0000] {processor.py:830} INFO - Processing file /home/airflow/.local/lib/python3.8/site-packages/airflow/example_dags/example_skip_dag.py for tasks to queue
[2026-02-02T14:31:44.302+0000] {logging_mixin.py:188} INFO - [2026-02-02T14:31:44.302+0000] {dagbag.py:538} INFO - Filling up the DagBag from /home/airflow/.local/lib/python3.8/site-packages/airflow/example_dags/example_skip_dag.py
[2026-02-02T14:31:44.310+0000] {processor.py:840} INFO - DAG(s) 'example_skip_dag' retrieved from /home/airflow/.local/lib/python3.8/site-packages/airflow/example_dags/example_skip_dag.py
[2026-02-02T14:31:44.337+0000] {logging_mixin.py:188} INFO - [2026-02-02T14:31:44.337+0000] {dag.py:3036} INFO - Sync 1 DAGs
[2026-02-02T14:31:44.363+0000] {logging_mixin.py:188} INFO - [2026-02-02T14:31:44.363+0000] {dag.py:3823} INFO - Setting next_dagrun for example_skip_dag to 2026-02-01 00:00:00+00:00, run_after=2026-02-02 00:00:00+00:00
[2026-02-02T14:31:44.379+0000] {processor.py:183} INFO - Processing /home/airflow/.local/lib/python3.8/site-packages/airflow/example_dags/example_skip_dag.py took 0.084 seconds
[2026-02-02T14:32:14.956+0000] {processor.py:161} INFO - Started process (PID=1366) to work on /home/airflow/.local/lib/python3.8/site-packages/airflow/example_dags/example_skip_dag.py
[2026-02-02T14:32:14.958+0000] {processor.py:830} INFO - Processing file /home/airflow/.local/lib/python3.8/site-packages/airflow/example_dags/example_skip_dag.py for tasks to queue
[2026-02-02T14:32:14.959+0000] {logging_mixin.py:188} INFO - [2026-02-02T14:32:14.959+0000] {dagbag.py:538} INFO - Filling up the DagBag from /home/airflow/.local/lib/python3.8/site-packages/airflow/example_dags/example_skip_dag.py
[2026-02-02T14:32:14.967+0000] {processor.py:840} INFO - DAG(s) 'example_skip_dag' retrieved from /home/airflow/.local/lib/python3.8/site-packages/airflow/example_dags/example_skip_dag.py
[2026-02-02T14:32:14.990+0000] {logging_mixin.py:188} INFO - [2026-02-02T14:32:14.990+0000] {dag.py:3036} INFO - Sync 1 DAGs
[2026-02-02T14:32:15.007+0000] {logging_mixin.py:188} INFO - [2026-02-02T14:32:15.007+0000] {dag.py:3823} INFO - Setting next_dagrun for example_skip_dag to 2026-02-01 00:00:00+00:00, run_after=2026-02-02 00:00:00+00:00
[2026-02-02T14:32:15.021+0000] {processor.py:183} INFO - Processing /home/airflow/.local/lib/python3.8/site-packages/airflow/example_dags/example_skip_dag.py took 0.068 seconds
[2026-02-02T14:32:45.492+0000] {processor.py:161} INFO - Started process (PID=1421) to work on /home/airflow/.local/lib/python3.8/site-packages/airflow/example_dags/example_skip_dag.py
[2026-02-02T14:32:45.493+0000] {processor.py:830} INFO - Processing file /home/airflow/.local/lib/python3.8/site-packages/airflow/example_dags/example_skip_dag.py for tasks to queue
[2026-02-02T14:32:45.494+0000] {logging_mixin.py:188} INFO - [2026-02-02T14:32:45.494+0000] {dagbag.py:538} INFO - Filling up the DagBag from /home/airflow/.local/lib/python3.8/site-packages/airflow/example_dags/example_skip_dag.py
[2026-02-02T14:32:45.499+0000] {processor.py:840} INFO - DAG(s) 'example_skip_dag' retrieved from /home/airflow/.local/lib/python3.8/site-packages/airflow/example_dags/example_skip_dag.py
[2026-02-02T14:32:45.516+0000] {logging_mixin.py:188} INFO - [2026-02-02T14:32:45.516+0000] {dag.py:3036} INFO - Sync 1 DAGs
[2026-02-02T14:32:45.533+0000] {logging_mixin.py:188} INFO - [2026-02-02T14:32:45.533+0000] {dag.py:3823} INFO - Setting next_dagrun for example_skip_dag to 2026-02-01 00:00:00+00:00, run_after=2026-02-02 00:00:00+00:00
[2026-02-02T14:32:45.546+0000] {processor.py:183} INFO - Processing /home/airflow/.local/lib/python3.8/site-packages/airflow/example_dags/example_skip_dag.py took 0.057 seconds
[2026-02-02T14:33:16.506+0000] {processor.py:161} INFO - Started process (PID=1476) to work on /home/airflow/.local/lib/python3.8/site-packages/airflow/example_dags/example_skip_dag.py
[2026-02-02T14:33:16.507+0000] {processor.py:830} INFO - Processing file /home/airflow/.local/lib/python3.8/site-packages/airflow/example_dags/example_skip_dag.py for tasks to queue
[2026-02-02T14:33:16.509+0000] {logging_mixin.py:188} INFO - [2026-02-02T14:33:16.509+0000] {dagbag.py:538} INFO - Filling up the DagBag from /home/airflow/.local/lib/python3.8/site-packages/airflow/example_dags/example_skip_dag.py
[2026-02-02T14:33:16.517+0000] {processor.py:840} INFO - DAG(s) 'example_skip_dag' retrieved from /home/airflow/.local/lib/python3.8/site-packages/airflow/example_dags/example_skip_dag.py
[2026-02-02T14:33:16.542+0000] {logging_mixin.py:188} INFO - [2026-02-02T14:33:16.542+0000] {dag.py:3036} INFO - Sync 1 DAGs
[2026-02-02T14:33:16.567+0000] {logging_mixin.py:188} INFO - [2026-02-02T14:33:16.567+0000] {dag.py:3823} INFO - Setting next_dagrun for example_skip_dag to 2026-02-01 00:00:00+00:00, run_after=2026-02-02 00:00:00+00:00
[2026-02-02T14:33:16.585+0000] {processor.py:183} INFO - Processing /home/airflow/.local/lib/python3.8/site-packages/airflow/example_dags/example_skip_dag.py took 0.082 seconds
[2026-02-02T14:33:46.799+0000] {processor.py:161} INFO - Started process (PID=1531) to work on /home/airflow/.local/lib/python3.8/site-packages/airflow/example_dags/example_skip_dag.py
[2026-02-02T14:33:46.800+0000] {processor.py:830} INFO - Processing file /home/airflow/.local/lib/python3.8/site-packages/airflow/example_dags/example_skip_dag.py for tasks to queue
[2026-02-02T14:33:46.802+0000] {logging_mixin.py:188} INFO - [2026-02-02T14:33:46.802+0000] {dagbag.py:538} INFO - Filling up the DagBag from /home/airflow/.local/lib/python3.8/site-packages/airflow/example_dags/example_skip_dag.py
[2026-02-02T14:33:46.810+0000] {processor.py:840} INFO - DAG(s) 'example_skip_dag' retrieved from /home/airflow/.local/lib/python3.8/site-packages/airflow/example_dags/example_skip_dag.py
[2026-02-02T14:33:46.837+0000] {logging_mixin.py:188} INFO - [2026-02-02T14:33:46.836+0000] {dag.py:3036} INFO - Sync 1 DAGs
[2026-02-02T14:33:46.864+0000] {logging_mixin.py:188} INFO - [2026-02-02T14:33:46.864+0000] {dag.py:3823} INFO - Setting next_dagrun for example_skip_dag to 2026-02-01 00:00:00+00:00, run_after=2026-02-02 00:00:00+00:00
[2026-02-02T14:33:46.891+0000] {processor.py:183} INFO - Processing /home/airflow/.local/lib/python3.8/site-packages/airflow/example_dags/example_skip_dag.py took 0.096 seconds
[2026-02-02T14:34:17.306+0000] {processor.py:161} INFO - Started process (PID=1586) to work on /home/airflow/.local/lib/python3.8/site-packages/airflow/example_dags/example_skip_dag.py
[2026-02-02T14:34:17.308+0000] {processor.py:830} INFO - Processing file /home/airflow/.local/lib/python3.8/site-packages/airflow/example_dags/example_skip_dag.py for tasks to queue
[2026-02-02T14:34:17.313+0000] {logging_mixin.py:188} INFO - [2026-02-02T14:34:17.312+0000] {dagbag.py:538} INFO - Filling up the DagBag from /home/airflow/.local/lib/python3.8/site-packages/airflow/example_dags/example_skip_dag.py
[2026-02-02T14:34:17.320+0000] {processor.py:840} INFO - DAG(s) 'example_skip_dag' retrieved from /home/airflow/.local/lib/python3.8/site-packages/airflow/example_dags/example_skip_dag.py
[2026-02-02T14:34:17.356+0000] {logging_mixin.py:188} INFO - [2026-02-02T14:34:17.356+0000] {dag.py:3036} INFO - Sync 1 DAGs
[2026-02-02T14:34:17.381+0000] {logging_mixin.py:188} INFO - [2026-02-02T14:34:17.381+0000] {dag.py:3823} INFO - Setting next_dagrun for example_skip_dag to 2026-02-01 00:00:00+00:00, run_after=2026-02-02 00:00:00+00:00
[2026-02-02T14:34:17.399+0000] {processor.py:183} INFO - Processing /home/airflow/.local/lib/python3.8/site-packages/airflow/example_dags/example_skip_dag.py took 0.109 seconds
[2026-02-02T14:34:47.474+0000] {processor.py:161} INFO - Started process (PID=1641) to work on /home/airflow/.local/lib/python3.8/site-packages/airflow/example_dags/example_skip_dag.py
[2026-02-02T14:34:47.475+0000] {processor.py:830} INFO - Processing file /home/airflow/.local/lib/python3.8/site-packages/airflow/example_dags/example_skip_dag.py for tasks to queue
[2026-02-02T14:34:47.477+0000] {logging_mixin.py:188} INFO - [2026-02-02T14:34:47.476+0000] {dagbag.py:538} INFO - Filling up the DagBag from /home/airflow/.local/lib/python3.8/site-packages/airflow/example_dags/example_skip_dag.py
[2026-02-02T14:34:47.485+0000] {processor.py:840} INFO - DAG(s) 'example_skip_dag' retrieved from /home/airflow/.local/lib/python3.8/site-packages/airflow/example_dags/example_skip_dag.py
[2026-02-02T14:34:47.509+0000] {logging_mixin.py:188} INFO - [2026-02-02T14:34:47.509+0000] {dag.py:3036} INFO - Sync 1 DAGs
[2026-02-02T14:34:47.537+0000] {logging_mixin.py:188} INFO - [2026-02-02T14:34:47.537+0000] {dag.py:3823} INFO - Setting next_dagrun for example_skip_dag to 2026-02-01 00:00:00+00:00, run_after=2026-02-02 00:00:00+00:00
[2026-02-02T14:34:47.558+0000] {processor.py:183} INFO - Processing /home/airflow/.local/lib/python3.8/site-packages/airflow/example_dags/example_skip_dag.py took 0.089 seconds
[2026-02-02T14:35:17.734+0000] {processor.py:161} INFO - Started process (PID=1696) to work on /home/airflow/.local/lib/python3.8/site-packages/airflow/example_dags/example_skip_dag.py
[2026-02-02T14:35:17.735+0000] {processor.py:830} INFO - Processing file /home/airflow/.local/lib/python3.8/site-packages/airflow/example_dags/example_skip_dag.py for tasks to queue
[2026-02-02T14:35:17.737+0000] {logging_mixin.py:188} INFO - [2026-02-02T14:35:17.737+0000] {dagbag.py:538} INFO - Filling up the DagBag from /home/airflow/.local/lib/python3.8/site-packages/airflow/example_dags/example_skip_dag.py
[2026-02-02T14:35:17.745+0000] {processor.py:840} INFO - DAG(s) 'example_skip_dag' retrieved from /home/airflow/.local/lib/python3.8/site-packages/airflow/example_dags/example_skip_dag.py
[2026-02-02T14:35:17.762+0000] {logging_mixin.py:188} INFO - [2026-02-02T14:35:17.762+0000] {dag.py:3036} INFO - Sync 1 DAGs
[2026-02-02T14:35:17.779+0000] {logging_mixin.py:188} INFO - [2026-02-02T14:35:17.779+0000] {dag.py:3823} INFO - Setting next_dagrun for example_skip_dag to 2026-02-01 00:00:00+00:00, run_after=2026-02-02 00:00:00+00:00
[2026-02-02T14:35:17.793+0000] {processor.py:183} INFO - Processing /home/airflow/.local/lib/python3.8/site-packages/airflow/example_dags/example_skip_dag.py took 0.065 seconds
[2026-02-02T14:35:48.027+0000] {processor.py:161} INFO - Started process (PID=1751) to work on /home/airflow/.local/lib/python3.8/site-packages/airflow/example_dags/example_skip_dag.py
[2026-02-02T14:35:48.028+0000] {processor.py:830} INFO - Processing file /home/airflow/.local/lib/python3.8/site-packages/airflow/example_dags/example_skip_dag.py for tasks to queue
[2026-02-02T14:35:48.030+0000] {logging_mixin.py:188} INFO - [2026-02-02T14:35:48.030+0000] {dagbag.py:538} INFO - Filling up the DagBag from /home/airflow/.local/lib/python3.8/site-packages/airflow/example_dags/example_skip_dag.py
[2026-02-02T14:35:48.039+0000] {processor.py:840} INFO - DAG(s) 'example_skip_dag' retrieved from /home/airflow/.local/lib/python3.8/site-packages/airflow/example_dags/example_skip_dag.py
[2026-02-02T14:35:48.066+0000] {logging_mixin.py:188} INFO - [2026-02-02T14:35:48.066+0000] {dag.py:3036} INFO - Sync 1 DAGs
[2026-02-02T14:35:48.106+0000] {logging_mixin.py:188} INFO - [2026-02-02T14:35:48.105+0000] {dag.py:3823} INFO - Setting next_dagrun for example_skip_dag to 2026-02-01 00:00:00+00:00, run_after=2026-02-02 00:00:00+00:00
[2026-02-02T14:35:48.123+0000] {processor.py:183} INFO - Processing /home/airflow/.local/lib/python3.8/site-packages/airflow/example_dags/example_skip_dag.py took 0.099 seconds
[2026-02-02T14:36:18.494+0000] {processor.py:161} INFO - Started process (PID=1806) to work on /home/airflow/.local/lib/python3.8/site-packages/airflow/example_dags/example_skip_dag.py
[2026-02-02T14:36:18.495+0000] {processor.py:830} INFO - Processing file /home/airflow/.local/lib/python3.8/site-packages/airflow/example_dags/example_skip_dag.py for tasks to queue
[2026-02-02T14:36:18.497+0000] {logging_mixin.py:188} INFO - [2026-02-02T14:36:18.497+0000] {dagbag.py:538} INFO - Filling up the DagBag from /home/airflow/.local/lib/python3.8/site-packages/airflow/example_dags/example_skip_dag.py
[2026-02-02T14:36:18.509+0000] {processor.py:840} INFO - DAG(s) 'example_skip_dag' retrieved from /home/airflow/.local/lib/python3.8/site-packages/airflow/example_dags/example_skip_dag.py
[2026-02-02T14:36:18.545+0000] {logging_mixin.py:188} INFO - [2026-02-02T14:36:18.544+0000] {dag.py:3036} INFO - Sync 1 DAGs
[2026-02-02T14:36:18.570+0000] {logging_mixin.py:188} INFO - [2026-02-02T14:36:18.570+0000] {dag.py:3823} INFO - Setting next_dagrun for example_skip_dag to 2026-02-01 00:00:00+00:00, run_after=2026-02-02 00:00:00+00:00
[2026-02-02T14:36:18.590+0000] {processor.py:183} INFO - Processing /home/airflow/.local/lib/python3.8/site-packages/airflow/example_dags/example_skip_dag.py took 0.099 seconds
[2026-02-02T14:36:49.340+0000] {processor.py:161} INFO - Started process (PID=1861) to work on /home/airflow/.local/lib/python3.8/site-packages/airflow/example_dags/example_skip_dag.py
[2026-02-02T14:36:49.341+0000] {processor.py:830} INFO - Processing file /home/airflow/.local/lib/python3.8/site-packages/airflow/example_dags/example_skip_dag.py for tasks to queue
[2026-02-02T14:36:49.343+0000] {logging_mixin.py:188} INFO - [2026-02-02T14:36:49.343+0000] {dagbag.py:538} INFO - Filling up the DagBag from /home/airflow/.local/lib/python3.8/site-packages/airflow/example_dags/example_skip_dag.py
[2026-02-02T14:36:49.351+0000] {processor.py:840} INFO - DAG(s) 'example_skip_dag' retrieved from /home/airflow/.local/lib/python3.8/site-packages/airflow/example_dags/example_skip_dag.py
[2026-02-02T14:36:49.376+0000] {logging_mixin.py:188} INFO - [2026-02-02T14:36:49.376+0000] {dag.py:3036} INFO - Sync 1 DAGs
[2026-02-02T14:36:49.400+0000] {logging_mixin.py:188} INFO - [2026-02-02T14:36:49.400+0000] {dag.py:3823} INFO - Setting next_dagrun for example_skip_dag to 2026-02-01 00:00:00+00:00, run_after=2026-02-02 00:00:00+00:00
[2026-02-02T14:36:49.418+0000] {processor.py:183} INFO - Processing /home/airflow/.local/lib/python3.8/site-packages/airflow/example_dags/example_skip_dag.py took 0.082 seconds
[2026-02-02T14:37:19.740+0000] {processor.py:161} INFO - Started process (PID=1916) to work on /home/airflow/.local/lib/python3.8/site-packages/airflow/example_dags/example_skip_dag.py
[2026-02-02T14:37:19.742+0000] {processor.py:830} INFO - Processing file /home/airflow/.local/lib/python3.8/site-packages/airflow/example_dags/example_skip_dag.py for tasks to queue
[2026-02-02T14:37:19.744+0000] {logging_mixin.py:188} INFO - [2026-02-02T14:37:19.743+0000] {dagbag.py:538} INFO - Filling up the DagBag from /home/airflow/.local/lib/python3.8/site-packages/airflow/example_dags/example_skip_dag.py
[2026-02-02T14:37:19.751+0000] {processor.py:840} INFO - DAG(s) 'example_skip_dag' retrieved from /home/airflow/.local/lib/python3.8/site-packages/airflow/example_dags/example_skip_dag.py
[2026-02-02T14:37:19.789+0000] {logging_mixin.py:188} INFO - [2026-02-02T14:37:19.789+0000] {dag.py:3036} INFO - Sync 1 DAGs
[2026-02-02T14:37:19.834+0000] {logging_mixin.py:188} INFO - [2026-02-02T14:37:19.834+0000] {dag.py:3823} INFO - Setting next_dagrun for example_skip_dag to 2026-02-01 00:00:00+00:00, run_after=2026-02-02 00:00:00+00:00
[2026-02-02T14:37:19.855+0000] {processor.py:183} INFO - Processing /home/airflow/.local/lib/python3.8/site-packages/airflow/example_dags/example_skip_dag.py took 0.119 seconds
[2026-02-02T14:37:50.196+0000] {processor.py:161} INFO - Started process (PID=1971) to work on /home/airflow/.local/lib/python3.8/site-packages/airflow/example_dags/example_skip_dag.py
[2026-02-02T14:37:50.199+0000] {processor.py:830} INFO - Processing file /home/airflow/.local/lib/python3.8/site-packages/airflow/example_dags/example_skip_dag.py for tasks to queue
[2026-02-02T14:37:50.204+0000] {logging_mixin.py:188} INFO - [2026-02-02T14:37:50.204+0000] {dagbag.py:538} INFO - Filling up the DagBag from /home/airflow/.local/lib/python3.8/site-packages/airflow/example_dags/example_skip_dag.py
[2026-02-02T14:37:50.225+0000] {processor.py:840} INFO - DAG(s) 'example_skip_dag' retrieved from /home/airflow/.local/lib/python3.8/site-packages/airflow/example_dags/example_skip_dag.py
[2026-02-02T14:37:50.265+0000] {logging_mixin.py:188} INFO - [2026-02-02T14:37:50.264+0000] {dag.py:3036} INFO - Sync 1 DAGs
[2026-02-02T14:37:50.289+0000] {logging_mixin.py:188} INFO - [2026-02-02T14:37:50.289+0000] {dag.py:3823} INFO - Setting next_dagrun for example_skip_dag to 2026-02-01 00:00:00+00:00, run_after=2026-02-02 00:00:00+00:00
[2026-02-02T14:37:50.313+0000] {processor.py:183} INFO - Processing /home/airflow/.local/lib/python3.8/site-packages/airflow/example_dags/example_skip_dag.py took 0.122 seconds
[2026-02-02T14:38:20.459+0000] {processor.py:161} INFO - Started process (PID=2025) to work on /home/airflow/.local/lib/python3.8/site-packages/airflow/example_dags/example_skip_dag.py
[2026-02-02T14:38:20.460+0000] {processor.py:830} INFO - Processing file /home/airflow/.local/lib/python3.8/site-packages/airflow/example_dags/example_skip_dag.py for tasks to queue
[2026-02-02T14:38:20.461+0000] {logging_mixin.py:188} INFO - [2026-02-02T14:38:20.461+0000] {dagbag.py:538} INFO - Filling up the DagBag from /home/airflow/.local/lib/python3.8/site-packages/airflow/example_dags/example_skip_dag.py
[2026-02-02T14:38:20.466+0000] {processor.py:840} INFO - DAG(s) 'example_skip_dag' retrieved from /home/airflow/.local/lib/python3.8/site-packages/airflow/example_dags/example_skip_dag.py
[2026-02-02T14:38:20.485+0000] {logging_mixin.py:188} INFO - [2026-02-02T14:38:20.485+0000] {dag.py:3036} INFO - Sync 1 DAGs
[2026-02-02T14:38:20.503+0000] {logging_mixin.py:188} INFO - [2026-02-02T14:38:20.503+0000] {dag.py:3823} INFO - Setting next_dagrun for example_skip_dag to 2026-02-01 00:00:00+00:00, run_after=2026-02-02 00:00:00+00:00
[2026-02-02T14:38:20.518+0000] {processor.py:183} INFO - Processing /home/airflow/.local/lib/python3.8/site-packages/airflow/example_dags/example_skip_dag.py took 0.061 seconds
[2026-02-02T14:38:50.806+0000] {processor.py:161} INFO - Started process (PID=2080) to work on /home/airflow/.local/lib/python3.8/site-packages/airflow/example_dags/example_skip_dag.py
[2026-02-02T14:38:50.807+0000] {processor.py:830} INFO - Processing file /home/airflow/.local/lib/python3.8/site-packages/airflow/example_dags/example_skip_dag.py for tasks to queue
[2026-02-02T14:38:50.809+0000] {logging_mixin.py:188} INFO - [2026-02-02T14:38:50.809+0000] {dagbag.py:538} INFO - Filling up the DagBag from /home/airflow/.local/lib/python3.8/site-packages/airflow/example_dags/example_skip_dag.py
[2026-02-02T14:38:50.817+0000] {processor.py:840} INFO - DAG(s) 'example_skip_dag' retrieved from /home/airflow/.local/lib/python3.8/site-packages/airflow/example_dags/example_skip_dag.py
[2026-02-02T14:38:50.863+0000] {logging_mixin.py:188} INFO - [2026-02-02T14:38:50.862+0000] {dag.py:3036} INFO - Sync 1 DAGs
[2026-02-02T14:38:50.911+0000] {logging_mixin.py:188} INFO - [2026-02-02T14:38:50.911+0000] {dag.py:3823} INFO - Setting next_dagrun for example_skip_dag to 2026-02-01 00:00:00+00:00, run_after=2026-02-02 00:00:00+00:00
[2026-02-02T14:38:50.941+0000] {processor.py:183} INFO - Processing /home/airflow/.local/lib/python3.8/site-packages/airflow/example_dags/example_skip_dag.py took 0.138 seconds
[2026-02-02T14:39:21.194+0000] {processor.py:161} INFO - Started process (PID=2133) to work on /home/airflow/.local/lib/python3.8/site-packages/airflow/example_dags/example_skip_dag.py
[2026-02-02T14:39:21.195+0000] {processor.py:830} INFO - Processing file /home/airflow/.local/lib/python3.8/site-packages/airflow/example_dags/example_skip_dag.py for tasks to queue
[2026-02-02T14:39:21.196+0000] {logging_mixin.py:188} INFO - [2026-02-02T14:39:21.196+0000] {dagbag.py:538} INFO - Filling up the DagBag from /home/airflow/.local/lib/python3.8/site-packages/airflow/example_dags/example_skip_dag.py
[2026-02-02T14:39:21.202+0000] {processor.py:840} INFO - DAG(s) 'example_skip_dag' retrieved from /home/airflow/.local/lib/python3.8/site-packages/airflow/example_dags/example_skip_dag.py
[2026-02-02T14:39:21.218+0000] {logging_mixin.py:188} INFO - [2026-02-02T14:39:21.218+0000] {dag.py:3036} INFO - Sync 1 DAGs
[2026-02-02T14:39:21.235+0000] {logging_mixin.py:188} INFO - [2026-02-02T14:39:21.235+0000] {dag.py:3823} INFO - Setting next_dagrun for example_skip_dag to 2026-02-01 00:00:00+00:00, run_after=2026-02-02 00:00:00+00:00
[2026-02-02T14:39:21.249+0000] {processor.py:183} INFO - Processing /home/airflow/.local/lib/python3.8/site-packages/airflow/example_dags/example_skip_dag.py took 0.057 seconds
[2026-02-02T14:39:52.042+0000] {processor.py:161} INFO - Started process (PID=2188) to work on /home/airflow/.local/lib/python3.8/site-packages/airflow/example_dags/example_skip_dag.py
[2026-02-02T14:39:52.043+0000] {processor.py:830} INFO - Processing file /home/airflow/.local/lib/python3.8/site-packages/airflow/example_dags/example_skip_dag.py for tasks to queue
[2026-02-02T14:39:52.045+0000] {logging_mixin.py:188} INFO - [2026-02-02T14:39:52.045+0000] {dagbag.py:538} INFO - Filling up the DagBag from /home/airflow/.local/lib/python3.8/site-packages/airflow/example_dags/example_skip_dag.py
[2026-02-02T14:39:52.053+0000] {processor.py:840} INFO - DAG(s) 'example_skip_dag' retrieved from /home/airflow/.local/lib/python3.8/site-packages/airflow/example_dags/example_skip_dag.py
[2026-02-02T14:39:52.079+0000] {logging_mixin.py:188} INFO - [2026-02-02T14:39:52.078+0000] {dag.py:3036} INFO - Sync 1 DAGs
[2026-02-02T14:39:52.105+0000] {logging_mixin.py:188} INFO - [2026-02-02T14:39:52.105+0000] {dag.py:3823} INFO - Setting next_dagrun for example_skip_dag to 2026-02-01 00:00:00+00:00, run_after=2026-02-02 00:00:00+00:00
[2026-02-02T14:39:52.122+0000] {processor.py:183} INFO - Processing /home/airflow/.local/lib/python3.8/site-packages/airflow/example_dags/example_skip_dag.py took 0.084 seconds
[2026-02-02T14:40:22.575+0000] {processor.py:161} INFO - Started process (PID=2242) to work on /home/airflow/.local/lib/python3.8/site-packages/airflow/example_dags/example_skip_dag.py
[2026-02-02T14:40:22.576+0000] {processor.py:830} INFO - Processing file /home/airflow/.local/lib/python3.8/site-packages/airflow/example_dags/example_skip_dag.py for tasks to queue
[2026-02-02T14:40:22.578+0000] {logging_mixin.py:188} INFO - [2026-02-02T14:40:22.578+0000] {dagbag.py:538} INFO - Filling up the DagBag from /home/airflow/.local/lib/python3.8/site-packages/airflow/example_dags/example_skip_dag.py
[2026-02-02T14:40:22.586+0000] {processor.py:840} INFO - DAG(s) 'example_skip_dag' retrieved from /home/airflow/.local/lib/python3.8/site-packages/airflow/example_dags/example_skip_dag.py
[2026-02-02T14:40:22.611+0000] {logging_mixin.py:188} INFO - [2026-02-02T14:40:22.611+0000] {dag.py:3036} INFO - Sync 1 DAGs
[2026-02-02T14:40:22.636+0000] {logging_mixin.py:188} INFO - [2026-02-02T14:40:22.636+0000] {dag.py:3823} INFO - Setting next_dagrun for example_skip_dag to 2026-02-01 00:00:00+00:00, run_after=2026-02-02 00:00:00+00:00
[2026-02-02T14:40:22.655+0000] {processor.py:183} INFO - Processing /home/airflow/.local/lib/python3.8/site-packages/airflow/example_dags/example_skip_dag.py took 0.083 seconds
[2026-02-02T14:40:53.035+0000] {processor.py:161} INFO - Started process (PID=2297) to work on /home/airflow/.local/lib/python3.8/site-packages/airflow/example_dags/example_skip_dag.py
[2026-02-02T14:40:53.037+0000] {processor.py:830} INFO - Processing file /home/airflow/.local/lib/python3.8/site-packages/airflow/example_dags/example_skip_dag.py for tasks to queue
[2026-02-02T14:40:53.042+0000] {logging_mixin.py:188} INFO - [2026-02-02T14:40:53.042+0000] {dagbag.py:538} INFO - Filling up the DagBag from /home/airflow/.local/lib/python3.8/site-packages/airflow/example_dags/example_skip_dag.py
[2026-02-02T14:40:53.054+0000] {processor.py:840} INFO - DAG(s) 'example_skip_dag' retrieved from /home/airflow/.local/lib/python3.8/site-packages/airflow/example_dags/example_skip_dag.py
[2026-02-02T14:40:53.148+0000] {logging_mixin.py:188} INFO - [2026-02-02T14:40:53.148+0000] {dag.py:3036} INFO - Sync 1 DAGs
[2026-02-02T14:40:53.204+0000] {logging_mixin.py:188} INFO - [2026-02-02T14:40:53.204+0000] {dag.py:3823} INFO - Setting next_dagrun for example_skip_dag to 2026-02-01 00:00:00+00:00, run_after=2026-02-02 00:00:00+00:00
[2026-02-02T14:40:53.244+0000] {processor.py:183} INFO - Processing /home/airflow/.local/lib/python3.8/site-packages/airflow/example_dags/example_skip_dag.py took 0.217 seconds
[2026-02-02T14:41:24.077+0000] {processor.py:161} INFO - Started process (PID=2353) to work on /home/airflow/.local/lib/python3.8/site-packages/airflow/example_dags/example_skip_dag.py
[2026-02-02T14:41:24.079+0000] {processor.py:830} INFO - Processing file /home/airflow/.local/lib/python3.8/site-packages/airflow/example_dags/example_skip_dag.py for tasks to queue
[2026-02-02T14:41:24.087+0000] {logging_mixin.py:188} INFO - [2026-02-02T14:41:24.087+0000] {dagbag.py:538} INFO - Filling up the DagBag from /home/airflow/.local/lib/python3.8/site-packages/airflow/example_dags/example_skip_dag.py
[2026-02-02T14:41:24.112+0000] {processor.py:840} INFO - DAG(s) 'example_skip_dag' retrieved from /home/airflow/.local/lib/python3.8/site-packages/airflow/example_dags/example_skip_dag.py
[2026-02-02T14:41:24.192+0000] {logging_mixin.py:188} INFO - [2026-02-02T14:41:24.188+0000] {dag.py:3036} INFO - Sync 1 DAGs
[2026-02-02T14:41:24.280+0000] {logging_mixin.py:188} INFO - [2026-02-02T14:41:24.280+0000] {dag.py:3823} INFO - Setting next_dagrun for example_skip_dag to 2026-02-01 00:00:00+00:00, run_after=2026-02-02 00:00:00+00:00
[2026-02-02T14:41:24.341+0000] {processor.py:183} INFO - Processing /home/airflow/.local/lib/python3.8/site-packages/airflow/example_dags/example_skip_dag.py took 0.269 seconds
[2026-02-02T14:41:55.055+0000] {processor.py:161} INFO - Started process (PID=2408) to work on /home/airflow/.local/lib/python3.8/site-packages/airflow/example_dags/example_skip_dag.py
[2026-02-02T14:41:55.056+0000] {processor.py:830} INFO - Processing file /home/airflow/.local/lib/python3.8/site-packages/airflow/example_dags/example_skip_dag.py for tasks to queue
[2026-02-02T14:41:55.060+0000] {logging_mixin.py:188} INFO - [2026-02-02T14:41:55.058+0000] {dagbag.py:538} INFO - Filling up the DagBag from /home/airflow/.local/lib/python3.8/site-packages/airflow/example_dags/example_skip_dag.py
[2026-02-02T14:41:55.076+0000] {processor.py:840} INFO - DAG(s) 'example_skip_dag' retrieved from /home/airflow/.local/lib/python3.8/site-packages/airflow/example_dags/example_skip_dag.py
[2026-02-02T14:41:55.188+0000] {logging_mixin.py:188} INFO - [2026-02-02T14:41:55.188+0000] {dag.py:3036} INFO - Sync 1 DAGs
[2026-02-02T14:41:55.271+0000] {logging_mixin.py:188} INFO - [2026-02-02T14:41:55.269+0000] {dag.py:3823} INFO - Setting next_dagrun for example_skip_dag to 2026-02-01 00:00:00+00:00, run_after=2026-02-02 00:00:00+00:00
[2026-02-02T14:41:55.297+0000] {processor.py:183} INFO - Processing /home/airflow/.local/lib/python3.8/site-packages/airflow/example_dags/example_skip_dag.py took 0.252 seconds
[2026-02-02T14:42:26.094+0000] {processor.py:161} INFO - Started process (PID=2463) to work on /home/airflow/.local/lib/python3.8/site-packages/airflow/example_dags/example_skip_dag.py
[2026-02-02T14:42:26.096+0000] {processor.py:830} INFO - Processing file /home/airflow/.local/lib/python3.8/site-packages/airflow/example_dags/example_skip_dag.py for tasks to queue
[2026-02-02T14:42:26.098+0000] {logging_mixin.py:188} INFO - [2026-02-02T14:42:26.098+0000] {dagbag.py:538} INFO - Filling up the DagBag from /home/airflow/.local/lib/python3.8/site-packages/airflow/example_dags/example_skip_dag.py
[2026-02-02T14:42:26.106+0000] {processor.py:840} INFO - DAG(s) 'example_skip_dag' retrieved from /home/airflow/.local/lib/python3.8/site-packages/airflow/example_dags/example_skip_dag.py
[2026-02-02T14:42:26.132+0000] {logging_mixin.py:188} INFO - [2026-02-02T14:42:26.132+0000] {dag.py:3036} INFO - Sync 1 DAGs
[2026-02-02T14:42:26.160+0000] {logging_mixin.py:188} INFO - [2026-02-02T14:42:26.160+0000] {dag.py:3823} INFO - Setting next_dagrun for example_skip_dag to 2026-02-01 00:00:00+00:00, run_after=2026-02-02 00:00:00+00:00
[2026-02-02T14:42:26.183+0000] {processor.py:183} INFO - Processing /home/airflow/.local/lib/python3.8/site-packages/airflow/example_dags/example_skip_dag.py took 0.093 seconds
[2026-02-02T14:42:56.871+0000] {processor.py:161} INFO - Started process (PID=2518) to work on /home/airflow/.local/lib/python3.8/site-packages/airflow/example_dags/example_skip_dag.py
[2026-02-02T14:42:56.872+0000] {processor.py:830} INFO - Processing file /home/airflow/.local/lib/python3.8/site-packages/airflow/example_dags/example_skip_dag.py for tasks to queue
[2026-02-02T14:42:56.874+0000] {logging_mixin.py:188} INFO - [2026-02-02T14:42:56.873+0000] {dagbag.py:538} INFO - Filling up the DagBag from /home/airflow/.local/lib/python3.8/site-packages/airflow/example_dags/example_skip_dag.py
[2026-02-02T14:42:56.881+0000] {processor.py:840} INFO - DAG(s) 'example_skip_dag' retrieved from /home/airflow/.local/lib/python3.8/site-packages/airflow/example_dags/example_skip_dag.py
[2026-02-02T14:42:56.905+0000] {logging_mixin.py:188} INFO - [2026-02-02T14:42:56.905+0000] {dag.py:3036} INFO - Sync 1 DAGs
[2026-02-02T14:42:56.935+0000] {logging_mixin.py:188} INFO - [2026-02-02T14:42:56.934+0000] {dag.py:3823} INFO - Setting next_dagrun for example_skip_dag to 2026-02-01 00:00:00+00:00, run_after=2026-02-02 00:00:00+00:00
[2026-02-02T14:42:56.972+0000] {processor.py:183} INFO - Processing /home/airflow/.local/lib/python3.8/site-packages/airflow/example_dags/example_skip_dag.py took 0.107 seconds
[2026-02-02T14:43:27.818+0000] {processor.py:161} INFO - Started process (PID=2572) to work on /home/airflow/.local/lib/python3.8/site-packages/airflow/example_dags/example_skip_dag.py
[2026-02-02T14:43:27.823+0000] {processor.py:830} INFO - Processing file /home/airflow/.local/lib/python3.8/site-packages/airflow/example_dags/example_skip_dag.py for tasks to queue
[2026-02-02T14:43:27.826+0000] {logging_mixin.py:188} INFO - [2026-02-02T14:43:27.826+0000] {dagbag.py:538} INFO - Filling up the DagBag from /home/airflow/.local/lib/python3.8/site-packages/airflow/example_dags/example_skip_dag.py
[2026-02-02T14:43:27.835+0000] {processor.py:840} INFO - DAG(s) 'example_skip_dag' retrieved from /home/airflow/.local/lib/python3.8/site-packages/airflow/example_dags/example_skip_dag.py
[2026-02-02T14:43:27.890+0000] {logging_mixin.py:188} INFO - [2026-02-02T14:43:27.890+0000] {dag.py:3036} INFO - Sync 1 DAGs
[2026-02-02T14:43:27.939+0000] {logging_mixin.py:188} INFO - [2026-02-02T14:43:27.938+0000] {dag.py:3823} INFO - Setting next_dagrun for example_skip_dag to 2026-02-01 00:00:00+00:00, run_after=2026-02-02 00:00:00+00:00
[2026-02-02T14:43:27.979+0000] {processor.py:183} INFO - Processing /home/airflow/.local/lib/python3.8/site-packages/airflow/example_dags/example_skip_dag.py took 0.172 seconds
[2026-02-02T14:43:58.164+0000] {processor.py:161} INFO - Started process (PID=2627) to work on /home/airflow/.local/lib/python3.8/site-packages/airflow/example_dags/example_skip_dag.py
[2026-02-02T14:43:58.165+0000] {processor.py:830} INFO - Processing file /home/airflow/.local/lib/python3.8/site-packages/airflow/example_dags/example_skip_dag.py for tasks to queue
[2026-02-02T14:43:58.167+0000] {logging_mixin.py:188} INFO - [2026-02-02T14:43:58.167+0000] {dagbag.py:538} INFO - Filling up the DagBag from /home/airflow/.local/lib/python3.8/site-packages/airflow/example_dags/example_skip_dag.py
[2026-02-02T14:43:58.190+0000] {processor.py:840} INFO - DAG(s) 'example_skip_dag' retrieved from /home/airflow/.local/lib/python3.8/site-packages/airflow/example_dags/example_skip_dag.py
[2026-02-02T14:43:58.218+0000] {logging_mixin.py:188} INFO - [2026-02-02T14:43:58.217+0000] {dag.py:3036} INFO - Sync 1 DAGs
[2026-02-02T14:43:58.250+0000] {logging_mixin.py:188} INFO - [2026-02-02T14:43:58.250+0000] {dag.py:3823} INFO - Setting next_dagrun for example_skip_dag to 2026-02-01 00:00:00+00:00, run_after=2026-02-02 00:00:00+00:00
[2026-02-02T14:43:58.269+0000] {processor.py:183} INFO - Processing /home/airflow/.local/lib/python3.8/site-packages/airflow/example_dags/example_skip_dag.py took 0.109 seconds
[2026-02-02T14:44:28.676+0000] {processor.py:161} INFO - Started process (PID=2682) to work on /home/airflow/.local/lib/python3.8/site-packages/airflow/example_dags/example_skip_dag.py
[2026-02-02T14:44:28.677+0000] {processor.py:830} INFO - Processing file /home/airflow/.local/lib/python3.8/site-packages/airflow/example_dags/example_skip_dag.py for tasks to queue
[2026-02-02T14:44:28.678+0000] {logging_mixin.py:188} INFO - [2026-02-02T14:44:28.678+0000] {dagbag.py:538} INFO - Filling up the DagBag from /home/airflow/.local/lib/python3.8/site-packages/airflow/example_dags/example_skip_dag.py
[2026-02-02T14:44:28.686+0000] {processor.py:840} INFO - DAG(s) 'example_skip_dag' retrieved from /home/airflow/.local/lib/python3.8/site-packages/airflow/example_dags/example_skip_dag.py
[2026-02-02T14:44:28.710+0000] {logging_mixin.py:188} INFO - [2026-02-02T14:44:28.710+0000] {dag.py:3036} INFO - Sync 1 DAGs
[2026-02-02T14:44:28.890+0000] {logging_mixin.py:188} INFO - [2026-02-02T14:44:28.889+0000] {dag.py:3823} INFO - Setting next_dagrun for example_skip_dag to 2026-02-01 00:00:00+00:00, run_after=2026-02-02 00:00:00+00:00
[2026-02-02T14:44:28.907+0000] {processor.py:183} INFO - Processing /home/airflow/.local/lib/python3.8/site-packages/airflow/example_dags/example_skip_dag.py took 0.235 seconds
[2026-02-02T14:44:59.309+0000] {processor.py:161} INFO - Started process (PID=2744) to work on /home/airflow/.local/lib/python3.8/site-packages/airflow/example_dags/example_skip_dag.py
[2026-02-02T14:44:59.309+0000] {processor.py:830} INFO - Processing file /home/airflow/.local/lib/python3.8/site-packages/airflow/example_dags/example_skip_dag.py for tasks to queue
[2026-02-02T14:44:59.312+0000] {logging_mixin.py:188} INFO - [2026-02-02T14:44:59.311+0000] {dagbag.py:538} INFO - Filling up the DagBag from /home/airflow/.local/lib/python3.8/site-packages/airflow/example_dags/example_skip_dag.py
[2026-02-02T14:44:59.324+0000] {processor.py:840} INFO - DAG(s) 'example_skip_dag' retrieved from /home/airflow/.local/lib/python3.8/site-packages/airflow/example_dags/example_skip_dag.py
[2026-02-02T14:44:59.349+0000] {logging_mixin.py:188} INFO - [2026-02-02T14:44:59.349+0000] {dag.py:3036} INFO - Sync 1 DAGs
[2026-02-02T14:44:59.520+0000] {logging_mixin.py:188} INFO - [2026-02-02T14:44:59.520+0000] {dag.py:3823} INFO - Setting next_dagrun for example_skip_dag to 2026-02-01 00:00:00+00:00, run_after=2026-02-02 00:00:00+00:00
[2026-02-02T14:44:59.538+0000] {processor.py:183} INFO - Processing /home/airflow/.local/lib/python3.8/site-packages/airflow/example_dags/example_skip_dag.py took 0.233 seconds
[2026-02-02T14:45:30.419+0000] {processor.py:161} INFO - Started process (PID=2800) to work on /home/airflow/.local/lib/python3.8/site-packages/airflow/example_dags/example_skip_dag.py
[2026-02-02T14:45:30.420+0000] {processor.py:830} INFO - Processing file /home/airflow/.local/lib/python3.8/site-packages/airflow/example_dags/example_skip_dag.py for tasks to queue
[2026-02-02T14:45:30.422+0000] {logging_mixin.py:188} INFO - [2026-02-02T14:45:30.422+0000] {dagbag.py:538} INFO - Filling up the DagBag from /home/airflow/.local/lib/python3.8/site-packages/airflow/example_dags/example_skip_dag.py
[2026-02-02T14:45:30.432+0000] {processor.py:840} INFO - DAG(s) 'example_skip_dag' retrieved from /home/airflow/.local/lib/python3.8/site-packages/airflow/example_dags/example_skip_dag.py
[2026-02-02T14:45:30.456+0000] {logging_mixin.py:188} INFO - [2026-02-02T14:45:30.456+0000] {dag.py:3036} INFO - Sync 1 DAGs
[2026-02-02T14:45:30.481+0000] {logging_mixin.py:188} INFO - [2026-02-02T14:45:30.481+0000] {dag.py:3823} INFO - Setting next_dagrun for example_skip_dag to 2026-02-01 00:00:00+00:00, run_after=2026-02-02 00:00:00+00:00
[2026-02-02T14:45:30.500+0000] {processor.py:183} INFO - Processing /home/airflow/.local/lib/python3.8/site-packages/airflow/example_dags/example_skip_dag.py took 0.085 seconds
[2026-02-02T14:46:00.770+0000] {processor.py:161} INFO - Started process (PID=2855) to work on /home/airflow/.local/lib/python3.8/site-packages/airflow/example_dags/example_skip_dag.py
[2026-02-02T14:46:00.772+0000] {processor.py:830} INFO - Processing file /home/airflow/.local/lib/python3.8/site-packages/airflow/example_dags/example_skip_dag.py for tasks to queue
[2026-02-02T14:46:00.773+0000] {logging_mixin.py:188} INFO - [2026-02-02T14:46:00.773+0000] {dagbag.py:538} INFO - Filling up the DagBag from /home/airflow/.local/lib/python3.8/site-packages/airflow/example_dags/example_skip_dag.py
[2026-02-02T14:46:00.782+0000] {processor.py:840} INFO - DAG(s) 'example_skip_dag' retrieved from /home/airflow/.local/lib/python3.8/site-packages/airflow/example_dags/example_skip_dag.py
[2026-02-02T14:46:00.809+0000] {logging_mixin.py:188} INFO - [2026-02-02T14:46:00.809+0000] {dag.py:3036} INFO - Sync 1 DAGs
[2026-02-02T14:46:00.835+0000] {logging_mixin.py:188} INFO - [2026-02-02T14:46:00.835+0000] {dag.py:3823} INFO - Setting next_dagrun for example_skip_dag to 2026-02-01 00:00:00+00:00, run_after=2026-02-02 00:00:00+00:00
[2026-02-02T14:46:00.854+0000] {processor.py:183} INFO - Processing /home/airflow/.local/lib/python3.8/site-packages/airflow/example_dags/example_skip_dag.py took 0.087 seconds
[2026-02-02T14:46:30.904+0000] {processor.py:161} INFO - Started process (PID=2911) to work on /home/airflow/.local/lib/python3.8/site-packages/airflow/example_dags/example_skip_dag.py
[2026-02-02T14:46:30.905+0000] {processor.py:830} INFO - Processing file /home/airflow/.local/lib/python3.8/site-packages/airflow/example_dags/example_skip_dag.py for tasks to queue
[2026-02-02T14:46:30.907+0000] {logging_mixin.py:188} INFO - [2026-02-02T14:46:30.906+0000] {dagbag.py:538} INFO - Filling up the DagBag from /home/airflow/.local/lib/python3.8/site-packages/airflow/example_dags/example_skip_dag.py
[2026-02-02T14:46:30.915+0000] {processor.py:840} INFO - DAG(s) 'example_skip_dag' retrieved from /home/airflow/.local/lib/python3.8/site-packages/airflow/example_dags/example_skip_dag.py
[2026-02-02T14:46:30.942+0000] {logging_mixin.py:188} INFO - [2026-02-02T14:46:30.942+0000] {dag.py:3036} INFO - Sync 1 DAGs
[2026-02-02T14:46:30.967+0000] {logging_mixin.py:188} INFO - [2026-02-02T14:46:30.966+0000] {dag.py:3823} INFO - Setting next_dagrun for example_skip_dag to 2026-02-01 00:00:00+00:00, run_after=2026-02-02 00:00:00+00:00
[2026-02-02T14:46:30.986+0000] {processor.py:183} INFO - Processing /home/airflow/.local/lib/python3.8/site-packages/airflow/example_dags/example_skip_dag.py took 0.086 seconds
[2026-02-02T14:47:01.259+0000] {processor.py:161} INFO - Started process (PID=2967) to work on /home/airflow/.local/lib/python3.8/site-packages/airflow/example_dags/example_skip_dag.py
[2026-02-02T14:47:01.262+0000] {processor.py:830} INFO - Processing file /home/airflow/.local/lib/python3.8/site-packages/airflow/example_dags/example_skip_dag.py for tasks to queue
[2026-02-02T14:47:01.265+0000] {logging_mixin.py:188} INFO - [2026-02-02T14:47:01.264+0000] {dagbag.py:538} INFO - Filling up the DagBag from /home/airflow/.local/lib/python3.8/site-packages/airflow/example_dags/example_skip_dag.py
[2026-02-02T14:47:01.277+0000] {processor.py:840} INFO - DAG(s) 'example_skip_dag' retrieved from /home/airflow/.local/lib/python3.8/site-packages/airflow/example_dags/example_skip_dag.py
[2026-02-02T14:47:01.338+0000] {logging_mixin.py:188} INFO - [2026-02-02T14:47:01.338+0000] {dag.py:3036} INFO - Sync 1 DAGs
[2026-02-02T14:47:01.368+0000] {logging_mixin.py:188} INFO - [2026-02-02T14:47:01.367+0000] {dag.py:3823} INFO - Setting next_dagrun for example_skip_dag to 2026-02-01 00:00:00+00:00, run_after=2026-02-02 00:00:00+00:00
[2026-02-02T14:47:01.385+0000] {processor.py:183} INFO - Processing /home/airflow/.local/lib/python3.8/site-packages/airflow/example_dags/example_skip_dag.py took 0.130 seconds
[2026-02-02T14:47:32.172+0000] {processor.py:161} INFO - Started process (PID=3024) to work on /home/airflow/.local/lib/python3.8/site-packages/airflow/example_dags/example_skip_dag.py
[2026-02-02T14:47:32.173+0000] {processor.py:830} INFO - Processing file /home/airflow/.local/lib/python3.8/site-packages/airflow/example_dags/example_skip_dag.py for tasks to queue
[2026-02-02T14:47:32.176+0000] {logging_mixin.py:188} INFO - [2026-02-02T14:47:32.176+0000] {dagbag.py:538} INFO - Filling up the DagBag from /home/airflow/.local/lib/python3.8/site-packages/airflow/example_dags/example_skip_dag.py
[2026-02-02T14:47:32.184+0000] {processor.py:840} INFO - DAG(s) 'example_skip_dag' retrieved from /home/airflow/.local/lib/python3.8/site-packages/airflow/example_dags/example_skip_dag.py
[2026-02-02T14:47:32.208+0000] {logging_mixin.py:188} INFO - [2026-02-02T14:47:32.208+0000] {dag.py:3036} INFO - Sync 1 DAGs
[2026-02-02T14:47:32.234+0000] {logging_mixin.py:188} INFO - [2026-02-02T14:47:32.233+0000] {dag.py:3823} INFO - Setting next_dagrun for example_skip_dag to 2026-02-01 00:00:00+00:00, run_after=2026-02-02 00:00:00+00:00
[2026-02-02T14:47:32.251+0000] {processor.py:183} INFO - Processing /home/airflow/.local/lib/python3.8/site-packages/airflow/example_dags/example_skip_dag.py took 0.085 seconds
[2026-02-02T14:48:03.165+0000] {processor.py:161} INFO - Started process (PID=3080) to work on /home/airflow/.local/lib/python3.8/site-packages/airflow/example_dags/example_skip_dag.py
[2026-02-02T14:48:03.166+0000] {processor.py:830} INFO - Processing file /home/airflow/.local/lib/python3.8/site-packages/airflow/example_dags/example_skip_dag.py for tasks to queue
[2026-02-02T14:48:03.169+0000] {logging_mixin.py:188} INFO - [2026-02-02T14:48:03.169+0000] {dagbag.py:538} INFO - Filling up the DagBag from /home/airflow/.local/lib/python3.8/site-packages/airflow/example_dags/example_skip_dag.py
[2026-02-02T14:48:03.179+0000] {processor.py:840} INFO - DAG(s) 'example_skip_dag' retrieved from /home/airflow/.local/lib/python3.8/site-packages/airflow/example_dags/example_skip_dag.py
[2026-02-02T14:48:03.204+0000] {logging_mixin.py:188} INFO - [2026-02-02T14:48:03.204+0000] {dag.py:3036} INFO - Sync 1 DAGs
[2026-02-02T14:48:03.230+0000] {logging_mixin.py:188} INFO - [2026-02-02T14:48:03.230+0000] {dag.py:3823} INFO - Setting next_dagrun for example_skip_dag to 2026-02-01 00:00:00+00:00, run_after=2026-02-02 00:00:00+00:00
[2026-02-02T14:48:03.248+0000] {processor.py:183} INFO - Processing /home/airflow/.local/lib/python3.8/site-packages/airflow/example_dags/example_skip_dag.py took 0.089 seconds
[2026-02-02T14:48:33.668+0000] {processor.py:161} INFO - Started process (PID=3135) to work on /home/airflow/.local/lib/python3.8/site-packages/airflow/example_dags/example_skip_dag.py
[2026-02-02T14:48:33.669+0000] {processor.py:830} INFO - Processing file /home/airflow/.local/lib/python3.8/site-packages/airflow/example_dags/example_skip_dag.py for tasks to queue
[2026-02-02T14:48:33.671+0000] {logging_mixin.py:188} INFO - [2026-02-02T14:48:33.670+0000] {dagbag.py:538} INFO - Filling up the DagBag from /home/airflow/.local/lib/python3.8/site-packages/airflow/example_dags/example_skip_dag.py
[2026-02-02T14:48:33.679+0000] {processor.py:840} INFO - DAG(s) 'example_skip_dag' retrieved from /home/airflow/.local/lib/python3.8/site-packages/airflow/example_dags/example_skip_dag.py
[2026-02-02T14:48:33.705+0000] {logging_mixin.py:188} INFO - [2026-02-02T14:48:33.705+0000] {dag.py:3036} INFO - Sync 1 DAGs
[2026-02-02T14:48:33.731+0000] {logging_mixin.py:188} INFO - [2026-02-02T14:48:33.731+0000] {dag.py:3823} INFO - Setting next_dagrun for example_skip_dag to 2026-02-01 00:00:00+00:00, run_after=2026-02-02 00:00:00+00:00
[2026-02-02T14:48:33.751+0000] {processor.py:183} INFO - Processing /home/airflow/.local/lib/python3.8/site-packages/airflow/example_dags/example_skip_dag.py took 0.087 seconds
[2026-02-02T14:49:04.180+0000] {processor.py:161} INFO - Started process (PID=3191) to work on /home/airflow/.local/lib/python3.8/site-packages/airflow/example_dags/example_skip_dag.py
[2026-02-02T14:49:04.183+0000] {processor.py:830} INFO - Processing file /home/airflow/.local/lib/python3.8/site-packages/airflow/example_dags/example_skip_dag.py for tasks to queue
[2026-02-02T14:49:04.185+0000] {logging_mixin.py:188} INFO - [2026-02-02T14:49:04.184+0000] {dagbag.py:538} INFO - Filling up the DagBag from /home/airflow/.local/lib/python3.8/site-packages/airflow/example_dags/example_skip_dag.py
[2026-02-02T14:49:04.192+0000] {processor.py:840} INFO - DAG(s) 'example_skip_dag' retrieved from /home/airflow/.local/lib/python3.8/site-packages/airflow/example_dags/example_skip_dag.py
[2026-02-02T14:49:04.216+0000] {logging_mixin.py:188} INFO - [2026-02-02T14:49:04.216+0000] {dag.py:3036} INFO - Sync 1 DAGs
[2026-02-02T14:49:04.242+0000] {logging_mixin.py:188} INFO - [2026-02-02T14:49:04.242+0000] {dag.py:3823} INFO - Setting next_dagrun for example_skip_dag to 2026-02-01 00:00:00+00:00, run_after=2026-02-02 00:00:00+00:00
[2026-02-02T14:49:04.260+0000] {processor.py:183} INFO - Processing /home/airflow/.local/lib/python3.8/site-packages/airflow/example_dags/example_skip_dag.py took 0.084 seconds
[2026-02-02T14:49:35.131+0000] {processor.py:161} INFO - Started process (PID=3247) to work on /home/airflow/.local/lib/python3.8/site-packages/airflow/example_dags/example_skip_dag.py
[2026-02-02T14:49:35.139+0000] {processor.py:830} INFO - Processing file /home/airflow/.local/lib/python3.8/site-packages/airflow/example_dags/example_skip_dag.py for tasks to queue
[2026-02-02T14:49:35.144+0000] {logging_mixin.py:188} INFO - [2026-02-02T14:49:35.144+0000] {dagbag.py:538} INFO - Filling up the DagBag from /home/airflow/.local/lib/python3.8/site-packages/airflow/example_dags/example_skip_dag.py
[2026-02-02T14:49:35.161+0000] {processor.py:840} INFO - DAG(s) 'example_skip_dag' retrieved from /home/airflow/.local/lib/python3.8/site-packages/airflow/example_dags/example_skip_dag.py
[2026-02-02T14:49:35.257+0000] {logging_mixin.py:188} INFO - [2026-02-02T14:49:35.257+0000] {dag.py:3036} INFO - Sync 1 DAGs
[2026-02-02T14:49:35.337+0000] {logging_mixin.py:188} INFO - [2026-02-02T14:49:35.337+0000] {dag.py:3823} INFO - Setting next_dagrun for example_skip_dag to 2026-02-01 00:00:00+00:00, run_after=2026-02-02 00:00:00+00:00
[2026-02-02T14:49:35.370+0000] {processor.py:183} INFO - Processing /home/airflow/.local/lib/python3.8/site-packages/airflow/example_dags/example_skip_dag.py took 0.243 seconds
[2026-02-02T14:50:05.704+0000] {processor.py:161} INFO - Started process (PID=3303) to work on /home/airflow/.local/lib/python3.8/site-packages/airflow/example_dags/example_skip_dag.py
[2026-02-02T14:50:05.705+0000] {processor.py:830} INFO - Processing file /home/airflow/.local/lib/python3.8/site-packages/airflow/example_dags/example_skip_dag.py for tasks to queue
[2026-02-02T14:50:05.707+0000] {logging_mixin.py:188} INFO - [2026-02-02T14:50:05.707+0000] {dagbag.py:538} INFO - Filling up the DagBag from /home/airflow/.local/lib/python3.8/site-packages/airflow/example_dags/example_skip_dag.py
[2026-02-02T14:50:05.715+0000] {processor.py:840} INFO - DAG(s) 'example_skip_dag' retrieved from /home/airflow/.local/lib/python3.8/site-packages/airflow/example_dags/example_skip_dag.py
[2026-02-02T14:50:05.739+0000] {logging_mixin.py:188} INFO - [2026-02-02T14:50:05.739+0000] {dag.py:3036} INFO - Sync 1 DAGs
[2026-02-02T14:50:05.764+0000] {logging_mixin.py:188} INFO - [2026-02-02T14:50:05.764+0000] {dag.py:3823} INFO - Setting next_dagrun for example_skip_dag to 2026-02-01 00:00:00+00:00, run_after=2026-02-02 00:00:00+00:00
[2026-02-02T14:50:05.781+0000] {processor.py:183} INFO - Processing /home/airflow/.local/lib/python3.8/site-packages/airflow/example_dags/example_skip_dag.py took 0.082 seconds
[2026-02-02T14:50:36.019+0000] {processor.py:161} INFO - Started process (PID=3359) to work on /home/airflow/.local/lib/python3.8/site-packages/airflow/example_dags/example_skip_dag.py
[2026-02-02T14:50:36.021+0000] {processor.py:830} INFO - Processing file /home/airflow/.local/lib/python3.8/site-packages/airflow/example_dags/example_skip_dag.py for tasks to queue
[2026-02-02T14:50:36.030+0000] {logging_mixin.py:188} INFO - [2026-02-02T14:50:36.028+0000] {dagbag.py:538} INFO - Filling up the DagBag from /home/airflow/.local/lib/python3.8/site-packages/airflow/example_dags/example_skip_dag.py
[2026-02-02T14:50:36.044+0000] {processor.py:840} INFO - DAG(s) 'example_skip_dag' retrieved from /home/airflow/.local/lib/python3.8/site-packages/airflow/example_dags/example_skip_dag.py
[2026-02-02T14:50:36.094+0000] {logging_mixin.py:188} INFO - [2026-02-02T14:50:36.093+0000] {dag.py:3036} INFO - Sync 1 DAGs
[2026-02-02T14:50:36.122+0000] {logging_mixin.py:188} INFO - [2026-02-02T14:50:36.122+0000] {dag.py:3823} INFO - Setting next_dagrun for example_skip_dag to 2026-02-01 00:00:00+00:00, run_after=2026-02-02 00:00:00+00:00
[2026-02-02T14:50:36.148+0000] {processor.py:183} INFO - Processing /home/airflow/.local/lib/python3.8/site-packages/airflow/example_dags/example_skip_dag.py took 0.135 seconds
