[2026-02-02T14:20:18.846+0000] {processor.py:161} INFO - Started process (PID=68) to work on /home/airflow/.local/lib/python3.8/site-packages/airflow/example_dags/example_time_delta_sensor_async.py
[2026-02-02T14:20:18.849+0000] {processor.py:830} INFO - Processing file /home/airflow/.local/lib/python3.8/site-packages/airflow/example_dags/example_time_delta_sensor_async.py for tasks to queue
[2026-02-02T14:20:18.852+0000] {logging_mixin.py:188} INFO - [2026-02-02T14:20:18.851+0000] {dagbag.py:538} INFO - Filling up the DagBag from /home/airflow/.local/lib/python3.8/site-packages/airflow/example_dags/example_time_delta_sensor_async.py
[2026-02-02T14:20:18.867+0000] {processor.py:840} INFO - DAG(s) 'example_time_delta_sensor_async' retrieved from /home/airflow/.local/lib/python3.8/site-packages/airflow/example_dags/example_time_delta_sensor_async.py
[2026-02-02T14:20:19.256+0000] {logging_mixin.py:188} INFO - [2026-02-02T14:20:19.255+0000] {override.py:1769} INFO - Created Permission View: can edit on DAG:example_time_delta_sensor_async
[2026-02-02T14:20:19.404+0000] {logging_mixin.py:188} INFO - [2026-02-02T14:20:19.404+0000] {override.py:1769} INFO - Created Permission View: can delete on DAG:example_time_delta_sensor_async
[2026-02-02T14:20:19.423+0000] {logging_mixin.py:188} INFO - [2026-02-02T14:20:19.423+0000] {override.py:1769} INFO - Created Permission View: can read on DAG:example_time_delta_sensor_async
[2026-02-02T14:20:19.423+0000] {logging_mixin.py:188} INFO - [2026-02-02T14:20:19.423+0000] {dag.py:3036} INFO - Sync 1 DAGs
[2026-02-02T14:20:19.467+0000] {logging_mixin.py:188} INFO - [2026-02-02T14:20:19.466+0000] {dag.py:3058} INFO - Creating ORM DAG for example_time_delta_sensor_async
[2026-02-02T14:20:19.471+0000] {logging_mixin.py:188} INFO - [2026-02-02T14:20:19.471+0000] {dag.py:3823} INFO - Setting next_dagrun for example_time_delta_sensor_async to None, run_after=None
[2026-02-02T14:20:19.548+0000] {processor.py:183} INFO - Processing /home/airflow/.local/lib/python3.8/site-packages/airflow/example_dags/example_time_delta_sensor_async.py took 0.710 seconds
[2026-02-02T14:20:49.844+0000] {processor.py:161} INFO - Started process (PID=123) to work on /home/airflow/.local/lib/python3.8/site-packages/airflow/example_dags/example_time_delta_sensor_async.py
[2026-02-02T14:20:49.846+0000] {processor.py:830} INFO - Processing file /home/airflow/.local/lib/python3.8/site-packages/airflow/example_dags/example_time_delta_sensor_async.py for tasks to queue
[2026-02-02T14:20:49.847+0000] {logging_mixin.py:188} INFO - [2026-02-02T14:20:49.847+0000] {dagbag.py:538} INFO - Filling up the DagBag from /home/airflow/.local/lib/python3.8/site-packages/airflow/example_dags/example_time_delta_sensor_async.py
[2026-02-02T14:20:49.851+0000] {processor.py:840} INFO - DAG(s) 'example_time_delta_sensor_async' retrieved from /home/airflow/.local/lib/python3.8/site-packages/airflow/example_dags/example_time_delta_sensor_async.py
[2026-02-02T14:20:49.867+0000] {logging_mixin.py:188} INFO - [2026-02-02T14:20:49.867+0000] {dag.py:3036} INFO - Sync 1 DAGs
[2026-02-02T14:20:49.883+0000] {logging_mixin.py:188} INFO - [2026-02-02T14:20:49.882+0000] {dag.py:3823} INFO - Setting next_dagrun for example_time_delta_sensor_async to None, run_after=None
[2026-02-02T14:20:49.903+0000] {processor.py:183} INFO - Processing /home/airflow/.local/lib/python3.8/site-packages/airflow/example_dags/example_time_delta_sensor_async.py took 0.063 seconds
[2026-02-02T14:21:20.649+0000] {processor.py:161} INFO - Started process (PID=178) to work on /home/airflow/.local/lib/python3.8/site-packages/airflow/example_dags/example_time_delta_sensor_async.py
[2026-02-02T14:21:20.650+0000] {processor.py:830} INFO - Processing file /home/airflow/.local/lib/python3.8/site-packages/airflow/example_dags/example_time_delta_sensor_async.py for tasks to queue
[2026-02-02T14:21:20.651+0000] {logging_mixin.py:188} INFO - [2026-02-02T14:21:20.651+0000] {dagbag.py:538} INFO - Filling up the DagBag from /home/airflow/.local/lib/python3.8/site-packages/airflow/example_dags/example_time_delta_sensor_async.py
[2026-02-02T14:21:20.655+0000] {processor.py:840} INFO - DAG(s) 'example_time_delta_sensor_async' retrieved from /home/airflow/.local/lib/python3.8/site-packages/airflow/example_dags/example_time_delta_sensor_async.py
[2026-02-02T14:21:20.670+0000] {logging_mixin.py:188} INFO - [2026-02-02T14:21:20.670+0000] {dag.py:3036} INFO - Sync 1 DAGs
[2026-02-02T14:21:20.680+0000] {logging_mixin.py:188} INFO - [2026-02-02T14:21:20.680+0000] {dag.py:3823} INFO - Setting next_dagrun for example_time_delta_sensor_async to None, run_after=None
[2026-02-02T14:21:20.694+0000] {processor.py:183} INFO - Processing /home/airflow/.local/lib/python3.8/site-packages/airflow/example_dags/example_time_delta_sensor_async.py took 0.047 seconds
[2026-02-02T14:21:50.943+0000] {processor.py:161} INFO - Started process (PID=233) to work on /home/airflow/.local/lib/python3.8/site-packages/airflow/example_dags/example_time_delta_sensor_async.py
[2026-02-02T14:21:50.944+0000] {processor.py:830} INFO - Processing file /home/airflow/.local/lib/python3.8/site-packages/airflow/example_dags/example_time_delta_sensor_async.py for tasks to queue
[2026-02-02T14:21:50.946+0000] {logging_mixin.py:188} INFO - [2026-02-02T14:21:50.945+0000] {dagbag.py:538} INFO - Filling up the DagBag from /home/airflow/.local/lib/python3.8/site-packages/airflow/example_dags/example_time_delta_sensor_async.py
[2026-02-02T14:21:50.952+0000] {processor.py:840} INFO - DAG(s) 'example_time_delta_sensor_async' retrieved from /home/airflow/.local/lib/python3.8/site-packages/airflow/example_dags/example_time_delta_sensor_async.py
[2026-02-02T14:21:50.989+0000] {logging_mixin.py:188} INFO - [2026-02-02T14:21:50.989+0000] {dag.py:3036} INFO - Sync 1 DAGs
[2026-02-02T14:21:51.003+0000] {logging_mixin.py:188} INFO - [2026-02-02T14:21:51.002+0000] {dag.py:3823} INFO - Setting next_dagrun for example_time_delta_sensor_async to None, run_after=None
[2026-02-02T14:21:51.021+0000] {processor.py:183} INFO - Processing /home/airflow/.local/lib/python3.8/site-packages/airflow/example_dags/example_time_delta_sensor_async.py took 0.082 seconds
[2026-02-02T14:22:21.546+0000] {processor.py:161} INFO - Started process (PID=288) to work on /home/airflow/.local/lib/python3.8/site-packages/airflow/example_dags/example_time_delta_sensor_async.py
[2026-02-02T14:22:21.547+0000] {processor.py:830} INFO - Processing file /home/airflow/.local/lib/python3.8/site-packages/airflow/example_dags/example_time_delta_sensor_async.py for tasks to queue
[2026-02-02T14:22:21.549+0000] {logging_mixin.py:188} INFO - [2026-02-02T14:22:21.549+0000] {dagbag.py:538} INFO - Filling up the DagBag from /home/airflow/.local/lib/python3.8/site-packages/airflow/example_dags/example_time_delta_sensor_async.py
[2026-02-02T14:22:21.554+0000] {processor.py:840} INFO - DAG(s) 'example_time_delta_sensor_async' retrieved from /home/airflow/.local/lib/python3.8/site-packages/airflow/example_dags/example_time_delta_sensor_async.py
[2026-02-02T14:22:21.576+0000] {logging_mixin.py:188} INFO - [2026-02-02T14:22:21.576+0000] {dag.py:3036} INFO - Sync 1 DAGs
[2026-02-02T14:22:21.591+0000] {logging_mixin.py:188} INFO - [2026-02-02T14:22:21.591+0000] {dag.py:3823} INFO - Setting next_dagrun for example_time_delta_sensor_async to None, run_after=None
[2026-02-02T14:22:21.611+0000] {processor.py:183} INFO - Processing /home/airflow/.local/lib/python3.8/site-packages/airflow/example_dags/example_time_delta_sensor_async.py took 0.068 seconds
[2026-02-02T14:22:52.247+0000] {processor.py:161} INFO - Started process (PID=343) to work on /home/airflow/.local/lib/python3.8/site-packages/airflow/example_dags/example_time_delta_sensor_async.py
[2026-02-02T14:22:52.248+0000] {processor.py:830} INFO - Processing file /home/airflow/.local/lib/python3.8/site-packages/airflow/example_dags/example_time_delta_sensor_async.py for tasks to queue
[2026-02-02T14:22:52.250+0000] {logging_mixin.py:188} INFO - [2026-02-02T14:22:52.250+0000] {dagbag.py:538} INFO - Filling up the DagBag from /home/airflow/.local/lib/python3.8/site-packages/airflow/example_dags/example_time_delta_sensor_async.py
[2026-02-02T14:22:52.255+0000] {processor.py:840} INFO - DAG(s) 'example_time_delta_sensor_async' retrieved from /home/airflow/.local/lib/python3.8/site-packages/airflow/example_dags/example_time_delta_sensor_async.py
[2026-02-02T14:22:52.276+0000] {logging_mixin.py:188} INFO - [2026-02-02T14:22:52.276+0000] {dag.py:3036} INFO - Sync 1 DAGs
[2026-02-02T14:22:52.292+0000] {logging_mixin.py:188} INFO - [2026-02-02T14:22:52.292+0000] {dag.py:3823} INFO - Setting next_dagrun for example_time_delta_sensor_async to None, run_after=None
[2026-02-02T14:22:52.325+0000] {processor.py:183} INFO - Processing /home/airflow/.local/lib/python3.8/site-packages/airflow/example_dags/example_time_delta_sensor_async.py took 0.083 seconds
[2026-02-02T14:23:22.717+0000] {processor.py:161} INFO - Started process (PID=398) to work on /home/airflow/.local/lib/python3.8/site-packages/airflow/example_dags/example_time_delta_sensor_async.py
[2026-02-02T14:23:22.718+0000] {processor.py:830} INFO - Processing file /home/airflow/.local/lib/python3.8/site-packages/airflow/example_dags/example_time_delta_sensor_async.py for tasks to queue
[2026-02-02T14:23:22.720+0000] {logging_mixin.py:188} INFO - [2026-02-02T14:23:22.720+0000] {dagbag.py:538} INFO - Filling up the DagBag from /home/airflow/.local/lib/python3.8/site-packages/airflow/example_dags/example_time_delta_sensor_async.py
[2026-02-02T14:23:22.726+0000] {processor.py:840} INFO - DAG(s) 'example_time_delta_sensor_async' retrieved from /home/airflow/.local/lib/python3.8/site-packages/airflow/example_dags/example_time_delta_sensor_async.py
[2026-02-02T14:23:22.748+0000] {logging_mixin.py:188} INFO - [2026-02-02T14:23:22.748+0000] {dag.py:3036} INFO - Sync 1 DAGs
[2026-02-02T14:23:22.763+0000] {logging_mixin.py:188} INFO - [2026-02-02T14:23:22.763+0000] {dag.py:3823} INFO - Setting next_dagrun for example_time_delta_sensor_async to None, run_after=None
[2026-02-02T14:23:22.780+0000] {processor.py:183} INFO - Processing /home/airflow/.local/lib/python3.8/site-packages/airflow/example_dags/example_time_delta_sensor_async.py took 0.067 seconds
[2026-02-02T14:23:54.009+0000] {processor.py:161} INFO - Started process (PID=453) to work on /home/airflow/.local/lib/python3.8/site-packages/airflow/example_dags/example_time_delta_sensor_async.py
[2026-02-02T14:23:54.011+0000] {processor.py:830} INFO - Processing file /home/airflow/.local/lib/python3.8/site-packages/airflow/example_dags/example_time_delta_sensor_async.py for tasks to queue
[2026-02-02T14:23:54.018+0000] {logging_mixin.py:188} INFO - [2026-02-02T14:23:54.018+0000] {dagbag.py:538} INFO - Filling up the DagBag from /home/airflow/.local/lib/python3.8/site-packages/airflow/example_dags/example_time_delta_sensor_async.py
[2026-02-02T14:23:54.038+0000] {processor.py:840} INFO - DAG(s) 'example_time_delta_sensor_async' retrieved from /home/airflow/.local/lib/python3.8/site-packages/airflow/example_dags/example_time_delta_sensor_async.py
[2026-02-02T14:23:54.064+0000] {logging_mixin.py:188} INFO - [2026-02-02T14:23:54.064+0000] {dag.py:3036} INFO - Sync 1 DAGs
[2026-02-02T14:23:54.078+0000] {logging_mixin.py:188} INFO - [2026-02-02T14:23:54.078+0000] {dag.py:3823} INFO - Setting next_dagrun for example_time_delta_sensor_async to None, run_after=None
[2026-02-02T14:23:54.103+0000] {processor.py:183} INFO - Processing /home/airflow/.local/lib/python3.8/site-packages/airflow/example_dags/example_time_delta_sensor_async.py took 0.116 seconds
[2026-02-02T14:24:24.969+0000] {processor.py:161} INFO - Started process (PID=507) to work on /home/airflow/.local/lib/python3.8/site-packages/airflow/example_dags/example_time_delta_sensor_async.py
[2026-02-02T14:24:24.969+0000] {processor.py:830} INFO - Processing file /home/airflow/.local/lib/python3.8/site-packages/airflow/example_dags/example_time_delta_sensor_async.py for tasks to queue
[2026-02-02T14:24:24.972+0000] {logging_mixin.py:188} INFO - [2026-02-02T14:24:24.972+0000] {dagbag.py:538} INFO - Filling up the DagBag from /home/airflow/.local/lib/python3.8/site-packages/airflow/example_dags/example_time_delta_sensor_async.py
[2026-02-02T14:24:24.977+0000] {processor.py:840} INFO - DAG(s) 'example_time_delta_sensor_async' retrieved from /home/airflow/.local/lib/python3.8/site-packages/airflow/example_dags/example_time_delta_sensor_async.py
[2026-02-02T14:24:24.997+0000] {logging_mixin.py:188} INFO - [2026-02-02T14:24:24.997+0000] {dag.py:3036} INFO - Sync 1 DAGs
[2026-02-02T14:24:25.012+0000] {logging_mixin.py:188} INFO - [2026-02-02T14:24:25.011+0000] {dag.py:3823} INFO - Setting next_dagrun for example_time_delta_sensor_async to None, run_after=None
[2026-02-02T14:24:25.030+0000] {processor.py:183} INFO - Processing /home/airflow/.local/lib/python3.8/site-packages/airflow/example_dags/example_time_delta_sensor_async.py took 0.065 seconds
[2026-02-02T14:24:55.294+0000] {processor.py:161} INFO - Started process (PID=563) to work on /home/airflow/.local/lib/python3.8/site-packages/airflow/example_dags/example_time_delta_sensor_async.py
[2026-02-02T14:24:55.296+0000] {processor.py:830} INFO - Processing file /home/airflow/.local/lib/python3.8/site-packages/airflow/example_dags/example_time_delta_sensor_async.py for tasks to queue
[2026-02-02T14:24:55.297+0000] {logging_mixin.py:188} INFO - [2026-02-02T14:24:55.297+0000] {dagbag.py:538} INFO - Filling up the DagBag from /home/airflow/.local/lib/python3.8/site-packages/airflow/example_dags/example_time_delta_sensor_async.py
[2026-02-02T14:24:55.302+0000] {processor.py:840} INFO - DAG(s) 'example_time_delta_sensor_async' retrieved from /home/airflow/.local/lib/python3.8/site-packages/airflow/example_dags/example_time_delta_sensor_async.py
[2026-02-02T14:24:55.324+0000] {logging_mixin.py:188} INFO - [2026-02-02T14:24:55.324+0000] {dag.py:3036} INFO - Sync 1 DAGs
[2026-02-02T14:24:55.338+0000] {logging_mixin.py:188} INFO - [2026-02-02T14:24:55.338+0000] {dag.py:3823} INFO - Setting next_dagrun for example_time_delta_sensor_async to None, run_after=None
[2026-02-02T14:24:55.359+0000] {processor.py:183} INFO - Processing /home/airflow/.local/lib/python3.8/site-packages/airflow/example_dags/example_time_delta_sensor_async.py took 0.068 seconds
[2026-02-02T14:25:25.409+0000] {processor.py:161} INFO - Started process (PID=617) to work on /home/airflow/.local/lib/python3.8/site-packages/airflow/example_dags/example_time_delta_sensor_async.py
[2026-02-02T14:25:25.410+0000] {processor.py:830} INFO - Processing file /home/airflow/.local/lib/python3.8/site-packages/airflow/example_dags/example_time_delta_sensor_async.py for tasks to queue
[2026-02-02T14:25:25.414+0000] {logging_mixin.py:188} INFO - [2026-02-02T14:25:25.414+0000] {dagbag.py:538} INFO - Filling up the DagBag from /home/airflow/.local/lib/python3.8/site-packages/airflow/example_dags/example_time_delta_sensor_async.py
[2026-02-02T14:25:25.419+0000] {processor.py:840} INFO - DAG(s) 'example_time_delta_sensor_async' retrieved from /home/airflow/.local/lib/python3.8/site-packages/airflow/example_dags/example_time_delta_sensor_async.py
[2026-02-02T14:25:25.444+0000] {logging_mixin.py:188} INFO - [2026-02-02T14:25:25.443+0000] {dag.py:3036} INFO - Sync 1 DAGs
[2026-02-02T14:25:25.458+0000] {logging_mixin.py:188} INFO - [2026-02-02T14:25:25.458+0000] {dag.py:3823} INFO - Setting next_dagrun for example_time_delta_sensor_async to None, run_after=None
[2026-02-02T14:25:25.479+0000] {processor.py:183} INFO - Processing /home/airflow/.local/lib/python3.8/site-packages/airflow/example_dags/example_time_delta_sensor_async.py took 0.074 seconds
[2026-02-02T14:25:55.659+0000] {processor.py:161} INFO - Started process (PID=672) to work on /home/airflow/.local/lib/python3.8/site-packages/airflow/example_dags/example_time_delta_sensor_async.py
[2026-02-02T14:25:55.660+0000] {processor.py:830} INFO - Processing file /home/airflow/.local/lib/python3.8/site-packages/airflow/example_dags/example_time_delta_sensor_async.py for tasks to queue
[2026-02-02T14:25:55.661+0000] {logging_mixin.py:188} INFO - [2026-02-02T14:25:55.661+0000] {dagbag.py:538} INFO - Filling up the DagBag from /home/airflow/.local/lib/python3.8/site-packages/airflow/example_dags/example_time_delta_sensor_async.py
[2026-02-02T14:25:55.667+0000] {processor.py:840} INFO - DAG(s) 'example_time_delta_sensor_async' retrieved from /home/airflow/.local/lib/python3.8/site-packages/airflow/example_dags/example_time_delta_sensor_async.py
[2026-02-02T14:25:55.688+0000] {logging_mixin.py:188} INFO - [2026-02-02T14:25:55.688+0000] {dag.py:3036} INFO - Sync 1 DAGs
[2026-02-02T14:25:55.703+0000] {logging_mixin.py:188} INFO - [2026-02-02T14:25:55.703+0000] {dag.py:3823} INFO - Setting next_dagrun for example_time_delta_sensor_async to None, run_after=None
[2026-02-02T14:25:55.726+0000] {processor.py:183} INFO - Processing /home/airflow/.local/lib/python3.8/site-packages/airflow/example_dags/example_time_delta_sensor_async.py took 0.071 seconds
[2026-02-02T14:26:25.916+0000] {processor.py:161} INFO - Started process (PID=727) to work on /home/airflow/.local/lib/python3.8/site-packages/airflow/example_dags/example_time_delta_sensor_async.py
[2026-02-02T14:26:25.918+0000] {processor.py:830} INFO - Processing file /home/airflow/.local/lib/python3.8/site-packages/airflow/example_dags/example_time_delta_sensor_async.py for tasks to queue
[2026-02-02T14:26:25.921+0000] {logging_mixin.py:188} INFO - [2026-02-02T14:26:25.920+0000] {dagbag.py:538} INFO - Filling up the DagBag from /home/airflow/.local/lib/python3.8/site-packages/airflow/example_dags/example_time_delta_sensor_async.py
[2026-02-02T14:26:25.929+0000] {processor.py:840} INFO - DAG(s) 'example_time_delta_sensor_async' retrieved from /home/airflow/.local/lib/python3.8/site-packages/airflow/example_dags/example_time_delta_sensor_async.py
[2026-02-02T14:26:25.992+0000] {logging_mixin.py:188} INFO - [2026-02-02T14:26:25.992+0000] {dag.py:3036} INFO - Sync 1 DAGs
[2026-02-02T14:26:26.014+0000] {logging_mixin.py:188} INFO - [2026-02-02T14:26:26.013+0000] {dag.py:3823} INFO - Setting next_dagrun for example_time_delta_sensor_async to None, run_after=None
[2026-02-02T14:26:26.040+0000] {processor.py:183} INFO - Processing /home/airflow/.local/lib/python3.8/site-packages/airflow/example_dags/example_time_delta_sensor_async.py took 0.130 seconds
[2026-02-02T14:26:56.538+0000] {processor.py:161} INFO - Started process (PID=782) to work on /home/airflow/.local/lib/python3.8/site-packages/airflow/example_dags/example_time_delta_sensor_async.py
[2026-02-02T14:26:56.540+0000] {processor.py:830} INFO - Processing file /home/airflow/.local/lib/python3.8/site-packages/airflow/example_dags/example_time_delta_sensor_async.py for tasks to queue
[2026-02-02T14:26:56.544+0000] {logging_mixin.py:188} INFO - [2026-02-02T14:26:56.544+0000] {dagbag.py:538} INFO - Filling up the DagBag from /home/airflow/.local/lib/python3.8/site-packages/airflow/example_dags/example_time_delta_sensor_async.py
[2026-02-02T14:26:56.552+0000] {processor.py:840} INFO - DAG(s) 'example_time_delta_sensor_async' retrieved from /home/airflow/.local/lib/python3.8/site-packages/airflow/example_dags/example_time_delta_sensor_async.py
[2026-02-02T14:26:56.599+0000] {logging_mixin.py:188} INFO - [2026-02-02T14:26:56.598+0000] {dag.py:3036} INFO - Sync 1 DAGs
[2026-02-02T14:26:56.626+0000] {logging_mixin.py:188} INFO - [2026-02-02T14:26:56.626+0000] {dag.py:3823} INFO - Setting next_dagrun for example_time_delta_sensor_async to None, run_after=None
[2026-02-02T14:26:56.682+0000] {processor.py:183} INFO - Processing /home/airflow/.local/lib/python3.8/site-packages/airflow/example_dags/example_time_delta_sensor_async.py took 0.156 seconds
[2026-02-02T14:27:26.837+0000] {processor.py:161} INFO - Started process (PID=843) to work on /home/airflow/.local/lib/python3.8/site-packages/airflow/example_dags/example_time_delta_sensor_async.py
[2026-02-02T14:27:26.838+0000] {processor.py:830} INFO - Processing file /home/airflow/.local/lib/python3.8/site-packages/airflow/example_dags/example_time_delta_sensor_async.py for tasks to queue
[2026-02-02T14:27:26.840+0000] {logging_mixin.py:188} INFO - [2026-02-02T14:27:26.839+0000] {dagbag.py:538} INFO - Filling up the DagBag from /home/airflow/.local/lib/python3.8/site-packages/airflow/example_dags/example_time_delta_sensor_async.py
[2026-02-02T14:27:26.845+0000] {processor.py:840} INFO - DAG(s) 'example_time_delta_sensor_async' retrieved from /home/airflow/.local/lib/python3.8/site-packages/airflow/example_dags/example_time_delta_sensor_async.py
[2026-02-02T14:27:26.866+0000] {logging_mixin.py:188} INFO - [2026-02-02T14:27:26.865+0000] {dag.py:3036} INFO - Sync 1 DAGs
[2026-02-02T14:27:26.884+0000] {logging_mixin.py:188} INFO - [2026-02-02T14:27:26.880+0000] {dag.py:3823} INFO - Setting next_dagrun for example_time_delta_sensor_async to None, run_after=None
[2026-02-02T14:27:26.919+0000] {processor.py:183} INFO - Processing /home/airflow/.local/lib/python3.8/site-packages/airflow/example_dags/example_time_delta_sensor_async.py took 0.086 seconds
[2026-02-02T14:27:57.550+0000] {processor.py:161} INFO - Started process (PID=898) to work on /home/airflow/.local/lib/python3.8/site-packages/airflow/example_dags/example_time_delta_sensor_async.py
[2026-02-02T14:27:57.551+0000] {processor.py:830} INFO - Processing file /home/airflow/.local/lib/python3.8/site-packages/airflow/example_dags/example_time_delta_sensor_async.py for tasks to queue
[2026-02-02T14:27:57.553+0000] {logging_mixin.py:188} INFO - [2026-02-02T14:27:57.552+0000] {dagbag.py:538} INFO - Filling up the DagBag from /home/airflow/.local/lib/python3.8/site-packages/airflow/example_dags/example_time_delta_sensor_async.py
[2026-02-02T14:27:57.558+0000] {processor.py:840} INFO - DAG(s) 'example_time_delta_sensor_async' retrieved from /home/airflow/.local/lib/python3.8/site-packages/airflow/example_dags/example_time_delta_sensor_async.py
[2026-02-02T14:27:57.595+0000] {logging_mixin.py:188} INFO - [2026-02-02T14:27:57.594+0000] {dag.py:3036} INFO - Sync 1 DAGs
[2026-02-02T14:27:57.610+0000] {logging_mixin.py:188} INFO - [2026-02-02T14:27:57.609+0000] {dag.py:3823} INFO - Setting next_dagrun for example_time_delta_sensor_async to None, run_after=None
[2026-02-02T14:27:57.631+0000] {processor.py:183} INFO - Processing /home/airflow/.local/lib/python3.8/site-packages/airflow/example_dags/example_time_delta_sensor_async.py took 0.085 seconds
[2026-02-02T14:28:28.251+0000] {processor.py:161} INFO - Started process (PID=953) to work on /home/airflow/.local/lib/python3.8/site-packages/airflow/example_dags/example_time_delta_sensor_async.py
[2026-02-02T14:28:28.252+0000] {processor.py:830} INFO - Processing file /home/airflow/.local/lib/python3.8/site-packages/airflow/example_dags/example_time_delta_sensor_async.py for tasks to queue
[2026-02-02T14:28:28.254+0000] {logging_mixin.py:188} INFO - [2026-02-02T14:28:28.254+0000] {dagbag.py:538} INFO - Filling up the DagBag from /home/airflow/.local/lib/python3.8/site-packages/airflow/example_dags/example_time_delta_sensor_async.py
[2026-02-02T14:28:28.261+0000] {processor.py:840} INFO - DAG(s) 'example_time_delta_sensor_async' retrieved from /home/airflow/.local/lib/python3.8/site-packages/airflow/example_dags/example_time_delta_sensor_async.py
[2026-02-02T14:28:28.320+0000] {logging_mixin.py:188} INFO - [2026-02-02T14:28:28.320+0000] {dag.py:3036} INFO - Sync 1 DAGs
[2026-02-02T14:28:28.347+0000] {logging_mixin.py:188} INFO - [2026-02-02T14:28:28.347+0000] {dag.py:3823} INFO - Setting next_dagrun for example_time_delta_sensor_async to None, run_after=None
[2026-02-02T14:28:28.370+0000] {processor.py:183} INFO - Processing /home/airflow/.local/lib/python3.8/site-packages/airflow/example_dags/example_time_delta_sensor_async.py took 0.123 seconds
[2026-02-02T14:28:58.629+0000] {processor.py:161} INFO - Started process (PID=1008) to work on /home/airflow/.local/lib/python3.8/site-packages/airflow/example_dags/example_time_delta_sensor_async.py
[2026-02-02T14:28:58.630+0000] {processor.py:830} INFO - Processing file /home/airflow/.local/lib/python3.8/site-packages/airflow/example_dags/example_time_delta_sensor_async.py for tasks to queue
[2026-02-02T14:28:58.632+0000] {logging_mixin.py:188} INFO - [2026-02-02T14:28:58.631+0000] {dagbag.py:538} INFO - Filling up the DagBag from /home/airflow/.local/lib/python3.8/site-packages/airflow/example_dags/example_time_delta_sensor_async.py
[2026-02-02T14:28:58.636+0000] {processor.py:840} INFO - DAG(s) 'example_time_delta_sensor_async' retrieved from /home/airflow/.local/lib/python3.8/site-packages/airflow/example_dags/example_time_delta_sensor_async.py
[2026-02-02T14:28:58.658+0000] {logging_mixin.py:188} INFO - [2026-02-02T14:28:58.657+0000] {dag.py:3036} INFO - Sync 1 DAGs
[2026-02-02T14:28:58.672+0000] {logging_mixin.py:188} INFO - [2026-02-02T14:28:58.672+0000] {dag.py:3823} INFO - Setting next_dagrun for example_time_delta_sensor_async to None, run_after=None
[2026-02-02T14:28:58.692+0000] {processor.py:183} INFO - Processing /home/airflow/.local/lib/python3.8/site-packages/airflow/example_dags/example_time_delta_sensor_async.py took 0.067 seconds
[2026-02-02T14:29:28.828+0000] {processor.py:161} INFO - Started process (PID=1063) to work on /home/airflow/.local/lib/python3.8/site-packages/airflow/example_dags/example_time_delta_sensor_async.py
[2026-02-02T14:29:28.829+0000] {processor.py:830} INFO - Processing file /home/airflow/.local/lib/python3.8/site-packages/airflow/example_dags/example_time_delta_sensor_async.py for tasks to queue
[2026-02-02T14:29:28.831+0000] {logging_mixin.py:188} INFO - [2026-02-02T14:29:28.831+0000] {dagbag.py:538} INFO - Filling up the DagBag from /home/airflow/.local/lib/python3.8/site-packages/airflow/example_dags/example_time_delta_sensor_async.py
[2026-02-02T14:29:28.836+0000] {processor.py:840} INFO - DAG(s) 'example_time_delta_sensor_async' retrieved from /home/airflow/.local/lib/python3.8/site-packages/airflow/example_dags/example_time_delta_sensor_async.py
[2026-02-02T14:29:28.867+0000] {logging_mixin.py:188} INFO - [2026-02-02T14:29:28.867+0000] {dag.py:3036} INFO - Sync 1 DAGs
[2026-02-02T14:29:28.882+0000] {logging_mixin.py:188} INFO - [2026-02-02T14:29:28.882+0000] {dag.py:3823} INFO - Setting next_dagrun for example_time_delta_sensor_async to None, run_after=None
[2026-02-02T14:29:28.906+0000] {processor.py:183} INFO - Processing /home/airflow/.local/lib/python3.8/site-packages/airflow/example_dags/example_time_delta_sensor_async.py took 0.081 seconds
[2026-02-02T14:29:59.513+0000] {processor.py:161} INFO - Started process (PID=1118) to work on /home/airflow/.local/lib/python3.8/site-packages/airflow/example_dags/example_time_delta_sensor_async.py
[2026-02-02T14:29:59.514+0000] {processor.py:830} INFO - Processing file /home/airflow/.local/lib/python3.8/site-packages/airflow/example_dags/example_time_delta_sensor_async.py for tasks to queue
[2026-02-02T14:29:59.518+0000] {logging_mixin.py:188} INFO - [2026-02-02T14:29:59.518+0000] {dagbag.py:538} INFO - Filling up the DagBag from /home/airflow/.local/lib/python3.8/site-packages/airflow/example_dags/example_time_delta_sensor_async.py
[2026-02-02T14:29:59.529+0000] {processor.py:840} INFO - DAG(s) 'example_time_delta_sensor_async' retrieved from /home/airflow/.local/lib/python3.8/site-packages/airflow/example_dags/example_time_delta_sensor_async.py
[2026-02-02T14:29:59.577+0000] {logging_mixin.py:188} INFO - [2026-02-02T14:29:59.576+0000] {dag.py:3036} INFO - Sync 1 DAGs
[2026-02-02T14:29:59.620+0000] {logging_mixin.py:188} INFO - [2026-02-02T14:29:59.620+0000] {dag.py:3823} INFO - Setting next_dagrun for example_time_delta_sensor_async to None, run_after=None
[2026-02-02T14:29:59.684+0000] {processor.py:183} INFO - Processing /home/airflow/.local/lib/python3.8/site-packages/airflow/example_dags/example_time_delta_sensor_async.py took 0.179 seconds
[2026-02-02T14:30:30.444+0000] {processor.py:161} INFO - Started process (PID=1171) to work on /home/airflow/.local/lib/python3.8/site-packages/airflow/example_dags/example_time_delta_sensor_async.py
[2026-02-02T14:30:30.447+0000] {processor.py:830} INFO - Processing file /home/airflow/.local/lib/python3.8/site-packages/airflow/example_dags/example_time_delta_sensor_async.py for tasks to queue
[2026-02-02T14:30:30.453+0000] {logging_mixin.py:188} INFO - [2026-02-02T14:30:30.452+0000] {dagbag.py:538} INFO - Filling up the DagBag from /home/airflow/.local/lib/python3.8/site-packages/airflow/example_dags/example_time_delta_sensor_async.py
[2026-02-02T14:30:30.467+0000] {processor.py:840} INFO - DAG(s) 'example_time_delta_sensor_async' retrieved from /home/airflow/.local/lib/python3.8/site-packages/airflow/example_dags/example_time_delta_sensor_async.py
[2026-02-02T14:30:30.526+0000] {logging_mixin.py:188} INFO - [2026-02-02T14:30:30.526+0000] {dag.py:3036} INFO - Sync 1 DAGs
[2026-02-02T14:30:30.557+0000] {logging_mixin.py:188} INFO - [2026-02-02T14:30:30.557+0000] {dag.py:3823} INFO - Setting next_dagrun for example_time_delta_sensor_async to None, run_after=None
[2026-02-02T14:30:30.609+0000] {processor.py:183} INFO - Processing /home/airflow/.local/lib/python3.8/site-packages/airflow/example_dags/example_time_delta_sensor_async.py took 0.174 seconds
[2026-02-02T14:31:01.060+0000] {processor.py:161} INFO - Started process (PID=1226) to work on /home/airflow/.local/lib/python3.8/site-packages/airflow/example_dags/example_time_delta_sensor_async.py
[2026-02-02T14:31:01.062+0000] {processor.py:830} INFO - Processing file /home/airflow/.local/lib/python3.8/site-packages/airflow/example_dags/example_time_delta_sensor_async.py for tasks to queue
[2026-02-02T14:31:01.068+0000] {logging_mixin.py:188} INFO - [2026-02-02T14:31:01.067+0000] {dagbag.py:538} INFO - Filling up the DagBag from /home/airflow/.local/lib/python3.8/site-packages/airflow/example_dags/example_time_delta_sensor_async.py
[2026-02-02T14:31:01.076+0000] {processor.py:840} INFO - DAG(s) 'example_time_delta_sensor_async' retrieved from /home/airflow/.local/lib/python3.8/site-packages/airflow/example_dags/example_time_delta_sensor_async.py
[2026-02-02T14:31:01.128+0000] {logging_mixin.py:188} INFO - [2026-02-02T14:31:01.128+0000] {dag.py:3036} INFO - Sync 1 DAGs
[2026-02-02T14:31:01.158+0000] {logging_mixin.py:188} INFO - [2026-02-02T14:31:01.156+0000] {dag.py:3823} INFO - Setting next_dagrun for example_time_delta_sensor_async to None, run_after=None
[2026-02-02T14:31:01.204+0000] {processor.py:183} INFO - Processing /home/airflow/.local/lib/python3.8/site-packages/airflow/example_dags/example_time_delta_sensor_async.py took 0.158 seconds
[2026-02-02T14:31:31.498+0000] {processor.py:161} INFO - Started process (PID=1281) to work on /home/airflow/.local/lib/python3.8/site-packages/airflow/example_dags/example_time_delta_sensor_async.py
[2026-02-02T14:31:31.500+0000] {processor.py:830} INFO - Processing file /home/airflow/.local/lib/python3.8/site-packages/airflow/example_dags/example_time_delta_sensor_async.py for tasks to queue
[2026-02-02T14:31:31.502+0000] {logging_mixin.py:188} INFO - [2026-02-02T14:31:31.502+0000] {dagbag.py:538} INFO - Filling up the DagBag from /home/airflow/.local/lib/python3.8/site-packages/airflow/example_dags/example_time_delta_sensor_async.py
[2026-02-02T14:31:31.507+0000] {processor.py:840} INFO - DAG(s) 'example_time_delta_sensor_async' retrieved from /home/airflow/.local/lib/python3.8/site-packages/airflow/example_dags/example_time_delta_sensor_async.py
[2026-02-02T14:31:31.528+0000] {logging_mixin.py:188} INFO - [2026-02-02T14:31:31.528+0000] {dag.py:3036} INFO - Sync 1 DAGs
[2026-02-02T14:31:31.542+0000] {logging_mixin.py:188} INFO - [2026-02-02T14:31:31.542+0000] {dag.py:3823} INFO - Setting next_dagrun for example_time_delta_sensor_async to None, run_after=None
[2026-02-02T14:31:31.560+0000] {processor.py:183} INFO - Processing /home/airflow/.local/lib/python3.8/site-packages/airflow/example_dags/example_time_delta_sensor_async.py took 0.066 seconds
[2026-02-02T14:32:02.381+0000] {processor.py:161} INFO - Started process (PID=1336) to work on /home/airflow/.local/lib/python3.8/site-packages/airflow/example_dags/example_time_delta_sensor_async.py
[2026-02-02T14:32:02.382+0000] {processor.py:830} INFO - Processing file /home/airflow/.local/lib/python3.8/site-packages/airflow/example_dags/example_time_delta_sensor_async.py for tasks to queue
[2026-02-02T14:32:02.384+0000] {logging_mixin.py:188} INFO - [2026-02-02T14:32:02.384+0000] {dagbag.py:538} INFO - Filling up the DagBag from /home/airflow/.local/lib/python3.8/site-packages/airflow/example_dags/example_time_delta_sensor_async.py
[2026-02-02T14:32:02.390+0000] {processor.py:840} INFO - DAG(s) 'example_time_delta_sensor_async' retrieved from /home/airflow/.local/lib/python3.8/site-packages/airflow/example_dags/example_time_delta_sensor_async.py
[2026-02-02T14:32:02.419+0000] {logging_mixin.py:188} INFO - [2026-02-02T14:32:02.418+0000] {dag.py:3036} INFO - Sync 1 DAGs
[2026-02-02T14:32:02.443+0000] {logging_mixin.py:188} INFO - [2026-02-02T14:32:02.443+0000] {dag.py:3823} INFO - Setting next_dagrun for example_time_delta_sensor_async to None, run_after=None
[2026-02-02T14:32:02.464+0000] {processor.py:183} INFO - Processing /home/airflow/.local/lib/python3.8/site-packages/airflow/example_dags/example_time_delta_sensor_async.py took 0.090 seconds
[2026-02-02T14:32:32.975+0000] {processor.py:161} INFO - Started process (PID=1391) to work on /home/airflow/.local/lib/python3.8/site-packages/airflow/example_dags/example_time_delta_sensor_async.py
[2026-02-02T14:32:32.977+0000] {processor.py:830} INFO - Processing file /home/airflow/.local/lib/python3.8/site-packages/airflow/example_dags/example_time_delta_sensor_async.py for tasks to queue
[2026-02-02T14:32:32.979+0000] {logging_mixin.py:188} INFO - [2026-02-02T14:32:32.979+0000] {dagbag.py:538} INFO - Filling up the DagBag from /home/airflow/.local/lib/python3.8/site-packages/airflow/example_dags/example_time_delta_sensor_async.py
[2026-02-02T14:32:32.984+0000] {processor.py:840} INFO - DAG(s) 'example_time_delta_sensor_async' retrieved from /home/airflow/.local/lib/python3.8/site-packages/airflow/example_dags/example_time_delta_sensor_async.py
[2026-02-02T14:32:33.004+0000] {logging_mixin.py:188} INFO - [2026-02-02T14:32:33.004+0000] {dag.py:3036} INFO - Sync 1 DAGs
[2026-02-02T14:32:33.018+0000] {logging_mixin.py:188} INFO - [2026-02-02T14:32:33.018+0000] {dag.py:3823} INFO - Setting next_dagrun for example_time_delta_sensor_async to None, run_after=None
[2026-02-02T14:32:33.036+0000] {processor.py:183} INFO - Processing /home/airflow/.local/lib/python3.8/site-packages/airflow/example_dags/example_time_delta_sensor_async.py took 0.066 seconds
[2026-02-02T14:33:03.452+0000] {processor.py:161} INFO - Started process (PID=1446) to work on /home/airflow/.local/lib/python3.8/site-packages/airflow/example_dags/example_time_delta_sensor_async.py
[2026-02-02T14:33:03.453+0000] {processor.py:830} INFO - Processing file /home/airflow/.local/lib/python3.8/site-packages/airflow/example_dags/example_time_delta_sensor_async.py for tasks to queue
[2026-02-02T14:33:03.455+0000] {logging_mixin.py:188} INFO - [2026-02-02T14:33:03.455+0000] {dagbag.py:538} INFO - Filling up the DagBag from /home/airflow/.local/lib/python3.8/site-packages/airflow/example_dags/example_time_delta_sensor_async.py
[2026-02-02T14:33:03.460+0000] {processor.py:840} INFO - DAG(s) 'example_time_delta_sensor_async' retrieved from /home/airflow/.local/lib/python3.8/site-packages/airflow/example_dags/example_time_delta_sensor_async.py
[2026-02-02T14:33:03.482+0000] {logging_mixin.py:188} INFO - [2026-02-02T14:33:03.482+0000] {dag.py:3036} INFO - Sync 1 DAGs
[2026-02-02T14:33:03.496+0000] {logging_mixin.py:188} INFO - [2026-02-02T14:33:03.496+0000] {dag.py:3823} INFO - Setting next_dagrun for example_time_delta_sensor_async to None, run_after=None
[2026-02-02T14:33:03.551+0000] {processor.py:183} INFO - Processing /home/airflow/.local/lib/python3.8/site-packages/airflow/example_dags/example_time_delta_sensor_async.py took 0.103 seconds
[2026-02-02T14:33:33.619+0000] {processor.py:161} INFO - Started process (PID=1501) to work on /home/airflow/.local/lib/python3.8/site-packages/airflow/example_dags/example_time_delta_sensor_async.py
[2026-02-02T14:33:33.620+0000] {processor.py:830} INFO - Processing file /home/airflow/.local/lib/python3.8/site-packages/airflow/example_dags/example_time_delta_sensor_async.py for tasks to queue
[2026-02-02T14:33:33.625+0000] {logging_mixin.py:188} INFO - [2026-02-02T14:33:33.624+0000] {dagbag.py:538} INFO - Filling up the DagBag from /home/airflow/.local/lib/python3.8/site-packages/airflow/example_dags/example_time_delta_sensor_async.py
[2026-02-02T14:33:33.632+0000] {processor.py:840} INFO - DAG(s) 'example_time_delta_sensor_async' retrieved from /home/airflow/.local/lib/python3.8/site-packages/airflow/example_dags/example_time_delta_sensor_async.py
[2026-02-02T14:33:33.652+0000] {logging_mixin.py:188} INFO - [2026-02-02T14:33:33.652+0000] {dag.py:3036} INFO - Sync 1 DAGs
[2026-02-02T14:33:33.666+0000] {logging_mixin.py:188} INFO - [2026-02-02T14:33:33.666+0000] {dag.py:3823} INFO - Setting next_dagrun for example_time_delta_sensor_async to None, run_after=None
[2026-02-02T14:33:33.684+0000] {processor.py:183} INFO - Processing /home/airflow/.local/lib/python3.8/site-packages/airflow/example_dags/example_time_delta_sensor_async.py took 0.068 seconds
[2026-02-02T14:34:03.912+0000] {processor.py:161} INFO - Started process (PID=1556) to work on /home/airflow/.local/lib/python3.8/site-packages/airflow/example_dags/example_time_delta_sensor_async.py
[2026-02-02T14:34:03.914+0000] {processor.py:830} INFO - Processing file /home/airflow/.local/lib/python3.8/site-packages/airflow/example_dags/example_time_delta_sensor_async.py for tasks to queue
[2026-02-02T14:34:03.915+0000] {logging_mixin.py:188} INFO - [2026-02-02T14:34:03.915+0000] {dagbag.py:538} INFO - Filling up the DagBag from /home/airflow/.local/lib/python3.8/site-packages/airflow/example_dags/example_time_delta_sensor_async.py
[2026-02-02T14:34:03.920+0000] {processor.py:840} INFO - DAG(s) 'example_time_delta_sensor_async' retrieved from /home/airflow/.local/lib/python3.8/site-packages/airflow/example_dags/example_time_delta_sensor_async.py
[2026-02-02T14:34:03.940+0000] {logging_mixin.py:188} INFO - [2026-02-02T14:34:03.940+0000] {dag.py:3036} INFO - Sync 1 DAGs
[2026-02-02T14:34:03.954+0000] {logging_mixin.py:188} INFO - [2026-02-02T14:34:03.954+0000] {dag.py:3823} INFO - Setting next_dagrun for example_time_delta_sensor_async to None, run_after=None
[2026-02-02T14:34:03.972+0000] {processor.py:183} INFO - Processing /home/airflow/.local/lib/python3.8/site-packages/airflow/example_dags/example_time_delta_sensor_async.py took 0.066 seconds
[2026-02-02T14:34:34.460+0000] {processor.py:161} INFO - Started process (PID=1611) to work on /home/airflow/.local/lib/python3.8/site-packages/airflow/example_dags/example_time_delta_sensor_async.py
[2026-02-02T14:34:34.461+0000] {processor.py:830} INFO - Processing file /home/airflow/.local/lib/python3.8/site-packages/airflow/example_dags/example_time_delta_sensor_async.py for tasks to queue
[2026-02-02T14:34:34.463+0000] {logging_mixin.py:188} INFO - [2026-02-02T14:34:34.463+0000] {dagbag.py:538} INFO - Filling up the DagBag from /home/airflow/.local/lib/python3.8/site-packages/airflow/example_dags/example_time_delta_sensor_async.py
[2026-02-02T14:34:34.468+0000] {processor.py:840} INFO - DAG(s) 'example_time_delta_sensor_async' retrieved from /home/airflow/.local/lib/python3.8/site-packages/airflow/example_dags/example_time_delta_sensor_async.py
[2026-02-02T14:34:34.489+0000] {logging_mixin.py:188} INFO - [2026-02-02T14:34:34.489+0000] {dag.py:3036} INFO - Sync 1 DAGs
[2026-02-02T14:34:34.503+0000] {logging_mixin.py:188} INFO - [2026-02-02T14:34:34.502+0000] {dag.py:3823} INFO - Setting next_dagrun for example_time_delta_sensor_async to None, run_after=None
[2026-02-02T14:34:34.523+0000] {processor.py:183} INFO - Processing /home/airflow/.local/lib/python3.8/site-packages/airflow/example_dags/example_time_delta_sensor_async.py took 0.070 seconds
[2026-02-02T14:35:04.638+0000] {processor.py:161} INFO - Started process (PID=1666) to work on /home/airflow/.local/lib/python3.8/site-packages/airflow/example_dags/example_time_delta_sensor_async.py
[2026-02-02T14:35:04.639+0000] {processor.py:830} INFO - Processing file /home/airflow/.local/lib/python3.8/site-packages/airflow/example_dags/example_time_delta_sensor_async.py for tasks to queue
[2026-02-02T14:35:04.641+0000] {logging_mixin.py:188} INFO - [2026-02-02T14:35:04.641+0000] {dagbag.py:538} INFO - Filling up the DagBag from /home/airflow/.local/lib/python3.8/site-packages/airflow/example_dags/example_time_delta_sensor_async.py
[2026-02-02T14:35:04.648+0000] {processor.py:840} INFO - DAG(s) 'example_time_delta_sensor_async' retrieved from /home/airflow/.local/lib/python3.8/site-packages/airflow/example_dags/example_time_delta_sensor_async.py
[2026-02-02T14:35:04.674+0000] {logging_mixin.py:188} INFO - [2026-02-02T14:35:04.673+0000] {dag.py:3036} INFO - Sync 1 DAGs
[2026-02-02T14:35:04.705+0000] {logging_mixin.py:188} INFO - [2026-02-02T14:35:04.700+0000] {dag.py:3823} INFO - Setting next_dagrun for example_time_delta_sensor_async to None, run_after=None
[2026-02-02T14:35:04.737+0000] {processor.py:183} INFO - Processing /home/airflow/.local/lib/python3.8/site-packages/airflow/example_dags/example_time_delta_sensor_async.py took 0.104 seconds
[2026-02-02T14:35:35.218+0000] {processor.py:161} INFO - Started process (PID=1721) to work on /home/airflow/.local/lib/python3.8/site-packages/airflow/example_dags/example_time_delta_sensor_async.py
[2026-02-02T14:35:35.218+0000] {processor.py:830} INFO - Processing file /home/airflow/.local/lib/python3.8/site-packages/airflow/example_dags/example_time_delta_sensor_async.py for tasks to queue
[2026-02-02T14:35:35.222+0000] {logging_mixin.py:188} INFO - [2026-02-02T14:35:35.221+0000] {dagbag.py:538} INFO - Filling up the DagBag from /home/airflow/.local/lib/python3.8/site-packages/airflow/example_dags/example_time_delta_sensor_async.py
[2026-02-02T14:35:35.227+0000] {processor.py:840} INFO - DAG(s) 'example_time_delta_sensor_async' retrieved from /home/airflow/.local/lib/python3.8/site-packages/airflow/example_dags/example_time_delta_sensor_async.py
[2026-02-02T14:35:35.247+0000] {logging_mixin.py:188} INFO - [2026-02-02T14:35:35.247+0000] {dag.py:3036} INFO - Sync 1 DAGs
[2026-02-02T14:35:35.261+0000] {logging_mixin.py:188} INFO - [2026-02-02T14:35:35.261+0000] {dag.py:3823} INFO - Setting next_dagrun for example_time_delta_sensor_async to None, run_after=None
[2026-02-02T14:35:35.280+0000] {processor.py:183} INFO - Processing /home/airflow/.local/lib/python3.8/site-packages/airflow/example_dags/example_time_delta_sensor_async.py took 0.067 seconds
[2026-02-02T14:36:06.162+0000] {processor.py:161} INFO - Started process (PID=1776) to work on /home/airflow/.local/lib/python3.8/site-packages/airflow/example_dags/example_time_delta_sensor_async.py
[2026-02-02T14:36:06.163+0000] {processor.py:830} INFO - Processing file /home/airflow/.local/lib/python3.8/site-packages/airflow/example_dags/example_time_delta_sensor_async.py for tasks to queue
[2026-02-02T14:36:06.165+0000] {logging_mixin.py:188} INFO - [2026-02-02T14:36:06.165+0000] {dagbag.py:538} INFO - Filling up the DagBag from /home/airflow/.local/lib/python3.8/site-packages/airflow/example_dags/example_time_delta_sensor_async.py
[2026-02-02T14:36:06.170+0000] {processor.py:840} INFO - DAG(s) 'example_time_delta_sensor_async' retrieved from /home/airflow/.local/lib/python3.8/site-packages/airflow/example_dags/example_time_delta_sensor_async.py
[2026-02-02T14:36:06.191+0000] {logging_mixin.py:188} INFO - [2026-02-02T14:36:06.191+0000] {dag.py:3036} INFO - Sync 1 DAGs
[2026-02-02T14:36:06.206+0000] {logging_mixin.py:188} INFO - [2026-02-02T14:36:06.205+0000] {dag.py:3823} INFO - Setting next_dagrun for example_time_delta_sensor_async to None, run_after=None
[2026-02-02T14:36:06.223+0000] {processor.py:183} INFO - Processing /home/airflow/.local/lib/python3.8/site-packages/airflow/example_dags/example_time_delta_sensor_async.py took 0.066 seconds
[2026-02-02T14:36:36.628+0000] {processor.py:161} INFO - Started process (PID=1831) to work on /home/airflow/.local/lib/python3.8/site-packages/airflow/example_dags/example_time_delta_sensor_async.py
[2026-02-02T14:36:36.630+0000] {processor.py:830} INFO - Processing file /home/airflow/.local/lib/python3.8/site-packages/airflow/example_dags/example_time_delta_sensor_async.py for tasks to queue
[2026-02-02T14:36:36.631+0000] {logging_mixin.py:188} INFO - [2026-02-02T14:36:36.631+0000] {dagbag.py:538} INFO - Filling up the DagBag from /home/airflow/.local/lib/python3.8/site-packages/airflow/example_dags/example_time_delta_sensor_async.py
[2026-02-02T14:36:36.636+0000] {processor.py:840} INFO - DAG(s) 'example_time_delta_sensor_async' retrieved from /home/airflow/.local/lib/python3.8/site-packages/airflow/example_dags/example_time_delta_sensor_async.py
[2026-02-02T14:36:36.658+0000] {logging_mixin.py:188} INFO - [2026-02-02T14:36:36.657+0000] {dag.py:3036} INFO - Sync 1 DAGs
[2026-02-02T14:36:36.671+0000] {logging_mixin.py:188} INFO - [2026-02-02T14:36:36.671+0000] {dag.py:3823} INFO - Setting next_dagrun for example_time_delta_sensor_async to None, run_after=None
[2026-02-02T14:36:36.716+0000] {processor.py:183} INFO - Processing /home/airflow/.local/lib/python3.8/site-packages/airflow/example_dags/example_time_delta_sensor_async.py took 0.094 seconds
[2026-02-02T14:37:06.741+0000] {processor.py:161} INFO - Started process (PID=1885) to work on /home/airflow/.local/lib/python3.8/site-packages/airflow/example_dags/example_time_delta_sensor_async.py
[2026-02-02T14:37:06.741+0000] {processor.py:830} INFO - Processing file /home/airflow/.local/lib/python3.8/site-packages/airflow/example_dags/example_time_delta_sensor_async.py for tasks to queue
[2026-02-02T14:37:06.743+0000] {logging_mixin.py:188} INFO - [2026-02-02T14:37:06.742+0000] {dagbag.py:538} INFO - Filling up the DagBag from /home/airflow/.local/lib/python3.8/site-packages/airflow/example_dags/example_time_delta_sensor_async.py
[2026-02-02T14:37:06.746+0000] {processor.py:840} INFO - DAG(s) 'example_time_delta_sensor_async' retrieved from /home/airflow/.local/lib/python3.8/site-packages/airflow/example_dags/example_time_delta_sensor_async.py
[2026-02-02T14:37:06.762+0000] {logging_mixin.py:188} INFO - [2026-02-02T14:37:06.762+0000] {dag.py:3036} INFO - Sync 1 DAGs
[2026-02-02T14:37:06.776+0000] {logging_mixin.py:188} INFO - [2026-02-02T14:37:06.776+0000] {dag.py:3823} INFO - Setting next_dagrun for example_time_delta_sensor_async to None, run_after=None
[2026-02-02T14:37:06.789+0000] {processor.py:183} INFO - Processing /home/airflow/.local/lib/python3.8/site-packages/airflow/example_dags/example_time_delta_sensor_async.py took 0.051 seconds
[2026-02-02T14:37:37.041+0000] {processor.py:161} INFO - Started process (PID=1941) to work on /home/airflow/.local/lib/python3.8/site-packages/airflow/example_dags/example_time_delta_sensor_async.py
[2026-02-02T14:37:37.043+0000] {processor.py:830} INFO - Processing file /home/airflow/.local/lib/python3.8/site-packages/airflow/example_dags/example_time_delta_sensor_async.py for tasks to queue
[2026-02-02T14:37:37.045+0000] {logging_mixin.py:188} INFO - [2026-02-02T14:37:37.045+0000] {dagbag.py:538} INFO - Filling up the DagBag from /home/airflow/.local/lib/python3.8/site-packages/airflow/example_dags/example_time_delta_sensor_async.py
[2026-02-02T14:37:37.050+0000] {processor.py:840} INFO - DAG(s) 'example_time_delta_sensor_async' retrieved from /home/airflow/.local/lib/python3.8/site-packages/airflow/example_dags/example_time_delta_sensor_async.py
[2026-02-02T14:37:37.071+0000] {logging_mixin.py:188} INFO - [2026-02-02T14:37:37.070+0000] {dag.py:3036} INFO - Sync 1 DAGs
[2026-02-02T14:37:37.085+0000] {logging_mixin.py:188} INFO - [2026-02-02T14:37:37.084+0000] {dag.py:3823} INFO - Setting next_dagrun for example_time_delta_sensor_async to None, run_after=None
[2026-02-02T14:37:37.102+0000] {processor.py:183} INFO - Processing /home/airflow/.local/lib/python3.8/site-packages/airflow/example_dags/example_time_delta_sensor_async.py took 0.066 seconds
[2026-02-02T14:38:07.346+0000] {processor.py:161} INFO - Started process (PID=1995) to work on /home/airflow/.local/lib/python3.8/site-packages/airflow/example_dags/example_time_delta_sensor_async.py
[2026-02-02T14:38:07.350+0000] {processor.py:830} INFO - Processing file /home/airflow/.local/lib/python3.8/site-packages/airflow/example_dags/example_time_delta_sensor_async.py for tasks to queue
[2026-02-02T14:38:07.358+0000] {logging_mixin.py:188} INFO - [2026-02-02T14:38:07.358+0000] {dagbag.py:538} INFO - Filling up the DagBag from /home/airflow/.local/lib/python3.8/site-packages/airflow/example_dags/example_time_delta_sensor_async.py
[2026-02-02T14:38:07.381+0000] {processor.py:840} INFO - DAG(s) 'example_time_delta_sensor_async' retrieved from /home/airflow/.local/lib/python3.8/site-packages/airflow/example_dags/example_time_delta_sensor_async.py
[2026-02-02T14:38:07.463+0000] {logging_mixin.py:188} INFO - [2026-02-02T14:38:07.462+0000] {dag.py:3036} INFO - Sync 1 DAGs
[2026-02-02T14:38:07.497+0000] {logging_mixin.py:188} INFO - [2026-02-02T14:38:07.495+0000] {dag.py:3823} INFO - Setting next_dagrun for example_time_delta_sensor_async to None, run_after=None
[2026-02-02T14:38:07.560+0000] {processor.py:183} INFO - Processing /home/airflow/.local/lib/python3.8/site-packages/airflow/example_dags/example_time_delta_sensor_async.py took 0.225 seconds
[2026-02-02T14:38:38.486+0000] {processor.py:161} INFO - Started process (PID=2050) to work on /home/airflow/.local/lib/python3.8/site-packages/airflow/example_dags/example_time_delta_sensor_async.py
[2026-02-02T14:38:38.487+0000] {processor.py:830} INFO - Processing file /home/airflow/.local/lib/python3.8/site-packages/airflow/example_dags/example_time_delta_sensor_async.py for tasks to queue
[2026-02-02T14:38:38.489+0000] {logging_mixin.py:188} INFO - [2026-02-02T14:38:38.489+0000] {dagbag.py:538} INFO - Filling up the DagBag from /home/airflow/.local/lib/python3.8/site-packages/airflow/example_dags/example_time_delta_sensor_async.py
[2026-02-02T14:38:38.494+0000] {processor.py:840} INFO - DAG(s) 'example_time_delta_sensor_async' retrieved from /home/airflow/.local/lib/python3.8/site-packages/airflow/example_dags/example_time_delta_sensor_async.py
[2026-02-02T14:38:38.518+0000] {logging_mixin.py:188} INFO - [2026-02-02T14:38:38.518+0000] {dag.py:3036} INFO - Sync 1 DAGs
[2026-02-02T14:38:38.534+0000] {logging_mixin.py:188} INFO - [2026-02-02T14:38:38.534+0000] {dag.py:3823} INFO - Setting next_dagrun for example_time_delta_sensor_async to None, run_after=None
[2026-02-02T14:38:38.560+0000] {processor.py:183} INFO - Processing /home/airflow/.local/lib/python3.8/site-packages/airflow/example_dags/example_time_delta_sensor_async.py took 0.077 seconds
[2026-02-02T14:39:09.146+0000] {processor.py:161} INFO - Started process (PID=2105) to work on /home/airflow/.local/lib/python3.8/site-packages/airflow/example_dags/example_time_delta_sensor_async.py
[2026-02-02T14:39:09.146+0000] {processor.py:830} INFO - Processing file /home/airflow/.local/lib/python3.8/site-packages/airflow/example_dags/example_time_delta_sensor_async.py for tasks to queue
[2026-02-02T14:39:09.148+0000] {logging_mixin.py:188} INFO - [2026-02-02T14:39:09.148+0000] {dagbag.py:538} INFO - Filling up the DagBag from /home/airflow/.local/lib/python3.8/site-packages/airflow/example_dags/example_time_delta_sensor_async.py
[2026-02-02T14:39:09.153+0000] {processor.py:840} INFO - DAG(s) 'example_time_delta_sensor_async' retrieved from /home/airflow/.local/lib/python3.8/site-packages/airflow/example_dags/example_time_delta_sensor_async.py
[2026-02-02T14:39:09.177+0000] {logging_mixin.py:188} INFO - [2026-02-02T14:39:09.176+0000] {dag.py:3036} INFO - Sync 1 DAGs
[2026-02-02T14:39:09.192+0000] {logging_mixin.py:188} INFO - [2026-02-02T14:39:09.192+0000] {dag.py:3823} INFO - Setting next_dagrun for example_time_delta_sensor_async to None, run_after=None
[2026-02-02T14:39:09.211+0000] {processor.py:183} INFO - Processing /home/airflow/.local/lib/python3.8/site-packages/airflow/example_dags/example_time_delta_sensor_async.py took 0.068 seconds
[2026-02-02T14:39:39.337+0000] {processor.py:161} INFO - Started process (PID=2160) to work on /home/airflow/.local/lib/python3.8/site-packages/airflow/example_dags/example_time_delta_sensor_async.py
[2026-02-02T14:39:39.339+0000] {processor.py:830} INFO - Processing file /home/airflow/.local/lib/python3.8/site-packages/airflow/example_dags/example_time_delta_sensor_async.py for tasks to queue
[2026-02-02T14:39:39.342+0000] {logging_mixin.py:188} INFO - [2026-02-02T14:39:39.342+0000] {dagbag.py:538} INFO - Filling up the DagBag from /home/airflow/.local/lib/python3.8/site-packages/airflow/example_dags/example_time_delta_sensor_async.py
[2026-02-02T14:39:39.350+0000] {processor.py:840} INFO - DAG(s) 'example_time_delta_sensor_async' retrieved from /home/airflow/.local/lib/python3.8/site-packages/airflow/example_dags/example_time_delta_sensor_async.py
[2026-02-02T14:39:39.374+0000] {logging_mixin.py:188} INFO - [2026-02-02T14:39:39.373+0000] {dag.py:3036} INFO - Sync 1 DAGs
[2026-02-02T14:39:39.389+0000] {logging_mixin.py:188} INFO - [2026-02-02T14:39:39.389+0000] {dag.py:3823} INFO - Setting next_dagrun for example_time_delta_sensor_async to None, run_after=None
[2026-02-02T14:39:39.408+0000] {processor.py:183} INFO - Processing /home/airflow/.local/lib/python3.8/site-packages/airflow/example_dags/example_time_delta_sensor_async.py took 0.079 seconds
[2026-02-02T14:40:09.640+0000] {processor.py:161} INFO - Started process (PID=2214) to work on /home/airflow/.local/lib/python3.8/site-packages/airflow/example_dags/example_time_delta_sensor_async.py
[2026-02-02T14:40:09.642+0000] {processor.py:830} INFO - Processing file /home/airflow/.local/lib/python3.8/site-packages/airflow/example_dags/example_time_delta_sensor_async.py for tasks to queue
[2026-02-02T14:40:09.644+0000] {logging_mixin.py:188} INFO - [2026-02-02T14:40:09.643+0000] {dagbag.py:538} INFO - Filling up the DagBag from /home/airflow/.local/lib/python3.8/site-packages/airflow/example_dags/example_time_delta_sensor_async.py
[2026-02-02T14:40:09.649+0000] {processor.py:840} INFO - DAG(s) 'example_time_delta_sensor_async' retrieved from /home/airflow/.local/lib/python3.8/site-packages/airflow/example_dags/example_time_delta_sensor_async.py
[2026-02-02T14:40:09.673+0000] {logging_mixin.py:188} INFO - [2026-02-02T14:40:09.673+0000] {dag.py:3036} INFO - Sync 1 DAGs
[2026-02-02T14:40:09.688+0000] {logging_mixin.py:188} INFO - [2026-02-02T14:40:09.688+0000] {dag.py:3823} INFO - Setting next_dagrun for example_time_delta_sensor_async to None, run_after=None
[2026-02-02T14:40:09.706+0000] {processor.py:183} INFO - Processing /home/airflow/.local/lib/python3.8/site-packages/airflow/example_dags/example_time_delta_sensor_async.py took 0.071 seconds
[2026-02-02T14:40:39.964+0000] {processor.py:161} INFO - Started process (PID=2269) to work on /home/airflow/.local/lib/python3.8/site-packages/airflow/example_dags/example_time_delta_sensor_async.py
[2026-02-02T14:40:39.965+0000] {processor.py:830} INFO - Processing file /home/airflow/.local/lib/python3.8/site-packages/airflow/example_dags/example_time_delta_sensor_async.py for tasks to queue
[2026-02-02T14:40:39.966+0000] {logging_mixin.py:188} INFO - [2026-02-02T14:40:39.966+0000] {dagbag.py:538} INFO - Filling up the DagBag from /home/airflow/.local/lib/python3.8/site-packages/airflow/example_dags/example_time_delta_sensor_async.py
[2026-02-02T14:40:39.971+0000] {processor.py:840} INFO - DAG(s) 'example_time_delta_sensor_async' retrieved from /home/airflow/.local/lib/python3.8/site-packages/airflow/example_dags/example_time_delta_sensor_async.py
[2026-02-02T14:40:39.993+0000] {logging_mixin.py:188} INFO - [2026-02-02T14:40:39.993+0000] {dag.py:3036} INFO - Sync 1 DAGs
[2026-02-02T14:40:40.008+0000] {logging_mixin.py:188} INFO - [2026-02-02T14:40:40.007+0000] {dag.py:3823} INFO - Setting next_dagrun for example_time_delta_sensor_async to None, run_after=None
[2026-02-02T14:40:40.026+0000] {processor.py:183} INFO - Processing /home/airflow/.local/lib/python3.8/site-packages/airflow/example_dags/example_time_delta_sensor_async.py took 0.066 seconds
[2026-02-02T14:41:10.227+0000] {processor.py:161} INFO - Started process (PID=2325) to work on /home/airflow/.local/lib/python3.8/site-packages/airflow/example_dags/example_time_delta_sensor_async.py
[2026-02-02T14:41:10.228+0000] {processor.py:830} INFO - Processing file /home/airflow/.local/lib/python3.8/site-packages/airflow/example_dags/example_time_delta_sensor_async.py for tasks to queue
[2026-02-02T14:41:10.230+0000] {logging_mixin.py:188} INFO - [2026-02-02T14:41:10.230+0000] {dagbag.py:538} INFO - Filling up the DagBag from /home/airflow/.local/lib/python3.8/site-packages/airflow/example_dags/example_time_delta_sensor_async.py
[2026-02-02T14:41:10.235+0000] {processor.py:840} INFO - DAG(s) 'example_time_delta_sensor_async' retrieved from /home/airflow/.local/lib/python3.8/site-packages/airflow/example_dags/example_time_delta_sensor_async.py
[2026-02-02T14:41:10.256+0000] {logging_mixin.py:188} INFO - [2026-02-02T14:41:10.256+0000] {dag.py:3036} INFO - Sync 1 DAGs
[2026-02-02T14:41:10.270+0000] {logging_mixin.py:188} INFO - [2026-02-02T14:41:10.270+0000] {dag.py:3823} INFO - Setting next_dagrun for example_time_delta_sensor_async to None, run_after=None
[2026-02-02T14:41:10.290+0000] {processor.py:183} INFO - Processing /home/airflow/.local/lib/python3.8/site-packages/airflow/example_dags/example_time_delta_sensor_async.py took 0.066 seconds
[2026-02-02T14:41:40.407+0000] {processor.py:161} INFO - Started process (PID=2380) to work on /home/airflow/.local/lib/python3.8/site-packages/airflow/example_dags/example_time_delta_sensor_async.py
[2026-02-02T14:41:40.408+0000] {processor.py:830} INFO - Processing file /home/airflow/.local/lib/python3.8/site-packages/airflow/example_dags/example_time_delta_sensor_async.py for tasks to queue
[2026-02-02T14:41:40.410+0000] {logging_mixin.py:188} INFO - [2026-02-02T14:41:40.409+0000] {dagbag.py:538} INFO - Filling up the DagBag from /home/airflow/.local/lib/python3.8/site-packages/airflow/example_dags/example_time_delta_sensor_async.py
[2026-02-02T14:41:40.422+0000] {processor.py:840} INFO - DAG(s) 'example_time_delta_sensor_async' retrieved from /home/airflow/.local/lib/python3.8/site-packages/airflow/example_dags/example_time_delta_sensor_async.py
[2026-02-02T14:41:40.464+0000] {logging_mixin.py:188} INFO - [2026-02-02T14:41:40.464+0000] {dag.py:3036} INFO - Sync 1 DAGs
[2026-02-02T14:41:40.480+0000] {logging_mixin.py:188} INFO - [2026-02-02T14:41:40.480+0000] {dag.py:3823} INFO - Setting next_dagrun for example_time_delta_sensor_async to None, run_after=None
[2026-02-02T14:41:40.498+0000] {processor.py:183} INFO - Processing /home/airflow/.local/lib/python3.8/site-packages/airflow/example_dags/example_time_delta_sensor_async.py took 0.099 seconds
[2026-02-02T14:42:10.975+0000] {processor.py:161} INFO - Started process (PID=2435) to work on /home/airflow/.local/lib/python3.8/site-packages/airflow/example_dags/example_time_delta_sensor_async.py
[2026-02-02T14:42:10.979+0000] {processor.py:830} INFO - Processing file /home/airflow/.local/lib/python3.8/site-packages/airflow/example_dags/example_time_delta_sensor_async.py for tasks to queue
[2026-02-02T14:42:10.981+0000] {logging_mixin.py:188} INFO - [2026-02-02T14:42:10.980+0000] {dagbag.py:538} INFO - Filling up the DagBag from /home/airflow/.local/lib/python3.8/site-packages/airflow/example_dags/example_time_delta_sensor_async.py
[2026-02-02T14:42:10.988+0000] {processor.py:840} INFO - DAG(s) 'example_time_delta_sensor_async' retrieved from /home/airflow/.local/lib/python3.8/site-packages/airflow/example_dags/example_time_delta_sensor_async.py
[2026-02-02T14:42:11.027+0000] {logging_mixin.py:188} INFO - [2026-02-02T14:42:11.026+0000] {dag.py:3036} INFO - Sync 1 DAGs
[2026-02-02T14:42:11.055+0000] {logging_mixin.py:188} INFO - [2026-02-02T14:42:11.054+0000] {dag.py:3823} INFO - Setting next_dagrun for example_time_delta_sensor_async to None, run_after=None
[2026-02-02T14:42:11.086+0000] {processor.py:183} INFO - Processing /home/airflow/.local/lib/python3.8/site-packages/airflow/example_dags/example_time_delta_sensor_async.py took 0.121 seconds
[2026-02-02T14:42:41.771+0000] {processor.py:161} INFO - Started process (PID=2490) to work on /home/airflow/.local/lib/python3.8/site-packages/airflow/example_dags/example_time_delta_sensor_async.py
[2026-02-02T14:42:41.772+0000] {processor.py:830} INFO - Processing file /home/airflow/.local/lib/python3.8/site-packages/airflow/example_dags/example_time_delta_sensor_async.py for tasks to queue
[2026-02-02T14:42:41.774+0000] {logging_mixin.py:188} INFO - [2026-02-02T14:42:41.773+0000] {dagbag.py:538} INFO - Filling up the DagBag from /home/airflow/.local/lib/python3.8/site-packages/airflow/example_dags/example_time_delta_sensor_async.py
[2026-02-02T14:42:41.779+0000] {processor.py:840} INFO - DAG(s) 'example_time_delta_sensor_async' retrieved from /home/airflow/.local/lib/python3.8/site-packages/airflow/example_dags/example_time_delta_sensor_async.py
[2026-02-02T14:42:41.799+0000] {logging_mixin.py:188} INFO - [2026-02-02T14:42:41.799+0000] {dag.py:3036} INFO - Sync 1 DAGs
[2026-02-02T14:42:41.815+0000] {logging_mixin.py:188} INFO - [2026-02-02T14:42:41.815+0000] {dag.py:3823} INFO - Setting next_dagrun for example_time_delta_sensor_async to None, run_after=None
[2026-02-02T14:42:41.834+0000] {processor.py:183} INFO - Processing /home/airflow/.local/lib/python3.8/site-packages/airflow/example_dags/example_time_delta_sensor_async.py took 0.067 seconds
[2026-02-02T14:43:12.489+0000] {processor.py:161} INFO - Started process (PID=2544) to work on /home/airflow/.local/lib/python3.8/site-packages/airflow/example_dags/example_time_delta_sensor_async.py
[2026-02-02T14:43:12.490+0000] {processor.py:830} INFO - Processing file /home/airflow/.local/lib/python3.8/site-packages/airflow/example_dags/example_time_delta_sensor_async.py for tasks to queue
[2026-02-02T14:43:12.492+0000] {logging_mixin.py:188} INFO - [2026-02-02T14:43:12.491+0000] {dagbag.py:538} INFO - Filling up the DagBag from /home/airflow/.local/lib/python3.8/site-packages/airflow/example_dags/example_time_delta_sensor_async.py
[2026-02-02T14:43:12.497+0000] {processor.py:840} INFO - DAG(s) 'example_time_delta_sensor_async' retrieved from /home/airflow/.local/lib/python3.8/site-packages/airflow/example_dags/example_time_delta_sensor_async.py
[2026-02-02T14:43:12.518+0000] {logging_mixin.py:188} INFO - [2026-02-02T14:43:12.518+0000] {dag.py:3036} INFO - Sync 1 DAGs
[2026-02-02T14:43:12.532+0000] {logging_mixin.py:188} INFO - [2026-02-02T14:43:12.531+0000] {dag.py:3823} INFO - Setting next_dagrun for example_time_delta_sensor_async to None, run_after=None
[2026-02-02T14:43:12.551+0000] {processor.py:183} INFO - Processing /home/airflow/.local/lib/python3.8/site-packages/airflow/example_dags/example_time_delta_sensor_async.py took 0.066 seconds
[2026-02-02T14:43:43.525+0000] {processor.py:161} INFO - Started process (PID=2599) to work on /home/airflow/.local/lib/python3.8/site-packages/airflow/example_dags/example_time_delta_sensor_async.py
[2026-02-02T14:43:43.526+0000] {processor.py:830} INFO - Processing file /home/airflow/.local/lib/python3.8/site-packages/airflow/example_dags/example_time_delta_sensor_async.py for tasks to queue
[2026-02-02T14:43:43.528+0000] {logging_mixin.py:188} INFO - [2026-02-02T14:43:43.528+0000] {dagbag.py:538} INFO - Filling up the DagBag from /home/airflow/.local/lib/python3.8/site-packages/airflow/example_dags/example_time_delta_sensor_async.py
[2026-02-02T14:43:43.533+0000] {processor.py:840} INFO - DAG(s) 'example_time_delta_sensor_async' retrieved from /home/airflow/.local/lib/python3.8/site-packages/airflow/example_dags/example_time_delta_sensor_async.py
[2026-02-02T14:43:43.554+0000] {logging_mixin.py:188} INFO - [2026-02-02T14:43:43.554+0000] {dag.py:3036} INFO - Sync 1 DAGs
[2026-02-02T14:43:43.568+0000] {logging_mixin.py:188} INFO - [2026-02-02T14:43:43.568+0000] {dag.py:3823} INFO - Setting next_dagrun for example_time_delta_sensor_async to None, run_after=None
[2026-02-02T14:43:43.587+0000] {processor.py:183} INFO - Processing /home/airflow/.local/lib/python3.8/site-packages/airflow/example_dags/example_time_delta_sensor_async.py took 0.067 seconds
[2026-02-02T14:44:14.131+0000] {processor.py:161} INFO - Started process (PID=2654) to work on /home/airflow/.local/lib/python3.8/site-packages/airflow/example_dags/example_time_delta_sensor_async.py
[2026-02-02T14:44:14.132+0000] {processor.py:830} INFO - Processing file /home/airflow/.local/lib/python3.8/site-packages/airflow/example_dags/example_time_delta_sensor_async.py for tasks to queue
[2026-02-02T14:44:14.134+0000] {logging_mixin.py:188} INFO - [2026-02-02T14:44:14.134+0000] {dagbag.py:538} INFO - Filling up the DagBag from /home/airflow/.local/lib/python3.8/site-packages/airflow/example_dags/example_time_delta_sensor_async.py
[2026-02-02T14:44:14.139+0000] {processor.py:840} INFO - DAG(s) 'example_time_delta_sensor_async' retrieved from /home/airflow/.local/lib/python3.8/site-packages/airflow/example_dags/example_time_delta_sensor_async.py
[2026-02-02T14:44:14.160+0000] {logging_mixin.py:188} INFO - [2026-02-02T14:44:14.160+0000] {dag.py:3036} INFO - Sync 1 DAGs
[2026-02-02T14:44:14.174+0000] {logging_mixin.py:188} INFO - [2026-02-02T14:44:14.174+0000] {dag.py:3823} INFO - Setting next_dagrun for example_time_delta_sensor_async to None, run_after=None
[2026-02-02T14:44:14.194+0000] {processor.py:183} INFO - Processing /home/airflow/.local/lib/python3.8/site-packages/airflow/example_dags/example_time_delta_sensor_async.py took 0.067 seconds
[2026-02-02T14:44:44.779+0000] {processor.py:161} INFO - Started process (PID=2709) to work on /home/airflow/.local/lib/python3.8/site-packages/airflow/example_dags/example_time_delta_sensor_async.py
[2026-02-02T14:44:44.785+0000] {processor.py:830} INFO - Processing file /home/airflow/.local/lib/python3.8/site-packages/airflow/example_dags/example_time_delta_sensor_async.py for tasks to queue
[2026-02-02T14:44:44.788+0000] {logging_mixin.py:188} INFO - [2026-02-02T14:44:44.788+0000] {dagbag.py:538} INFO - Filling up the DagBag from /home/airflow/.local/lib/python3.8/site-packages/airflow/example_dags/example_time_delta_sensor_async.py
[2026-02-02T14:44:44.796+0000] {processor.py:840} INFO - DAG(s) 'example_time_delta_sensor_async' retrieved from /home/airflow/.local/lib/python3.8/site-packages/airflow/example_dags/example_time_delta_sensor_async.py
[2026-02-02T14:44:44.819+0000] {logging_mixin.py:188} INFO - [2026-02-02T14:44:44.818+0000] {dag.py:3036} INFO - Sync 1 DAGs
[2026-02-02T14:44:44.835+0000] {logging_mixin.py:188} INFO - [2026-02-02T14:44:44.835+0000] {dag.py:3823} INFO - Setting next_dagrun for example_time_delta_sensor_async to None, run_after=None
[2026-02-02T14:44:44.855+0000] {processor.py:183} INFO - Processing /home/airflow/.local/lib/python3.8/site-packages/airflow/example_dags/example_time_delta_sensor_async.py took 0.084 seconds
[2026-02-02T14:45:14.985+0000] {processor.py:161} INFO - Started process (PID=2765) to work on /home/airflow/.local/lib/python3.8/site-packages/airflow/example_dags/example_time_delta_sensor_async.py
[2026-02-02T14:45:14.986+0000] {processor.py:830} INFO - Processing file /home/airflow/.local/lib/python3.8/site-packages/airflow/example_dags/example_time_delta_sensor_async.py for tasks to queue
[2026-02-02T14:45:14.987+0000] {logging_mixin.py:188} INFO - [2026-02-02T14:45:14.987+0000] {dagbag.py:538} INFO - Filling up the DagBag from /home/airflow/.local/lib/python3.8/site-packages/airflow/example_dags/example_time_delta_sensor_async.py
[2026-02-02T14:45:14.992+0000] {processor.py:840} INFO - DAG(s) 'example_time_delta_sensor_async' retrieved from /home/airflow/.local/lib/python3.8/site-packages/airflow/example_dags/example_time_delta_sensor_async.py
[2026-02-02T14:45:15.160+0000] {logging_mixin.py:188} INFO - [2026-02-02T14:45:15.160+0000] {dag.py:3036} INFO - Sync 1 DAGs
[2026-02-02T14:45:15.176+0000] {logging_mixin.py:188} INFO - [2026-02-02T14:45:15.176+0000] {dag.py:3823} INFO - Setting next_dagrun for example_time_delta_sensor_async to None, run_after=None
[2026-02-02T14:45:15.200+0000] {processor.py:183} INFO - Processing /home/airflow/.local/lib/python3.8/site-packages/airflow/example_dags/example_time_delta_sensor_async.py took 0.219 seconds
[2026-02-02T14:45:45.693+0000] {processor.py:161} INFO - Started process (PID=2821) to work on /home/airflow/.local/lib/python3.8/site-packages/airflow/example_dags/example_time_delta_sensor_async.py
[2026-02-02T14:45:45.694+0000] {processor.py:830} INFO - Processing file /home/airflow/.local/lib/python3.8/site-packages/airflow/example_dags/example_time_delta_sensor_async.py for tasks to queue
[2026-02-02T14:45:45.698+0000] {logging_mixin.py:188} INFO - [2026-02-02T14:45:45.698+0000] {dagbag.py:538} INFO - Filling up the DagBag from /home/airflow/.local/lib/python3.8/site-packages/airflow/example_dags/example_time_delta_sensor_async.py
[2026-02-02T14:45:45.708+0000] {processor.py:840} INFO - DAG(s) 'example_time_delta_sensor_async' retrieved from /home/airflow/.local/lib/python3.8/site-packages/airflow/example_dags/example_time_delta_sensor_async.py
[2026-02-02T14:45:45.815+0000] {logging_mixin.py:188} INFO - [2026-02-02T14:45:45.814+0000] {dag.py:3036} INFO - Sync 1 DAGs
[2026-02-02T14:45:45.871+0000] {logging_mixin.py:188} INFO - [2026-02-02T14:45:45.870+0000] {dag.py:3823} INFO - Setting next_dagrun for example_time_delta_sensor_async to None, run_after=None
[2026-02-02T14:45:45.927+0000] {processor.py:183} INFO - Processing /home/airflow/.local/lib/python3.8/site-packages/airflow/example_dags/example_time_delta_sensor_async.py took 0.242 seconds
[2026-02-02T14:46:16.078+0000] {processor.py:161} INFO - Started process (PID=2876) to work on /home/airflow/.local/lib/python3.8/site-packages/airflow/example_dags/example_time_delta_sensor_async.py
[2026-02-02T14:46:16.081+0000] {processor.py:830} INFO - Processing file /home/airflow/.local/lib/python3.8/site-packages/airflow/example_dags/example_time_delta_sensor_async.py for tasks to queue
[2026-02-02T14:46:16.083+0000] {logging_mixin.py:188} INFO - [2026-02-02T14:46:16.083+0000] {dagbag.py:538} INFO - Filling up the DagBag from /home/airflow/.local/lib/python3.8/site-packages/airflow/example_dags/example_time_delta_sensor_async.py
[2026-02-02T14:46:16.088+0000] {processor.py:840} INFO - DAG(s) 'example_time_delta_sensor_async' retrieved from /home/airflow/.local/lib/python3.8/site-packages/airflow/example_dags/example_time_delta_sensor_async.py
[2026-02-02T14:46:16.110+0000] {logging_mixin.py:188} INFO - [2026-02-02T14:46:16.110+0000] {dag.py:3036} INFO - Sync 1 DAGs
[2026-02-02T14:46:16.127+0000] {logging_mixin.py:188} INFO - [2026-02-02T14:46:16.127+0000] {dag.py:3823} INFO - Setting next_dagrun for example_time_delta_sensor_async to None, run_after=None
[2026-02-02T14:46:16.166+0000] {processor.py:183} INFO - Processing /home/airflow/.local/lib/python3.8/site-packages/airflow/example_dags/example_time_delta_sensor_async.py took 0.093 seconds
[2026-02-02T14:46:47.002+0000] {processor.py:161} INFO - Started process (PID=2932) to work on /home/airflow/.local/lib/python3.8/site-packages/airflow/example_dags/example_time_delta_sensor_async.py
[2026-02-02T14:46:47.003+0000] {processor.py:830} INFO - Processing file /home/airflow/.local/lib/python3.8/site-packages/airflow/example_dags/example_time_delta_sensor_async.py for tasks to queue
[2026-02-02T14:46:47.006+0000] {logging_mixin.py:188} INFO - [2026-02-02T14:46:47.005+0000] {dagbag.py:538} INFO - Filling up the DagBag from /home/airflow/.local/lib/python3.8/site-packages/airflow/example_dags/example_time_delta_sensor_async.py
[2026-02-02T14:46:47.011+0000] {processor.py:840} INFO - DAG(s) 'example_time_delta_sensor_async' retrieved from /home/airflow/.local/lib/python3.8/site-packages/airflow/example_dags/example_time_delta_sensor_async.py
[2026-02-02T14:46:47.032+0000] {logging_mixin.py:188} INFO - [2026-02-02T14:46:47.032+0000] {dag.py:3036} INFO - Sync 1 DAGs
[2026-02-02T14:46:47.046+0000] {logging_mixin.py:188} INFO - [2026-02-02T14:46:47.046+0000] {dag.py:3823} INFO - Setting next_dagrun for example_time_delta_sensor_async to None, run_after=None
[2026-02-02T14:46:47.067+0000] {processor.py:183} INFO - Processing /home/airflow/.local/lib/python3.8/site-packages/airflow/example_dags/example_time_delta_sensor_async.py took 0.069 seconds
[2026-02-02T14:47:17.375+0000] {processor.py:161} INFO - Started process (PID=2988) to work on /home/airflow/.local/lib/python3.8/site-packages/airflow/example_dags/example_time_delta_sensor_async.py
[2026-02-02T14:47:17.376+0000] {processor.py:830} INFO - Processing file /home/airflow/.local/lib/python3.8/site-packages/airflow/example_dags/example_time_delta_sensor_async.py for tasks to queue
[2026-02-02T14:47:17.378+0000] {logging_mixin.py:188} INFO - [2026-02-02T14:47:17.377+0000] {dagbag.py:538} INFO - Filling up the DagBag from /home/airflow/.local/lib/python3.8/site-packages/airflow/example_dags/example_time_delta_sensor_async.py
[2026-02-02T14:47:17.383+0000] {processor.py:840} INFO - DAG(s) 'example_time_delta_sensor_async' retrieved from /home/airflow/.local/lib/python3.8/site-packages/airflow/example_dags/example_time_delta_sensor_async.py
[2026-02-02T14:47:17.404+0000] {logging_mixin.py:188} INFO - [2026-02-02T14:47:17.404+0000] {dag.py:3036} INFO - Sync 1 DAGs
[2026-02-02T14:47:17.421+0000] {logging_mixin.py:188} INFO - [2026-02-02T14:47:17.421+0000] {dag.py:3823} INFO - Setting next_dagrun for example_time_delta_sensor_async to None, run_after=None
[2026-02-02T14:47:17.445+0000] {processor.py:183} INFO - Processing /home/airflow/.local/lib/python3.8/site-packages/airflow/example_dags/example_time_delta_sensor_async.py took 0.074 seconds
[2026-02-02T14:47:48.210+0000] {processor.py:161} INFO - Started process (PID=3045) to work on /home/airflow/.local/lib/python3.8/site-packages/airflow/example_dags/example_time_delta_sensor_async.py
[2026-02-02T14:47:48.210+0000] {processor.py:830} INFO - Processing file /home/airflow/.local/lib/python3.8/site-packages/airflow/example_dags/example_time_delta_sensor_async.py for tasks to queue
[2026-02-02T14:47:48.212+0000] {logging_mixin.py:188} INFO - [2026-02-02T14:47:48.212+0000] {dagbag.py:538} INFO - Filling up the DagBag from /home/airflow/.local/lib/python3.8/site-packages/airflow/example_dags/example_time_delta_sensor_async.py
[2026-02-02T14:47:48.217+0000] {processor.py:840} INFO - DAG(s) 'example_time_delta_sensor_async' retrieved from /home/airflow/.local/lib/python3.8/site-packages/airflow/example_dags/example_time_delta_sensor_async.py
[2026-02-02T14:47:48.239+0000] {logging_mixin.py:188} INFO - [2026-02-02T14:47:48.239+0000] {dag.py:3036} INFO - Sync 1 DAGs
[2026-02-02T14:47:48.252+0000] {logging_mixin.py:188} INFO - [2026-02-02T14:47:48.252+0000] {dag.py:3823} INFO - Setting next_dagrun for example_time_delta_sensor_async to None, run_after=None
[2026-02-02T14:47:48.280+0000] {processor.py:183} INFO - Processing /home/airflow/.local/lib/python3.8/site-packages/airflow/example_dags/example_time_delta_sensor_async.py took 0.074 seconds
[2026-02-02T14:48:18.527+0000] {processor.py:161} INFO - Started process (PID=3101) to work on /home/airflow/.local/lib/python3.8/site-packages/airflow/example_dags/example_time_delta_sensor_async.py
[2026-02-02T14:48:18.531+0000] {processor.py:830} INFO - Processing file /home/airflow/.local/lib/python3.8/site-packages/airflow/example_dags/example_time_delta_sensor_async.py for tasks to queue
[2026-02-02T14:48:18.536+0000] {logging_mixin.py:188} INFO - [2026-02-02T14:48:18.536+0000] {dagbag.py:538} INFO - Filling up the DagBag from /home/airflow/.local/lib/python3.8/site-packages/airflow/example_dags/example_time_delta_sensor_async.py
[2026-02-02T14:48:18.553+0000] {processor.py:840} INFO - DAG(s) 'example_time_delta_sensor_async' retrieved from /home/airflow/.local/lib/python3.8/site-packages/airflow/example_dags/example_time_delta_sensor_async.py
[2026-02-02T14:48:18.612+0000] {logging_mixin.py:188} INFO - [2026-02-02T14:48:18.612+0000] {dag.py:3036} INFO - Sync 1 DAGs
[2026-02-02T14:48:18.677+0000] {logging_mixin.py:188} INFO - [2026-02-02T14:48:18.677+0000] {dag.py:3823} INFO - Setting next_dagrun for example_time_delta_sensor_async to None, run_after=None
[2026-02-02T14:48:18.755+0000] {processor.py:183} INFO - Processing /home/airflow/.local/lib/python3.8/site-packages/airflow/example_dags/example_time_delta_sensor_async.py took 0.241 seconds
[2026-02-02T14:48:48.942+0000] {processor.py:161} INFO - Started process (PID=3156) to work on /home/airflow/.local/lib/python3.8/site-packages/airflow/example_dags/example_time_delta_sensor_async.py
[2026-02-02T14:48:48.943+0000] {processor.py:830} INFO - Processing file /home/airflow/.local/lib/python3.8/site-packages/airflow/example_dags/example_time_delta_sensor_async.py for tasks to queue
[2026-02-02T14:48:48.945+0000] {logging_mixin.py:188} INFO - [2026-02-02T14:48:48.945+0000] {dagbag.py:538} INFO - Filling up the DagBag from /home/airflow/.local/lib/python3.8/site-packages/airflow/example_dags/example_time_delta_sensor_async.py
[2026-02-02T14:48:48.950+0000] {processor.py:840} INFO - DAG(s) 'example_time_delta_sensor_async' retrieved from /home/airflow/.local/lib/python3.8/site-packages/airflow/example_dags/example_time_delta_sensor_async.py
[2026-02-02T14:48:48.973+0000] {logging_mixin.py:188} INFO - [2026-02-02T14:48:48.972+0000] {dag.py:3036} INFO - Sync 1 DAGs
[2026-02-02T14:48:48.989+0000] {logging_mixin.py:188} INFO - [2026-02-02T14:48:48.989+0000] {dag.py:3823} INFO - Setting next_dagrun for example_time_delta_sensor_async to None, run_after=None
[2026-02-02T14:48:49.007+0000] {processor.py:183} INFO - Processing /home/airflow/.local/lib/python3.8/site-packages/airflow/example_dags/example_time_delta_sensor_async.py took 0.069 seconds
[2026-02-02T14:49:19.200+0000] {processor.py:161} INFO - Started process (PID=3212) to work on /home/airflow/.local/lib/python3.8/site-packages/airflow/example_dags/example_time_delta_sensor_async.py
[2026-02-02T14:49:19.201+0000] {processor.py:830} INFO - Processing file /home/airflow/.local/lib/python3.8/site-packages/airflow/example_dags/example_time_delta_sensor_async.py for tasks to queue
[2026-02-02T14:49:19.202+0000] {logging_mixin.py:188} INFO - [2026-02-02T14:49:19.202+0000] {dagbag.py:538} INFO - Filling up the DagBag from /home/airflow/.local/lib/python3.8/site-packages/airflow/example_dags/example_time_delta_sensor_async.py
[2026-02-02T14:49:19.208+0000] {processor.py:840} INFO - DAG(s) 'example_time_delta_sensor_async' retrieved from /home/airflow/.local/lib/python3.8/site-packages/airflow/example_dags/example_time_delta_sensor_async.py
[2026-02-02T14:49:19.229+0000] {logging_mixin.py:188} INFO - [2026-02-02T14:49:19.229+0000] {dag.py:3036} INFO - Sync 1 DAGs
[2026-02-02T14:49:19.243+0000] {logging_mixin.py:188} INFO - [2026-02-02T14:49:19.243+0000] {dag.py:3823} INFO - Setting next_dagrun for example_time_delta_sensor_async to None, run_after=None
[2026-02-02T14:49:19.287+0000] {processor.py:183} INFO - Processing /home/airflow/.local/lib/python3.8/site-packages/airflow/example_dags/example_time_delta_sensor_async.py took 0.093 seconds
[2026-02-02T14:49:49.965+0000] {processor.py:161} INFO - Started process (PID=3268) to work on /home/airflow/.local/lib/python3.8/site-packages/airflow/example_dags/example_time_delta_sensor_async.py
[2026-02-02T14:49:49.966+0000] {processor.py:830} INFO - Processing file /home/airflow/.local/lib/python3.8/site-packages/airflow/example_dags/example_time_delta_sensor_async.py for tasks to queue
[2026-02-02T14:49:49.967+0000] {logging_mixin.py:188} INFO - [2026-02-02T14:49:49.967+0000] {dagbag.py:538} INFO - Filling up the DagBag from /home/airflow/.local/lib/python3.8/site-packages/airflow/example_dags/example_time_delta_sensor_async.py
[2026-02-02T14:49:49.972+0000] {processor.py:840} INFO - DAG(s) 'example_time_delta_sensor_async' retrieved from /home/airflow/.local/lib/python3.8/site-packages/airflow/example_dags/example_time_delta_sensor_async.py
[2026-02-02T14:49:49.993+0000] {logging_mixin.py:188} INFO - [2026-02-02T14:49:49.993+0000] {dag.py:3036} INFO - Sync 1 DAGs
[2026-02-02T14:49:50.007+0000] {logging_mixin.py:188} INFO - [2026-02-02T14:49:50.007+0000] {dag.py:3823} INFO - Setting next_dagrun for example_time_delta_sensor_async to None, run_after=None
[2026-02-02T14:49:50.025+0000] {processor.py:183} INFO - Processing /home/airflow/.local/lib/python3.8/site-packages/airflow/example_dags/example_time_delta_sensor_async.py took 0.067 seconds
[2026-02-02T14:50:20.214+0000] {processor.py:161} INFO - Started process (PID=3324) to work on /home/airflow/.local/lib/python3.8/site-packages/airflow/example_dags/example_time_delta_sensor_async.py
[2026-02-02T14:50:20.215+0000] {processor.py:830} INFO - Processing file /home/airflow/.local/lib/python3.8/site-packages/airflow/example_dags/example_time_delta_sensor_async.py for tasks to queue
[2026-02-02T14:50:20.217+0000] {logging_mixin.py:188} INFO - [2026-02-02T14:50:20.217+0000] {dagbag.py:538} INFO - Filling up the DagBag from /home/airflow/.local/lib/python3.8/site-packages/airflow/example_dags/example_time_delta_sensor_async.py
[2026-02-02T14:50:20.222+0000] {processor.py:840} INFO - DAG(s) 'example_time_delta_sensor_async' retrieved from /home/airflow/.local/lib/python3.8/site-packages/airflow/example_dags/example_time_delta_sensor_async.py
[2026-02-02T14:50:20.243+0000] {logging_mixin.py:188} INFO - [2026-02-02T14:50:20.243+0000] {dag.py:3036} INFO - Sync 1 DAGs
[2026-02-02T14:50:20.270+0000] {logging_mixin.py:188} INFO - [2026-02-02T14:50:20.270+0000] {dag.py:3823} INFO - Setting next_dagrun for example_time_delta_sensor_async to None, run_after=None
[2026-02-02T14:50:20.291+0000] {processor.py:183} INFO - Processing /home/airflow/.local/lib/python3.8/site-packages/airflow/example_dags/example_time_delta_sensor_async.py took 0.080 seconds
[2026-02-02T14:50:50.614+0000] {processor.py:161} INFO - Started process (PID=3380) to work on /home/airflow/.local/lib/python3.8/site-packages/airflow/example_dags/example_time_delta_sensor_async.py
[2026-02-02T14:50:50.615+0000] {processor.py:830} INFO - Processing file /home/airflow/.local/lib/python3.8/site-packages/airflow/example_dags/example_time_delta_sensor_async.py for tasks to queue
[2026-02-02T14:50:50.617+0000] {logging_mixin.py:188} INFO - [2026-02-02T14:50:50.616+0000] {dagbag.py:538} INFO - Filling up the DagBag from /home/airflow/.local/lib/python3.8/site-packages/airflow/example_dags/example_time_delta_sensor_async.py
[2026-02-02T14:50:50.622+0000] {processor.py:840} INFO - DAG(s) 'example_time_delta_sensor_async' retrieved from /home/airflow/.local/lib/python3.8/site-packages/airflow/example_dags/example_time_delta_sensor_async.py
[2026-02-02T14:50:50.646+0000] {logging_mixin.py:188} INFO - [2026-02-02T14:50:50.645+0000] {dag.py:3036} INFO - Sync 1 DAGs
[2026-02-02T14:50:50.659+0000] {logging_mixin.py:188} INFO - [2026-02-02T14:50:50.659+0000] {dag.py:3823} INFO - Setting next_dagrun for example_time_delta_sensor_async to None, run_after=None
[2026-02-02T14:50:50.678+0000] {processor.py:183} INFO - Processing /home/airflow/.local/lib/python3.8/site-packages/airflow/example_dags/example_time_delta_sensor_async.py took 0.068 seconds
