[2026-02-02T14:20:16.195+0000] {processor.py:161} INFO - Started process (PID=65) to work on /home/airflow/.local/lib/python3.8/site-packages/airflow/example_dags/example_xcom.py
[2026-02-02T14:20:16.205+0000] {processor.py:830} INFO - Processing file /home/airflow/.local/lib/python3.8/site-packages/airflow/example_dags/example_xcom.py for tasks to queue
[2026-02-02T14:20:16.223+0000] {logging_mixin.py:188} INFO - [2026-02-02T14:20:16.221+0000] {dagbag.py:538} INFO - Filling up the DagBag from /home/airflow/.local/lib/python3.8/site-packages/airflow/example_dags/example_xcom.py
[2026-02-02T14:20:16.335+0000] {processor.py:840} INFO - DAG(s) 'example_xcom' retrieved from /home/airflow/.local/lib/python3.8/site-packages/airflow/example_dags/example_xcom.py
[2026-02-02T14:20:17.942+0000] {logging_mixin.py:188} INFO - [2026-02-02T14:20:17.942+0000] {override.py:1769} INFO - Created Permission View: can edit on DAG:example_xcom
[2026-02-02T14:20:17.972+0000] {logging_mixin.py:188} INFO - [2026-02-02T14:20:17.971+0000] {override.py:1769} INFO - Created Permission View: can delete on DAG:example_xcom
[2026-02-02T14:20:17.990+0000] {logging_mixin.py:188} INFO - [2026-02-02T14:20:17.990+0000] {override.py:1769} INFO - Created Permission View: can read on DAG:example_xcom
[2026-02-02T14:20:17.991+0000] {logging_mixin.py:188} INFO - [2026-02-02T14:20:17.991+0000] {dag.py:3036} INFO - Sync 1 DAGs
[2026-02-02T14:20:18.027+0000] {logging_mixin.py:188} INFO - [2026-02-02T14:20:18.027+0000] {dag.py:3058} INFO - Creating ORM DAG for example_xcom
[2026-02-02T14:20:18.061+0000] {logging_mixin.py:188} INFO - [2026-02-02T14:20:18.061+0000] {dag.py:3823} INFO - Setting next_dagrun for example_xcom to 2021-01-01 00:00:00+00:00, run_after=2021-01-01 00:00:00+00:00
[2026-02-02T14:20:18.113+0000] {processor.py:183} INFO - Processing /home/airflow/.local/lib/python3.8/site-packages/airflow/example_dags/example_xcom.py took 1.936 seconds
[2026-02-02T14:20:48.421+0000] {processor.py:161} INFO - Started process (PID=120) to work on /home/airflow/.local/lib/python3.8/site-packages/airflow/example_dags/example_xcom.py
[2026-02-02T14:20:48.426+0000] {processor.py:830} INFO - Processing file /home/airflow/.local/lib/python3.8/site-packages/airflow/example_dags/example_xcom.py for tasks to queue
[2026-02-02T14:20:48.430+0000] {logging_mixin.py:188} INFO - [2026-02-02T14:20:48.430+0000] {dagbag.py:538} INFO - Filling up the DagBag from /home/airflow/.local/lib/python3.8/site-packages/airflow/example_dags/example_xcom.py
[2026-02-02T14:20:48.461+0000] {processor.py:840} INFO - DAG(s) 'example_xcom' retrieved from /home/airflow/.local/lib/python3.8/site-packages/airflow/example_dags/example_xcom.py
[2026-02-02T14:20:48.523+0000] {logging_mixin.py:188} INFO - [2026-02-02T14:20:48.523+0000] {dag.py:3036} INFO - Sync 1 DAGs
[2026-02-02T14:20:48.582+0000] {logging_mixin.py:188} INFO - [2026-02-02T14:20:48.582+0000] {dag.py:3823} INFO - Setting next_dagrun for example_xcom to 2021-01-01 00:00:00+00:00, run_after=2021-01-01 00:00:00+00:00
[2026-02-02T14:20:48.622+0000] {processor.py:183} INFO - Processing /home/airflow/.local/lib/python3.8/site-packages/airflow/example_dags/example_xcom.py took 0.208 seconds
[2026-02-02T14:21:19.174+0000] {processor.py:161} INFO - Started process (PID=175) to work on /home/airflow/.local/lib/python3.8/site-packages/airflow/example_dags/example_xcom.py
[2026-02-02T14:21:19.175+0000] {processor.py:830} INFO - Processing file /home/airflow/.local/lib/python3.8/site-packages/airflow/example_dags/example_xcom.py for tasks to queue
[2026-02-02T14:21:19.177+0000] {logging_mixin.py:188} INFO - [2026-02-02T14:21:19.177+0000] {dagbag.py:538} INFO - Filling up the DagBag from /home/airflow/.local/lib/python3.8/site-packages/airflow/example_dags/example_xcom.py
[2026-02-02T14:21:19.187+0000] {processor.py:840} INFO - DAG(s) 'example_xcom' retrieved from /home/airflow/.local/lib/python3.8/site-packages/airflow/example_dags/example_xcom.py
[2026-02-02T14:21:19.244+0000] {logging_mixin.py:188} INFO - [2026-02-02T14:21:19.243+0000] {dag.py:3036} INFO - Sync 1 DAGs
[2026-02-02T14:21:19.352+0000] {logging_mixin.py:188} INFO - [2026-02-02T14:21:19.352+0000] {dag.py:3823} INFO - Setting next_dagrun for example_xcom to 2021-01-01 00:00:00+00:00, run_after=2021-01-01 00:00:00+00:00
[2026-02-02T14:21:19.482+0000] {processor.py:183} INFO - Processing /home/airflow/.local/lib/python3.8/site-packages/airflow/example_dags/example_xcom.py took 0.311 seconds
[2026-02-02T14:21:49.552+0000] {processor.py:161} INFO - Started process (PID=229) to work on /home/airflow/.local/lib/python3.8/site-packages/airflow/example_dags/example_xcom.py
[2026-02-02T14:21:49.553+0000] {processor.py:830} INFO - Processing file /home/airflow/.local/lib/python3.8/site-packages/airflow/example_dags/example_xcom.py for tasks to queue
[2026-02-02T14:21:49.555+0000] {logging_mixin.py:188} INFO - [2026-02-02T14:21:49.554+0000] {dagbag.py:538} INFO - Filling up the DagBag from /home/airflow/.local/lib/python3.8/site-packages/airflow/example_dags/example_xcom.py
[2026-02-02T14:21:49.560+0000] {processor.py:840} INFO - DAG(s) 'example_xcom' retrieved from /home/airflow/.local/lib/python3.8/site-packages/airflow/example_dags/example_xcom.py
[2026-02-02T14:21:49.576+0000] {logging_mixin.py:188} INFO - [2026-02-02T14:21:49.576+0000] {dag.py:3036} INFO - Sync 1 DAGs
[2026-02-02T14:21:49.593+0000] {logging_mixin.py:188} INFO - [2026-02-02T14:21:49.593+0000] {dag.py:3823} INFO - Setting next_dagrun for example_xcom to 2021-01-01 00:00:00+00:00, run_after=2021-01-01 00:00:00+00:00
[2026-02-02T14:21:49.606+0000] {processor.py:183} INFO - Processing /home/airflow/.local/lib/python3.8/site-packages/airflow/example_dags/example_xcom.py took 0.056 seconds
[2026-02-02T14:22:20.252+0000] {processor.py:161} INFO - Started process (PID=284) to work on /home/airflow/.local/lib/python3.8/site-packages/airflow/example_dags/example_xcom.py
[2026-02-02T14:22:20.252+0000] {processor.py:830} INFO - Processing file /home/airflow/.local/lib/python3.8/site-packages/airflow/example_dags/example_xcom.py for tasks to queue
[2026-02-02T14:22:20.254+0000] {logging_mixin.py:188} INFO - [2026-02-02T14:22:20.254+0000] {dagbag.py:538} INFO - Filling up the DagBag from /home/airflow/.local/lib/python3.8/site-packages/airflow/example_dags/example_xcom.py
[2026-02-02T14:22:20.260+0000] {processor.py:840} INFO - DAG(s) 'example_xcom' retrieved from /home/airflow/.local/lib/python3.8/site-packages/airflow/example_dags/example_xcom.py
[2026-02-02T14:22:20.276+0000] {logging_mixin.py:188} INFO - [2026-02-02T14:22:20.276+0000] {dag.py:3036} INFO - Sync 1 DAGs
[2026-02-02T14:22:20.293+0000] {logging_mixin.py:188} INFO - [2026-02-02T14:22:20.292+0000] {dag.py:3823} INFO - Setting next_dagrun for example_xcom to 2021-01-01 00:00:00+00:00, run_after=2021-01-01 00:00:00+00:00
[2026-02-02T14:22:20.306+0000] {processor.py:183} INFO - Processing /home/airflow/.local/lib/python3.8/site-packages/airflow/example_dags/example_xcom.py took 0.057 seconds
[2026-02-02T14:22:50.887+0000] {processor.py:161} INFO - Started process (PID=339) to work on /home/airflow/.local/lib/python3.8/site-packages/airflow/example_dags/example_xcom.py
[2026-02-02T14:22:50.888+0000] {processor.py:830} INFO - Processing file /home/airflow/.local/lib/python3.8/site-packages/airflow/example_dags/example_xcom.py for tasks to queue
[2026-02-02T14:22:50.890+0000] {logging_mixin.py:188} INFO - [2026-02-02T14:22:50.890+0000] {dagbag.py:538} INFO - Filling up the DagBag from /home/airflow/.local/lib/python3.8/site-packages/airflow/example_dags/example_xcom.py
[2026-02-02T14:22:50.899+0000] {processor.py:840} INFO - DAG(s) 'example_xcom' retrieved from /home/airflow/.local/lib/python3.8/site-packages/airflow/example_dags/example_xcom.py
[2026-02-02T14:22:50.923+0000] {logging_mixin.py:188} INFO - [2026-02-02T14:22:50.923+0000] {dag.py:3036} INFO - Sync 1 DAGs
[2026-02-02T14:22:50.949+0000] {logging_mixin.py:188} INFO - [2026-02-02T14:22:50.949+0000] {dag.py:3823} INFO - Setting next_dagrun for example_xcom to 2021-01-01 00:00:00+00:00, run_after=2021-01-01 00:00:00+00:00
[2026-02-02T14:22:50.968+0000] {processor.py:183} INFO - Processing /home/airflow/.local/lib/python3.8/site-packages/airflow/example_dags/example_xcom.py took 0.084 seconds
[2026-02-02T14:23:21.452+0000] {processor.py:161} INFO - Started process (PID=394) to work on /home/airflow/.local/lib/python3.8/site-packages/airflow/example_dags/example_xcom.py
[2026-02-02T14:23:21.453+0000] {processor.py:830} INFO - Processing file /home/airflow/.local/lib/python3.8/site-packages/airflow/example_dags/example_xcom.py for tasks to queue
[2026-02-02T14:23:21.455+0000] {logging_mixin.py:188} INFO - [2026-02-02T14:23:21.455+0000] {dagbag.py:538} INFO - Filling up the DagBag from /home/airflow/.local/lib/python3.8/site-packages/airflow/example_dags/example_xcom.py
[2026-02-02T14:23:21.464+0000] {processor.py:840} INFO - DAG(s) 'example_xcom' retrieved from /home/airflow/.local/lib/python3.8/site-packages/airflow/example_dags/example_xcom.py
[2026-02-02T14:23:21.488+0000] {logging_mixin.py:188} INFO - [2026-02-02T14:23:21.488+0000] {dag.py:3036} INFO - Sync 1 DAGs
[2026-02-02T14:23:21.513+0000] {logging_mixin.py:188} INFO - [2026-02-02T14:23:21.512+0000] {dag.py:3823} INFO - Setting next_dagrun for example_xcom to 2021-01-01 00:00:00+00:00, run_after=2021-01-01 00:00:00+00:00
[2026-02-02T14:23:21.531+0000] {processor.py:183} INFO - Processing /home/airflow/.local/lib/python3.8/site-packages/airflow/example_dags/example_xcom.py took 0.082 seconds
[2026-02-02T14:23:52.149+0000] {processor.py:161} INFO - Started process (PID=449) to work on /home/airflow/.local/lib/python3.8/site-packages/airflow/example_dags/example_xcom.py
[2026-02-02T14:23:52.155+0000] {processor.py:830} INFO - Processing file /home/airflow/.local/lib/python3.8/site-packages/airflow/example_dags/example_xcom.py for tasks to queue
[2026-02-02T14:23:52.159+0000] {logging_mixin.py:188} INFO - [2026-02-02T14:23:52.159+0000] {dagbag.py:538} INFO - Filling up the DagBag from /home/airflow/.local/lib/python3.8/site-packages/airflow/example_dags/example_xcom.py
[2026-02-02T14:23:52.186+0000] {processor.py:840} INFO - DAG(s) 'example_xcom' retrieved from /home/airflow/.local/lib/python3.8/site-packages/airflow/example_dags/example_xcom.py
[2026-02-02T14:23:52.243+0000] {logging_mixin.py:188} INFO - [2026-02-02T14:23:52.242+0000] {dag.py:3036} INFO - Sync 1 DAGs
[2026-02-02T14:23:52.296+0000] {logging_mixin.py:188} INFO - [2026-02-02T14:23:52.296+0000] {dag.py:3823} INFO - Setting next_dagrun for example_xcom to 2021-01-01 00:00:00+00:00, run_after=2021-01-01 00:00:00+00:00
[2026-02-02T14:23:52.348+0000] {processor.py:183} INFO - Processing /home/airflow/.local/lib/python3.8/site-packages/airflow/example_dags/example_xcom.py took 0.204 seconds
[2026-02-02T14:24:22.770+0000] {processor.py:161} INFO - Started process (PID=503) to work on /home/airflow/.local/lib/python3.8/site-packages/airflow/example_dags/example_xcom.py
[2026-02-02T14:24:22.770+0000] {processor.py:830} INFO - Processing file /home/airflow/.local/lib/python3.8/site-packages/airflow/example_dags/example_xcom.py for tasks to queue
[2026-02-02T14:24:22.772+0000] {logging_mixin.py:188} INFO - [2026-02-02T14:24:22.771+0000] {dagbag.py:538} INFO - Filling up the DagBag from /home/airflow/.local/lib/python3.8/site-packages/airflow/example_dags/example_xcom.py
[2026-02-02T14:24:22.778+0000] {processor.py:840} INFO - DAG(s) 'example_xcom' retrieved from /home/airflow/.local/lib/python3.8/site-packages/airflow/example_dags/example_xcom.py
[2026-02-02T14:24:22.794+0000] {logging_mixin.py:188} INFO - [2026-02-02T14:24:22.794+0000] {dag.py:3036} INFO - Sync 1 DAGs
[2026-02-02T14:24:22.811+0000] {logging_mixin.py:188} INFO - [2026-02-02T14:24:22.810+0000] {dag.py:3823} INFO - Setting next_dagrun for example_xcom to 2021-01-01 00:00:00+00:00, run_after=2021-01-01 00:00:00+00:00
[2026-02-02T14:24:22.824+0000] {processor.py:183} INFO - Processing /home/airflow/.local/lib/python3.8/site-packages/airflow/example_dags/example_xcom.py took 0.057 seconds
[2026-02-02T14:24:53.083+0000] {processor.py:161} INFO - Started process (PID=559) to work on /home/airflow/.local/lib/python3.8/site-packages/airflow/example_dags/example_xcom.py
[2026-02-02T14:24:53.084+0000] {processor.py:830} INFO - Processing file /home/airflow/.local/lib/python3.8/site-packages/airflow/example_dags/example_xcom.py for tasks to queue
[2026-02-02T14:24:53.085+0000] {logging_mixin.py:188} INFO - [2026-02-02T14:24:53.085+0000] {dagbag.py:538} INFO - Filling up the DagBag from /home/airflow/.local/lib/python3.8/site-packages/airflow/example_dags/example_xcom.py
[2026-02-02T14:24:53.091+0000] {processor.py:840} INFO - DAG(s) 'example_xcom' retrieved from /home/airflow/.local/lib/python3.8/site-packages/airflow/example_dags/example_xcom.py
[2026-02-02T14:24:53.112+0000] {logging_mixin.py:188} INFO - [2026-02-02T14:24:53.112+0000] {dag.py:3036} INFO - Sync 1 DAGs
[2026-02-02T14:24:53.129+0000] {logging_mixin.py:188} INFO - [2026-02-02T14:24:53.129+0000] {dag.py:3823} INFO - Setting next_dagrun for example_xcom to 2021-01-01 00:00:00+00:00, run_after=2021-01-01 00:00:00+00:00
[2026-02-02T14:24:53.142+0000] {processor.py:183} INFO - Processing /home/airflow/.local/lib/python3.8/site-packages/airflow/example_dags/example_xcom.py took 0.062 seconds
[2026-02-02T14:25:23.311+0000] {processor.py:161} INFO - Started process (PID=614) to work on /home/airflow/.local/lib/python3.8/site-packages/airflow/example_dags/example_xcom.py
[2026-02-02T14:25:23.311+0000] {processor.py:830} INFO - Processing file /home/airflow/.local/lib/python3.8/site-packages/airflow/example_dags/example_xcom.py for tasks to queue
[2026-02-02T14:25:23.313+0000] {logging_mixin.py:188} INFO - [2026-02-02T14:25:23.313+0000] {dagbag.py:538} INFO - Filling up the DagBag from /home/airflow/.local/lib/python3.8/site-packages/airflow/example_dags/example_xcom.py
[2026-02-02T14:25:23.319+0000] {processor.py:840} INFO - DAG(s) 'example_xcom' retrieved from /home/airflow/.local/lib/python3.8/site-packages/airflow/example_dags/example_xcom.py
[2026-02-02T14:25:23.335+0000] {logging_mixin.py:188} INFO - [2026-02-02T14:25:23.335+0000] {dag.py:3036} INFO - Sync 1 DAGs
[2026-02-02T14:25:23.351+0000] {logging_mixin.py:188} INFO - [2026-02-02T14:25:23.351+0000] {dag.py:3823} INFO - Setting next_dagrun for example_xcom to 2021-01-01 00:00:00+00:00, run_after=2021-01-01 00:00:00+00:00
[2026-02-02T14:25:23.365+0000] {processor.py:183} INFO - Processing /home/airflow/.local/lib/python3.8/site-packages/airflow/example_dags/example_xcom.py took 0.057 seconds
[2026-02-02T14:25:53.628+0000] {processor.py:161} INFO - Started process (PID=669) to work on /home/airflow/.local/lib/python3.8/site-packages/airflow/example_dags/example_xcom.py
[2026-02-02T14:25:53.629+0000] {processor.py:830} INFO - Processing file /home/airflow/.local/lib/python3.8/site-packages/airflow/example_dags/example_xcom.py for tasks to queue
[2026-02-02T14:25:53.630+0000] {logging_mixin.py:188} INFO - [2026-02-02T14:25:53.630+0000] {dagbag.py:538} INFO - Filling up the DagBag from /home/airflow/.local/lib/python3.8/site-packages/airflow/example_dags/example_xcom.py
[2026-02-02T14:25:53.636+0000] {processor.py:840} INFO - DAG(s) 'example_xcom' retrieved from /home/airflow/.local/lib/python3.8/site-packages/airflow/example_dags/example_xcom.py
[2026-02-02T14:25:53.652+0000] {logging_mixin.py:188} INFO - [2026-02-02T14:25:53.652+0000] {dag.py:3036} INFO - Sync 1 DAGs
[2026-02-02T14:25:53.672+0000] {logging_mixin.py:188} INFO - [2026-02-02T14:25:53.671+0000] {dag.py:3823} INFO - Setting next_dagrun for example_xcom to 2021-01-01 00:00:00+00:00, run_after=2021-01-01 00:00:00+00:00
[2026-02-02T14:25:53.688+0000] {processor.py:183} INFO - Processing /home/airflow/.local/lib/python3.8/site-packages/airflow/example_dags/example_xcom.py took 0.062 seconds
[2026-02-02T14:26:23.866+0000] {processor.py:161} INFO - Started process (PID=724) to work on /home/airflow/.local/lib/python3.8/site-packages/airflow/example_dags/example_xcom.py
[2026-02-02T14:26:23.866+0000] {processor.py:830} INFO - Processing file /home/airflow/.local/lib/python3.8/site-packages/airflow/example_dags/example_xcom.py for tasks to queue
[2026-02-02T14:26:23.868+0000] {logging_mixin.py:188} INFO - [2026-02-02T14:26:23.867+0000] {dagbag.py:538} INFO - Filling up the DagBag from /home/airflow/.local/lib/python3.8/site-packages/airflow/example_dags/example_xcom.py
[2026-02-02T14:26:23.874+0000] {processor.py:840} INFO - DAG(s) 'example_xcom' retrieved from /home/airflow/.local/lib/python3.8/site-packages/airflow/example_dags/example_xcom.py
[2026-02-02T14:26:23.893+0000] {logging_mixin.py:188} INFO - [2026-02-02T14:26:23.893+0000] {dag.py:3036} INFO - Sync 1 DAGs
[2026-02-02T14:26:23.914+0000] {logging_mixin.py:188} INFO - [2026-02-02T14:26:23.913+0000] {dag.py:3823} INFO - Setting next_dagrun for example_xcom to 2021-01-01 00:00:00+00:00, run_after=2021-01-01 00:00:00+00:00
[2026-02-02T14:26:23.929+0000] {processor.py:183} INFO - Processing /home/airflow/.local/lib/python3.8/site-packages/airflow/example_dags/example_xcom.py took 0.066 seconds
[2026-02-02T14:26:54.418+0000] {processor.py:161} INFO - Started process (PID=779) to work on /home/airflow/.local/lib/python3.8/site-packages/airflow/example_dags/example_xcom.py
[2026-02-02T14:26:54.419+0000] {processor.py:830} INFO - Processing file /home/airflow/.local/lib/python3.8/site-packages/airflow/example_dags/example_xcom.py for tasks to queue
[2026-02-02T14:26:54.421+0000] {logging_mixin.py:188} INFO - [2026-02-02T14:26:54.421+0000] {dagbag.py:538} INFO - Filling up the DagBag from /home/airflow/.local/lib/python3.8/site-packages/airflow/example_dags/example_xcom.py
[2026-02-02T14:26:54.427+0000] {processor.py:840} INFO - DAG(s) 'example_xcom' retrieved from /home/airflow/.local/lib/python3.8/site-packages/airflow/example_dags/example_xcom.py
[2026-02-02T14:26:54.443+0000] {logging_mixin.py:188} INFO - [2026-02-02T14:26:54.443+0000] {dag.py:3036} INFO - Sync 1 DAGs
[2026-02-02T14:26:54.459+0000] {logging_mixin.py:188} INFO - [2026-02-02T14:26:54.459+0000] {dag.py:3823} INFO - Setting next_dagrun for example_xcom to 2021-01-01 00:00:00+00:00, run_after=2021-01-01 00:00:00+00:00
[2026-02-02T14:26:54.473+0000] {processor.py:183} INFO - Processing /home/airflow/.local/lib/python3.8/site-packages/airflow/example_dags/example_xcom.py took 0.058 seconds
[2026-02-02T14:27:24.707+0000] {processor.py:161} INFO - Started process (PID=832) to work on /home/airflow/.local/lib/python3.8/site-packages/airflow/example_dags/example_xcom.py
[2026-02-02T14:27:24.708+0000] {processor.py:830} INFO - Processing file /home/airflow/.local/lib/python3.8/site-packages/airflow/example_dags/example_xcom.py for tasks to queue
[2026-02-02T14:27:24.709+0000] {logging_mixin.py:188} INFO - [2026-02-02T14:27:24.709+0000] {dagbag.py:538} INFO - Filling up the DagBag from /home/airflow/.local/lib/python3.8/site-packages/airflow/example_dags/example_xcom.py
[2026-02-02T14:27:24.719+0000] {processor.py:840} INFO - DAG(s) 'example_xcom' retrieved from /home/airflow/.local/lib/python3.8/site-packages/airflow/example_dags/example_xcom.py
[2026-02-02T14:27:24.743+0000] {logging_mixin.py:188} INFO - [2026-02-02T14:27:24.743+0000] {dag.py:3036} INFO - Sync 1 DAGs
[2026-02-02T14:27:24.767+0000] {logging_mixin.py:188} INFO - [2026-02-02T14:27:24.767+0000] {dag.py:3823} INFO - Setting next_dagrun for example_xcom to 2021-01-01 00:00:00+00:00, run_after=2021-01-01 00:00:00+00:00
[2026-02-02T14:27:24.788+0000] {processor.py:183} INFO - Processing /home/airflow/.local/lib/python3.8/site-packages/airflow/example_dags/example_xcom.py took 0.084 seconds
[2026-02-02T14:27:55.424+0000] {processor.py:161} INFO - Started process (PID=887) to work on /home/airflow/.local/lib/python3.8/site-packages/airflow/example_dags/example_xcom.py
[2026-02-02T14:27:55.425+0000] {processor.py:830} INFO - Processing file /home/airflow/.local/lib/python3.8/site-packages/airflow/example_dags/example_xcom.py for tasks to queue
[2026-02-02T14:27:55.426+0000] {logging_mixin.py:188} INFO - [2026-02-02T14:27:55.426+0000] {dagbag.py:538} INFO - Filling up the DagBag from /home/airflow/.local/lib/python3.8/site-packages/airflow/example_dags/example_xcom.py
[2026-02-02T14:27:55.434+0000] {processor.py:840} INFO - DAG(s) 'example_xcom' retrieved from /home/airflow/.local/lib/python3.8/site-packages/airflow/example_dags/example_xcom.py
[2026-02-02T14:27:55.457+0000] {logging_mixin.py:188} INFO - [2026-02-02T14:27:55.457+0000] {dag.py:3036} INFO - Sync 1 DAGs
[2026-02-02T14:27:55.481+0000] {logging_mixin.py:188} INFO - [2026-02-02T14:27:55.481+0000] {dag.py:3823} INFO - Setting next_dagrun for example_xcom to 2021-01-01 00:00:00+00:00, run_after=2021-01-01 00:00:00+00:00
[2026-02-02T14:27:55.499+0000] {processor.py:183} INFO - Processing /home/airflow/.local/lib/python3.8/site-packages/airflow/example_dags/example_xcom.py took 0.079 seconds
[2026-02-02T14:28:26.122+0000] {processor.py:161} INFO - Started process (PID=942) to work on /home/airflow/.local/lib/python3.8/site-packages/airflow/example_dags/example_xcom.py
[2026-02-02T14:28:26.123+0000] {processor.py:830} INFO - Processing file /home/airflow/.local/lib/python3.8/site-packages/airflow/example_dags/example_xcom.py for tasks to queue
[2026-02-02T14:28:26.125+0000] {logging_mixin.py:188} INFO - [2026-02-02T14:28:26.124+0000] {dagbag.py:538} INFO - Filling up the DagBag from /home/airflow/.local/lib/python3.8/site-packages/airflow/example_dags/example_xcom.py
[2026-02-02T14:28:26.133+0000] {processor.py:840} INFO - DAG(s) 'example_xcom' retrieved from /home/airflow/.local/lib/python3.8/site-packages/airflow/example_dags/example_xcom.py
[2026-02-02T14:28:26.156+0000] {logging_mixin.py:188} INFO - [2026-02-02T14:28:26.156+0000] {dag.py:3036} INFO - Sync 1 DAGs
[2026-02-02T14:28:26.181+0000] {logging_mixin.py:188} INFO - [2026-02-02T14:28:26.181+0000] {dag.py:3823} INFO - Setting next_dagrun for example_xcom to 2021-01-01 00:00:00+00:00, run_after=2021-01-01 00:00:00+00:00
[2026-02-02T14:28:26.199+0000] {processor.py:183} INFO - Processing /home/airflow/.local/lib/python3.8/site-packages/airflow/example_dags/example_xcom.py took 0.080 seconds
[2026-02-02T14:28:57.192+0000] {processor.py:161} INFO - Started process (PID=1003) to work on /home/airflow/.local/lib/python3.8/site-packages/airflow/example_dags/example_xcom.py
[2026-02-02T14:28:57.193+0000] {processor.py:830} INFO - Processing file /home/airflow/.local/lib/python3.8/site-packages/airflow/example_dags/example_xcom.py for tasks to queue
[2026-02-02T14:28:57.194+0000] {logging_mixin.py:188} INFO - [2026-02-02T14:28:57.194+0000] {dagbag.py:538} INFO - Filling up the DagBag from /home/airflow/.local/lib/python3.8/site-packages/airflow/example_dags/example_xcom.py
[2026-02-02T14:28:57.202+0000] {processor.py:840} INFO - DAG(s) 'example_xcom' retrieved from /home/airflow/.local/lib/python3.8/site-packages/airflow/example_dags/example_xcom.py
[2026-02-02T14:28:57.227+0000] {logging_mixin.py:188} INFO - [2026-02-02T14:28:57.226+0000] {dag.py:3036} INFO - Sync 1 DAGs
[2026-02-02T14:28:57.251+0000] {logging_mixin.py:188} INFO - [2026-02-02T14:28:57.251+0000] {dag.py:3823} INFO - Setting next_dagrun for example_xcom to 2021-01-01 00:00:00+00:00, run_after=2021-01-01 00:00:00+00:00
[2026-02-02T14:28:57.269+0000] {processor.py:183} INFO - Processing /home/airflow/.local/lib/python3.8/site-packages/airflow/example_dags/example_xcom.py took 0.081 seconds
[2026-02-02T14:29:27.700+0000] {processor.py:161} INFO - Started process (PID=1058) to work on /home/airflow/.local/lib/python3.8/site-packages/airflow/example_dags/example_xcom.py
[2026-02-02T14:29:27.701+0000] {processor.py:830} INFO - Processing file /home/airflow/.local/lib/python3.8/site-packages/airflow/example_dags/example_xcom.py for tasks to queue
[2026-02-02T14:29:27.703+0000] {logging_mixin.py:188} INFO - [2026-02-02T14:29:27.703+0000] {dagbag.py:538} INFO - Filling up the DagBag from /home/airflow/.local/lib/python3.8/site-packages/airflow/example_dags/example_xcom.py
[2026-02-02T14:29:27.711+0000] {processor.py:840} INFO - DAG(s) 'example_xcom' retrieved from /home/airflow/.local/lib/python3.8/site-packages/airflow/example_dags/example_xcom.py
[2026-02-02T14:29:27.736+0000] {logging_mixin.py:188} INFO - [2026-02-02T14:29:27.736+0000] {dag.py:3036} INFO - Sync 1 DAGs
[2026-02-02T14:29:27.760+0000] {logging_mixin.py:188} INFO - [2026-02-02T14:29:27.760+0000] {dag.py:3823} INFO - Setting next_dagrun for example_xcom to 2021-01-01 00:00:00+00:00, run_after=2021-01-01 00:00:00+00:00
[2026-02-02T14:29:27.782+0000] {processor.py:183} INFO - Processing /home/airflow/.local/lib/python3.8/site-packages/airflow/example_dags/example_xcom.py took 0.085 seconds
[2026-02-02T14:29:58.692+0000] {processor.py:161} INFO - Started process (PID=1113) to work on /home/airflow/.local/lib/python3.8/site-packages/airflow/example_dags/example_xcom.py
[2026-02-02T14:29:58.695+0000] {processor.py:830} INFO - Processing file /home/airflow/.local/lib/python3.8/site-packages/airflow/example_dags/example_xcom.py for tasks to queue
[2026-02-02T14:29:58.701+0000] {logging_mixin.py:188} INFO - [2026-02-02T14:29:58.696+0000] {dagbag.py:538} INFO - Filling up the DagBag from /home/airflow/.local/lib/python3.8/site-packages/airflow/example_dags/example_xcom.py
[2026-02-02T14:29:58.713+0000] {processor.py:840} INFO - DAG(s) 'example_xcom' retrieved from /home/airflow/.local/lib/python3.8/site-packages/airflow/example_dags/example_xcom.py
[2026-02-02T14:29:58.754+0000] {logging_mixin.py:188} INFO - [2026-02-02T14:29:58.754+0000] {dag.py:3036} INFO - Sync 1 DAGs
[2026-02-02T14:29:58.812+0000] {logging_mixin.py:188} INFO - [2026-02-02T14:29:58.812+0000] {dag.py:3823} INFO - Setting next_dagrun for example_xcom to 2021-01-01 00:00:00+00:00, run_after=2021-01-01 00:00:00+00:00
[2026-02-02T14:29:58.850+0000] {processor.py:183} INFO - Processing /home/airflow/.local/lib/python3.8/site-packages/airflow/example_dags/example_xcom.py took 0.173 seconds
[2026-02-02T14:30:29.232+0000] {processor.py:161} INFO - Started process (PID=1168) to work on /home/airflow/.local/lib/python3.8/site-packages/airflow/example_dags/example_xcom.py
[2026-02-02T14:30:29.235+0000] {processor.py:830} INFO - Processing file /home/airflow/.local/lib/python3.8/site-packages/airflow/example_dags/example_xcom.py for tasks to queue
[2026-02-02T14:30:29.239+0000] {logging_mixin.py:188} INFO - [2026-02-02T14:30:29.238+0000] {dagbag.py:538} INFO - Filling up the DagBag from /home/airflow/.local/lib/python3.8/site-packages/airflow/example_dags/example_xcom.py
[2026-02-02T14:30:29.254+0000] {processor.py:840} INFO - DAG(s) 'example_xcom' retrieved from /home/airflow/.local/lib/python3.8/site-packages/airflow/example_dags/example_xcom.py
[2026-02-02T14:30:29.299+0000] {logging_mixin.py:188} INFO - [2026-02-02T14:30:29.298+0000] {dag.py:3036} INFO - Sync 1 DAGs
[2026-02-02T14:30:29.352+0000] {logging_mixin.py:188} INFO - [2026-02-02T14:30:29.352+0000] {dag.py:3823} INFO - Setting next_dagrun for example_xcom to 2021-01-01 00:00:00+00:00, run_after=2021-01-01 00:00:00+00:00
[2026-02-02T14:30:29.381+0000] {processor.py:183} INFO - Processing /home/airflow/.local/lib/python3.8/site-packages/airflow/example_dags/example_xcom.py took 0.154 seconds
[2026-02-02T14:30:59.862+0000] {processor.py:161} INFO - Started process (PID=1223) to work on /home/airflow/.local/lib/python3.8/site-packages/airflow/example_dags/example_xcom.py
[2026-02-02T14:30:59.864+0000] {processor.py:830} INFO - Processing file /home/airflow/.local/lib/python3.8/site-packages/airflow/example_dags/example_xcom.py for tasks to queue
[2026-02-02T14:30:59.869+0000] {logging_mixin.py:188} INFO - [2026-02-02T14:30:59.869+0000] {dagbag.py:538} INFO - Filling up the DagBag from /home/airflow/.local/lib/python3.8/site-packages/airflow/example_dags/example_xcom.py
[2026-02-02T14:30:59.893+0000] {processor.py:840} INFO - DAG(s) 'example_xcom' retrieved from /home/airflow/.local/lib/python3.8/site-packages/airflow/example_dags/example_xcom.py
[2026-02-02T14:30:59.929+0000] {logging_mixin.py:188} INFO - [2026-02-02T14:30:59.929+0000] {dag.py:3036} INFO - Sync 1 DAGs
[2026-02-02T14:30:59.956+0000] {logging_mixin.py:188} INFO - [2026-02-02T14:30:59.956+0000] {dag.py:3823} INFO - Setting next_dagrun for example_xcom to 2021-01-01 00:00:00+00:00, run_after=2021-01-01 00:00:00+00:00
[2026-02-02T14:30:59.988+0000] {processor.py:183} INFO - Processing /home/airflow/.local/lib/python3.8/site-packages/airflow/example_dags/example_xcom.py took 0.135 seconds
[2026-02-02T14:31:30.373+0000] {processor.py:161} INFO - Started process (PID=1278) to work on /home/airflow/.local/lib/python3.8/site-packages/airflow/example_dags/example_xcom.py
[2026-02-02T14:31:30.374+0000] {processor.py:830} INFO - Processing file /home/airflow/.local/lib/python3.8/site-packages/airflow/example_dags/example_xcom.py for tasks to queue
[2026-02-02T14:31:30.376+0000] {logging_mixin.py:188} INFO - [2026-02-02T14:31:30.375+0000] {dagbag.py:538} INFO - Filling up the DagBag from /home/airflow/.local/lib/python3.8/site-packages/airflow/example_dags/example_xcom.py
[2026-02-02T14:31:30.384+0000] {processor.py:840} INFO - DAG(s) 'example_xcom' retrieved from /home/airflow/.local/lib/python3.8/site-packages/airflow/example_dags/example_xcom.py
[2026-02-02T14:31:30.408+0000] {logging_mixin.py:188} INFO - [2026-02-02T14:31:30.408+0000] {dag.py:3036} INFO - Sync 1 DAGs
[2026-02-02T14:31:30.433+0000] {logging_mixin.py:188} INFO - [2026-02-02T14:31:30.433+0000] {dag.py:3823} INFO - Setting next_dagrun for example_xcom to 2021-01-01 00:00:00+00:00, run_after=2021-01-01 00:00:00+00:00
[2026-02-02T14:31:30.451+0000] {processor.py:183} INFO - Processing /home/airflow/.local/lib/python3.8/site-packages/airflow/example_dags/example_xcom.py took 0.082 seconds
[2026-02-02T14:32:01.253+0000] {processor.py:161} INFO - Started process (PID=1333) to work on /home/airflow/.local/lib/python3.8/site-packages/airflow/example_dags/example_xcom.py
[2026-02-02T14:32:01.254+0000] {processor.py:830} INFO - Processing file /home/airflow/.local/lib/python3.8/site-packages/airflow/example_dags/example_xcom.py for tasks to queue
[2026-02-02T14:32:01.256+0000] {logging_mixin.py:188} INFO - [2026-02-02T14:32:01.255+0000] {dagbag.py:538} INFO - Filling up the DagBag from /home/airflow/.local/lib/python3.8/site-packages/airflow/example_dags/example_xcom.py
[2026-02-02T14:32:01.264+0000] {processor.py:840} INFO - DAG(s) 'example_xcom' retrieved from /home/airflow/.local/lib/python3.8/site-packages/airflow/example_dags/example_xcom.py
[2026-02-02T14:32:01.289+0000] {logging_mixin.py:188} INFO - [2026-02-02T14:32:01.289+0000] {dag.py:3036} INFO - Sync 1 DAGs
[2026-02-02T14:32:01.314+0000] {logging_mixin.py:188} INFO - [2026-02-02T14:32:01.313+0000] {dag.py:3823} INFO - Setting next_dagrun for example_xcom to 2021-01-01 00:00:00+00:00, run_after=2021-01-01 00:00:00+00:00
[2026-02-02T14:32:01.333+0000] {processor.py:183} INFO - Processing /home/airflow/.local/lib/python3.8/site-packages/airflow/example_dags/example_xcom.py took 0.083 seconds
[2026-02-02T14:32:31.850+0000] {processor.py:161} INFO - Started process (PID=1388) to work on /home/airflow/.local/lib/python3.8/site-packages/airflow/example_dags/example_xcom.py
[2026-02-02T14:32:31.850+0000] {processor.py:830} INFO - Processing file /home/airflow/.local/lib/python3.8/site-packages/airflow/example_dags/example_xcom.py for tasks to queue
[2026-02-02T14:32:31.852+0000] {logging_mixin.py:188} INFO - [2026-02-02T14:32:31.852+0000] {dagbag.py:538} INFO - Filling up the DagBag from /home/airflow/.local/lib/python3.8/site-packages/airflow/example_dags/example_xcom.py
[2026-02-02T14:32:31.860+0000] {processor.py:840} INFO - DAG(s) 'example_xcom' retrieved from /home/airflow/.local/lib/python3.8/site-packages/airflow/example_dags/example_xcom.py
[2026-02-02T14:32:31.885+0000] {logging_mixin.py:188} INFO - [2026-02-02T14:32:31.885+0000] {dag.py:3036} INFO - Sync 1 DAGs
[2026-02-02T14:32:31.910+0000] {logging_mixin.py:188} INFO - [2026-02-02T14:32:31.909+0000] {dag.py:3823} INFO - Setting next_dagrun for example_xcom to 2021-01-01 00:00:00+00:00, run_after=2021-01-01 00:00:00+00:00
[2026-02-02T14:32:31.928+0000] {processor.py:183} INFO - Processing /home/airflow/.local/lib/python3.8/site-packages/airflow/example_dags/example_xcom.py took 0.082 seconds
[2026-02-02T14:33:02.311+0000] {processor.py:161} INFO - Started process (PID=1443) to work on /home/airflow/.local/lib/python3.8/site-packages/airflow/example_dags/example_xcom.py
[2026-02-02T14:33:02.312+0000] {processor.py:830} INFO - Processing file /home/airflow/.local/lib/python3.8/site-packages/airflow/example_dags/example_xcom.py for tasks to queue
[2026-02-02T14:33:02.314+0000] {logging_mixin.py:188} INFO - [2026-02-02T14:33:02.313+0000] {dagbag.py:538} INFO - Filling up the DagBag from /home/airflow/.local/lib/python3.8/site-packages/airflow/example_dags/example_xcom.py
[2026-02-02T14:33:02.333+0000] {processor.py:840} INFO - DAG(s) 'example_xcom' retrieved from /home/airflow/.local/lib/python3.8/site-packages/airflow/example_dags/example_xcom.py
[2026-02-02T14:33:02.357+0000] {logging_mixin.py:188} INFO - [2026-02-02T14:33:02.356+0000] {dag.py:3036} INFO - Sync 1 DAGs
[2026-02-02T14:33:02.380+0000] {logging_mixin.py:188} INFO - [2026-02-02T14:33:02.380+0000] {dag.py:3823} INFO - Setting next_dagrun for example_xcom to 2021-01-01 00:00:00+00:00, run_after=2021-01-01 00:00:00+00:00
[2026-02-02T14:33:02.413+0000] {processor.py:183} INFO - Processing /home/airflow/.local/lib/python3.8/site-packages/airflow/example_dags/example_xcom.py took 0.105 seconds
[2026-02-02T14:33:32.468+0000] {processor.py:161} INFO - Started process (PID=1498) to work on /home/airflow/.local/lib/python3.8/site-packages/airflow/example_dags/example_xcom.py
[2026-02-02T14:33:32.469+0000] {processor.py:830} INFO - Processing file /home/airflow/.local/lib/python3.8/site-packages/airflow/example_dags/example_xcom.py for tasks to queue
[2026-02-02T14:33:32.470+0000] {logging_mixin.py:188} INFO - [2026-02-02T14:33:32.470+0000] {dagbag.py:538} INFO - Filling up the DagBag from /home/airflow/.local/lib/python3.8/site-packages/airflow/example_dags/example_xcom.py
[2026-02-02T14:33:32.479+0000] {processor.py:840} INFO - DAG(s) 'example_xcom' retrieved from /home/airflow/.local/lib/python3.8/site-packages/airflow/example_dags/example_xcom.py
[2026-02-02T14:33:32.524+0000] {logging_mixin.py:188} INFO - [2026-02-02T14:33:32.524+0000] {dag.py:3036} INFO - Sync 1 DAGs
[2026-02-02T14:33:32.550+0000] {logging_mixin.py:188} INFO - [2026-02-02T14:33:32.549+0000] {dag.py:3823} INFO - Setting next_dagrun for example_xcom to 2021-01-01 00:00:00+00:00, run_after=2021-01-01 00:00:00+00:00
[2026-02-02T14:33:32.569+0000] {processor.py:183} INFO - Processing /home/airflow/.local/lib/python3.8/site-packages/airflow/example_dags/example_xcom.py took 0.104 seconds
[2026-02-02T14:34:02.746+0000] {processor.py:161} INFO - Started process (PID=1553) to work on /home/airflow/.local/lib/python3.8/site-packages/airflow/example_dags/example_xcom.py
[2026-02-02T14:34:02.747+0000] {processor.py:830} INFO - Processing file /home/airflow/.local/lib/python3.8/site-packages/airflow/example_dags/example_xcom.py for tasks to queue
[2026-02-02T14:34:02.749+0000] {logging_mixin.py:188} INFO - [2026-02-02T14:34:02.748+0000] {dagbag.py:538} INFO - Filling up the DagBag from /home/airflow/.local/lib/python3.8/site-packages/airflow/example_dags/example_xcom.py
[2026-02-02T14:34:02.768+0000] {processor.py:840} INFO - DAG(s) 'example_xcom' retrieved from /home/airflow/.local/lib/python3.8/site-packages/airflow/example_dags/example_xcom.py
[2026-02-02T14:34:02.802+0000] {logging_mixin.py:188} INFO - [2026-02-02T14:34:02.802+0000] {dag.py:3036} INFO - Sync 1 DAGs
[2026-02-02T14:34:02.837+0000] {logging_mixin.py:188} INFO - [2026-02-02T14:34:02.836+0000] {dag.py:3823} INFO - Setting next_dagrun for example_xcom to 2021-01-01 00:00:00+00:00, run_after=2021-01-01 00:00:00+00:00
[2026-02-02T14:34:02.868+0000] {processor.py:183} INFO - Processing /home/airflow/.local/lib/python3.8/site-packages/airflow/example_dags/example_xcom.py took 0.125 seconds
[2026-02-02T14:34:33.321+0000] {processor.py:161} INFO - Started process (PID=1608) to work on /home/airflow/.local/lib/python3.8/site-packages/airflow/example_dags/example_xcom.py
[2026-02-02T14:34:33.322+0000] {processor.py:830} INFO - Processing file /home/airflow/.local/lib/python3.8/site-packages/airflow/example_dags/example_xcom.py for tasks to queue
[2026-02-02T14:34:33.324+0000] {logging_mixin.py:188} INFO - [2026-02-02T14:34:33.323+0000] {dagbag.py:538} INFO - Filling up the DagBag from /home/airflow/.local/lib/python3.8/site-packages/airflow/example_dags/example_xcom.py
[2026-02-02T14:34:33.332+0000] {processor.py:840} INFO - DAG(s) 'example_xcom' retrieved from /home/airflow/.local/lib/python3.8/site-packages/airflow/example_dags/example_xcom.py
[2026-02-02T14:34:33.355+0000] {logging_mixin.py:188} INFO - [2026-02-02T14:34:33.355+0000] {dag.py:3036} INFO - Sync 1 DAGs
[2026-02-02T14:34:33.380+0000] {logging_mixin.py:188} INFO - [2026-02-02T14:34:33.380+0000] {dag.py:3823} INFO - Setting next_dagrun for example_xcom to 2021-01-01 00:00:00+00:00, run_after=2021-01-01 00:00:00+00:00
[2026-02-02T14:34:33.398+0000] {processor.py:183} INFO - Processing /home/airflow/.local/lib/python3.8/site-packages/airflow/example_dags/example_xcom.py took 0.080 seconds
[2026-02-02T14:35:03.490+0000] {processor.py:161} INFO - Started process (PID=1663) to work on /home/airflow/.local/lib/python3.8/site-packages/airflow/example_dags/example_xcom.py
[2026-02-02T14:35:03.491+0000] {processor.py:830} INFO - Processing file /home/airflow/.local/lib/python3.8/site-packages/airflow/example_dags/example_xcom.py for tasks to queue
[2026-02-02T14:35:03.493+0000] {logging_mixin.py:188} INFO - [2026-02-02T14:35:03.492+0000] {dagbag.py:538} INFO - Filling up the DagBag from /home/airflow/.local/lib/python3.8/site-packages/airflow/example_dags/example_xcom.py
[2026-02-02T14:35:03.501+0000] {processor.py:840} INFO - DAG(s) 'example_xcom' retrieved from /home/airflow/.local/lib/python3.8/site-packages/airflow/example_dags/example_xcom.py
[2026-02-02T14:35:03.524+0000] {logging_mixin.py:188} INFO - [2026-02-02T14:35:03.524+0000] {dag.py:3036} INFO - Sync 1 DAGs
[2026-02-02T14:35:03.564+0000] {logging_mixin.py:188} INFO - [2026-02-02T14:35:03.564+0000] {dag.py:3823} INFO - Setting next_dagrun for example_xcom to 2021-01-01 00:00:00+00:00, run_after=2021-01-01 00:00:00+00:00
[2026-02-02T14:35:03.609+0000] {processor.py:183} INFO - Processing /home/airflow/.local/lib/python3.8/site-packages/airflow/example_dags/example_xcom.py took 0.122 seconds
[2026-02-02T14:35:34.094+0000] {processor.py:161} INFO - Started process (PID=1718) to work on /home/airflow/.local/lib/python3.8/site-packages/airflow/example_dags/example_xcom.py
[2026-02-02T14:35:34.094+0000] {processor.py:830} INFO - Processing file /home/airflow/.local/lib/python3.8/site-packages/airflow/example_dags/example_xcom.py for tasks to queue
[2026-02-02T14:35:34.096+0000] {logging_mixin.py:188} INFO - [2026-02-02T14:35:34.096+0000] {dagbag.py:538} INFO - Filling up the DagBag from /home/airflow/.local/lib/python3.8/site-packages/airflow/example_dags/example_xcom.py
[2026-02-02T14:35:34.104+0000] {processor.py:840} INFO - DAG(s) 'example_xcom' retrieved from /home/airflow/.local/lib/python3.8/site-packages/airflow/example_dags/example_xcom.py
[2026-02-02T14:35:34.131+0000] {logging_mixin.py:188} INFO - [2026-02-02T14:35:34.131+0000] {dag.py:3036} INFO - Sync 1 DAGs
[2026-02-02T14:35:34.155+0000] {logging_mixin.py:188} INFO - [2026-02-02T14:35:34.155+0000] {dag.py:3823} INFO - Setting next_dagrun for example_xcom to 2021-01-01 00:00:00+00:00, run_after=2021-01-01 00:00:00+00:00
[2026-02-02T14:35:34.174+0000] {processor.py:183} INFO - Processing /home/airflow/.local/lib/python3.8/site-packages/airflow/example_dags/example_xcom.py took 0.084 seconds
[2026-02-02T14:36:05.036+0000] {processor.py:161} INFO - Started process (PID=1773) to work on /home/airflow/.local/lib/python3.8/site-packages/airflow/example_dags/example_xcom.py
[2026-02-02T14:36:05.037+0000] {processor.py:830} INFO - Processing file /home/airflow/.local/lib/python3.8/site-packages/airflow/example_dags/example_xcom.py for tasks to queue
[2026-02-02T14:36:05.039+0000] {logging_mixin.py:188} INFO - [2026-02-02T14:36:05.038+0000] {dagbag.py:538} INFO - Filling up the DagBag from /home/airflow/.local/lib/python3.8/site-packages/airflow/example_dags/example_xcom.py
[2026-02-02T14:36:05.047+0000] {processor.py:840} INFO - DAG(s) 'example_xcom' retrieved from /home/airflow/.local/lib/python3.8/site-packages/airflow/example_dags/example_xcom.py
[2026-02-02T14:36:05.071+0000] {logging_mixin.py:188} INFO - [2026-02-02T14:36:05.071+0000] {dag.py:3036} INFO - Sync 1 DAGs
[2026-02-02T14:36:05.096+0000] {logging_mixin.py:188} INFO - [2026-02-02T14:36:05.096+0000] {dag.py:3823} INFO - Setting next_dagrun for example_xcom to 2021-01-01 00:00:00+00:00, run_after=2021-01-01 00:00:00+00:00
[2026-02-02T14:36:05.115+0000] {processor.py:183} INFO - Processing /home/airflow/.local/lib/python3.8/site-packages/airflow/example_dags/example_xcom.py took 0.082 seconds
[2026-02-02T14:36:35.504+0000] {processor.py:161} INFO - Started process (PID=1828) to work on /home/airflow/.local/lib/python3.8/site-packages/airflow/example_dags/example_xcom.py
[2026-02-02T14:36:35.505+0000] {processor.py:830} INFO - Processing file /home/airflow/.local/lib/python3.8/site-packages/airflow/example_dags/example_xcom.py for tasks to queue
[2026-02-02T14:36:35.506+0000] {logging_mixin.py:188} INFO - [2026-02-02T14:36:35.506+0000] {dagbag.py:538} INFO - Filling up the DagBag from /home/airflow/.local/lib/python3.8/site-packages/airflow/example_dags/example_xcom.py
[2026-02-02T14:36:35.514+0000] {processor.py:840} INFO - DAG(s) 'example_xcom' retrieved from /home/airflow/.local/lib/python3.8/site-packages/airflow/example_dags/example_xcom.py
[2026-02-02T14:36:35.538+0000] {logging_mixin.py:188} INFO - [2026-02-02T14:36:35.537+0000] {dag.py:3036} INFO - Sync 1 DAGs
[2026-02-02T14:36:35.562+0000] {logging_mixin.py:188} INFO - [2026-02-02T14:36:35.562+0000] {dag.py:3823} INFO - Setting next_dagrun for example_xcom to 2021-01-01 00:00:00+00:00, run_after=2021-01-01 00:00:00+00:00
[2026-02-02T14:36:35.582+0000] {processor.py:183} INFO - Processing /home/airflow/.local/lib/python3.8/site-packages/airflow/example_dags/example_xcom.py took 0.081 seconds
[2026-02-02T14:37:05.624+0000] {processor.py:161} INFO - Started process (PID=1883) to work on /home/airflow/.local/lib/python3.8/site-packages/airflow/example_dags/example_xcom.py
[2026-02-02T14:37:05.625+0000] {processor.py:830} INFO - Processing file /home/airflow/.local/lib/python3.8/site-packages/airflow/example_dags/example_xcom.py for tasks to queue
[2026-02-02T14:37:05.627+0000] {logging_mixin.py:188} INFO - [2026-02-02T14:37:05.626+0000] {dagbag.py:538} INFO - Filling up the DagBag from /home/airflow/.local/lib/python3.8/site-packages/airflow/example_dags/example_xcom.py
[2026-02-02T14:37:05.635+0000] {processor.py:840} INFO - DAG(s) 'example_xcom' retrieved from /home/airflow/.local/lib/python3.8/site-packages/airflow/example_dags/example_xcom.py
[2026-02-02T14:37:05.660+0000] {logging_mixin.py:188} INFO - [2026-02-02T14:37:05.660+0000] {dag.py:3036} INFO - Sync 1 DAGs
[2026-02-02T14:37:05.685+0000] {logging_mixin.py:188} INFO - [2026-02-02T14:37:05.685+0000] {dag.py:3823} INFO - Setting next_dagrun for example_xcom to 2021-01-01 00:00:00+00:00, run_after=2021-01-01 00:00:00+00:00
[2026-02-02T14:37:05.705+0000] {processor.py:183} INFO - Processing /home/airflow/.local/lib/python3.8/site-packages/airflow/example_dags/example_xcom.py took 0.084 seconds
[2026-02-02T14:37:35.773+0000] {processor.py:161} INFO - Started process (PID=1938) to work on /home/airflow/.local/lib/python3.8/site-packages/airflow/example_dags/example_xcom.py
[2026-02-02T14:37:35.775+0000] {processor.py:830} INFO - Processing file /home/airflow/.local/lib/python3.8/site-packages/airflow/example_dags/example_xcom.py for tasks to queue
[2026-02-02T14:37:35.777+0000] {logging_mixin.py:188} INFO - [2026-02-02T14:37:35.777+0000] {dagbag.py:538} INFO - Filling up the DagBag from /home/airflow/.local/lib/python3.8/site-packages/airflow/example_dags/example_xcom.py
[2026-02-02T14:37:35.814+0000] {processor.py:840} INFO - DAG(s) 'example_xcom' retrieved from /home/airflow/.local/lib/python3.8/site-packages/airflow/example_dags/example_xcom.py
[2026-02-02T14:37:35.872+0000] {logging_mixin.py:188} INFO - [2026-02-02T14:37:35.871+0000] {dag.py:3036} INFO - Sync 1 DAGs
[2026-02-02T14:37:35.957+0000] {logging_mixin.py:188} INFO - [2026-02-02T14:37:35.956+0000] {dag.py:3823} INFO - Setting next_dagrun for example_xcom to 2021-01-01 00:00:00+00:00, run_after=2021-01-01 00:00:00+00:00
[2026-02-02T14:37:36.001+0000] {processor.py:183} INFO - Processing /home/airflow/.local/lib/python3.8/site-packages/airflow/example_dags/example_xcom.py took 0.236 seconds
[2026-02-02T14:38:06.118+0000] {processor.py:161} INFO - Started process (PID=1992) to work on /home/airflow/.local/lib/python3.8/site-packages/airflow/example_dags/example_xcom.py
[2026-02-02T14:38:06.119+0000] {processor.py:830} INFO - Processing file /home/airflow/.local/lib/python3.8/site-packages/airflow/example_dags/example_xcom.py for tasks to queue
[2026-02-02T14:38:06.123+0000] {logging_mixin.py:188} INFO - [2026-02-02T14:38:06.123+0000] {dagbag.py:538} INFO - Filling up the DagBag from /home/airflow/.local/lib/python3.8/site-packages/airflow/example_dags/example_xcom.py
[2026-02-02T14:38:06.139+0000] {processor.py:840} INFO - DAG(s) 'example_xcom' retrieved from /home/airflow/.local/lib/python3.8/site-packages/airflow/example_dags/example_xcom.py
[2026-02-02T14:38:06.176+0000] {logging_mixin.py:188} INFO - [2026-02-02T14:38:06.176+0000] {dag.py:3036} INFO - Sync 1 DAGs
[2026-02-02T14:38:06.206+0000] {logging_mixin.py:188} INFO - [2026-02-02T14:38:06.206+0000] {dag.py:3823} INFO - Setting next_dagrun for example_xcom to 2021-01-01 00:00:00+00:00, run_after=2021-01-01 00:00:00+00:00
[2026-02-02T14:38:06.264+0000] {processor.py:183} INFO - Processing /home/airflow/.local/lib/python3.8/site-packages/airflow/example_dags/example_xcom.py took 0.153 seconds
[2026-02-02T14:38:36.317+0000] {processor.py:161} INFO - Started process (PID=2047) to work on /home/airflow/.local/lib/python3.8/site-packages/airflow/example_dags/example_xcom.py
[2026-02-02T14:38:36.318+0000] {processor.py:830} INFO - Processing file /home/airflow/.local/lib/python3.8/site-packages/airflow/example_dags/example_xcom.py for tasks to queue
[2026-02-02T14:38:36.319+0000] {logging_mixin.py:188} INFO - [2026-02-02T14:38:36.319+0000] {dagbag.py:538} INFO - Filling up the DagBag from /home/airflow/.local/lib/python3.8/site-packages/airflow/example_dags/example_xcom.py
[2026-02-02T14:38:36.325+0000] {processor.py:840} INFO - DAG(s) 'example_xcom' retrieved from /home/airflow/.local/lib/python3.8/site-packages/airflow/example_dags/example_xcom.py
[2026-02-02T14:38:36.342+0000] {logging_mixin.py:188} INFO - [2026-02-02T14:38:36.342+0000] {dag.py:3036} INFO - Sync 1 DAGs
[2026-02-02T14:38:36.359+0000] {logging_mixin.py:188} INFO - [2026-02-02T14:38:36.359+0000] {dag.py:3823} INFO - Setting next_dagrun for example_xcom to 2021-01-01 00:00:00+00:00, run_after=2021-01-01 00:00:00+00:00
[2026-02-02T14:38:36.373+0000] {processor.py:183} INFO - Processing /home/airflow/.local/lib/python3.8/site-packages/airflow/example_dags/example_xcom.py took 0.061 seconds
[2026-02-02T14:39:06.971+0000] {processor.py:161} INFO - Started process (PID=2102) to work on /home/airflow/.local/lib/python3.8/site-packages/airflow/example_dags/example_xcom.py
[2026-02-02T14:39:06.974+0000] {processor.py:830} INFO - Processing file /home/airflow/.local/lib/python3.8/site-packages/airflow/example_dags/example_xcom.py for tasks to queue
[2026-02-02T14:39:06.977+0000] {logging_mixin.py:188} INFO - [2026-02-02T14:39:06.977+0000] {dagbag.py:538} INFO - Filling up the DagBag from /home/airflow/.local/lib/python3.8/site-packages/airflow/example_dags/example_xcom.py
[2026-02-02T14:39:06.992+0000] {processor.py:840} INFO - DAG(s) 'example_xcom' retrieved from /home/airflow/.local/lib/python3.8/site-packages/airflow/example_dags/example_xcom.py
[2026-02-02T14:39:07.016+0000] {logging_mixin.py:188} INFO - [2026-02-02T14:39:07.016+0000] {dag.py:3036} INFO - Sync 1 DAGs
[2026-02-02T14:39:07.040+0000] {logging_mixin.py:188} INFO - [2026-02-02T14:39:07.040+0000] {dag.py:3823} INFO - Setting next_dagrun for example_xcom to 2021-01-01 00:00:00+00:00, run_after=2021-01-01 00:00:00+00:00
[2026-02-02T14:39:07.073+0000] {processor.py:183} INFO - Processing /home/airflow/.local/lib/python3.8/site-packages/airflow/example_dags/example_xcom.py took 0.109 seconds
[2026-02-02T14:39:37.120+0000] {processor.py:161} INFO - Started process (PID=2157) to work on /home/airflow/.local/lib/python3.8/site-packages/airflow/example_dags/example_xcom.py
[2026-02-02T14:39:37.121+0000] {processor.py:830} INFO - Processing file /home/airflow/.local/lib/python3.8/site-packages/airflow/example_dags/example_xcom.py for tasks to queue
[2026-02-02T14:39:37.123+0000] {logging_mixin.py:188} INFO - [2026-02-02T14:39:37.123+0000] {dagbag.py:538} INFO - Filling up the DagBag from /home/airflow/.local/lib/python3.8/site-packages/airflow/example_dags/example_xcom.py
[2026-02-02T14:39:37.129+0000] {processor.py:840} INFO - DAG(s) 'example_xcom' retrieved from /home/airflow/.local/lib/python3.8/site-packages/airflow/example_dags/example_xcom.py
[2026-02-02T14:39:37.146+0000] {logging_mixin.py:188} INFO - [2026-02-02T14:39:37.145+0000] {dag.py:3036} INFO - Sync 1 DAGs
[2026-02-02T14:39:37.163+0000] {logging_mixin.py:188} INFO - [2026-02-02T14:39:37.163+0000] {dag.py:3823} INFO - Setting next_dagrun for example_xcom to 2021-01-01 00:00:00+00:00, run_after=2021-01-01 00:00:00+00:00
[2026-02-02T14:39:37.177+0000] {processor.py:183} INFO - Processing /home/airflow/.local/lib/python3.8/site-packages/airflow/example_dags/example_xcom.py took 0.060 seconds
[2026-02-02T14:40:07.540+0000] {processor.py:161} INFO - Started process (PID=2211) to work on /home/airflow/.local/lib/python3.8/site-packages/airflow/example_dags/example_xcom.py
[2026-02-02T14:40:07.541+0000] {processor.py:830} INFO - Processing file /home/airflow/.local/lib/python3.8/site-packages/airflow/example_dags/example_xcom.py for tasks to queue
[2026-02-02T14:40:07.543+0000] {logging_mixin.py:188} INFO - [2026-02-02T14:40:07.543+0000] {dagbag.py:538} INFO - Filling up the DagBag from /home/airflow/.local/lib/python3.8/site-packages/airflow/example_dags/example_xcom.py
[2026-02-02T14:40:07.548+0000] {processor.py:840} INFO - DAG(s) 'example_xcom' retrieved from /home/airflow/.local/lib/python3.8/site-packages/airflow/example_dags/example_xcom.py
[2026-02-02T14:40:07.566+0000] {logging_mixin.py:188} INFO - [2026-02-02T14:40:07.566+0000] {dag.py:3036} INFO - Sync 1 DAGs
[2026-02-02T14:40:07.582+0000] {logging_mixin.py:188} INFO - [2026-02-02T14:40:07.582+0000] {dag.py:3823} INFO - Setting next_dagrun for example_xcom to 2021-01-01 00:00:00+00:00, run_after=2021-01-01 00:00:00+00:00
[2026-02-02T14:40:07.596+0000] {processor.py:183} INFO - Processing /home/airflow/.local/lib/python3.8/site-packages/airflow/example_dags/example_xcom.py took 0.059 seconds
[2026-02-02T14:40:37.860+0000] {processor.py:161} INFO - Started process (PID=2266) to work on /home/airflow/.local/lib/python3.8/site-packages/airflow/example_dags/example_xcom.py
[2026-02-02T14:40:37.861+0000] {processor.py:830} INFO - Processing file /home/airflow/.local/lib/python3.8/site-packages/airflow/example_dags/example_xcom.py for tasks to queue
[2026-02-02T14:40:37.863+0000] {logging_mixin.py:188} INFO - [2026-02-02T14:40:37.862+0000] {dagbag.py:538} INFO - Filling up the DagBag from /home/airflow/.local/lib/python3.8/site-packages/airflow/example_dags/example_xcom.py
[2026-02-02T14:40:37.868+0000] {processor.py:840} INFO - DAG(s) 'example_xcom' retrieved from /home/airflow/.local/lib/python3.8/site-packages/airflow/example_dags/example_xcom.py
[2026-02-02T14:40:37.884+0000] {logging_mixin.py:188} INFO - [2026-02-02T14:40:37.884+0000] {dag.py:3036} INFO - Sync 1 DAGs
[2026-02-02T14:40:37.901+0000] {logging_mixin.py:188} INFO - [2026-02-02T14:40:37.901+0000] {dag.py:3823} INFO - Setting next_dagrun for example_xcom to 2021-01-01 00:00:00+00:00, run_after=2021-01-01 00:00:00+00:00
[2026-02-02T14:40:37.918+0000] {processor.py:183} INFO - Processing /home/airflow/.local/lib/python3.8/site-packages/airflow/example_dags/example_xcom.py took 0.061 seconds
[2026-02-02T14:41:08.108+0000] {processor.py:161} INFO - Started process (PID=2322) to work on /home/airflow/.local/lib/python3.8/site-packages/airflow/example_dags/example_xcom.py
[2026-02-02T14:41:08.109+0000] {processor.py:830} INFO - Processing file /home/airflow/.local/lib/python3.8/site-packages/airflow/example_dags/example_xcom.py for tasks to queue
[2026-02-02T14:41:08.111+0000] {logging_mixin.py:188} INFO - [2026-02-02T14:41:08.110+0000] {dagbag.py:538} INFO - Filling up the DagBag from /home/airflow/.local/lib/python3.8/site-packages/airflow/example_dags/example_xcom.py
[2026-02-02T14:41:08.118+0000] {processor.py:840} INFO - DAG(s) 'example_xcom' retrieved from /home/airflow/.local/lib/python3.8/site-packages/airflow/example_dags/example_xcom.py
[2026-02-02T14:41:08.134+0000] {logging_mixin.py:188} INFO - [2026-02-02T14:41:08.133+0000] {dag.py:3036} INFO - Sync 1 DAGs
[2026-02-02T14:41:08.160+0000] {logging_mixin.py:188} INFO - [2026-02-02T14:41:08.160+0000] {dag.py:3823} INFO - Setting next_dagrun for example_xcom to 2021-01-01 00:00:00+00:00, run_after=2021-01-01 00:00:00+00:00
[2026-02-02T14:41:08.180+0000] {processor.py:183} INFO - Processing /home/airflow/.local/lib/python3.8/site-packages/airflow/example_dags/example_xcom.py took 0.074 seconds
[2026-02-02T14:41:38.306+0000] {processor.py:161} INFO - Started process (PID=2377) to work on /home/airflow/.local/lib/python3.8/site-packages/airflow/example_dags/example_xcom.py
[2026-02-02T14:41:38.307+0000] {processor.py:830} INFO - Processing file /home/airflow/.local/lib/python3.8/site-packages/airflow/example_dags/example_xcom.py for tasks to queue
[2026-02-02T14:41:38.308+0000] {logging_mixin.py:188} INFO - [2026-02-02T14:41:38.308+0000] {dagbag.py:538} INFO - Filling up the DagBag from /home/airflow/.local/lib/python3.8/site-packages/airflow/example_dags/example_xcom.py
[2026-02-02T14:41:38.314+0000] {processor.py:840} INFO - DAG(s) 'example_xcom' retrieved from /home/airflow/.local/lib/python3.8/site-packages/airflow/example_dags/example_xcom.py
[2026-02-02T14:41:38.329+0000] {logging_mixin.py:188} INFO - [2026-02-02T14:41:38.329+0000] {dag.py:3036} INFO - Sync 1 DAGs
[2026-02-02T14:41:38.345+0000] {logging_mixin.py:188} INFO - [2026-02-02T14:41:38.345+0000] {dag.py:3823} INFO - Setting next_dagrun for example_xcom to 2021-01-01 00:00:00+00:00, run_after=2021-01-01 00:00:00+00:00
[2026-02-02T14:41:38.359+0000] {processor.py:183} INFO - Processing /home/airflow/.local/lib/python3.8/site-packages/airflow/example_dags/example_xcom.py took 0.056 seconds
[2026-02-02T14:42:08.858+0000] {processor.py:161} INFO - Started process (PID=2432) to work on /home/airflow/.local/lib/python3.8/site-packages/airflow/example_dags/example_xcom.py
[2026-02-02T14:42:08.859+0000] {processor.py:830} INFO - Processing file /home/airflow/.local/lib/python3.8/site-packages/airflow/example_dags/example_xcom.py for tasks to queue
[2026-02-02T14:42:08.860+0000] {logging_mixin.py:188} INFO - [2026-02-02T14:42:08.860+0000] {dagbag.py:538} INFO - Filling up the DagBag from /home/airflow/.local/lib/python3.8/site-packages/airflow/example_dags/example_xcom.py
[2026-02-02T14:42:08.866+0000] {processor.py:840} INFO - DAG(s) 'example_xcom' retrieved from /home/airflow/.local/lib/python3.8/site-packages/airflow/example_dags/example_xcom.py
[2026-02-02T14:42:08.883+0000] {logging_mixin.py:188} INFO - [2026-02-02T14:42:08.883+0000] {dag.py:3036} INFO - Sync 1 DAGs
[2026-02-02T14:42:08.900+0000] {logging_mixin.py:188} INFO - [2026-02-02T14:42:08.899+0000] {dag.py:3823} INFO - Setting next_dagrun for example_xcom to 2021-01-01 00:00:00+00:00, run_after=2021-01-01 00:00:00+00:00
[2026-02-02T14:42:08.913+0000] {processor.py:183} INFO - Processing /home/airflow/.local/lib/python3.8/site-packages/airflow/example_dags/example_xcom.py took 0.058 seconds
[2026-02-02T14:42:39.670+0000] {processor.py:161} INFO - Started process (PID=2487) to work on /home/airflow/.local/lib/python3.8/site-packages/airflow/example_dags/example_xcom.py
[2026-02-02T14:42:39.671+0000] {processor.py:830} INFO - Processing file /home/airflow/.local/lib/python3.8/site-packages/airflow/example_dags/example_xcom.py for tasks to queue
[2026-02-02T14:42:39.672+0000] {logging_mixin.py:188} INFO - [2026-02-02T14:42:39.672+0000] {dagbag.py:538} INFO - Filling up the DagBag from /home/airflow/.local/lib/python3.8/site-packages/airflow/example_dags/example_xcom.py
[2026-02-02T14:42:39.678+0000] {processor.py:840} INFO - DAG(s) 'example_xcom' retrieved from /home/airflow/.local/lib/python3.8/site-packages/airflow/example_dags/example_xcom.py
[2026-02-02T14:42:39.694+0000] {logging_mixin.py:188} INFO - [2026-02-02T14:42:39.694+0000] {dag.py:3036} INFO - Sync 1 DAGs
[2026-02-02T14:42:39.711+0000] {logging_mixin.py:188} INFO - [2026-02-02T14:42:39.711+0000] {dag.py:3823} INFO - Setting next_dagrun for example_xcom to 2021-01-01 00:00:00+00:00, run_after=2021-01-01 00:00:00+00:00
[2026-02-02T14:42:39.725+0000] {processor.py:183} INFO - Processing /home/airflow/.local/lib/python3.8/site-packages/airflow/example_dags/example_xcom.py took 0.058 seconds
[2026-02-02T14:43:10.258+0000] {processor.py:161} INFO - Started process (PID=2541) to work on /home/airflow/.local/lib/python3.8/site-packages/airflow/example_dags/example_xcom.py
[2026-02-02T14:43:10.259+0000] {processor.py:830} INFO - Processing file /home/airflow/.local/lib/python3.8/site-packages/airflow/example_dags/example_xcom.py for tasks to queue
[2026-02-02T14:43:10.261+0000] {logging_mixin.py:188} INFO - [2026-02-02T14:43:10.260+0000] {dagbag.py:538} INFO - Filling up the DagBag from /home/airflow/.local/lib/python3.8/site-packages/airflow/example_dags/example_xcom.py
[2026-02-02T14:43:10.267+0000] {processor.py:840} INFO - DAG(s) 'example_xcom' retrieved from /home/airflow/.local/lib/python3.8/site-packages/airflow/example_dags/example_xcom.py
[2026-02-02T14:43:10.283+0000] {logging_mixin.py:188} INFO - [2026-02-02T14:43:10.283+0000] {dag.py:3036} INFO - Sync 1 DAGs
[2026-02-02T14:43:10.300+0000] {logging_mixin.py:188} INFO - [2026-02-02T14:43:10.300+0000] {dag.py:3823} INFO - Setting next_dagrun for example_xcom to 2021-01-01 00:00:00+00:00, run_after=2021-01-01 00:00:00+00:00
[2026-02-02T14:43:10.429+0000] {processor.py:183} INFO - Processing /home/airflow/.local/lib/python3.8/site-packages/airflow/example_dags/example_xcom.py took 0.174 seconds
[2026-02-02T14:43:41.418+0000] {processor.py:161} INFO - Started process (PID=2596) to work on /home/airflow/.local/lib/python3.8/site-packages/airflow/example_dags/example_xcom.py
[2026-02-02T14:43:41.418+0000] {processor.py:830} INFO - Processing file /home/airflow/.local/lib/python3.8/site-packages/airflow/example_dags/example_xcom.py for tasks to queue
[2026-02-02T14:43:41.420+0000] {logging_mixin.py:188} INFO - [2026-02-02T14:43:41.419+0000] {dagbag.py:538} INFO - Filling up the DagBag from /home/airflow/.local/lib/python3.8/site-packages/airflow/example_dags/example_xcom.py
[2026-02-02T14:43:41.426+0000] {processor.py:840} INFO - DAG(s) 'example_xcom' retrieved from /home/airflow/.local/lib/python3.8/site-packages/airflow/example_dags/example_xcom.py
[2026-02-02T14:43:41.443+0000] {logging_mixin.py:188} INFO - [2026-02-02T14:43:41.443+0000] {dag.py:3036} INFO - Sync 1 DAGs
[2026-02-02T14:43:41.459+0000] {logging_mixin.py:188} INFO - [2026-02-02T14:43:41.459+0000] {dag.py:3823} INFO - Setting next_dagrun for example_xcom to 2021-01-01 00:00:00+00:00, run_after=2021-01-01 00:00:00+00:00
[2026-02-02T14:43:41.473+0000] {processor.py:183} INFO - Processing /home/airflow/.local/lib/python3.8/site-packages/airflow/example_dags/example_xcom.py took 0.059 seconds
[2026-02-02T14:44:12.096+0000] {processor.py:161} INFO - Started process (PID=2651) to work on /home/airflow/.local/lib/python3.8/site-packages/airflow/example_dags/example_xcom.py
[2026-02-02T14:44:12.097+0000] {processor.py:830} INFO - Processing file /home/airflow/.local/lib/python3.8/site-packages/airflow/example_dags/example_xcom.py for tasks to queue
[2026-02-02T14:44:12.099+0000] {logging_mixin.py:188} INFO - [2026-02-02T14:44:12.098+0000] {dagbag.py:538} INFO - Filling up the DagBag from /home/airflow/.local/lib/python3.8/site-packages/airflow/example_dags/example_xcom.py
[2026-02-02T14:44:12.104+0000] {processor.py:840} INFO - DAG(s) 'example_xcom' retrieved from /home/airflow/.local/lib/python3.8/site-packages/airflow/example_dags/example_xcom.py
[2026-02-02T14:44:12.120+0000] {logging_mixin.py:188} INFO - [2026-02-02T14:44:12.119+0000] {dag.py:3036} INFO - Sync 1 DAGs
[2026-02-02T14:44:12.136+0000] {logging_mixin.py:188} INFO - [2026-02-02T14:44:12.136+0000] {dag.py:3823} INFO - Setting next_dagrun for example_xcom to 2021-01-01 00:00:00+00:00, run_after=2021-01-01 00:00:00+00:00
[2026-02-02T14:44:12.155+0000] {processor.py:183} INFO - Processing /home/airflow/.local/lib/python3.8/site-packages/airflow/example_dags/example_xcom.py took 0.062 seconds
[2026-02-02T14:44:42.655+0000] {processor.py:161} INFO - Started process (PID=2706) to work on /home/airflow/.local/lib/python3.8/site-packages/airflow/example_dags/example_xcom.py
[2026-02-02T14:44:42.657+0000] {processor.py:830} INFO - Processing file /home/airflow/.local/lib/python3.8/site-packages/airflow/example_dags/example_xcom.py for tasks to queue
[2026-02-02T14:44:42.660+0000] {logging_mixin.py:188} INFO - [2026-02-02T14:44:42.660+0000] {dagbag.py:538} INFO - Filling up the DagBag from /home/airflow/.local/lib/python3.8/site-packages/airflow/example_dags/example_xcom.py
[2026-02-02T14:44:42.669+0000] {processor.py:840} INFO - DAG(s) 'example_xcom' retrieved from /home/airflow/.local/lib/python3.8/site-packages/airflow/example_dags/example_xcom.py
[2026-02-02T14:44:42.694+0000] {logging_mixin.py:188} INFO - [2026-02-02T14:44:42.694+0000] {dag.py:3036} INFO - Sync 1 DAGs
[2026-02-02T14:44:42.719+0000] {logging_mixin.py:188} INFO - [2026-02-02T14:44:42.718+0000] {dag.py:3823} INFO - Setting next_dagrun for example_xcom to 2021-01-01 00:00:00+00:00, run_after=2021-01-01 00:00:00+00:00
[2026-02-02T14:44:42.732+0000] {processor.py:183} INFO - Processing /home/airflow/.local/lib/python3.8/site-packages/airflow/example_dags/example_xcom.py took 0.082 seconds
[2026-02-02T14:45:12.952+0000] {processor.py:161} INFO - Started process (PID=2762) to work on /home/airflow/.local/lib/python3.8/site-packages/airflow/example_dags/example_xcom.py
[2026-02-02T14:45:12.955+0000] {processor.py:830} INFO - Processing file /home/airflow/.local/lib/python3.8/site-packages/airflow/example_dags/example_xcom.py for tasks to queue
[2026-02-02T14:45:12.959+0000] {logging_mixin.py:188} INFO - [2026-02-02T14:45:12.959+0000] {dagbag.py:538} INFO - Filling up the DagBag from /home/airflow/.local/lib/python3.8/site-packages/airflow/example_dags/example_xcom.py
[2026-02-02T14:45:12.983+0000] {processor.py:840} INFO - DAG(s) 'example_xcom' retrieved from /home/airflow/.local/lib/python3.8/site-packages/airflow/example_dags/example_xcom.py
[2026-02-02T14:45:13.176+0000] {logging_mixin.py:188} INFO - [2026-02-02T14:45:13.175+0000] {dag.py:3036} INFO - Sync 1 DAGs
[2026-02-02T14:45:13.198+0000] {logging_mixin.py:188} INFO - [2026-02-02T14:45:13.198+0000] {dag.py:3823} INFO - Setting next_dagrun for example_xcom to 2021-01-01 00:00:00+00:00, run_after=2021-01-01 00:00:00+00:00
[2026-02-02T14:45:13.215+0000] {processor.py:183} INFO - Processing /home/airflow/.local/lib/python3.8/site-packages/airflow/example_dags/example_xcom.py took 0.273 seconds
[2026-02-02T14:45:43.569+0000] {processor.py:161} INFO - Started process (PID=2818) to work on /home/airflow/.local/lib/python3.8/site-packages/airflow/example_dags/example_xcom.py
[2026-02-02T14:45:43.570+0000] {processor.py:830} INFO - Processing file /home/airflow/.local/lib/python3.8/site-packages/airflow/example_dags/example_xcom.py for tasks to queue
[2026-02-02T14:45:43.571+0000] {logging_mixin.py:188} INFO - [2026-02-02T14:45:43.571+0000] {dagbag.py:538} INFO - Filling up the DagBag from /home/airflow/.local/lib/python3.8/site-packages/airflow/example_dags/example_xcom.py
[2026-02-02T14:45:43.577+0000] {processor.py:840} INFO - DAG(s) 'example_xcom' retrieved from /home/airflow/.local/lib/python3.8/site-packages/airflow/example_dags/example_xcom.py
[2026-02-02T14:45:43.594+0000] {logging_mixin.py:188} INFO - [2026-02-02T14:45:43.594+0000] {dag.py:3036} INFO - Sync 1 DAGs
[2026-02-02T14:45:43.612+0000] {logging_mixin.py:188} INFO - [2026-02-02T14:45:43.612+0000] {dag.py:3823} INFO - Setting next_dagrun for example_xcom to 2021-01-01 00:00:00+00:00, run_after=2021-01-01 00:00:00+00:00
[2026-02-02T14:45:43.626+0000] {processor.py:183} INFO - Processing /home/airflow/.local/lib/python3.8/site-packages/airflow/example_dags/example_xcom.py took 0.059 seconds
[2026-02-02T14:46:13.978+0000] {processor.py:161} INFO - Started process (PID=2873) to work on /home/airflow/.local/lib/python3.8/site-packages/airflow/example_dags/example_xcom.py
[2026-02-02T14:46:13.979+0000] {processor.py:830} INFO - Processing file /home/airflow/.local/lib/python3.8/site-packages/airflow/example_dags/example_xcom.py for tasks to queue
[2026-02-02T14:46:13.980+0000] {logging_mixin.py:188} INFO - [2026-02-02T14:46:13.980+0000] {dagbag.py:538} INFO - Filling up the DagBag from /home/airflow/.local/lib/python3.8/site-packages/airflow/example_dags/example_xcom.py
[2026-02-02T14:46:13.986+0000] {processor.py:840} INFO - DAG(s) 'example_xcom' retrieved from /home/airflow/.local/lib/python3.8/site-packages/airflow/example_dags/example_xcom.py
[2026-02-02T14:46:14.003+0000] {logging_mixin.py:188} INFO - [2026-02-02T14:46:14.003+0000] {dag.py:3036} INFO - Sync 1 DAGs
[2026-02-02T14:46:14.019+0000] {logging_mixin.py:188} INFO - [2026-02-02T14:46:14.019+0000] {dag.py:3823} INFO - Setting next_dagrun for example_xcom to 2021-01-01 00:00:00+00:00, run_after=2021-01-01 00:00:00+00:00
[2026-02-02T14:46:14.033+0000] {processor.py:183} INFO - Processing /home/airflow/.local/lib/python3.8/site-packages/airflow/example_dags/example_xcom.py took 0.057 seconds
[2026-02-02T14:46:44.956+0000] {processor.py:161} INFO - Started process (PID=2929) to work on /home/airflow/.local/lib/python3.8/site-packages/airflow/example_dags/example_xcom.py
[2026-02-02T14:46:44.957+0000] {processor.py:830} INFO - Processing file /home/airflow/.local/lib/python3.8/site-packages/airflow/example_dags/example_xcom.py for tasks to queue
[2026-02-02T14:46:44.958+0000] {logging_mixin.py:188} INFO - [2026-02-02T14:46:44.958+0000] {dagbag.py:538} INFO - Filling up the DagBag from /home/airflow/.local/lib/python3.8/site-packages/airflow/example_dags/example_xcom.py
[2026-02-02T14:46:44.964+0000] {processor.py:840} INFO - DAG(s) 'example_xcom' retrieved from /home/airflow/.local/lib/python3.8/site-packages/airflow/example_dags/example_xcom.py
[2026-02-02T14:46:44.981+0000] {logging_mixin.py:188} INFO - [2026-02-02T14:46:44.981+0000] {dag.py:3036} INFO - Sync 1 DAGs
[2026-02-02T14:46:45.008+0000] {logging_mixin.py:188} INFO - [2026-02-02T14:46:45.007+0000] {dag.py:3823} INFO - Setting next_dagrun for example_xcom to 2021-01-01 00:00:00+00:00, run_after=2021-01-01 00:00:00+00:00
[2026-02-02T14:46:45.026+0000] {processor.py:183} INFO - Processing /home/airflow/.local/lib/python3.8/site-packages/airflow/example_dags/example_xcom.py took 0.073 seconds
[2026-02-02T14:47:15.342+0000] {processor.py:161} INFO - Started process (PID=2985) to work on /home/airflow/.local/lib/python3.8/site-packages/airflow/example_dags/example_xcom.py
[2026-02-02T14:47:15.343+0000] {processor.py:830} INFO - Processing file /home/airflow/.local/lib/python3.8/site-packages/airflow/example_dags/example_xcom.py for tasks to queue
[2026-02-02T14:47:15.344+0000] {logging_mixin.py:188} INFO - [2026-02-02T14:47:15.344+0000] {dagbag.py:538} INFO - Filling up the DagBag from /home/airflow/.local/lib/python3.8/site-packages/airflow/example_dags/example_xcom.py
[2026-02-02T14:47:15.352+0000] {processor.py:840} INFO - DAG(s) 'example_xcom' retrieved from /home/airflow/.local/lib/python3.8/site-packages/airflow/example_dags/example_xcom.py
[2026-02-02T14:47:15.378+0000] {logging_mixin.py:188} INFO - [2026-02-02T14:47:15.377+0000] {dag.py:3036} INFO - Sync 1 DAGs
[2026-02-02T14:47:15.404+0000] {logging_mixin.py:188} INFO - [2026-02-02T14:47:15.403+0000] {dag.py:3823} INFO - Setting next_dagrun for example_xcom to 2021-01-01 00:00:00+00:00, run_after=2021-01-01 00:00:00+00:00
[2026-02-02T14:47:15.426+0000] {processor.py:183} INFO - Processing /home/airflow/.local/lib/python3.8/site-packages/airflow/example_dags/example_xcom.py took 0.087 seconds
[2026-02-02T14:47:46.177+0000] {processor.py:161} INFO - Started process (PID=3042) to work on /home/airflow/.local/lib/python3.8/site-packages/airflow/example_dags/example_xcom.py
[2026-02-02T14:47:46.178+0000] {processor.py:830} INFO - Processing file /home/airflow/.local/lib/python3.8/site-packages/airflow/example_dags/example_xcom.py for tasks to queue
[2026-02-02T14:47:46.181+0000] {logging_mixin.py:188} INFO - [2026-02-02T14:47:46.180+0000] {dagbag.py:538} INFO - Filling up the DagBag from /home/airflow/.local/lib/python3.8/site-packages/airflow/example_dags/example_xcom.py
[2026-02-02T14:47:46.190+0000] {processor.py:840} INFO - DAG(s) 'example_xcom' retrieved from /home/airflow/.local/lib/python3.8/site-packages/airflow/example_dags/example_xcom.py
[2026-02-02T14:47:46.214+0000] {logging_mixin.py:188} INFO - [2026-02-02T14:47:46.214+0000] {dag.py:3036} INFO - Sync 1 DAGs
[2026-02-02T14:47:46.240+0000] {logging_mixin.py:188} INFO - [2026-02-02T14:47:46.239+0000] {dag.py:3823} INFO - Setting next_dagrun for example_xcom to 2021-01-01 00:00:00+00:00, run_after=2021-01-01 00:00:00+00:00
[2026-02-02T14:47:46.260+0000] {processor.py:183} INFO - Processing /home/airflow/.local/lib/python3.8/site-packages/airflow/example_dags/example_xcom.py took 0.086 seconds
[2026-02-02T14:48:16.341+0000] {processor.py:161} INFO - Started process (PID=3098) to work on /home/airflow/.local/lib/python3.8/site-packages/airflow/example_dags/example_xcom.py
[2026-02-02T14:48:16.342+0000] {processor.py:830} INFO - Processing file /home/airflow/.local/lib/python3.8/site-packages/airflow/example_dags/example_xcom.py for tasks to queue
[2026-02-02T14:48:16.343+0000] {logging_mixin.py:188} INFO - [2026-02-02T14:48:16.343+0000] {dagbag.py:538} INFO - Filling up the DagBag from /home/airflow/.local/lib/python3.8/site-packages/airflow/example_dags/example_xcom.py
[2026-02-02T14:48:16.351+0000] {processor.py:840} INFO - DAG(s) 'example_xcom' retrieved from /home/airflow/.local/lib/python3.8/site-packages/airflow/example_dags/example_xcom.py
[2026-02-02T14:48:16.371+0000] {logging_mixin.py:188} INFO - [2026-02-02T14:48:16.371+0000] {dag.py:3036} INFO - Sync 1 DAGs
[2026-02-02T14:48:16.394+0000] {logging_mixin.py:188} INFO - [2026-02-02T14:48:16.394+0000] {dag.py:3823} INFO - Setting next_dagrun for example_xcom to 2021-01-01 00:00:00+00:00, run_after=2021-01-01 00:00:00+00:00
[2026-02-02T14:48:16.418+0000] {processor.py:183} INFO - Processing /home/airflow/.local/lib/python3.8/site-packages/airflow/example_dags/example_xcom.py took 0.080 seconds
[2026-02-02T14:48:46.808+0000] {processor.py:161} INFO - Started process (PID=3153) to work on /home/airflow/.local/lib/python3.8/site-packages/airflow/example_dags/example_xcom.py
[2026-02-02T14:48:46.809+0000] {processor.py:830} INFO - Processing file /home/airflow/.local/lib/python3.8/site-packages/airflow/example_dags/example_xcom.py for tasks to queue
[2026-02-02T14:48:46.810+0000] {logging_mixin.py:188} INFO - [2026-02-02T14:48:46.810+0000] {dagbag.py:538} INFO - Filling up the DagBag from /home/airflow/.local/lib/python3.8/site-packages/airflow/example_dags/example_xcom.py
[2026-02-02T14:48:46.816+0000] {processor.py:840} INFO - DAG(s) 'example_xcom' retrieved from /home/airflow/.local/lib/python3.8/site-packages/airflow/example_dags/example_xcom.py
[2026-02-02T14:48:46.846+0000] {logging_mixin.py:188} INFO - [2026-02-02T14:48:46.845+0000] {dag.py:3036} INFO - Sync 1 DAGs
[2026-02-02T14:48:46.871+0000] {logging_mixin.py:188} INFO - [2026-02-02T14:48:46.871+0000] {dag.py:3823} INFO - Setting next_dagrun for example_xcom to 2021-01-01 00:00:00+00:00, run_after=2021-01-01 00:00:00+00:00
[2026-02-02T14:48:46.896+0000] {processor.py:183} INFO - Processing /home/airflow/.local/lib/python3.8/site-packages/airflow/example_dags/example_xcom.py took 0.090 seconds
[2026-02-02T14:49:17.094+0000] {processor.py:161} INFO - Started process (PID=3209) to work on /home/airflow/.local/lib/python3.8/site-packages/airflow/example_dags/example_xcom.py
[2026-02-02T14:49:17.095+0000] {processor.py:830} INFO - Processing file /home/airflow/.local/lib/python3.8/site-packages/airflow/example_dags/example_xcom.py for tasks to queue
[2026-02-02T14:49:17.096+0000] {logging_mixin.py:188} INFO - [2026-02-02T14:49:17.096+0000] {dagbag.py:538} INFO - Filling up the DagBag from /home/airflow/.local/lib/python3.8/site-packages/airflow/example_dags/example_xcom.py
[2026-02-02T14:49:17.103+0000] {processor.py:840} INFO - DAG(s) 'example_xcom' retrieved from /home/airflow/.local/lib/python3.8/site-packages/airflow/example_dags/example_xcom.py
[2026-02-02T14:49:17.123+0000] {logging_mixin.py:188} INFO - [2026-02-02T14:49:17.123+0000] {dag.py:3036} INFO - Sync 1 DAGs
[2026-02-02T14:49:17.139+0000] {logging_mixin.py:188} INFO - [2026-02-02T14:49:17.139+0000] {dag.py:3823} INFO - Setting next_dagrun for example_xcom to 2021-01-01 00:00:00+00:00, run_after=2021-01-01 00:00:00+00:00
[2026-02-02T14:49:17.153+0000] {processor.py:183} INFO - Processing /home/airflow/.local/lib/python3.8/site-packages/airflow/example_dags/example_xcom.py took 0.062 seconds
[2026-02-02T14:49:47.865+0000] {processor.py:161} INFO - Started process (PID=3265) to work on /home/airflow/.local/lib/python3.8/site-packages/airflow/example_dags/example_xcom.py
[2026-02-02T14:49:47.866+0000] {processor.py:830} INFO - Processing file /home/airflow/.local/lib/python3.8/site-packages/airflow/example_dags/example_xcom.py for tasks to queue
[2026-02-02T14:49:47.867+0000] {logging_mixin.py:188} INFO - [2026-02-02T14:49:47.867+0000] {dagbag.py:538} INFO - Filling up the DagBag from /home/airflow/.local/lib/python3.8/site-packages/airflow/example_dags/example_xcom.py
[2026-02-02T14:49:47.873+0000] {processor.py:840} INFO - DAG(s) 'example_xcom' retrieved from /home/airflow/.local/lib/python3.8/site-packages/airflow/example_dags/example_xcom.py
[2026-02-02T14:49:47.890+0000] {logging_mixin.py:188} INFO - [2026-02-02T14:49:47.890+0000] {dag.py:3036} INFO - Sync 1 DAGs
[2026-02-02T14:49:47.907+0000] {logging_mixin.py:188} INFO - [2026-02-02T14:49:47.907+0000] {dag.py:3823} INFO - Setting next_dagrun for example_xcom to 2021-01-01 00:00:00+00:00, run_after=2021-01-01 00:00:00+00:00
[2026-02-02T14:49:47.921+0000] {processor.py:183} INFO - Processing /home/airflow/.local/lib/python3.8/site-packages/airflow/example_dags/example_xcom.py took 0.058 seconds
[2026-02-02T14:50:18.176+0000] {processor.py:161} INFO - Started process (PID=3321) to work on /home/airflow/.local/lib/python3.8/site-packages/airflow/example_dags/example_xcom.py
[2026-02-02T14:50:18.180+0000] {processor.py:830} INFO - Processing file /home/airflow/.local/lib/python3.8/site-packages/airflow/example_dags/example_xcom.py for tasks to queue
[2026-02-02T14:50:18.185+0000] {logging_mixin.py:188} INFO - [2026-02-02T14:50:18.185+0000] {dagbag.py:538} INFO - Filling up the DagBag from /home/airflow/.local/lib/python3.8/site-packages/airflow/example_dags/example_xcom.py
[2026-02-02T14:50:18.211+0000] {processor.py:840} INFO - DAG(s) 'example_xcom' retrieved from /home/airflow/.local/lib/python3.8/site-packages/airflow/example_dags/example_xcom.py
[2026-02-02T14:50:18.246+0000] {logging_mixin.py:188} INFO - [2026-02-02T14:50:18.246+0000] {dag.py:3036} INFO - Sync 1 DAGs
[2026-02-02T14:50:18.275+0000] {logging_mixin.py:188} INFO - [2026-02-02T14:50:18.274+0000] {dag.py:3823} INFO - Setting next_dagrun for example_xcom to 2021-01-01 00:00:00+00:00, run_after=2021-01-01 00:00:00+00:00
[2026-02-02T14:50:18.291+0000] {processor.py:183} INFO - Processing /home/airflow/.local/lib/python3.8/site-packages/airflow/example_dags/example_xcom.py took 0.127 seconds
[2026-02-02T14:50:48.583+0000] {processor.py:161} INFO - Started process (PID=3377) to work on /home/airflow/.local/lib/python3.8/site-packages/airflow/example_dags/example_xcom.py
[2026-02-02T14:50:48.584+0000] {processor.py:830} INFO - Processing file /home/airflow/.local/lib/python3.8/site-packages/airflow/example_dags/example_xcom.py for tasks to queue
[2026-02-02T14:50:48.585+0000] {logging_mixin.py:188} INFO - [2026-02-02T14:50:48.585+0000] {dagbag.py:538} INFO - Filling up the DagBag from /home/airflow/.local/lib/python3.8/site-packages/airflow/example_dags/example_xcom.py
[2026-02-02T14:50:48.594+0000] {processor.py:840} INFO - DAG(s) 'example_xcom' retrieved from /home/airflow/.local/lib/python3.8/site-packages/airflow/example_dags/example_xcom.py
[2026-02-02T14:50:48.618+0000] {logging_mixin.py:188} INFO - [2026-02-02T14:50:48.618+0000] {dag.py:3036} INFO - Sync 1 DAGs
[2026-02-02T14:50:48.642+0000] {logging_mixin.py:188} INFO - [2026-02-02T14:50:48.642+0000] {dag.py:3823} INFO - Setting next_dagrun for example_xcom to 2021-01-01 00:00:00+00:00, run_after=2021-01-01 00:00:00+00:00
[2026-02-02T14:50:48.667+0000] {processor.py:183} INFO - Processing /home/airflow/.local/lib/python3.8/site-packages/airflow/example_dags/example_xcom.py took 0.087 seconds
