[2026-02-02T14:20:36.239+0000] {processor.py:161} INFO - Started process (PID=108) to work on /home/airflow/.local/lib/python3.8/site-packages/airflow/example_dags/example_sensor_decorator.py
[2026-02-02T14:20:36.240+0000] {processor.py:830} INFO - Processing file /home/airflow/.local/lib/python3.8/site-packages/airflow/example_dags/example_sensor_decorator.py for tasks to queue
[2026-02-02T14:20:36.242+0000] {logging_mixin.py:188} INFO - [2026-02-02T14:20:36.241+0000] {dagbag.py:538} INFO - Filling up the DagBag from /home/airflow/.local/lib/python3.8/site-packages/airflow/example_dags/example_sensor_decorator.py
[2026-02-02T14:20:36.249+0000] {processor.py:840} INFO - DAG(s) 'example_sensor_decorator' retrieved from /home/airflow/.local/lib/python3.8/site-packages/airflow/example_dags/example_sensor_decorator.py
[2026-02-02T14:20:36.434+0000] {logging_mixin.py:188} INFO - [2026-02-02T14:20:36.434+0000] {override.py:1769} INFO - Created Permission View: can edit on DAG:example_sensor_decorator
[2026-02-02T14:20:36.453+0000] {logging_mixin.py:188} INFO - [2026-02-02T14:20:36.453+0000] {override.py:1769} INFO - Created Permission View: can delete on DAG:example_sensor_decorator
[2026-02-02T14:20:36.460+0000] {logging_mixin.py:188} INFO - [2026-02-02T14:20:36.460+0000] {override.py:1769} INFO - Created Permission View: can read on DAG:example_sensor_decorator
[2026-02-02T14:20:36.461+0000] {logging_mixin.py:188} INFO - [2026-02-02T14:20:36.460+0000] {dag.py:3036} INFO - Sync 1 DAGs
[2026-02-02T14:20:36.475+0000] {logging_mixin.py:188} INFO - [2026-02-02T14:20:36.475+0000] {dag.py:3058} INFO - Creating ORM DAG for example_sensor_decorator
[2026-02-02T14:20:36.476+0000] {logging_mixin.py:188} INFO - [2026-02-02T14:20:36.476+0000] {dag.py:3823} INFO - Setting next_dagrun for example_sensor_decorator to None, run_after=None
[2026-02-02T14:20:36.493+0000] {processor.py:183} INFO - Processing /home/airflow/.local/lib/python3.8/site-packages/airflow/example_dags/example_sensor_decorator.py took 0.258 seconds
[2026-02-02T14:21:07.389+0000] {processor.py:161} INFO - Started process (PID=163) to work on /home/airflow/.local/lib/python3.8/site-packages/airflow/example_dags/example_sensor_decorator.py
[2026-02-02T14:21:07.391+0000] {processor.py:830} INFO - Processing file /home/airflow/.local/lib/python3.8/site-packages/airflow/example_dags/example_sensor_decorator.py for tasks to queue
[2026-02-02T14:21:07.394+0000] {logging_mixin.py:188} INFO - [2026-02-02T14:21:07.394+0000] {dagbag.py:538} INFO - Filling up the DagBag from /home/airflow/.local/lib/python3.8/site-packages/airflow/example_dags/example_sensor_decorator.py
[2026-02-02T14:21:07.402+0000] {processor.py:840} INFO - DAG(s) 'example_sensor_decorator' retrieved from /home/airflow/.local/lib/python3.8/site-packages/airflow/example_dags/example_sensor_decorator.py
[2026-02-02T14:21:07.428+0000] {logging_mixin.py:188} INFO - [2026-02-02T14:21:07.428+0000] {dag.py:3036} INFO - Sync 1 DAGs
[2026-02-02T14:21:07.443+0000] {logging_mixin.py:188} INFO - [2026-02-02T14:21:07.442+0000] {dag.py:3823} INFO - Setting next_dagrun for example_sensor_decorator to None, run_after=None
[2026-02-02T14:21:07.463+0000] {processor.py:183} INFO - Processing /home/airflow/.local/lib/python3.8/site-packages/airflow/example_dags/example_sensor_decorator.py took 0.082 seconds
[2026-02-02T14:21:37.751+0000] {processor.py:161} INFO - Started process (PID=218) to work on /home/airflow/.local/lib/python3.8/site-packages/airflow/example_dags/example_sensor_decorator.py
[2026-02-02T14:21:37.752+0000] {processor.py:830} INFO - Processing file /home/airflow/.local/lib/python3.8/site-packages/airflow/example_dags/example_sensor_decorator.py for tasks to queue
[2026-02-02T14:21:37.758+0000] {logging_mixin.py:188} INFO - [2026-02-02T14:21:37.758+0000] {dagbag.py:538} INFO - Filling up the DagBag from /home/airflow/.local/lib/python3.8/site-packages/airflow/example_dags/example_sensor_decorator.py
[2026-02-02T14:21:37.765+0000] {processor.py:840} INFO - DAG(s) 'example_sensor_decorator' retrieved from /home/airflow/.local/lib/python3.8/site-packages/airflow/example_dags/example_sensor_decorator.py
[2026-02-02T14:21:37.793+0000] {logging_mixin.py:188} INFO - [2026-02-02T14:21:37.793+0000] {dag.py:3036} INFO - Sync 1 DAGs
[2026-02-02T14:21:37.807+0000] {logging_mixin.py:188} INFO - [2026-02-02T14:21:37.807+0000] {dag.py:3823} INFO - Setting next_dagrun for example_sensor_decorator to None, run_after=None
[2026-02-02T14:21:37.847+0000] {processor.py:183} INFO - Processing /home/airflow/.local/lib/python3.8/site-packages/airflow/example_dags/example_sensor_decorator.py took 0.102 seconds
[2026-02-02T14:22:08.659+0000] {processor.py:161} INFO - Started process (PID=273) to work on /home/airflow/.local/lib/python3.8/site-packages/airflow/example_dags/example_sensor_decorator.py
[2026-02-02T14:22:08.660+0000] {processor.py:830} INFO - Processing file /home/airflow/.local/lib/python3.8/site-packages/airflow/example_dags/example_sensor_decorator.py for tasks to queue
[2026-02-02T14:22:08.662+0000] {logging_mixin.py:188} INFO - [2026-02-02T14:22:08.662+0000] {dagbag.py:538} INFO - Filling up the DagBag from /home/airflow/.local/lib/python3.8/site-packages/airflow/example_dags/example_sensor_decorator.py
[2026-02-02T14:22:08.669+0000] {processor.py:840} INFO - DAG(s) 'example_sensor_decorator' retrieved from /home/airflow/.local/lib/python3.8/site-packages/airflow/example_dags/example_sensor_decorator.py
[2026-02-02T14:22:08.692+0000] {logging_mixin.py:188} INFO - [2026-02-02T14:22:08.692+0000] {dag.py:3036} INFO - Sync 1 DAGs
[2026-02-02T14:22:08.708+0000] {logging_mixin.py:188} INFO - [2026-02-02T14:22:08.708+0000] {dag.py:3823} INFO - Setting next_dagrun for example_sensor_decorator to None, run_after=None
[2026-02-02T14:22:08.728+0000] {processor.py:183} INFO - Processing /home/airflow/.local/lib/python3.8/site-packages/airflow/example_dags/example_sensor_decorator.py took 0.072 seconds
[2026-02-02T14:22:39.462+0000] {processor.py:161} INFO - Started process (PID=328) to work on /home/airflow/.local/lib/python3.8/site-packages/airflow/example_dags/example_sensor_decorator.py
[2026-02-02T14:22:39.462+0000] {processor.py:830} INFO - Processing file /home/airflow/.local/lib/python3.8/site-packages/airflow/example_dags/example_sensor_decorator.py for tasks to queue
[2026-02-02T14:22:39.464+0000] {logging_mixin.py:188} INFO - [2026-02-02T14:22:39.464+0000] {dagbag.py:538} INFO - Filling up the DagBag from /home/airflow/.local/lib/python3.8/site-packages/airflow/example_dags/example_sensor_decorator.py
[2026-02-02T14:22:39.472+0000] {processor.py:840} INFO - DAG(s) 'example_sensor_decorator' retrieved from /home/airflow/.local/lib/python3.8/site-packages/airflow/example_dags/example_sensor_decorator.py
[2026-02-02T14:22:39.495+0000] {logging_mixin.py:188} INFO - [2026-02-02T14:22:39.494+0000] {dag.py:3036} INFO - Sync 1 DAGs
[2026-02-02T14:22:39.509+0000] {logging_mixin.py:188} INFO - [2026-02-02T14:22:39.509+0000] {dag.py:3823} INFO - Setting next_dagrun for example_sensor_decorator to None, run_after=None
[2026-02-02T14:22:39.529+0000] {processor.py:183} INFO - Processing /home/airflow/.local/lib/python3.8/site-packages/airflow/example_dags/example_sensor_decorator.py took 0.070 seconds
[2026-02-02T14:23:09.872+0000] {processor.py:161} INFO - Started process (PID=383) to work on /home/airflow/.local/lib/python3.8/site-packages/airflow/example_dags/example_sensor_decorator.py
[2026-02-02T14:23:09.873+0000] {processor.py:830} INFO - Processing file /home/airflow/.local/lib/python3.8/site-packages/airflow/example_dags/example_sensor_decorator.py for tasks to queue
[2026-02-02T14:23:09.874+0000] {logging_mixin.py:188} INFO - [2026-02-02T14:23:09.874+0000] {dagbag.py:538} INFO - Filling up the DagBag from /home/airflow/.local/lib/python3.8/site-packages/airflow/example_dags/example_sensor_decorator.py
[2026-02-02T14:23:09.881+0000] {processor.py:840} INFO - DAG(s) 'example_sensor_decorator' retrieved from /home/airflow/.local/lib/python3.8/site-packages/airflow/example_dags/example_sensor_decorator.py
[2026-02-02T14:23:09.902+0000] {logging_mixin.py:188} INFO - [2026-02-02T14:23:09.902+0000] {dag.py:3036} INFO - Sync 1 DAGs
[2026-02-02T14:23:09.917+0000] {logging_mixin.py:188} INFO - [2026-02-02T14:23:09.917+0000] {dag.py:3823} INFO - Setting next_dagrun for example_sensor_decorator to None, run_after=None
[2026-02-02T14:23:09.943+0000] {processor.py:183} INFO - Processing /home/airflow/.local/lib/python3.8/site-packages/airflow/example_dags/example_sensor_decorator.py took 0.074 seconds
[2026-02-02T14:23:40.638+0000] {processor.py:161} INFO - Started process (PID=438) to work on /home/airflow/.local/lib/python3.8/site-packages/airflow/example_dags/example_sensor_decorator.py
[2026-02-02T14:23:40.639+0000] {processor.py:830} INFO - Processing file /home/airflow/.local/lib/python3.8/site-packages/airflow/example_dags/example_sensor_decorator.py for tasks to queue
[2026-02-02T14:23:40.643+0000] {logging_mixin.py:188} INFO - [2026-02-02T14:23:40.643+0000] {dagbag.py:538} INFO - Filling up the DagBag from /home/airflow/.local/lib/python3.8/site-packages/airflow/example_dags/example_sensor_decorator.py
[2026-02-02T14:23:40.660+0000] {processor.py:840} INFO - DAG(s) 'example_sensor_decorator' retrieved from /home/airflow/.local/lib/python3.8/site-packages/airflow/example_dags/example_sensor_decorator.py
[2026-02-02T14:23:40.706+0000] {logging_mixin.py:188} INFO - [2026-02-02T14:23:40.706+0000] {dag.py:3036} INFO - Sync 1 DAGs
[2026-02-02T14:23:40.740+0000] {logging_mixin.py:188} INFO - [2026-02-02T14:23:40.740+0000] {dag.py:3823} INFO - Setting next_dagrun for example_sensor_decorator to None, run_after=None
[2026-02-02T14:23:40.781+0000] {processor.py:183} INFO - Processing /home/airflow/.local/lib/python3.8/site-packages/airflow/example_dags/example_sensor_decorator.py took 0.150 seconds
[2026-02-02T14:24:10.898+0000] {processor.py:161} INFO - Started process (PID=492) to work on /home/airflow/.local/lib/python3.8/site-packages/airflow/example_dags/example_sensor_decorator.py
[2026-02-02T14:24:10.898+0000] {processor.py:830} INFO - Processing file /home/airflow/.local/lib/python3.8/site-packages/airflow/example_dags/example_sensor_decorator.py for tasks to queue
[2026-02-02T14:24:10.900+0000] {logging_mixin.py:188} INFO - [2026-02-02T14:24:10.900+0000] {dagbag.py:538} INFO - Filling up the DagBag from /home/airflow/.local/lib/python3.8/site-packages/airflow/example_dags/example_sensor_decorator.py
[2026-02-02T14:24:10.907+0000] {processor.py:840} INFO - DAG(s) 'example_sensor_decorator' retrieved from /home/airflow/.local/lib/python3.8/site-packages/airflow/example_dags/example_sensor_decorator.py
[2026-02-02T14:24:10.928+0000] {logging_mixin.py:188} INFO - [2026-02-02T14:24:10.928+0000] {dag.py:3036} INFO - Sync 1 DAGs
[2026-02-02T14:24:10.944+0000] {logging_mixin.py:188} INFO - [2026-02-02T14:24:10.944+0000] {dag.py:3823} INFO - Setting next_dagrun for example_sensor_decorator to None, run_after=None
[2026-02-02T14:24:10.965+0000] {processor.py:183} INFO - Processing /home/airflow/.local/lib/python3.8/site-packages/airflow/example_dags/example_sensor_decorator.py took 0.071 seconds
[2026-02-02T14:24:41.087+0000] {processor.py:161} INFO - Started process (PID=548) to work on /home/airflow/.local/lib/python3.8/site-packages/airflow/example_dags/example_sensor_decorator.py
[2026-02-02T14:24:41.088+0000] {processor.py:830} INFO - Processing file /home/airflow/.local/lib/python3.8/site-packages/airflow/example_dags/example_sensor_decorator.py for tasks to queue
[2026-02-02T14:24:41.090+0000] {logging_mixin.py:188} INFO - [2026-02-02T14:24:41.090+0000] {dagbag.py:538} INFO - Filling up the DagBag from /home/airflow/.local/lib/python3.8/site-packages/airflow/example_dags/example_sensor_decorator.py
[2026-02-02T14:24:41.100+0000] {processor.py:840} INFO - DAG(s) 'example_sensor_decorator' retrieved from /home/airflow/.local/lib/python3.8/site-packages/airflow/example_dags/example_sensor_decorator.py
[2026-02-02T14:24:41.125+0000] {logging_mixin.py:188} INFO - [2026-02-02T14:24:41.124+0000] {dag.py:3036} INFO - Sync 1 DAGs
[2026-02-02T14:24:41.139+0000] {logging_mixin.py:188} INFO - [2026-02-02T14:24:41.139+0000] {dag.py:3823} INFO - Setting next_dagrun for example_sensor_decorator to None, run_after=None
[2026-02-02T14:24:41.161+0000] {processor.py:183} INFO - Processing /home/airflow/.local/lib/python3.8/site-packages/airflow/example_dags/example_sensor_decorator.py took 0.078 seconds
[2026-02-02T14:25:11.455+0000] {processor.py:161} INFO - Started process (PID=603) to work on /home/airflow/.local/lib/python3.8/site-packages/airflow/example_dags/example_sensor_decorator.py
[2026-02-02T14:25:11.456+0000] {processor.py:830} INFO - Processing file /home/airflow/.local/lib/python3.8/site-packages/airflow/example_dags/example_sensor_decorator.py for tasks to queue
[2026-02-02T14:25:11.458+0000] {logging_mixin.py:188} INFO - [2026-02-02T14:25:11.457+0000] {dagbag.py:538} INFO - Filling up the DagBag from /home/airflow/.local/lib/python3.8/site-packages/airflow/example_dags/example_sensor_decorator.py
[2026-02-02T14:25:11.465+0000] {processor.py:840} INFO - DAG(s) 'example_sensor_decorator' retrieved from /home/airflow/.local/lib/python3.8/site-packages/airflow/example_dags/example_sensor_decorator.py
[2026-02-02T14:25:11.489+0000] {logging_mixin.py:188} INFO - [2026-02-02T14:25:11.488+0000] {dag.py:3036} INFO - Sync 1 DAGs
[2026-02-02T14:25:11.503+0000] {logging_mixin.py:188} INFO - [2026-02-02T14:25:11.503+0000] {dag.py:3823} INFO - Setting next_dagrun for example_sensor_decorator to None, run_after=None
[2026-02-02T14:25:11.521+0000] {processor.py:183} INFO - Processing /home/airflow/.local/lib/python3.8/site-packages/airflow/example_dags/example_sensor_decorator.py took 0.069 seconds
[2026-02-02T14:25:41.630+0000] {processor.py:161} INFO - Started process (PID=658) to work on /home/airflow/.local/lib/python3.8/site-packages/airflow/example_dags/example_sensor_decorator.py
[2026-02-02T14:25:41.630+0000] {processor.py:830} INFO - Processing file /home/airflow/.local/lib/python3.8/site-packages/airflow/example_dags/example_sensor_decorator.py for tasks to queue
[2026-02-02T14:25:41.632+0000] {logging_mixin.py:188} INFO - [2026-02-02T14:25:41.631+0000] {dagbag.py:538} INFO - Filling up the DagBag from /home/airflow/.local/lib/python3.8/site-packages/airflow/example_dags/example_sensor_decorator.py
[2026-02-02T14:25:41.637+0000] {processor.py:840} INFO - DAG(s) 'example_sensor_decorator' retrieved from /home/airflow/.local/lib/python3.8/site-packages/airflow/example_dags/example_sensor_decorator.py
[2026-02-02T14:25:41.653+0000] {logging_mixin.py:188} INFO - [2026-02-02T14:25:41.653+0000] {dag.py:3036} INFO - Sync 1 DAGs
[2026-02-02T14:25:41.663+0000] {logging_mixin.py:188} INFO - [2026-02-02T14:25:41.663+0000] {dag.py:3823} INFO - Setting next_dagrun for example_sensor_decorator to None, run_after=None
[2026-02-02T14:25:41.678+0000] {processor.py:183} INFO - Processing /home/airflow/.local/lib/python3.8/site-packages/airflow/example_dags/example_sensor_decorator.py took 0.051 seconds
[2026-02-02T14:26:12.407+0000] {processor.py:161} INFO - Started process (PID=713) to work on /home/airflow/.local/lib/python3.8/site-packages/airflow/example_dags/example_sensor_decorator.py
[2026-02-02T14:26:12.409+0000] {processor.py:830} INFO - Processing file /home/airflow/.local/lib/python3.8/site-packages/airflow/example_dags/example_sensor_decorator.py for tasks to queue
[2026-02-02T14:26:12.410+0000] {logging_mixin.py:188} INFO - [2026-02-02T14:26:12.410+0000] {dagbag.py:538} INFO - Filling up the DagBag from /home/airflow/.local/lib/python3.8/site-packages/airflow/example_dags/example_sensor_decorator.py
[2026-02-02T14:26:12.416+0000] {processor.py:840} INFO - DAG(s) 'example_sensor_decorator' retrieved from /home/airflow/.local/lib/python3.8/site-packages/airflow/example_dags/example_sensor_decorator.py
[2026-02-02T14:26:12.438+0000] {logging_mixin.py:188} INFO - [2026-02-02T14:26:12.437+0000] {dag.py:3036} INFO - Sync 1 DAGs
[2026-02-02T14:26:12.454+0000] {logging_mixin.py:188} INFO - [2026-02-02T14:26:12.453+0000] {dag.py:3823} INFO - Setting next_dagrun for example_sensor_decorator to None, run_after=None
[2026-02-02T14:26:12.474+0000] {processor.py:183} INFO - Processing /home/airflow/.local/lib/python3.8/site-packages/airflow/example_dags/example_sensor_decorator.py took 0.072 seconds
[2026-02-02T14:26:43.531+0000] {processor.py:161} INFO - Started process (PID=768) to work on /home/airflow/.local/lib/python3.8/site-packages/airflow/example_dags/example_sensor_decorator.py
[2026-02-02T14:26:43.534+0000] {processor.py:830} INFO - Processing file /home/airflow/.local/lib/python3.8/site-packages/airflow/example_dags/example_sensor_decorator.py for tasks to queue
[2026-02-02T14:26:43.547+0000] {logging_mixin.py:188} INFO - [2026-02-02T14:26:43.541+0000] {dagbag.py:538} INFO - Filling up the DagBag from /home/airflow/.local/lib/python3.8/site-packages/airflow/example_dags/example_sensor_decorator.py
[2026-02-02T14:26:43.584+0000] {processor.py:840} INFO - DAG(s) 'example_sensor_decorator' retrieved from /home/airflow/.local/lib/python3.8/site-packages/airflow/example_dags/example_sensor_decorator.py
[2026-02-02T14:26:43.613+0000] {logging_mixin.py:188} INFO - [2026-02-02T14:26:43.613+0000] {dag.py:3036} INFO - Sync 1 DAGs
[2026-02-02T14:26:43.628+0000] {logging_mixin.py:188} INFO - [2026-02-02T14:26:43.628+0000] {dag.py:3823} INFO - Setting next_dagrun for example_sensor_decorator to None, run_after=None
[2026-02-02T14:26:43.654+0000] {processor.py:183} INFO - Processing /home/airflow/.local/lib/python3.8/site-packages/airflow/example_dags/example_sensor_decorator.py took 0.138 seconds
[2026-02-02T14:27:13.729+0000] {processor.py:161} INFO - Started process (PID=823) to work on /home/airflow/.local/lib/python3.8/site-packages/airflow/example_dags/example_sensor_decorator.py
[2026-02-02T14:27:13.730+0000] {processor.py:830} INFO - Processing file /home/airflow/.local/lib/python3.8/site-packages/airflow/example_dags/example_sensor_decorator.py for tasks to queue
[2026-02-02T14:27:13.732+0000] {logging_mixin.py:188} INFO - [2026-02-02T14:27:13.732+0000] {dagbag.py:538} INFO - Filling up the DagBag from /home/airflow/.local/lib/python3.8/site-packages/airflow/example_dags/example_sensor_decorator.py
[2026-02-02T14:27:13.738+0000] {processor.py:840} INFO - DAG(s) 'example_sensor_decorator' retrieved from /home/airflow/.local/lib/python3.8/site-packages/airflow/example_dags/example_sensor_decorator.py
[2026-02-02T14:27:13.761+0000] {logging_mixin.py:188} INFO - [2026-02-02T14:27:13.760+0000] {dag.py:3036} INFO - Sync 1 DAGs
[2026-02-02T14:27:13.775+0000] {logging_mixin.py:188} INFO - [2026-02-02T14:27:13.775+0000] {dag.py:3823} INFO - Setting next_dagrun for example_sensor_decorator to None, run_after=None
[2026-02-02T14:27:13.793+0000] {processor.py:183} INFO - Processing /home/airflow/.local/lib/python3.8/site-packages/airflow/example_dags/example_sensor_decorator.py took 0.067 seconds
[2026-02-02T14:27:43.893+0000] {processor.py:161} INFO - Started process (PID=878) to work on /home/airflow/.local/lib/python3.8/site-packages/airflow/example_dags/example_sensor_decorator.py
[2026-02-02T14:27:43.894+0000] {processor.py:830} INFO - Processing file /home/airflow/.local/lib/python3.8/site-packages/airflow/example_dags/example_sensor_decorator.py for tasks to queue
[2026-02-02T14:27:43.895+0000] {logging_mixin.py:188} INFO - [2026-02-02T14:27:43.895+0000] {dagbag.py:538} INFO - Filling up the DagBag from /home/airflow/.local/lib/python3.8/site-packages/airflow/example_dags/example_sensor_decorator.py
[2026-02-02T14:27:43.900+0000] {processor.py:840} INFO - DAG(s) 'example_sensor_decorator' retrieved from /home/airflow/.local/lib/python3.8/site-packages/airflow/example_dags/example_sensor_decorator.py
[2026-02-02T14:27:43.925+0000] {logging_mixin.py:188} INFO - [2026-02-02T14:27:43.924+0000] {dag.py:3036} INFO - Sync 1 DAGs
[2026-02-02T14:27:43.940+0000] {logging_mixin.py:188} INFO - [2026-02-02T14:27:43.940+0000] {dag.py:3823} INFO - Setting next_dagrun for example_sensor_decorator to None, run_after=None
[2026-02-02T14:27:43.958+0000] {processor.py:183} INFO - Processing /home/airflow/.local/lib/python3.8/site-packages/airflow/example_dags/example_sensor_decorator.py took 0.068 seconds
[2026-02-02T14:28:14.535+0000] {processor.py:161} INFO - Started process (PID=933) to work on /home/airflow/.local/lib/python3.8/site-packages/airflow/example_dags/example_sensor_decorator.py
[2026-02-02T14:28:14.536+0000] {processor.py:830} INFO - Processing file /home/airflow/.local/lib/python3.8/site-packages/airflow/example_dags/example_sensor_decorator.py for tasks to queue
[2026-02-02T14:28:14.537+0000] {logging_mixin.py:188} INFO - [2026-02-02T14:28:14.537+0000] {dagbag.py:538} INFO - Filling up the DagBag from /home/airflow/.local/lib/python3.8/site-packages/airflow/example_dags/example_sensor_decorator.py
[2026-02-02T14:28:14.542+0000] {processor.py:840} INFO - DAG(s) 'example_sensor_decorator' retrieved from /home/airflow/.local/lib/python3.8/site-packages/airflow/example_dags/example_sensor_decorator.py
[2026-02-02T14:28:14.556+0000] {logging_mixin.py:188} INFO - [2026-02-02T14:28:14.556+0000] {dag.py:3036} INFO - Sync 1 DAGs
[2026-02-02T14:28:14.566+0000] {logging_mixin.py:188} INFO - [2026-02-02T14:28:14.566+0000] {dag.py:3823} INFO - Setting next_dagrun for example_sensor_decorator to None, run_after=None
[2026-02-02T14:28:14.579+0000] {processor.py:183} INFO - Processing /home/airflow/.local/lib/python3.8/site-packages/airflow/example_dags/example_sensor_decorator.py took 0.048 seconds
[2026-02-02T14:28:44.668+0000] {processor.py:161} INFO - Started process (PID=988) to work on /home/airflow/.local/lib/python3.8/site-packages/airflow/example_dags/example_sensor_decorator.py
[2026-02-02T14:28:44.669+0000] {processor.py:830} INFO - Processing file /home/airflow/.local/lib/python3.8/site-packages/airflow/example_dags/example_sensor_decorator.py for tasks to queue
[2026-02-02T14:28:44.670+0000] {logging_mixin.py:188} INFO - [2026-02-02T14:28:44.670+0000] {dagbag.py:538} INFO - Filling up the DagBag from /home/airflow/.local/lib/python3.8/site-packages/airflow/example_dags/example_sensor_decorator.py
[2026-02-02T14:28:44.675+0000] {processor.py:840} INFO - DAG(s) 'example_sensor_decorator' retrieved from /home/airflow/.local/lib/python3.8/site-packages/airflow/example_dags/example_sensor_decorator.py
[2026-02-02T14:28:44.690+0000] {logging_mixin.py:188} INFO - [2026-02-02T14:28:44.690+0000] {dag.py:3036} INFO - Sync 1 DAGs
[2026-02-02T14:28:44.699+0000] {logging_mixin.py:188} INFO - [2026-02-02T14:28:44.699+0000] {dag.py:3823} INFO - Setting next_dagrun for example_sensor_decorator to None, run_after=None
[2026-02-02T14:28:44.714+0000] {processor.py:183} INFO - Processing /home/airflow/.local/lib/python3.8/site-packages/airflow/example_dags/example_sensor_decorator.py took 0.050 seconds
[2026-02-02T14:29:15.237+0000] {processor.py:161} INFO - Started process (PID=1043) to work on /home/airflow/.local/lib/python3.8/site-packages/airflow/example_dags/example_sensor_decorator.py
[2026-02-02T14:29:15.238+0000] {processor.py:830} INFO - Processing file /home/airflow/.local/lib/python3.8/site-packages/airflow/example_dags/example_sensor_decorator.py for tasks to queue
[2026-02-02T14:29:15.239+0000] {logging_mixin.py:188} INFO - [2026-02-02T14:29:15.239+0000] {dagbag.py:538} INFO - Filling up the DagBag from /home/airflow/.local/lib/python3.8/site-packages/airflow/example_dags/example_sensor_decorator.py
[2026-02-02T14:29:15.243+0000] {processor.py:840} INFO - DAG(s) 'example_sensor_decorator' retrieved from /home/airflow/.local/lib/python3.8/site-packages/airflow/example_dags/example_sensor_decorator.py
[2026-02-02T14:29:15.258+0000] {logging_mixin.py:188} INFO - [2026-02-02T14:29:15.258+0000] {dag.py:3036} INFO - Sync 1 DAGs
[2026-02-02T14:29:15.267+0000] {logging_mixin.py:188} INFO - [2026-02-02T14:29:15.267+0000] {dag.py:3823} INFO - Setting next_dagrun for example_sensor_decorator to None, run_after=None
[2026-02-02T14:29:15.281+0000] {processor.py:183} INFO - Processing /home/airflow/.local/lib/python3.8/site-packages/airflow/example_dags/example_sensor_decorator.py took 0.047 seconds
[2026-02-02T14:29:46.220+0000] {processor.py:161} INFO - Started process (PID=1098) to work on /home/airflow/.local/lib/python3.8/site-packages/airflow/example_dags/example_sensor_decorator.py
[2026-02-02T14:29:46.221+0000] {processor.py:830} INFO - Processing file /home/airflow/.local/lib/python3.8/site-packages/airflow/example_dags/example_sensor_decorator.py for tasks to queue
[2026-02-02T14:29:46.224+0000] {logging_mixin.py:188} INFO - [2026-02-02T14:29:46.224+0000] {dagbag.py:538} INFO - Filling up the DagBag from /home/airflow/.local/lib/python3.8/site-packages/airflow/example_dags/example_sensor_decorator.py
[2026-02-02T14:29:46.231+0000] {processor.py:840} INFO - DAG(s) 'example_sensor_decorator' retrieved from /home/airflow/.local/lib/python3.8/site-packages/airflow/example_dags/example_sensor_decorator.py
[2026-02-02T14:29:46.252+0000] {logging_mixin.py:188} INFO - [2026-02-02T14:29:46.252+0000] {dag.py:3036} INFO - Sync 1 DAGs
[2026-02-02T14:29:46.268+0000] {logging_mixin.py:188} INFO - [2026-02-02T14:29:46.268+0000] {dag.py:3823} INFO - Setting next_dagrun for example_sensor_decorator to None, run_after=None
[2026-02-02T14:29:46.282+0000] {processor.py:183} INFO - Processing /home/airflow/.local/lib/python3.8/site-packages/airflow/example_dags/example_sensor_decorator.py took 0.067 seconds
[2026-02-02T14:30:16.702+0000] {processor.py:161} INFO - Started process (PID=1153) to work on /home/airflow/.local/lib/python3.8/site-packages/airflow/example_dags/example_sensor_decorator.py
[2026-02-02T14:30:16.702+0000] {processor.py:830} INFO - Processing file /home/airflow/.local/lib/python3.8/site-packages/airflow/example_dags/example_sensor_decorator.py for tasks to queue
[2026-02-02T14:30:16.704+0000] {logging_mixin.py:188} INFO - [2026-02-02T14:30:16.703+0000] {dagbag.py:538} INFO - Filling up the DagBag from /home/airflow/.local/lib/python3.8/site-packages/airflow/example_dags/example_sensor_decorator.py
[2026-02-02T14:30:16.708+0000] {processor.py:840} INFO - DAG(s) 'example_sensor_decorator' retrieved from /home/airflow/.local/lib/python3.8/site-packages/airflow/example_dags/example_sensor_decorator.py
[2026-02-02T14:30:16.724+0000] {logging_mixin.py:188} INFO - [2026-02-02T14:30:16.723+0000] {dag.py:3036} INFO - Sync 1 DAGs
[2026-02-02T14:30:16.733+0000] {logging_mixin.py:188} INFO - [2026-02-02T14:30:16.733+0000] {dag.py:3823} INFO - Setting next_dagrun for example_sensor_decorator to None, run_after=None
[2026-02-02T14:30:16.748+0000] {processor.py:183} INFO - Processing /home/airflow/.local/lib/python3.8/site-packages/airflow/example_dags/example_sensor_decorator.py took 0.049 seconds
[2026-02-02T14:30:47.363+0000] {processor.py:161} INFO - Started process (PID=1208) to work on /home/airflow/.local/lib/python3.8/site-packages/airflow/example_dags/example_sensor_decorator.py
[2026-02-02T14:30:47.364+0000] {processor.py:830} INFO - Processing file /home/airflow/.local/lib/python3.8/site-packages/airflow/example_dags/example_sensor_decorator.py for tasks to queue
[2026-02-02T14:30:47.365+0000] {logging_mixin.py:188} INFO - [2026-02-02T14:30:47.365+0000] {dagbag.py:538} INFO - Filling up the DagBag from /home/airflow/.local/lib/python3.8/site-packages/airflow/example_dags/example_sensor_decorator.py
[2026-02-02T14:30:47.370+0000] {processor.py:840} INFO - DAG(s) 'example_sensor_decorator' retrieved from /home/airflow/.local/lib/python3.8/site-packages/airflow/example_dags/example_sensor_decorator.py
[2026-02-02T14:30:47.386+0000] {logging_mixin.py:188} INFO - [2026-02-02T14:30:47.386+0000] {dag.py:3036} INFO - Sync 1 DAGs
[2026-02-02T14:30:47.396+0000] {logging_mixin.py:188} INFO - [2026-02-02T14:30:47.396+0000] {dag.py:3823} INFO - Setting next_dagrun for example_sensor_decorator to None, run_after=None
[2026-02-02T14:30:47.409+0000] {processor.py:183} INFO - Processing /home/airflow/.local/lib/python3.8/site-packages/airflow/example_dags/example_sensor_decorator.py took 0.049 seconds
[2026-02-02T14:31:17.941+0000] {processor.py:161} INFO - Started process (PID=1263) to work on /home/airflow/.local/lib/python3.8/site-packages/airflow/example_dags/example_sensor_decorator.py
[2026-02-02T14:31:17.942+0000] {processor.py:830} INFO - Processing file /home/airflow/.local/lib/python3.8/site-packages/airflow/example_dags/example_sensor_decorator.py for tasks to queue
[2026-02-02T14:31:17.944+0000] {logging_mixin.py:188} INFO - [2026-02-02T14:31:17.943+0000] {dagbag.py:538} INFO - Filling up the DagBag from /home/airflow/.local/lib/python3.8/site-packages/airflow/example_dags/example_sensor_decorator.py
[2026-02-02T14:31:17.949+0000] {processor.py:840} INFO - DAG(s) 'example_sensor_decorator' retrieved from /home/airflow/.local/lib/python3.8/site-packages/airflow/example_dags/example_sensor_decorator.py
[2026-02-02T14:31:17.963+0000] {logging_mixin.py:188} INFO - [2026-02-02T14:31:17.963+0000] {dag.py:3036} INFO - Sync 1 DAGs
[2026-02-02T14:31:17.973+0000] {logging_mixin.py:188} INFO - [2026-02-02T14:31:17.973+0000] {dag.py:3823} INFO - Setting next_dagrun for example_sensor_decorator to None, run_after=None
[2026-02-02T14:31:17.986+0000] {processor.py:183} INFO - Processing /home/airflow/.local/lib/python3.8/site-packages/airflow/example_dags/example_sensor_decorator.py took 0.048 seconds
[2026-02-02T14:31:48.731+0000] {processor.py:161} INFO - Started process (PID=1318) to work on /home/airflow/.local/lib/python3.8/site-packages/airflow/example_dags/example_sensor_decorator.py
[2026-02-02T14:31:48.731+0000] {processor.py:830} INFO - Processing file /home/airflow/.local/lib/python3.8/site-packages/airflow/example_dags/example_sensor_decorator.py for tasks to queue
[2026-02-02T14:31:48.733+0000] {logging_mixin.py:188} INFO - [2026-02-02T14:31:48.733+0000] {dagbag.py:538} INFO - Filling up the DagBag from /home/airflow/.local/lib/python3.8/site-packages/airflow/example_dags/example_sensor_decorator.py
[2026-02-02T14:31:48.737+0000] {processor.py:840} INFO - DAG(s) 'example_sensor_decorator' retrieved from /home/airflow/.local/lib/python3.8/site-packages/airflow/example_dags/example_sensor_decorator.py
[2026-02-02T14:31:48.753+0000] {logging_mixin.py:188} INFO - [2026-02-02T14:31:48.753+0000] {dag.py:3036} INFO - Sync 1 DAGs
[2026-02-02T14:31:48.762+0000] {logging_mixin.py:188} INFO - [2026-02-02T14:31:48.762+0000] {dag.py:3823} INFO - Setting next_dagrun for example_sensor_decorator to None, run_after=None
[2026-02-02T14:31:48.776+0000] {processor.py:183} INFO - Processing /home/airflow/.local/lib/python3.8/site-packages/airflow/example_dags/example_sensor_decorator.py took 0.048 seconds
[2026-02-02T14:32:19.281+0000] {processor.py:161} INFO - Started process (PID=1373) to work on /home/airflow/.local/lib/python3.8/site-packages/airflow/example_dags/example_sensor_decorator.py
[2026-02-02T14:32:19.282+0000] {processor.py:830} INFO - Processing file /home/airflow/.local/lib/python3.8/site-packages/airflow/example_dags/example_sensor_decorator.py for tasks to queue
[2026-02-02T14:32:19.284+0000] {logging_mixin.py:188} INFO - [2026-02-02T14:32:19.284+0000] {dagbag.py:538} INFO - Filling up the DagBag from /home/airflow/.local/lib/python3.8/site-packages/airflow/example_dags/example_sensor_decorator.py
[2026-02-02T14:32:19.291+0000] {processor.py:840} INFO - DAG(s) 'example_sensor_decorator' retrieved from /home/airflow/.local/lib/python3.8/site-packages/airflow/example_dags/example_sensor_decorator.py
[2026-02-02T14:32:19.316+0000] {logging_mixin.py:188} INFO - [2026-02-02T14:32:19.315+0000] {dag.py:3036} INFO - Sync 1 DAGs
[2026-02-02T14:32:19.334+0000] {logging_mixin.py:188} INFO - [2026-02-02T14:32:19.333+0000] {dag.py:3823} INFO - Setting next_dagrun for example_sensor_decorator to None, run_after=None
[2026-02-02T14:32:19.353+0000] {processor.py:183} INFO - Processing /home/airflow/.local/lib/python3.8/site-packages/airflow/example_dags/example_sensor_decorator.py took 0.076 seconds
[2026-02-02T14:32:49.757+0000] {processor.py:161} INFO - Started process (PID=1428) to work on /home/airflow/.local/lib/python3.8/site-packages/airflow/example_dags/example_sensor_decorator.py
[2026-02-02T14:32:49.758+0000] {processor.py:830} INFO - Processing file /home/airflow/.local/lib/python3.8/site-packages/airflow/example_dags/example_sensor_decorator.py for tasks to queue
[2026-02-02T14:32:49.759+0000] {logging_mixin.py:188} INFO - [2026-02-02T14:32:49.759+0000] {dagbag.py:538} INFO - Filling up the DagBag from /home/airflow/.local/lib/python3.8/site-packages/airflow/example_dags/example_sensor_decorator.py
[2026-02-02T14:32:49.764+0000] {processor.py:840} INFO - DAG(s) 'example_sensor_decorator' retrieved from /home/airflow/.local/lib/python3.8/site-packages/airflow/example_dags/example_sensor_decorator.py
[2026-02-02T14:32:49.778+0000] {logging_mixin.py:188} INFO - [2026-02-02T14:32:49.778+0000] {dag.py:3036} INFO - Sync 1 DAGs
[2026-02-02T14:32:49.793+0000] {logging_mixin.py:188} INFO - [2026-02-02T14:32:49.792+0000] {dag.py:3823} INFO - Setting next_dagrun for example_sensor_decorator to None, run_after=None
[2026-02-02T14:32:49.808+0000] {processor.py:183} INFO - Processing /home/airflow/.local/lib/python3.8/site-packages/airflow/example_dags/example_sensor_decorator.py took 0.054 seconds
[2026-02-02T14:33:20.037+0000] {processor.py:161} INFO - Started process (PID=1483) to work on /home/airflow/.local/lib/python3.8/site-packages/airflow/example_dags/example_sensor_decorator.py
[2026-02-02T14:33:20.038+0000] {processor.py:830} INFO - Processing file /home/airflow/.local/lib/python3.8/site-packages/airflow/example_dags/example_sensor_decorator.py for tasks to queue
[2026-02-02T14:33:20.039+0000] {logging_mixin.py:188} INFO - [2026-02-02T14:33:20.039+0000] {dagbag.py:538} INFO - Filling up the DagBag from /home/airflow/.local/lib/python3.8/site-packages/airflow/example_dags/example_sensor_decorator.py
[2026-02-02T14:33:20.044+0000] {processor.py:840} INFO - DAG(s) 'example_sensor_decorator' retrieved from /home/airflow/.local/lib/python3.8/site-packages/airflow/example_dags/example_sensor_decorator.py
[2026-02-02T14:33:20.059+0000] {logging_mixin.py:188} INFO - [2026-02-02T14:33:20.059+0000] {dag.py:3036} INFO - Sync 1 DAGs
[2026-02-02T14:33:20.069+0000] {logging_mixin.py:188} INFO - [2026-02-02T14:33:20.068+0000] {dag.py:3823} INFO - Setting next_dagrun for example_sensor_decorator to None, run_after=None
[2026-02-02T14:33:20.082+0000] {processor.py:183} INFO - Processing /home/airflow/.local/lib/python3.8/site-packages/airflow/example_dags/example_sensor_decorator.py took 0.048 seconds
[2026-02-02T14:33:50.272+0000] {processor.py:161} INFO - Started process (PID=1538) to work on /home/airflow/.local/lib/python3.8/site-packages/airflow/example_dags/example_sensor_decorator.py
[2026-02-02T14:33:50.273+0000] {processor.py:830} INFO - Processing file /home/airflow/.local/lib/python3.8/site-packages/airflow/example_dags/example_sensor_decorator.py for tasks to queue
[2026-02-02T14:33:50.274+0000] {logging_mixin.py:188} INFO - [2026-02-02T14:33:50.274+0000] {dagbag.py:538} INFO - Filling up the DagBag from /home/airflow/.local/lib/python3.8/site-packages/airflow/example_dags/example_sensor_decorator.py
[2026-02-02T14:33:50.279+0000] {processor.py:840} INFO - DAG(s) 'example_sensor_decorator' retrieved from /home/airflow/.local/lib/python3.8/site-packages/airflow/example_dags/example_sensor_decorator.py
[2026-02-02T14:33:50.294+0000] {logging_mixin.py:188} INFO - [2026-02-02T14:33:50.294+0000] {dag.py:3036} INFO - Sync 1 DAGs
[2026-02-02T14:33:50.303+0000] {logging_mixin.py:188} INFO - [2026-02-02T14:33:50.303+0000] {dag.py:3823} INFO - Setting next_dagrun for example_sensor_decorator to None, run_after=None
[2026-02-02T14:33:50.317+0000] {processor.py:183} INFO - Processing /home/airflow/.local/lib/python3.8/site-packages/airflow/example_dags/example_sensor_decorator.py took 0.047 seconds
[2026-02-02T14:34:20.796+0000] {processor.py:161} INFO - Started process (PID=1593) to work on /home/airflow/.local/lib/python3.8/site-packages/airflow/example_dags/example_sensor_decorator.py
[2026-02-02T14:34:20.797+0000] {processor.py:830} INFO - Processing file /home/airflow/.local/lib/python3.8/site-packages/airflow/example_dags/example_sensor_decorator.py for tasks to queue
[2026-02-02T14:34:20.798+0000] {logging_mixin.py:188} INFO - [2026-02-02T14:34:20.798+0000] {dagbag.py:538} INFO - Filling up the DagBag from /home/airflow/.local/lib/python3.8/site-packages/airflow/example_dags/example_sensor_decorator.py
[2026-02-02T14:34:20.806+0000] {processor.py:840} INFO - DAG(s) 'example_sensor_decorator' retrieved from /home/airflow/.local/lib/python3.8/site-packages/airflow/example_dags/example_sensor_decorator.py
[2026-02-02T14:34:20.830+0000] {logging_mixin.py:188} INFO - [2026-02-02T14:34:20.829+0000] {dag.py:3036} INFO - Sync 1 DAGs
[2026-02-02T14:34:20.846+0000] {logging_mixin.py:188} INFO - [2026-02-02T14:34:20.845+0000] {dag.py:3823} INFO - Setting next_dagrun for example_sensor_decorator to None, run_after=None
[2026-02-02T14:34:20.887+0000] {processor.py:183} INFO - Processing /home/airflow/.local/lib/python3.8/site-packages/airflow/example_dags/example_sensor_decorator.py took 0.095 seconds
[2026-02-02T14:34:51.046+0000] {processor.py:161} INFO - Started process (PID=1648) to work on /home/airflow/.local/lib/python3.8/site-packages/airflow/example_dags/example_sensor_decorator.py
[2026-02-02T14:34:51.047+0000] {processor.py:830} INFO - Processing file /home/airflow/.local/lib/python3.8/site-packages/airflow/example_dags/example_sensor_decorator.py for tasks to queue
[2026-02-02T14:34:51.049+0000] {logging_mixin.py:188} INFO - [2026-02-02T14:34:51.048+0000] {dagbag.py:538} INFO - Filling up the DagBag from /home/airflow/.local/lib/python3.8/site-packages/airflow/example_dags/example_sensor_decorator.py
[2026-02-02T14:34:51.053+0000] {processor.py:840} INFO - DAG(s) 'example_sensor_decorator' retrieved from /home/airflow/.local/lib/python3.8/site-packages/airflow/example_dags/example_sensor_decorator.py
[2026-02-02T14:34:51.069+0000] {logging_mixin.py:188} INFO - [2026-02-02T14:34:51.068+0000] {dag.py:3036} INFO - Sync 1 DAGs
[2026-02-02T14:34:51.078+0000] {logging_mixin.py:188} INFO - [2026-02-02T14:34:51.078+0000] {dag.py:3823} INFO - Setting next_dagrun for example_sensor_decorator to None, run_after=None
[2026-02-02T14:34:51.091+0000] {processor.py:183} INFO - Processing /home/airflow/.local/lib/python3.8/site-packages/airflow/example_dags/example_sensor_decorator.py took 0.047 seconds
[2026-02-02T14:35:21.483+0000] {processor.py:161} INFO - Started process (PID=1703) to work on /home/airflow/.local/lib/python3.8/site-packages/airflow/example_dags/example_sensor_decorator.py
[2026-02-02T14:35:21.484+0000] {processor.py:830} INFO - Processing file /home/airflow/.local/lib/python3.8/site-packages/airflow/example_dags/example_sensor_decorator.py for tasks to queue
[2026-02-02T14:35:21.486+0000] {logging_mixin.py:188} INFO - [2026-02-02T14:35:21.486+0000] {dagbag.py:538} INFO - Filling up the DagBag from /home/airflow/.local/lib/python3.8/site-packages/airflow/example_dags/example_sensor_decorator.py
[2026-02-02T14:35:21.492+0000] {processor.py:840} INFO - DAG(s) 'example_sensor_decorator' retrieved from /home/airflow/.local/lib/python3.8/site-packages/airflow/example_dags/example_sensor_decorator.py
[2026-02-02T14:35:21.513+0000] {logging_mixin.py:188} INFO - [2026-02-02T14:35:21.513+0000] {dag.py:3036} INFO - Sync 1 DAGs
[2026-02-02T14:35:21.528+0000] {logging_mixin.py:188} INFO - [2026-02-02T14:35:21.528+0000] {dag.py:3823} INFO - Setting next_dagrun for example_sensor_decorator to None, run_after=None
[2026-02-02T14:35:21.546+0000] {processor.py:183} INFO - Processing /home/airflow/.local/lib/python3.8/site-packages/airflow/example_dags/example_sensor_decorator.py took 0.070 seconds
[2026-02-02T14:35:52.456+0000] {processor.py:161} INFO - Started process (PID=1758) to work on /home/airflow/.local/lib/python3.8/site-packages/airflow/example_dags/example_sensor_decorator.py
[2026-02-02T14:35:52.464+0000] {processor.py:830} INFO - Processing file /home/airflow/.local/lib/python3.8/site-packages/airflow/example_dags/example_sensor_decorator.py for tasks to queue
[2026-02-02T14:35:52.468+0000] {logging_mixin.py:188} INFO - [2026-02-02T14:35:52.467+0000] {dagbag.py:538} INFO - Filling up the DagBag from /home/airflow/.local/lib/python3.8/site-packages/airflow/example_dags/example_sensor_decorator.py
[2026-02-02T14:35:52.477+0000] {processor.py:840} INFO - DAG(s) 'example_sensor_decorator' retrieved from /home/airflow/.local/lib/python3.8/site-packages/airflow/example_dags/example_sensor_decorator.py
[2026-02-02T14:35:52.500+0000] {logging_mixin.py:188} INFO - [2026-02-02T14:35:52.499+0000] {dag.py:3036} INFO - Sync 1 DAGs
[2026-02-02T14:35:52.517+0000] {logging_mixin.py:188} INFO - [2026-02-02T14:35:52.517+0000] {dag.py:3823} INFO - Setting next_dagrun for example_sensor_decorator to None, run_after=None
[2026-02-02T14:35:52.542+0000] {processor.py:183} INFO - Processing /home/airflow/.local/lib/python3.8/site-packages/airflow/example_dags/example_sensor_decorator.py took 0.099 seconds
[2026-02-02T14:36:22.877+0000] {processor.py:161} INFO - Started process (PID=1813) to work on /home/airflow/.local/lib/python3.8/site-packages/airflow/example_dags/example_sensor_decorator.py
[2026-02-02T14:36:22.878+0000] {processor.py:830} INFO - Processing file /home/airflow/.local/lib/python3.8/site-packages/airflow/example_dags/example_sensor_decorator.py for tasks to queue
[2026-02-02T14:36:22.879+0000] {logging_mixin.py:188} INFO - [2026-02-02T14:36:22.879+0000] {dagbag.py:538} INFO - Filling up the DagBag from /home/airflow/.local/lib/python3.8/site-packages/airflow/example_dags/example_sensor_decorator.py
[2026-02-02T14:36:22.886+0000] {processor.py:840} INFO - DAG(s) 'example_sensor_decorator' retrieved from /home/airflow/.local/lib/python3.8/site-packages/airflow/example_dags/example_sensor_decorator.py
[2026-02-02T14:36:22.900+0000] {logging_mixin.py:188} INFO - [2026-02-02T14:36:22.900+0000] {dag.py:3036} INFO - Sync 1 DAGs
[2026-02-02T14:36:22.911+0000] {logging_mixin.py:188} INFO - [2026-02-02T14:36:22.911+0000] {dag.py:3823} INFO - Setting next_dagrun for example_sensor_decorator to None, run_after=None
[2026-02-02T14:36:22.927+0000] {processor.py:183} INFO - Processing /home/airflow/.local/lib/python3.8/site-packages/airflow/example_dags/example_sensor_decorator.py took 0.052 seconds
[2026-02-02T14:36:52.972+0000] {processor.py:161} INFO - Started process (PID=1868) to work on /home/airflow/.local/lib/python3.8/site-packages/airflow/example_dags/example_sensor_decorator.py
[2026-02-02T14:36:52.973+0000] {processor.py:830} INFO - Processing file /home/airflow/.local/lib/python3.8/site-packages/airflow/example_dags/example_sensor_decorator.py for tasks to queue
[2026-02-02T14:36:52.975+0000] {logging_mixin.py:188} INFO - [2026-02-02T14:36:52.975+0000] {dagbag.py:538} INFO - Filling up the DagBag from /home/airflow/.local/lib/python3.8/site-packages/airflow/example_dags/example_sensor_decorator.py
[2026-02-02T14:36:52.983+0000] {processor.py:840} INFO - DAG(s) 'example_sensor_decorator' retrieved from /home/airflow/.local/lib/python3.8/site-packages/airflow/example_dags/example_sensor_decorator.py
[2026-02-02T14:36:53.007+0000] {logging_mixin.py:188} INFO - [2026-02-02T14:36:53.007+0000] {dag.py:3036} INFO - Sync 1 DAGs
[2026-02-02T14:36:53.044+0000] {logging_mixin.py:188} INFO - [2026-02-02T14:36:53.044+0000] {dag.py:3823} INFO - Setting next_dagrun for example_sensor_decorator to None, run_after=None
[2026-02-02T14:36:53.080+0000] {processor.py:183} INFO - Processing /home/airflow/.local/lib/python3.8/site-packages/airflow/example_dags/example_sensor_decorator.py took 0.113 seconds
[2026-02-02T14:37:23.233+0000] {processor.py:161} INFO - Started process (PID=1923) to work on /home/airflow/.local/lib/python3.8/site-packages/airflow/example_dags/example_sensor_decorator.py
[2026-02-02T14:37:23.234+0000] {processor.py:830} INFO - Processing file /home/airflow/.local/lib/python3.8/site-packages/airflow/example_dags/example_sensor_decorator.py for tasks to queue
[2026-02-02T14:37:23.235+0000] {logging_mixin.py:188} INFO - [2026-02-02T14:37:23.235+0000] {dagbag.py:538} INFO - Filling up the DagBag from /home/airflow/.local/lib/python3.8/site-packages/airflow/example_dags/example_sensor_decorator.py
[2026-02-02T14:37:23.240+0000] {processor.py:840} INFO - DAG(s) 'example_sensor_decorator' retrieved from /home/airflow/.local/lib/python3.8/site-packages/airflow/example_dags/example_sensor_decorator.py
[2026-02-02T14:37:23.260+0000] {logging_mixin.py:188} INFO - [2026-02-02T14:37:23.260+0000] {dag.py:3036} INFO - Sync 1 DAGs
[2026-02-02T14:37:23.269+0000] {logging_mixin.py:188} INFO - [2026-02-02T14:37:23.269+0000] {dag.py:3823} INFO - Setting next_dagrun for example_sensor_decorator to None, run_after=None
[2026-02-02T14:37:23.283+0000] {processor.py:183} INFO - Processing /home/airflow/.local/lib/python3.8/site-packages/airflow/example_dags/example_sensor_decorator.py took 0.053 seconds
[2026-02-02T14:37:53.738+0000] {processor.py:161} INFO - Started process (PID=1978) to work on /home/airflow/.local/lib/python3.8/site-packages/airflow/example_dags/example_sensor_decorator.py
[2026-02-02T14:37:53.738+0000] {processor.py:830} INFO - Processing file /home/airflow/.local/lib/python3.8/site-packages/airflow/example_dags/example_sensor_decorator.py for tasks to queue
[2026-02-02T14:37:53.740+0000] {logging_mixin.py:188} INFO - [2026-02-02T14:37:53.739+0000] {dagbag.py:538} INFO - Filling up the DagBag from /home/airflow/.local/lib/python3.8/site-packages/airflow/example_dags/example_sensor_decorator.py
[2026-02-02T14:37:53.744+0000] {processor.py:840} INFO - DAG(s) 'example_sensor_decorator' retrieved from /home/airflow/.local/lib/python3.8/site-packages/airflow/example_dags/example_sensor_decorator.py
[2026-02-02T14:37:53.760+0000] {logging_mixin.py:188} INFO - [2026-02-02T14:37:53.760+0000] {dag.py:3036} INFO - Sync 1 DAGs
[2026-02-02T14:37:53.770+0000] {logging_mixin.py:188} INFO - [2026-02-02T14:37:53.769+0000] {dag.py:3823} INFO - Setting next_dagrun for example_sensor_decorator to None, run_after=None
[2026-02-02T14:37:53.784+0000] {processor.py:183} INFO - Processing /home/airflow/.local/lib/python3.8/site-packages/airflow/example_dags/example_sensor_decorator.py took 0.049 seconds
[2026-02-02T14:38:23.894+0000] {processor.py:161} INFO - Started process (PID=2032) to work on /home/airflow/.local/lib/python3.8/site-packages/airflow/example_dags/example_sensor_decorator.py
[2026-02-02T14:38:23.895+0000] {processor.py:830} INFO - Processing file /home/airflow/.local/lib/python3.8/site-packages/airflow/example_dags/example_sensor_decorator.py for tasks to queue
[2026-02-02T14:38:23.897+0000] {logging_mixin.py:188} INFO - [2026-02-02T14:38:23.896+0000] {dagbag.py:538} INFO - Filling up the DagBag from /home/airflow/.local/lib/python3.8/site-packages/airflow/example_dags/example_sensor_decorator.py
[2026-02-02T14:38:23.902+0000] {processor.py:840} INFO - DAG(s) 'example_sensor_decorator' retrieved from /home/airflow/.local/lib/python3.8/site-packages/airflow/example_dags/example_sensor_decorator.py
[2026-02-02T14:38:23.917+0000] {logging_mixin.py:188} INFO - [2026-02-02T14:38:23.917+0000] {dag.py:3036} INFO - Sync 1 DAGs
[2026-02-02T14:38:23.926+0000] {logging_mixin.py:188} INFO - [2026-02-02T14:38:23.926+0000] {dag.py:3823} INFO - Setting next_dagrun for example_sensor_decorator to None, run_after=None
[2026-02-02T14:38:23.943+0000] {processor.py:183} INFO - Processing /home/airflow/.local/lib/python3.8/site-packages/airflow/example_dags/example_sensor_decorator.py took 0.051 seconds
[2026-02-02T14:38:54.532+0000] {processor.py:161} INFO - Started process (PID=2087) to work on /home/airflow/.local/lib/python3.8/site-packages/airflow/example_dags/example_sensor_decorator.py
[2026-02-02T14:38:54.533+0000] {processor.py:830} INFO - Processing file /home/airflow/.local/lib/python3.8/site-packages/airflow/example_dags/example_sensor_decorator.py for tasks to queue
[2026-02-02T14:38:54.534+0000] {logging_mixin.py:188} INFO - [2026-02-02T14:38:54.534+0000] {dagbag.py:538} INFO - Filling up the DagBag from /home/airflow/.local/lib/python3.8/site-packages/airflow/example_dags/example_sensor_decorator.py
[2026-02-02T14:38:54.539+0000] {processor.py:840} INFO - DAG(s) 'example_sensor_decorator' retrieved from /home/airflow/.local/lib/python3.8/site-packages/airflow/example_dags/example_sensor_decorator.py
[2026-02-02T14:38:54.555+0000] {logging_mixin.py:188} INFO - [2026-02-02T14:38:54.554+0000] {dag.py:3036} INFO - Sync 1 DAGs
[2026-02-02T14:38:54.565+0000] {logging_mixin.py:188} INFO - [2026-02-02T14:38:54.565+0000] {dag.py:3823} INFO - Setting next_dagrun for example_sensor_decorator to None, run_after=None
[2026-02-02T14:38:54.579+0000] {processor.py:183} INFO - Processing /home/airflow/.local/lib/python3.8/site-packages/airflow/example_dags/example_sensor_decorator.py took 0.049 seconds
[2026-02-02T14:39:24.688+0000] {processor.py:161} INFO - Started process (PID=2142) to work on /home/airflow/.local/lib/python3.8/site-packages/airflow/example_dags/example_sensor_decorator.py
[2026-02-02T14:39:24.689+0000] {processor.py:830} INFO - Processing file /home/airflow/.local/lib/python3.8/site-packages/airflow/example_dags/example_sensor_decorator.py for tasks to queue
[2026-02-02T14:39:24.690+0000] {logging_mixin.py:188} INFO - [2026-02-02T14:39:24.690+0000] {dagbag.py:538} INFO - Filling up the DagBag from /home/airflow/.local/lib/python3.8/site-packages/airflow/example_dags/example_sensor_decorator.py
[2026-02-02T14:39:24.695+0000] {processor.py:840} INFO - DAG(s) 'example_sensor_decorator' retrieved from /home/airflow/.local/lib/python3.8/site-packages/airflow/example_dags/example_sensor_decorator.py
[2026-02-02T14:39:24.711+0000] {logging_mixin.py:188} INFO - [2026-02-02T14:39:24.711+0000] {dag.py:3036} INFO - Sync 1 DAGs
[2026-02-02T14:39:24.721+0000] {logging_mixin.py:188} INFO - [2026-02-02T14:39:24.721+0000] {dag.py:3823} INFO - Setting next_dagrun for example_sensor_decorator to None, run_after=None
[2026-02-02T14:39:24.739+0000] {processor.py:183} INFO - Processing /home/airflow/.local/lib/python3.8/site-packages/airflow/example_dags/example_sensor_decorator.py took 0.054 seconds
[2026-02-02T14:39:55.046+0000] {processor.py:161} INFO - Started process (PID=2197) to work on /home/airflow/.local/lib/python3.8/site-packages/airflow/example_dags/example_sensor_decorator.py
[2026-02-02T14:39:55.047+0000] {processor.py:830} INFO - Processing file /home/airflow/.local/lib/python3.8/site-packages/airflow/example_dags/example_sensor_decorator.py for tasks to queue
[2026-02-02T14:39:55.049+0000] {logging_mixin.py:188} INFO - [2026-02-02T14:39:55.049+0000] {dagbag.py:538} INFO - Filling up the DagBag from /home/airflow/.local/lib/python3.8/site-packages/airflow/example_dags/example_sensor_decorator.py
[2026-02-02T14:39:55.054+0000] {processor.py:840} INFO - DAG(s) 'example_sensor_decorator' retrieved from /home/airflow/.local/lib/python3.8/site-packages/airflow/example_dags/example_sensor_decorator.py
[2026-02-02T14:39:55.071+0000] {logging_mixin.py:188} INFO - [2026-02-02T14:39:55.071+0000] {dag.py:3036} INFO - Sync 1 DAGs
[2026-02-02T14:39:55.081+0000] {logging_mixin.py:188} INFO - [2026-02-02T14:39:55.080+0000] {dag.py:3823} INFO - Setting next_dagrun for example_sensor_decorator to None, run_after=None
[2026-02-02T14:39:55.094+0000] {processor.py:183} INFO - Processing /home/airflow/.local/lib/python3.8/site-packages/airflow/example_dags/example_sensor_decorator.py took 0.052 seconds
[2026-02-02T14:40:25.370+0000] {processor.py:161} INFO - Started process (PID=2251) to work on /home/airflow/.local/lib/python3.8/site-packages/airflow/example_dags/example_sensor_decorator.py
[2026-02-02T14:40:25.370+0000] {processor.py:830} INFO - Processing file /home/airflow/.local/lib/python3.8/site-packages/airflow/example_dags/example_sensor_decorator.py for tasks to queue
[2026-02-02T14:40:25.372+0000] {logging_mixin.py:188} INFO - [2026-02-02T14:40:25.371+0000] {dagbag.py:538} INFO - Filling up the DagBag from /home/airflow/.local/lib/python3.8/site-packages/airflow/example_dags/example_sensor_decorator.py
[2026-02-02T14:40:25.376+0000] {processor.py:840} INFO - DAG(s) 'example_sensor_decorator' retrieved from /home/airflow/.local/lib/python3.8/site-packages/airflow/example_dags/example_sensor_decorator.py
[2026-02-02T14:40:25.395+0000] {logging_mixin.py:188} INFO - [2026-02-02T14:40:25.394+0000] {dag.py:3036} INFO - Sync 1 DAGs
[2026-02-02T14:40:25.405+0000] {logging_mixin.py:188} INFO - [2026-02-02T14:40:25.405+0000] {dag.py:3823} INFO - Setting next_dagrun for example_sensor_decorator to None, run_after=None
[2026-02-02T14:40:25.418+0000] {processor.py:183} INFO - Processing /home/airflow/.local/lib/python3.8/site-packages/airflow/example_dags/example_sensor_decorator.py took 0.051 seconds
[2026-02-02T14:40:55.556+0000] {processor.py:161} INFO - Started process (PID=2306) to work on /home/airflow/.local/lib/python3.8/site-packages/airflow/example_dags/example_sensor_decorator.py
[2026-02-02T14:40:55.557+0000] {processor.py:830} INFO - Processing file /home/airflow/.local/lib/python3.8/site-packages/airflow/example_dags/example_sensor_decorator.py for tasks to queue
[2026-02-02T14:40:55.559+0000] {logging_mixin.py:188} INFO - [2026-02-02T14:40:55.558+0000] {dagbag.py:538} INFO - Filling up the DagBag from /home/airflow/.local/lib/python3.8/site-packages/airflow/example_dags/example_sensor_decorator.py
[2026-02-02T14:40:55.565+0000] {processor.py:840} INFO - DAG(s) 'example_sensor_decorator' retrieved from /home/airflow/.local/lib/python3.8/site-packages/airflow/example_dags/example_sensor_decorator.py
[2026-02-02T14:40:55.580+0000] {logging_mixin.py:188} INFO - [2026-02-02T14:40:55.580+0000] {dag.py:3036} INFO - Sync 1 DAGs
[2026-02-02T14:40:55.590+0000] {logging_mixin.py:188} INFO - [2026-02-02T14:40:55.589+0000] {dag.py:3823} INFO - Setting next_dagrun for example_sensor_decorator to None, run_after=None
[2026-02-02T14:40:55.603+0000] {processor.py:183} INFO - Processing /home/airflow/.local/lib/python3.8/site-packages/airflow/example_dags/example_sensor_decorator.py took 0.050 seconds
[2026-02-02T14:41:25.839+0000] {processor.py:161} INFO - Started process (PID=2362) to work on /home/airflow/.local/lib/python3.8/site-packages/airflow/example_dags/example_sensor_decorator.py
[2026-02-02T14:41:25.839+0000] {processor.py:830} INFO - Processing file /home/airflow/.local/lib/python3.8/site-packages/airflow/example_dags/example_sensor_decorator.py for tasks to queue
[2026-02-02T14:41:25.841+0000] {logging_mixin.py:188} INFO - [2026-02-02T14:41:25.841+0000] {dagbag.py:538} INFO - Filling up the DagBag from /home/airflow/.local/lib/python3.8/site-packages/airflow/example_dags/example_sensor_decorator.py
[2026-02-02T14:41:25.848+0000] {processor.py:840} INFO - DAG(s) 'example_sensor_decorator' retrieved from /home/airflow/.local/lib/python3.8/site-packages/airflow/example_dags/example_sensor_decorator.py
[2026-02-02T14:41:25.869+0000] {logging_mixin.py:188} INFO - [2026-02-02T14:41:25.869+0000] {dag.py:3036} INFO - Sync 1 DAGs
[2026-02-02T14:41:25.883+0000] {logging_mixin.py:188} INFO - [2026-02-02T14:41:25.883+0000] {dag.py:3823} INFO - Setting next_dagrun for example_sensor_decorator to None, run_after=None
[2026-02-02T14:41:25.902+0000] {processor.py:183} INFO - Processing /home/airflow/.local/lib/python3.8/site-packages/airflow/example_dags/example_sensor_decorator.py took 0.068 seconds
[2026-02-02T14:41:56.158+0000] {processor.py:161} INFO - Started process (PID=2417) to work on /home/airflow/.local/lib/python3.8/site-packages/airflow/example_dags/example_sensor_decorator.py
[2026-02-02T14:41:56.159+0000] {processor.py:830} INFO - Processing file /home/airflow/.local/lib/python3.8/site-packages/airflow/example_dags/example_sensor_decorator.py for tasks to queue
[2026-02-02T14:41:56.160+0000] {logging_mixin.py:188} INFO - [2026-02-02T14:41:56.160+0000] {dagbag.py:538} INFO - Filling up the DagBag from /home/airflow/.local/lib/python3.8/site-packages/airflow/example_dags/example_sensor_decorator.py
[2026-02-02T14:41:56.165+0000] {processor.py:840} INFO - DAG(s) 'example_sensor_decorator' retrieved from /home/airflow/.local/lib/python3.8/site-packages/airflow/example_dags/example_sensor_decorator.py
[2026-02-02T14:41:56.180+0000] {logging_mixin.py:188} INFO - [2026-02-02T14:41:56.180+0000] {dag.py:3036} INFO - Sync 1 DAGs
[2026-02-02T14:41:56.190+0000] {logging_mixin.py:188} INFO - [2026-02-02T14:41:56.189+0000] {dag.py:3823} INFO - Setting next_dagrun for example_sensor_decorator to None, run_after=None
[2026-02-02T14:41:56.203+0000] {processor.py:183} INFO - Processing /home/airflow/.local/lib/python3.8/site-packages/airflow/example_dags/example_sensor_decorator.py took 0.048 seconds
[2026-02-02T14:42:27.267+0000] {processor.py:161} INFO - Started process (PID=2472) to work on /home/airflow/.local/lib/python3.8/site-packages/airflow/example_dags/example_sensor_decorator.py
[2026-02-02T14:42:27.268+0000] {processor.py:830} INFO - Processing file /home/airflow/.local/lib/python3.8/site-packages/airflow/example_dags/example_sensor_decorator.py for tasks to queue
[2026-02-02T14:42:27.270+0000] {logging_mixin.py:188} INFO - [2026-02-02T14:42:27.270+0000] {dagbag.py:538} INFO - Filling up the DagBag from /home/airflow/.local/lib/python3.8/site-packages/airflow/example_dags/example_sensor_decorator.py
[2026-02-02T14:42:27.277+0000] {processor.py:840} INFO - DAG(s) 'example_sensor_decorator' retrieved from /home/airflow/.local/lib/python3.8/site-packages/airflow/example_dags/example_sensor_decorator.py
[2026-02-02T14:42:27.299+0000] {logging_mixin.py:188} INFO - [2026-02-02T14:42:27.299+0000] {dag.py:3036} INFO - Sync 1 DAGs
[2026-02-02T14:42:27.314+0000] {logging_mixin.py:188} INFO - [2026-02-02T14:42:27.314+0000] {dag.py:3823} INFO - Setting next_dagrun for example_sensor_decorator to None, run_after=None
[2026-02-02T14:42:27.334+0000] {processor.py:183} INFO - Processing /home/airflow/.local/lib/python3.8/site-packages/airflow/example_dags/example_sensor_decorator.py took 0.070 seconds
[2026-02-02T14:42:57.560+0000] {processor.py:161} INFO - Started process (PID=2526) to work on /home/airflow/.local/lib/python3.8/site-packages/airflow/example_dags/example_sensor_decorator.py
[2026-02-02T14:42:57.561+0000] {processor.py:830} INFO - Processing file /home/airflow/.local/lib/python3.8/site-packages/airflow/example_dags/example_sensor_decorator.py for tasks to queue
[2026-02-02T14:42:57.562+0000] {logging_mixin.py:188} INFO - [2026-02-02T14:42:57.562+0000] {dagbag.py:538} INFO - Filling up the DagBag from /home/airflow/.local/lib/python3.8/site-packages/airflow/example_dags/example_sensor_decorator.py
[2026-02-02T14:42:57.569+0000] {processor.py:840} INFO - DAG(s) 'example_sensor_decorator' retrieved from /home/airflow/.local/lib/python3.8/site-packages/airflow/example_dags/example_sensor_decorator.py
[2026-02-02T14:42:57.590+0000] {logging_mixin.py:188} INFO - [2026-02-02T14:42:57.589+0000] {dag.py:3036} INFO - Sync 1 DAGs
[2026-02-02T14:42:57.603+0000] {logging_mixin.py:188} INFO - [2026-02-02T14:42:57.603+0000] {dag.py:3823} INFO - Setting next_dagrun for example_sensor_decorator to None, run_after=None
[2026-02-02T14:42:57.620+0000] {processor.py:183} INFO - Processing /home/airflow/.local/lib/python3.8/site-packages/airflow/example_dags/example_sensor_decorator.py took 0.063 seconds
[2026-02-02T14:43:28.470+0000] {processor.py:161} INFO - Started process (PID=2579) to work on /home/airflow/.local/lib/python3.8/site-packages/airflow/example_dags/example_sensor_decorator.py
[2026-02-02T14:43:28.471+0000] {processor.py:830} INFO - Processing file /home/airflow/.local/lib/python3.8/site-packages/airflow/example_dags/example_sensor_decorator.py for tasks to queue
[2026-02-02T14:43:28.473+0000] {logging_mixin.py:188} INFO - [2026-02-02T14:43:28.472+0000] {dagbag.py:538} INFO - Filling up the DagBag from /home/airflow/.local/lib/python3.8/site-packages/airflow/example_dags/example_sensor_decorator.py
[2026-02-02T14:43:28.479+0000] {processor.py:840} INFO - DAG(s) 'example_sensor_decorator' retrieved from /home/airflow/.local/lib/python3.8/site-packages/airflow/example_dags/example_sensor_decorator.py
[2026-02-02T14:43:28.500+0000] {logging_mixin.py:188} INFO - [2026-02-02T14:43:28.500+0000] {dag.py:3036} INFO - Sync 1 DAGs
[2026-02-02T14:43:28.514+0000] {logging_mixin.py:188} INFO - [2026-02-02T14:43:28.514+0000] {dag.py:3823} INFO - Setting next_dagrun for example_sensor_decorator to None, run_after=None
[2026-02-02T14:43:28.532+0000] {processor.py:183} INFO - Processing /home/airflow/.local/lib/python3.8/site-packages/airflow/example_dags/example_sensor_decorator.py took 0.066 seconds
[2026-02-02T14:43:58.807+0000] {processor.py:161} INFO - Started process (PID=2634) to work on /home/airflow/.local/lib/python3.8/site-packages/airflow/example_dags/example_sensor_decorator.py
[2026-02-02T14:43:58.808+0000] {processor.py:830} INFO - Processing file /home/airflow/.local/lib/python3.8/site-packages/airflow/example_dags/example_sensor_decorator.py for tasks to queue
[2026-02-02T14:43:58.821+0000] {logging_mixin.py:188} INFO - [2026-02-02T14:43:58.820+0000] {dagbag.py:538} INFO - Filling up the DagBag from /home/airflow/.local/lib/python3.8/site-packages/airflow/example_dags/example_sensor_decorator.py
[2026-02-02T14:43:58.835+0000] {processor.py:840} INFO - DAG(s) 'example_sensor_decorator' retrieved from /home/airflow/.local/lib/python3.8/site-packages/airflow/example_dags/example_sensor_decorator.py
[2026-02-02T14:43:58.861+0000] {logging_mixin.py:188} INFO - [2026-02-02T14:43:58.861+0000] {dag.py:3036} INFO - Sync 1 DAGs
[2026-02-02T14:43:58.885+0000] {logging_mixin.py:188} INFO - [2026-02-02T14:43:58.884+0000] {dag.py:3823} INFO - Setting next_dagrun for example_sensor_decorator to None, run_after=None
[2026-02-02T14:43:58.929+0000] {processor.py:183} INFO - Processing /home/airflow/.local/lib/python3.8/site-packages/airflow/example_dags/example_sensor_decorator.py took 0.128 seconds
[2026-02-02T14:44:29.761+0000] {processor.py:161} INFO - Started process (PID=2695) to work on /home/airflow/.local/lib/python3.8/site-packages/airflow/example_dags/example_sensor_decorator.py
[2026-02-02T14:44:29.762+0000] {processor.py:830} INFO - Processing file /home/airflow/.local/lib/python3.8/site-packages/airflow/example_dags/example_sensor_decorator.py for tasks to queue
[2026-02-02T14:44:29.764+0000] {logging_mixin.py:188} INFO - [2026-02-02T14:44:29.764+0000] {dagbag.py:538} INFO - Filling up the DagBag from /home/airflow/.local/lib/python3.8/site-packages/airflow/example_dags/example_sensor_decorator.py
[2026-02-02T14:44:29.771+0000] {processor.py:840} INFO - DAG(s) 'example_sensor_decorator' retrieved from /home/airflow/.local/lib/python3.8/site-packages/airflow/example_dags/example_sensor_decorator.py
[2026-02-02T14:44:29.948+0000] {logging_mixin.py:188} INFO - [2026-02-02T14:44:29.947+0000] {dag.py:3036} INFO - Sync 1 DAGs
[2026-02-02T14:44:29.960+0000] {logging_mixin.py:188} INFO - [2026-02-02T14:44:29.960+0000] {dag.py:3823} INFO - Setting next_dagrun for example_sensor_decorator to None, run_after=None
[2026-02-02T14:44:29.978+0000] {processor.py:183} INFO - Processing /home/airflow/.local/lib/python3.8/site-packages/airflow/example_dags/example_sensor_decorator.py took 0.220 seconds
[2026-02-02T14:45:00.543+0000] {processor.py:161} INFO - Started process (PID=2751) to work on /home/airflow/.local/lib/python3.8/site-packages/airflow/example_dags/example_sensor_decorator.py
[2026-02-02T14:45:00.544+0000] {processor.py:830} INFO - Processing file /home/airflow/.local/lib/python3.8/site-packages/airflow/example_dags/example_sensor_decorator.py for tasks to queue
[2026-02-02T14:45:00.546+0000] {logging_mixin.py:188} INFO - [2026-02-02T14:45:00.546+0000] {dagbag.py:538} INFO - Filling up the DagBag from /home/airflow/.local/lib/python3.8/site-packages/airflow/example_dags/example_sensor_decorator.py
[2026-02-02T14:45:00.553+0000] {processor.py:840} INFO - DAG(s) 'example_sensor_decorator' retrieved from /home/airflow/.local/lib/python3.8/site-packages/airflow/example_dags/example_sensor_decorator.py
[2026-02-02T14:45:00.573+0000] {logging_mixin.py:188} INFO - [2026-02-02T14:45:00.573+0000] {dag.py:3036} INFO - Sync 1 DAGs
[2026-02-02T14:45:00.734+0000] {logging_mixin.py:188} INFO - [2026-02-02T14:45:00.734+0000] {dag.py:3823} INFO - Setting next_dagrun for example_sensor_decorator to None, run_after=None
[2026-02-02T14:45:00.760+0000] {processor.py:183} INFO - Processing /home/airflow/.local/lib/python3.8/site-packages/airflow/example_dags/example_sensor_decorator.py took 0.221 seconds
[2026-02-02T14:45:30.832+0000] {processor.py:161} INFO - Started process (PID=2807) to work on /home/airflow/.local/lib/python3.8/site-packages/airflow/example_dags/example_sensor_decorator.py
[2026-02-02T14:45:30.834+0000] {processor.py:830} INFO - Processing file /home/airflow/.local/lib/python3.8/site-packages/airflow/example_dags/example_sensor_decorator.py for tasks to queue
[2026-02-02T14:45:30.836+0000] {logging_mixin.py:188} INFO - [2026-02-02T14:45:30.836+0000] {dagbag.py:538} INFO - Filling up the DagBag from /home/airflow/.local/lib/python3.8/site-packages/airflow/example_dags/example_sensor_decorator.py
[2026-02-02T14:45:30.842+0000] {processor.py:840} INFO - DAG(s) 'example_sensor_decorator' retrieved from /home/airflow/.local/lib/python3.8/site-packages/airflow/example_dags/example_sensor_decorator.py
[2026-02-02T14:45:30.870+0000] {logging_mixin.py:188} INFO - [2026-02-02T14:45:30.869+0000] {dag.py:3036} INFO - Sync 1 DAGs
[2026-02-02T14:45:30.885+0000] {logging_mixin.py:188} INFO - [2026-02-02T14:45:30.884+0000] {dag.py:3823} INFO - Setting next_dagrun for example_sensor_decorator to None, run_after=None
[2026-02-02T14:45:30.906+0000] {processor.py:183} INFO - Processing /home/airflow/.local/lib/python3.8/site-packages/airflow/example_dags/example_sensor_decorator.py took 0.079 seconds
[2026-02-02T14:46:01.313+0000] {processor.py:161} INFO - Started process (PID=2862) to work on /home/airflow/.local/lib/python3.8/site-packages/airflow/example_dags/example_sensor_decorator.py
[2026-02-02T14:46:01.314+0000] {processor.py:830} INFO - Processing file /home/airflow/.local/lib/python3.8/site-packages/airflow/example_dags/example_sensor_decorator.py for tasks to queue
[2026-02-02T14:46:01.321+0000] {logging_mixin.py:188} INFO - [2026-02-02T14:46:01.320+0000] {dagbag.py:538} INFO - Filling up the DagBag from /home/airflow/.local/lib/python3.8/site-packages/airflow/example_dags/example_sensor_decorator.py
[2026-02-02T14:46:01.329+0000] {processor.py:840} INFO - DAG(s) 'example_sensor_decorator' retrieved from /home/airflow/.local/lib/python3.8/site-packages/airflow/example_dags/example_sensor_decorator.py
[2026-02-02T14:46:01.353+0000] {logging_mixin.py:188} INFO - [2026-02-02T14:46:01.353+0000] {dag.py:3036} INFO - Sync 1 DAGs
[2026-02-02T14:46:01.372+0000] {logging_mixin.py:188} INFO - [2026-02-02T14:46:01.371+0000] {dag.py:3823} INFO - Setting next_dagrun for example_sensor_decorator to None, run_after=None
[2026-02-02T14:46:01.410+0000] {processor.py:183} INFO - Processing /home/airflow/.local/lib/python3.8/site-packages/airflow/example_dags/example_sensor_decorator.py took 0.101 seconds
[2026-02-02T14:46:32.349+0000] {processor.py:161} INFO - Started process (PID=2918) to work on /home/airflow/.local/lib/python3.8/site-packages/airflow/example_dags/example_sensor_decorator.py
[2026-02-02T14:46:32.350+0000] {processor.py:830} INFO - Processing file /home/airflow/.local/lib/python3.8/site-packages/airflow/example_dags/example_sensor_decorator.py for tasks to queue
[2026-02-02T14:46:32.352+0000] {logging_mixin.py:188} INFO - [2026-02-02T14:46:32.352+0000] {dagbag.py:538} INFO - Filling up the DagBag from /home/airflow/.local/lib/python3.8/site-packages/airflow/example_dags/example_sensor_decorator.py
[2026-02-02T14:46:32.357+0000] {processor.py:840} INFO - DAG(s) 'example_sensor_decorator' retrieved from /home/airflow/.local/lib/python3.8/site-packages/airflow/example_dags/example_sensor_decorator.py
[2026-02-02T14:46:32.374+0000] {logging_mixin.py:188} INFO - [2026-02-02T14:46:32.374+0000] {dag.py:3036} INFO - Sync 1 DAGs
[2026-02-02T14:46:32.391+0000] {logging_mixin.py:188} INFO - [2026-02-02T14:46:32.391+0000] {dag.py:3823} INFO - Setting next_dagrun for example_sensor_decorator to None, run_after=None
[2026-02-02T14:46:32.405+0000] {processor.py:183} INFO - Processing /home/airflow/.local/lib/python3.8/site-packages/airflow/example_dags/example_sensor_decorator.py took 0.059 seconds
[2026-02-02T14:47:02.824+0000] {processor.py:161} INFO - Started process (PID=2974) to work on /home/airflow/.local/lib/python3.8/site-packages/airflow/example_dags/example_sensor_decorator.py
[2026-02-02T14:47:02.825+0000] {processor.py:830} INFO - Processing file /home/airflow/.local/lib/python3.8/site-packages/airflow/example_dags/example_sensor_decorator.py for tasks to queue
[2026-02-02T14:47:02.826+0000] {logging_mixin.py:188} INFO - [2026-02-02T14:47:02.826+0000] {dagbag.py:538} INFO - Filling up the DagBag from /home/airflow/.local/lib/python3.8/site-packages/airflow/example_dags/example_sensor_decorator.py
[2026-02-02T14:47:02.831+0000] {processor.py:840} INFO - DAG(s) 'example_sensor_decorator' retrieved from /home/airflow/.local/lib/python3.8/site-packages/airflow/example_dags/example_sensor_decorator.py
[2026-02-02T14:47:02.847+0000] {logging_mixin.py:188} INFO - [2026-02-02T14:47:02.847+0000] {dag.py:3036} INFO - Sync 1 DAGs
[2026-02-02T14:47:02.857+0000] {logging_mixin.py:188} INFO - [2026-02-02T14:47:02.856+0000] {dag.py:3823} INFO - Setting next_dagrun for example_sensor_decorator to None, run_after=None
[2026-02-02T14:47:02.871+0000] {processor.py:183} INFO - Processing /home/airflow/.local/lib/python3.8/site-packages/airflow/example_dags/example_sensor_decorator.py took 0.050 seconds
[2026-02-02T14:47:33.578+0000] {processor.py:161} INFO - Started process (PID=3031) to work on /home/airflow/.local/lib/python3.8/site-packages/airflow/example_dags/example_sensor_decorator.py
[2026-02-02T14:47:33.579+0000] {processor.py:830} INFO - Processing file /home/airflow/.local/lib/python3.8/site-packages/airflow/example_dags/example_sensor_decorator.py for tasks to queue
[2026-02-02T14:47:33.581+0000] {logging_mixin.py:188} INFO - [2026-02-02T14:47:33.580+0000] {dagbag.py:538} INFO - Filling up the DagBag from /home/airflow/.local/lib/python3.8/site-packages/airflow/example_dags/example_sensor_decorator.py
[2026-02-02T14:47:33.587+0000] {processor.py:840} INFO - DAG(s) 'example_sensor_decorator' retrieved from /home/airflow/.local/lib/python3.8/site-packages/airflow/example_dags/example_sensor_decorator.py
[2026-02-02T14:47:33.628+0000] {logging_mixin.py:188} INFO - [2026-02-02T14:47:33.628+0000] {dag.py:3036} INFO - Sync 1 DAGs
[2026-02-02T14:47:33.646+0000] {logging_mixin.py:188} INFO - [2026-02-02T14:47:33.646+0000] {dag.py:3823} INFO - Setting next_dagrun for example_sensor_decorator to None, run_after=None
[2026-02-02T14:47:33.667+0000] {processor.py:183} INFO - Processing /home/airflow/.local/lib/python3.8/site-packages/airflow/example_dags/example_sensor_decorator.py took 0.093 seconds
[2026-02-02T14:48:04.621+0000] {processor.py:161} INFO - Started process (PID=3087) to work on /home/airflow/.local/lib/python3.8/site-packages/airflow/example_dags/example_sensor_decorator.py
[2026-02-02T14:48:04.622+0000] {processor.py:830} INFO - Processing file /home/airflow/.local/lib/python3.8/site-packages/airflow/example_dags/example_sensor_decorator.py for tasks to queue
[2026-02-02T14:48:04.624+0000] {logging_mixin.py:188} INFO - [2026-02-02T14:48:04.623+0000] {dagbag.py:538} INFO - Filling up the DagBag from /home/airflow/.local/lib/python3.8/site-packages/airflow/example_dags/example_sensor_decorator.py
[2026-02-02T14:48:04.631+0000] {processor.py:840} INFO - DAG(s) 'example_sensor_decorator' retrieved from /home/airflow/.local/lib/python3.8/site-packages/airflow/example_dags/example_sensor_decorator.py
[2026-02-02T14:48:04.650+0000] {logging_mixin.py:188} INFO - [2026-02-02T14:48:04.650+0000] {dag.py:3036} INFO - Sync 1 DAGs
[2026-02-02T14:48:04.659+0000] {logging_mixin.py:188} INFO - [2026-02-02T14:48:04.659+0000] {dag.py:3823} INFO - Setting next_dagrun for example_sensor_decorator to None, run_after=None
[2026-02-02T14:48:04.673+0000] {processor.py:183} INFO - Processing /home/airflow/.local/lib/python3.8/site-packages/airflow/example_dags/example_sensor_decorator.py took 0.055 seconds
[2026-02-02T14:48:35.241+0000] {processor.py:161} INFO - Started process (PID=3142) to work on /home/airflow/.local/lib/python3.8/site-packages/airflow/example_dags/example_sensor_decorator.py
[2026-02-02T14:48:35.242+0000] {processor.py:830} INFO - Processing file /home/airflow/.local/lib/python3.8/site-packages/airflow/example_dags/example_sensor_decorator.py for tasks to queue
[2026-02-02T14:48:35.243+0000] {logging_mixin.py:188} INFO - [2026-02-02T14:48:35.243+0000] {dagbag.py:538} INFO - Filling up the DagBag from /home/airflow/.local/lib/python3.8/site-packages/airflow/example_dags/example_sensor_decorator.py
[2026-02-02T14:48:35.248+0000] {processor.py:840} INFO - DAG(s) 'example_sensor_decorator' retrieved from /home/airflow/.local/lib/python3.8/site-packages/airflow/example_dags/example_sensor_decorator.py
[2026-02-02T14:48:35.265+0000] {logging_mixin.py:188} INFO - [2026-02-02T14:48:35.265+0000] {dag.py:3036} INFO - Sync 1 DAGs
[2026-02-02T14:48:35.275+0000] {logging_mixin.py:188} INFO - [2026-02-02T14:48:35.275+0000] {dag.py:3823} INFO - Setting next_dagrun for example_sensor_decorator to None, run_after=None
[2026-02-02T14:48:35.289+0000] {processor.py:183} INFO - Processing /home/airflow/.local/lib/python3.8/site-packages/airflow/example_dags/example_sensor_decorator.py took 0.050 seconds
[2026-02-02T14:49:05.544+0000] {processor.py:161} INFO - Started process (PID=3198) to work on /home/airflow/.local/lib/python3.8/site-packages/airflow/example_dags/example_sensor_decorator.py
[2026-02-02T14:49:05.545+0000] {processor.py:830} INFO - Processing file /home/airflow/.local/lib/python3.8/site-packages/airflow/example_dags/example_sensor_decorator.py for tasks to queue
[2026-02-02T14:49:05.547+0000] {logging_mixin.py:188} INFO - [2026-02-02T14:49:05.546+0000] {dagbag.py:538} INFO - Filling up the DagBag from /home/airflow/.local/lib/python3.8/site-packages/airflow/example_dags/example_sensor_decorator.py
[2026-02-02T14:49:05.553+0000] {processor.py:840} INFO - DAG(s) 'example_sensor_decorator' retrieved from /home/airflow/.local/lib/python3.8/site-packages/airflow/example_dags/example_sensor_decorator.py
[2026-02-02T14:49:05.572+0000] {logging_mixin.py:188} INFO - [2026-02-02T14:49:05.572+0000] {dag.py:3036} INFO - Sync 1 DAGs
[2026-02-02T14:49:05.582+0000] {logging_mixin.py:188} INFO - [2026-02-02T14:49:05.581+0000] {dag.py:3823} INFO - Setting next_dagrun for example_sensor_decorator to None, run_after=None
[2026-02-02T14:49:05.595+0000] {processor.py:183} INFO - Processing /home/airflow/.local/lib/python3.8/site-packages/airflow/example_dags/example_sensor_decorator.py took 0.057 seconds
[2026-02-02T14:49:36.075+0000] {processor.py:161} INFO - Started process (PID=3254) to work on /home/airflow/.local/lib/python3.8/site-packages/airflow/example_dags/example_sensor_decorator.py
[2026-02-02T14:49:36.076+0000] {processor.py:830} INFO - Processing file /home/airflow/.local/lib/python3.8/site-packages/airflow/example_dags/example_sensor_decorator.py for tasks to queue
[2026-02-02T14:49:36.079+0000] {logging_mixin.py:188} INFO - [2026-02-02T14:49:36.077+0000] {dagbag.py:538} INFO - Filling up the DagBag from /home/airflow/.local/lib/python3.8/site-packages/airflow/example_dags/example_sensor_decorator.py
[2026-02-02T14:49:36.091+0000] {processor.py:840} INFO - DAG(s) 'example_sensor_decorator' retrieved from /home/airflow/.local/lib/python3.8/site-packages/airflow/example_dags/example_sensor_decorator.py
[2026-02-02T14:49:36.187+0000] {logging_mixin.py:188} INFO - [2026-02-02T14:49:36.187+0000] {dag.py:3036} INFO - Sync 1 DAGs
[2026-02-02T14:49:36.221+0000] {logging_mixin.py:188} INFO - [2026-02-02T14:49:36.221+0000] {dag.py:3823} INFO - Setting next_dagrun for example_sensor_decorator to None, run_after=None
[2026-02-02T14:49:36.240+0000] {processor.py:183} INFO - Processing /home/airflow/.local/lib/python3.8/site-packages/airflow/example_dags/example_sensor_decorator.py took 0.173 seconds
[2026-02-02T14:50:07.166+0000] {processor.py:161} INFO - Started process (PID=3310) to work on /home/airflow/.local/lib/python3.8/site-packages/airflow/example_dags/example_sensor_decorator.py
[2026-02-02T14:50:07.167+0000] {processor.py:830} INFO - Processing file /home/airflow/.local/lib/python3.8/site-packages/airflow/example_dags/example_sensor_decorator.py for tasks to queue
[2026-02-02T14:50:07.173+0000] {logging_mixin.py:188} INFO - [2026-02-02T14:50:07.172+0000] {dagbag.py:538} INFO - Filling up the DagBag from /home/airflow/.local/lib/python3.8/site-packages/airflow/example_dags/example_sensor_decorator.py
[2026-02-02T14:50:07.194+0000] {processor.py:840} INFO - DAG(s) 'example_sensor_decorator' retrieved from /home/airflow/.local/lib/python3.8/site-packages/airflow/example_dags/example_sensor_decorator.py
[2026-02-02T14:50:07.258+0000] {logging_mixin.py:188} INFO - [2026-02-02T14:50:07.258+0000] {dag.py:3036} INFO - Sync 1 DAGs
[2026-02-02T14:50:07.274+0000] {logging_mixin.py:188} INFO - [2026-02-02T14:50:07.274+0000] {dag.py:3823} INFO - Setting next_dagrun for example_sensor_decorator to None, run_after=None
[2026-02-02T14:50:07.293+0000] {processor.py:183} INFO - Processing /home/airflow/.local/lib/python3.8/site-packages/airflow/example_dags/example_sensor_decorator.py took 0.141 seconds
[2026-02-02T14:50:37.543+0000] {processor.py:161} INFO - Started process (PID=3366) to work on /home/airflow/.local/lib/python3.8/site-packages/airflow/example_dags/example_sensor_decorator.py
[2026-02-02T14:50:37.546+0000] {processor.py:830} INFO - Processing file /home/airflow/.local/lib/python3.8/site-packages/airflow/example_dags/example_sensor_decorator.py for tasks to queue
[2026-02-02T14:50:37.550+0000] {logging_mixin.py:188} INFO - [2026-02-02T14:50:37.549+0000] {dagbag.py:538} INFO - Filling up the DagBag from /home/airflow/.local/lib/python3.8/site-packages/airflow/example_dags/example_sensor_decorator.py
[2026-02-02T14:50:37.561+0000] {processor.py:840} INFO - DAG(s) 'example_sensor_decorator' retrieved from /home/airflow/.local/lib/python3.8/site-packages/airflow/example_dags/example_sensor_decorator.py
[2026-02-02T14:50:37.587+0000] {logging_mixin.py:188} INFO - [2026-02-02T14:50:37.586+0000] {dag.py:3036} INFO - Sync 1 DAGs
[2026-02-02T14:50:37.602+0000] {logging_mixin.py:188} INFO - [2026-02-02T14:50:37.601+0000] {dag.py:3823} INFO - Setting next_dagrun for example_sensor_decorator to None, run_after=None
[2026-02-02T14:50:37.619+0000] {processor.py:183} INFO - Processing /home/airflow/.local/lib/python3.8/site-packages/airflow/example_dags/example_sensor_decorator.py took 0.084 seconds
