[2026-02-02T14:20:22.864+0000] {processor.py:161} INFO - Started process (PID=78) to work on /home/airflow/.local/lib/python3.8/site-packages/airflow/example_dags/example_short_circuit_decorator.py
[2026-02-02T14:20:22.867+0000] {processor.py:830} INFO - Processing file /home/airflow/.local/lib/python3.8/site-packages/airflow/example_dags/example_short_circuit_decorator.py for tasks to queue
[2026-02-02T14:20:22.871+0000] {logging_mixin.py:188} INFO - [2026-02-02T14:20:22.871+0000] {dagbag.py:538} INFO - Filling up the DagBag from /home/airflow/.local/lib/python3.8/site-packages/airflow/example_dags/example_short_circuit_decorator.py
[2026-02-02T14:20:22.907+0000] {processor.py:840} INFO - DAG(s) 'example_short_circuit_decorator' retrieved from /home/airflow/.local/lib/python3.8/site-packages/airflow/example_dags/example_short_circuit_decorator.py
[2026-02-02T14:20:23.384+0000] {logging_mixin.py:188} INFO - [2026-02-02T14:20:23.384+0000] {override.py:1769} INFO - Created Permission View: can edit on DAG:example_short_circuit_decorator
[2026-02-02T14:20:23.431+0000] {logging_mixin.py:188} INFO - [2026-02-02T14:20:23.431+0000] {override.py:1769} INFO - Created Permission View: can delete on DAG:example_short_circuit_decorator
[2026-02-02T14:20:23.463+0000] {logging_mixin.py:188} INFO - [2026-02-02T14:20:23.463+0000] {override.py:1769} INFO - Created Permission View: can read on DAG:example_short_circuit_decorator
[2026-02-02T14:20:23.465+0000] {logging_mixin.py:188} INFO - [2026-02-02T14:20:23.464+0000] {dag.py:3036} INFO - Sync 1 DAGs
[2026-02-02T14:20:23.502+0000] {logging_mixin.py:188} INFO - [2026-02-02T14:20:23.491+0000] {dag.py:3058} INFO - Creating ORM DAG for example_short_circuit_decorator
[2026-02-02T14:20:23.569+0000] {logging_mixin.py:188} INFO - [2026-02-02T14:20:23.569+0000] {dag.py:3823} INFO - Setting next_dagrun for example_short_circuit_decorator to 2026-02-01 00:00:00+00:00, run_after=2026-02-02 00:00:00+00:00
[2026-02-02T14:20:23.663+0000] {processor.py:183} INFO - Processing /home/airflow/.local/lib/python3.8/site-packages/airflow/example_dags/example_short_circuit_decorator.py took 0.806 seconds
[2026-02-02T14:20:54.276+0000] {processor.py:161} INFO - Started process (PID=133) to work on /home/airflow/.local/lib/python3.8/site-packages/airflow/example_dags/example_short_circuit_decorator.py
[2026-02-02T14:20:54.278+0000] {processor.py:830} INFO - Processing file /home/airflow/.local/lib/python3.8/site-packages/airflow/example_dags/example_short_circuit_decorator.py for tasks to queue
[2026-02-02T14:20:54.282+0000] {logging_mixin.py:188} INFO - [2026-02-02T14:20:54.279+0000] {dagbag.py:538} INFO - Filling up the DagBag from /home/airflow/.local/lib/python3.8/site-packages/airflow/example_dags/example_short_circuit_decorator.py
[2026-02-02T14:20:54.294+0000] {processor.py:840} INFO - DAG(s) 'example_short_circuit_decorator' retrieved from /home/airflow/.local/lib/python3.8/site-packages/airflow/example_dags/example_short_circuit_decorator.py
[2026-02-02T14:20:54.321+0000] {logging_mixin.py:188} INFO - [2026-02-02T14:20:54.320+0000] {dag.py:3036} INFO - Sync 1 DAGs
[2026-02-02T14:20:54.348+0000] {logging_mixin.py:188} INFO - [2026-02-02T14:20:54.348+0000] {dag.py:3823} INFO - Setting next_dagrun for example_short_circuit_decorator to 2026-02-01 00:00:00+00:00, run_after=2026-02-02 00:00:00+00:00
[2026-02-02T14:20:54.368+0000] {processor.py:183} INFO - Processing /home/airflow/.local/lib/python3.8/site-packages/airflow/example_dags/example_short_circuit_decorator.py took 0.095 seconds
[2026-02-02T14:21:25.203+0000] {processor.py:161} INFO - Started process (PID=188) to work on /home/airflow/.local/lib/python3.8/site-packages/airflow/example_dags/example_short_circuit_decorator.py
[2026-02-02T14:21:25.204+0000] {processor.py:830} INFO - Processing file /home/airflow/.local/lib/python3.8/site-packages/airflow/example_dags/example_short_circuit_decorator.py for tasks to queue
[2026-02-02T14:21:25.206+0000] {logging_mixin.py:188} INFO - [2026-02-02T14:21:25.206+0000] {dagbag.py:538} INFO - Filling up the DagBag from /home/airflow/.local/lib/python3.8/site-packages/airflow/example_dags/example_short_circuit_decorator.py
[2026-02-02T14:21:25.217+0000] {processor.py:840} INFO - DAG(s) 'example_short_circuit_decorator' retrieved from /home/airflow/.local/lib/python3.8/site-packages/airflow/example_dags/example_short_circuit_decorator.py
[2026-02-02T14:21:25.245+0000] {logging_mixin.py:188} INFO - [2026-02-02T14:21:25.244+0000] {dag.py:3036} INFO - Sync 1 DAGs
[2026-02-02T14:21:25.275+0000] {logging_mixin.py:188} INFO - [2026-02-02T14:21:25.274+0000] {dag.py:3823} INFO - Setting next_dagrun for example_short_circuit_decorator to 2026-02-01 00:00:00+00:00, run_after=2026-02-02 00:00:00+00:00
[2026-02-02T14:21:25.293+0000] {processor.py:183} INFO - Processing /home/airflow/.local/lib/python3.8/site-packages/airflow/example_dags/example_short_circuit_decorator.py took 0.093 seconds
[2026-02-02T14:21:55.509+0000] {processor.py:161} INFO - Started process (PID=243) to work on /home/airflow/.local/lib/python3.8/site-packages/airflow/example_dags/example_short_circuit_decorator.py
[2026-02-02T14:21:55.511+0000] {processor.py:830} INFO - Processing file /home/airflow/.local/lib/python3.8/site-packages/airflow/example_dags/example_short_circuit_decorator.py for tasks to queue
[2026-02-02T14:21:55.513+0000] {logging_mixin.py:188} INFO - [2026-02-02T14:21:55.513+0000] {dagbag.py:538} INFO - Filling up the DagBag from /home/airflow/.local/lib/python3.8/site-packages/airflow/example_dags/example_short_circuit_decorator.py
[2026-02-02T14:21:55.529+0000] {processor.py:840} INFO - DAG(s) 'example_short_circuit_decorator' retrieved from /home/airflow/.local/lib/python3.8/site-packages/airflow/example_dags/example_short_circuit_decorator.py
[2026-02-02T14:21:55.559+0000] {logging_mixin.py:188} INFO - [2026-02-02T14:21:55.559+0000] {dag.py:3036} INFO - Sync 1 DAGs
[2026-02-02T14:21:55.584+0000] {logging_mixin.py:188} INFO - [2026-02-02T14:21:55.583+0000] {dag.py:3823} INFO - Setting next_dagrun for example_short_circuit_decorator to 2026-02-01 00:00:00+00:00, run_after=2026-02-02 00:00:00+00:00
[2026-02-02T14:21:55.604+0000] {processor.py:183} INFO - Processing /home/airflow/.local/lib/python3.8/site-packages/airflow/example_dags/example_short_circuit_decorator.py took 0.098 seconds
[2026-02-02T14:22:26.100+0000] {processor.py:161} INFO - Started process (PID=304) to work on /home/airflow/.local/lib/python3.8/site-packages/airflow/example_dags/example_short_circuit_decorator.py
[2026-02-02T14:22:26.101+0000] {processor.py:830} INFO - Processing file /home/airflow/.local/lib/python3.8/site-packages/airflow/example_dags/example_short_circuit_decorator.py for tasks to queue
[2026-02-02T14:22:26.102+0000] {logging_mixin.py:188} INFO - [2026-02-02T14:22:26.102+0000] {dagbag.py:538} INFO - Filling up the DagBag from /home/airflow/.local/lib/python3.8/site-packages/airflow/example_dags/example_short_circuit_decorator.py
[2026-02-02T14:22:26.114+0000] {processor.py:840} INFO - DAG(s) 'example_short_circuit_decorator' retrieved from /home/airflow/.local/lib/python3.8/site-packages/airflow/example_dags/example_short_circuit_decorator.py
[2026-02-02T14:22:26.146+0000] {logging_mixin.py:188} INFO - [2026-02-02T14:22:26.146+0000] {dag.py:3036} INFO - Sync 1 DAGs
[2026-02-02T14:22:26.171+0000] {logging_mixin.py:188} INFO - [2026-02-02T14:22:26.171+0000] {dag.py:3823} INFO - Setting next_dagrun for example_short_circuit_decorator to 2026-02-01 00:00:00+00:00, run_after=2026-02-02 00:00:00+00:00
[2026-02-02T14:22:26.207+0000] {processor.py:183} INFO - Processing /home/airflow/.local/lib/python3.8/site-packages/airflow/example_dags/example_short_circuit_decorator.py took 0.110 seconds
[2026-02-02T14:22:56.728+0000] {processor.py:161} INFO - Started process (PID=359) to work on /home/airflow/.local/lib/python3.8/site-packages/airflow/example_dags/example_short_circuit_decorator.py
[2026-02-02T14:22:56.729+0000] {processor.py:830} INFO - Processing file /home/airflow/.local/lib/python3.8/site-packages/airflow/example_dags/example_short_circuit_decorator.py for tasks to queue
[2026-02-02T14:22:56.731+0000] {logging_mixin.py:188} INFO - [2026-02-02T14:22:56.731+0000] {dagbag.py:538} INFO - Filling up the DagBag from /home/airflow/.local/lib/python3.8/site-packages/airflow/example_dags/example_short_circuit_decorator.py
[2026-02-02T14:22:56.741+0000] {processor.py:840} INFO - DAG(s) 'example_short_circuit_decorator' retrieved from /home/airflow/.local/lib/python3.8/site-packages/airflow/example_dags/example_short_circuit_decorator.py
[2026-02-02T14:22:56.769+0000] {logging_mixin.py:188} INFO - [2026-02-02T14:22:56.769+0000] {dag.py:3036} INFO - Sync 1 DAGs
[2026-02-02T14:22:56.815+0000] {logging_mixin.py:188} INFO - [2026-02-02T14:22:56.815+0000] {dag.py:3823} INFO - Setting next_dagrun for example_short_circuit_decorator to 2026-02-01 00:00:00+00:00, run_after=2026-02-02 00:00:00+00:00
[2026-02-02T14:22:56.831+0000] {processor.py:183} INFO - Processing /home/airflow/.local/lib/python3.8/site-packages/airflow/example_dags/example_short_circuit_decorator.py took 0.106 seconds
[2026-02-02T14:23:27.260+0000] {processor.py:161} INFO - Started process (PID=414) to work on /home/airflow/.local/lib/python3.8/site-packages/airflow/example_dags/example_short_circuit_decorator.py
[2026-02-02T14:23:27.261+0000] {processor.py:830} INFO - Processing file /home/airflow/.local/lib/python3.8/site-packages/airflow/example_dags/example_short_circuit_decorator.py for tasks to queue
[2026-02-02T14:23:27.262+0000] {logging_mixin.py:188} INFO - [2026-02-02T14:23:27.262+0000] {dagbag.py:538} INFO - Filling up the DagBag from /home/airflow/.local/lib/python3.8/site-packages/airflow/example_dags/example_short_circuit_decorator.py
[2026-02-02T14:23:27.273+0000] {processor.py:840} INFO - DAG(s) 'example_short_circuit_decorator' retrieved from /home/airflow/.local/lib/python3.8/site-packages/airflow/example_dags/example_short_circuit_decorator.py
[2026-02-02T14:23:27.302+0000] {logging_mixin.py:188} INFO - [2026-02-02T14:23:27.302+0000] {dag.py:3036} INFO - Sync 1 DAGs
[2026-02-02T14:23:27.327+0000] {logging_mixin.py:188} INFO - [2026-02-02T14:23:27.327+0000] {dag.py:3823} INFO - Setting next_dagrun for example_short_circuit_decorator to 2026-02-01 00:00:00+00:00, run_after=2026-02-02 00:00:00+00:00
[2026-02-02T14:23:27.346+0000] {processor.py:183} INFO - Processing /home/airflow/.local/lib/python3.8/site-packages/airflow/example_dags/example_short_circuit_decorator.py took 0.090 seconds
[2026-02-02T14:23:57.510+0000] {processor.py:161} INFO - Started process (PID=468) to work on /home/airflow/.local/lib/python3.8/site-packages/airflow/example_dags/example_short_circuit_decorator.py
[2026-02-02T14:23:57.511+0000] {processor.py:830} INFO - Processing file /home/airflow/.local/lib/python3.8/site-packages/airflow/example_dags/example_short_circuit_decorator.py for tasks to queue
[2026-02-02T14:23:57.512+0000] {logging_mixin.py:188} INFO - [2026-02-02T14:23:57.512+0000] {dagbag.py:538} INFO - Filling up the DagBag from /home/airflow/.local/lib/python3.8/site-packages/airflow/example_dags/example_short_circuit_decorator.py
[2026-02-02T14:23:57.523+0000] {processor.py:840} INFO - DAG(s) 'example_short_circuit_decorator' retrieved from /home/airflow/.local/lib/python3.8/site-packages/airflow/example_dags/example_short_circuit_decorator.py
[2026-02-02T14:23:57.551+0000] {logging_mixin.py:188} INFO - [2026-02-02T14:23:57.551+0000] {dag.py:3036} INFO - Sync 1 DAGs
[2026-02-02T14:23:57.578+0000] {logging_mixin.py:188} INFO - [2026-02-02T14:23:57.577+0000] {dag.py:3823} INFO - Setting next_dagrun for example_short_circuit_decorator to 2026-02-01 00:00:00+00:00, run_after=2026-02-02 00:00:00+00:00
[2026-02-02T14:23:57.600+0000] {processor.py:183} INFO - Processing /home/airflow/.local/lib/python3.8/site-packages/airflow/example_dags/example_short_circuit_decorator.py took 0.094 seconds
[2026-02-02T14:24:28.259+0000] {processor.py:161} INFO - Started process (PID=524) to work on /home/airflow/.local/lib/python3.8/site-packages/airflow/example_dags/example_short_circuit_decorator.py
[2026-02-02T14:24:28.259+0000] {processor.py:830} INFO - Processing file /home/airflow/.local/lib/python3.8/site-packages/airflow/example_dags/example_short_circuit_decorator.py for tasks to queue
[2026-02-02T14:24:28.264+0000] {logging_mixin.py:188} INFO - [2026-02-02T14:24:28.264+0000] {dagbag.py:538} INFO - Filling up the DagBag from /home/airflow/.local/lib/python3.8/site-packages/airflow/example_dags/example_short_circuit_decorator.py
[2026-02-02T14:24:28.293+0000] {processor.py:840} INFO - DAG(s) 'example_short_circuit_decorator' retrieved from /home/airflow/.local/lib/python3.8/site-packages/airflow/example_dags/example_short_circuit_decorator.py
[2026-02-02T14:24:28.381+0000] {logging_mixin.py:188} INFO - [2026-02-02T14:24:28.381+0000] {dag.py:3036} INFO - Sync 1 DAGs
[2026-02-02T14:24:28.509+0000] {logging_mixin.py:188} INFO - [2026-02-02T14:24:28.509+0000] {dag.py:3823} INFO - Setting next_dagrun for example_short_circuit_decorator to 2026-02-01 00:00:00+00:00, run_after=2026-02-02 00:00:00+00:00
[2026-02-02T14:24:28.587+0000] {processor.py:183} INFO - Processing /home/airflow/.local/lib/python3.8/site-packages/airflow/example_dags/example_short_circuit_decorator.py took 0.340 seconds
[2026-02-02T14:24:58.942+0000] {processor.py:161} INFO - Started process (PID=579) to work on /home/airflow/.local/lib/python3.8/site-packages/airflow/example_dags/example_short_circuit_decorator.py
[2026-02-02T14:24:58.943+0000] {processor.py:830} INFO - Processing file /home/airflow/.local/lib/python3.8/site-packages/airflow/example_dags/example_short_circuit_decorator.py for tasks to queue
[2026-02-02T14:24:58.945+0000] {logging_mixin.py:188} INFO - [2026-02-02T14:24:58.944+0000] {dagbag.py:538} INFO - Filling up the DagBag from /home/airflow/.local/lib/python3.8/site-packages/airflow/example_dags/example_short_circuit_decorator.py
[2026-02-02T14:24:58.956+0000] {processor.py:840} INFO - DAG(s) 'example_short_circuit_decorator' retrieved from /home/airflow/.local/lib/python3.8/site-packages/airflow/example_dags/example_short_circuit_decorator.py
[2026-02-02T14:24:58.983+0000] {logging_mixin.py:188} INFO - [2026-02-02T14:24:58.983+0000] {dag.py:3036} INFO - Sync 1 DAGs
[2026-02-02T14:24:59.015+0000] {logging_mixin.py:188} INFO - [2026-02-02T14:24:59.014+0000] {dag.py:3823} INFO - Setting next_dagrun for example_short_circuit_decorator to 2026-02-01 00:00:00+00:00, run_after=2026-02-02 00:00:00+00:00
[2026-02-02T14:24:59.057+0000] {processor.py:183} INFO - Processing /home/airflow/.local/lib/python3.8/site-packages/airflow/example_dags/example_short_circuit_decorator.py took 0.117 seconds
[2026-02-02T14:25:29.154+0000] {processor.py:161} INFO - Started process (PID=634) to work on /home/airflow/.local/lib/python3.8/site-packages/airflow/example_dags/example_short_circuit_decorator.py
[2026-02-02T14:25:29.155+0000] {processor.py:830} INFO - Processing file /home/airflow/.local/lib/python3.8/site-packages/airflow/example_dags/example_short_circuit_decorator.py for tasks to queue
[2026-02-02T14:25:29.157+0000] {logging_mixin.py:188} INFO - [2026-02-02T14:25:29.157+0000] {dagbag.py:538} INFO - Filling up the DagBag from /home/airflow/.local/lib/python3.8/site-packages/airflow/example_dags/example_short_circuit_decorator.py
[2026-02-02T14:25:29.168+0000] {processor.py:840} INFO - DAG(s) 'example_short_circuit_decorator' retrieved from /home/airflow/.local/lib/python3.8/site-packages/airflow/example_dags/example_short_circuit_decorator.py
[2026-02-02T14:25:29.196+0000] {logging_mixin.py:188} INFO - [2026-02-02T14:25:29.196+0000] {dag.py:3036} INFO - Sync 1 DAGs
[2026-02-02T14:25:29.221+0000] {logging_mixin.py:188} INFO - [2026-02-02T14:25:29.221+0000] {dag.py:3823} INFO - Setting next_dagrun for example_short_circuit_decorator to 2026-02-01 00:00:00+00:00, run_after=2026-02-02 00:00:00+00:00
[2026-02-02T14:25:29.241+0000] {processor.py:183} INFO - Processing /home/airflow/.local/lib/python3.8/site-packages/airflow/example_dags/example_short_circuit_decorator.py took 0.090 seconds
[2026-02-02T14:25:59.530+0000] {processor.py:161} INFO - Started process (PID=689) to work on /home/airflow/.local/lib/python3.8/site-packages/airflow/example_dags/example_short_circuit_decorator.py
[2026-02-02T14:25:59.530+0000] {processor.py:830} INFO - Processing file /home/airflow/.local/lib/python3.8/site-packages/airflow/example_dags/example_short_circuit_decorator.py for tasks to queue
[2026-02-02T14:25:59.532+0000] {logging_mixin.py:188} INFO - [2026-02-02T14:25:59.532+0000] {dagbag.py:538} INFO - Filling up the DagBag from /home/airflow/.local/lib/python3.8/site-packages/airflow/example_dags/example_short_circuit_decorator.py
[2026-02-02T14:25:59.543+0000] {processor.py:840} INFO - DAG(s) 'example_short_circuit_decorator' retrieved from /home/airflow/.local/lib/python3.8/site-packages/airflow/example_dags/example_short_circuit_decorator.py
[2026-02-02T14:25:59.570+0000] {logging_mixin.py:188} INFO - [2026-02-02T14:25:59.570+0000] {dag.py:3036} INFO - Sync 1 DAGs
[2026-02-02T14:25:59.600+0000] {logging_mixin.py:188} INFO - [2026-02-02T14:25:59.600+0000] {dag.py:3823} INFO - Setting next_dagrun for example_short_circuit_decorator to 2026-02-01 00:00:00+00:00, run_after=2026-02-02 00:00:00+00:00
[2026-02-02T14:25:59.618+0000] {processor.py:183} INFO - Processing /home/airflow/.local/lib/python3.8/site-packages/airflow/example_dags/example_short_circuit_decorator.py took 0.092 seconds
[2026-02-02T14:26:29.788+0000] {processor.py:161} INFO - Started process (PID=744) to work on /home/airflow/.local/lib/python3.8/site-packages/airflow/example_dags/example_short_circuit_decorator.py
[2026-02-02T14:26:29.788+0000] {processor.py:830} INFO - Processing file /home/airflow/.local/lib/python3.8/site-packages/airflow/example_dags/example_short_circuit_decorator.py for tasks to queue
[2026-02-02T14:26:29.790+0000] {logging_mixin.py:188} INFO - [2026-02-02T14:26:29.790+0000] {dagbag.py:538} INFO - Filling up the DagBag from /home/airflow/.local/lib/python3.8/site-packages/airflow/example_dags/example_short_circuit_decorator.py
[2026-02-02T14:26:29.800+0000] {processor.py:840} INFO - DAG(s) 'example_short_circuit_decorator' retrieved from /home/airflow/.local/lib/python3.8/site-packages/airflow/example_dags/example_short_circuit_decorator.py
[2026-02-02T14:26:29.828+0000] {logging_mixin.py:188} INFO - [2026-02-02T14:26:29.828+0000] {dag.py:3036} INFO - Sync 1 DAGs
[2026-02-02T14:26:29.854+0000] {logging_mixin.py:188} INFO - [2026-02-02T14:26:29.854+0000] {dag.py:3823} INFO - Setting next_dagrun for example_short_circuit_decorator to 2026-02-01 00:00:00+00:00, run_after=2026-02-02 00:00:00+00:00
[2026-02-02T14:26:29.872+0000] {processor.py:183} INFO - Processing /home/airflow/.local/lib/python3.8/site-packages/airflow/example_dags/example_short_circuit_decorator.py took 0.088 seconds
[2026-02-02T14:27:00.413+0000] {processor.py:161} INFO - Started process (PID=799) to work on /home/airflow/.local/lib/python3.8/site-packages/airflow/example_dags/example_short_circuit_decorator.py
[2026-02-02T14:27:00.414+0000] {processor.py:830} INFO - Processing file /home/airflow/.local/lib/python3.8/site-packages/airflow/example_dags/example_short_circuit_decorator.py for tasks to queue
[2026-02-02T14:27:00.415+0000] {logging_mixin.py:188} INFO - [2026-02-02T14:27:00.415+0000] {dagbag.py:538} INFO - Filling up the DagBag from /home/airflow/.local/lib/python3.8/site-packages/airflow/example_dags/example_short_circuit_decorator.py
[2026-02-02T14:27:00.427+0000] {processor.py:840} INFO - DAG(s) 'example_short_circuit_decorator' retrieved from /home/airflow/.local/lib/python3.8/site-packages/airflow/example_dags/example_short_circuit_decorator.py
[2026-02-02T14:27:00.455+0000] {logging_mixin.py:188} INFO - [2026-02-02T14:27:00.455+0000] {dag.py:3036} INFO - Sync 1 DAGs
[2026-02-02T14:27:00.485+0000] {logging_mixin.py:188} INFO - [2026-02-02T14:27:00.485+0000] {dag.py:3823} INFO - Setting next_dagrun for example_short_circuit_decorator to 2026-02-01 00:00:00+00:00, run_after=2026-02-02 00:00:00+00:00
[2026-02-02T14:27:00.503+0000] {processor.py:183} INFO - Processing /home/airflow/.local/lib/python3.8/site-packages/airflow/example_dags/example_short_circuit_decorator.py took 0.093 seconds
[2026-02-02T14:27:30.606+0000] {processor.py:161} INFO - Started process (PID=854) to work on /home/airflow/.local/lib/python3.8/site-packages/airflow/example_dags/example_short_circuit_decorator.py
[2026-02-02T14:27:30.607+0000] {processor.py:830} INFO - Processing file /home/airflow/.local/lib/python3.8/site-packages/airflow/example_dags/example_short_circuit_decorator.py for tasks to queue
[2026-02-02T14:27:30.609+0000] {logging_mixin.py:188} INFO - [2026-02-02T14:27:30.609+0000] {dagbag.py:538} INFO - Filling up the DagBag from /home/airflow/.local/lib/python3.8/site-packages/airflow/example_dags/example_short_circuit_decorator.py
[2026-02-02T14:27:30.620+0000] {processor.py:840} INFO - DAG(s) 'example_short_circuit_decorator' retrieved from /home/airflow/.local/lib/python3.8/site-packages/airflow/example_dags/example_short_circuit_decorator.py
[2026-02-02T14:27:30.649+0000] {logging_mixin.py:188} INFO - [2026-02-02T14:27:30.648+0000] {dag.py:3036} INFO - Sync 1 DAGs
[2026-02-02T14:27:30.675+0000] {logging_mixin.py:188} INFO - [2026-02-02T14:27:30.674+0000] {dag.py:3823} INFO - Setting next_dagrun for example_short_circuit_decorator to 2026-02-01 00:00:00+00:00, run_after=2026-02-02 00:00:00+00:00
[2026-02-02T14:27:30.694+0000] {processor.py:183} INFO - Processing /home/airflow/.local/lib/python3.8/site-packages/airflow/example_dags/example_short_circuit_decorator.py took 0.091 seconds
[2026-02-02T14:28:01.171+0000] {processor.py:161} INFO - Started process (PID=909) to work on /home/airflow/.local/lib/python3.8/site-packages/airflow/example_dags/example_short_circuit_decorator.py
[2026-02-02T14:28:01.173+0000] {processor.py:830} INFO - Processing file /home/airflow/.local/lib/python3.8/site-packages/airflow/example_dags/example_short_circuit_decorator.py for tasks to queue
[2026-02-02T14:28:01.176+0000] {logging_mixin.py:188} INFO - [2026-02-02T14:28:01.176+0000] {dagbag.py:538} INFO - Filling up the DagBag from /home/airflow/.local/lib/python3.8/site-packages/airflow/example_dags/example_short_circuit_decorator.py
[2026-02-02T14:28:01.190+0000] {processor.py:840} INFO - DAG(s) 'example_short_circuit_decorator' retrieved from /home/airflow/.local/lib/python3.8/site-packages/airflow/example_dags/example_short_circuit_decorator.py
[2026-02-02T14:28:01.219+0000] {logging_mixin.py:188} INFO - [2026-02-02T14:28:01.219+0000] {dag.py:3036} INFO - Sync 1 DAGs
[2026-02-02T14:28:01.248+0000] {logging_mixin.py:188} INFO - [2026-02-02T14:28:01.248+0000] {dag.py:3823} INFO - Setting next_dagrun for example_short_circuit_decorator to 2026-02-01 00:00:00+00:00, run_after=2026-02-02 00:00:00+00:00
[2026-02-02T14:28:01.267+0000] {processor.py:183} INFO - Processing /home/airflow/.local/lib/python3.8/site-packages/airflow/example_dags/example_short_circuit_decorator.py took 0.099 seconds
[2026-02-02T14:28:32.078+0000] {processor.py:161} INFO - Started process (PID=964) to work on /home/airflow/.local/lib/python3.8/site-packages/airflow/example_dags/example_short_circuit_decorator.py
[2026-02-02T14:28:32.080+0000] {processor.py:830} INFO - Processing file /home/airflow/.local/lib/python3.8/site-packages/airflow/example_dags/example_short_circuit_decorator.py for tasks to queue
[2026-02-02T14:28:32.081+0000] {logging_mixin.py:188} INFO - [2026-02-02T14:28:32.081+0000] {dagbag.py:538} INFO - Filling up the DagBag from /home/airflow/.local/lib/python3.8/site-packages/airflow/example_dags/example_short_circuit_decorator.py
[2026-02-02T14:28:32.093+0000] {processor.py:840} INFO - DAG(s) 'example_short_circuit_decorator' retrieved from /home/airflow/.local/lib/python3.8/site-packages/airflow/example_dags/example_short_circuit_decorator.py
[2026-02-02T14:28:32.121+0000] {logging_mixin.py:188} INFO - [2026-02-02T14:28:32.121+0000] {dag.py:3036} INFO - Sync 1 DAGs
[2026-02-02T14:28:32.146+0000] {logging_mixin.py:188} INFO - [2026-02-02T14:28:32.146+0000] {dag.py:3823} INFO - Setting next_dagrun for example_short_circuit_decorator to 2026-02-01 00:00:00+00:00, run_after=2026-02-02 00:00:00+00:00
[2026-02-02T14:28:32.168+0000] {processor.py:183} INFO - Processing /home/airflow/.local/lib/python3.8/site-packages/airflow/example_dags/example_short_circuit_decorator.py took 0.093 seconds
[2026-02-02T14:29:02.613+0000] {processor.py:161} INFO - Started process (PID=1019) to work on /home/airflow/.local/lib/python3.8/site-packages/airflow/example_dags/example_short_circuit_decorator.py
[2026-02-02T14:29:02.614+0000] {processor.py:830} INFO - Processing file /home/airflow/.local/lib/python3.8/site-packages/airflow/example_dags/example_short_circuit_decorator.py for tasks to queue
[2026-02-02T14:29:02.616+0000] {logging_mixin.py:188} INFO - [2026-02-02T14:29:02.615+0000] {dagbag.py:538} INFO - Filling up the DagBag from /home/airflow/.local/lib/python3.8/site-packages/airflow/example_dags/example_short_circuit_decorator.py
[2026-02-02T14:29:02.626+0000] {processor.py:840} INFO - DAG(s) 'example_short_circuit_decorator' retrieved from /home/airflow/.local/lib/python3.8/site-packages/airflow/example_dags/example_short_circuit_decorator.py
[2026-02-02T14:29:02.655+0000] {logging_mixin.py:188} INFO - [2026-02-02T14:29:02.655+0000] {dag.py:3036} INFO - Sync 1 DAGs
[2026-02-02T14:29:02.680+0000] {logging_mixin.py:188} INFO - [2026-02-02T14:29:02.680+0000] {dag.py:3823} INFO - Setting next_dagrun for example_short_circuit_decorator to 2026-02-01 00:00:00+00:00, run_after=2026-02-02 00:00:00+00:00
[2026-02-02T14:29:02.698+0000] {processor.py:183} INFO - Processing /home/airflow/.local/lib/python3.8/site-packages/airflow/example_dags/example_short_circuit_decorator.py took 0.088 seconds
[2026-02-02T14:29:32.808+0000] {processor.py:161} INFO - Started process (PID=1074) to work on /home/airflow/.local/lib/python3.8/site-packages/airflow/example_dags/example_short_circuit_decorator.py
[2026-02-02T14:29:32.809+0000] {processor.py:830} INFO - Processing file /home/airflow/.local/lib/python3.8/site-packages/airflow/example_dags/example_short_circuit_decorator.py for tasks to queue
[2026-02-02T14:29:32.815+0000] {logging_mixin.py:188} INFO - [2026-02-02T14:29:32.815+0000] {dagbag.py:538} INFO - Filling up the DagBag from /home/airflow/.local/lib/python3.8/site-packages/airflow/example_dags/example_short_circuit_decorator.py
[2026-02-02T14:29:32.839+0000] {processor.py:840} INFO - DAG(s) 'example_short_circuit_decorator' retrieved from /home/airflow/.local/lib/python3.8/site-packages/airflow/example_dags/example_short_circuit_decorator.py
[2026-02-02T14:29:32.875+0000] {logging_mixin.py:188} INFO - [2026-02-02T14:29:32.874+0000] {dag.py:3036} INFO - Sync 1 DAGs
[2026-02-02T14:29:32.903+0000] {logging_mixin.py:188} INFO - [2026-02-02T14:29:32.902+0000] {dag.py:3823} INFO - Setting next_dagrun for example_short_circuit_decorator to 2026-02-01 00:00:00+00:00, run_after=2026-02-02 00:00:00+00:00
[2026-02-02T14:29:32.923+0000] {processor.py:183} INFO - Processing /home/airflow/.local/lib/python3.8/site-packages/airflow/example_dags/example_short_circuit_decorator.py took 0.122 seconds
[2026-02-02T14:30:03.346+0000] {processor.py:161} INFO - Started process (PID=1129) to work on /home/airflow/.local/lib/python3.8/site-packages/airflow/example_dags/example_short_circuit_decorator.py
[2026-02-02T14:30:03.347+0000] {processor.py:830} INFO - Processing file /home/airflow/.local/lib/python3.8/site-packages/airflow/example_dags/example_short_circuit_decorator.py for tasks to queue
[2026-02-02T14:30:03.349+0000] {logging_mixin.py:188} INFO - [2026-02-02T14:30:03.349+0000] {dagbag.py:538} INFO - Filling up the DagBag from /home/airflow/.local/lib/python3.8/site-packages/airflow/example_dags/example_short_circuit_decorator.py
[2026-02-02T14:30:03.359+0000] {processor.py:840} INFO - DAG(s) 'example_short_circuit_decorator' retrieved from /home/airflow/.local/lib/python3.8/site-packages/airflow/example_dags/example_short_circuit_decorator.py
[2026-02-02T14:30:03.388+0000] {logging_mixin.py:188} INFO - [2026-02-02T14:30:03.388+0000] {dag.py:3036} INFO - Sync 1 DAGs
[2026-02-02T14:30:03.414+0000] {logging_mixin.py:188} INFO - [2026-02-02T14:30:03.414+0000] {dag.py:3823} INFO - Setting next_dagrun for example_short_circuit_decorator to 2026-02-01 00:00:00+00:00, run_after=2026-02-02 00:00:00+00:00
[2026-02-02T14:30:03.436+0000] {processor.py:183} INFO - Processing /home/airflow/.local/lib/python3.8/site-packages/airflow/example_dags/example_short_circuit_decorator.py took 0.093 seconds
[2026-02-02T14:30:34.293+0000] {processor.py:161} INFO - Started process (PID=1184) to work on /home/airflow/.local/lib/python3.8/site-packages/airflow/example_dags/example_short_circuit_decorator.py
[2026-02-02T14:30:34.293+0000] {processor.py:830} INFO - Processing file /home/airflow/.local/lib/python3.8/site-packages/airflow/example_dags/example_short_circuit_decorator.py for tasks to queue
[2026-02-02T14:30:34.295+0000] {logging_mixin.py:188} INFO - [2026-02-02T14:30:34.295+0000] {dagbag.py:538} INFO - Filling up the DagBag from /home/airflow/.local/lib/python3.8/site-packages/airflow/example_dags/example_short_circuit_decorator.py
[2026-02-02T14:30:34.306+0000] {processor.py:840} INFO - DAG(s) 'example_short_circuit_decorator' retrieved from /home/airflow/.local/lib/python3.8/site-packages/airflow/example_dags/example_short_circuit_decorator.py
[2026-02-02T14:30:34.332+0000] {logging_mixin.py:188} INFO - [2026-02-02T14:30:34.332+0000] {dag.py:3036} INFO - Sync 1 DAGs
[2026-02-02T14:30:34.356+0000] {logging_mixin.py:188} INFO - [2026-02-02T14:30:34.356+0000] {dag.py:3823} INFO - Setting next_dagrun for example_short_circuit_decorator to 2026-02-01 00:00:00+00:00, run_after=2026-02-02 00:00:00+00:00
[2026-02-02T14:30:34.386+0000] {processor.py:183} INFO - Processing /home/airflow/.local/lib/python3.8/site-packages/airflow/example_dags/example_short_circuit_decorator.py took 0.096 seconds
[2026-02-02T14:31:04.418+0000] {processor.py:161} INFO - Started process (PID=1239) to work on /home/airflow/.local/lib/python3.8/site-packages/airflow/example_dags/example_short_circuit_decorator.py
[2026-02-02T14:31:04.420+0000] {processor.py:830} INFO - Processing file /home/airflow/.local/lib/python3.8/site-packages/airflow/example_dags/example_short_circuit_decorator.py for tasks to queue
[2026-02-02T14:31:04.423+0000] {logging_mixin.py:188} INFO - [2026-02-02T14:31:04.423+0000] {dagbag.py:538} INFO - Filling up the DagBag from /home/airflow/.local/lib/python3.8/site-packages/airflow/example_dags/example_short_circuit_decorator.py
[2026-02-02T14:31:04.435+0000] {processor.py:840} INFO - DAG(s) 'example_short_circuit_decorator' retrieved from /home/airflow/.local/lib/python3.8/site-packages/airflow/example_dags/example_short_circuit_decorator.py
[2026-02-02T14:31:04.464+0000] {logging_mixin.py:188} INFO - [2026-02-02T14:31:04.464+0000] {dag.py:3036} INFO - Sync 1 DAGs
[2026-02-02T14:31:04.496+0000] {logging_mixin.py:188} INFO - [2026-02-02T14:31:04.495+0000] {dag.py:3823} INFO - Setting next_dagrun for example_short_circuit_decorator to 2026-02-01 00:00:00+00:00, run_after=2026-02-02 00:00:00+00:00
[2026-02-02T14:31:04.532+0000] {processor.py:183} INFO - Processing /home/airflow/.local/lib/python3.8/site-packages/airflow/example_dags/example_short_circuit_decorator.py took 0.121 seconds
[2026-02-02T14:31:35.245+0000] {processor.py:161} INFO - Started process (PID=1294) to work on /home/airflow/.local/lib/python3.8/site-packages/airflow/example_dags/example_short_circuit_decorator.py
[2026-02-02T14:31:35.246+0000] {processor.py:830} INFO - Processing file /home/airflow/.local/lib/python3.8/site-packages/airflow/example_dags/example_short_circuit_decorator.py for tasks to queue
[2026-02-02T14:31:35.248+0000] {logging_mixin.py:188} INFO - [2026-02-02T14:31:35.248+0000] {dagbag.py:538} INFO - Filling up the DagBag from /home/airflow/.local/lib/python3.8/site-packages/airflow/example_dags/example_short_circuit_decorator.py
[2026-02-02T14:31:35.259+0000] {processor.py:840} INFO - DAG(s) 'example_short_circuit_decorator' retrieved from /home/airflow/.local/lib/python3.8/site-packages/airflow/example_dags/example_short_circuit_decorator.py
[2026-02-02T14:31:35.286+0000] {logging_mixin.py:188} INFO - [2026-02-02T14:31:35.286+0000] {dag.py:3036} INFO - Sync 1 DAGs
[2026-02-02T14:31:35.318+0000] {logging_mixin.py:188} INFO - [2026-02-02T14:31:35.318+0000] {dag.py:3823} INFO - Setting next_dagrun for example_short_circuit_decorator to 2026-02-01 00:00:00+00:00, run_after=2026-02-02 00:00:00+00:00
[2026-02-02T14:31:35.335+0000] {processor.py:183} INFO - Processing /home/airflow/.local/lib/python3.8/site-packages/airflow/example_dags/example_short_circuit_decorator.py took 0.092 seconds
[2026-02-02T14:32:06.188+0000] {processor.py:161} INFO - Started process (PID=1348) to work on /home/airflow/.local/lib/python3.8/site-packages/airflow/example_dags/example_short_circuit_decorator.py
[2026-02-02T14:32:06.193+0000] {processor.py:830} INFO - Processing file /home/airflow/.local/lib/python3.8/site-packages/airflow/example_dags/example_short_circuit_decorator.py for tasks to queue
[2026-02-02T14:32:06.199+0000] {logging_mixin.py:188} INFO - [2026-02-02T14:32:06.199+0000] {dagbag.py:538} INFO - Filling up the DagBag from /home/airflow/.local/lib/python3.8/site-packages/airflow/example_dags/example_short_circuit_decorator.py
[2026-02-02T14:32:06.225+0000] {processor.py:840} INFO - DAG(s) 'example_short_circuit_decorator' retrieved from /home/airflow/.local/lib/python3.8/site-packages/airflow/example_dags/example_short_circuit_decorator.py
[2026-02-02T14:32:06.301+0000] {logging_mixin.py:188} INFO - [2026-02-02T14:32:06.300+0000] {dag.py:3036} INFO - Sync 1 DAGs
[2026-02-02T14:32:06.363+0000] {logging_mixin.py:188} INFO - [2026-02-02T14:32:06.363+0000] {dag.py:3823} INFO - Setting next_dagrun for example_short_circuit_decorator to 2026-02-01 00:00:00+00:00, run_after=2026-02-02 00:00:00+00:00
[2026-02-02T14:32:06.403+0000] {processor.py:183} INFO - Processing /home/airflow/.local/lib/python3.8/site-packages/airflow/example_dags/example_short_circuit_decorator.py took 0.229 seconds
[2026-02-02T14:32:36.678+0000] {processor.py:161} INFO - Started process (PID=1402) to work on /home/airflow/.local/lib/python3.8/site-packages/airflow/example_dags/example_short_circuit_decorator.py
[2026-02-02T14:32:36.679+0000] {processor.py:830} INFO - Processing file /home/airflow/.local/lib/python3.8/site-packages/airflow/example_dags/example_short_circuit_decorator.py for tasks to queue
[2026-02-02T14:32:36.681+0000] {logging_mixin.py:188} INFO - [2026-02-02T14:32:36.680+0000] {dagbag.py:538} INFO - Filling up the DagBag from /home/airflow/.local/lib/python3.8/site-packages/airflow/example_dags/example_short_circuit_decorator.py
[2026-02-02T14:32:36.692+0000] {processor.py:840} INFO - DAG(s) 'example_short_circuit_decorator' retrieved from /home/airflow/.local/lib/python3.8/site-packages/airflow/example_dags/example_short_circuit_decorator.py
[2026-02-02T14:32:36.719+0000] {logging_mixin.py:188} INFO - [2026-02-02T14:32:36.719+0000] {dag.py:3036} INFO - Sync 1 DAGs
[2026-02-02T14:32:36.742+0000] {logging_mixin.py:188} INFO - [2026-02-02T14:32:36.742+0000] {dag.py:3823} INFO - Setting next_dagrun for example_short_circuit_decorator to 2026-02-01 00:00:00+00:00, run_after=2026-02-02 00:00:00+00:00
[2026-02-02T14:32:36.761+0000] {processor.py:183} INFO - Processing /home/airflow/.local/lib/python3.8/site-packages/airflow/example_dags/example_short_circuit_decorator.py took 0.087 seconds
[2026-02-02T14:33:07.138+0000] {processor.py:161} INFO - Started process (PID=1457) to work on /home/airflow/.local/lib/python3.8/site-packages/airflow/example_dags/example_short_circuit_decorator.py
[2026-02-02T14:33:07.139+0000] {processor.py:830} INFO - Processing file /home/airflow/.local/lib/python3.8/site-packages/airflow/example_dags/example_short_circuit_decorator.py for tasks to queue
[2026-02-02T14:33:07.141+0000] {logging_mixin.py:188} INFO - [2026-02-02T14:33:07.141+0000] {dagbag.py:538} INFO - Filling up the DagBag from /home/airflow/.local/lib/python3.8/site-packages/airflow/example_dags/example_short_circuit_decorator.py
[2026-02-02T14:33:07.152+0000] {processor.py:840} INFO - DAG(s) 'example_short_circuit_decorator' retrieved from /home/airflow/.local/lib/python3.8/site-packages/airflow/example_dags/example_short_circuit_decorator.py
[2026-02-02T14:33:07.179+0000] {logging_mixin.py:188} INFO - [2026-02-02T14:33:07.179+0000] {dag.py:3036} INFO - Sync 1 DAGs
[2026-02-02T14:33:07.220+0000] {logging_mixin.py:188} INFO - [2026-02-02T14:33:07.220+0000] {dag.py:3823} INFO - Setting next_dagrun for example_short_circuit_decorator to 2026-02-01 00:00:00+00:00, run_after=2026-02-02 00:00:00+00:00
[2026-02-02T14:33:07.238+0000] {processor.py:183} INFO - Processing /home/airflow/.local/lib/python3.8/site-packages/airflow/example_dags/example_short_circuit_decorator.py took 0.103 seconds
[2026-02-02T14:33:37.631+0000] {processor.py:161} INFO - Started process (PID=1512) to work on /home/airflow/.local/lib/python3.8/site-packages/airflow/example_dags/example_short_circuit_decorator.py
[2026-02-02T14:33:37.631+0000] {processor.py:830} INFO - Processing file /home/airflow/.local/lib/python3.8/site-packages/airflow/example_dags/example_short_circuit_decorator.py for tasks to queue
[2026-02-02T14:33:37.633+0000] {logging_mixin.py:188} INFO - [2026-02-02T14:33:37.633+0000] {dagbag.py:538} INFO - Filling up the DagBag from /home/airflow/.local/lib/python3.8/site-packages/airflow/example_dags/example_short_circuit_decorator.py
[2026-02-02T14:33:37.640+0000] {processor.py:840} INFO - DAG(s) 'example_short_circuit_decorator' retrieved from /home/airflow/.local/lib/python3.8/site-packages/airflow/example_dags/example_short_circuit_decorator.py
[2026-02-02T14:33:37.658+0000] {logging_mixin.py:188} INFO - [2026-02-02T14:33:37.658+0000] {dag.py:3036} INFO - Sync 1 DAGs
[2026-02-02T14:33:37.675+0000] {logging_mixin.py:188} INFO - [2026-02-02T14:33:37.675+0000] {dag.py:3823} INFO - Setting next_dagrun for example_short_circuit_decorator to 2026-02-01 00:00:00+00:00, run_after=2026-02-02 00:00:00+00:00
[2026-02-02T14:33:37.688+0000] {processor.py:183} INFO - Processing /home/airflow/.local/lib/python3.8/site-packages/airflow/example_dags/example_short_circuit_decorator.py took 0.060 seconds
[2026-02-02T14:34:08.611+0000] {processor.py:161} INFO - Started process (PID=1567) to work on /home/airflow/.local/lib/python3.8/site-packages/airflow/example_dags/example_short_circuit_decorator.py
[2026-02-02T14:34:08.613+0000] {processor.py:830} INFO - Processing file /home/airflow/.local/lib/python3.8/site-packages/airflow/example_dags/example_short_circuit_decorator.py for tasks to queue
[2026-02-02T14:34:08.615+0000] {logging_mixin.py:188} INFO - [2026-02-02T14:34:08.614+0000] {dagbag.py:538} INFO - Filling up the DagBag from /home/airflow/.local/lib/python3.8/site-packages/airflow/example_dags/example_short_circuit_decorator.py
[2026-02-02T14:34:08.625+0000] {processor.py:840} INFO - DAG(s) 'example_short_circuit_decorator' retrieved from /home/airflow/.local/lib/python3.8/site-packages/airflow/example_dags/example_short_circuit_decorator.py
[2026-02-02T14:34:08.652+0000] {logging_mixin.py:188} INFO - [2026-02-02T14:34:08.652+0000] {dag.py:3036} INFO - Sync 1 DAGs
[2026-02-02T14:34:08.679+0000] {logging_mixin.py:188} INFO - [2026-02-02T14:34:08.679+0000] {dag.py:3823} INFO - Setting next_dagrun for example_short_circuit_decorator to 2026-02-01 00:00:00+00:00, run_after=2026-02-02 00:00:00+00:00
[2026-02-02T14:34:08.696+0000] {processor.py:183} INFO - Processing /home/airflow/.local/lib/python3.8/site-packages/airflow/example_dags/example_short_circuit_decorator.py took 0.088 seconds
[2026-02-02T14:34:39.340+0000] {processor.py:161} INFO - Started process (PID=1622) to work on /home/airflow/.local/lib/python3.8/site-packages/airflow/example_dags/example_short_circuit_decorator.py
[2026-02-02T14:34:39.341+0000] {processor.py:830} INFO - Processing file /home/airflow/.local/lib/python3.8/site-packages/airflow/example_dags/example_short_circuit_decorator.py for tasks to queue
[2026-02-02T14:34:39.342+0000] {logging_mixin.py:188} INFO - [2026-02-02T14:34:39.342+0000] {dagbag.py:538} INFO - Filling up the DagBag from /home/airflow/.local/lib/python3.8/site-packages/airflow/example_dags/example_short_circuit_decorator.py
[2026-02-02T14:34:39.353+0000] {processor.py:840} INFO - DAG(s) 'example_short_circuit_decorator' retrieved from /home/airflow/.local/lib/python3.8/site-packages/airflow/example_dags/example_short_circuit_decorator.py
[2026-02-02T14:34:39.380+0000] {logging_mixin.py:188} INFO - [2026-02-02T14:34:39.380+0000] {dag.py:3036} INFO - Sync 1 DAGs
[2026-02-02T14:34:39.402+0000] {logging_mixin.py:188} INFO - [2026-02-02T14:34:39.402+0000] {dag.py:3823} INFO - Setting next_dagrun for example_short_circuit_decorator to 2026-02-01 00:00:00+00:00, run_after=2026-02-02 00:00:00+00:00
[2026-02-02T14:34:39.427+0000] {processor.py:183} INFO - Processing /home/airflow/.local/lib/python3.8/site-packages/airflow/example_dags/example_short_circuit_decorator.py took 0.091 seconds
[2026-02-02T14:35:10.579+0000] {processor.py:161} INFO - Started process (PID=1677) to work on /home/airflow/.local/lib/python3.8/site-packages/airflow/example_dags/example_short_circuit_decorator.py
[2026-02-02T14:35:10.580+0000] {processor.py:830} INFO - Processing file /home/airflow/.local/lib/python3.8/site-packages/airflow/example_dags/example_short_circuit_decorator.py for tasks to queue
[2026-02-02T14:35:10.582+0000] {logging_mixin.py:188} INFO - [2026-02-02T14:35:10.581+0000] {dagbag.py:538} INFO - Filling up the DagBag from /home/airflow/.local/lib/python3.8/site-packages/airflow/example_dags/example_short_circuit_decorator.py
[2026-02-02T14:35:10.593+0000] {processor.py:840} INFO - DAG(s) 'example_short_circuit_decorator' retrieved from /home/airflow/.local/lib/python3.8/site-packages/airflow/example_dags/example_short_circuit_decorator.py
[2026-02-02T14:35:10.622+0000] {logging_mixin.py:188} INFO - [2026-02-02T14:35:10.622+0000] {dag.py:3036} INFO - Sync 1 DAGs
[2026-02-02T14:35:10.645+0000] {logging_mixin.py:188} INFO - [2026-02-02T14:35:10.645+0000] {dag.py:3823} INFO - Setting next_dagrun for example_short_circuit_decorator to 2026-02-01 00:00:00+00:00, run_after=2026-02-02 00:00:00+00:00
[2026-02-02T14:35:10.676+0000] {processor.py:183} INFO - Processing /home/airflow/.local/lib/python3.8/site-packages/airflow/example_dags/example_short_circuit_decorator.py took 0.101 seconds
[2026-02-02T14:35:40.852+0000] {processor.py:161} INFO - Started process (PID=1732) to work on /home/airflow/.local/lib/python3.8/site-packages/airflow/example_dags/example_short_circuit_decorator.py
[2026-02-02T14:35:40.853+0000] {processor.py:830} INFO - Processing file /home/airflow/.local/lib/python3.8/site-packages/airflow/example_dags/example_short_circuit_decorator.py for tasks to queue
[2026-02-02T14:35:40.855+0000] {logging_mixin.py:188} INFO - [2026-02-02T14:35:40.854+0000] {dagbag.py:538} INFO - Filling up the DagBag from /home/airflow/.local/lib/python3.8/site-packages/airflow/example_dags/example_short_circuit_decorator.py
[2026-02-02T14:35:40.865+0000] {processor.py:840} INFO - DAG(s) 'example_short_circuit_decorator' retrieved from /home/airflow/.local/lib/python3.8/site-packages/airflow/example_dags/example_short_circuit_decorator.py
[2026-02-02T14:35:40.897+0000] {logging_mixin.py:188} INFO - [2026-02-02T14:35:40.897+0000] {dag.py:3036} INFO - Sync 1 DAGs
[2026-02-02T14:35:40.922+0000] {logging_mixin.py:188} INFO - [2026-02-02T14:35:40.922+0000] {dag.py:3823} INFO - Setting next_dagrun for example_short_circuit_decorator to 2026-02-01 00:00:00+00:00, run_after=2026-02-02 00:00:00+00:00
[2026-02-02T14:35:40.941+0000] {processor.py:183} INFO - Processing /home/airflow/.local/lib/python3.8/site-packages/airflow/example_dags/example_short_circuit_decorator.py took 0.093 seconds
[2026-02-02T14:36:11.919+0000] {processor.py:161} INFO - Started process (PID=1787) to work on /home/airflow/.local/lib/python3.8/site-packages/airflow/example_dags/example_short_circuit_decorator.py
[2026-02-02T14:36:11.920+0000] {processor.py:830} INFO - Processing file /home/airflow/.local/lib/python3.8/site-packages/airflow/example_dags/example_short_circuit_decorator.py for tasks to queue
[2026-02-02T14:36:11.922+0000] {logging_mixin.py:188} INFO - [2026-02-02T14:36:11.922+0000] {dagbag.py:538} INFO - Filling up the DagBag from /home/airflow/.local/lib/python3.8/site-packages/airflow/example_dags/example_short_circuit_decorator.py
[2026-02-02T14:36:11.931+0000] {processor.py:840} INFO - DAG(s) 'example_short_circuit_decorator' retrieved from /home/airflow/.local/lib/python3.8/site-packages/airflow/example_dags/example_short_circuit_decorator.py
[2026-02-02T14:36:11.958+0000] {logging_mixin.py:188} INFO - [2026-02-02T14:36:11.957+0000] {dag.py:3036} INFO - Sync 1 DAGs
[2026-02-02T14:36:11.984+0000] {logging_mixin.py:188} INFO - [2026-02-02T14:36:11.984+0000] {dag.py:3823} INFO - Setting next_dagrun for example_short_circuit_decorator to 2026-02-01 00:00:00+00:00, run_after=2026-02-02 00:00:00+00:00
[2026-02-02T14:36:12.003+0000] {processor.py:183} INFO - Processing /home/airflow/.local/lib/python3.8/site-packages/airflow/example_dags/example_short_circuit_decorator.py took 0.087 seconds
[2026-02-02T14:36:42.315+0000] {processor.py:161} INFO - Started process (PID=1842) to work on /home/airflow/.local/lib/python3.8/site-packages/airflow/example_dags/example_short_circuit_decorator.py
[2026-02-02T14:36:42.316+0000] {processor.py:830} INFO - Processing file /home/airflow/.local/lib/python3.8/site-packages/airflow/example_dags/example_short_circuit_decorator.py for tasks to queue
[2026-02-02T14:36:42.318+0000] {logging_mixin.py:188} INFO - [2026-02-02T14:36:42.317+0000] {dagbag.py:538} INFO - Filling up the DagBag from /home/airflow/.local/lib/python3.8/site-packages/airflow/example_dags/example_short_circuit_decorator.py
[2026-02-02T14:36:42.328+0000] {processor.py:840} INFO - DAG(s) 'example_short_circuit_decorator' retrieved from /home/airflow/.local/lib/python3.8/site-packages/airflow/example_dags/example_short_circuit_decorator.py
[2026-02-02T14:36:42.354+0000] {logging_mixin.py:188} INFO - [2026-02-02T14:36:42.354+0000] {dag.py:3036} INFO - Sync 1 DAGs
[2026-02-02T14:36:42.381+0000] {logging_mixin.py:188} INFO - [2026-02-02T14:36:42.380+0000] {dag.py:3823} INFO - Setting next_dagrun for example_short_circuit_decorator to 2026-02-01 00:00:00+00:00, run_after=2026-02-02 00:00:00+00:00
[2026-02-02T14:36:42.398+0000] {processor.py:183} INFO - Processing /home/airflow/.local/lib/python3.8/site-packages/airflow/example_dags/example_short_circuit_decorator.py took 0.087 seconds
[2026-02-02T14:37:12.644+0000] {processor.py:161} INFO - Started process (PID=1897) to work on /home/airflow/.local/lib/python3.8/site-packages/airflow/example_dags/example_short_circuit_decorator.py
[2026-02-02T14:37:12.645+0000] {processor.py:830} INFO - Processing file /home/airflow/.local/lib/python3.8/site-packages/airflow/example_dags/example_short_circuit_decorator.py for tasks to queue
[2026-02-02T14:37:12.648+0000] {logging_mixin.py:188} INFO - [2026-02-02T14:37:12.648+0000] {dagbag.py:538} INFO - Filling up the DagBag from /home/airflow/.local/lib/python3.8/site-packages/airflow/example_dags/example_short_circuit_decorator.py
[2026-02-02T14:37:12.659+0000] {processor.py:840} INFO - DAG(s) 'example_short_circuit_decorator' retrieved from /home/airflow/.local/lib/python3.8/site-packages/airflow/example_dags/example_short_circuit_decorator.py
[2026-02-02T14:37:12.687+0000] {logging_mixin.py:188} INFO - [2026-02-02T14:37:12.687+0000] {dag.py:3036} INFO - Sync 1 DAGs
[2026-02-02T14:37:12.726+0000] {logging_mixin.py:188} INFO - [2026-02-02T14:37:12.726+0000] {dag.py:3823} INFO - Setting next_dagrun for example_short_circuit_decorator to 2026-02-01 00:00:00+00:00, run_after=2026-02-02 00:00:00+00:00
[2026-02-02T14:37:12.744+0000] {processor.py:183} INFO - Processing /home/airflow/.local/lib/python3.8/site-packages/airflow/example_dags/example_short_circuit_decorator.py took 0.104 seconds
[2026-02-02T14:37:42.782+0000] {processor.py:161} INFO - Started process (PID=1952) to work on /home/airflow/.local/lib/python3.8/site-packages/airflow/example_dags/example_short_circuit_decorator.py
[2026-02-02T14:37:42.783+0000] {processor.py:830} INFO - Processing file /home/airflow/.local/lib/python3.8/site-packages/airflow/example_dags/example_short_circuit_decorator.py for tasks to queue
[2026-02-02T14:37:42.785+0000] {logging_mixin.py:188} INFO - [2026-02-02T14:37:42.785+0000] {dagbag.py:538} INFO - Filling up the DagBag from /home/airflow/.local/lib/python3.8/site-packages/airflow/example_dags/example_short_circuit_decorator.py
[2026-02-02T14:37:42.796+0000] {processor.py:840} INFO - DAG(s) 'example_short_circuit_decorator' retrieved from /home/airflow/.local/lib/python3.8/site-packages/airflow/example_dags/example_short_circuit_decorator.py
[2026-02-02T14:37:42.824+0000] {logging_mixin.py:188} INFO - [2026-02-02T14:37:42.823+0000] {dag.py:3036} INFO - Sync 1 DAGs
[2026-02-02T14:37:42.853+0000] {logging_mixin.py:188} INFO - [2026-02-02T14:37:42.852+0000] {dag.py:3823} INFO - Setting next_dagrun for example_short_circuit_decorator to 2026-02-01 00:00:00+00:00, run_after=2026-02-02 00:00:00+00:00
[2026-02-02T14:37:42.879+0000] {processor.py:183} INFO - Processing /home/airflow/.local/lib/python3.8/site-packages/airflow/example_dags/example_short_circuit_decorator.py took 0.101 seconds
[2026-02-02T14:38:13.288+0000] {processor.py:161} INFO - Started process (PID=2006) to work on /home/airflow/.local/lib/python3.8/site-packages/airflow/example_dags/example_short_circuit_decorator.py
[2026-02-02T14:38:13.288+0000] {processor.py:830} INFO - Processing file /home/airflow/.local/lib/python3.8/site-packages/airflow/example_dags/example_short_circuit_decorator.py for tasks to queue
[2026-02-02T14:38:13.290+0000] {logging_mixin.py:188} INFO - [2026-02-02T14:38:13.290+0000] {dagbag.py:538} INFO - Filling up the DagBag from /home/airflow/.local/lib/python3.8/site-packages/airflow/example_dags/example_short_circuit_decorator.py
[2026-02-02T14:38:13.297+0000] {processor.py:840} INFO - DAG(s) 'example_short_circuit_decorator' retrieved from /home/airflow/.local/lib/python3.8/site-packages/airflow/example_dags/example_short_circuit_decorator.py
[2026-02-02T14:38:13.315+0000] {logging_mixin.py:188} INFO - [2026-02-02T14:38:13.315+0000] {dag.py:3036} INFO - Sync 1 DAGs
[2026-02-02T14:38:13.333+0000] {logging_mixin.py:188} INFO - [2026-02-02T14:38:13.332+0000] {dag.py:3823} INFO - Setting next_dagrun for example_short_circuit_decorator to 2026-02-01 00:00:00+00:00, run_after=2026-02-02 00:00:00+00:00
[2026-02-02T14:38:13.347+0000] {processor.py:183} INFO - Processing /home/airflow/.local/lib/python3.8/site-packages/airflow/example_dags/example_short_circuit_decorator.py took 0.062 seconds
[2026-02-02T14:38:44.310+0000] {processor.py:161} INFO - Started process (PID=2061) to work on /home/airflow/.local/lib/python3.8/site-packages/airflow/example_dags/example_short_circuit_decorator.py
[2026-02-02T14:38:44.311+0000] {processor.py:830} INFO - Processing file /home/airflow/.local/lib/python3.8/site-packages/airflow/example_dags/example_short_circuit_decorator.py for tasks to queue
[2026-02-02T14:38:44.313+0000] {logging_mixin.py:188} INFO - [2026-02-02T14:38:44.313+0000] {dagbag.py:538} INFO - Filling up the DagBag from /home/airflow/.local/lib/python3.8/site-packages/airflow/example_dags/example_short_circuit_decorator.py
[2026-02-02T14:38:44.324+0000] {processor.py:840} INFO - DAG(s) 'example_short_circuit_decorator' retrieved from /home/airflow/.local/lib/python3.8/site-packages/airflow/example_dags/example_short_circuit_decorator.py
[2026-02-02T14:38:44.351+0000] {logging_mixin.py:188} INFO - [2026-02-02T14:38:44.351+0000] {dag.py:3036} INFO - Sync 1 DAGs
[2026-02-02T14:38:44.391+0000] {logging_mixin.py:188} INFO - [2026-02-02T14:38:44.391+0000] {dag.py:3823} INFO - Setting next_dagrun for example_short_circuit_decorator to 2026-02-01 00:00:00+00:00, run_after=2026-02-02 00:00:00+00:00
[2026-02-02T14:38:44.409+0000] {processor.py:183} INFO - Processing /home/airflow/.local/lib/python3.8/site-packages/airflow/example_dags/example_short_circuit_decorator.py took 0.104 seconds
[2026-02-02T14:39:15.038+0000] {processor.py:161} INFO - Started process (PID=2116) to work on /home/airflow/.local/lib/python3.8/site-packages/airflow/example_dags/example_short_circuit_decorator.py
[2026-02-02T14:39:15.039+0000] {processor.py:830} INFO - Processing file /home/airflow/.local/lib/python3.8/site-packages/airflow/example_dags/example_short_circuit_decorator.py for tasks to queue
[2026-02-02T14:39:15.041+0000] {logging_mixin.py:188} INFO - [2026-02-02T14:39:15.040+0000] {dagbag.py:538} INFO - Filling up the DagBag from /home/airflow/.local/lib/python3.8/site-packages/airflow/example_dags/example_short_circuit_decorator.py
[2026-02-02T14:39:15.051+0000] {processor.py:840} INFO - DAG(s) 'example_short_circuit_decorator' retrieved from /home/airflow/.local/lib/python3.8/site-packages/airflow/example_dags/example_short_circuit_decorator.py
[2026-02-02T14:39:15.078+0000] {logging_mixin.py:188} INFO - [2026-02-02T14:39:15.078+0000] {dag.py:3036} INFO - Sync 1 DAGs
[2026-02-02T14:39:15.103+0000] {logging_mixin.py:188} INFO - [2026-02-02T14:39:15.103+0000] {dag.py:3823} INFO - Setting next_dagrun for example_short_circuit_decorator to 2026-02-01 00:00:00+00:00, run_after=2026-02-02 00:00:00+00:00
[2026-02-02T14:39:15.121+0000] {processor.py:183} INFO - Processing /home/airflow/.local/lib/python3.8/site-packages/airflow/example_dags/example_short_circuit_decorator.py took 0.086 seconds
[2026-02-02T14:39:45.176+0000] {processor.py:161} INFO - Started process (PID=2170) to work on /home/airflow/.local/lib/python3.8/site-packages/airflow/example_dags/example_short_circuit_decorator.py
[2026-02-02T14:39:45.177+0000] {processor.py:830} INFO - Processing file /home/airflow/.local/lib/python3.8/site-packages/airflow/example_dags/example_short_circuit_decorator.py for tasks to queue
[2026-02-02T14:39:45.179+0000] {logging_mixin.py:188} INFO - [2026-02-02T14:39:45.178+0000] {dagbag.py:538} INFO - Filling up the DagBag from /home/airflow/.local/lib/python3.8/site-packages/airflow/example_dags/example_short_circuit_decorator.py
[2026-02-02T14:39:45.190+0000] {processor.py:840} INFO - DAG(s) 'example_short_circuit_decorator' retrieved from /home/airflow/.local/lib/python3.8/site-packages/airflow/example_dags/example_short_circuit_decorator.py
[2026-02-02T14:39:45.216+0000] {logging_mixin.py:188} INFO - [2026-02-02T14:39:45.216+0000] {dag.py:3036} INFO - Sync 1 DAGs
[2026-02-02T14:39:45.242+0000] {logging_mixin.py:188} INFO - [2026-02-02T14:39:45.241+0000] {dag.py:3823} INFO - Setting next_dagrun for example_short_circuit_decorator to 2026-02-01 00:00:00+00:00, run_after=2026-02-02 00:00:00+00:00
[2026-02-02T14:39:45.260+0000] {processor.py:183} INFO - Processing /home/airflow/.local/lib/python3.8/site-packages/airflow/example_dags/example_short_circuit_decorator.py took 0.087 seconds
[2026-02-02T14:40:15.354+0000] {processor.py:161} INFO - Started process (PID=2224) to work on /home/airflow/.local/lib/python3.8/site-packages/airflow/example_dags/example_short_circuit_decorator.py
[2026-02-02T14:40:15.355+0000] {processor.py:830} INFO - Processing file /home/airflow/.local/lib/python3.8/site-packages/airflow/example_dags/example_short_circuit_decorator.py for tasks to queue
[2026-02-02T14:40:15.357+0000] {logging_mixin.py:188} INFO - [2026-02-02T14:40:15.356+0000] {dagbag.py:538} INFO - Filling up the DagBag from /home/airflow/.local/lib/python3.8/site-packages/airflow/example_dags/example_short_circuit_decorator.py
[2026-02-02T14:40:15.365+0000] {processor.py:840} INFO - DAG(s) 'example_short_circuit_decorator' retrieved from /home/airflow/.local/lib/python3.8/site-packages/airflow/example_dags/example_short_circuit_decorator.py
[2026-02-02T14:40:15.384+0000] {logging_mixin.py:188} INFO - [2026-02-02T14:40:15.383+0000] {dag.py:3036} INFO - Sync 1 DAGs
[2026-02-02T14:40:15.400+0000] {logging_mixin.py:188} INFO - [2026-02-02T14:40:15.400+0000] {dag.py:3823} INFO - Setting next_dagrun for example_short_circuit_decorator to 2026-02-01 00:00:00+00:00, run_after=2026-02-02 00:00:00+00:00
[2026-02-02T14:40:15.414+0000] {processor.py:183} INFO - Processing /home/airflow/.local/lib/python3.8/site-packages/airflow/example_dags/example_short_circuit_decorator.py took 0.064 seconds
[2026-02-02T14:40:45.656+0000] {processor.py:161} INFO - Started process (PID=2279) to work on /home/airflow/.local/lib/python3.8/site-packages/airflow/example_dags/example_short_circuit_decorator.py
[2026-02-02T14:40:45.663+0000] {processor.py:830} INFO - Processing file /home/airflow/.local/lib/python3.8/site-packages/airflow/example_dags/example_short_circuit_decorator.py for tasks to queue
[2026-02-02T14:40:45.669+0000] {logging_mixin.py:188} INFO - [2026-02-02T14:40:45.669+0000] {dagbag.py:538} INFO - Filling up the DagBag from /home/airflow/.local/lib/python3.8/site-packages/airflow/example_dags/example_short_circuit_decorator.py
[2026-02-02T14:40:45.700+0000] {processor.py:840} INFO - DAG(s) 'example_short_circuit_decorator' retrieved from /home/airflow/.local/lib/python3.8/site-packages/airflow/example_dags/example_short_circuit_decorator.py
[2026-02-02T14:40:45.726+0000] {logging_mixin.py:188} INFO - [2026-02-02T14:40:45.726+0000] {dag.py:3036} INFO - Sync 1 DAGs
[2026-02-02T14:40:45.762+0000] {logging_mixin.py:188} INFO - [2026-02-02T14:40:45.762+0000] {dag.py:3823} INFO - Setting next_dagrun for example_short_circuit_decorator to 2026-02-01 00:00:00+00:00, run_after=2026-02-02 00:00:00+00:00
[2026-02-02T14:40:45.789+0000] {processor.py:183} INFO - Processing /home/airflow/.local/lib/python3.8/site-packages/airflow/example_dags/example_short_circuit_decorator.py took 0.154 seconds
[2026-02-02T14:41:16.637+0000] {processor.py:161} INFO - Started process (PID=2335) to work on /home/airflow/.local/lib/python3.8/site-packages/airflow/example_dags/example_short_circuit_decorator.py
[2026-02-02T14:41:16.638+0000] {processor.py:830} INFO - Processing file /home/airflow/.local/lib/python3.8/site-packages/airflow/example_dags/example_short_circuit_decorator.py for tasks to queue
[2026-02-02T14:41:16.642+0000] {logging_mixin.py:188} INFO - [2026-02-02T14:41:16.642+0000] {dagbag.py:538} INFO - Filling up the DagBag from /home/airflow/.local/lib/python3.8/site-packages/airflow/example_dags/example_short_circuit_decorator.py
[2026-02-02T14:41:16.665+0000] {processor.py:840} INFO - DAG(s) 'example_short_circuit_decorator' retrieved from /home/airflow/.local/lib/python3.8/site-packages/airflow/example_dags/example_short_circuit_decorator.py
[2026-02-02T14:41:16.727+0000] {logging_mixin.py:188} INFO - [2026-02-02T14:41:16.727+0000] {dag.py:3036} INFO - Sync 1 DAGs
[2026-02-02T14:41:16.772+0000] {logging_mixin.py:188} INFO - [2026-02-02T14:41:16.772+0000] {dag.py:3823} INFO - Setting next_dagrun for example_short_circuit_decorator to 2026-02-01 00:00:00+00:00, run_after=2026-02-02 00:00:00+00:00
[2026-02-02T14:41:16.801+0000] {processor.py:183} INFO - Processing /home/airflow/.local/lib/python3.8/site-packages/airflow/example_dags/example_short_circuit_decorator.py took 0.173 seconds
[2026-02-02T14:41:46.874+0000] {processor.py:161} INFO - Started process (PID=2390) to work on /home/airflow/.local/lib/python3.8/site-packages/airflow/example_dags/example_short_circuit_decorator.py
[2026-02-02T14:41:46.875+0000] {processor.py:830} INFO - Processing file /home/airflow/.local/lib/python3.8/site-packages/airflow/example_dags/example_short_circuit_decorator.py for tasks to queue
[2026-02-02T14:41:46.877+0000] {logging_mixin.py:188} INFO - [2026-02-02T14:41:46.876+0000] {dagbag.py:538} INFO - Filling up the DagBag from /home/airflow/.local/lib/python3.8/site-packages/airflow/example_dags/example_short_circuit_decorator.py
[2026-02-02T14:41:46.888+0000] {processor.py:840} INFO - DAG(s) 'example_short_circuit_decorator' retrieved from /home/airflow/.local/lib/python3.8/site-packages/airflow/example_dags/example_short_circuit_decorator.py
[2026-02-02T14:41:46.915+0000] {logging_mixin.py:188} INFO - [2026-02-02T14:41:46.914+0000] {dag.py:3036} INFO - Sync 1 DAGs
[2026-02-02T14:41:46.946+0000] {logging_mixin.py:188} INFO - [2026-02-02T14:41:46.946+0000] {dag.py:3823} INFO - Setting next_dagrun for example_short_circuit_decorator to 2026-02-01 00:00:00+00:00, run_after=2026-02-02 00:00:00+00:00
[2026-02-02T14:41:46.972+0000] {processor.py:183} INFO - Processing /home/airflow/.local/lib/python3.8/site-packages/airflow/example_dags/example_short_circuit_decorator.py took 0.102 seconds
[2026-02-02T14:42:17.523+0000] {processor.py:161} INFO - Started process (PID=2445) to work on /home/airflow/.local/lib/python3.8/site-packages/airflow/example_dags/example_short_circuit_decorator.py
[2026-02-02T14:42:17.524+0000] {processor.py:830} INFO - Processing file /home/airflow/.local/lib/python3.8/site-packages/airflow/example_dags/example_short_circuit_decorator.py for tasks to queue
[2026-02-02T14:42:17.526+0000] {logging_mixin.py:188} INFO - [2026-02-02T14:42:17.525+0000] {dagbag.py:538} INFO - Filling up the DagBag from /home/airflow/.local/lib/python3.8/site-packages/airflow/example_dags/example_short_circuit_decorator.py
[2026-02-02T14:42:17.537+0000] {processor.py:840} INFO - DAG(s) 'example_short_circuit_decorator' retrieved from /home/airflow/.local/lib/python3.8/site-packages/airflow/example_dags/example_short_circuit_decorator.py
[2026-02-02T14:42:17.564+0000] {logging_mixin.py:188} INFO - [2026-02-02T14:42:17.563+0000] {dag.py:3036} INFO - Sync 1 DAGs
[2026-02-02T14:42:17.590+0000] {logging_mixin.py:188} INFO - [2026-02-02T14:42:17.590+0000] {dag.py:3823} INFO - Setting next_dagrun for example_short_circuit_decorator to 2026-02-01 00:00:00+00:00, run_after=2026-02-02 00:00:00+00:00
[2026-02-02T14:42:17.608+0000] {processor.py:183} INFO - Processing /home/airflow/.local/lib/python3.8/site-packages/airflow/example_dags/example_short_circuit_decorator.py took 0.091 seconds
[2026-02-02T14:42:48.215+0000] {processor.py:161} INFO - Started process (PID=2500) to work on /home/airflow/.local/lib/python3.8/site-packages/airflow/example_dags/example_short_circuit_decorator.py
[2026-02-02T14:42:48.218+0000] {processor.py:830} INFO - Processing file /home/airflow/.local/lib/python3.8/site-packages/airflow/example_dags/example_short_circuit_decorator.py for tasks to queue
[2026-02-02T14:42:48.221+0000] {logging_mixin.py:188} INFO - [2026-02-02T14:42:48.221+0000] {dagbag.py:538} INFO - Filling up the DagBag from /home/airflow/.local/lib/python3.8/site-packages/airflow/example_dags/example_short_circuit_decorator.py
[2026-02-02T14:42:48.238+0000] {processor.py:840} INFO - DAG(s) 'example_short_circuit_decorator' retrieved from /home/airflow/.local/lib/python3.8/site-packages/airflow/example_dags/example_short_circuit_decorator.py
[2026-02-02T14:42:48.266+0000] {logging_mixin.py:188} INFO - [2026-02-02T14:42:48.265+0000] {dag.py:3036} INFO - Sync 1 DAGs
[2026-02-02T14:42:48.292+0000] {logging_mixin.py:188} INFO - [2026-02-02T14:42:48.292+0000] {dag.py:3823} INFO - Setting next_dagrun for example_short_circuit_decorator to 2026-02-01 00:00:00+00:00, run_after=2026-02-02 00:00:00+00:00
[2026-02-02T14:42:48.309+0000] {processor.py:183} INFO - Processing /home/airflow/.local/lib/python3.8/site-packages/airflow/example_dags/example_short_circuit_decorator.py took 0.103 seconds
[2026-02-02T14:43:18.466+0000] {processor.py:161} INFO - Started process (PID=2554) to work on /home/airflow/.local/lib/python3.8/site-packages/airflow/example_dags/example_short_circuit_decorator.py
[2026-02-02T14:43:18.469+0000] {processor.py:830} INFO - Processing file /home/airflow/.local/lib/python3.8/site-packages/airflow/example_dags/example_short_circuit_decorator.py for tasks to queue
[2026-02-02T14:43:18.472+0000] {logging_mixin.py:188} INFO - [2026-02-02T14:43:18.472+0000] {dagbag.py:538} INFO - Filling up the DagBag from /home/airflow/.local/lib/python3.8/site-packages/airflow/example_dags/example_short_circuit_decorator.py
[2026-02-02T14:43:18.488+0000] {processor.py:840} INFO - DAG(s) 'example_short_circuit_decorator' retrieved from /home/airflow/.local/lib/python3.8/site-packages/airflow/example_dags/example_short_circuit_decorator.py
[2026-02-02T14:43:18.515+0000] {logging_mixin.py:188} INFO - [2026-02-02T14:43:18.514+0000] {dag.py:3036} INFO - Sync 1 DAGs
[2026-02-02T14:43:18.545+0000] {logging_mixin.py:188} INFO - [2026-02-02T14:43:18.544+0000] {dag.py:3823} INFO - Setting next_dagrun for example_short_circuit_decorator to 2026-02-01 00:00:00+00:00, run_after=2026-02-02 00:00:00+00:00
[2026-02-02T14:43:18.562+0000] {processor.py:183} INFO - Processing /home/airflow/.local/lib/python3.8/site-packages/airflow/example_dags/example_short_circuit_decorator.py took 0.100 seconds
[2026-02-02T14:43:49.139+0000] {processor.py:161} INFO - Started process (PID=2609) to work on /home/airflow/.local/lib/python3.8/site-packages/airflow/example_dags/example_short_circuit_decorator.py
[2026-02-02T14:43:49.140+0000] {processor.py:830} INFO - Processing file /home/airflow/.local/lib/python3.8/site-packages/airflow/example_dags/example_short_circuit_decorator.py for tasks to queue
[2026-02-02T14:43:49.141+0000] {logging_mixin.py:188} INFO - [2026-02-02T14:43:49.141+0000] {dagbag.py:538} INFO - Filling up the DagBag from /home/airflow/.local/lib/python3.8/site-packages/airflow/example_dags/example_short_circuit_decorator.py
[2026-02-02T14:43:49.153+0000] {processor.py:840} INFO - DAG(s) 'example_short_circuit_decorator' retrieved from /home/airflow/.local/lib/python3.8/site-packages/airflow/example_dags/example_short_circuit_decorator.py
[2026-02-02T14:43:49.179+0000] {logging_mixin.py:188} INFO - [2026-02-02T14:43:49.179+0000] {dag.py:3036} INFO - Sync 1 DAGs
[2026-02-02T14:43:49.205+0000] {logging_mixin.py:188} INFO - [2026-02-02T14:43:49.205+0000] {dag.py:3823} INFO - Setting next_dagrun for example_short_circuit_decorator to 2026-02-01 00:00:00+00:00, run_after=2026-02-02 00:00:00+00:00
[2026-02-02T14:43:49.385+0000] {processor.py:183} INFO - Processing /home/airflow/.local/lib/python3.8/site-packages/airflow/example_dags/example_short_circuit_decorator.py took 0.250 seconds
[2026-02-02T14:44:19.871+0000] {processor.py:161} INFO - Started process (PID=2664) to work on /home/airflow/.local/lib/python3.8/site-packages/airflow/example_dags/example_short_circuit_decorator.py
[2026-02-02T14:44:19.872+0000] {processor.py:830} INFO - Processing file /home/airflow/.local/lib/python3.8/site-packages/airflow/example_dags/example_short_circuit_decorator.py for tasks to queue
[2026-02-02T14:44:19.874+0000] {logging_mixin.py:188} INFO - [2026-02-02T14:44:19.873+0000] {dagbag.py:538} INFO - Filling up the DagBag from /home/airflow/.local/lib/python3.8/site-packages/airflow/example_dags/example_short_circuit_decorator.py
[2026-02-02T14:44:19.884+0000] {processor.py:840} INFO - DAG(s) 'example_short_circuit_decorator' retrieved from /home/airflow/.local/lib/python3.8/site-packages/airflow/example_dags/example_short_circuit_decorator.py
[2026-02-02T14:44:19.911+0000] {logging_mixin.py:188} INFO - [2026-02-02T14:44:19.910+0000] {dag.py:3036} INFO - Sync 1 DAGs
[2026-02-02T14:44:19.936+0000] {logging_mixin.py:188} INFO - [2026-02-02T14:44:19.936+0000] {dag.py:3823} INFO - Setting next_dagrun for example_short_circuit_decorator to 2026-02-01 00:00:00+00:00, run_after=2026-02-02 00:00:00+00:00
[2026-02-02T14:44:20.104+0000] {processor.py:183} INFO - Processing /home/airflow/.local/lib/python3.8/site-packages/airflow/example_dags/example_short_circuit_decorator.py took 0.237 seconds
[2026-02-02T14:44:50.439+0000] {processor.py:161} INFO - Started process (PID=2719) to work on /home/airflow/.local/lib/python3.8/site-packages/airflow/example_dags/example_short_circuit_decorator.py
[2026-02-02T14:44:50.440+0000] {processor.py:830} INFO - Processing file /home/airflow/.local/lib/python3.8/site-packages/airflow/example_dags/example_short_circuit_decorator.py for tasks to queue
[2026-02-02T14:44:50.442+0000] {logging_mixin.py:188} INFO - [2026-02-02T14:44:50.442+0000] {dagbag.py:538} INFO - Filling up the DagBag from /home/airflow/.local/lib/python3.8/site-packages/airflow/example_dags/example_short_circuit_decorator.py
[2026-02-02T14:44:50.453+0000] {processor.py:840} INFO - DAG(s) 'example_short_circuit_decorator' retrieved from /home/airflow/.local/lib/python3.8/site-packages/airflow/example_dags/example_short_circuit_decorator.py
[2026-02-02T14:44:50.481+0000] {logging_mixin.py:188} INFO - [2026-02-02T14:44:50.481+0000] {dag.py:3036} INFO - Sync 1 DAGs
[2026-02-02T14:44:50.510+0000] {logging_mixin.py:188} INFO - [2026-02-02T14:44:50.510+0000] {dag.py:3823} INFO - Setting next_dagrun for example_short_circuit_decorator to 2026-02-01 00:00:00+00:00, run_after=2026-02-02 00:00:00+00:00
[2026-02-02T14:44:50.528+0000] {processor.py:183} INFO - Processing /home/airflow/.local/lib/python3.8/site-packages/airflow/example_dags/example_short_circuit_decorator.py took 0.094 seconds
[2026-02-02T14:45:21.121+0000] {processor.py:161} INFO - Started process (PID=2776) to work on /home/airflow/.local/lib/python3.8/site-packages/airflow/example_dags/example_short_circuit_decorator.py
[2026-02-02T14:45:21.122+0000] {processor.py:830} INFO - Processing file /home/airflow/.local/lib/python3.8/site-packages/airflow/example_dags/example_short_circuit_decorator.py for tasks to queue
[2026-02-02T14:45:21.124+0000] {logging_mixin.py:188} INFO - [2026-02-02T14:45:21.124+0000] {dagbag.py:538} INFO - Filling up the DagBag from /home/airflow/.local/lib/python3.8/site-packages/airflow/example_dags/example_short_circuit_decorator.py
[2026-02-02T14:45:21.135+0000] {processor.py:840} INFO - DAG(s) 'example_short_circuit_decorator' retrieved from /home/airflow/.local/lib/python3.8/site-packages/airflow/example_dags/example_short_circuit_decorator.py
[2026-02-02T14:45:21.166+0000] {logging_mixin.py:188} INFO - [2026-02-02T14:45:21.166+0000] {dag.py:3036} INFO - Sync 1 DAGs
[2026-02-02T14:45:21.195+0000] {logging_mixin.py:188} INFO - [2026-02-02T14:45:21.194+0000] {dag.py:3823} INFO - Setting next_dagrun for example_short_circuit_decorator to 2026-02-01 00:00:00+00:00, run_after=2026-02-02 00:00:00+00:00
[2026-02-02T14:45:21.217+0000] {processor.py:183} INFO - Processing /home/airflow/.local/lib/python3.8/site-packages/airflow/example_dags/example_short_circuit_decorator.py took 0.100 seconds
[2026-02-02T14:45:51.465+0000] {processor.py:161} INFO - Started process (PID=2832) to work on /home/airflow/.local/lib/python3.8/site-packages/airflow/example_dags/example_short_circuit_decorator.py
[2026-02-02T14:45:51.466+0000] {processor.py:830} INFO - Processing file /home/airflow/.local/lib/python3.8/site-packages/airflow/example_dags/example_short_circuit_decorator.py for tasks to queue
[2026-02-02T14:45:51.468+0000] {logging_mixin.py:188} INFO - [2026-02-02T14:45:51.468+0000] {dagbag.py:538} INFO - Filling up the DagBag from /home/airflow/.local/lib/python3.8/site-packages/airflow/example_dags/example_short_circuit_decorator.py
[2026-02-02T14:45:51.479+0000] {processor.py:840} INFO - DAG(s) 'example_short_circuit_decorator' retrieved from /home/airflow/.local/lib/python3.8/site-packages/airflow/example_dags/example_short_circuit_decorator.py
[2026-02-02T14:45:51.505+0000] {logging_mixin.py:188} INFO - [2026-02-02T14:45:51.505+0000] {dag.py:3036} INFO - Sync 1 DAGs
[2026-02-02T14:45:51.532+0000] {logging_mixin.py:188} INFO - [2026-02-02T14:45:51.532+0000] {dag.py:3823} INFO - Setting next_dagrun for example_short_circuit_decorator to 2026-02-01 00:00:00+00:00, run_after=2026-02-02 00:00:00+00:00
[2026-02-02T14:45:51.550+0000] {processor.py:183} INFO - Processing /home/airflow/.local/lib/python3.8/site-packages/airflow/example_dags/example_short_circuit_decorator.py took 0.093 seconds
[2026-02-02T14:46:21.730+0000] {processor.py:161} INFO - Started process (PID=2887) to work on /home/airflow/.local/lib/python3.8/site-packages/airflow/example_dags/example_short_circuit_decorator.py
[2026-02-02T14:46:21.731+0000] {processor.py:830} INFO - Processing file /home/airflow/.local/lib/python3.8/site-packages/airflow/example_dags/example_short_circuit_decorator.py for tasks to queue
[2026-02-02T14:46:21.733+0000] {logging_mixin.py:188} INFO - [2026-02-02T14:46:21.732+0000] {dagbag.py:538} INFO - Filling up the DagBag from /home/airflow/.local/lib/python3.8/site-packages/airflow/example_dags/example_short_circuit_decorator.py
[2026-02-02T14:46:21.744+0000] {processor.py:840} INFO - DAG(s) 'example_short_circuit_decorator' retrieved from /home/airflow/.local/lib/python3.8/site-packages/airflow/example_dags/example_short_circuit_decorator.py
[2026-02-02T14:46:21.770+0000] {logging_mixin.py:188} INFO - [2026-02-02T14:46:21.770+0000] {dag.py:3036} INFO - Sync 1 DAGs
[2026-02-02T14:46:21.795+0000] {logging_mixin.py:188} INFO - [2026-02-02T14:46:21.795+0000] {dag.py:3823} INFO - Setting next_dagrun for example_short_circuit_decorator to 2026-02-01 00:00:00+00:00, run_after=2026-02-02 00:00:00+00:00
[2026-02-02T14:46:21.815+0000] {processor.py:183} INFO - Processing /home/airflow/.local/lib/python3.8/site-packages/airflow/example_dags/example_short_circuit_decorator.py took 0.089 seconds
[2026-02-02T14:46:51.875+0000] {processor.py:161} INFO - Started process (PID=2943) to work on /home/airflow/.local/lib/python3.8/site-packages/airflow/example_dags/example_short_circuit_decorator.py
[2026-02-02T14:46:51.876+0000] {processor.py:830} INFO - Processing file /home/airflow/.local/lib/python3.8/site-packages/airflow/example_dags/example_short_circuit_decorator.py for tasks to queue
[2026-02-02T14:46:51.878+0000] {logging_mixin.py:188} INFO - [2026-02-02T14:46:51.878+0000] {dagbag.py:538} INFO - Filling up the DagBag from /home/airflow/.local/lib/python3.8/site-packages/airflow/example_dags/example_short_circuit_decorator.py
[2026-02-02T14:46:51.899+0000] {processor.py:840} INFO - DAG(s) 'example_short_circuit_decorator' retrieved from /home/airflow/.local/lib/python3.8/site-packages/airflow/example_dags/example_short_circuit_decorator.py
[2026-02-02T14:46:51.953+0000] {logging_mixin.py:188} INFO - [2026-02-02T14:46:51.952+0000] {dag.py:3036} INFO - Sync 1 DAGs
[2026-02-02T14:46:51.999+0000] {logging_mixin.py:188} INFO - [2026-02-02T14:46:51.997+0000] {dag.py:3823} INFO - Setting next_dagrun for example_short_circuit_decorator to 2026-02-01 00:00:00+00:00, run_after=2026-02-02 00:00:00+00:00
[2026-02-02T14:46:52.038+0000] {processor.py:183} INFO - Processing /home/airflow/.local/lib/python3.8/site-packages/airflow/example_dags/example_short_circuit_decorator.py took 0.173 seconds
[2026-02-02T14:47:22.910+0000] {processor.py:161} INFO - Started process (PID=2999) to work on /home/airflow/.local/lib/python3.8/site-packages/airflow/example_dags/example_short_circuit_decorator.py
[2026-02-02T14:47:22.912+0000] {processor.py:830} INFO - Processing file /home/airflow/.local/lib/python3.8/site-packages/airflow/example_dags/example_short_circuit_decorator.py for tasks to queue
[2026-02-02T14:47:22.915+0000] {logging_mixin.py:188} INFO - [2026-02-02T14:47:22.915+0000] {dagbag.py:538} INFO - Filling up the DagBag from /home/airflow/.local/lib/python3.8/site-packages/airflow/example_dags/example_short_circuit_decorator.py
[2026-02-02T14:47:22.947+0000] {processor.py:840} INFO - DAG(s) 'example_short_circuit_decorator' retrieved from /home/airflow/.local/lib/python3.8/site-packages/airflow/example_dags/example_short_circuit_decorator.py
[2026-02-02T14:47:22.978+0000] {logging_mixin.py:188} INFO - [2026-02-02T14:47:22.978+0000] {dag.py:3036} INFO - Sync 1 DAGs
[2026-02-02T14:47:23.022+0000] {logging_mixin.py:188} INFO - [2026-02-02T14:47:23.021+0000] {dag.py:3823} INFO - Setting next_dagrun for example_short_circuit_decorator to 2026-02-01 00:00:00+00:00, run_after=2026-02-02 00:00:00+00:00
[2026-02-02T14:47:23.042+0000] {processor.py:183} INFO - Processing /home/airflow/.local/lib/python3.8/site-packages/airflow/example_dags/example_short_circuit_decorator.py took 0.140 seconds
[2026-02-02T14:47:53.718+0000] {processor.py:161} INFO - Started process (PID=3056) to work on /home/airflow/.local/lib/python3.8/site-packages/airflow/example_dags/example_short_circuit_decorator.py
[2026-02-02T14:47:53.719+0000] {processor.py:830} INFO - Processing file /home/airflow/.local/lib/python3.8/site-packages/airflow/example_dags/example_short_circuit_decorator.py for tasks to queue
[2026-02-02T14:47:53.721+0000] {logging_mixin.py:188} INFO - [2026-02-02T14:47:53.720+0000] {dagbag.py:538} INFO - Filling up the DagBag from /home/airflow/.local/lib/python3.8/site-packages/airflow/example_dags/example_short_circuit_decorator.py
[2026-02-02T14:47:53.732+0000] {processor.py:840} INFO - DAG(s) 'example_short_circuit_decorator' retrieved from /home/airflow/.local/lib/python3.8/site-packages/airflow/example_dags/example_short_circuit_decorator.py
[2026-02-02T14:47:53.791+0000] {logging_mixin.py:188} INFO - [2026-02-02T14:47:53.791+0000] {dag.py:3036} INFO - Sync 1 DAGs
[2026-02-02T14:47:53.827+0000] {logging_mixin.py:188} INFO - [2026-02-02T14:47:53.827+0000] {dag.py:3823} INFO - Setting next_dagrun for example_short_circuit_decorator to 2026-02-01 00:00:00+00:00, run_after=2026-02-02 00:00:00+00:00
[2026-02-02T14:47:53.846+0000] {processor.py:183} INFO - Processing /home/airflow/.local/lib/python3.8/site-packages/airflow/example_dags/example_short_circuit_decorator.py took 0.132 seconds
[2026-02-02T14:48:24.189+0000] {processor.py:161} INFO - Started process (PID=3112) to work on /home/airflow/.local/lib/python3.8/site-packages/airflow/example_dags/example_short_circuit_decorator.py
[2026-02-02T14:48:24.191+0000] {processor.py:830} INFO - Processing file /home/airflow/.local/lib/python3.8/site-packages/airflow/example_dags/example_short_circuit_decorator.py for tasks to queue
[2026-02-02T14:48:24.193+0000] {logging_mixin.py:188} INFO - [2026-02-02T14:48:24.192+0000] {dagbag.py:538} INFO - Filling up the DagBag from /home/airflow/.local/lib/python3.8/site-packages/airflow/example_dags/example_short_circuit_decorator.py
[2026-02-02T14:48:24.235+0000] {processor.py:840} INFO - DAG(s) 'example_short_circuit_decorator' retrieved from /home/airflow/.local/lib/python3.8/site-packages/airflow/example_dags/example_short_circuit_decorator.py
[2026-02-02T14:48:24.281+0000] {logging_mixin.py:188} INFO - [2026-02-02T14:48:24.281+0000] {dag.py:3036} INFO - Sync 1 DAGs
[2026-02-02T14:48:24.305+0000] {logging_mixin.py:188} INFO - [2026-02-02T14:48:24.304+0000] {dag.py:3823} INFO - Setting next_dagrun for example_short_circuit_decorator to 2026-02-01 00:00:00+00:00, run_after=2026-02-02 00:00:00+00:00
[2026-02-02T14:48:24.323+0000] {processor.py:183} INFO - Processing /home/airflow/.local/lib/python3.8/site-packages/airflow/example_dags/example_short_circuit_decorator.py took 0.137 seconds
[2026-02-02T14:48:54.607+0000] {processor.py:161} INFO - Started process (PID=3167) to work on /home/airflow/.local/lib/python3.8/site-packages/airflow/example_dags/example_short_circuit_decorator.py
[2026-02-02T14:48:54.609+0000] {processor.py:830} INFO - Processing file /home/airflow/.local/lib/python3.8/site-packages/airflow/example_dags/example_short_circuit_decorator.py for tasks to queue
[2026-02-02T14:48:54.611+0000] {logging_mixin.py:188} INFO - [2026-02-02T14:48:54.610+0000] {dagbag.py:538} INFO - Filling up the DagBag from /home/airflow/.local/lib/python3.8/site-packages/airflow/example_dags/example_short_circuit_decorator.py
[2026-02-02T14:48:54.622+0000] {processor.py:840} INFO - DAG(s) 'example_short_circuit_decorator' retrieved from /home/airflow/.local/lib/python3.8/site-packages/airflow/example_dags/example_short_circuit_decorator.py
[2026-02-02T14:48:54.652+0000] {logging_mixin.py:188} INFO - [2026-02-02T14:48:54.650+0000] {dag.py:3036} INFO - Sync 1 DAGs
[2026-02-02T14:48:54.688+0000] {logging_mixin.py:188} INFO - [2026-02-02T14:48:54.688+0000] {dag.py:3823} INFO - Setting next_dagrun for example_short_circuit_decorator to 2026-02-01 00:00:00+00:00, run_after=2026-02-02 00:00:00+00:00
[2026-02-02T14:48:54.715+0000] {processor.py:183} INFO - Processing /home/airflow/.local/lib/python3.8/site-packages/airflow/example_dags/example_short_circuit_decorator.py took 0.115 seconds
[2026-02-02T14:49:25.023+0000] {processor.py:161} INFO - Started process (PID=3223) to work on /home/airflow/.local/lib/python3.8/site-packages/airflow/example_dags/example_short_circuit_decorator.py
[2026-02-02T14:49:25.025+0000] {processor.py:830} INFO - Processing file /home/airflow/.local/lib/python3.8/site-packages/airflow/example_dags/example_short_circuit_decorator.py for tasks to queue
[2026-02-02T14:49:25.029+0000] {logging_mixin.py:188} INFO - [2026-02-02T14:49:25.029+0000] {dagbag.py:538} INFO - Filling up the DagBag from /home/airflow/.local/lib/python3.8/site-packages/airflow/example_dags/example_short_circuit_decorator.py
[2026-02-02T14:49:25.054+0000] {processor.py:840} INFO - DAG(s) 'example_short_circuit_decorator' retrieved from /home/airflow/.local/lib/python3.8/site-packages/airflow/example_dags/example_short_circuit_decorator.py
[2026-02-02T14:49:25.092+0000] {logging_mixin.py:188} INFO - [2026-02-02T14:49:25.091+0000] {dag.py:3036} INFO - Sync 1 DAGs
[2026-02-02T14:49:25.124+0000] {logging_mixin.py:188} INFO - [2026-02-02T14:49:25.124+0000] {dag.py:3823} INFO - Setting next_dagrun for example_short_circuit_decorator to 2026-02-01 00:00:00+00:00, run_after=2026-02-02 00:00:00+00:00
[2026-02-02T14:49:25.145+0000] {processor.py:183} INFO - Processing /home/airflow/.local/lib/python3.8/site-packages/airflow/example_dags/example_short_circuit_decorator.py took 0.128 seconds
[2026-02-02T14:49:55.475+0000] {processor.py:161} INFO - Started process (PID=3279) to work on /home/airflow/.local/lib/python3.8/site-packages/airflow/example_dags/example_short_circuit_decorator.py
[2026-02-02T14:49:55.478+0000] {processor.py:830} INFO - Processing file /home/airflow/.local/lib/python3.8/site-packages/airflow/example_dags/example_short_circuit_decorator.py for tasks to queue
[2026-02-02T14:49:55.480+0000] {logging_mixin.py:188} INFO - [2026-02-02T14:49:55.480+0000] {dagbag.py:538} INFO - Filling up the DagBag from /home/airflow/.local/lib/python3.8/site-packages/airflow/example_dags/example_short_circuit_decorator.py
[2026-02-02T14:49:55.506+0000] {processor.py:840} INFO - DAG(s) 'example_short_circuit_decorator' retrieved from /home/airflow/.local/lib/python3.8/site-packages/airflow/example_dags/example_short_circuit_decorator.py
[2026-02-02T14:49:55.590+0000] {logging_mixin.py:188} INFO - [2026-02-02T14:49:55.589+0000] {dag.py:3036} INFO - Sync 1 DAGs
[2026-02-02T14:49:55.627+0000] {logging_mixin.py:188} INFO - [2026-02-02T14:49:55.627+0000] {dag.py:3823} INFO - Setting next_dagrun for example_short_circuit_decorator to 2026-02-01 00:00:00+00:00, run_after=2026-02-02 00:00:00+00:00
[2026-02-02T14:49:55.657+0000] {processor.py:183} INFO - Processing /home/airflow/.local/lib/python3.8/site-packages/airflow/example_dags/example_short_circuit_decorator.py took 0.190 seconds
[2026-02-02T14:50:25.811+0000] {processor.py:161} INFO - Started process (PID=3335) to work on /home/airflow/.local/lib/python3.8/site-packages/airflow/example_dags/example_short_circuit_decorator.py
[2026-02-02T14:50:25.812+0000] {processor.py:830} INFO - Processing file /home/airflow/.local/lib/python3.8/site-packages/airflow/example_dags/example_short_circuit_decorator.py for tasks to queue
[2026-02-02T14:50:25.816+0000] {logging_mixin.py:188} INFO - [2026-02-02T14:50:25.815+0000] {dagbag.py:538} INFO - Filling up the DagBag from /home/airflow/.local/lib/python3.8/site-packages/airflow/example_dags/example_short_circuit_decorator.py
[2026-02-02T14:50:25.835+0000] {processor.py:840} INFO - DAG(s) 'example_short_circuit_decorator' retrieved from /home/airflow/.local/lib/python3.8/site-packages/airflow/example_dags/example_short_circuit_decorator.py
[2026-02-02T14:50:25.875+0000] {logging_mixin.py:188} INFO - [2026-02-02T14:50:25.875+0000] {dag.py:3036} INFO - Sync 1 DAGs
[2026-02-02T14:50:25.900+0000] {logging_mixin.py:188} INFO - [2026-02-02T14:50:25.900+0000] {dag.py:3823} INFO - Setting next_dagrun for example_short_circuit_decorator to 2026-02-01 00:00:00+00:00, run_after=2026-02-02 00:00:00+00:00
[2026-02-02T14:50:25.917+0000] {processor.py:183} INFO - Processing /home/airflow/.local/lib/python3.8/site-packages/airflow/example_dags/example_short_circuit_decorator.py took 0.115 seconds
