[2026-02-02T14:20:33.201+0000] {processor.py:161} INFO - Started process (PID=102) to work on /home/airflow/.local/lib/python3.8/site-packages/airflow/example_dags/example_sla_dag.py
[2026-02-02T14:20:33.209+0000] {processor.py:830} INFO - Processing file /home/airflow/.local/lib/python3.8/site-packages/airflow/example_dags/example_sla_dag.py for tasks to queue
[2026-02-02T14:20:33.214+0000] {logging_mixin.py:188} INFO - [2026-02-02T14:20:33.214+0000] {dagbag.py:538} INFO - Filling up the DagBag from /home/airflow/.local/lib/python3.8/site-packages/airflow/example_dags/example_sla_dag.py
[2026-02-02T14:20:33.246+0000] {processor.py:840} INFO - DAG(s) 'example_sla_dag' retrieved from /home/airflow/.local/lib/python3.8/site-packages/airflow/example_dags/example_sla_dag.py
[2026-02-02T14:20:33.640+0000] {logging_mixin.py:188} INFO - [2026-02-02T14:20:33.640+0000] {override.py:1769} INFO - Created Permission View: can edit on DAG:example_sla_dag
[2026-02-02T14:20:33.666+0000] {logging_mixin.py:188} INFO - [2026-02-02T14:20:33.666+0000] {override.py:1769} INFO - Created Permission View: can delete on DAG:example_sla_dag
[2026-02-02T14:20:33.692+0000] {logging_mixin.py:188} INFO - [2026-02-02T14:20:33.692+0000] {override.py:1769} INFO - Created Permission View: can read on DAG:example_sla_dag
[2026-02-02T14:20:33.695+0000] {logging_mixin.py:188} INFO - [2026-02-02T14:20:33.695+0000] {dag.py:3036} INFO - Sync 1 DAGs
[2026-02-02T14:20:33.754+0000] {logging_mixin.py:188} INFO - [2026-02-02T14:20:33.753+0000] {dag.py:3058} INFO - Creating ORM DAG for example_sla_dag
[2026-02-02T14:20:33.811+0000] {logging_mixin.py:188} INFO - [2026-02-02T14:20:33.806+0000] {dag.py:3823} INFO - Setting next_dagrun for example_sla_dag to 2026-02-02 14:18:00+00:00, run_after=2026-02-02 14:20:00+00:00
[2026-02-02T14:20:33.859+0000] {processor.py:183} INFO - Processing /home/airflow/.local/lib/python3.8/site-packages/airflow/example_dags/example_sla_dag.py took 0.665 seconds
[2026-02-02T14:21:04.394+0000] {processor.py:161} INFO - Started process (PID=157) to work on /home/airflow/.local/lib/python3.8/site-packages/airflow/example_dags/example_sla_dag.py
[2026-02-02T14:21:04.396+0000] {processor.py:830} INFO - Processing file /home/airflow/.local/lib/python3.8/site-packages/airflow/example_dags/example_sla_dag.py for tasks to queue
[2026-02-02T14:21:04.399+0000] {logging_mixin.py:188} INFO - [2026-02-02T14:21:04.399+0000] {dagbag.py:538} INFO - Filling up the DagBag from /home/airflow/.local/lib/python3.8/site-packages/airflow/example_dags/example_sla_dag.py
[2026-02-02T14:21:04.456+0000] {processor.py:840} INFO - DAG(s) 'example_sla_dag' retrieved from /home/airflow/.local/lib/python3.8/site-packages/airflow/example_dags/example_sla_dag.py
[2026-02-02T14:21:04.555+0000] {logging_mixin.py:188} INFO - [2026-02-02T14:21:04.555+0000] {dag.py:3036} INFO - Sync 1 DAGs
[2026-02-02T14:21:04.688+0000] {logging_mixin.py:188} INFO - [2026-02-02T14:21:04.682+0000] {dag.py:3823} INFO - Setting next_dagrun for example_sla_dag to 2026-02-02 14:18:00+00:00, run_after=2026-02-02 14:20:00+00:00
[2026-02-02T14:21:04.794+0000] {processor.py:183} INFO - Processing /home/airflow/.local/lib/python3.8/site-packages/airflow/example_dags/example_sla_dag.py took 0.410 seconds
[2026-02-02T14:21:35.061+0000] {processor.py:161} INFO - Started process (PID=212) to work on /home/airflow/.local/lib/python3.8/site-packages/airflow/example_dags/example_sla_dag.py
[2026-02-02T14:21:35.062+0000] {processor.py:830} INFO - Processing file /home/airflow/.local/lib/python3.8/site-packages/airflow/example_dags/example_sla_dag.py for tasks to queue
[2026-02-02T14:21:35.063+0000] {logging_mixin.py:188} INFO - [2026-02-02T14:21:35.063+0000] {dagbag.py:538} INFO - Filling up the DagBag from /home/airflow/.local/lib/python3.8/site-packages/airflow/example_dags/example_sla_dag.py
[2026-02-02T14:21:35.073+0000] {processor.py:840} INFO - DAG(s) 'example_sla_dag' retrieved from /home/airflow/.local/lib/python3.8/site-packages/airflow/example_dags/example_sla_dag.py
[2026-02-02T14:21:35.094+0000] {logging_mixin.py:188} INFO - [2026-02-02T14:21:35.094+0000] {dag.py:3036} INFO - Sync 1 DAGs
[2026-02-02T14:21:35.125+0000] {logging_mixin.py:188} INFO - [2026-02-02T14:21:35.125+0000] {dag.py:3823} INFO - Setting next_dagrun for example_sla_dag to 2026-02-02 14:18:00+00:00, run_after=2026-02-02 14:20:00+00:00
[2026-02-02T14:21:35.145+0000] {processor.py:183} INFO - Processing /home/airflow/.local/lib/python3.8/site-packages/airflow/example_dags/example_sla_dag.py took 0.087 seconds
[2026-02-02T14:22:05.362+0000] {processor.py:161} INFO - Started process (PID=267) to work on /home/airflow/.local/lib/python3.8/site-packages/airflow/example_dags/example_sla_dag.py
[2026-02-02T14:22:05.363+0000] {processor.py:830} INFO - Processing file /home/airflow/.local/lib/python3.8/site-packages/airflow/example_dags/example_sla_dag.py for tasks to queue
[2026-02-02T14:22:05.365+0000] {logging_mixin.py:188} INFO - [2026-02-02T14:22:05.365+0000] {dagbag.py:538} INFO - Filling up the DagBag from /home/airflow/.local/lib/python3.8/site-packages/airflow/example_dags/example_sla_dag.py
[2026-02-02T14:22:05.375+0000] {processor.py:840} INFO - DAG(s) 'example_sla_dag' retrieved from /home/airflow/.local/lib/python3.8/site-packages/airflow/example_dags/example_sla_dag.py
[2026-02-02T14:22:05.396+0000] {logging_mixin.py:188} INFO - [2026-02-02T14:22:05.396+0000] {dag.py:3036} INFO - Sync 1 DAGs
[2026-02-02T14:22:05.426+0000] {logging_mixin.py:188} INFO - [2026-02-02T14:22:05.426+0000] {dag.py:3823} INFO - Setting next_dagrun for example_sla_dag to 2026-02-02 14:20:00+00:00, run_after=2026-02-02 14:22:00+00:00
[2026-02-02T14:22:05.446+0000] {processor.py:183} INFO - Processing /home/airflow/.local/lib/python3.8/site-packages/airflow/example_dags/example_sla_dag.py took 0.087 seconds
[2026-02-02T14:22:36.074+0000] {processor.py:161} INFO - Started process (PID=322) to work on /home/airflow/.local/lib/python3.8/site-packages/airflow/example_dags/example_sla_dag.py
[2026-02-02T14:22:36.075+0000] {processor.py:830} INFO - Processing file /home/airflow/.local/lib/python3.8/site-packages/airflow/example_dags/example_sla_dag.py for tasks to queue
[2026-02-02T14:22:36.076+0000] {logging_mixin.py:188} INFO - [2026-02-02T14:22:36.076+0000] {dagbag.py:538} INFO - Filling up the DagBag from /home/airflow/.local/lib/python3.8/site-packages/airflow/example_dags/example_sla_dag.py
[2026-02-02T14:22:36.086+0000] {processor.py:840} INFO - DAG(s) 'example_sla_dag' retrieved from /home/airflow/.local/lib/python3.8/site-packages/airflow/example_dags/example_sla_dag.py
[2026-02-02T14:22:36.107+0000] {logging_mixin.py:188} INFO - [2026-02-02T14:22:36.107+0000] {dag.py:3036} INFO - Sync 1 DAGs
[2026-02-02T14:22:36.136+0000] {logging_mixin.py:188} INFO - [2026-02-02T14:22:36.136+0000] {dag.py:3823} INFO - Setting next_dagrun for example_sla_dag to 2026-02-02 14:20:00+00:00, run_after=2026-02-02 14:22:00+00:00
[2026-02-02T14:22:36.156+0000] {processor.py:183} INFO - Processing /home/airflow/.local/lib/python3.8/site-packages/airflow/example_dags/example_sla_dag.py took 0.086 seconds
[2026-02-02T14:23:06.605+0000] {processor.py:161} INFO - Started process (PID=377) to work on /home/airflow/.local/lib/python3.8/site-packages/airflow/example_dags/example_sla_dag.py
[2026-02-02T14:23:06.606+0000] {processor.py:830} INFO - Processing file /home/airflow/.local/lib/python3.8/site-packages/airflow/example_dags/example_sla_dag.py for tasks to queue
[2026-02-02T14:23:06.609+0000] {logging_mixin.py:188} INFO - [2026-02-02T14:23:06.608+0000] {dagbag.py:538} INFO - Filling up the DagBag from /home/airflow/.local/lib/python3.8/site-packages/airflow/example_dags/example_sla_dag.py
[2026-02-02T14:23:06.618+0000] {processor.py:840} INFO - DAG(s) 'example_sla_dag' retrieved from /home/airflow/.local/lib/python3.8/site-packages/airflow/example_dags/example_sla_dag.py
[2026-02-02T14:23:06.640+0000] {logging_mixin.py:188} INFO - [2026-02-02T14:23:06.639+0000] {dag.py:3036} INFO - Sync 1 DAGs
[2026-02-02T14:23:06.670+0000] {logging_mixin.py:188} INFO - [2026-02-02T14:23:06.669+0000] {dag.py:3823} INFO - Setting next_dagrun for example_sla_dag to 2026-02-02 14:20:00+00:00, run_after=2026-02-02 14:22:00+00:00
[2026-02-02T14:23:06.688+0000] {processor.py:183} INFO - Processing /home/airflow/.local/lib/python3.8/site-packages/airflow/example_dags/example_sla_dag.py took 0.086 seconds
[2026-02-02T14:23:37.293+0000] {processor.py:161} INFO - Started process (PID=432) to work on /home/airflow/.local/lib/python3.8/site-packages/airflow/example_dags/example_sla_dag.py
[2026-02-02T14:23:37.293+0000] {processor.py:830} INFO - Processing file /home/airflow/.local/lib/python3.8/site-packages/airflow/example_dags/example_sla_dag.py for tasks to queue
[2026-02-02T14:23:37.295+0000] {logging_mixin.py:188} INFO - [2026-02-02T14:23:37.295+0000] {dagbag.py:538} INFO - Filling up the DagBag from /home/airflow/.local/lib/python3.8/site-packages/airflow/example_dags/example_sla_dag.py
[2026-02-02T14:23:37.305+0000] {processor.py:840} INFO - DAG(s) 'example_sla_dag' retrieved from /home/airflow/.local/lib/python3.8/site-packages/airflow/example_dags/example_sla_dag.py
[2026-02-02T14:23:37.326+0000] {logging_mixin.py:188} INFO - [2026-02-02T14:23:37.326+0000] {dag.py:3036} INFO - Sync 1 DAGs
[2026-02-02T14:23:37.355+0000] {logging_mixin.py:188} INFO - [2026-02-02T14:23:37.355+0000] {dag.py:3823} INFO - Setting next_dagrun for example_sla_dag to 2026-02-02 14:20:00+00:00, run_after=2026-02-02 14:22:00+00:00
[2026-02-02T14:23:37.373+0000] {processor.py:183} INFO - Processing /home/airflow/.local/lib/python3.8/site-packages/airflow/example_dags/example_sla_dag.py took 0.084 seconds
[2026-02-02T14:24:07.429+0000] {processor.py:161} INFO - Started process (PID=486) to work on /home/airflow/.local/lib/python3.8/site-packages/airflow/example_dags/example_sla_dag.py
[2026-02-02T14:24:07.430+0000] {processor.py:830} INFO - Processing file /home/airflow/.local/lib/python3.8/site-packages/airflow/example_dags/example_sla_dag.py for tasks to queue
[2026-02-02T14:24:07.432+0000] {logging_mixin.py:188} INFO - [2026-02-02T14:24:07.431+0000] {dagbag.py:538} INFO - Filling up the DagBag from /home/airflow/.local/lib/python3.8/site-packages/airflow/example_dags/example_sla_dag.py
[2026-02-02T14:24:07.442+0000] {processor.py:840} INFO - DAG(s) 'example_sla_dag' retrieved from /home/airflow/.local/lib/python3.8/site-packages/airflow/example_dags/example_sla_dag.py
[2026-02-02T14:24:07.464+0000] {logging_mixin.py:188} INFO - [2026-02-02T14:24:07.464+0000] {dag.py:3036} INFO - Sync 1 DAGs
[2026-02-02T14:24:07.494+0000] {logging_mixin.py:188} INFO - [2026-02-02T14:24:07.493+0000] {dag.py:3823} INFO - Setting next_dagrun for example_sla_dag to 2026-02-02 14:22:00+00:00, run_after=2026-02-02 14:24:00+00:00
[2026-02-02T14:24:07.512+0000] {processor.py:183} INFO - Processing /home/airflow/.local/lib/python3.8/site-packages/airflow/example_dags/example_sla_dag.py took 0.087 seconds
[2026-02-02T14:24:37.636+0000] {processor.py:161} INFO - Started process (PID=542) to work on /home/airflow/.local/lib/python3.8/site-packages/airflow/example_dags/example_sla_dag.py
[2026-02-02T14:24:37.636+0000] {processor.py:830} INFO - Processing file /home/airflow/.local/lib/python3.8/site-packages/airflow/example_dags/example_sla_dag.py for tasks to queue
[2026-02-02T14:24:37.638+0000] {logging_mixin.py:188} INFO - [2026-02-02T14:24:37.638+0000] {dagbag.py:538} INFO - Filling up the DagBag from /home/airflow/.local/lib/python3.8/site-packages/airflow/example_dags/example_sla_dag.py
[2026-02-02T14:24:37.648+0000] {processor.py:840} INFO - DAG(s) 'example_sla_dag' retrieved from /home/airflow/.local/lib/python3.8/site-packages/airflow/example_dags/example_sla_dag.py
[2026-02-02T14:24:37.670+0000] {logging_mixin.py:188} INFO - [2026-02-02T14:24:37.670+0000] {dag.py:3036} INFO - Sync 1 DAGs
[2026-02-02T14:24:37.700+0000] {logging_mixin.py:188} INFO - [2026-02-02T14:24:37.700+0000] {dag.py:3823} INFO - Setting next_dagrun for example_sla_dag to 2026-02-02 14:22:00+00:00, run_after=2026-02-02 14:24:00+00:00
[2026-02-02T14:24:37.719+0000] {processor.py:183} INFO - Processing /home/airflow/.local/lib/python3.8/site-packages/airflow/example_dags/example_sla_dag.py took 0.087 seconds
[2026-02-02T14:25:08.081+0000] {processor.py:161} INFO - Started process (PID=597) to work on /home/airflow/.local/lib/python3.8/site-packages/airflow/example_dags/example_sla_dag.py
[2026-02-02T14:25:08.082+0000] {processor.py:830} INFO - Processing file /home/airflow/.local/lib/python3.8/site-packages/airflow/example_dags/example_sla_dag.py for tasks to queue
[2026-02-02T14:25:08.084+0000] {logging_mixin.py:188} INFO - [2026-02-02T14:25:08.084+0000] {dagbag.py:538} INFO - Filling up the DagBag from /home/airflow/.local/lib/python3.8/site-packages/airflow/example_dags/example_sla_dag.py
[2026-02-02T14:25:08.094+0000] {processor.py:840} INFO - DAG(s) 'example_sla_dag' retrieved from /home/airflow/.local/lib/python3.8/site-packages/airflow/example_dags/example_sla_dag.py
[2026-02-02T14:25:08.116+0000] {logging_mixin.py:188} INFO - [2026-02-02T14:25:08.116+0000] {dag.py:3036} INFO - Sync 1 DAGs
[2026-02-02T14:25:08.148+0000] {logging_mixin.py:188} INFO - [2026-02-02T14:25:08.147+0000] {dag.py:3823} INFO - Setting next_dagrun for example_sla_dag to 2026-02-02 14:22:00+00:00, run_after=2026-02-02 14:24:00+00:00
[2026-02-02T14:25:08.167+0000] {processor.py:183} INFO - Processing /home/airflow/.local/lib/python3.8/site-packages/airflow/example_dags/example_sla_dag.py took 0.089 seconds
[2026-02-02T14:25:38.335+0000] {processor.py:161} INFO - Started process (PID=652) to work on /home/airflow/.local/lib/python3.8/site-packages/airflow/example_dags/example_sla_dag.py
[2026-02-02T14:25:38.336+0000] {processor.py:830} INFO - Processing file /home/airflow/.local/lib/python3.8/site-packages/airflow/example_dags/example_sla_dag.py for tasks to queue
[2026-02-02T14:25:38.338+0000] {logging_mixin.py:188} INFO - [2026-02-02T14:25:38.338+0000] {dagbag.py:538} INFO - Filling up the DagBag from /home/airflow/.local/lib/python3.8/site-packages/airflow/example_dags/example_sla_dag.py
[2026-02-02T14:25:38.349+0000] {processor.py:840} INFO - DAG(s) 'example_sla_dag' retrieved from /home/airflow/.local/lib/python3.8/site-packages/airflow/example_dags/example_sla_dag.py
[2026-02-02T14:25:38.371+0000] {logging_mixin.py:188} INFO - [2026-02-02T14:25:38.371+0000] {dag.py:3036} INFO - Sync 1 DAGs
[2026-02-02T14:25:38.399+0000] {logging_mixin.py:188} INFO - [2026-02-02T14:25:38.399+0000] {dag.py:3823} INFO - Setting next_dagrun for example_sla_dag to 2026-02-02 14:22:00+00:00, run_after=2026-02-02 14:24:00+00:00
[2026-02-02T14:25:38.426+0000] {processor.py:183} INFO - Processing /home/airflow/.local/lib/python3.8/site-packages/airflow/example_dags/example_sla_dag.py took 0.095 seconds
[2026-02-02T14:26:08.620+0000] {processor.py:161} INFO - Started process (PID=707) to work on /home/airflow/.local/lib/python3.8/site-packages/airflow/example_dags/example_sla_dag.py
[2026-02-02T14:26:08.622+0000] {processor.py:830} INFO - Processing file /home/airflow/.local/lib/python3.8/site-packages/airflow/example_dags/example_sla_dag.py for tasks to queue
[2026-02-02T14:26:08.626+0000] {logging_mixin.py:188} INFO - [2026-02-02T14:26:08.625+0000] {dagbag.py:538} INFO - Filling up the DagBag from /home/airflow/.local/lib/python3.8/site-packages/airflow/example_dags/example_sla_dag.py
[2026-02-02T14:26:08.646+0000] {processor.py:840} INFO - DAG(s) 'example_sla_dag' retrieved from /home/airflow/.local/lib/python3.8/site-packages/airflow/example_dags/example_sla_dag.py
[2026-02-02T14:26:08.688+0000] {logging_mixin.py:188} INFO - [2026-02-02T14:26:08.688+0000] {dag.py:3036} INFO - Sync 1 DAGs
[2026-02-02T14:26:08.793+0000] {logging_mixin.py:188} INFO - [2026-02-02T14:26:08.793+0000] {dag.py:3823} INFO - Setting next_dagrun for example_sla_dag to 2026-02-02 14:24:00+00:00, run_after=2026-02-02 14:26:00+00:00
[2026-02-02T14:26:08.877+0000] {processor.py:183} INFO - Processing /home/airflow/.local/lib/python3.8/site-packages/airflow/example_dags/example_sla_dag.py took 0.268 seconds
[2026-02-02T14:26:39.774+0000] {processor.py:161} INFO - Started process (PID=762) to work on /home/airflow/.local/lib/python3.8/site-packages/airflow/example_dags/example_sla_dag.py
[2026-02-02T14:26:39.775+0000] {processor.py:830} INFO - Processing file /home/airflow/.local/lib/python3.8/site-packages/airflow/example_dags/example_sla_dag.py for tasks to queue
[2026-02-02T14:26:39.777+0000] {logging_mixin.py:188} INFO - [2026-02-02T14:26:39.776+0000] {dagbag.py:538} INFO - Filling up the DagBag from /home/airflow/.local/lib/python3.8/site-packages/airflow/example_dags/example_sla_dag.py
[2026-02-02T14:26:39.786+0000] {processor.py:840} INFO - DAG(s) 'example_sla_dag' retrieved from /home/airflow/.local/lib/python3.8/site-packages/airflow/example_dags/example_sla_dag.py
[2026-02-02T14:26:39.808+0000] {logging_mixin.py:188} INFO - [2026-02-02T14:26:39.807+0000] {dag.py:3036} INFO - Sync 1 DAGs
[2026-02-02T14:26:39.840+0000] {logging_mixin.py:188} INFO - [2026-02-02T14:26:39.840+0000] {dag.py:3823} INFO - Setting next_dagrun for example_sla_dag to 2026-02-02 14:24:00+00:00, run_after=2026-02-02 14:26:00+00:00
[2026-02-02T14:26:39.859+0000] {processor.py:183} INFO - Processing /home/airflow/.local/lib/python3.8/site-packages/airflow/example_dags/example_sla_dag.py took 0.088 seconds
[2026-02-02T14:27:10.465+0000] {processor.py:161} INFO - Started process (PID=817) to work on /home/airflow/.local/lib/python3.8/site-packages/airflow/example_dags/example_sla_dag.py
[2026-02-02T14:27:10.465+0000] {processor.py:830} INFO - Processing file /home/airflow/.local/lib/python3.8/site-packages/airflow/example_dags/example_sla_dag.py for tasks to queue
[2026-02-02T14:27:10.467+0000] {logging_mixin.py:188} INFO - [2026-02-02T14:27:10.467+0000] {dagbag.py:538} INFO - Filling up the DagBag from /home/airflow/.local/lib/python3.8/site-packages/airflow/example_dags/example_sla_dag.py
[2026-02-02T14:27:10.481+0000] {processor.py:840} INFO - DAG(s) 'example_sla_dag' retrieved from /home/airflow/.local/lib/python3.8/site-packages/airflow/example_dags/example_sla_dag.py
[2026-02-02T14:27:10.503+0000] {logging_mixin.py:188} INFO - [2026-02-02T14:27:10.502+0000] {dag.py:3036} INFO - Sync 1 DAGs
[2026-02-02T14:27:10.533+0000] {logging_mixin.py:188} INFO - [2026-02-02T14:27:10.533+0000] {dag.py:3823} INFO - Setting next_dagrun for example_sla_dag to 2026-02-02 14:24:00+00:00, run_after=2026-02-02 14:26:00+00:00
[2026-02-02T14:27:10.550+0000] {processor.py:183} INFO - Processing /home/airflow/.local/lib/python3.8/site-packages/airflow/example_dags/example_sla_dag.py took 0.088 seconds
[2026-02-02T14:27:40.664+0000] {processor.py:161} INFO - Started process (PID=872) to work on /home/airflow/.local/lib/python3.8/site-packages/airflow/example_dags/example_sla_dag.py
[2026-02-02T14:27:40.665+0000] {processor.py:830} INFO - Processing file /home/airflow/.local/lib/python3.8/site-packages/airflow/example_dags/example_sla_dag.py for tasks to queue
[2026-02-02T14:27:40.666+0000] {logging_mixin.py:188} INFO - [2026-02-02T14:27:40.666+0000] {dagbag.py:538} INFO - Filling up the DagBag from /home/airflow/.local/lib/python3.8/site-packages/airflow/example_dags/example_sla_dag.py
[2026-02-02T14:27:40.676+0000] {processor.py:840} INFO - DAG(s) 'example_sla_dag' retrieved from /home/airflow/.local/lib/python3.8/site-packages/airflow/example_dags/example_sla_dag.py
[2026-02-02T14:27:40.698+0000] {logging_mixin.py:188} INFO - [2026-02-02T14:27:40.698+0000] {dag.py:3036} INFO - Sync 1 DAGs
[2026-02-02T14:27:40.728+0000] {logging_mixin.py:188} INFO - [2026-02-02T14:27:40.728+0000] {dag.py:3823} INFO - Setting next_dagrun for example_sla_dag to 2026-02-02 14:24:00+00:00, run_after=2026-02-02 14:26:00+00:00
[2026-02-02T14:27:40.748+0000] {processor.py:183} INFO - Processing /home/airflow/.local/lib/python3.8/site-packages/airflow/example_dags/example_sla_dag.py took 0.087 seconds
[2026-02-02T14:28:11.153+0000] {processor.py:161} INFO - Started process (PID=927) to work on /home/airflow/.local/lib/python3.8/site-packages/airflow/example_dags/example_sla_dag.py
[2026-02-02T14:28:11.153+0000] {processor.py:830} INFO - Processing file /home/airflow/.local/lib/python3.8/site-packages/airflow/example_dags/example_sla_dag.py for tasks to queue
[2026-02-02T14:28:11.155+0000] {logging_mixin.py:188} INFO - [2026-02-02T14:28:11.155+0000] {dagbag.py:538} INFO - Filling up the DagBag from /home/airflow/.local/lib/python3.8/site-packages/airflow/example_dags/example_sla_dag.py
[2026-02-02T14:28:11.165+0000] {processor.py:840} INFO - DAG(s) 'example_sla_dag' retrieved from /home/airflow/.local/lib/python3.8/site-packages/airflow/example_dags/example_sla_dag.py
[2026-02-02T14:28:11.195+0000] {logging_mixin.py:188} INFO - [2026-02-02T14:28:11.194+0000] {dag.py:3036} INFO - Sync 1 DAGs
[2026-02-02T14:28:11.234+0000] {logging_mixin.py:188} INFO - [2026-02-02T14:28:11.234+0000] {dag.py:3823} INFO - Setting next_dagrun for example_sla_dag to 2026-02-02 14:26:00+00:00, run_after=2026-02-02 14:28:00+00:00
[2026-02-02T14:28:11.266+0000] {processor.py:183} INFO - Processing /home/airflow/.local/lib/python3.8/site-packages/airflow/example_dags/example_sla_dag.py took 0.117 seconds
[2026-02-02T14:28:41.293+0000] {processor.py:161} INFO - Started process (PID=982) to work on /home/airflow/.local/lib/python3.8/site-packages/airflow/example_dags/example_sla_dag.py
[2026-02-02T14:28:41.294+0000] {processor.py:830} INFO - Processing file /home/airflow/.local/lib/python3.8/site-packages/airflow/example_dags/example_sla_dag.py for tasks to queue
[2026-02-02T14:28:41.296+0000] {logging_mixin.py:188} INFO - [2026-02-02T14:28:41.295+0000] {dagbag.py:538} INFO - Filling up the DagBag from /home/airflow/.local/lib/python3.8/site-packages/airflow/example_dags/example_sla_dag.py
[2026-02-02T14:28:41.305+0000] {processor.py:840} INFO - DAG(s) 'example_sla_dag' retrieved from /home/airflow/.local/lib/python3.8/site-packages/airflow/example_dags/example_sla_dag.py
[2026-02-02T14:28:41.329+0000] {logging_mixin.py:188} INFO - [2026-02-02T14:28:41.329+0000] {dag.py:3036} INFO - Sync 1 DAGs
[2026-02-02T14:28:41.360+0000] {logging_mixin.py:188} INFO - [2026-02-02T14:28:41.360+0000] {dag.py:3823} INFO - Setting next_dagrun for example_sla_dag to 2026-02-02 14:26:00+00:00, run_after=2026-02-02 14:28:00+00:00
[2026-02-02T14:28:41.381+0000] {processor.py:183} INFO - Processing /home/airflow/.local/lib/python3.8/site-packages/airflow/example_dags/example_sla_dag.py took 0.091 seconds
[2026-02-02T14:29:11.837+0000] {processor.py:161} INFO - Started process (PID=1037) to work on /home/airflow/.local/lib/python3.8/site-packages/airflow/example_dags/example_sla_dag.py
[2026-02-02T14:29:11.838+0000] {processor.py:830} INFO - Processing file /home/airflow/.local/lib/python3.8/site-packages/airflow/example_dags/example_sla_dag.py for tasks to queue
[2026-02-02T14:29:11.840+0000] {logging_mixin.py:188} INFO - [2026-02-02T14:29:11.839+0000] {dagbag.py:538} INFO - Filling up the DagBag from /home/airflow/.local/lib/python3.8/site-packages/airflow/example_dags/example_sla_dag.py
[2026-02-02T14:29:11.849+0000] {processor.py:840} INFO - DAG(s) 'example_sla_dag' retrieved from /home/airflow/.local/lib/python3.8/site-packages/airflow/example_dags/example_sla_dag.py
[2026-02-02T14:29:11.873+0000] {logging_mixin.py:188} INFO - [2026-02-02T14:29:11.873+0000] {dag.py:3036} INFO - Sync 1 DAGs
[2026-02-02T14:29:11.903+0000] {logging_mixin.py:188} INFO - [2026-02-02T14:29:11.903+0000] {dag.py:3823} INFO - Setting next_dagrun for example_sla_dag to 2026-02-02 14:26:00+00:00, run_after=2026-02-02 14:28:00+00:00
[2026-02-02T14:29:11.942+0000] {processor.py:183} INFO - Processing /home/airflow/.local/lib/python3.8/site-packages/airflow/example_dags/example_sla_dag.py took 0.108 seconds
[2026-02-02T14:29:42.802+0000] {processor.py:161} INFO - Started process (PID=1092) to work on /home/airflow/.local/lib/python3.8/site-packages/airflow/example_dags/example_sla_dag.py
[2026-02-02T14:29:42.803+0000] {processor.py:830} INFO - Processing file /home/airflow/.local/lib/python3.8/site-packages/airflow/example_dags/example_sla_dag.py for tasks to queue
[2026-02-02T14:29:42.804+0000] {logging_mixin.py:188} INFO - [2026-02-02T14:29:42.804+0000] {dagbag.py:538} INFO - Filling up the DagBag from /home/airflow/.local/lib/python3.8/site-packages/airflow/example_dags/example_sla_dag.py
[2026-02-02T14:29:42.814+0000] {processor.py:840} INFO - DAG(s) 'example_sla_dag' retrieved from /home/airflow/.local/lib/python3.8/site-packages/airflow/example_dags/example_sla_dag.py
[2026-02-02T14:29:42.844+0000] {logging_mixin.py:188} INFO - [2026-02-02T14:29:42.844+0000] {dag.py:3036} INFO - Sync 1 DAGs
[2026-02-02T14:29:42.879+0000] {logging_mixin.py:188} INFO - [2026-02-02T14:29:42.879+0000] {dag.py:3823} INFO - Setting next_dagrun for example_sla_dag to 2026-02-02 14:26:00+00:00, run_after=2026-02-02 14:28:00+00:00
[2026-02-02T14:29:42.898+0000] {processor.py:183} INFO - Processing /home/airflow/.local/lib/python3.8/site-packages/airflow/example_dags/example_sla_dag.py took 0.099 seconds
[2026-02-02T14:30:13.405+0000] {processor.py:161} INFO - Started process (PID=1147) to work on /home/airflow/.local/lib/python3.8/site-packages/airflow/example_dags/example_sla_dag.py
[2026-02-02T14:30:13.405+0000] {processor.py:830} INFO - Processing file /home/airflow/.local/lib/python3.8/site-packages/airflow/example_dags/example_sla_dag.py for tasks to queue
[2026-02-02T14:30:13.407+0000] {logging_mixin.py:188} INFO - [2026-02-02T14:30:13.407+0000] {dagbag.py:538} INFO - Filling up the DagBag from /home/airflow/.local/lib/python3.8/site-packages/airflow/example_dags/example_sla_dag.py
[2026-02-02T14:30:13.417+0000] {processor.py:840} INFO - DAG(s) 'example_sla_dag' retrieved from /home/airflow/.local/lib/python3.8/site-packages/airflow/example_dags/example_sla_dag.py
[2026-02-02T14:30:13.439+0000] {logging_mixin.py:188} INFO - [2026-02-02T14:30:13.439+0000] {dag.py:3036} INFO - Sync 1 DAGs
[2026-02-02T14:30:13.472+0000] {logging_mixin.py:188} INFO - [2026-02-02T14:30:13.472+0000] {dag.py:3823} INFO - Setting next_dagrun for example_sla_dag to 2026-02-02 14:28:00+00:00, run_after=2026-02-02 14:30:00+00:00
[2026-02-02T14:30:13.492+0000] {processor.py:183} INFO - Processing /home/airflow/.local/lib/python3.8/site-packages/airflow/example_dags/example_sla_dag.py took 0.091 seconds
[2026-02-02T14:30:44.136+0000] {processor.py:161} INFO - Started process (PID=1202) to work on /home/airflow/.local/lib/python3.8/site-packages/airflow/example_dags/example_sla_dag.py
[2026-02-02T14:30:44.137+0000] {processor.py:830} INFO - Processing file /home/airflow/.local/lib/python3.8/site-packages/airflow/example_dags/example_sla_dag.py for tasks to queue
[2026-02-02T14:30:44.139+0000] {logging_mixin.py:188} INFO - [2026-02-02T14:30:44.138+0000] {dagbag.py:538} INFO - Filling up the DagBag from /home/airflow/.local/lib/python3.8/site-packages/airflow/example_dags/example_sla_dag.py
[2026-02-02T14:30:44.149+0000] {processor.py:840} INFO - DAG(s) 'example_sla_dag' retrieved from /home/airflow/.local/lib/python3.8/site-packages/airflow/example_dags/example_sla_dag.py
[2026-02-02T14:30:44.171+0000] {logging_mixin.py:188} INFO - [2026-02-02T14:30:44.171+0000] {dag.py:3036} INFO - Sync 1 DAGs
[2026-02-02T14:30:44.202+0000] {logging_mixin.py:188} INFO - [2026-02-02T14:30:44.202+0000] {dag.py:3823} INFO - Setting next_dagrun for example_sla_dag to 2026-02-02 14:28:00+00:00, run_after=2026-02-02 14:30:00+00:00
[2026-02-02T14:30:44.220+0000] {processor.py:183} INFO - Processing /home/airflow/.local/lib/python3.8/site-packages/airflow/example_dags/example_sla_dag.py took 0.087 seconds
[2026-02-02T14:31:14.647+0000] {processor.py:161} INFO - Started process (PID=1257) to work on /home/airflow/.local/lib/python3.8/site-packages/airflow/example_dags/example_sla_dag.py
[2026-02-02T14:31:14.648+0000] {processor.py:830} INFO - Processing file /home/airflow/.local/lib/python3.8/site-packages/airflow/example_dags/example_sla_dag.py for tasks to queue
[2026-02-02T14:31:14.650+0000] {logging_mixin.py:188} INFO - [2026-02-02T14:31:14.649+0000] {dagbag.py:538} INFO - Filling up the DagBag from /home/airflow/.local/lib/python3.8/site-packages/airflow/example_dags/example_sla_dag.py
[2026-02-02T14:31:14.660+0000] {processor.py:840} INFO - DAG(s) 'example_sla_dag' retrieved from /home/airflow/.local/lib/python3.8/site-packages/airflow/example_dags/example_sla_dag.py
[2026-02-02T14:31:14.682+0000] {logging_mixin.py:188} INFO - [2026-02-02T14:31:14.682+0000] {dag.py:3036} INFO - Sync 1 DAGs
[2026-02-02T14:31:14.712+0000] {logging_mixin.py:188} INFO - [2026-02-02T14:31:14.712+0000] {dag.py:3823} INFO - Setting next_dagrun for example_sla_dag to 2026-02-02 14:28:00+00:00, run_after=2026-02-02 14:30:00+00:00
[2026-02-02T14:31:14.731+0000] {processor.py:183} INFO - Processing /home/airflow/.local/lib/python3.8/site-packages/airflow/example_dags/example_sla_dag.py took 0.087 seconds
[2026-02-02T14:31:45.394+0000] {processor.py:161} INFO - Started process (PID=1312) to work on /home/airflow/.local/lib/python3.8/site-packages/airflow/example_dags/example_sla_dag.py
[2026-02-02T14:31:45.395+0000] {processor.py:830} INFO - Processing file /home/airflow/.local/lib/python3.8/site-packages/airflow/example_dags/example_sla_dag.py for tasks to queue
[2026-02-02T14:31:45.397+0000] {logging_mixin.py:188} INFO - [2026-02-02T14:31:45.396+0000] {dagbag.py:538} INFO - Filling up the DagBag from /home/airflow/.local/lib/python3.8/site-packages/airflow/example_dags/example_sla_dag.py
[2026-02-02T14:31:45.410+0000] {processor.py:840} INFO - DAG(s) 'example_sla_dag' retrieved from /home/airflow/.local/lib/python3.8/site-packages/airflow/example_dags/example_sla_dag.py
[2026-02-02T14:31:45.441+0000] {logging_mixin.py:188} INFO - [2026-02-02T14:31:45.440+0000] {dag.py:3036} INFO - Sync 1 DAGs
[2026-02-02T14:31:45.476+0000] {logging_mixin.py:188} INFO - [2026-02-02T14:31:45.476+0000] {dag.py:3823} INFO - Setting next_dagrun for example_sla_dag to 2026-02-02 14:28:00+00:00, run_after=2026-02-02 14:30:00+00:00
[2026-02-02T14:31:45.494+0000] {processor.py:183} INFO - Processing /home/airflow/.local/lib/python3.8/site-packages/airflow/example_dags/example_sla_dag.py took 0.105 seconds
[2026-02-02T14:32:15.999+0000] {processor.py:161} INFO - Started process (PID=1367) to work on /home/airflow/.local/lib/python3.8/site-packages/airflow/example_dags/example_sla_dag.py
[2026-02-02T14:32:16.000+0000] {processor.py:830} INFO - Processing file /home/airflow/.local/lib/python3.8/site-packages/airflow/example_dags/example_sla_dag.py for tasks to queue
[2026-02-02T14:32:16.001+0000] {logging_mixin.py:188} INFO - [2026-02-02T14:32:16.001+0000] {dagbag.py:538} INFO - Filling up the DagBag from /home/airflow/.local/lib/python3.8/site-packages/airflow/example_dags/example_sla_dag.py
[2026-02-02T14:32:16.011+0000] {processor.py:840} INFO - DAG(s) 'example_sla_dag' retrieved from /home/airflow/.local/lib/python3.8/site-packages/airflow/example_dags/example_sla_dag.py
[2026-02-02T14:32:16.037+0000] {logging_mixin.py:188} INFO - [2026-02-02T14:32:16.037+0000] {dag.py:3036} INFO - Sync 1 DAGs
[2026-02-02T14:32:16.068+0000] {logging_mixin.py:188} INFO - [2026-02-02T14:32:16.068+0000] {dag.py:3823} INFO - Setting next_dagrun for example_sla_dag to 2026-02-02 14:30:00+00:00, run_after=2026-02-02 14:32:00+00:00
[2026-02-02T14:32:16.088+0000] {processor.py:183} INFO - Processing /home/airflow/.local/lib/python3.8/site-packages/airflow/example_dags/example_sla_dag.py took 0.092 seconds
[2026-02-02T14:32:46.502+0000] {processor.py:161} INFO - Started process (PID=1422) to work on /home/airflow/.local/lib/python3.8/site-packages/airflow/example_dags/example_sla_dag.py
[2026-02-02T14:32:46.503+0000] {processor.py:830} INFO - Processing file /home/airflow/.local/lib/python3.8/site-packages/airflow/example_dags/example_sla_dag.py for tasks to queue
[2026-02-02T14:32:46.505+0000] {logging_mixin.py:188} INFO - [2026-02-02T14:32:46.504+0000] {dagbag.py:538} INFO - Filling up the DagBag from /home/airflow/.local/lib/python3.8/site-packages/airflow/example_dags/example_sla_dag.py
[2026-02-02T14:32:46.515+0000] {processor.py:840} INFO - DAG(s) 'example_sla_dag' retrieved from /home/airflow/.local/lib/python3.8/site-packages/airflow/example_dags/example_sla_dag.py
[2026-02-02T14:32:46.537+0000] {logging_mixin.py:188} INFO - [2026-02-02T14:32:46.537+0000] {dag.py:3036} INFO - Sync 1 DAGs
[2026-02-02T14:32:46.568+0000] {logging_mixin.py:188} INFO - [2026-02-02T14:32:46.568+0000] {dag.py:3823} INFO - Setting next_dagrun for example_sla_dag to 2026-02-02 14:30:00+00:00, run_after=2026-02-02 14:32:00+00:00
[2026-02-02T14:32:46.587+0000] {processor.py:183} INFO - Processing /home/airflow/.local/lib/python3.8/site-packages/airflow/example_dags/example_sla_dag.py took 0.088 seconds
[2026-02-02T14:33:16.713+0000] {processor.py:161} INFO - Started process (PID=1478) to work on /home/airflow/.local/lib/python3.8/site-packages/airflow/example_dags/example_sla_dag.py
[2026-02-02T14:33:16.714+0000] {processor.py:830} INFO - Processing file /home/airflow/.local/lib/python3.8/site-packages/airflow/example_dags/example_sla_dag.py for tasks to queue
[2026-02-02T14:33:16.715+0000] {logging_mixin.py:188} INFO - [2026-02-02T14:33:16.715+0000] {dagbag.py:538} INFO - Filling up the DagBag from /home/airflow/.local/lib/python3.8/site-packages/airflow/example_dags/example_sla_dag.py
[2026-02-02T14:33:16.724+0000] {processor.py:840} INFO - DAG(s) 'example_sla_dag' retrieved from /home/airflow/.local/lib/python3.8/site-packages/airflow/example_dags/example_sla_dag.py
[2026-02-02T14:33:16.740+0000] {logging_mixin.py:188} INFO - [2026-02-02T14:33:16.740+0000] {dag.py:3036} INFO - Sync 1 DAGs
[2026-02-02T14:33:16.759+0000] {logging_mixin.py:188} INFO - [2026-02-02T14:33:16.759+0000] {dag.py:3823} INFO - Setting next_dagrun for example_sla_dag to 2026-02-02 14:30:00+00:00, run_after=2026-02-02 14:32:00+00:00
[2026-02-02T14:33:16.772+0000] {processor.py:183} INFO - Processing /home/airflow/.local/lib/python3.8/site-packages/airflow/example_dags/example_sla_dag.py took 0.062 seconds
[2026-02-02T14:33:47.038+0000] {processor.py:161} INFO - Started process (PID=1533) to work on /home/airflow/.local/lib/python3.8/site-packages/airflow/example_dags/example_sla_dag.py
[2026-02-02T14:33:47.039+0000] {processor.py:830} INFO - Processing file /home/airflow/.local/lib/python3.8/site-packages/airflow/example_dags/example_sla_dag.py for tasks to queue
[2026-02-02T14:33:47.041+0000] {logging_mixin.py:188} INFO - [2026-02-02T14:33:47.040+0000] {dagbag.py:538} INFO - Filling up the DagBag from /home/airflow/.local/lib/python3.8/site-packages/airflow/example_dags/example_sla_dag.py
[2026-02-02T14:33:47.055+0000] {processor.py:840} INFO - DAG(s) 'example_sla_dag' retrieved from /home/airflow/.local/lib/python3.8/site-packages/airflow/example_dags/example_sla_dag.py
[2026-02-02T14:33:47.139+0000] {logging_mixin.py:188} INFO - [2026-02-02T14:33:47.139+0000] {dag.py:3036} INFO - Sync 1 DAGs
[2026-02-02T14:33:47.183+0000] {logging_mixin.py:188} INFO - [2026-02-02T14:33:47.183+0000] {dag.py:3823} INFO - Setting next_dagrun for example_sla_dag to 2026-02-02 14:30:00+00:00, run_after=2026-02-02 14:32:00+00:00
[2026-02-02T14:33:47.269+0000] {processor.py:183} INFO - Processing /home/airflow/.local/lib/python3.8/site-packages/airflow/example_dags/example_sla_dag.py took 0.237 seconds
[2026-02-02T14:34:17.430+0000] {processor.py:161} INFO - Started process (PID=1588) to work on /home/airflow/.local/lib/python3.8/site-packages/airflow/example_dags/example_sla_dag.py
[2026-02-02T14:34:17.431+0000] {processor.py:830} INFO - Processing file /home/airflow/.local/lib/python3.8/site-packages/airflow/example_dags/example_sla_dag.py for tasks to queue
[2026-02-02T14:34:17.433+0000] {logging_mixin.py:188} INFO - [2026-02-02T14:34:17.432+0000] {dagbag.py:538} INFO - Filling up the DagBag from /home/airflow/.local/lib/python3.8/site-packages/airflow/example_dags/example_sla_dag.py
[2026-02-02T14:34:17.442+0000] {processor.py:840} INFO - DAG(s) 'example_sla_dag' retrieved from /home/airflow/.local/lib/python3.8/site-packages/airflow/example_dags/example_sla_dag.py
[2026-02-02T14:34:17.457+0000] {logging_mixin.py:188} INFO - [2026-02-02T14:34:17.457+0000] {dag.py:3036} INFO - Sync 1 DAGs
[2026-02-02T14:34:17.487+0000] {logging_mixin.py:188} INFO - [2026-02-02T14:34:17.486+0000] {dag.py:3823} INFO - Setting next_dagrun for example_sla_dag to 2026-02-02 14:32:00+00:00, run_after=2026-02-02 14:34:00+00:00
[2026-02-02T14:34:17.501+0000] {processor.py:183} INFO - Processing /home/airflow/.local/lib/python3.8/site-packages/airflow/example_dags/example_sla_dag.py took 0.074 seconds
[2026-02-02T14:34:47.590+0000] {processor.py:161} INFO - Started process (PID=1643) to work on /home/airflow/.local/lib/python3.8/site-packages/airflow/example_dags/example_sla_dag.py
[2026-02-02T14:34:47.591+0000] {processor.py:830} INFO - Processing file /home/airflow/.local/lib/python3.8/site-packages/airflow/example_dags/example_sla_dag.py for tasks to queue
[2026-02-02T14:34:47.593+0000] {logging_mixin.py:188} INFO - [2026-02-02T14:34:47.593+0000] {dagbag.py:538} INFO - Filling up the DagBag from /home/airflow/.local/lib/python3.8/site-packages/airflow/example_dags/example_sla_dag.py
[2026-02-02T14:34:47.603+0000] {processor.py:840} INFO - DAG(s) 'example_sla_dag' retrieved from /home/airflow/.local/lib/python3.8/site-packages/airflow/example_dags/example_sla_dag.py
[2026-02-02T14:34:47.625+0000] {logging_mixin.py:188} INFO - [2026-02-02T14:34:47.624+0000] {dag.py:3036} INFO - Sync 1 DAGs
[2026-02-02T14:34:47.655+0000] {logging_mixin.py:188} INFO - [2026-02-02T14:34:47.655+0000] {dag.py:3823} INFO - Setting next_dagrun for example_sla_dag to 2026-02-02 14:32:00+00:00, run_after=2026-02-02 14:34:00+00:00
[2026-02-02T14:34:47.702+0000] {processor.py:183} INFO - Processing /home/airflow/.local/lib/python3.8/site-packages/airflow/example_dags/example_sla_dag.py took 0.115 seconds
[2026-02-02T14:35:17.816+0000] {processor.py:161} INFO - Started process (PID=1697) to work on /home/airflow/.local/lib/python3.8/site-packages/airflow/example_dags/example_sla_dag.py
[2026-02-02T14:35:17.817+0000] {processor.py:830} INFO - Processing file /home/airflow/.local/lib/python3.8/site-packages/airflow/example_dags/example_sla_dag.py for tasks to queue
[2026-02-02T14:35:17.819+0000] {logging_mixin.py:188} INFO - [2026-02-02T14:35:17.819+0000] {dagbag.py:538} INFO - Filling up the DagBag from /home/airflow/.local/lib/python3.8/site-packages/airflow/example_dags/example_sla_dag.py
[2026-02-02T14:35:17.829+0000] {processor.py:840} INFO - DAG(s) 'example_sla_dag' retrieved from /home/airflow/.local/lib/python3.8/site-packages/airflow/example_dags/example_sla_dag.py
[2026-02-02T14:35:17.853+0000] {logging_mixin.py:188} INFO - [2026-02-02T14:35:17.852+0000] {dag.py:3036} INFO - Sync 1 DAGs
[2026-02-02T14:35:17.889+0000] {logging_mixin.py:188} INFO - [2026-02-02T14:35:17.888+0000] {dag.py:3823} INFO - Setting next_dagrun for example_sla_dag to 2026-02-02 14:32:00+00:00, run_after=2026-02-02 14:34:00+00:00
[2026-02-02T14:35:17.906+0000] {processor.py:183} INFO - Processing /home/airflow/.local/lib/python3.8/site-packages/airflow/example_dags/example_sla_dag.py took 0.093 seconds
[2026-02-02T14:35:48.130+0000] {processor.py:161} INFO - Started process (PID=1752) to work on /home/airflow/.local/lib/python3.8/site-packages/airflow/example_dags/example_sla_dag.py
[2026-02-02T14:35:48.130+0000] {processor.py:830} INFO - Processing file /home/airflow/.local/lib/python3.8/site-packages/airflow/example_dags/example_sla_dag.py for tasks to queue
[2026-02-02T14:35:48.132+0000] {logging_mixin.py:188} INFO - [2026-02-02T14:35:48.132+0000] {dagbag.py:538} INFO - Filling up the DagBag from /home/airflow/.local/lib/python3.8/site-packages/airflow/example_dags/example_sla_dag.py
[2026-02-02T14:35:48.142+0000] {processor.py:840} INFO - DAG(s) 'example_sla_dag' retrieved from /home/airflow/.local/lib/python3.8/site-packages/airflow/example_dags/example_sla_dag.py
[2026-02-02T14:35:48.163+0000] {logging_mixin.py:188} INFO - [2026-02-02T14:35:48.163+0000] {dag.py:3036} INFO - Sync 1 DAGs
[2026-02-02T14:35:48.200+0000] {logging_mixin.py:188} INFO - [2026-02-02T14:35:48.200+0000] {dag.py:3823} INFO - Setting next_dagrun for example_sla_dag to 2026-02-02 14:32:00+00:00, run_after=2026-02-02 14:34:00+00:00
[2026-02-02T14:35:48.224+0000] {processor.py:183} INFO - Processing /home/airflow/.local/lib/python3.8/site-packages/airflow/example_dags/example_sla_dag.py took 0.098 seconds
[2026-02-02T14:36:18.504+0000] {processor.py:161} INFO - Started process (PID=1807) to work on /home/airflow/.local/lib/python3.8/site-packages/airflow/example_dags/example_sla_dag.py
[2026-02-02T14:36:18.506+0000] {processor.py:830} INFO - Processing file /home/airflow/.local/lib/python3.8/site-packages/airflow/example_dags/example_sla_dag.py for tasks to queue
[2026-02-02T14:36:18.508+0000] {logging_mixin.py:188} INFO - [2026-02-02T14:36:18.508+0000] {dagbag.py:538} INFO - Filling up the DagBag from /home/airflow/.local/lib/python3.8/site-packages/airflow/example_dags/example_sla_dag.py
[2026-02-02T14:36:18.518+0000] {processor.py:840} INFO - DAG(s) 'example_sla_dag' retrieved from /home/airflow/.local/lib/python3.8/site-packages/airflow/example_dags/example_sla_dag.py
[2026-02-02T14:36:18.542+0000] {logging_mixin.py:188} INFO - [2026-02-02T14:36:18.542+0000] {dag.py:3036} INFO - Sync 1 DAGs
[2026-02-02T14:36:18.577+0000] {logging_mixin.py:188} INFO - [2026-02-02T14:36:18.577+0000] {dag.py:3823} INFO - Setting next_dagrun for example_sla_dag to 2026-02-02 14:34:00+00:00, run_after=2026-02-02 14:36:00+00:00
[2026-02-02T14:36:18.594+0000] {processor.py:183} INFO - Processing /home/airflow/.local/lib/python3.8/site-packages/airflow/example_dags/example_sla_dag.py took 0.093 seconds
[2026-02-02T14:36:49.398+0000] {processor.py:161} INFO - Started process (PID=1862) to work on /home/airflow/.local/lib/python3.8/site-packages/airflow/example_dags/example_sla_dag.py
[2026-02-02T14:36:49.399+0000] {processor.py:830} INFO - Processing file /home/airflow/.local/lib/python3.8/site-packages/airflow/example_dags/example_sla_dag.py for tasks to queue
[2026-02-02T14:36:49.401+0000] {logging_mixin.py:188} INFO - [2026-02-02T14:36:49.401+0000] {dagbag.py:538} INFO - Filling up the DagBag from /home/airflow/.local/lib/python3.8/site-packages/airflow/example_dags/example_sla_dag.py
[2026-02-02T14:36:49.411+0000] {processor.py:840} INFO - DAG(s) 'example_sla_dag' retrieved from /home/airflow/.local/lib/python3.8/site-packages/airflow/example_dags/example_sla_dag.py
[2026-02-02T14:36:49.432+0000] {logging_mixin.py:188} INFO - [2026-02-02T14:36:49.432+0000] {dag.py:3036} INFO - Sync 1 DAGs
[2026-02-02T14:36:49.462+0000] {logging_mixin.py:188} INFO - [2026-02-02T14:36:49.461+0000] {dag.py:3823} INFO - Setting next_dagrun for example_sla_dag to 2026-02-02 14:34:00+00:00, run_after=2026-02-02 14:36:00+00:00
[2026-02-02T14:36:49.504+0000] {processor.py:183} INFO - Processing /home/airflow/.local/lib/python3.8/site-packages/airflow/example_dags/example_sla_dag.py took 0.109 seconds
[2026-02-02T14:37:19.854+0000] {processor.py:161} INFO - Started process (PID=1917) to work on /home/airflow/.local/lib/python3.8/site-packages/airflow/example_dags/example_sla_dag.py
[2026-02-02T14:37:19.856+0000] {processor.py:830} INFO - Processing file /home/airflow/.local/lib/python3.8/site-packages/airflow/example_dags/example_sla_dag.py for tasks to queue
[2026-02-02T14:37:19.858+0000] {logging_mixin.py:188} INFO - [2026-02-02T14:37:19.857+0000] {dagbag.py:538} INFO - Filling up the DagBag from /home/airflow/.local/lib/python3.8/site-packages/airflow/example_dags/example_sla_dag.py
[2026-02-02T14:37:19.866+0000] {processor.py:840} INFO - DAG(s) 'example_sla_dag' retrieved from /home/airflow/.local/lib/python3.8/site-packages/airflow/example_dags/example_sla_dag.py
[2026-02-02T14:37:19.887+0000] {logging_mixin.py:188} INFO - [2026-02-02T14:37:19.887+0000] {dag.py:3036} INFO - Sync 1 DAGs
[2026-02-02T14:37:19.917+0000] {logging_mixin.py:188} INFO - [2026-02-02T14:37:19.917+0000] {dag.py:3823} INFO - Setting next_dagrun for example_sla_dag to 2026-02-02 14:34:00+00:00, run_after=2026-02-02 14:36:00+00:00
[2026-02-02T14:37:19.948+0000] {processor.py:183} INFO - Processing /home/airflow/.local/lib/python3.8/site-packages/airflow/example_dags/example_sla_dag.py took 0.097 seconds
[2026-02-02T14:37:50.292+0000] {processor.py:161} INFO - Started process (PID=1972) to work on /home/airflow/.local/lib/python3.8/site-packages/airflow/example_dags/example_sla_dag.py
[2026-02-02T14:37:50.296+0000] {processor.py:830} INFO - Processing file /home/airflow/.local/lib/python3.8/site-packages/airflow/example_dags/example_sla_dag.py for tasks to queue
[2026-02-02T14:37:50.302+0000] {logging_mixin.py:188} INFO - [2026-02-02T14:37:50.302+0000] {dagbag.py:538} INFO - Filling up the DagBag from /home/airflow/.local/lib/python3.8/site-packages/airflow/example_dags/example_sla_dag.py
[2026-02-02T14:37:50.314+0000] {processor.py:840} INFO - DAG(s) 'example_sla_dag' retrieved from /home/airflow/.local/lib/python3.8/site-packages/airflow/example_dags/example_sla_dag.py
[2026-02-02T14:37:50.334+0000] {logging_mixin.py:188} INFO - [2026-02-02T14:37:50.334+0000] {dag.py:3036} INFO - Sync 1 DAGs
[2026-02-02T14:37:50.363+0000] {logging_mixin.py:188} INFO - [2026-02-02T14:37:50.363+0000] {dag.py:3823} INFO - Setting next_dagrun for example_sla_dag to 2026-02-02 14:34:00+00:00, run_after=2026-02-02 14:36:00+00:00
[2026-02-02T14:37:50.381+0000] {processor.py:183} INFO - Processing /home/airflow/.local/lib/python3.8/site-packages/airflow/example_dags/example_sla_dag.py took 0.100 seconds
[2026-02-02T14:38:20.539+0000] {processor.py:161} INFO - Started process (PID=2026) to work on /home/airflow/.local/lib/python3.8/site-packages/airflow/example_dags/example_sla_dag.py
[2026-02-02T14:38:20.540+0000] {processor.py:830} INFO - Processing file /home/airflow/.local/lib/python3.8/site-packages/airflow/example_dags/example_sla_dag.py for tasks to queue
[2026-02-02T14:38:20.541+0000] {logging_mixin.py:188} INFO - [2026-02-02T14:38:20.541+0000] {dagbag.py:538} INFO - Filling up the DagBag from /home/airflow/.local/lib/python3.8/site-packages/airflow/example_dags/example_sla_dag.py
[2026-02-02T14:38:20.551+0000] {processor.py:840} INFO - DAG(s) 'example_sla_dag' retrieved from /home/airflow/.local/lib/python3.8/site-packages/airflow/example_dags/example_sla_dag.py
[2026-02-02T14:38:20.576+0000] {logging_mixin.py:188} INFO - [2026-02-02T14:38:20.575+0000] {dag.py:3036} INFO - Sync 1 DAGs
[2026-02-02T14:38:20.610+0000] {logging_mixin.py:188} INFO - [2026-02-02T14:38:20.609+0000] {dag.py:3823} INFO - Setting next_dagrun for example_sla_dag to 2026-02-02 14:36:00+00:00, run_after=2026-02-02 14:38:00+00:00
[2026-02-02T14:38:20.629+0000] {processor.py:183} INFO - Processing /home/airflow/.local/lib/python3.8/site-packages/airflow/example_dags/example_sla_dag.py took 0.094 seconds
[2026-02-02T14:38:51.011+0000] {processor.py:161} INFO - Started process (PID=2081) to work on /home/airflow/.local/lib/python3.8/site-packages/airflow/example_dags/example_sla_dag.py
[2026-02-02T14:38:51.011+0000] {processor.py:830} INFO - Processing file /home/airflow/.local/lib/python3.8/site-packages/airflow/example_dags/example_sla_dag.py for tasks to queue
[2026-02-02T14:38:51.013+0000] {logging_mixin.py:188} INFO - [2026-02-02T14:38:51.013+0000] {dagbag.py:538} INFO - Filling up the DagBag from /home/airflow/.local/lib/python3.8/site-packages/airflow/example_dags/example_sla_dag.py
[2026-02-02T14:38:51.039+0000] {processor.py:840} INFO - DAG(s) 'example_sla_dag' retrieved from /home/airflow/.local/lib/python3.8/site-packages/airflow/example_dags/example_sla_dag.py
[2026-02-02T14:38:51.094+0000] {logging_mixin.py:188} INFO - [2026-02-02T14:38:51.094+0000] {dag.py:3036} INFO - Sync 1 DAGs
[2026-02-02T14:38:51.134+0000] {logging_mixin.py:188} INFO - [2026-02-02T14:38:51.134+0000] {dag.py:3823} INFO - Setting next_dagrun for example_sla_dag to 2026-02-02 14:36:00+00:00, run_after=2026-02-02 14:38:00+00:00
[2026-02-02T14:38:51.153+0000] {processor.py:183} INFO - Processing /home/airflow/.local/lib/python3.8/site-packages/airflow/example_dags/example_sla_dag.py took 0.147 seconds
[2026-02-02T14:39:21.268+0000] {processor.py:161} INFO - Started process (PID=2134) to work on /home/airflow/.local/lib/python3.8/site-packages/airflow/example_dags/example_sla_dag.py
[2026-02-02T14:39:21.269+0000] {processor.py:830} INFO - Processing file /home/airflow/.local/lib/python3.8/site-packages/airflow/example_dags/example_sla_dag.py for tasks to queue
[2026-02-02T14:39:21.270+0000] {logging_mixin.py:188} INFO - [2026-02-02T14:39:21.270+0000] {dagbag.py:538} INFO - Filling up the DagBag from /home/airflow/.local/lib/python3.8/site-packages/airflow/example_dags/example_sla_dag.py
[2026-02-02T14:39:21.277+0000] {processor.py:840} INFO - DAG(s) 'example_sla_dag' retrieved from /home/airflow/.local/lib/python3.8/site-packages/airflow/example_dags/example_sla_dag.py
[2026-02-02T14:39:21.292+0000] {logging_mixin.py:188} INFO - [2026-02-02T14:39:21.292+0000] {dag.py:3036} INFO - Sync 1 DAGs
[2026-02-02T14:39:21.311+0000] {logging_mixin.py:188} INFO - [2026-02-02T14:39:21.311+0000] {dag.py:3823} INFO - Setting next_dagrun for example_sla_dag to 2026-02-02 14:36:00+00:00, run_after=2026-02-02 14:38:00+00:00
[2026-02-02T14:39:21.325+0000] {processor.py:183} INFO - Processing /home/airflow/.local/lib/python3.8/site-packages/airflow/example_dags/example_sla_dag.py took 0.060 seconds
[2026-02-02T14:39:52.142+0000] {processor.py:161} INFO - Started process (PID=2189) to work on /home/airflow/.local/lib/python3.8/site-packages/airflow/example_dags/example_sla_dag.py
[2026-02-02T14:39:52.142+0000] {processor.py:830} INFO - Processing file /home/airflow/.local/lib/python3.8/site-packages/airflow/example_dags/example_sla_dag.py for tasks to queue
[2026-02-02T14:39:52.144+0000] {logging_mixin.py:188} INFO - [2026-02-02T14:39:52.143+0000] {dagbag.py:538} INFO - Filling up the DagBag from /home/airflow/.local/lib/python3.8/site-packages/airflow/example_dags/example_sla_dag.py
[2026-02-02T14:39:52.150+0000] {processor.py:840} INFO - DAG(s) 'example_sla_dag' retrieved from /home/airflow/.local/lib/python3.8/site-packages/airflow/example_dags/example_sla_dag.py
[2026-02-02T14:39:52.166+0000] {logging_mixin.py:188} INFO - [2026-02-02T14:39:52.166+0000] {dag.py:3036} INFO - Sync 1 DAGs
[2026-02-02T14:39:52.185+0000] {logging_mixin.py:188} INFO - [2026-02-02T14:39:52.185+0000] {dag.py:3823} INFO - Setting next_dagrun for example_sla_dag to 2026-02-02 14:36:00+00:00, run_after=2026-02-02 14:38:00+00:00
[2026-02-02T14:39:52.201+0000] {processor.py:183} INFO - Processing /home/airflow/.local/lib/python3.8/site-packages/airflow/example_dags/example_sla_dag.py took 0.062 seconds
[2026-02-02T14:40:22.583+0000] {processor.py:161} INFO - Started process (PID=2243) to work on /home/airflow/.local/lib/python3.8/site-packages/airflow/example_dags/example_sla_dag.py
[2026-02-02T14:40:22.584+0000] {processor.py:830} INFO - Processing file /home/airflow/.local/lib/python3.8/site-packages/airflow/example_dags/example_sla_dag.py for tasks to queue
[2026-02-02T14:40:22.585+0000] {logging_mixin.py:188} INFO - [2026-02-02T14:40:22.585+0000] {dagbag.py:538} INFO - Filling up the DagBag from /home/airflow/.local/lib/python3.8/site-packages/airflow/example_dags/example_sla_dag.py
[2026-02-02T14:40:22.595+0000] {processor.py:840} INFO - DAG(s) 'example_sla_dag' retrieved from /home/airflow/.local/lib/python3.8/site-packages/airflow/example_dags/example_sla_dag.py
[2026-02-02T14:40:22.615+0000] {logging_mixin.py:188} INFO - [2026-02-02T14:40:22.615+0000] {dag.py:3036} INFO - Sync 1 DAGs
[2026-02-02T14:40:22.644+0000] {logging_mixin.py:188} INFO - [2026-02-02T14:40:22.644+0000] {dag.py:3823} INFO - Setting next_dagrun for example_sla_dag to 2026-02-02 14:38:00+00:00, run_after=2026-02-02 14:40:00+00:00
[2026-02-02T14:40:22.661+0000] {processor.py:183} INFO - Processing /home/airflow/.local/lib/python3.8/site-packages/airflow/example_dags/example_sla_dag.py took 0.082 seconds
[2026-02-02T14:40:53.258+0000] {processor.py:161} INFO - Started process (PID=2298) to work on /home/airflow/.local/lib/python3.8/site-packages/airflow/example_dags/example_sla_dag.py
[2026-02-02T14:40:53.261+0000] {processor.py:830} INFO - Processing file /home/airflow/.local/lib/python3.8/site-packages/airflow/example_dags/example_sla_dag.py for tasks to queue
[2026-02-02T14:40:53.264+0000] {logging_mixin.py:188} INFO - [2026-02-02T14:40:53.262+0000] {dagbag.py:538} INFO - Filling up the DagBag from /home/airflow/.local/lib/python3.8/site-packages/airflow/example_dags/example_sla_dag.py
[2026-02-02T14:40:53.283+0000] {processor.py:840} INFO - DAG(s) 'example_sla_dag' retrieved from /home/airflow/.local/lib/python3.8/site-packages/airflow/example_dags/example_sla_dag.py
[2026-02-02T14:40:53.329+0000] {logging_mixin.py:188} INFO - [2026-02-02T14:40:53.329+0000] {dag.py:3036} INFO - Sync 1 DAGs
[2026-02-02T14:40:53.395+0000] {logging_mixin.py:188} INFO - [2026-02-02T14:40:53.392+0000] {dag.py:3823} INFO - Setting next_dagrun for example_sla_dag to 2026-02-02 14:38:00+00:00, run_after=2026-02-02 14:40:00+00:00
[2026-02-02T14:40:53.420+0000] {processor.py:183} INFO - Processing /home/airflow/.local/lib/python3.8/site-packages/airflow/example_dags/example_sla_dag.py took 0.166 seconds
[2026-02-02T14:41:24.264+0000] {processor.py:161} INFO - Started process (PID=2354) to work on /home/airflow/.local/lib/python3.8/site-packages/airflow/example_dags/example_sla_dag.py
[2026-02-02T14:41:24.269+0000] {processor.py:830} INFO - Processing file /home/airflow/.local/lib/python3.8/site-packages/airflow/example_dags/example_sla_dag.py for tasks to queue
[2026-02-02T14:41:24.273+0000] {logging_mixin.py:188} INFO - [2026-02-02T14:41:24.273+0000] {dagbag.py:538} INFO - Filling up the DagBag from /home/airflow/.local/lib/python3.8/site-packages/airflow/example_dags/example_sla_dag.py
[2026-02-02T14:41:24.296+0000] {processor.py:840} INFO - DAG(s) 'example_sla_dag' retrieved from /home/airflow/.local/lib/python3.8/site-packages/airflow/example_dags/example_sla_dag.py
[2026-02-02T14:41:24.368+0000] {logging_mixin.py:188} INFO - [2026-02-02T14:41:24.368+0000] {dag.py:3036} INFO - Sync 1 DAGs
[2026-02-02T14:41:24.507+0000] {logging_mixin.py:188} INFO - [2026-02-02T14:41:24.507+0000] {dag.py:3823} INFO - Setting next_dagrun for example_sla_dag to 2026-02-02 14:38:00+00:00, run_after=2026-02-02 14:40:00+00:00
[2026-02-02T14:41:24.562+0000] {processor.py:183} INFO - Processing /home/airflow/.local/lib/python3.8/site-packages/airflow/example_dags/example_sla_dag.py took 0.309 seconds
[2026-02-02T14:41:55.354+0000] {processor.py:161} INFO - Started process (PID=2409) to work on /home/airflow/.local/lib/python3.8/site-packages/airflow/example_dags/example_sla_dag.py
[2026-02-02T14:41:55.355+0000] {processor.py:830} INFO - Processing file /home/airflow/.local/lib/python3.8/site-packages/airflow/example_dags/example_sla_dag.py for tasks to queue
[2026-02-02T14:41:55.361+0000] {logging_mixin.py:188} INFO - [2026-02-02T14:41:55.361+0000] {dagbag.py:538} INFO - Filling up the DagBag from /home/airflow/.local/lib/python3.8/site-packages/airflow/example_dags/example_sla_dag.py
[2026-02-02T14:41:55.380+0000] {processor.py:840} INFO - DAG(s) 'example_sla_dag' retrieved from /home/airflow/.local/lib/python3.8/site-packages/airflow/example_dags/example_sla_dag.py
[2026-02-02T14:41:55.400+0000] {logging_mixin.py:188} INFO - [2026-02-02T14:41:55.400+0000] {dag.py:3036} INFO - Sync 1 DAGs
[2026-02-02T14:41:55.431+0000] {logging_mixin.py:188} INFO - [2026-02-02T14:41:55.430+0000] {dag.py:3823} INFO - Setting next_dagrun for example_sla_dag to 2026-02-02 14:38:00+00:00, run_after=2026-02-02 14:40:00+00:00
[2026-02-02T14:41:55.447+0000] {processor.py:183} INFO - Processing /home/airflow/.local/lib/python3.8/site-packages/airflow/example_dags/example_sla_dag.py took 0.102 seconds
[2026-02-02T14:42:26.209+0000] {processor.py:161} INFO - Started process (PID=2464) to work on /home/airflow/.local/lib/python3.8/site-packages/airflow/example_dags/example_sla_dag.py
[2026-02-02T14:42:26.209+0000] {processor.py:830} INFO - Processing file /home/airflow/.local/lib/python3.8/site-packages/airflow/example_dags/example_sla_dag.py for tasks to queue
[2026-02-02T14:42:26.211+0000] {logging_mixin.py:188} INFO - [2026-02-02T14:42:26.211+0000] {dagbag.py:538} INFO - Filling up the DagBag from /home/airflow/.local/lib/python3.8/site-packages/airflow/example_dags/example_sla_dag.py
[2026-02-02T14:42:26.221+0000] {processor.py:840} INFO - DAG(s) 'example_sla_dag' retrieved from /home/airflow/.local/lib/python3.8/site-packages/airflow/example_dags/example_sla_dag.py
[2026-02-02T14:42:26.243+0000] {logging_mixin.py:188} INFO - [2026-02-02T14:42:26.243+0000] {dag.py:3036} INFO - Sync 1 DAGs
[2026-02-02T14:42:26.278+0000] {logging_mixin.py:188} INFO - [2026-02-02T14:42:26.278+0000] {dag.py:3823} INFO - Setting next_dagrun for example_sla_dag to 2026-02-02 14:40:00+00:00, run_after=2026-02-02 14:42:00+00:00
[2026-02-02T14:42:26.298+0000] {processor.py:183} INFO - Processing /home/airflow/.local/lib/python3.8/site-packages/airflow/example_dags/example_sla_dag.py took 0.092 seconds
[2026-02-02T14:42:56.979+0000] {processor.py:161} INFO - Started process (PID=2519) to work on /home/airflow/.local/lib/python3.8/site-packages/airflow/example_dags/example_sla_dag.py
[2026-02-02T14:42:56.980+0000] {processor.py:830} INFO - Processing file /home/airflow/.local/lib/python3.8/site-packages/airflow/example_dags/example_sla_dag.py for tasks to queue
[2026-02-02T14:42:56.982+0000] {logging_mixin.py:188} INFO - [2026-02-02T14:42:56.981+0000] {dagbag.py:538} INFO - Filling up the DagBag from /home/airflow/.local/lib/python3.8/site-packages/airflow/example_dags/example_sla_dag.py
[2026-02-02T14:42:56.991+0000] {processor.py:840} INFO - DAG(s) 'example_sla_dag' retrieved from /home/airflow/.local/lib/python3.8/site-packages/airflow/example_dags/example_sla_dag.py
[2026-02-02T14:42:57.011+0000] {logging_mixin.py:188} INFO - [2026-02-02T14:42:57.011+0000] {dag.py:3036} INFO - Sync 1 DAGs
[2026-02-02T14:42:57.042+0000] {logging_mixin.py:188} INFO - [2026-02-02T14:42:57.042+0000] {dag.py:3823} INFO - Setting next_dagrun for example_sla_dag to 2026-02-02 14:40:00+00:00, run_after=2026-02-02 14:42:00+00:00
[2026-02-02T14:42:57.060+0000] {processor.py:183} INFO - Processing /home/airflow/.local/lib/python3.8/site-packages/airflow/example_dags/example_sla_dag.py took 0.088 seconds
[2026-02-02T14:43:28.008+0000] {processor.py:161} INFO - Started process (PID=2573) to work on /home/airflow/.local/lib/python3.8/site-packages/airflow/example_dags/example_sla_dag.py
[2026-02-02T14:43:28.009+0000] {processor.py:830} INFO - Processing file /home/airflow/.local/lib/python3.8/site-packages/airflow/example_dags/example_sla_dag.py for tasks to queue
[2026-02-02T14:43:28.011+0000] {logging_mixin.py:188} INFO - [2026-02-02T14:43:28.011+0000] {dagbag.py:538} INFO - Filling up the DagBag from /home/airflow/.local/lib/python3.8/site-packages/airflow/example_dags/example_sla_dag.py
[2026-02-02T14:43:28.022+0000] {processor.py:840} INFO - DAG(s) 'example_sla_dag' retrieved from /home/airflow/.local/lib/python3.8/site-packages/airflow/example_dags/example_sla_dag.py
[2026-02-02T14:43:28.044+0000] {logging_mixin.py:188} INFO - [2026-02-02T14:43:28.044+0000] {dag.py:3036} INFO - Sync 1 DAGs
[2026-02-02T14:43:28.072+0000] {logging_mixin.py:188} INFO - [2026-02-02T14:43:28.071+0000] {dag.py:3823} INFO - Setting next_dagrun for example_sla_dag to 2026-02-02 14:40:00+00:00, run_after=2026-02-02 14:42:00+00:00
[2026-02-02T14:43:28.093+0000] {processor.py:183} INFO - Processing /home/airflow/.local/lib/python3.8/site-packages/airflow/example_dags/example_sla_dag.py took 0.088 seconds
[2026-02-02T14:43:58.250+0000] {processor.py:161} INFO - Started process (PID=2628) to work on /home/airflow/.local/lib/python3.8/site-packages/airflow/example_dags/example_sla_dag.py
[2026-02-02T14:43:58.251+0000] {processor.py:830} INFO - Processing file /home/airflow/.local/lib/python3.8/site-packages/airflow/example_dags/example_sla_dag.py for tasks to queue
[2026-02-02T14:43:58.253+0000] {logging_mixin.py:188} INFO - [2026-02-02T14:43:58.253+0000] {dagbag.py:538} INFO - Filling up the DagBag from /home/airflow/.local/lib/python3.8/site-packages/airflow/example_dags/example_sla_dag.py
[2026-02-02T14:43:58.263+0000] {processor.py:840} INFO - DAG(s) 'example_sla_dag' retrieved from /home/airflow/.local/lib/python3.8/site-packages/airflow/example_dags/example_sla_dag.py
[2026-02-02T14:43:58.283+0000] {logging_mixin.py:188} INFO - [2026-02-02T14:43:58.282+0000] {dag.py:3036} INFO - Sync 1 DAGs
[2026-02-02T14:43:58.311+0000] {logging_mixin.py:188} INFO - [2026-02-02T14:43:58.311+0000] {dag.py:3823} INFO - Setting next_dagrun for example_sla_dag to 2026-02-02 14:40:00+00:00, run_after=2026-02-02 14:42:00+00:00
[2026-02-02T14:43:58.329+0000] {processor.py:183} INFO - Processing /home/airflow/.local/lib/python3.8/site-packages/airflow/example_dags/example_sla_dag.py took 0.082 seconds
[2026-02-02T14:44:28.931+0000] {processor.py:161} INFO - Started process (PID=2683) to work on /home/airflow/.local/lib/python3.8/site-packages/airflow/example_dags/example_sla_dag.py
[2026-02-02T14:44:28.932+0000] {processor.py:830} INFO - Processing file /home/airflow/.local/lib/python3.8/site-packages/airflow/example_dags/example_sla_dag.py for tasks to queue
[2026-02-02T14:44:28.933+0000] {logging_mixin.py:188} INFO - [2026-02-02T14:44:28.933+0000] {dagbag.py:538} INFO - Filling up the DagBag from /home/airflow/.local/lib/python3.8/site-packages/airflow/example_dags/example_sla_dag.py
[2026-02-02T14:44:28.940+0000] {processor.py:840} INFO - DAG(s) 'example_sla_dag' retrieved from /home/airflow/.local/lib/python3.8/site-packages/airflow/example_dags/example_sla_dag.py
[2026-02-02T14:44:28.955+0000] {logging_mixin.py:188} INFO - [2026-02-02T14:44:28.955+0000] {dag.py:3036} INFO - Sync 1 DAGs
[2026-02-02T14:44:29.147+0000] {logging_mixin.py:188} INFO - [2026-02-02T14:44:29.147+0000] {dag.py:3823} INFO - Setting next_dagrun for example_sla_dag to 2026-02-02 14:42:00+00:00, run_after=2026-02-02 14:44:00+00:00
[2026-02-02T14:44:29.160+0000] {processor.py:183} INFO - Processing /home/airflow/.local/lib/python3.8/site-packages/airflow/example_dags/example_sla_dag.py took 0.231 seconds
[2026-02-02T14:44:59.563+0000] {processor.py:161} INFO - Started process (PID=2745) to work on /home/airflow/.local/lib/python3.8/site-packages/airflow/example_dags/example_sla_dag.py
[2026-02-02T14:44:59.564+0000] {processor.py:830} INFO - Processing file /home/airflow/.local/lib/python3.8/site-packages/airflow/example_dags/example_sla_dag.py for tasks to queue
[2026-02-02T14:44:59.565+0000] {logging_mixin.py:188} INFO - [2026-02-02T14:44:59.565+0000] {dagbag.py:538} INFO - Filling up the DagBag from /home/airflow/.local/lib/python3.8/site-packages/airflow/example_dags/example_sla_dag.py
[2026-02-02T14:44:59.572+0000] {processor.py:840} INFO - DAG(s) 'example_sla_dag' retrieved from /home/airflow/.local/lib/python3.8/site-packages/airflow/example_dags/example_sla_dag.py
[2026-02-02T14:44:59.588+0000] {logging_mixin.py:188} INFO - [2026-02-02T14:44:59.588+0000] {dag.py:3036} INFO - Sync 1 DAGs
[2026-02-02T14:44:59.712+0000] {logging_mixin.py:188} INFO - [2026-02-02T14:44:59.712+0000] {dag.py:3823} INFO - Setting next_dagrun for example_sla_dag to 2026-02-02 14:42:00+00:00, run_after=2026-02-02 14:44:00+00:00
[2026-02-02T14:44:59.730+0000] {processor.py:183} INFO - Processing /home/airflow/.local/lib/python3.8/site-packages/airflow/example_dags/example_sla_dag.py took 0.171 seconds
[2026-02-02T14:45:30.515+0000] {processor.py:161} INFO - Started process (PID=2801) to work on /home/airflow/.local/lib/python3.8/site-packages/airflow/example_dags/example_sla_dag.py
[2026-02-02T14:45:30.516+0000] {processor.py:830} INFO - Processing file /home/airflow/.local/lib/python3.8/site-packages/airflow/example_dags/example_sla_dag.py for tasks to queue
[2026-02-02T14:45:30.518+0000] {logging_mixin.py:188} INFO - [2026-02-02T14:45:30.518+0000] {dagbag.py:538} INFO - Filling up the DagBag from /home/airflow/.local/lib/python3.8/site-packages/airflow/example_dags/example_sla_dag.py
[2026-02-02T14:45:30.527+0000] {processor.py:840} INFO - DAG(s) 'example_sla_dag' retrieved from /home/airflow/.local/lib/python3.8/site-packages/airflow/example_dags/example_sla_dag.py
[2026-02-02T14:45:30.550+0000] {logging_mixin.py:188} INFO - [2026-02-02T14:45:30.550+0000] {dag.py:3036} INFO - Sync 1 DAGs
[2026-02-02T14:45:30.591+0000] {logging_mixin.py:188} INFO - [2026-02-02T14:45:30.591+0000] {dag.py:3823} INFO - Setting next_dagrun for example_sla_dag to 2026-02-02 14:42:00+00:00, run_after=2026-02-02 14:44:00+00:00
[2026-02-02T14:45:30.607+0000] {processor.py:183} INFO - Processing /home/airflow/.local/lib/python3.8/site-packages/airflow/example_dags/example_sla_dag.py took 0.096 seconds
[2026-02-02T14:46:00.867+0000] {processor.py:161} INFO - Started process (PID=2856) to work on /home/airflow/.local/lib/python3.8/site-packages/airflow/example_dags/example_sla_dag.py
[2026-02-02T14:46:00.868+0000] {processor.py:830} INFO - Processing file /home/airflow/.local/lib/python3.8/site-packages/airflow/example_dags/example_sla_dag.py for tasks to queue
[2026-02-02T14:46:00.871+0000] {logging_mixin.py:188} INFO - [2026-02-02T14:46:00.870+0000] {dagbag.py:538} INFO - Filling up the DagBag from /home/airflow/.local/lib/python3.8/site-packages/airflow/example_dags/example_sla_dag.py
[2026-02-02T14:46:00.880+0000] {processor.py:840} INFO - DAG(s) 'example_sla_dag' retrieved from /home/airflow/.local/lib/python3.8/site-packages/airflow/example_dags/example_sla_dag.py
[2026-02-02T14:46:00.912+0000] {logging_mixin.py:188} INFO - [2026-02-02T14:46:00.912+0000] {dag.py:3036} INFO - Sync 1 DAGs
[2026-02-02T14:46:00.988+0000] {logging_mixin.py:188} INFO - [2026-02-02T14:46:00.988+0000] {dag.py:3823} INFO - Setting next_dagrun for example_sla_dag to 2026-02-02 14:44:00+00:00, run_after=2026-02-02 14:46:00+00:00
[2026-02-02T14:46:01.007+0000] {processor.py:183} INFO - Processing /home/airflow/.local/lib/python3.8/site-packages/airflow/example_dags/example_sla_dag.py took 0.142 seconds
[2026-02-02T14:46:32.003+0000] {processor.py:161} INFO - Started process (PID=2912) to work on /home/airflow/.local/lib/python3.8/site-packages/airflow/example_dags/example_sla_dag.py
[2026-02-02T14:46:32.004+0000] {processor.py:830} INFO - Processing file /home/airflow/.local/lib/python3.8/site-packages/airflow/example_dags/example_sla_dag.py for tasks to queue
[2026-02-02T14:46:32.006+0000] {logging_mixin.py:188} INFO - [2026-02-02T14:46:32.006+0000] {dagbag.py:538} INFO - Filling up the DagBag from /home/airflow/.local/lib/python3.8/site-packages/airflow/example_dags/example_sla_dag.py
[2026-02-02T14:46:32.015+0000] {processor.py:840} INFO - DAG(s) 'example_sla_dag' retrieved from /home/airflow/.local/lib/python3.8/site-packages/airflow/example_dags/example_sla_dag.py
[2026-02-02T14:46:32.037+0000] {logging_mixin.py:188} INFO - [2026-02-02T14:46:32.037+0000] {dag.py:3036} INFO - Sync 1 DAGs
[2026-02-02T14:46:32.067+0000] {logging_mixin.py:188} INFO - [2026-02-02T14:46:32.066+0000] {dag.py:3823} INFO - Setting next_dagrun for example_sla_dag to 2026-02-02 14:44:00+00:00, run_after=2026-02-02 14:46:00+00:00
[2026-02-02T14:46:32.099+0000] {processor.py:183} INFO - Processing /home/airflow/.local/lib/python3.8/site-packages/airflow/example_dags/example_sla_dag.py took 0.099 seconds
[2026-02-02T14:47:02.405+0000] {processor.py:161} INFO - Started process (PID=2968) to work on /home/airflow/.local/lib/python3.8/site-packages/airflow/example_dags/example_sla_dag.py
[2026-02-02T14:47:02.406+0000] {processor.py:830} INFO - Processing file /home/airflow/.local/lib/python3.8/site-packages/airflow/example_dags/example_sla_dag.py for tasks to queue
[2026-02-02T14:47:02.408+0000] {logging_mixin.py:188} INFO - [2026-02-02T14:47:02.408+0000] {dagbag.py:538} INFO - Filling up the DagBag from /home/airflow/.local/lib/python3.8/site-packages/airflow/example_dags/example_sla_dag.py
[2026-02-02T14:47:02.417+0000] {processor.py:840} INFO - DAG(s) 'example_sla_dag' retrieved from /home/airflow/.local/lib/python3.8/site-packages/airflow/example_dags/example_sla_dag.py
[2026-02-02T14:47:02.441+0000] {logging_mixin.py:188} INFO - [2026-02-02T14:47:02.440+0000] {dag.py:3036} INFO - Sync 1 DAGs
[2026-02-02T14:47:02.486+0000] {logging_mixin.py:188} INFO - [2026-02-02T14:47:02.486+0000] {dag.py:3823} INFO - Setting next_dagrun for example_sla_dag to 2026-02-02 14:44:00+00:00, run_after=2026-02-02 14:46:00+00:00
[2026-02-02T14:47:02.504+0000] {processor.py:183} INFO - Processing /home/airflow/.local/lib/python3.8/site-packages/airflow/example_dags/example_sla_dag.py took 0.102 seconds
[2026-02-02T14:47:33.268+0000] {processor.py:161} INFO - Started process (PID=3025) to work on /home/airflow/.local/lib/python3.8/site-packages/airflow/example_dags/example_sla_dag.py
[2026-02-02T14:47:33.269+0000] {processor.py:830} INFO - Processing file /home/airflow/.local/lib/python3.8/site-packages/airflow/example_dags/example_sla_dag.py for tasks to queue
[2026-02-02T14:47:33.271+0000] {logging_mixin.py:188} INFO - [2026-02-02T14:47:33.271+0000] {dagbag.py:538} INFO - Filling up the DagBag from /home/airflow/.local/lib/python3.8/site-packages/airflow/example_dags/example_sla_dag.py
[2026-02-02T14:47:33.281+0000] {processor.py:840} INFO - DAG(s) 'example_sla_dag' retrieved from /home/airflow/.local/lib/python3.8/site-packages/airflow/example_dags/example_sla_dag.py
[2026-02-02T14:47:33.304+0000] {logging_mixin.py:188} INFO - [2026-02-02T14:47:33.303+0000] {dag.py:3036} INFO - Sync 1 DAGs
[2026-02-02T14:47:33.333+0000] {logging_mixin.py:188} INFO - [2026-02-02T14:47:33.333+0000] {dag.py:3823} INFO - Setting next_dagrun for example_sla_dag to 2026-02-02 14:44:00+00:00, run_after=2026-02-02 14:46:00+00:00
[2026-02-02T14:47:33.352+0000] {processor.py:183} INFO - Processing /home/airflow/.local/lib/python3.8/site-packages/airflow/example_dags/example_sla_dag.py took 0.088 seconds
[2026-02-02T14:48:04.187+0000] {processor.py:161} INFO - Started process (PID=3081) to work on /home/airflow/.local/lib/python3.8/site-packages/airflow/example_dags/example_sla_dag.py
[2026-02-02T14:48:04.187+0000] {processor.py:830} INFO - Processing file /home/airflow/.local/lib/python3.8/site-packages/airflow/example_dags/example_sla_dag.py for tasks to queue
[2026-02-02T14:48:04.190+0000] {logging_mixin.py:188} INFO - [2026-02-02T14:48:04.190+0000] {dagbag.py:538} INFO - Filling up the DagBag from /home/airflow/.local/lib/python3.8/site-packages/airflow/example_dags/example_sla_dag.py
[2026-02-02T14:48:04.214+0000] {processor.py:840} INFO - DAG(s) 'example_sla_dag' retrieved from /home/airflow/.local/lib/python3.8/site-packages/airflow/example_dags/example_sla_dag.py
[2026-02-02T14:48:04.262+0000] {logging_mixin.py:188} INFO - [2026-02-02T14:48:04.262+0000] {dag.py:3036} INFO - Sync 1 DAGs
[2026-02-02T14:48:04.311+0000] {logging_mixin.py:188} INFO - [2026-02-02T14:48:04.311+0000] {dag.py:3823} INFO - Setting next_dagrun for example_sla_dag to 2026-02-02 14:46:00+00:00, run_after=2026-02-02 14:48:00+00:00
[2026-02-02T14:48:04.344+0000] {processor.py:183} INFO - Processing /home/airflow/.local/lib/python3.8/site-packages/airflow/example_dags/example_sla_dag.py took 0.161 seconds
[2026-02-02T14:48:34.767+0000] {processor.py:161} INFO - Started process (PID=3136) to work on /home/airflow/.local/lib/python3.8/site-packages/airflow/example_dags/example_sla_dag.py
[2026-02-02T14:48:34.768+0000] {processor.py:830} INFO - Processing file /home/airflow/.local/lib/python3.8/site-packages/airflow/example_dags/example_sla_dag.py for tasks to queue
[2026-02-02T14:48:34.770+0000] {logging_mixin.py:188} INFO - [2026-02-02T14:48:34.770+0000] {dagbag.py:538} INFO - Filling up the DagBag from /home/airflow/.local/lib/python3.8/site-packages/airflow/example_dags/example_sla_dag.py
[2026-02-02T14:48:34.781+0000] {processor.py:840} INFO - DAG(s) 'example_sla_dag' retrieved from /home/airflow/.local/lib/python3.8/site-packages/airflow/example_dags/example_sla_dag.py
[2026-02-02T14:48:34.833+0000] {logging_mixin.py:188} INFO - [2026-02-02T14:48:34.832+0000] {dag.py:3036} INFO - Sync 1 DAGs
[2026-02-02T14:48:34.865+0000] {logging_mixin.py:188} INFO - [2026-02-02T14:48:34.865+0000] {dag.py:3823} INFO - Setting next_dagrun for example_sla_dag to 2026-02-02 14:46:00+00:00, run_after=2026-02-02 14:48:00+00:00
[2026-02-02T14:48:34.882+0000] {processor.py:183} INFO - Processing /home/airflow/.local/lib/python3.8/site-packages/airflow/example_dags/example_sla_dag.py took 0.119 seconds
[2026-02-02T14:49:05.198+0000] {processor.py:161} INFO - Started process (PID=3192) to work on /home/airflow/.local/lib/python3.8/site-packages/airflow/example_dags/example_sla_dag.py
[2026-02-02T14:49:05.199+0000] {processor.py:830} INFO - Processing file /home/airflow/.local/lib/python3.8/site-packages/airflow/example_dags/example_sla_dag.py for tasks to queue
[2026-02-02T14:49:05.201+0000] {logging_mixin.py:188} INFO - [2026-02-02T14:49:05.201+0000] {dagbag.py:538} INFO - Filling up the DagBag from /home/airflow/.local/lib/python3.8/site-packages/airflow/example_dags/example_sla_dag.py
[2026-02-02T14:49:05.211+0000] {processor.py:840} INFO - DAG(s) 'example_sla_dag' retrieved from /home/airflow/.local/lib/python3.8/site-packages/airflow/example_dags/example_sla_dag.py
[2026-02-02T14:49:05.234+0000] {logging_mixin.py:188} INFO - [2026-02-02T14:49:05.233+0000] {dag.py:3036} INFO - Sync 1 DAGs
[2026-02-02T14:49:05.265+0000] {logging_mixin.py:188} INFO - [2026-02-02T14:49:05.264+0000] {dag.py:3823} INFO - Setting next_dagrun for example_sla_dag to 2026-02-02 14:46:00+00:00, run_after=2026-02-02 14:48:00+00:00
[2026-02-02T14:49:05.295+0000] {processor.py:183} INFO - Processing /home/airflow/.local/lib/python3.8/site-packages/airflow/example_dags/example_sla_dag.py took 0.100 seconds
[2026-02-02T14:49:35.416+0000] {processor.py:161} INFO - Started process (PID=3248) to work on /home/airflow/.local/lib/python3.8/site-packages/airflow/example_dags/example_sla_dag.py
[2026-02-02T14:49:35.417+0000] {processor.py:830} INFO - Processing file /home/airflow/.local/lib/python3.8/site-packages/airflow/example_dags/example_sla_dag.py for tasks to queue
[2026-02-02T14:49:35.418+0000] {logging_mixin.py:188} INFO - [2026-02-02T14:49:35.418+0000] {dagbag.py:538} INFO - Filling up the DagBag from /home/airflow/.local/lib/python3.8/site-packages/airflow/example_dags/example_sla_dag.py
[2026-02-02T14:49:35.430+0000] {processor.py:840} INFO - DAG(s) 'example_sla_dag' retrieved from /home/airflow/.local/lib/python3.8/site-packages/airflow/example_dags/example_sla_dag.py
[2026-02-02T14:49:35.463+0000] {logging_mixin.py:188} INFO - [2026-02-02T14:49:35.459+0000] {dag.py:3036} INFO - Sync 1 DAGs
[2026-02-02T14:49:35.575+0000] {logging_mixin.py:188} INFO - [2026-02-02T14:49:35.574+0000] {dag.py:3823} INFO - Setting next_dagrun for example_sla_dag to 2026-02-02 14:46:00+00:00, run_after=2026-02-02 14:48:00+00:00
[2026-02-02T14:49:35.595+0000] {processor.py:183} INFO - Processing /home/airflow/.local/lib/python3.8/site-packages/airflow/example_dags/example_sla_dag.py took 0.190 seconds
[2026-02-02T14:50:05.795+0000] {processor.py:161} INFO - Started process (PID=3304) to work on /home/airflow/.local/lib/python3.8/site-packages/airflow/example_dags/example_sla_dag.py
[2026-02-02T14:50:05.796+0000] {processor.py:830} INFO - Processing file /home/airflow/.local/lib/python3.8/site-packages/airflow/example_dags/example_sla_dag.py for tasks to queue
[2026-02-02T14:50:05.798+0000] {logging_mixin.py:188} INFO - [2026-02-02T14:50:05.798+0000] {dagbag.py:538} INFO - Filling up the DagBag from /home/airflow/.local/lib/python3.8/site-packages/airflow/example_dags/example_sla_dag.py
[2026-02-02T14:50:05.805+0000] {processor.py:840} INFO - DAG(s) 'example_sla_dag' retrieved from /home/airflow/.local/lib/python3.8/site-packages/airflow/example_dags/example_sla_dag.py
[2026-02-02T14:50:05.821+0000] {logging_mixin.py:188} INFO - [2026-02-02T14:50:05.820+0000] {dag.py:3036} INFO - Sync 1 DAGs
[2026-02-02T14:50:05.840+0000] {logging_mixin.py:188} INFO - [2026-02-02T14:50:05.840+0000] {dag.py:3823} INFO - Setting next_dagrun for example_sla_dag to 2026-02-02 14:48:00+00:00, run_after=2026-02-02 14:50:00+00:00
[2026-02-02T14:50:05.854+0000] {processor.py:183} INFO - Processing /home/airflow/.local/lib/python3.8/site-packages/airflow/example_dags/example_sla_dag.py took 0.061 seconds
[2026-02-02T14:50:36.166+0000] {processor.py:161} INFO - Started process (PID=3360) to work on /home/airflow/.local/lib/python3.8/site-packages/airflow/example_dags/example_sla_dag.py
[2026-02-02T14:50:36.167+0000] {processor.py:830} INFO - Processing file /home/airflow/.local/lib/python3.8/site-packages/airflow/example_dags/example_sla_dag.py for tasks to queue
[2026-02-02T14:50:36.169+0000] {logging_mixin.py:188} INFO - [2026-02-02T14:50:36.169+0000] {dagbag.py:538} INFO - Filling up the DagBag from /home/airflow/.local/lib/python3.8/site-packages/airflow/example_dags/example_sla_dag.py
[2026-02-02T14:50:36.181+0000] {processor.py:840} INFO - DAG(s) 'example_sla_dag' retrieved from /home/airflow/.local/lib/python3.8/site-packages/airflow/example_dags/example_sla_dag.py
[2026-02-02T14:50:36.211+0000] {logging_mixin.py:188} INFO - [2026-02-02T14:50:36.211+0000] {dag.py:3036} INFO - Sync 1 DAGs
[2026-02-02T14:50:36.244+0000] {logging_mixin.py:188} INFO - [2026-02-02T14:50:36.243+0000] {dag.py:3823} INFO - Setting next_dagrun for example_sla_dag to 2026-02-02 14:48:00+00:00, run_after=2026-02-02 14:50:00+00:00
[2026-02-02T14:50:36.268+0000] {processor.py:183} INFO - Processing /home/airflow/.local/lib/python3.8/site-packages/airflow/example_dags/example_sla_dag.py took 0.106 seconds
