[2026-02-02T14:20:32.417+0000] {processor.py:161} INFO - Started process (PID=100) to work on /home/airflow/.local/lib/python3.8/site-packages/airflow/example_dags/example_latest_only.py
[2026-02-02T14:20:32.424+0000] {processor.py:830} INFO - Processing file /home/airflow/.local/lib/python3.8/site-packages/airflow/example_dags/example_latest_only.py for tasks to queue
[2026-02-02T14:20:32.428+0000] {logging_mixin.py:188} INFO - [2026-02-02T14:20:32.428+0000] {dagbag.py:538} INFO - Filling up the DagBag from /home/airflow/.local/lib/python3.8/site-packages/airflow/example_dags/example_latest_only.py
[2026-02-02T14:20:32.455+0000] {processor.py:840} INFO - DAG(s) 'latest_only' retrieved from /home/airflow/.local/lib/python3.8/site-packages/airflow/example_dags/example_latest_only.py
[2026-02-02T14:20:32.950+0000] {logging_mixin.py:188} INFO - [2026-02-02T14:20:32.950+0000] {override.py:1769} INFO - Created Permission View: can edit on DAG:latest_only
[2026-02-02T14:20:32.985+0000] {logging_mixin.py:188} INFO - [2026-02-02T14:20:32.985+0000] {override.py:1769} INFO - Created Permission View: can delete on DAG:latest_only
[2026-02-02T14:20:33.016+0000] {logging_mixin.py:188} INFO - [2026-02-02T14:20:33.016+0000] {override.py:1769} INFO - Created Permission View: can read on DAG:latest_only
[2026-02-02T14:20:33.020+0000] {logging_mixin.py:188} INFO - [2026-02-02T14:20:33.020+0000] {dag.py:3036} INFO - Sync 1 DAGs
[2026-02-02T14:20:33.066+0000] {logging_mixin.py:188} INFO - [2026-02-02T14:20:33.066+0000] {dag.py:3058} INFO - Creating ORM DAG for latest_only
[2026-02-02T14:20:33.094+0000] {logging_mixin.py:188} INFO - [2026-02-02T14:20:33.093+0000] {dag.py:3823} INFO - Setting next_dagrun for latest_only to 2026-02-02 08:00:00+00:00, run_after=2026-02-02 12:00:00+00:00
[2026-02-02T14:20:33.132+0000] {processor.py:183} INFO - Processing /home/airflow/.local/lib/python3.8/site-packages/airflow/example_dags/example_latest_only.py took 0.730 seconds
[2026-02-02T14:21:03.189+0000] {processor.py:161} INFO - Started process (PID=155) to work on /home/airflow/.local/lib/python3.8/site-packages/airflow/example_dags/example_latest_only.py
[2026-02-02T14:21:03.190+0000] {processor.py:830} INFO - Processing file /home/airflow/.local/lib/python3.8/site-packages/airflow/example_dags/example_latest_only.py for tasks to queue
[2026-02-02T14:21:03.192+0000] {logging_mixin.py:188} INFO - [2026-02-02T14:21:03.192+0000] {dagbag.py:538} INFO - Filling up the DagBag from /home/airflow/.local/lib/python3.8/site-packages/airflow/example_dags/example_latest_only.py
[2026-02-02T14:21:03.207+0000] {processor.py:840} INFO - DAG(s) 'latest_only' retrieved from /home/airflow/.local/lib/python3.8/site-packages/airflow/example_dags/example_latest_only.py
[2026-02-02T14:21:03.254+0000] {logging_mixin.py:188} INFO - [2026-02-02T14:21:03.254+0000] {dag.py:3036} INFO - Sync 1 DAGs
[2026-02-02T14:21:03.290+0000] {logging_mixin.py:188} INFO - [2026-02-02T14:21:03.290+0000] {dag.py:3823} INFO - Setting next_dagrun for latest_only to 2026-02-02 08:00:00+00:00, run_after=2026-02-02 12:00:00+00:00
[2026-02-02T14:21:03.325+0000] {processor.py:183} INFO - Processing /home/airflow/.local/lib/python3.8/site-packages/airflow/example_dags/example_latest_only.py took 0.140 seconds
[2026-02-02T14:21:34.031+0000] {processor.py:161} INFO - Started process (PID=210) to work on /home/airflow/.local/lib/python3.8/site-packages/airflow/example_dags/example_latest_only.py
[2026-02-02T14:21:34.033+0000] {processor.py:830} INFO - Processing file /home/airflow/.local/lib/python3.8/site-packages/airflow/example_dags/example_latest_only.py for tasks to queue
[2026-02-02T14:21:34.034+0000] {logging_mixin.py:188} INFO - [2026-02-02T14:21:34.034+0000] {dagbag.py:538} INFO - Filling up the DagBag from /home/airflow/.local/lib/python3.8/site-packages/airflow/example_dags/example_latest_only.py
[2026-02-02T14:21:34.038+0000] {processor.py:840} INFO - DAG(s) 'latest_only' retrieved from /home/airflow/.local/lib/python3.8/site-packages/airflow/example_dags/example_latest_only.py
[2026-02-02T14:21:34.057+0000] {logging_mixin.py:188} INFO - [2026-02-02T14:21:34.056+0000] {dag.py:3036} INFO - Sync 1 DAGs
[2026-02-02T14:21:34.083+0000] {logging_mixin.py:188} INFO - [2026-02-02T14:21:34.083+0000] {dag.py:3823} INFO - Setting next_dagrun for latest_only to 2026-02-02 08:00:00+00:00, run_after=2026-02-02 12:00:00+00:00
[2026-02-02T14:21:34.102+0000] {processor.py:183} INFO - Processing /home/airflow/.local/lib/python3.8/site-packages/airflow/example_dags/example_latest_only.py took 0.073 seconds
[2026-02-02T14:22:04.339+0000] {processor.py:161} INFO - Started process (PID=265) to work on /home/airflow/.local/lib/python3.8/site-packages/airflow/example_dags/example_latest_only.py
[2026-02-02T14:22:04.340+0000] {processor.py:830} INFO - Processing file /home/airflow/.local/lib/python3.8/site-packages/airflow/example_dags/example_latest_only.py for tasks to queue
[2026-02-02T14:22:04.341+0000] {logging_mixin.py:188} INFO - [2026-02-02T14:22:04.341+0000] {dagbag.py:538} INFO - Filling up the DagBag from /home/airflow/.local/lib/python3.8/site-packages/airflow/example_dags/example_latest_only.py
[2026-02-02T14:22:04.345+0000] {processor.py:840} INFO - DAG(s) 'latest_only' retrieved from /home/airflow/.local/lib/python3.8/site-packages/airflow/example_dags/example_latest_only.py
[2026-02-02T14:22:04.361+0000] {logging_mixin.py:188} INFO - [2026-02-02T14:22:04.361+0000] {dag.py:3036} INFO - Sync 1 DAGs
[2026-02-02T14:22:04.378+0000] {logging_mixin.py:188} INFO - [2026-02-02T14:22:04.377+0000] {dag.py:3823} INFO - Setting next_dagrun for latest_only to 2026-02-02 08:00:00+00:00, run_after=2026-02-02 12:00:00+00:00
[2026-02-02T14:22:04.391+0000] {processor.py:183} INFO - Processing /home/airflow/.local/lib/python3.8/site-packages/airflow/example_dags/example_latest_only.py took 0.054 seconds
[2026-02-02T14:22:35.029+0000] {processor.py:161} INFO - Started process (PID=320) to work on /home/airflow/.local/lib/python3.8/site-packages/airflow/example_dags/example_latest_only.py
[2026-02-02T14:22:35.030+0000] {processor.py:830} INFO - Processing file /home/airflow/.local/lib/python3.8/site-packages/airflow/example_dags/example_latest_only.py for tasks to queue
[2026-02-02T14:22:35.031+0000] {logging_mixin.py:188} INFO - [2026-02-02T14:22:35.031+0000] {dagbag.py:538} INFO - Filling up the DagBag from /home/airflow/.local/lib/python3.8/site-packages/airflow/example_dags/example_latest_only.py
[2026-02-02T14:22:35.037+0000] {processor.py:840} INFO - DAG(s) 'latest_only' retrieved from /home/airflow/.local/lib/python3.8/site-packages/airflow/example_dags/example_latest_only.py
[2026-02-02T14:22:35.056+0000] {logging_mixin.py:188} INFO - [2026-02-02T14:22:35.056+0000] {dag.py:3036} INFO - Sync 1 DAGs
[2026-02-02T14:22:35.072+0000] {logging_mixin.py:188} INFO - [2026-02-02T14:22:35.072+0000] {dag.py:3823} INFO - Setting next_dagrun for latest_only to 2026-02-02 08:00:00+00:00, run_after=2026-02-02 12:00:00+00:00
[2026-02-02T14:22:35.086+0000] {processor.py:183} INFO - Processing /home/airflow/.local/lib/python3.8/site-packages/airflow/example_dags/example_latest_only.py took 0.060 seconds
[2026-02-02T14:23:05.583+0000] {processor.py:161} INFO - Started process (PID=375) to work on /home/airflow/.local/lib/python3.8/site-packages/airflow/example_dags/example_latest_only.py
[2026-02-02T14:23:05.584+0000] {processor.py:830} INFO - Processing file /home/airflow/.local/lib/python3.8/site-packages/airflow/example_dags/example_latest_only.py for tasks to queue
[2026-02-02T14:23:05.586+0000] {logging_mixin.py:188} INFO - [2026-02-02T14:23:05.585+0000] {dagbag.py:538} INFO - Filling up the DagBag from /home/airflow/.local/lib/python3.8/site-packages/airflow/example_dags/example_latest_only.py
[2026-02-02T14:23:05.589+0000] {processor.py:840} INFO - DAG(s) 'latest_only' retrieved from /home/airflow/.local/lib/python3.8/site-packages/airflow/example_dags/example_latest_only.py
[2026-02-02T14:23:05.605+0000] {logging_mixin.py:188} INFO - [2026-02-02T14:23:05.605+0000] {dag.py:3036} INFO - Sync 1 DAGs
[2026-02-02T14:23:05.622+0000] {logging_mixin.py:188} INFO - [2026-02-02T14:23:05.621+0000] {dag.py:3823} INFO - Setting next_dagrun for latest_only to 2026-02-02 08:00:00+00:00, run_after=2026-02-02 12:00:00+00:00
[2026-02-02T14:23:05.635+0000] {processor.py:183} INFO - Processing /home/airflow/.local/lib/python3.8/site-packages/airflow/example_dags/example_latest_only.py took 0.054 seconds
[2026-02-02T14:23:36.233+0000] {processor.py:161} INFO - Started process (PID=430) to work on /home/airflow/.local/lib/python3.8/site-packages/airflow/example_dags/example_latest_only.py
[2026-02-02T14:23:36.236+0000] {processor.py:830} INFO - Processing file /home/airflow/.local/lib/python3.8/site-packages/airflow/example_dags/example_latest_only.py for tasks to queue
[2026-02-02T14:23:36.239+0000] {logging_mixin.py:188} INFO - [2026-02-02T14:23:36.238+0000] {dagbag.py:538} INFO - Filling up the DagBag from /home/airflow/.local/lib/python3.8/site-packages/airflow/example_dags/example_latest_only.py
[2026-02-02T14:23:36.244+0000] {processor.py:840} INFO - DAG(s) 'latest_only' retrieved from /home/airflow/.local/lib/python3.8/site-packages/airflow/example_dags/example_latest_only.py
[2026-02-02T14:23:36.277+0000] {logging_mixin.py:188} INFO - [2026-02-02T14:23:36.277+0000] {dag.py:3036} INFO - Sync 1 DAGs
[2026-02-02T14:23:36.303+0000] {logging_mixin.py:188} INFO - [2026-02-02T14:23:36.303+0000] {dag.py:3823} INFO - Setting next_dagrun for latest_only to 2026-02-02 08:00:00+00:00, run_after=2026-02-02 12:00:00+00:00
[2026-02-02T14:23:36.321+0000] {processor.py:183} INFO - Processing /home/airflow/.local/lib/python3.8/site-packages/airflow/example_dags/example_latest_only.py took 0.092 seconds
[2026-02-02T14:24:06.407+0000] {processor.py:161} INFO - Started process (PID=484) to work on /home/airflow/.local/lib/python3.8/site-packages/airflow/example_dags/example_latest_only.py
[2026-02-02T14:24:06.408+0000] {processor.py:830} INFO - Processing file /home/airflow/.local/lib/python3.8/site-packages/airflow/example_dags/example_latest_only.py for tasks to queue
[2026-02-02T14:24:06.409+0000] {logging_mixin.py:188} INFO - [2026-02-02T14:24:06.409+0000] {dagbag.py:538} INFO - Filling up the DagBag from /home/airflow/.local/lib/python3.8/site-packages/airflow/example_dags/example_latest_only.py
[2026-02-02T14:24:06.413+0000] {processor.py:840} INFO - DAG(s) 'latest_only' retrieved from /home/airflow/.local/lib/python3.8/site-packages/airflow/example_dags/example_latest_only.py
[2026-02-02T14:24:06.429+0000] {logging_mixin.py:188} INFO - [2026-02-02T14:24:06.429+0000] {dag.py:3036} INFO - Sync 1 DAGs
[2026-02-02T14:24:06.447+0000] {logging_mixin.py:188} INFO - [2026-02-02T14:24:06.447+0000] {dag.py:3823} INFO - Setting next_dagrun for latest_only to 2026-02-02 08:00:00+00:00, run_after=2026-02-02 12:00:00+00:00
[2026-02-02T14:24:06.461+0000] {processor.py:183} INFO - Processing /home/airflow/.local/lib/python3.8/site-packages/airflow/example_dags/example_latest_only.py took 0.057 seconds
[2026-02-02T14:24:36.614+0000] {processor.py:161} INFO - Started process (PID=540) to work on /home/airflow/.local/lib/python3.8/site-packages/airflow/example_dags/example_latest_only.py
[2026-02-02T14:24:36.615+0000] {processor.py:830} INFO - Processing file /home/airflow/.local/lib/python3.8/site-packages/airflow/example_dags/example_latest_only.py for tasks to queue
[2026-02-02T14:24:36.617+0000] {logging_mixin.py:188} INFO - [2026-02-02T14:24:36.617+0000] {dagbag.py:538} INFO - Filling up the DagBag from /home/airflow/.local/lib/python3.8/site-packages/airflow/example_dags/example_latest_only.py
[2026-02-02T14:24:36.622+0000] {processor.py:840} INFO - DAG(s) 'latest_only' retrieved from /home/airflow/.local/lib/python3.8/site-packages/airflow/example_dags/example_latest_only.py
[2026-02-02T14:24:36.646+0000] {logging_mixin.py:188} INFO - [2026-02-02T14:24:36.646+0000] {dag.py:3036} INFO - Sync 1 DAGs
[2026-02-02T14:24:36.672+0000] {logging_mixin.py:188} INFO - [2026-02-02T14:24:36.672+0000] {dag.py:3823} INFO - Setting next_dagrun for latest_only to 2026-02-02 08:00:00+00:00, run_after=2026-02-02 12:00:00+00:00
[2026-02-02T14:24:36.699+0000] {processor.py:183} INFO - Processing /home/airflow/.local/lib/python3.8/site-packages/airflow/example_dags/example_latest_only.py took 0.088 seconds
[2026-02-02T14:25:07.061+0000] {processor.py:161} INFO - Started process (PID=595) to work on /home/airflow/.local/lib/python3.8/site-packages/airflow/example_dags/example_latest_only.py
[2026-02-02T14:25:07.062+0000] {processor.py:830} INFO - Processing file /home/airflow/.local/lib/python3.8/site-packages/airflow/example_dags/example_latest_only.py for tasks to queue
[2026-02-02T14:25:07.063+0000] {logging_mixin.py:188} INFO - [2026-02-02T14:25:07.063+0000] {dagbag.py:538} INFO - Filling up the DagBag from /home/airflow/.local/lib/python3.8/site-packages/airflow/example_dags/example_latest_only.py
[2026-02-02T14:25:07.067+0000] {processor.py:840} INFO - DAG(s) 'latest_only' retrieved from /home/airflow/.local/lib/python3.8/site-packages/airflow/example_dags/example_latest_only.py
[2026-02-02T14:25:07.083+0000] {logging_mixin.py:188} INFO - [2026-02-02T14:25:07.082+0000] {dag.py:3036} INFO - Sync 1 DAGs
[2026-02-02T14:25:07.100+0000] {logging_mixin.py:188} INFO - [2026-02-02T14:25:07.099+0000] {dag.py:3823} INFO - Setting next_dagrun for latest_only to 2026-02-02 08:00:00+00:00, run_after=2026-02-02 12:00:00+00:00
[2026-02-02T14:25:07.113+0000] {processor.py:183} INFO - Processing /home/airflow/.local/lib/python3.8/site-packages/airflow/example_dags/example_latest_only.py took 0.055 seconds
[2026-02-02T14:25:38.063+0000] {processor.py:161} INFO - Started process (PID=650) to work on /home/airflow/.local/lib/python3.8/site-packages/airflow/example_dags/example_latest_only.py
[2026-02-02T14:25:38.064+0000] {processor.py:830} INFO - Processing file /home/airflow/.local/lib/python3.8/site-packages/airflow/example_dags/example_latest_only.py for tasks to queue
[2026-02-02T14:25:38.067+0000] {logging_mixin.py:188} INFO - [2026-02-02T14:25:38.066+0000] {dagbag.py:538} INFO - Filling up the DagBag from /home/airflow/.local/lib/python3.8/site-packages/airflow/example_dags/example_latest_only.py
[2026-02-02T14:25:38.074+0000] {processor.py:840} INFO - DAG(s) 'latest_only' retrieved from /home/airflow/.local/lib/python3.8/site-packages/airflow/example_dags/example_latest_only.py
[2026-02-02T14:25:38.099+0000] {logging_mixin.py:188} INFO - [2026-02-02T14:25:38.099+0000] {dag.py:3036} INFO - Sync 1 DAGs
[2026-02-02T14:25:38.135+0000] {logging_mixin.py:188} INFO - [2026-02-02T14:25:38.135+0000] {dag.py:3823} INFO - Setting next_dagrun for latest_only to 2026-02-02 08:00:00+00:00, run_after=2026-02-02 12:00:00+00:00
[2026-02-02T14:25:38.183+0000] {processor.py:183} INFO - Processing /home/airflow/.local/lib/python3.8/site-packages/airflow/example_dags/example_latest_only.py took 0.124 seconds
[2026-02-02T14:26:08.402+0000] {processor.py:161} INFO - Started process (PID=705) to work on /home/airflow/.local/lib/python3.8/site-packages/airflow/example_dags/example_latest_only.py
[2026-02-02T14:26:08.403+0000] {processor.py:830} INFO - Processing file /home/airflow/.local/lib/python3.8/site-packages/airflow/example_dags/example_latest_only.py for tasks to queue
[2026-02-02T14:26:08.405+0000] {logging_mixin.py:188} INFO - [2026-02-02T14:26:08.404+0000] {dagbag.py:538} INFO - Filling up the DagBag from /home/airflow/.local/lib/python3.8/site-packages/airflow/example_dags/example_latest_only.py
[2026-02-02T14:26:08.410+0000] {processor.py:840} INFO - DAG(s) 'latest_only' retrieved from /home/airflow/.local/lib/python3.8/site-packages/airflow/example_dags/example_latest_only.py
[2026-02-02T14:26:08.434+0000] {logging_mixin.py:188} INFO - [2026-02-02T14:26:08.433+0000] {dag.py:3036} INFO - Sync 1 DAGs
[2026-02-02T14:26:08.460+0000] {logging_mixin.py:188} INFO - [2026-02-02T14:26:08.460+0000] {dag.py:3823} INFO - Setting next_dagrun for latest_only to 2026-02-02 08:00:00+00:00, run_after=2026-02-02 12:00:00+00:00
[2026-02-02T14:26:08.479+0000] {processor.py:183} INFO - Processing /home/airflow/.local/lib/python3.8/site-packages/airflow/example_dags/example_latest_only.py took 0.081 seconds
[2026-02-02T14:26:38.582+0000] {processor.py:161} INFO - Started process (PID=759) to work on /home/airflow/.local/lib/python3.8/site-packages/airflow/example_dags/example_latest_only.py
[2026-02-02T14:26:38.584+0000] {processor.py:830} INFO - Processing file /home/airflow/.local/lib/python3.8/site-packages/airflow/example_dags/example_latest_only.py for tasks to queue
[2026-02-02T14:26:38.586+0000] {logging_mixin.py:188} INFO - [2026-02-02T14:26:38.586+0000] {dagbag.py:538} INFO - Filling up the DagBag from /home/airflow/.local/lib/python3.8/site-packages/airflow/example_dags/example_latest_only.py
[2026-02-02T14:26:38.591+0000] {processor.py:840} INFO - DAG(s) 'latest_only' retrieved from /home/airflow/.local/lib/python3.8/site-packages/airflow/example_dags/example_latest_only.py
[2026-02-02T14:26:38.615+0000] {logging_mixin.py:188} INFO - [2026-02-02T14:26:38.614+0000] {dag.py:3036} INFO - Sync 1 DAGs
[2026-02-02T14:26:38.640+0000] {logging_mixin.py:188} INFO - [2026-02-02T14:26:38.640+0000] {dag.py:3823} INFO - Setting next_dagrun for latest_only to 2026-02-02 08:00:00+00:00, run_after=2026-02-02 12:00:00+00:00
[2026-02-02T14:26:38.667+0000] {processor.py:183} INFO - Processing /home/airflow/.local/lib/python3.8/site-packages/airflow/example_dags/example_latest_only.py took 0.090 seconds
[2026-02-02T14:27:09.356+0000] {processor.py:161} INFO - Started process (PID=815) to work on /home/airflow/.local/lib/python3.8/site-packages/airflow/example_dags/example_latest_only.py
[2026-02-02T14:27:09.357+0000] {processor.py:830} INFO - Processing file /home/airflow/.local/lib/python3.8/site-packages/airflow/example_dags/example_latest_only.py for tasks to queue
[2026-02-02T14:27:09.359+0000] {logging_mixin.py:188} INFO - [2026-02-02T14:27:09.358+0000] {dagbag.py:538} INFO - Filling up the DagBag from /home/airflow/.local/lib/python3.8/site-packages/airflow/example_dags/example_latest_only.py
[2026-02-02T14:27:09.364+0000] {processor.py:840} INFO - DAG(s) 'latest_only' retrieved from /home/airflow/.local/lib/python3.8/site-packages/airflow/example_dags/example_latest_only.py
[2026-02-02T14:27:09.387+0000] {logging_mixin.py:188} INFO - [2026-02-02T14:27:09.387+0000] {dag.py:3036} INFO - Sync 1 DAGs
[2026-02-02T14:27:09.413+0000] {logging_mixin.py:188} INFO - [2026-02-02T14:27:09.413+0000] {dag.py:3823} INFO - Setting next_dagrun for latest_only to 2026-02-02 08:00:00+00:00, run_after=2026-02-02 12:00:00+00:00
[2026-02-02T14:27:09.432+0000] {processor.py:183} INFO - Processing /home/airflow/.local/lib/python3.8/site-packages/airflow/example_dags/example_latest_only.py took 0.079 seconds
[2026-02-02T14:27:39.584+0000] {processor.py:161} INFO - Started process (PID=870) to work on /home/airflow/.local/lib/python3.8/site-packages/airflow/example_dags/example_latest_only.py
[2026-02-02T14:27:39.584+0000] {processor.py:830} INFO - Processing file /home/airflow/.local/lib/python3.8/site-packages/airflow/example_dags/example_latest_only.py for tasks to queue
[2026-02-02T14:27:39.586+0000] {logging_mixin.py:188} INFO - [2026-02-02T14:27:39.586+0000] {dagbag.py:538} INFO - Filling up the DagBag from /home/airflow/.local/lib/python3.8/site-packages/airflow/example_dags/example_latest_only.py
[2026-02-02T14:27:39.589+0000] {processor.py:840} INFO - DAG(s) 'latest_only' retrieved from /home/airflow/.local/lib/python3.8/site-packages/airflow/example_dags/example_latest_only.py
[2026-02-02T14:27:39.605+0000] {logging_mixin.py:188} INFO - [2026-02-02T14:27:39.605+0000] {dag.py:3036} INFO - Sync 1 DAGs
[2026-02-02T14:27:39.621+0000] {logging_mixin.py:188} INFO - [2026-02-02T14:27:39.621+0000] {dag.py:3823} INFO - Setting next_dagrun for latest_only to 2026-02-02 08:00:00+00:00, run_after=2026-02-02 12:00:00+00:00
[2026-02-02T14:27:39.635+0000] {processor.py:183} INFO - Processing /home/airflow/.local/lib/python3.8/site-packages/airflow/example_dags/example_latest_only.py took 0.054 seconds
[2026-02-02T14:28:10.049+0000] {processor.py:161} INFO - Started process (PID=925) to work on /home/airflow/.local/lib/python3.8/site-packages/airflow/example_dags/example_latest_only.py
[2026-02-02T14:28:10.050+0000] {processor.py:830} INFO - Processing file /home/airflow/.local/lib/python3.8/site-packages/airflow/example_dags/example_latest_only.py for tasks to queue
[2026-02-02T14:28:10.051+0000] {logging_mixin.py:188} INFO - [2026-02-02T14:28:10.051+0000] {dagbag.py:538} INFO - Filling up the DagBag from /home/airflow/.local/lib/python3.8/site-packages/airflow/example_dags/example_latest_only.py
[2026-02-02T14:28:10.057+0000] {processor.py:840} INFO - DAG(s) 'latest_only' retrieved from /home/airflow/.local/lib/python3.8/site-packages/airflow/example_dags/example_latest_only.py
[2026-02-02T14:28:10.077+0000] {logging_mixin.py:188} INFO - [2026-02-02T14:28:10.077+0000] {dag.py:3036} INFO - Sync 1 DAGs
[2026-02-02T14:28:10.102+0000] {logging_mixin.py:188} INFO - [2026-02-02T14:28:10.102+0000] {dag.py:3823} INFO - Setting next_dagrun for latest_only to 2026-02-02 08:00:00+00:00, run_after=2026-02-02 12:00:00+00:00
[2026-02-02T14:28:10.120+0000] {processor.py:183} INFO - Processing /home/airflow/.local/lib/python3.8/site-packages/airflow/example_dags/example_latest_only.py took 0.075 seconds
[2026-02-02T14:28:40.213+0000] {processor.py:161} INFO - Started process (PID=980) to work on /home/airflow/.local/lib/python3.8/site-packages/airflow/example_dags/example_latest_only.py
[2026-02-02T14:28:40.214+0000] {processor.py:830} INFO - Processing file /home/airflow/.local/lib/python3.8/site-packages/airflow/example_dags/example_latest_only.py for tasks to queue
[2026-02-02T14:28:40.215+0000] {logging_mixin.py:188} INFO - [2026-02-02T14:28:40.215+0000] {dagbag.py:538} INFO - Filling up the DagBag from /home/airflow/.local/lib/python3.8/site-packages/airflow/example_dags/example_latest_only.py
[2026-02-02T14:28:40.219+0000] {processor.py:840} INFO - DAG(s) 'latest_only' retrieved from /home/airflow/.local/lib/python3.8/site-packages/airflow/example_dags/example_latest_only.py
[2026-02-02T14:28:40.234+0000] {logging_mixin.py:188} INFO - [2026-02-02T14:28:40.234+0000] {dag.py:3036} INFO - Sync 1 DAGs
[2026-02-02T14:28:40.251+0000] {logging_mixin.py:188} INFO - [2026-02-02T14:28:40.251+0000] {dag.py:3823} INFO - Setting next_dagrun for latest_only to 2026-02-02 08:00:00+00:00, run_after=2026-02-02 12:00:00+00:00
[2026-02-02T14:28:40.265+0000] {processor.py:183} INFO - Processing /home/airflow/.local/lib/python3.8/site-packages/airflow/example_dags/example_latest_only.py took 0.054 seconds
[2026-02-02T14:29:10.757+0000] {processor.py:161} INFO - Started process (PID=1035) to work on /home/airflow/.local/lib/python3.8/site-packages/airflow/example_dags/example_latest_only.py
[2026-02-02T14:29:10.757+0000] {processor.py:830} INFO - Processing file /home/airflow/.local/lib/python3.8/site-packages/airflow/example_dags/example_latest_only.py for tasks to queue
[2026-02-02T14:29:10.759+0000] {logging_mixin.py:188} INFO - [2026-02-02T14:29:10.758+0000] {dagbag.py:538} INFO - Filling up the DagBag from /home/airflow/.local/lib/python3.8/site-packages/airflow/example_dags/example_latest_only.py
[2026-02-02T14:29:10.762+0000] {processor.py:840} INFO - DAG(s) 'latest_only' retrieved from /home/airflow/.local/lib/python3.8/site-packages/airflow/example_dags/example_latest_only.py
[2026-02-02T14:29:10.778+0000] {logging_mixin.py:188} INFO - [2026-02-02T14:29:10.778+0000] {dag.py:3036} INFO - Sync 1 DAGs
[2026-02-02T14:29:10.794+0000] {logging_mixin.py:188} INFO - [2026-02-02T14:29:10.794+0000] {dag.py:3823} INFO - Setting next_dagrun for latest_only to 2026-02-02 08:00:00+00:00, run_after=2026-02-02 12:00:00+00:00
[2026-02-02T14:29:10.808+0000] {processor.py:183} INFO - Processing /home/airflow/.local/lib/python3.8/site-packages/airflow/example_dags/example_latest_only.py took 0.054 seconds
[2026-02-02T14:29:41.699+0000] {processor.py:161} INFO - Started process (PID=1090) to work on /home/airflow/.local/lib/python3.8/site-packages/airflow/example_dags/example_latest_only.py
[2026-02-02T14:29:41.700+0000] {processor.py:830} INFO - Processing file /home/airflow/.local/lib/python3.8/site-packages/airflow/example_dags/example_latest_only.py for tasks to queue
[2026-02-02T14:29:41.702+0000] {logging_mixin.py:188} INFO - [2026-02-02T14:29:41.702+0000] {dagbag.py:538} INFO - Filling up the DagBag from /home/airflow/.local/lib/python3.8/site-packages/airflow/example_dags/example_latest_only.py
[2026-02-02T14:29:41.708+0000] {processor.py:840} INFO - DAG(s) 'latest_only' retrieved from /home/airflow/.local/lib/python3.8/site-packages/airflow/example_dags/example_latest_only.py
[2026-02-02T14:29:41.732+0000] {logging_mixin.py:188} INFO - [2026-02-02T14:29:41.732+0000] {dag.py:3036} INFO - Sync 1 DAGs
[2026-02-02T14:29:41.758+0000] {logging_mixin.py:188} INFO - [2026-02-02T14:29:41.758+0000] {dag.py:3823} INFO - Setting next_dagrun for latest_only to 2026-02-02 08:00:00+00:00, run_after=2026-02-02 12:00:00+00:00
[2026-02-02T14:29:41.773+0000] {processor.py:183} INFO - Processing /home/airflow/.local/lib/python3.8/site-packages/airflow/example_dags/example_latest_only.py took 0.078 seconds
[2026-02-02T14:30:12.318+0000] {processor.py:161} INFO - Started process (PID=1145) to work on /home/airflow/.local/lib/python3.8/site-packages/airflow/example_dags/example_latest_only.py
[2026-02-02T14:30:12.319+0000] {processor.py:830} INFO - Processing file /home/airflow/.local/lib/python3.8/site-packages/airflow/example_dags/example_latest_only.py for tasks to queue
[2026-02-02T14:30:12.320+0000] {logging_mixin.py:188} INFO - [2026-02-02T14:30:12.320+0000] {dagbag.py:538} INFO - Filling up the DagBag from /home/airflow/.local/lib/python3.8/site-packages/airflow/example_dags/example_latest_only.py
[2026-02-02T14:30:12.324+0000] {processor.py:840} INFO - DAG(s) 'latest_only' retrieved from /home/airflow/.local/lib/python3.8/site-packages/airflow/example_dags/example_latest_only.py
[2026-02-02T14:30:12.339+0000] {logging_mixin.py:188} INFO - [2026-02-02T14:30:12.339+0000] {dag.py:3036} INFO - Sync 1 DAGs
[2026-02-02T14:30:12.356+0000] {logging_mixin.py:188} INFO - [2026-02-02T14:30:12.356+0000] {dag.py:3823} INFO - Setting next_dagrun for latest_only to 2026-02-02 08:00:00+00:00, run_after=2026-02-02 12:00:00+00:00
[2026-02-02T14:30:12.369+0000] {processor.py:183} INFO - Processing /home/airflow/.local/lib/python3.8/site-packages/airflow/example_dags/example_latest_only.py took 0.054 seconds
[2026-02-02T14:30:43.055+0000] {processor.py:161} INFO - Started process (PID=1200) to work on /home/airflow/.local/lib/python3.8/site-packages/airflow/example_dags/example_latest_only.py
[2026-02-02T14:30:43.056+0000] {processor.py:830} INFO - Processing file /home/airflow/.local/lib/python3.8/site-packages/airflow/example_dags/example_latest_only.py for tasks to queue
[2026-02-02T14:30:43.058+0000] {logging_mixin.py:188} INFO - [2026-02-02T14:30:43.057+0000] {dagbag.py:538} INFO - Filling up the DagBag from /home/airflow/.local/lib/python3.8/site-packages/airflow/example_dags/example_latest_only.py
[2026-02-02T14:30:43.061+0000] {processor.py:840} INFO - DAG(s) 'latest_only' retrieved from /home/airflow/.local/lib/python3.8/site-packages/airflow/example_dags/example_latest_only.py
[2026-02-02T14:30:43.077+0000] {logging_mixin.py:188} INFO - [2026-02-02T14:30:43.077+0000] {dag.py:3036} INFO - Sync 1 DAGs
[2026-02-02T14:30:43.093+0000] {logging_mixin.py:188} INFO - [2026-02-02T14:30:43.093+0000] {dag.py:3823} INFO - Setting next_dagrun for latest_only to 2026-02-02 08:00:00+00:00, run_after=2026-02-02 12:00:00+00:00
[2026-02-02T14:30:43.107+0000] {processor.py:183} INFO - Processing /home/airflow/.local/lib/python3.8/site-packages/airflow/example_dags/example_latest_only.py took 0.054 seconds
[2026-02-02T14:31:13.542+0000] {processor.py:161} INFO - Started process (PID=1255) to work on /home/airflow/.local/lib/python3.8/site-packages/airflow/example_dags/example_latest_only.py
[2026-02-02T14:31:13.543+0000] {processor.py:830} INFO - Processing file /home/airflow/.local/lib/python3.8/site-packages/airflow/example_dags/example_latest_only.py for tasks to queue
[2026-02-02T14:31:13.545+0000] {logging_mixin.py:188} INFO - [2026-02-02T14:31:13.545+0000] {dagbag.py:538} INFO - Filling up the DagBag from /home/airflow/.local/lib/python3.8/site-packages/airflow/example_dags/example_latest_only.py
[2026-02-02T14:31:13.551+0000] {processor.py:840} INFO - DAG(s) 'latest_only' retrieved from /home/airflow/.local/lib/python3.8/site-packages/airflow/example_dags/example_latest_only.py
[2026-02-02T14:31:13.571+0000] {logging_mixin.py:188} INFO - [2026-02-02T14:31:13.571+0000] {dag.py:3036} INFO - Sync 1 DAGs
[2026-02-02T14:31:13.597+0000] {logging_mixin.py:188} INFO - [2026-02-02T14:31:13.597+0000] {dag.py:3823} INFO - Setting next_dagrun for latest_only to 2026-02-02 08:00:00+00:00, run_after=2026-02-02 12:00:00+00:00
[2026-02-02T14:31:13.615+0000] {processor.py:183} INFO - Processing /home/airflow/.local/lib/python3.8/site-packages/airflow/example_dags/example_latest_only.py took 0.077 seconds
[2026-02-02T14:31:44.283+0000] {processor.py:161} INFO - Started process (PID=1310) to work on /home/airflow/.local/lib/python3.8/site-packages/airflow/example_dags/example_latest_only.py
[2026-02-02T14:31:44.284+0000] {processor.py:830} INFO - Processing file /home/airflow/.local/lib/python3.8/site-packages/airflow/example_dags/example_latest_only.py for tasks to queue
[2026-02-02T14:31:44.286+0000] {logging_mixin.py:188} INFO - [2026-02-02T14:31:44.286+0000] {dagbag.py:538} INFO - Filling up the DagBag from /home/airflow/.local/lib/python3.8/site-packages/airflow/example_dags/example_latest_only.py
[2026-02-02T14:31:44.291+0000] {processor.py:840} INFO - DAG(s) 'latest_only' retrieved from /home/airflow/.local/lib/python3.8/site-packages/airflow/example_dags/example_latest_only.py
[2026-02-02T14:31:44.312+0000] {logging_mixin.py:188} INFO - [2026-02-02T14:31:44.312+0000] {dag.py:3036} INFO - Sync 1 DAGs
[2026-02-02T14:31:44.338+0000] {logging_mixin.py:188} INFO - [2026-02-02T14:31:44.337+0000] {dag.py:3823} INFO - Setting next_dagrun for latest_only to 2026-02-02 08:00:00+00:00, run_after=2026-02-02 12:00:00+00:00
[2026-02-02T14:31:44.355+0000] {processor.py:183} INFO - Processing /home/airflow/.local/lib/python3.8/site-packages/airflow/example_dags/example_latest_only.py took 0.076 seconds
[2026-02-02T14:32:14.891+0000] {processor.py:161} INFO - Started process (PID=1365) to work on /home/airflow/.local/lib/python3.8/site-packages/airflow/example_dags/example_latest_only.py
[2026-02-02T14:32:14.892+0000] {processor.py:830} INFO - Processing file /home/airflow/.local/lib/python3.8/site-packages/airflow/example_dags/example_latest_only.py for tasks to queue
[2026-02-02T14:32:14.893+0000] {logging_mixin.py:188} INFO - [2026-02-02T14:32:14.893+0000] {dagbag.py:538} INFO - Filling up the DagBag from /home/airflow/.local/lib/python3.8/site-packages/airflow/example_dags/example_latest_only.py
[2026-02-02T14:32:14.899+0000] {processor.py:840} INFO - DAG(s) 'latest_only' retrieved from /home/airflow/.local/lib/python3.8/site-packages/airflow/example_dags/example_latest_only.py
[2026-02-02T14:32:14.921+0000] {logging_mixin.py:188} INFO - [2026-02-02T14:32:14.921+0000] {dag.py:3036} INFO - Sync 1 DAGs
[2026-02-02T14:32:14.947+0000] {logging_mixin.py:188} INFO - [2026-02-02T14:32:14.947+0000] {dag.py:3823} INFO - Setting next_dagrun for latest_only to 2026-02-02 08:00:00+00:00, run_after=2026-02-02 12:00:00+00:00
[2026-02-02T14:32:14.966+0000] {processor.py:183} INFO - Processing /home/airflow/.local/lib/python3.8/site-packages/airflow/example_dags/example_latest_only.py took 0.079 seconds
[2026-02-02T14:32:45.421+0000] {processor.py:161} INFO - Started process (PID=1420) to work on /home/airflow/.local/lib/python3.8/site-packages/airflow/example_dags/example_latest_only.py
[2026-02-02T14:32:45.422+0000] {processor.py:830} INFO - Processing file /home/airflow/.local/lib/python3.8/site-packages/airflow/example_dags/example_latest_only.py for tasks to queue
[2026-02-02T14:32:45.423+0000] {logging_mixin.py:188} INFO - [2026-02-02T14:32:45.423+0000] {dagbag.py:538} INFO - Filling up the DagBag from /home/airflow/.local/lib/python3.8/site-packages/airflow/example_dags/example_latest_only.py
[2026-02-02T14:32:45.427+0000] {processor.py:840} INFO - DAG(s) 'latest_only' retrieved from /home/airflow/.local/lib/python3.8/site-packages/airflow/example_dags/example_latest_only.py
[2026-02-02T14:32:45.442+0000] {logging_mixin.py:188} INFO - [2026-02-02T14:32:45.442+0000] {dag.py:3036} INFO - Sync 1 DAGs
[2026-02-02T14:32:45.459+0000] {logging_mixin.py:188} INFO - [2026-02-02T14:32:45.459+0000] {dag.py:3823} INFO - Setting next_dagrun for latest_only to 2026-02-02 08:00:00+00:00, run_after=2026-02-02 12:00:00+00:00
[2026-02-02T14:32:45.473+0000] {processor.py:183} INFO - Processing /home/airflow/.local/lib/python3.8/site-packages/airflow/example_dags/example_latest_only.py took 0.055 seconds
[2026-02-02T14:33:16.499+0000] {processor.py:161} INFO - Started process (PID=1475) to work on /home/airflow/.local/lib/python3.8/site-packages/airflow/example_dags/example_latest_only.py
[2026-02-02T14:33:16.500+0000] {processor.py:830} INFO - Processing file /home/airflow/.local/lib/python3.8/site-packages/airflow/example_dags/example_latest_only.py for tasks to queue
[2026-02-02T14:33:16.502+0000] {logging_mixin.py:188} INFO - [2026-02-02T14:33:16.502+0000] {dagbag.py:538} INFO - Filling up the DagBag from /home/airflow/.local/lib/python3.8/site-packages/airflow/example_dags/example_latest_only.py
[2026-02-02T14:33:16.508+0000] {processor.py:840} INFO - DAG(s) 'latest_only' retrieved from /home/airflow/.local/lib/python3.8/site-packages/airflow/example_dags/example_latest_only.py
[2026-02-02T14:33:16.530+0000] {logging_mixin.py:188} INFO - [2026-02-02T14:33:16.530+0000] {dag.py:3036} INFO - Sync 1 DAGs
[2026-02-02T14:33:16.555+0000] {logging_mixin.py:188} INFO - [2026-02-02T14:33:16.554+0000] {dag.py:3823} INFO - Setting next_dagrun for latest_only to 2026-02-02 08:00:00+00:00, run_after=2026-02-02 12:00:00+00:00
[2026-02-02T14:33:16.573+0000] {processor.py:183} INFO - Processing /home/airflow/.local/lib/python3.8/site-packages/airflow/example_dags/example_latest_only.py took 0.078 seconds
[2026-02-02T14:33:46.755+0000] {processor.py:161} INFO - Started process (PID=1530) to work on /home/airflow/.local/lib/python3.8/site-packages/airflow/example_dags/example_latest_only.py
[2026-02-02T14:33:46.756+0000] {processor.py:830} INFO - Processing file /home/airflow/.local/lib/python3.8/site-packages/airflow/example_dags/example_latest_only.py for tasks to queue
[2026-02-02T14:33:46.758+0000] {logging_mixin.py:188} INFO - [2026-02-02T14:33:46.758+0000] {dagbag.py:538} INFO - Filling up the DagBag from /home/airflow/.local/lib/python3.8/site-packages/airflow/example_dags/example_latest_only.py
[2026-02-02T14:33:46.763+0000] {processor.py:840} INFO - DAG(s) 'latest_only' retrieved from /home/airflow/.local/lib/python3.8/site-packages/airflow/example_dags/example_latest_only.py
[2026-02-02T14:33:46.796+0000] {logging_mixin.py:188} INFO - [2026-02-02T14:33:46.796+0000] {dag.py:3036} INFO - Sync 1 DAGs
[2026-02-02T14:33:46.863+0000] {logging_mixin.py:188} INFO - [2026-02-02T14:33:46.862+0000] {dag.py:3823} INFO - Setting next_dagrun for latest_only to 2026-02-02 08:00:00+00:00, run_after=2026-02-02 12:00:00+00:00
[2026-02-02T14:33:46.910+0000] {processor.py:183} INFO - Processing /home/airflow/.local/lib/python3.8/site-packages/airflow/example_dags/example_latest_only.py took 0.158 seconds
[2026-02-02T14:34:17.210+0000] {processor.py:161} INFO - Started process (PID=1585) to work on /home/airflow/.local/lib/python3.8/site-packages/airflow/example_dags/example_latest_only.py
[2026-02-02T14:34:17.213+0000] {processor.py:830} INFO - Processing file /home/airflow/.local/lib/python3.8/site-packages/airflow/example_dags/example_latest_only.py for tasks to queue
[2026-02-02T14:34:17.216+0000] {logging_mixin.py:188} INFO - [2026-02-02T14:34:17.216+0000] {dagbag.py:538} INFO - Filling up the DagBag from /home/airflow/.local/lib/python3.8/site-packages/airflow/example_dags/example_latest_only.py
[2026-02-02T14:34:17.226+0000] {processor.py:840} INFO - DAG(s) 'latest_only' retrieved from /home/airflow/.local/lib/python3.8/site-packages/airflow/example_dags/example_latest_only.py
[2026-02-02T14:34:17.265+0000] {logging_mixin.py:188} INFO - [2026-02-02T14:34:17.264+0000] {dag.py:3036} INFO - Sync 1 DAGs
[2026-02-02T14:34:17.302+0000] {logging_mixin.py:188} INFO - [2026-02-02T14:34:17.302+0000] {dag.py:3823} INFO - Setting next_dagrun for latest_only to 2026-02-02 08:00:00+00:00, run_after=2026-02-02 12:00:00+00:00
[2026-02-02T14:34:17.331+0000] {processor.py:183} INFO - Processing /home/airflow/.local/lib/python3.8/site-packages/airflow/example_dags/example_latest_only.py took 0.127 seconds
[2026-02-02T14:34:47.365+0000] {processor.py:161} INFO - Started process (PID=1640) to work on /home/airflow/.local/lib/python3.8/site-packages/airflow/example_dags/example_latest_only.py
[2026-02-02T14:34:47.366+0000] {processor.py:830} INFO - Processing file /home/airflow/.local/lib/python3.8/site-packages/airflow/example_dags/example_latest_only.py for tasks to queue
[2026-02-02T14:34:47.367+0000] {logging_mixin.py:188} INFO - [2026-02-02T14:34:47.367+0000] {dagbag.py:538} INFO - Filling up the DagBag from /home/airflow/.local/lib/python3.8/site-packages/airflow/example_dags/example_latest_only.py
[2026-02-02T14:34:47.373+0000] {processor.py:840} INFO - DAG(s) 'latest_only' retrieved from /home/airflow/.local/lib/python3.8/site-packages/airflow/example_dags/example_latest_only.py
[2026-02-02T14:34:47.394+0000] {logging_mixin.py:188} INFO - [2026-02-02T14:34:47.394+0000] {dag.py:3036} INFO - Sync 1 DAGs
[2026-02-02T14:34:47.420+0000] {logging_mixin.py:188} INFO - [2026-02-02T14:34:47.420+0000] {dag.py:3823} INFO - Setting next_dagrun for latest_only to 2026-02-02 08:00:00+00:00, run_after=2026-02-02 12:00:00+00:00
[2026-02-02T14:34:47.438+0000] {processor.py:183} INFO - Processing /home/airflow/.local/lib/python3.8/site-packages/airflow/example_dags/example_latest_only.py took 0.077 seconds
[2026-02-02T14:35:17.623+0000] {processor.py:161} INFO - Started process (PID=1695) to work on /home/airflow/.local/lib/python3.8/site-packages/airflow/example_dags/example_latest_only.py
[2026-02-02T14:35:17.624+0000] {processor.py:830} INFO - Processing file /home/airflow/.local/lib/python3.8/site-packages/airflow/example_dags/example_latest_only.py for tasks to queue
[2026-02-02T14:35:17.626+0000] {logging_mixin.py:188} INFO - [2026-02-02T14:35:17.625+0000] {dagbag.py:538} INFO - Filling up the DagBag from /home/airflow/.local/lib/python3.8/site-packages/airflow/example_dags/example_latest_only.py
[2026-02-02T14:35:17.631+0000] {processor.py:840} INFO - DAG(s) 'latest_only' retrieved from /home/airflow/.local/lib/python3.8/site-packages/airflow/example_dags/example_latest_only.py
[2026-02-02T14:35:17.657+0000] {logging_mixin.py:188} INFO - [2026-02-02T14:35:17.657+0000] {dag.py:3036} INFO - Sync 1 DAGs
[2026-02-02T14:35:17.684+0000] {logging_mixin.py:188} INFO - [2026-02-02T14:35:17.684+0000] {dag.py:3823} INFO - Setting next_dagrun for latest_only to 2026-02-02 08:00:00+00:00, run_after=2026-02-02 12:00:00+00:00
[2026-02-02T14:35:17.702+0000] {processor.py:183} INFO - Processing /home/airflow/.local/lib/python3.8/site-packages/airflow/example_dags/example_latest_only.py took 0.083 seconds
[2026-02-02T14:35:48.019+0000] {processor.py:161} INFO - Started process (PID=1750) to work on /home/airflow/.local/lib/python3.8/site-packages/airflow/example_dags/example_latest_only.py
[2026-02-02T14:35:48.019+0000] {processor.py:830} INFO - Processing file /home/airflow/.local/lib/python3.8/site-packages/airflow/example_dags/example_latest_only.py for tasks to queue
[2026-02-02T14:35:48.021+0000] {logging_mixin.py:188} INFO - [2026-02-02T14:35:48.021+0000] {dagbag.py:538} INFO - Filling up the DagBag from /home/airflow/.local/lib/python3.8/site-packages/airflow/example_dags/example_latest_only.py
[2026-02-02T14:35:48.026+0000] {processor.py:840} INFO - DAG(s) 'latest_only' retrieved from /home/airflow/.local/lib/python3.8/site-packages/airflow/example_dags/example_latest_only.py
[2026-02-02T14:35:48.051+0000] {logging_mixin.py:188} INFO - [2026-02-02T14:35:48.050+0000] {dag.py:3036} INFO - Sync 1 DAGs
[2026-02-02T14:35:48.078+0000] {logging_mixin.py:188} INFO - [2026-02-02T14:35:48.078+0000] {dag.py:3823} INFO - Setting next_dagrun for latest_only to 2026-02-02 08:00:00+00:00, run_after=2026-02-02 12:00:00+00:00
[2026-02-02T14:35:48.098+0000] {processor.py:183} INFO - Processing /home/airflow/.local/lib/python3.8/site-packages/airflow/example_dags/example_latest_only.py took 0.083 seconds
[2026-02-02T14:36:18.418+0000] {processor.py:161} INFO - Started process (PID=1805) to work on /home/airflow/.local/lib/python3.8/site-packages/airflow/example_dags/example_latest_only.py
[2026-02-02T14:36:18.419+0000] {processor.py:830} INFO - Processing file /home/airflow/.local/lib/python3.8/site-packages/airflow/example_dags/example_latest_only.py for tasks to queue
[2026-02-02T14:36:18.420+0000] {logging_mixin.py:188} INFO - [2026-02-02T14:36:18.420+0000] {dagbag.py:538} INFO - Filling up the DagBag from /home/airflow/.local/lib/python3.8/site-packages/airflow/example_dags/example_latest_only.py
[2026-02-02T14:36:18.424+0000] {processor.py:840} INFO - DAG(s) 'latest_only' retrieved from /home/airflow/.local/lib/python3.8/site-packages/airflow/example_dags/example_latest_only.py
[2026-02-02T14:36:18.439+0000] {logging_mixin.py:188} INFO - [2026-02-02T14:36:18.439+0000] {dag.py:3036} INFO - Sync 1 DAGs
[2026-02-02T14:36:18.456+0000] {logging_mixin.py:188} INFO - [2026-02-02T14:36:18.456+0000] {dag.py:3823} INFO - Setting next_dagrun for latest_only to 2026-02-02 08:00:00+00:00, run_after=2026-02-02 12:00:00+00:00
[2026-02-02T14:36:18.469+0000] {processor.py:183} INFO - Processing /home/airflow/.local/lib/python3.8/site-packages/airflow/example_dags/example_latest_only.py took 0.053 seconds
[2026-02-02T14:36:49.295+0000] {processor.py:161} INFO - Started process (PID=1860) to work on /home/airflow/.local/lib/python3.8/site-packages/airflow/example_dags/example_latest_only.py
[2026-02-02T14:36:49.296+0000] {processor.py:830} INFO - Processing file /home/airflow/.local/lib/python3.8/site-packages/airflow/example_dags/example_latest_only.py for tasks to queue
[2026-02-02T14:36:49.298+0000] {logging_mixin.py:188} INFO - [2026-02-02T14:36:49.297+0000] {dagbag.py:538} INFO - Filling up the DagBag from /home/airflow/.local/lib/python3.8/site-packages/airflow/example_dags/example_latest_only.py
[2026-02-02T14:36:49.303+0000] {processor.py:840} INFO - DAG(s) 'latest_only' retrieved from /home/airflow/.local/lib/python3.8/site-packages/airflow/example_dags/example_latest_only.py
[2026-02-02T14:36:49.324+0000] {logging_mixin.py:188} INFO - [2026-02-02T14:36:49.324+0000] {dag.py:3036} INFO - Sync 1 DAGs
[2026-02-02T14:36:49.348+0000] {logging_mixin.py:188} INFO - [2026-02-02T14:36:49.348+0000] {dag.py:3823} INFO - Setting next_dagrun for latest_only to 2026-02-02 08:00:00+00:00, run_after=2026-02-02 12:00:00+00:00
[2026-02-02T14:36:49.367+0000] {processor.py:183} INFO - Processing /home/airflow/.local/lib/python3.8/site-packages/airflow/example_dags/example_latest_only.py took 0.076 seconds
[2026-02-02T14:37:19.722+0000] {processor.py:161} INFO - Started process (PID=1915) to work on /home/airflow/.local/lib/python3.8/site-packages/airflow/example_dags/example_latest_only.py
[2026-02-02T14:37:19.723+0000] {processor.py:830} INFO - Processing file /home/airflow/.local/lib/python3.8/site-packages/airflow/example_dags/example_latest_only.py for tasks to queue
[2026-02-02T14:37:19.725+0000] {logging_mixin.py:188} INFO - [2026-02-02T14:37:19.725+0000] {dagbag.py:538} INFO - Filling up the DagBag from /home/airflow/.local/lib/python3.8/site-packages/airflow/example_dags/example_latest_only.py
[2026-02-02T14:37:19.730+0000] {processor.py:840} INFO - DAG(s) 'latest_only' retrieved from /home/airflow/.local/lib/python3.8/site-packages/airflow/example_dags/example_latest_only.py
[2026-02-02T14:37:19.752+0000] {logging_mixin.py:188} INFO - [2026-02-02T14:37:19.751+0000] {dag.py:3036} INFO - Sync 1 DAGs
[2026-02-02T14:37:19.782+0000] {logging_mixin.py:188} INFO - [2026-02-02T14:37:19.781+0000] {dag.py:3823} INFO - Setting next_dagrun for latest_only to 2026-02-02 08:00:00+00:00, run_after=2026-02-02 12:00:00+00:00
[2026-02-02T14:37:19.800+0000] {processor.py:183} INFO - Processing /home/airflow/.local/lib/python3.8/site-packages/airflow/example_dags/example_latest_only.py took 0.081 seconds
[2026-02-02T14:37:50.132+0000] {processor.py:161} INFO - Started process (PID=1970) to work on /home/airflow/.local/lib/python3.8/site-packages/airflow/example_dags/example_latest_only.py
[2026-02-02T14:37:50.135+0000] {processor.py:830} INFO - Processing file /home/airflow/.local/lib/python3.8/site-packages/airflow/example_dags/example_latest_only.py for tasks to queue
[2026-02-02T14:37:50.140+0000] {logging_mixin.py:188} INFO - [2026-02-02T14:37:50.140+0000] {dagbag.py:538} INFO - Filling up the DagBag from /home/airflow/.local/lib/python3.8/site-packages/airflow/example_dags/example_latest_only.py
[2026-02-02T14:37:50.156+0000] {processor.py:840} INFO - DAG(s) 'latest_only' retrieved from /home/airflow/.local/lib/python3.8/site-packages/airflow/example_dags/example_latest_only.py
[2026-02-02T14:37:50.202+0000] {logging_mixin.py:188} INFO - [2026-02-02T14:37:50.202+0000] {dag.py:3036} INFO - Sync 1 DAGs
[2026-02-02T14:37:50.230+0000] {logging_mixin.py:188} INFO - [2026-02-02T14:37:50.230+0000] {dag.py:3823} INFO - Setting next_dagrun for latest_only to 2026-02-02 08:00:00+00:00, run_after=2026-02-02 12:00:00+00:00
[2026-02-02T14:37:50.254+0000] {processor.py:183} INFO - Processing /home/airflow/.local/lib/python3.8/site-packages/airflow/example_dags/example_latest_only.py took 0.135 seconds
[2026-02-02T14:38:20.386+0000] {processor.py:161} INFO - Started process (PID=2024) to work on /home/airflow/.local/lib/python3.8/site-packages/airflow/example_dags/example_latest_only.py
[2026-02-02T14:38:20.386+0000] {processor.py:830} INFO - Processing file /home/airflow/.local/lib/python3.8/site-packages/airflow/example_dags/example_latest_only.py for tasks to queue
[2026-02-02T14:38:20.388+0000] {logging_mixin.py:188} INFO - [2026-02-02T14:38:20.388+0000] {dagbag.py:538} INFO - Filling up the DagBag from /home/airflow/.local/lib/python3.8/site-packages/airflow/example_dags/example_latest_only.py
[2026-02-02T14:38:20.392+0000] {processor.py:840} INFO - DAG(s) 'latest_only' retrieved from /home/airflow/.local/lib/python3.8/site-packages/airflow/example_dags/example_latest_only.py
[2026-02-02T14:38:20.408+0000] {logging_mixin.py:188} INFO - [2026-02-02T14:38:20.408+0000] {dag.py:3036} INFO - Sync 1 DAGs
[2026-02-02T14:38:20.425+0000] {logging_mixin.py:188} INFO - [2026-02-02T14:38:20.425+0000] {dag.py:3823} INFO - Setting next_dagrun for latest_only to 2026-02-02 08:00:00+00:00, run_after=2026-02-02 12:00:00+00:00
[2026-02-02T14:38:20.439+0000] {processor.py:183} INFO - Processing /home/airflow/.local/lib/python3.8/site-packages/airflow/example_dags/example_latest_only.py took 0.056 seconds
[2026-02-02T14:38:50.644+0000] {processor.py:161} INFO - Started process (PID=2078) to work on /home/airflow/.local/lib/python3.8/site-packages/airflow/example_dags/example_latest_only.py
[2026-02-02T14:38:50.645+0000] {processor.py:830} INFO - Processing file /home/airflow/.local/lib/python3.8/site-packages/airflow/example_dags/example_latest_only.py for tasks to queue
[2026-02-02T14:38:50.647+0000] {logging_mixin.py:188} INFO - [2026-02-02T14:38:50.647+0000] {dagbag.py:538} INFO - Filling up the DagBag from /home/airflow/.local/lib/python3.8/site-packages/airflow/example_dags/example_latest_only.py
[2026-02-02T14:38:50.653+0000] {processor.py:840} INFO - DAG(s) 'latest_only' retrieved from /home/airflow/.local/lib/python3.8/site-packages/airflow/example_dags/example_latest_only.py
[2026-02-02T14:38:50.675+0000] {logging_mixin.py:188} INFO - [2026-02-02T14:38:50.674+0000] {dag.py:3036} INFO - Sync 1 DAGs
[2026-02-02T14:38:50.700+0000] {logging_mixin.py:188} INFO - [2026-02-02T14:38:50.700+0000] {dag.py:3823} INFO - Setting next_dagrun for latest_only to 2026-02-02 08:00:00+00:00, run_after=2026-02-02 12:00:00+00:00
[2026-02-02T14:38:50.750+0000] {processor.py:183} INFO - Processing /home/airflow/.local/lib/python3.8/site-packages/airflow/example_dags/example_latest_only.py took 0.109 seconds
[2026-02-02T14:39:21.123+0000] {processor.py:161} INFO - Started process (PID=2132) to work on /home/airflow/.local/lib/python3.8/site-packages/airflow/example_dags/example_latest_only.py
[2026-02-02T14:39:21.124+0000] {processor.py:830} INFO - Processing file /home/airflow/.local/lib/python3.8/site-packages/airflow/example_dags/example_latest_only.py for tasks to queue
[2026-02-02T14:39:21.125+0000] {logging_mixin.py:188} INFO - [2026-02-02T14:39:21.125+0000] {dagbag.py:538} INFO - Filling up the DagBag from /home/airflow/.local/lib/python3.8/site-packages/airflow/example_dags/example_latest_only.py
[2026-02-02T14:39:21.129+0000] {processor.py:840} INFO - DAG(s) 'latest_only' retrieved from /home/airflow/.local/lib/python3.8/site-packages/airflow/example_dags/example_latest_only.py
[2026-02-02T14:39:21.145+0000] {logging_mixin.py:188} INFO - [2026-02-02T14:39:21.145+0000] {dag.py:3036} INFO - Sync 1 DAGs
[2026-02-02T14:39:21.161+0000] {logging_mixin.py:188} INFO - [2026-02-02T14:39:21.161+0000] {dag.py:3823} INFO - Setting next_dagrun for latest_only to 2026-02-02 08:00:00+00:00, run_after=2026-02-02 12:00:00+00:00
[2026-02-02T14:39:21.176+0000] {processor.py:183} INFO - Processing /home/airflow/.local/lib/python3.8/site-packages/airflow/example_dags/example_latest_only.py took 0.055 seconds
[2026-02-02T14:39:52.015+0000] {processor.py:161} INFO - Started process (PID=2187) to work on /home/airflow/.local/lib/python3.8/site-packages/airflow/example_dags/example_latest_only.py
[2026-02-02T14:39:52.015+0000] {processor.py:830} INFO - Processing file /home/airflow/.local/lib/python3.8/site-packages/airflow/example_dags/example_latest_only.py for tasks to queue
[2026-02-02T14:39:52.017+0000] {logging_mixin.py:188} INFO - [2026-02-02T14:39:52.017+0000] {dagbag.py:538} INFO - Filling up the DagBag from /home/airflow/.local/lib/python3.8/site-packages/airflow/example_dags/example_latest_only.py
[2026-02-02T14:39:52.023+0000] {processor.py:840} INFO - DAG(s) 'latest_only' retrieved from /home/airflow/.local/lib/python3.8/site-packages/airflow/example_dags/example_latest_only.py
[2026-02-02T14:39:52.044+0000] {logging_mixin.py:188} INFO - [2026-02-02T14:39:52.043+0000] {dag.py:3036} INFO - Sync 1 DAGs
[2026-02-02T14:39:52.079+0000] {logging_mixin.py:188} INFO - [2026-02-02T14:39:52.079+0000] {dag.py:3823} INFO - Setting next_dagrun for latest_only to 2026-02-02 08:00:00+00:00, run_after=2026-02-02 12:00:00+00:00
[2026-02-02T14:39:52.102+0000] {processor.py:183} INFO - Processing /home/airflow/.local/lib/python3.8/site-packages/airflow/example_dags/example_latest_only.py took 0.091 seconds
[2026-02-02T14:40:22.501+0000] {processor.py:161} INFO - Started process (PID=2241) to work on /home/airflow/.local/lib/python3.8/site-packages/airflow/example_dags/example_latest_only.py
[2026-02-02T14:40:22.502+0000] {processor.py:830} INFO - Processing file /home/airflow/.local/lib/python3.8/site-packages/airflow/example_dags/example_latest_only.py for tasks to queue
[2026-02-02T14:40:22.503+0000] {logging_mixin.py:188} INFO - [2026-02-02T14:40:22.503+0000] {dagbag.py:538} INFO - Filling up the DagBag from /home/airflow/.local/lib/python3.8/site-packages/airflow/example_dags/example_latest_only.py
[2026-02-02T14:40:22.507+0000] {processor.py:840} INFO - DAG(s) 'latest_only' retrieved from /home/airflow/.local/lib/python3.8/site-packages/airflow/example_dags/example_latest_only.py
[2026-02-02T14:40:22.524+0000] {logging_mixin.py:188} INFO - [2026-02-02T14:40:22.524+0000] {dag.py:3036} INFO - Sync 1 DAGs
[2026-02-02T14:40:22.542+0000] {logging_mixin.py:188} INFO - [2026-02-02T14:40:22.541+0000] {dag.py:3823} INFO - Setting next_dagrun for latest_only to 2026-02-02 08:00:00+00:00, run_after=2026-02-02 12:00:00+00:00
[2026-02-02T14:40:22.555+0000] {processor.py:183} INFO - Processing /home/airflow/.local/lib/python3.8/site-packages/airflow/example_dags/example_latest_only.py took 0.056 seconds
[2026-02-02T14:40:53.020+0000] {processor.py:161} INFO - Started process (PID=2296) to work on /home/airflow/.local/lib/python3.8/site-packages/airflow/example_dags/example_latest_only.py
[2026-02-02T14:40:53.023+0000] {processor.py:830} INFO - Processing file /home/airflow/.local/lib/python3.8/site-packages/airflow/example_dags/example_latest_only.py for tasks to queue
[2026-02-02T14:40:53.026+0000] {logging_mixin.py:188} INFO - [2026-02-02T14:40:53.026+0000] {dagbag.py:538} INFO - Filling up the DagBag from /home/airflow/.local/lib/python3.8/site-packages/airflow/example_dags/example_latest_only.py
[2026-02-02T14:40:53.037+0000] {processor.py:840} INFO - DAG(s) 'latest_only' retrieved from /home/airflow/.local/lib/python3.8/site-packages/airflow/example_dags/example_latest_only.py
[2026-02-02T14:40:53.118+0000] {logging_mixin.py:188} INFO - [2026-02-02T14:40:53.118+0000] {dag.py:3036} INFO - Sync 1 DAGs
[2026-02-02T14:40:53.194+0000] {logging_mixin.py:188} INFO - [2026-02-02T14:40:53.194+0000] {dag.py:3823} INFO - Setting next_dagrun for latest_only to 2026-02-02 08:00:00+00:00, run_after=2026-02-02 12:00:00+00:00
[2026-02-02T14:40:53.222+0000] {processor.py:183} INFO - Processing /home/airflow/.local/lib/python3.8/site-packages/airflow/example_dags/example_latest_only.py took 0.210 seconds
[2026-02-02T14:41:24.059+0000] {processor.py:161} INFO - Started process (PID=2352) to work on /home/airflow/.local/lib/python3.8/site-packages/airflow/example_dags/example_latest_only.py
[2026-02-02T14:41:24.061+0000] {processor.py:830} INFO - Processing file /home/airflow/.local/lib/python3.8/site-packages/airflow/example_dags/example_latest_only.py for tasks to queue
[2026-02-02T14:41:24.064+0000] {logging_mixin.py:188} INFO - [2026-02-02T14:41:24.062+0000] {dagbag.py:538} INFO - Filling up the DagBag from /home/airflow/.local/lib/python3.8/site-packages/airflow/example_dags/example_latest_only.py
[2026-02-02T14:41:24.070+0000] {processor.py:840} INFO - DAG(s) 'latest_only' retrieved from /home/airflow/.local/lib/python3.8/site-packages/airflow/example_dags/example_latest_only.py
[2026-02-02T14:41:24.106+0000] {logging_mixin.py:188} INFO - [2026-02-02T14:41:24.105+0000] {dag.py:3036} INFO - Sync 1 DAGs
[2026-02-02T14:41:24.144+0000] {logging_mixin.py:188} INFO - [2026-02-02T14:41:24.142+0000] {dag.py:3823} INFO - Setting next_dagrun for latest_only to 2026-02-02 08:00:00+00:00, run_after=2026-02-02 12:00:00+00:00
[2026-02-02T14:41:24.172+0000] {processor.py:183} INFO - Processing /home/airflow/.local/lib/python3.8/site-packages/airflow/example_dags/example_latest_only.py took 0.120 seconds
[2026-02-02T14:41:55.036+0000] {processor.py:161} INFO - Started process (PID=2407) to work on /home/airflow/.local/lib/python3.8/site-packages/airflow/example_dags/example_latest_only.py
[2026-02-02T14:41:55.038+0000] {processor.py:830} INFO - Processing file /home/airflow/.local/lib/python3.8/site-packages/airflow/example_dags/example_latest_only.py for tasks to queue
[2026-02-02T14:41:55.043+0000] {logging_mixin.py:188} INFO - [2026-02-02T14:41:55.042+0000] {dagbag.py:538} INFO - Filling up the DagBag from /home/airflow/.local/lib/python3.8/site-packages/airflow/example_dags/example_latest_only.py
[2026-02-02T14:41:55.053+0000] {processor.py:840} INFO - DAG(s) 'latest_only' retrieved from /home/airflow/.local/lib/python3.8/site-packages/airflow/example_dags/example_latest_only.py
[2026-02-02T14:41:55.091+0000] {logging_mixin.py:188} INFO - [2026-02-02T14:41:55.091+0000] {dag.py:3036} INFO - Sync 1 DAGs
[2026-02-02T14:41:55.184+0000] {logging_mixin.py:188} INFO - [2026-02-02T14:41:55.184+0000] {dag.py:3823} INFO - Setting next_dagrun for latest_only to 2026-02-02 08:00:00+00:00, run_after=2026-02-02 12:00:00+00:00
[2026-02-02T14:41:55.464+0000] {processor.py:183} INFO - Processing /home/airflow/.local/lib/python3.8/site-packages/airflow/example_dags/example_latest_only.py took 0.433 seconds
[2026-02-02T14:42:26.072+0000] {processor.py:161} INFO - Started process (PID=2462) to work on /home/airflow/.local/lib/python3.8/site-packages/airflow/example_dags/example_latest_only.py
[2026-02-02T14:42:26.073+0000] {processor.py:830} INFO - Processing file /home/airflow/.local/lib/python3.8/site-packages/airflow/example_dags/example_latest_only.py for tasks to queue
[2026-02-02T14:42:26.075+0000] {logging_mixin.py:188} INFO - [2026-02-02T14:42:26.074+0000] {dagbag.py:538} INFO - Filling up the DagBag from /home/airflow/.local/lib/python3.8/site-packages/airflow/example_dags/example_latest_only.py
[2026-02-02T14:42:26.080+0000] {processor.py:840} INFO - DAG(s) 'latest_only' retrieved from /home/airflow/.local/lib/python3.8/site-packages/airflow/example_dags/example_latest_only.py
[2026-02-02T14:42:26.152+0000] {logging_mixin.py:188} INFO - [2026-02-02T14:42:26.152+0000] {dag.py:3036} INFO - Sync 1 DAGs
[2026-02-02T14:42:26.182+0000] {logging_mixin.py:188} INFO - [2026-02-02T14:42:26.182+0000] {dag.py:3823} INFO - Setting next_dagrun for latest_only to 2026-02-02 08:00:00+00:00, run_after=2026-02-02 12:00:00+00:00
[2026-02-02T14:42:26.201+0000] {processor.py:183} INFO - Processing /home/airflow/.local/lib/python3.8/site-packages/airflow/example_dags/example_latest_only.py took 0.133 seconds
[2026-02-02T14:42:56.858+0000] {processor.py:161} INFO - Started process (PID=2517) to work on /home/airflow/.local/lib/python3.8/site-packages/airflow/example_dags/example_latest_only.py
[2026-02-02T14:42:56.859+0000] {processor.py:830} INFO - Processing file /home/airflow/.local/lib/python3.8/site-packages/airflow/example_dags/example_latest_only.py for tasks to queue
[2026-02-02T14:42:56.861+0000] {logging_mixin.py:188} INFO - [2026-02-02T14:42:56.861+0000] {dagbag.py:538} INFO - Filling up the DagBag from /home/airflow/.local/lib/python3.8/site-packages/airflow/example_dags/example_latest_only.py
[2026-02-02T14:42:56.869+0000] {processor.py:840} INFO - DAG(s) 'latest_only' retrieved from /home/airflow/.local/lib/python3.8/site-packages/airflow/example_dags/example_latest_only.py
[2026-02-02T14:42:56.892+0000] {logging_mixin.py:188} INFO - [2026-02-02T14:42:56.891+0000] {dag.py:3036} INFO - Sync 1 DAGs
[2026-02-02T14:42:56.917+0000] {logging_mixin.py:188} INFO - [2026-02-02T14:42:56.917+0000] {dag.py:3823} INFO - Setting next_dagrun for latest_only to 2026-02-02 08:00:00+00:00, run_after=2026-02-02 12:00:00+00:00
[2026-02-02T14:42:56.940+0000] {processor.py:183} INFO - Processing /home/airflow/.local/lib/python3.8/site-packages/airflow/example_dags/example_latest_only.py took 0.084 seconds
[2026-02-02T14:43:27.793+0000] {processor.py:161} INFO - Started process (PID=2571) to work on /home/airflow/.local/lib/python3.8/site-packages/airflow/example_dags/example_latest_only.py
[2026-02-02T14:43:27.797+0000] {processor.py:830} INFO - Processing file /home/airflow/.local/lib/python3.8/site-packages/airflow/example_dags/example_latest_only.py for tasks to queue
[2026-02-02T14:43:27.801+0000] {logging_mixin.py:188} INFO - [2026-02-02T14:43:27.800+0000] {dagbag.py:538} INFO - Filling up the DagBag from /home/airflow/.local/lib/python3.8/site-packages/airflow/example_dags/example_latest_only.py
[2026-02-02T14:43:27.812+0000] {processor.py:840} INFO - DAG(s) 'latest_only' retrieved from /home/airflow/.local/lib/python3.8/site-packages/airflow/example_dags/example_latest_only.py
[2026-02-02T14:43:27.860+0000] {logging_mixin.py:188} INFO - [2026-02-02T14:43:27.859+0000] {dag.py:3036} INFO - Sync 1 DAGs
[2026-02-02T14:43:27.918+0000] {logging_mixin.py:188} INFO - [2026-02-02T14:43:27.918+0000] {dag.py:3823} INFO - Setting next_dagrun for latest_only to 2026-02-02 08:00:00+00:00, run_after=2026-02-02 12:00:00+00:00
[2026-02-02T14:43:27.965+0000] {processor.py:183} INFO - Processing /home/airflow/.local/lib/python3.8/site-packages/airflow/example_dags/example_latest_only.py took 0.184 seconds
[2026-02-02T14:43:58.148+0000] {processor.py:161} INFO - Started process (PID=2626) to work on /home/airflow/.local/lib/python3.8/site-packages/airflow/example_dags/example_latest_only.py
[2026-02-02T14:43:58.149+0000] {processor.py:830} INFO - Processing file /home/airflow/.local/lib/python3.8/site-packages/airflow/example_dags/example_latest_only.py for tasks to queue
[2026-02-02T14:43:58.151+0000] {logging_mixin.py:188} INFO - [2026-02-02T14:43:58.151+0000] {dagbag.py:538} INFO - Filling up the DagBag from /home/airflow/.local/lib/python3.8/site-packages/airflow/example_dags/example_latest_only.py
[2026-02-02T14:43:58.156+0000] {processor.py:840} INFO - DAG(s) 'latest_only' retrieved from /home/airflow/.local/lib/python3.8/site-packages/airflow/example_dags/example_latest_only.py
[2026-02-02T14:43:58.178+0000] {logging_mixin.py:188} INFO - [2026-02-02T14:43:58.178+0000] {dag.py:3036} INFO - Sync 1 DAGs
[2026-02-02T14:43:58.203+0000] {logging_mixin.py:188} INFO - [2026-02-02T14:43:58.203+0000] {dag.py:3823} INFO - Setting next_dagrun for latest_only to 2026-02-02 08:00:00+00:00, run_after=2026-02-02 12:00:00+00:00
[2026-02-02T14:43:58.221+0000] {processor.py:183} INFO - Processing /home/airflow/.local/lib/python3.8/site-packages/airflow/example_dags/example_latest_only.py took 0.076 seconds
[2026-02-02T14:44:28.666+0000] {processor.py:161} INFO - Started process (PID=2681) to work on /home/airflow/.local/lib/python3.8/site-packages/airflow/example_dags/example_latest_only.py
[2026-02-02T14:44:28.667+0000] {processor.py:830} INFO - Processing file /home/airflow/.local/lib/python3.8/site-packages/airflow/example_dags/example_latest_only.py for tasks to queue
[2026-02-02T14:44:28.669+0000] {logging_mixin.py:188} INFO - [2026-02-02T14:44:28.668+0000] {dagbag.py:538} INFO - Filling up the DagBag from /home/airflow/.local/lib/python3.8/site-packages/airflow/example_dags/example_latest_only.py
[2026-02-02T14:44:28.674+0000] {processor.py:840} INFO - DAG(s) 'latest_only' retrieved from /home/airflow/.local/lib/python3.8/site-packages/airflow/example_dags/example_latest_only.py
[2026-02-02T14:44:28.696+0000] {logging_mixin.py:188} INFO - [2026-02-02T14:44:28.696+0000] {dag.py:3036} INFO - Sync 1 DAGs
[2026-02-02T14:44:28.887+0000] {logging_mixin.py:188} INFO - [2026-02-02T14:44:28.886+0000] {dag.py:3823} INFO - Setting next_dagrun for latest_only to 2026-02-02 08:00:00+00:00, run_after=2026-02-02 12:00:00+00:00
[2026-02-02T14:44:28.904+0000] {processor.py:183} INFO - Processing /home/airflow/.local/lib/python3.8/site-packages/airflow/example_dags/example_latest_only.py took 0.241 seconds
[2026-02-02T14:44:59.298+0000] {processor.py:161} INFO - Started process (PID=2743) to work on /home/airflow/.local/lib/python3.8/site-packages/airflow/example_dags/example_latest_only.py
[2026-02-02T14:44:59.299+0000] {processor.py:830} INFO - Processing file /home/airflow/.local/lib/python3.8/site-packages/airflow/example_dags/example_latest_only.py for tasks to queue
[2026-02-02T14:44:59.301+0000] {logging_mixin.py:188} INFO - [2026-02-02T14:44:59.300+0000] {dagbag.py:538} INFO - Filling up the DagBag from /home/airflow/.local/lib/python3.8/site-packages/airflow/example_dags/example_latest_only.py
[2026-02-02T14:44:59.306+0000] {processor.py:840} INFO - DAG(s) 'latest_only' retrieved from /home/airflow/.local/lib/python3.8/site-packages/airflow/example_dags/example_latest_only.py
[2026-02-02T14:44:59.330+0000] {logging_mixin.py:188} INFO - [2026-02-02T14:44:59.330+0000] {dag.py:3036} INFO - Sync 1 DAGs
[2026-02-02T14:44:59.510+0000] {logging_mixin.py:188} INFO - [2026-02-02T14:44:59.510+0000] {dag.py:3823} INFO - Setting next_dagrun for latest_only to 2026-02-02 08:00:00+00:00, run_after=2026-02-02 12:00:00+00:00
[2026-02-02T14:44:59.528+0000] {processor.py:183} INFO - Processing /home/airflow/.local/lib/python3.8/site-packages/airflow/example_dags/example_latest_only.py took 0.233 seconds
[2026-02-02T14:45:30.408+0000] {processor.py:161} INFO - Started process (PID=2799) to work on /home/airflow/.local/lib/python3.8/site-packages/airflow/example_dags/example_latest_only.py
[2026-02-02T14:45:30.409+0000] {processor.py:830} INFO - Processing file /home/airflow/.local/lib/python3.8/site-packages/airflow/example_dags/example_latest_only.py for tasks to queue
[2026-02-02T14:45:30.411+0000] {logging_mixin.py:188} INFO - [2026-02-02T14:45:30.411+0000] {dagbag.py:538} INFO - Filling up the DagBag from /home/airflow/.local/lib/python3.8/site-packages/airflow/example_dags/example_latest_only.py
[2026-02-02T14:45:30.416+0000] {processor.py:840} INFO - DAG(s) 'latest_only' retrieved from /home/airflow/.local/lib/python3.8/site-packages/airflow/example_dags/example_latest_only.py
[2026-02-02T14:45:30.443+0000] {logging_mixin.py:188} INFO - [2026-02-02T14:45:30.443+0000] {dag.py:3036} INFO - Sync 1 DAGs
[2026-02-02T14:45:30.469+0000] {logging_mixin.py:188} INFO - [2026-02-02T14:45:30.469+0000] {dag.py:3823} INFO - Setting next_dagrun for latest_only to 2026-02-02 08:00:00+00:00, run_after=2026-02-02 12:00:00+00:00
[2026-02-02T14:45:30.488+0000] {processor.py:183} INFO - Processing /home/airflow/.local/lib/python3.8/site-packages/airflow/example_dags/example_latest_only.py took 0.083 seconds
[2026-02-02T14:46:00.760+0000] {processor.py:161} INFO - Started process (PID=2854) to work on /home/airflow/.local/lib/python3.8/site-packages/airflow/example_dags/example_latest_only.py
[2026-02-02T14:46:00.761+0000] {processor.py:830} INFO - Processing file /home/airflow/.local/lib/python3.8/site-packages/airflow/example_dags/example_latest_only.py for tasks to queue
[2026-02-02T14:46:00.762+0000] {logging_mixin.py:188} INFO - [2026-02-02T14:46:00.762+0000] {dagbag.py:538} INFO - Filling up the DagBag from /home/airflow/.local/lib/python3.8/site-packages/airflow/example_dags/example_latest_only.py
[2026-02-02T14:46:00.768+0000] {processor.py:840} INFO - DAG(s) 'latest_only' retrieved from /home/airflow/.local/lib/python3.8/site-packages/airflow/example_dags/example_latest_only.py
[2026-02-02T14:46:00.791+0000] {logging_mixin.py:188} INFO - [2026-02-02T14:46:00.790+0000] {dag.py:3036} INFO - Sync 1 DAGs
[2026-02-02T14:46:00.818+0000] {logging_mixin.py:188} INFO - [2026-02-02T14:46:00.818+0000] {dag.py:3823} INFO - Setting next_dagrun for latest_only to 2026-02-02 08:00:00+00:00, run_after=2026-02-02 12:00:00+00:00
[2026-02-02T14:46:00.837+0000] {processor.py:183} INFO - Processing /home/airflow/.local/lib/python3.8/site-packages/airflow/example_dags/example_latest_only.py took 0.081 seconds
[2026-02-02T14:46:30.893+0000] {processor.py:161} INFO - Started process (PID=2910) to work on /home/airflow/.local/lib/python3.8/site-packages/airflow/example_dags/example_latest_only.py
[2026-02-02T14:46:30.894+0000] {processor.py:830} INFO - Processing file /home/airflow/.local/lib/python3.8/site-packages/airflow/example_dags/example_latest_only.py for tasks to queue
[2026-02-02T14:46:30.896+0000] {logging_mixin.py:188} INFO - [2026-02-02T14:46:30.895+0000] {dagbag.py:538} INFO - Filling up the DagBag from /home/airflow/.local/lib/python3.8/site-packages/airflow/example_dags/example_latest_only.py
[2026-02-02T14:46:30.901+0000] {processor.py:840} INFO - DAG(s) 'latest_only' retrieved from /home/airflow/.local/lib/python3.8/site-packages/airflow/example_dags/example_latest_only.py
[2026-02-02T14:46:30.925+0000] {logging_mixin.py:188} INFO - [2026-02-02T14:46:30.924+0000] {dag.py:3036} INFO - Sync 1 DAGs
[2026-02-02T14:46:30.953+0000] {logging_mixin.py:188} INFO - [2026-02-02T14:46:30.953+0000] {dag.py:3823} INFO - Setting next_dagrun for latest_only to 2026-02-02 08:00:00+00:00, run_after=2026-02-02 12:00:00+00:00
[2026-02-02T14:46:30.972+0000] {processor.py:183} INFO - Processing /home/airflow/.local/lib/python3.8/site-packages/airflow/example_dags/example_latest_only.py took 0.082 seconds
[2026-02-02T14:47:01.244+0000] {processor.py:161} INFO - Started process (PID=2966) to work on /home/airflow/.local/lib/python3.8/site-packages/airflow/example_dags/example_latest_only.py
[2026-02-02T14:47:01.245+0000] {processor.py:830} INFO - Processing file /home/airflow/.local/lib/python3.8/site-packages/airflow/example_dags/example_latest_only.py for tasks to queue
[2026-02-02T14:47:01.249+0000] {logging_mixin.py:188} INFO - [2026-02-02T14:47:01.248+0000] {dagbag.py:538} INFO - Filling up the DagBag from /home/airflow/.local/lib/python3.8/site-packages/airflow/example_dags/example_latest_only.py
[2026-02-02T14:47:01.269+0000] {processor.py:840} INFO - DAG(s) 'latest_only' retrieved from /home/airflow/.local/lib/python3.8/site-packages/airflow/example_dags/example_latest_only.py
[2026-02-02T14:47:01.317+0000] {logging_mixin.py:188} INFO - [2026-02-02T14:47:01.317+0000] {dag.py:3036} INFO - Sync 1 DAGs
[2026-02-02T14:47:01.353+0000] {logging_mixin.py:188} INFO - [2026-02-02T14:47:01.352+0000] {dag.py:3823} INFO - Setting next_dagrun for latest_only to 2026-02-02 08:00:00+00:00, run_after=2026-02-02 12:00:00+00:00
[2026-02-02T14:47:01.372+0000] {processor.py:183} INFO - Processing /home/airflow/.local/lib/python3.8/site-packages/airflow/example_dags/example_latest_only.py took 0.135 seconds
[2026-02-02T14:47:32.157+0000] {processor.py:161} INFO - Started process (PID=3023) to work on /home/airflow/.local/lib/python3.8/site-packages/airflow/example_dags/example_latest_only.py
[2026-02-02T14:47:32.160+0000] {processor.py:830} INFO - Processing file /home/airflow/.local/lib/python3.8/site-packages/airflow/example_dags/example_latest_only.py for tasks to queue
[2026-02-02T14:47:32.162+0000] {logging_mixin.py:188} INFO - [2026-02-02T14:47:32.161+0000] {dagbag.py:538} INFO - Filling up the DagBag from /home/airflow/.local/lib/python3.8/site-packages/airflow/example_dags/example_latest_only.py
[2026-02-02T14:47:32.167+0000] {processor.py:840} INFO - DAG(s) 'latest_only' retrieved from /home/airflow/.local/lib/python3.8/site-packages/airflow/example_dags/example_latest_only.py
[2026-02-02T14:47:32.192+0000] {logging_mixin.py:188} INFO - [2026-02-02T14:47:32.191+0000] {dag.py:3036} INFO - Sync 1 DAGs
[2026-02-02T14:47:32.217+0000] {logging_mixin.py:188} INFO - [2026-02-02T14:47:32.217+0000] {dag.py:3823} INFO - Setting next_dagrun for latest_only to 2026-02-02 08:00:00+00:00, run_after=2026-02-02 12:00:00+00:00
[2026-02-02T14:47:32.235+0000] {processor.py:183} INFO - Processing /home/airflow/.local/lib/python3.8/site-packages/airflow/example_dags/example_latest_only.py took 0.081 seconds
[2026-02-02T14:48:03.152+0000] {processor.py:161} INFO - Started process (PID=3079) to work on /home/airflow/.local/lib/python3.8/site-packages/airflow/example_dags/example_latest_only.py
[2026-02-02T14:48:03.153+0000] {processor.py:830} INFO - Processing file /home/airflow/.local/lib/python3.8/site-packages/airflow/example_dags/example_latest_only.py for tasks to queue
[2026-02-02T14:48:03.154+0000] {logging_mixin.py:188} INFO - [2026-02-02T14:48:03.154+0000] {dagbag.py:538} INFO - Filling up the DagBag from /home/airflow/.local/lib/python3.8/site-packages/airflow/example_dags/example_latest_only.py
[2026-02-02T14:48:03.159+0000] {processor.py:840} INFO - DAG(s) 'latest_only' retrieved from /home/airflow/.local/lib/python3.8/site-packages/airflow/example_dags/example_latest_only.py
[2026-02-02T14:48:03.182+0000] {logging_mixin.py:188} INFO - [2026-02-02T14:48:03.182+0000] {dag.py:3036} INFO - Sync 1 DAGs
[2026-02-02T14:48:03.224+0000] {logging_mixin.py:188} INFO - [2026-02-02T14:48:03.223+0000] {dag.py:3823} INFO - Setting next_dagrun for latest_only to 2026-02-02 08:00:00+00:00, run_after=2026-02-02 12:00:00+00:00
[2026-02-02T14:48:03.245+0000] {processor.py:183} INFO - Processing /home/airflow/.local/lib/python3.8/site-packages/airflow/example_dags/example_latest_only.py took 0.096 seconds
[2026-02-02T14:48:33.656+0000] {processor.py:161} INFO - Started process (PID=3134) to work on /home/airflow/.local/lib/python3.8/site-packages/airflow/example_dags/example_latest_only.py
[2026-02-02T14:48:33.657+0000] {processor.py:830} INFO - Processing file /home/airflow/.local/lib/python3.8/site-packages/airflow/example_dags/example_latest_only.py for tasks to queue
[2026-02-02T14:48:33.659+0000] {logging_mixin.py:188} INFO - [2026-02-02T14:48:33.658+0000] {dagbag.py:538} INFO - Filling up the DagBag from /home/airflow/.local/lib/python3.8/site-packages/airflow/example_dags/example_latest_only.py
[2026-02-02T14:48:33.664+0000] {processor.py:840} INFO - DAG(s) 'latest_only' retrieved from /home/airflow/.local/lib/python3.8/site-packages/airflow/example_dags/example_latest_only.py
[2026-02-02T14:48:33.688+0000] {logging_mixin.py:188} INFO - [2026-02-02T14:48:33.688+0000] {dag.py:3036} INFO - Sync 1 DAGs
[2026-02-02T14:48:33.714+0000] {logging_mixin.py:188} INFO - [2026-02-02T14:48:33.714+0000] {dag.py:3823} INFO - Setting next_dagrun for latest_only to 2026-02-02 08:00:00+00:00, run_after=2026-02-02 12:00:00+00:00
[2026-02-02T14:48:33.733+0000] {processor.py:183} INFO - Processing /home/airflow/.local/lib/python3.8/site-packages/airflow/example_dags/example_latest_only.py took 0.080 seconds
[2026-02-02T14:49:04.166+0000] {processor.py:161} INFO - Started process (PID=3190) to work on /home/airflow/.local/lib/python3.8/site-packages/airflow/example_dags/example_latest_only.py
[2026-02-02T14:49:04.166+0000] {processor.py:830} INFO - Processing file /home/airflow/.local/lib/python3.8/site-packages/airflow/example_dags/example_latest_only.py for tasks to queue
[2026-02-02T14:49:04.168+0000] {logging_mixin.py:188} INFO - [2026-02-02T14:49:04.168+0000] {dagbag.py:538} INFO - Filling up the DagBag from /home/airflow/.local/lib/python3.8/site-packages/airflow/example_dags/example_latest_only.py
[2026-02-02T14:49:04.173+0000] {processor.py:840} INFO - DAG(s) 'latest_only' retrieved from /home/airflow/.local/lib/python3.8/site-packages/airflow/example_dags/example_latest_only.py
[2026-02-02T14:49:04.196+0000] {logging_mixin.py:188} INFO - [2026-02-02T14:49:04.196+0000] {dag.py:3036} INFO - Sync 1 DAGs
[2026-02-02T14:49:04.222+0000] {logging_mixin.py:188} INFO - [2026-02-02T14:49:04.222+0000] {dag.py:3823} INFO - Setting next_dagrun for latest_only to 2026-02-02 08:00:00+00:00, run_after=2026-02-02 12:00:00+00:00
[2026-02-02T14:49:04.241+0000] {processor.py:183} INFO - Processing /home/airflow/.local/lib/python3.8/site-packages/airflow/example_dags/example_latest_only.py took 0.078 seconds
[2026-02-02T14:49:35.109+0000] {processor.py:161} INFO - Started process (PID=3246) to work on /home/airflow/.local/lib/python3.8/site-packages/airflow/example_dags/example_latest_only.py
[2026-02-02T14:49:35.110+0000] {processor.py:830} INFO - Processing file /home/airflow/.local/lib/python3.8/site-packages/airflow/example_dags/example_latest_only.py for tasks to queue
[2026-02-02T14:49:35.115+0000] {logging_mixin.py:188} INFO - [2026-02-02T14:49:35.115+0000] {dagbag.py:538} INFO - Filling up the DagBag from /home/airflow/.local/lib/python3.8/site-packages/airflow/example_dags/example_latest_only.py
[2026-02-02T14:49:35.135+0000] {processor.py:840} INFO - DAG(s) 'latest_only' retrieved from /home/airflow/.local/lib/python3.8/site-packages/airflow/example_dags/example_latest_only.py
[2026-02-02T14:49:35.233+0000] {logging_mixin.py:188} INFO - [2026-02-02T14:49:35.232+0000] {dag.py:3036} INFO - Sync 1 DAGs
[2026-02-02T14:49:35.330+0000] {logging_mixin.py:188} INFO - [2026-02-02T14:49:35.329+0000] {dag.py:3823} INFO - Setting next_dagrun for latest_only to 2026-02-02 08:00:00+00:00, run_after=2026-02-02 12:00:00+00:00
[2026-02-02T14:49:35.372+0000] {processor.py:183} INFO - Processing /home/airflow/.local/lib/python3.8/site-packages/airflow/example_dags/example_latest_only.py took 0.275 seconds
[2026-02-02T14:50:05.689+0000] {processor.py:161} INFO - Started process (PID=3302) to work on /home/airflow/.local/lib/python3.8/site-packages/airflow/example_dags/example_latest_only.py
[2026-02-02T14:50:05.690+0000] {processor.py:830} INFO - Processing file /home/airflow/.local/lib/python3.8/site-packages/airflow/example_dags/example_latest_only.py for tasks to queue
[2026-02-02T14:50:05.692+0000] {logging_mixin.py:188} INFO - [2026-02-02T14:50:05.692+0000] {dagbag.py:538} INFO - Filling up the DagBag from /home/airflow/.local/lib/python3.8/site-packages/airflow/example_dags/example_latest_only.py
[2026-02-02T14:50:05.697+0000] {processor.py:840} INFO - DAG(s) 'latest_only' retrieved from /home/airflow/.local/lib/python3.8/site-packages/airflow/example_dags/example_latest_only.py
[2026-02-02T14:50:05.722+0000] {logging_mixin.py:188} INFO - [2026-02-02T14:50:05.722+0000] {dag.py:3036} INFO - Sync 1 DAGs
[2026-02-02T14:50:05.748+0000] {logging_mixin.py:188} INFO - [2026-02-02T14:50:05.748+0000] {dag.py:3823} INFO - Setting next_dagrun for latest_only to 2026-02-02 08:00:00+00:00, run_after=2026-02-02 12:00:00+00:00
[2026-02-02T14:50:05.766+0000] {processor.py:183} INFO - Processing /home/airflow/.local/lib/python3.8/site-packages/airflow/example_dags/example_latest_only.py took 0.080 seconds
[2026-02-02T14:50:35.995+0000] {processor.py:161} INFO - Started process (PID=3358) to work on /home/airflow/.local/lib/python3.8/site-packages/airflow/example_dags/example_latest_only.py
[2026-02-02T14:50:35.997+0000] {processor.py:830} INFO - Processing file /home/airflow/.local/lib/python3.8/site-packages/airflow/example_dags/example_latest_only.py for tasks to queue
[2026-02-02T14:50:35.999+0000] {logging_mixin.py:188} INFO - [2026-02-02T14:50:35.999+0000] {dagbag.py:538} INFO - Filling up the DagBag from /home/airflow/.local/lib/python3.8/site-packages/airflow/example_dags/example_latest_only.py
[2026-02-02T14:50:36.007+0000] {processor.py:840} INFO - DAG(s) 'latest_only' retrieved from /home/airflow/.local/lib/python3.8/site-packages/airflow/example_dags/example_latest_only.py
[2026-02-02T14:50:36.056+0000] {logging_mixin.py:188} INFO - [2026-02-02T14:50:36.056+0000] {dag.py:3036} INFO - Sync 1 DAGs
[2026-02-02T14:50:36.103+0000] {logging_mixin.py:188} INFO - [2026-02-02T14:50:36.103+0000] {dag.py:3823} INFO - Setting next_dagrun for latest_only to 2026-02-02 08:00:00+00:00, run_after=2026-02-02 12:00:00+00:00
[2026-02-02T14:50:36.122+0000] {processor.py:183} INFO - Processing /home/airflow/.local/lib/python3.8/site-packages/airflow/example_dags/example_latest_only.py took 0.130 seconds
