[2026-02-02T14:20:34.390+0000] {processor.py:161} INFO - Started process (PID=105) to work on /home/airflow/.local/lib/python3.8/site-packages/airflow/example_dags/example_task_group_decorator.py
[2026-02-02T14:20:34.395+0000] {processor.py:830} INFO - Processing file /home/airflow/.local/lib/python3.8/site-packages/airflow/example_dags/example_task_group_decorator.py for tasks to queue
[2026-02-02T14:20:34.400+0000] {logging_mixin.py:188} INFO - [2026-02-02T14:20:34.399+0000] {dagbag.py:538} INFO - Filling up the DagBag from /home/airflow/.local/lib/python3.8/site-packages/airflow/example_dags/example_task_group_decorator.py
[2026-02-02T14:20:34.470+0000] {processor.py:840} INFO - DAG(s) 'example_task_group_decorator' retrieved from /home/airflow/.local/lib/python3.8/site-packages/airflow/example_dags/example_task_group_decorator.py
[2026-02-02T14:20:34.918+0000] {logging_mixin.py:188} INFO - [2026-02-02T14:20:34.917+0000] {override.py:1769} INFO - Created Permission View: can edit on DAG:example_task_group_decorator
[2026-02-02T14:20:34.937+0000] {logging_mixin.py:188} INFO - [2026-02-02T14:20:34.936+0000] {override.py:1769} INFO - Created Permission View: can delete on DAG:example_task_group_decorator
[2026-02-02T14:20:34.949+0000] {logging_mixin.py:188} INFO - [2026-02-02T14:20:34.948+0000] {override.py:1769} INFO - Created Permission View: can read on DAG:example_task_group_decorator
[2026-02-02T14:20:34.951+0000] {logging_mixin.py:188} INFO - [2026-02-02T14:20:34.951+0000] {dag.py:3036} INFO - Sync 1 DAGs
[2026-02-02T14:20:35.009+0000] {logging_mixin.py:188} INFO - [2026-02-02T14:20:35.003+0000] {dag.py:3058} INFO - Creating ORM DAG for example_task_group_decorator
[2026-02-02T14:20:35.051+0000] {logging_mixin.py:188} INFO - [2026-02-02T14:20:35.051+0000] {dag.py:3823} INFO - Setting next_dagrun for example_task_group_decorator to 2026-02-01 00:00:00+00:00, run_after=2026-02-02 00:00:00+00:00
[2026-02-02T14:20:35.113+0000] {processor.py:183} INFO - Processing /home/airflow/.local/lib/python3.8/site-packages/airflow/example_dags/example_task_group_decorator.py took 0.730 seconds
[2026-02-02T14:21:05.889+0000] {processor.py:161} INFO - Started process (PID=160) to work on /home/airflow/.local/lib/python3.8/site-packages/airflow/example_dags/example_task_group_decorator.py
[2026-02-02T14:21:05.892+0000] {processor.py:830} INFO - Processing file /home/airflow/.local/lib/python3.8/site-packages/airflow/example_dags/example_task_group_decorator.py for tasks to queue
[2026-02-02T14:21:05.894+0000] {logging_mixin.py:188} INFO - [2026-02-02T14:21:05.894+0000] {dagbag.py:538} INFO - Filling up the DagBag from /home/airflow/.local/lib/python3.8/site-packages/airflow/example_dags/example_task_group_decorator.py
[2026-02-02T14:21:05.956+0000] {processor.py:840} INFO - DAG(s) 'example_task_group_decorator' retrieved from /home/airflow/.local/lib/python3.8/site-packages/airflow/example_dags/example_task_group_decorator.py
[2026-02-02T14:21:06.044+0000] {logging_mixin.py:188} INFO - [2026-02-02T14:21:06.043+0000] {dag.py:3036} INFO - Sync 1 DAGs
[2026-02-02T14:21:06.126+0000] {logging_mixin.py:188} INFO - [2026-02-02T14:21:06.126+0000] {dag.py:3823} INFO - Setting next_dagrun for example_task_group_decorator to 2026-02-01 00:00:00+00:00, run_after=2026-02-02 00:00:00+00:00
[2026-02-02T14:21:06.186+0000] {processor.py:183} INFO - Processing /home/airflow/.local/lib/python3.8/site-packages/airflow/example_dags/example_task_group_decorator.py took 0.316 seconds
[2026-02-02T14:21:36.242+0000] {processor.py:161} INFO - Started process (PID=215) to work on /home/airflow/.local/lib/python3.8/site-packages/airflow/example_dags/example_task_group_decorator.py
[2026-02-02T14:21:36.243+0000] {processor.py:830} INFO - Processing file /home/airflow/.local/lib/python3.8/site-packages/airflow/example_dags/example_task_group_decorator.py for tasks to queue
[2026-02-02T14:21:36.246+0000] {logging_mixin.py:188} INFO - [2026-02-02T14:21:36.245+0000] {dagbag.py:538} INFO - Filling up the DagBag from /home/airflow/.local/lib/python3.8/site-packages/airflow/example_dags/example_task_group_decorator.py
[2026-02-02T14:21:36.278+0000] {processor.py:840} INFO - DAG(s) 'example_task_group_decorator' retrieved from /home/airflow/.local/lib/python3.8/site-packages/airflow/example_dags/example_task_group_decorator.py
[2026-02-02T14:21:36.344+0000] {logging_mixin.py:188} INFO - [2026-02-02T14:21:36.344+0000] {dag.py:3036} INFO - Sync 1 DAGs
[2026-02-02T14:21:36.427+0000] {logging_mixin.py:188} INFO - [2026-02-02T14:21:36.427+0000] {dag.py:3823} INFO - Setting next_dagrun for example_task_group_decorator to 2026-02-01 00:00:00+00:00, run_after=2026-02-02 00:00:00+00:00
[2026-02-02T14:21:36.493+0000] {processor.py:183} INFO - Processing /home/airflow/.local/lib/python3.8/site-packages/airflow/example_dags/example_task_group_decorator.py took 0.255 seconds
[2026-02-02T14:22:06.548+0000] {processor.py:161} INFO - Started process (PID=270) to work on /home/airflow/.local/lib/python3.8/site-packages/airflow/example_dags/example_task_group_decorator.py
[2026-02-02T14:22:06.549+0000] {processor.py:830} INFO - Processing file /home/airflow/.local/lib/python3.8/site-packages/airflow/example_dags/example_task_group_decorator.py for tasks to queue
[2026-02-02T14:22:06.551+0000] {logging_mixin.py:188} INFO - [2026-02-02T14:22:06.551+0000] {dagbag.py:538} INFO - Filling up the DagBag from /home/airflow/.local/lib/python3.8/site-packages/airflow/example_dags/example_task_group_decorator.py
[2026-02-02T14:22:06.567+0000] {processor.py:840} INFO - DAG(s) 'example_task_group_decorator' retrieved from /home/airflow/.local/lib/python3.8/site-packages/airflow/example_dags/example_task_group_decorator.py
[2026-02-02T14:22:06.587+0000] {logging_mixin.py:188} INFO - [2026-02-02T14:22:06.587+0000] {dag.py:3036} INFO - Sync 1 DAGs
[2026-02-02T14:22:06.608+0000] {logging_mixin.py:188} INFO - [2026-02-02T14:22:06.607+0000] {dag.py:3823} INFO - Setting next_dagrun for example_task_group_decorator to 2026-02-01 00:00:00+00:00, run_after=2026-02-02 00:00:00+00:00
[2026-02-02T14:22:06.624+0000] {processor.py:183} INFO - Processing /home/airflow/.local/lib/python3.8/site-packages/airflow/example_dags/example_task_group_decorator.py took 0.078 seconds
[2026-02-02T14:22:37.199+0000] {processor.py:161} INFO - Started process (PID=325) to work on /home/airflow/.local/lib/python3.8/site-packages/airflow/example_dags/example_task_group_decorator.py
[2026-02-02T14:22:37.200+0000] {processor.py:830} INFO - Processing file /home/airflow/.local/lib/python3.8/site-packages/airflow/example_dags/example_task_group_decorator.py for tasks to queue
[2026-02-02T14:22:37.202+0000] {logging_mixin.py:188} INFO - [2026-02-02T14:22:37.201+0000] {dagbag.py:538} INFO - Filling up the DagBag from /home/airflow/.local/lib/python3.8/site-packages/airflow/example_dags/example_task_group_decorator.py
[2026-02-02T14:22:37.224+0000] {processor.py:840} INFO - DAG(s) 'example_task_group_decorator' retrieved from /home/airflow/.local/lib/python3.8/site-packages/airflow/example_dags/example_task_group_decorator.py
[2026-02-02T14:22:37.257+0000] {logging_mixin.py:188} INFO - [2026-02-02T14:22:37.257+0000] {dag.py:3036} INFO - Sync 1 DAGs
[2026-02-02T14:22:37.286+0000] {logging_mixin.py:188} INFO - [2026-02-02T14:22:37.285+0000] {dag.py:3823} INFO - Setting next_dagrun for example_task_group_decorator to 2026-02-01 00:00:00+00:00, run_after=2026-02-02 00:00:00+00:00
[2026-02-02T14:22:37.302+0000] {processor.py:183} INFO - Processing /home/airflow/.local/lib/python3.8/site-packages/airflow/example_dags/example_task_group_decorator.py took 0.107 seconds
[2026-02-02T14:23:07.725+0000] {processor.py:161} INFO - Started process (PID=380) to work on /home/airflow/.local/lib/python3.8/site-packages/airflow/example_dags/example_task_group_decorator.py
[2026-02-02T14:23:07.725+0000] {processor.py:830} INFO - Processing file /home/airflow/.local/lib/python3.8/site-packages/airflow/example_dags/example_task_group_decorator.py for tasks to queue
[2026-02-02T14:23:07.727+0000] {logging_mixin.py:188} INFO - [2026-02-02T14:23:07.727+0000] {dagbag.py:538} INFO - Filling up the DagBag from /home/airflow/.local/lib/python3.8/site-packages/airflow/example_dags/example_task_group_decorator.py
[2026-02-02T14:23:07.746+0000] {processor.py:840} INFO - DAG(s) 'example_task_group_decorator' retrieved from /home/airflow/.local/lib/python3.8/site-packages/airflow/example_dags/example_task_group_decorator.py
[2026-02-02T14:23:07.777+0000] {logging_mixin.py:188} INFO - [2026-02-02T14:23:07.776+0000] {dag.py:3036} INFO - Sync 1 DAGs
[2026-02-02T14:23:07.806+0000] {logging_mixin.py:188} INFO - [2026-02-02T14:23:07.805+0000] {dag.py:3823} INFO - Setting next_dagrun for example_task_group_decorator to 2026-02-01 00:00:00+00:00, run_after=2026-02-02 00:00:00+00:00
[2026-02-02T14:23:07.824+0000] {processor.py:183} INFO - Processing /home/airflow/.local/lib/python3.8/site-packages/airflow/example_dags/example_task_group_decorator.py took 0.103 seconds
[2026-02-02T14:23:38.432+0000] {processor.py:161} INFO - Started process (PID=435) to work on /home/airflow/.local/lib/python3.8/site-packages/airflow/example_dags/example_task_group_decorator.py
[2026-02-02T14:23:38.438+0000] {processor.py:830} INFO - Processing file /home/airflow/.local/lib/python3.8/site-packages/airflow/example_dags/example_task_group_decorator.py for tasks to queue
[2026-02-02T14:23:38.440+0000] {logging_mixin.py:188} INFO - [2026-02-02T14:23:38.440+0000] {dagbag.py:538} INFO - Filling up the DagBag from /home/airflow/.local/lib/python3.8/site-packages/airflow/example_dags/example_task_group_decorator.py
[2026-02-02T14:23:38.491+0000] {processor.py:840} INFO - DAG(s) 'example_task_group_decorator' retrieved from /home/airflow/.local/lib/python3.8/site-packages/airflow/example_dags/example_task_group_decorator.py
[2026-02-02T14:23:38.551+0000] {logging_mixin.py:188} INFO - [2026-02-02T14:23:38.551+0000] {dag.py:3036} INFO - Sync 1 DAGs
[2026-02-02T14:23:38.576+0000] {logging_mixin.py:188} INFO - [2026-02-02T14:23:38.576+0000] {dag.py:3823} INFO - Setting next_dagrun for example_task_group_decorator to 2026-02-01 00:00:00+00:00, run_after=2026-02-02 00:00:00+00:00
[2026-02-02T14:23:38.592+0000] {processor.py:183} INFO - Processing /home/airflow/.local/lib/python3.8/site-packages/airflow/example_dags/example_task_group_decorator.py took 0.167 seconds
[2026-02-02T14:24:08.688+0000] {processor.py:161} INFO - Started process (PID=489) to work on /home/airflow/.local/lib/python3.8/site-packages/airflow/example_dags/example_task_group_decorator.py
[2026-02-02T14:24:08.689+0000] {processor.py:830} INFO - Processing file /home/airflow/.local/lib/python3.8/site-packages/airflow/example_dags/example_task_group_decorator.py for tasks to queue
[2026-02-02T14:24:08.690+0000] {logging_mixin.py:188} INFO - [2026-02-02T14:24:08.690+0000] {dagbag.py:538} INFO - Filling up the DagBag from /home/airflow/.local/lib/python3.8/site-packages/airflow/example_dags/example_task_group_decorator.py
[2026-02-02T14:24:08.702+0000] {processor.py:840} INFO - DAG(s) 'example_task_group_decorator' retrieved from /home/airflow/.local/lib/python3.8/site-packages/airflow/example_dags/example_task_group_decorator.py
[2026-02-02T14:24:08.722+0000] {logging_mixin.py:188} INFO - [2026-02-02T14:24:08.722+0000] {dag.py:3036} INFO - Sync 1 DAGs
[2026-02-02T14:24:08.738+0000] {logging_mixin.py:188} INFO - [2026-02-02T14:24:08.738+0000] {dag.py:3823} INFO - Setting next_dagrun for example_task_group_decorator to 2026-02-01 00:00:00+00:00, run_after=2026-02-02 00:00:00+00:00
[2026-02-02T14:24:08.752+0000] {processor.py:183} INFO - Processing /home/airflow/.local/lib/python3.8/site-packages/airflow/example_dags/example_task_group_decorator.py took 0.067 seconds
[2026-02-02T14:24:38.819+0000] {processor.py:161} INFO - Started process (PID=545) to work on /home/airflow/.local/lib/python3.8/site-packages/airflow/example_dags/example_task_group_decorator.py
[2026-02-02T14:24:38.820+0000] {processor.py:830} INFO - Processing file /home/airflow/.local/lib/python3.8/site-packages/airflow/example_dags/example_task_group_decorator.py for tasks to queue
[2026-02-02T14:24:38.822+0000] {logging_mixin.py:188} INFO - [2026-02-02T14:24:38.822+0000] {dagbag.py:538} INFO - Filling up the DagBag from /home/airflow/.local/lib/python3.8/site-packages/airflow/example_dags/example_task_group_decorator.py
[2026-02-02T14:24:38.843+0000] {processor.py:840} INFO - DAG(s) 'example_task_group_decorator' retrieved from /home/airflow/.local/lib/python3.8/site-packages/airflow/example_dags/example_task_group_decorator.py
[2026-02-02T14:24:38.865+0000] {logging_mixin.py:188} INFO - [2026-02-02T14:24:38.865+0000] {dag.py:3036} INFO - Sync 1 DAGs
[2026-02-02T14:24:38.884+0000] {logging_mixin.py:188} INFO - [2026-02-02T14:24:38.884+0000] {dag.py:3823} INFO - Setting next_dagrun for example_task_group_decorator to 2026-02-01 00:00:00+00:00, run_after=2026-02-02 00:00:00+00:00
[2026-02-02T14:24:38.899+0000] {processor.py:183} INFO - Processing /home/airflow/.local/lib/python3.8/site-packages/airflow/example_dags/example_task_group_decorator.py took 0.085 seconds
[2026-02-02T14:25:09.201+0000] {processor.py:161} INFO - Started process (PID=600) to work on /home/airflow/.local/lib/python3.8/site-packages/airflow/example_dags/example_task_group_decorator.py
[2026-02-02T14:25:09.202+0000] {processor.py:830} INFO - Processing file /home/airflow/.local/lib/python3.8/site-packages/airflow/example_dags/example_task_group_decorator.py for tasks to queue
[2026-02-02T14:25:09.204+0000] {logging_mixin.py:188} INFO - [2026-02-02T14:25:09.204+0000] {dagbag.py:538} INFO - Filling up the DagBag from /home/airflow/.local/lib/python3.8/site-packages/airflow/example_dags/example_task_group_decorator.py
[2026-02-02T14:25:09.223+0000] {processor.py:840} INFO - DAG(s) 'example_task_group_decorator' retrieved from /home/airflow/.local/lib/python3.8/site-packages/airflow/example_dags/example_task_group_decorator.py
[2026-02-02T14:25:09.255+0000] {logging_mixin.py:188} INFO - [2026-02-02T14:25:09.254+0000] {dag.py:3036} INFO - Sync 1 DAGs
[2026-02-02T14:25:09.282+0000] {logging_mixin.py:188} INFO - [2026-02-02T14:25:09.282+0000] {dag.py:3823} INFO - Setting next_dagrun for example_task_group_decorator to 2026-02-01 00:00:00+00:00, run_after=2026-02-02 00:00:00+00:00
[2026-02-02T14:25:09.311+0000] {processor.py:183} INFO - Processing /home/airflow/.local/lib/python3.8/site-packages/airflow/example_dags/example_task_group_decorator.py took 0.114 seconds
[2026-02-02T14:25:39.491+0000] {processor.py:161} INFO - Started process (PID=655) to work on /home/airflow/.local/lib/python3.8/site-packages/airflow/example_dags/example_task_group_decorator.py
[2026-02-02T14:25:39.492+0000] {processor.py:830} INFO - Processing file /home/airflow/.local/lib/python3.8/site-packages/airflow/example_dags/example_task_group_decorator.py for tasks to queue
[2026-02-02T14:25:39.494+0000] {logging_mixin.py:188} INFO - [2026-02-02T14:25:39.494+0000] {dagbag.py:538} INFO - Filling up the DagBag from /home/airflow/.local/lib/python3.8/site-packages/airflow/example_dags/example_task_group_decorator.py
[2026-02-02T14:25:39.512+0000] {processor.py:840} INFO - DAG(s) 'example_task_group_decorator' retrieved from /home/airflow/.local/lib/python3.8/site-packages/airflow/example_dags/example_task_group_decorator.py
[2026-02-02T14:25:39.542+0000] {logging_mixin.py:188} INFO - [2026-02-02T14:25:39.542+0000] {dag.py:3036} INFO - Sync 1 DAGs
[2026-02-02T14:25:39.572+0000] {logging_mixin.py:188} INFO - [2026-02-02T14:25:39.572+0000] {dag.py:3823} INFO - Setting next_dagrun for example_task_group_decorator to 2026-02-01 00:00:00+00:00, run_after=2026-02-02 00:00:00+00:00
[2026-02-02T14:25:39.589+0000] {processor.py:183} INFO - Processing /home/airflow/.local/lib/python3.8/site-packages/airflow/example_dags/example_task_group_decorator.py took 0.101 seconds
[2026-02-02T14:26:10.048+0000] {processor.py:161} INFO - Started process (PID=710) to work on /home/airflow/.local/lib/python3.8/site-packages/airflow/example_dags/example_task_group_decorator.py
[2026-02-02T14:26:10.066+0000] {processor.py:830} INFO - Processing file /home/airflow/.local/lib/python3.8/site-packages/airflow/example_dags/example_task_group_decorator.py for tasks to queue
[2026-02-02T14:26:10.072+0000] {logging_mixin.py:188} INFO - [2026-02-02T14:26:10.072+0000] {dagbag.py:538} INFO - Filling up the DagBag from /home/airflow/.local/lib/python3.8/site-packages/airflow/example_dags/example_task_group_decorator.py
[2026-02-02T14:26:10.221+0000] {processor.py:840} INFO - DAG(s) 'example_task_group_decorator' retrieved from /home/airflow/.local/lib/python3.8/site-packages/airflow/example_dags/example_task_group_decorator.py
[2026-02-02T14:26:10.274+0000] {logging_mixin.py:188} INFO - [2026-02-02T14:26:10.273+0000] {dag.py:3036} INFO - Sync 1 DAGs
[2026-02-02T14:26:10.306+0000] {logging_mixin.py:188} INFO - [2026-02-02T14:26:10.306+0000] {dag.py:3823} INFO - Setting next_dagrun for example_task_group_decorator to 2026-02-01 00:00:00+00:00, run_after=2026-02-02 00:00:00+00:00
[2026-02-02T14:26:10.336+0000] {processor.py:183} INFO - Processing /home/airflow/.local/lib/python3.8/site-packages/airflow/example_dags/example_task_group_decorator.py took 0.336 seconds
[2026-02-02T14:26:40.942+0000] {processor.py:161} INFO - Started process (PID=765) to work on /home/airflow/.local/lib/python3.8/site-packages/airflow/example_dags/example_task_group_decorator.py
[2026-02-02T14:26:40.945+0000] {processor.py:830} INFO - Processing file /home/airflow/.local/lib/python3.8/site-packages/airflow/example_dags/example_task_group_decorator.py for tasks to queue
[2026-02-02T14:26:40.951+0000] {logging_mixin.py:188} INFO - [2026-02-02T14:26:40.951+0000] {dagbag.py:538} INFO - Filling up the DagBag from /home/airflow/.local/lib/python3.8/site-packages/airflow/example_dags/example_task_group_decorator.py
[2026-02-02T14:26:40.996+0000] {processor.py:840} INFO - DAG(s) 'example_task_group_decorator' retrieved from /home/airflow/.local/lib/python3.8/site-packages/airflow/example_dags/example_task_group_decorator.py
[2026-02-02T14:26:41.115+0000] {logging_mixin.py:188} INFO - [2026-02-02T14:26:41.115+0000] {dag.py:3036} INFO - Sync 1 DAGs
[2026-02-02T14:26:41.207+0000] {logging_mixin.py:188} INFO - [2026-02-02T14:26:41.206+0000] {dag.py:3823} INFO - Setting next_dagrun for example_task_group_decorator to 2026-02-01 00:00:00+00:00, run_after=2026-02-02 00:00:00+00:00
[2026-02-02T14:26:41.249+0000] {processor.py:183} INFO - Processing /home/airflow/.local/lib/python3.8/site-packages/airflow/example_dags/example_task_group_decorator.py took 0.317 seconds
[2026-02-02T14:27:11.578+0000] {processor.py:161} INFO - Started process (PID=820) to work on /home/airflow/.local/lib/python3.8/site-packages/airflow/example_dags/example_task_group_decorator.py
[2026-02-02T14:27:11.579+0000] {processor.py:830} INFO - Processing file /home/airflow/.local/lib/python3.8/site-packages/airflow/example_dags/example_task_group_decorator.py for tasks to queue
[2026-02-02T14:27:11.581+0000] {logging_mixin.py:188} INFO - [2026-02-02T14:27:11.580+0000] {dagbag.py:538} INFO - Filling up the DagBag from /home/airflow/.local/lib/python3.8/site-packages/airflow/example_dags/example_task_group_decorator.py
[2026-02-02T14:27:11.599+0000] {processor.py:840} INFO - DAG(s) 'example_task_group_decorator' retrieved from /home/airflow/.local/lib/python3.8/site-packages/airflow/example_dags/example_task_group_decorator.py
[2026-02-02T14:27:11.627+0000] {logging_mixin.py:188} INFO - [2026-02-02T14:27:11.626+0000] {dag.py:3036} INFO - Sync 1 DAGs
[2026-02-02T14:27:11.654+0000] {logging_mixin.py:188} INFO - [2026-02-02T14:27:11.653+0000] {dag.py:3823} INFO - Setting next_dagrun for example_task_group_decorator to 2026-02-01 00:00:00+00:00, run_after=2026-02-02 00:00:00+00:00
[2026-02-02T14:27:11.670+0000] {processor.py:183} INFO - Processing /home/airflow/.local/lib/python3.8/site-packages/airflow/example_dags/example_task_group_decorator.py took 0.096 seconds
[2026-02-02T14:27:41.752+0000] {processor.py:161} INFO - Started process (PID=875) to work on /home/airflow/.local/lib/python3.8/site-packages/airflow/example_dags/example_task_group_decorator.py
[2026-02-02T14:27:41.753+0000] {processor.py:830} INFO - Processing file /home/airflow/.local/lib/python3.8/site-packages/airflow/example_dags/example_task_group_decorator.py for tasks to queue
[2026-02-02T14:27:41.755+0000] {logging_mixin.py:188} INFO - [2026-02-02T14:27:41.754+0000] {dagbag.py:538} INFO - Filling up the DagBag from /home/airflow/.local/lib/python3.8/site-packages/airflow/example_dags/example_task_group_decorator.py
[2026-02-02T14:27:41.779+0000] {processor.py:840} INFO - DAG(s) 'example_task_group_decorator' retrieved from /home/airflow/.local/lib/python3.8/site-packages/airflow/example_dags/example_task_group_decorator.py
[2026-02-02T14:27:41.810+0000] {logging_mixin.py:188} INFO - [2026-02-02T14:27:41.809+0000] {dag.py:3036} INFO - Sync 1 DAGs
[2026-02-02T14:27:41.838+0000] {logging_mixin.py:188} INFO - [2026-02-02T14:27:41.838+0000] {dag.py:3823} INFO - Setting next_dagrun for example_task_group_decorator to 2026-02-01 00:00:00+00:00, run_after=2026-02-02 00:00:00+00:00
[2026-02-02T14:27:41.854+0000] {processor.py:183} INFO - Processing /home/airflow/.local/lib/python3.8/site-packages/airflow/example_dags/example_task_group_decorator.py took 0.106 seconds
[2026-02-02T14:28:12.309+0000] {processor.py:161} INFO - Started process (PID=930) to work on /home/airflow/.local/lib/python3.8/site-packages/airflow/example_dags/example_task_group_decorator.py
[2026-02-02T14:28:12.310+0000] {processor.py:830} INFO - Processing file /home/airflow/.local/lib/python3.8/site-packages/airflow/example_dags/example_task_group_decorator.py for tasks to queue
[2026-02-02T14:28:12.313+0000] {logging_mixin.py:188} INFO - [2026-02-02T14:28:12.313+0000] {dagbag.py:538} INFO - Filling up the DagBag from /home/airflow/.local/lib/python3.8/site-packages/airflow/example_dags/example_task_group_decorator.py
[2026-02-02T14:28:12.331+0000] {processor.py:840} INFO - DAG(s) 'example_task_group_decorator' retrieved from /home/airflow/.local/lib/python3.8/site-packages/airflow/example_dags/example_task_group_decorator.py
[2026-02-02T14:28:12.360+0000] {logging_mixin.py:188} INFO - [2026-02-02T14:28:12.360+0000] {dag.py:3036} INFO - Sync 1 DAGs
[2026-02-02T14:28:12.388+0000] {logging_mixin.py:188} INFO - [2026-02-02T14:28:12.387+0000] {dag.py:3823} INFO - Setting next_dagrun for example_task_group_decorator to 2026-02-01 00:00:00+00:00, run_after=2026-02-02 00:00:00+00:00
[2026-02-02T14:28:12.404+0000] {processor.py:183} INFO - Processing /home/airflow/.local/lib/python3.8/site-packages/airflow/example_dags/example_task_group_decorator.py took 0.100 seconds
[2026-02-02T14:28:42.493+0000] {processor.py:161} INFO - Started process (PID=985) to work on /home/airflow/.local/lib/python3.8/site-packages/airflow/example_dags/example_task_group_decorator.py
[2026-02-02T14:28:42.494+0000] {processor.py:830} INFO - Processing file /home/airflow/.local/lib/python3.8/site-packages/airflow/example_dags/example_task_group_decorator.py for tasks to queue
[2026-02-02T14:28:42.497+0000] {logging_mixin.py:188} INFO - [2026-02-02T14:28:42.497+0000] {dagbag.py:538} INFO - Filling up the DagBag from /home/airflow/.local/lib/python3.8/site-packages/airflow/example_dags/example_task_group_decorator.py
[2026-02-02T14:28:42.518+0000] {processor.py:840} INFO - DAG(s) 'example_task_group_decorator' retrieved from /home/airflow/.local/lib/python3.8/site-packages/airflow/example_dags/example_task_group_decorator.py
[2026-02-02T14:28:42.548+0000] {logging_mixin.py:188} INFO - [2026-02-02T14:28:42.548+0000] {dag.py:3036} INFO - Sync 1 DAGs
[2026-02-02T14:28:42.575+0000] {logging_mixin.py:188} INFO - [2026-02-02T14:28:42.575+0000] {dag.py:3823} INFO - Setting next_dagrun for example_task_group_decorator to 2026-02-01 00:00:00+00:00, run_after=2026-02-02 00:00:00+00:00
[2026-02-02T14:28:42.597+0000] {processor.py:183} INFO - Processing /home/airflow/.local/lib/python3.8/site-packages/airflow/example_dags/example_task_group_decorator.py took 0.107 seconds
[2026-02-02T14:29:13.010+0000] {processor.py:161} INFO - Started process (PID=1040) to work on /home/airflow/.local/lib/python3.8/site-packages/airflow/example_dags/example_task_group_decorator.py
[2026-02-02T14:29:13.011+0000] {processor.py:830} INFO - Processing file /home/airflow/.local/lib/python3.8/site-packages/airflow/example_dags/example_task_group_decorator.py for tasks to queue
[2026-02-02T14:29:13.014+0000] {logging_mixin.py:188} INFO - [2026-02-02T14:29:13.013+0000] {dagbag.py:538} INFO - Filling up the DagBag from /home/airflow/.local/lib/python3.8/site-packages/airflow/example_dags/example_task_group_decorator.py
[2026-02-02T14:29:13.032+0000] {processor.py:840} INFO - DAG(s) 'example_task_group_decorator' retrieved from /home/airflow/.local/lib/python3.8/site-packages/airflow/example_dags/example_task_group_decorator.py
[2026-02-02T14:29:13.061+0000] {logging_mixin.py:188} INFO - [2026-02-02T14:29:13.060+0000] {dag.py:3036} INFO - Sync 1 DAGs
[2026-02-02T14:29:13.088+0000] {logging_mixin.py:188} INFO - [2026-02-02T14:29:13.088+0000] {dag.py:3823} INFO - Setting next_dagrun for example_task_group_decorator to 2026-02-01 00:00:00+00:00, run_after=2026-02-02 00:00:00+00:00
[2026-02-02T14:29:13.103+0000] {processor.py:183} INFO - Processing /home/airflow/.local/lib/python3.8/site-packages/airflow/example_dags/example_task_group_decorator.py took 0.099 seconds
[2026-02-02T14:29:43.945+0000] {processor.py:161} INFO - Started process (PID=1095) to work on /home/airflow/.local/lib/python3.8/site-packages/airflow/example_dags/example_task_group_decorator.py
[2026-02-02T14:29:43.947+0000] {processor.py:830} INFO - Processing file /home/airflow/.local/lib/python3.8/site-packages/airflow/example_dags/example_task_group_decorator.py for tasks to queue
[2026-02-02T14:29:43.953+0000] {logging_mixin.py:188} INFO - [2026-02-02T14:29:43.948+0000] {dagbag.py:538} INFO - Filling up the DagBag from /home/airflow/.local/lib/python3.8/site-packages/airflow/example_dags/example_task_group_decorator.py
[2026-02-02T14:29:43.980+0000] {processor.py:840} INFO - DAG(s) 'example_task_group_decorator' retrieved from /home/airflow/.local/lib/python3.8/site-packages/airflow/example_dags/example_task_group_decorator.py
[2026-02-02T14:29:44.043+0000] {logging_mixin.py:188} INFO - [2026-02-02T14:29:44.043+0000] {dag.py:3036} INFO - Sync 1 DAGs
[2026-02-02T14:29:44.068+0000] {logging_mixin.py:188} INFO - [2026-02-02T14:29:44.068+0000] {dag.py:3823} INFO - Setting next_dagrun for example_task_group_decorator to 2026-02-01 00:00:00+00:00, run_after=2026-02-02 00:00:00+00:00
[2026-02-02T14:29:44.083+0000] {processor.py:183} INFO - Processing /home/airflow/.local/lib/python3.8/site-packages/airflow/example_dags/example_task_group_decorator.py took 0.148 seconds
[2026-02-02T14:30:14.525+0000] {processor.py:161} INFO - Started process (PID=1150) to work on /home/airflow/.local/lib/python3.8/site-packages/airflow/example_dags/example_task_group_decorator.py
[2026-02-02T14:30:14.526+0000] {processor.py:830} INFO - Processing file /home/airflow/.local/lib/python3.8/site-packages/airflow/example_dags/example_task_group_decorator.py for tasks to queue
[2026-02-02T14:30:14.529+0000] {logging_mixin.py:188} INFO - [2026-02-02T14:30:14.529+0000] {dagbag.py:538} INFO - Filling up the DagBag from /home/airflow/.local/lib/python3.8/site-packages/airflow/example_dags/example_task_group_decorator.py
[2026-02-02T14:30:14.562+0000] {processor.py:840} INFO - DAG(s) 'example_task_group_decorator' retrieved from /home/airflow/.local/lib/python3.8/site-packages/airflow/example_dags/example_task_group_decorator.py
[2026-02-02T14:30:14.601+0000] {logging_mixin.py:188} INFO - [2026-02-02T14:30:14.601+0000] {dag.py:3036} INFO - Sync 1 DAGs
[2026-02-02T14:30:14.625+0000] {logging_mixin.py:188} INFO - [2026-02-02T14:30:14.625+0000] {dag.py:3823} INFO - Setting next_dagrun for example_task_group_decorator to 2026-02-01 00:00:00+00:00, run_after=2026-02-02 00:00:00+00:00
[2026-02-02T14:30:14.639+0000] {processor.py:183} INFO - Processing /home/airflow/.local/lib/python3.8/site-packages/airflow/example_dags/example_task_group_decorator.py took 0.120 seconds
[2026-02-02T14:30:45.225+0000] {processor.py:161} INFO - Started process (PID=1205) to work on /home/airflow/.local/lib/python3.8/site-packages/airflow/example_dags/example_task_group_decorator.py
[2026-02-02T14:30:45.226+0000] {processor.py:830} INFO - Processing file /home/airflow/.local/lib/python3.8/site-packages/airflow/example_dags/example_task_group_decorator.py for tasks to queue
[2026-02-02T14:30:45.228+0000] {logging_mixin.py:188} INFO - [2026-02-02T14:30:45.228+0000] {dagbag.py:538} INFO - Filling up the DagBag from /home/airflow/.local/lib/python3.8/site-packages/airflow/example_dags/example_task_group_decorator.py
[2026-02-02T14:30:45.252+0000] {processor.py:840} INFO - DAG(s) 'example_task_group_decorator' retrieved from /home/airflow/.local/lib/python3.8/site-packages/airflow/example_dags/example_task_group_decorator.py
[2026-02-02T14:30:45.280+0000] {logging_mixin.py:188} INFO - [2026-02-02T14:30:45.280+0000] {dag.py:3036} INFO - Sync 1 DAGs
[2026-02-02T14:30:45.307+0000] {logging_mixin.py:188} INFO - [2026-02-02T14:30:45.307+0000] {dag.py:3823} INFO - Setting next_dagrun for example_task_group_decorator to 2026-02-01 00:00:00+00:00, run_after=2026-02-02 00:00:00+00:00
[2026-02-02T14:30:45.323+0000] {processor.py:183} INFO - Processing /home/airflow/.local/lib/python3.8/site-packages/airflow/example_dags/example_task_group_decorator.py took 0.101 seconds
[2026-02-02T14:31:15.698+0000] {processor.py:161} INFO - Started process (PID=1260) to work on /home/airflow/.local/lib/python3.8/site-packages/airflow/example_dags/example_task_group_decorator.py
[2026-02-02T14:31:15.700+0000] {processor.py:830} INFO - Processing file /home/airflow/.local/lib/python3.8/site-packages/airflow/example_dags/example_task_group_decorator.py for tasks to queue
[2026-02-02T14:31:15.702+0000] {logging_mixin.py:188} INFO - [2026-02-02T14:31:15.701+0000] {dagbag.py:538} INFO - Filling up the DagBag from /home/airflow/.local/lib/python3.8/site-packages/airflow/example_dags/example_task_group_decorator.py
[2026-02-02T14:31:15.720+0000] {processor.py:840} INFO - DAG(s) 'example_task_group_decorator' retrieved from /home/airflow/.local/lib/python3.8/site-packages/airflow/example_dags/example_task_group_decorator.py
[2026-02-02T14:31:15.749+0000] {logging_mixin.py:188} INFO - [2026-02-02T14:31:15.749+0000] {dag.py:3036} INFO - Sync 1 DAGs
[2026-02-02T14:31:15.775+0000] {logging_mixin.py:188} INFO - [2026-02-02T14:31:15.775+0000] {dag.py:3823} INFO - Setting next_dagrun for example_task_group_decorator to 2026-02-01 00:00:00+00:00, run_after=2026-02-02 00:00:00+00:00
[2026-02-02T14:31:15.792+0000] {processor.py:183} INFO - Processing /home/airflow/.local/lib/python3.8/site-packages/airflow/example_dags/example_task_group_decorator.py took 0.097 seconds
[2026-02-02T14:31:46.561+0000] {processor.py:161} INFO - Started process (PID=1315) to work on /home/airflow/.local/lib/python3.8/site-packages/airflow/example_dags/example_task_group_decorator.py
[2026-02-02T14:31:46.563+0000] {processor.py:830} INFO - Processing file /home/airflow/.local/lib/python3.8/site-packages/airflow/example_dags/example_task_group_decorator.py for tasks to queue
[2026-02-02T14:31:46.567+0000] {logging_mixin.py:188} INFO - [2026-02-02T14:31:46.566+0000] {dagbag.py:538} INFO - Filling up the DagBag from /home/airflow/.local/lib/python3.8/site-packages/airflow/example_dags/example_task_group_decorator.py
[2026-02-02T14:31:46.590+0000] {processor.py:840} INFO - DAG(s) 'example_task_group_decorator' retrieved from /home/airflow/.local/lib/python3.8/site-packages/airflow/example_dags/example_task_group_decorator.py
[2026-02-02T14:31:46.631+0000] {logging_mixin.py:188} INFO - [2026-02-02T14:31:46.631+0000] {dag.py:3036} INFO - Sync 1 DAGs
[2026-02-02T14:31:46.656+0000] {logging_mixin.py:188} INFO - [2026-02-02T14:31:46.656+0000] {dag.py:3823} INFO - Setting next_dagrun for example_task_group_decorator to 2026-02-01 00:00:00+00:00, run_after=2026-02-02 00:00:00+00:00
[2026-02-02T14:31:46.675+0000] {processor.py:183} INFO - Processing /home/airflow/.local/lib/python3.8/site-packages/airflow/example_dags/example_task_group_decorator.py took 0.119 seconds
[2026-02-02T14:32:17.133+0000] {processor.py:161} INFO - Started process (PID=1370) to work on /home/airflow/.local/lib/python3.8/site-packages/airflow/example_dags/example_task_group_decorator.py
[2026-02-02T14:32:17.135+0000] {processor.py:830} INFO - Processing file /home/airflow/.local/lib/python3.8/site-packages/airflow/example_dags/example_task_group_decorator.py for tasks to queue
[2026-02-02T14:32:17.136+0000] {logging_mixin.py:188} INFO - [2026-02-02T14:32:17.136+0000] {dagbag.py:538} INFO - Filling up the DagBag from /home/airflow/.local/lib/python3.8/site-packages/airflow/example_dags/example_task_group_decorator.py
[2026-02-02T14:32:17.155+0000] {processor.py:840} INFO - DAG(s) 'example_task_group_decorator' retrieved from /home/airflow/.local/lib/python3.8/site-packages/airflow/example_dags/example_task_group_decorator.py
[2026-02-02T14:32:17.184+0000] {logging_mixin.py:188} INFO - [2026-02-02T14:32:17.184+0000] {dag.py:3036} INFO - Sync 1 DAGs
[2026-02-02T14:32:17.209+0000] {logging_mixin.py:188} INFO - [2026-02-02T14:32:17.209+0000] {dag.py:3823} INFO - Setting next_dagrun for example_task_group_decorator to 2026-02-01 00:00:00+00:00, run_after=2026-02-02 00:00:00+00:00
[2026-02-02T14:32:17.225+0000] {processor.py:183} INFO - Processing /home/airflow/.local/lib/python3.8/site-packages/airflow/example_dags/example_task_group_decorator.py took 0.097 seconds
[2026-02-02T14:32:47.624+0000] {processor.py:161} INFO - Started process (PID=1425) to work on /home/airflow/.local/lib/python3.8/site-packages/airflow/example_dags/example_task_group_decorator.py
[2026-02-02T14:32:47.624+0000] {processor.py:830} INFO - Processing file /home/airflow/.local/lib/python3.8/site-packages/airflow/example_dags/example_task_group_decorator.py for tasks to queue
[2026-02-02T14:32:47.628+0000] {logging_mixin.py:188} INFO - [2026-02-02T14:32:47.628+0000] {dagbag.py:538} INFO - Filling up the DagBag from /home/airflow/.local/lib/python3.8/site-packages/airflow/example_dags/example_task_group_decorator.py
[2026-02-02T14:32:47.646+0000] {processor.py:840} INFO - DAG(s) 'example_task_group_decorator' retrieved from /home/airflow/.local/lib/python3.8/site-packages/airflow/example_dags/example_task_group_decorator.py
[2026-02-02T14:32:47.676+0000] {logging_mixin.py:188} INFO - [2026-02-02T14:32:47.676+0000] {dag.py:3036} INFO - Sync 1 DAGs
[2026-02-02T14:32:47.701+0000] {logging_mixin.py:188} INFO - [2026-02-02T14:32:47.701+0000] {dag.py:3823} INFO - Setting next_dagrun for example_task_group_decorator to 2026-02-01 00:00:00+00:00, run_after=2026-02-02 00:00:00+00:00
[2026-02-02T14:32:47.720+0000] {processor.py:183} INFO - Processing /home/airflow/.local/lib/python3.8/site-packages/airflow/example_dags/example_task_group_decorator.py took 0.102 seconds
[2026-02-02T14:33:17.814+0000] {processor.py:161} INFO - Started process (PID=1480) to work on /home/airflow/.local/lib/python3.8/site-packages/airflow/example_dags/example_task_group_decorator.py
[2026-02-02T14:33:17.816+0000] {processor.py:830} INFO - Processing file /home/airflow/.local/lib/python3.8/site-packages/airflow/example_dags/example_task_group_decorator.py for tasks to queue
[2026-02-02T14:33:17.819+0000] {logging_mixin.py:188} INFO - [2026-02-02T14:33:17.818+0000] {dagbag.py:538} INFO - Filling up the DagBag from /home/airflow/.local/lib/python3.8/site-packages/airflow/example_dags/example_task_group_decorator.py
[2026-02-02T14:33:17.843+0000] {processor.py:840} INFO - DAG(s) 'example_task_group_decorator' retrieved from /home/airflow/.local/lib/python3.8/site-packages/airflow/example_dags/example_task_group_decorator.py
[2026-02-02T14:33:17.906+0000] {logging_mixin.py:188} INFO - [2026-02-02T14:33:17.906+0000] {dag.py:3036} INFO - Sync 1 DAGs
[2026-02-02T14:33:17.956+0000] {logging_mixin.py:188} INFO - [2026-02-02T14:33:17.956+0000] {dag.py:3823} INFO - Setting next_dagrun for example_task_group_decorator to 2026-02-01 00:00:00+00:00, run_after=2026-02-02 00:00:00+00:00
[2026-02-02T14:33:17.994+0000] {processor.py:183} INFO - Processing /home/airflow/.local/lib/python3.8/site-packages/airflow/example_dags/example_task_group_decorator.py took 0.190 seconds
[2026-02-02T14:33:48.064+0000] {processor.py:161} INFO - Started process (PID=1535) to work on /home/airflow/.local/lib/python3.8/site-packages/airflow/example_dags/example_task_group_decorator.py
[2026-02-02T14:33:48.065+0000] {processor.py:830} INFO - Processing file /home/airflow/.local/lib/python3.8/site-packages/airflow/example_dags/example_task_group_decorator.py for tasks to queue
[2026-02-02T14:33:48.067+0000] {logging_mixin.py:188} INFO - [2026-02-02T14:33:48.067+0000] {dagbag.py:538} INFO - Filling up the DagBag from /home/airflow/.local/lib/python3.8/site-packages/airflow/example_dags/example_task_group_decorator.py
[2026-02-02T14:33:48.091+0000] {processor.py:840} INFO - DAG(s) 'example_task_group_decorator' retrieved from /home/airflow/.local/lib/python3.8/site-packages/airflow/example_dags/example_task_group_decorator.py
[2026-02-02T14:33:48.122+0000] {logging_mixin.py:188} INFO - [2026-02-02T14:33:48.122+0000] {dag.py:3036} INFO - Sync 1 DAGs
[2026-02-02T14:33:48.151+0000] {logging_mixin.py:188} INFO - [2026-02-02T14:33:48.151+0000] {dag.py:3823} INFO - Setting next_dagrun for example_task_group_decorator to 2026-02-01 00:00:00+00:00, run_after=2026-02-02 00:00:00+00:00
[2026-02-02T14:33:48.169+0000] {processor.py:183} INFO - Processing /home/airflow/.local/lib/python3.8/site-packages/airflow/example_dags/example_task_group_decorator.py took 0.109 seconds
[2026-02-02T14:34:18.468+0000] {processor.py:161} INFO - Started process (PID=1590) to work on /home/airflow/.local/lib/python3.8/site-packages/airflow/example_dags/example_task_group_decorator.py
[2026-02-02T14:34:18.469+0000] {processor.py:830} INFO - Processing file /home/airflow/.local/lib/python3.8/site-packages/airflow/example_dags/example_task_group_decorator.py for tasks to queue
[2026-02-02T14:34:18.471+0000] {logging_mixin.py:188} INFO - [2026-02-02T14:34:18.471+0000] {dagbag.py:538} INFO - Filling up the DagBag from /home/airflow/.local/lib/python3.8/site-packages/airflow/example_dags/example_task_group_decorator.py
[2026-02-02T14:34:18.489+0000] {processor.py:840} INFO - DAG(s) 'example_task_group_decorator' retrieved from /home/airflow/.local/lib/python3.8/site-packages/airflow/example_dags/example_task_group_decorator.py
[2026-02-02T14:34:18.530+0000] {logging_mixin.py:188} INFO - [2026-02-02T14:34:18.530+0000] {dag.py:3036} INFO - Sync 1 DAGs
[2026-02-02T14:34:18.592+0000] {logging_mixin.py:188} INFO - [2026-02-02T14:34:18.592+0000] {dag.py:3823} INFO - Setting next_dagrun for example_task_group_decorator to 2026-02-01 00:00:00+00:00, run_after=2026-02-02 00:00:00+00:00
[2026-02-02T14:34:18.617+0000] {processor.py:183} INFO - Processing /home/airflow/.local/lib/python3.8/site-packages/airflow/example_dags/example_task_group_decorator.py took 0.152 seconds
[2026-02-02T14:34:48.827+0000] {processor.py:161} INFO - Started process (PID=1645) to work on /home/airflow/.local/lib/python3.8/site-packages/airflow/example_dags/example_task_group_decorator.py
[2026-02-02T14:34:48.828+0000] {processor.py:830} INFO - Processing file /home/airflow/.local/lib/python3.8/site-packages/airflow/example_dags/example_task_group_decorator.py for tasks to queue
[2026-02-02T14:34:48.835+0000] {logging_mixin.py:188} INFO - [2026-02-02T14:34:48.835+0000] {dagbag.py:538} INFO - Filling up the DagBag from /home/airflow/.local/lib/python3.8/site-packages/airflow/example_dags/example_task_group_decorator.py
[2026-02-02T14:34:48.866+0000] {processor.py:840} INFO - DAG(s) 'example_task_group_decorator' retrieved from /home/airflow/.local/lib/python3.8/site-packages/airflow/example_dags/example_task_group_decorator.py
[2026-02-02T14:34:48.923+0000] {logging_mixin.py:188} INFO - [2026-02-02T14:34:48.923+0000] {dag.py:3036} INFO - Sync 1 DAGs
[2026-02-02T14:34:48.960+0000] {logging_mixin.py:188} INFO - [2026-02-02T14:34:48.959+0000] {dag.py:3823} INFO - Setting next_dagrun for example_task_group_decorator to 2026-02-01 00:00:00+00:00, run_after=2026-02-02 00:00:00+00:00
[2026-02-02T14:34:48.990+0000] {processor.py:183} INFO - Processing /home/airflow/.local/lib/python3.8/site-packages/airflow/example_dags/example_task_group_decorator.py took 0.176 seconds
[2026-02-02T14:35:20.013+0000] {processor.py:161} INFO - Started process (PID=1700) to work on /home/airflow/.local/lib/python3.8/site-packages/airflow/example_dags/example_task_group_decorator.py
[2026-02-02T14:35:20.017+0000] {processor.py:830} INFO - Processing file /home/airflow/.local/lib/python3.8/site-packages/airflow/example_dags/example_task_group_decorator.py for tasks to queue
[2026-02-02T14:35:20.029+0000] {logging_mixin.py:188} INFO - [2026-02-02T14:35:20.019+0000] {dagbag.py:538} INFO - Filling up the DagBag from /home/airflow/.local/lib/python3.8/site-packages/airflow/example_dags/example_task_group_decorator.py
[2026-02-02T14:35:20.091+0000] {processor.py:840} INFO - DAG(s) 'example_task_group_decorator' retrieved from /home/airflow/.local/lib/python3.8/site-packages/airflow/example_dags/example_task_group_decorator.py
[2026-02-02T14:35:20.143+0000] {logging_mixin.py:188} INFO - [2026-02-02T14:35:20.143+0000] {dag.py:3036} INFO - Sync 1 DAGs
[2026-02-02T14:35:20.194+0000] {logging_mixin.py:188} INFO - [2026-02-02T14:35:20.194+0000] {dag.py:3823} INFO - Setting next_dagrun for example_task_group_decorator to 2026-02-01 00:00:00+00:00, run_after=2026-02-02 00:00:00+00:00
[2026-02-02T14:35:20.232+0000] {processor.py:183} INFO - Processing /home/airflow/.local/lib/python3.8/site-packages/airflow/example_dags/example_task_group_decorator.py took 0.244 seconds
[2026-02-02T14:35:50.278+0000] {processor.py:161} INFO - Started process (PID=1755) to work on /home/airflow/.local/lib/python3.8/site-packages/airflow/example_dags/example_task_group_decorator.py
[2026-02-02T14:35:50.279+0000] {processor.py:830} INFO - Processing file /home/airflow/.local/lib/python3.8/site-packages/airflow/example_dags/example_task_group_decorator.py for tasks to queue
[2026-02-02T14:35:50.283+0000] {logging_mixin.py:188} INFO - [2026-02-02T14:35:50.282+0000] {dagbag.py:538} INFO - Filling up the DagBag from /home/airflow/.local/lib/python3.8/site-packages/airflow/example_dags/example_task_group_decorator.py
[2026-02-02T14:35:50.301+0000] {processor.py:840} INFO - DAG(s) 'example_task_group_decorator' retrieved from /home/airflow/.local/lib/python3.8/site-packages/airflow/example_dags/example_task_group_decorator.py
[2026-02-02T14:35:50.330+0000] {logging_mixin.py:188} INFO - [2026-02-02T14:35:50.329+0000] {dag.py:3036} INFO - Sync 1 DAGs
[2026-02-02T14:35:50.355+0000] {logging_mixin.py:188} INFO - [2026-02-02T14:35:50.355+0000] {dag.py:3823} INFO - Setting next_dagrun for example_task_group_decorator to 2026-02-01 00:00:00+00:00, run_after=2026-02-02 00:00:00+00:00
[2026-02-02T14:35:50.374+0000] {processor.py:183} INFO - Processing /home/airflow/.local/lib/python3.8/site-packages/airflow/example_dags/example_task_group_decorator.py took 0.101 seconds
[2026-02-02T14:36:20.640+0000] {processor.py:161} INFO - Started process (PID=1810) to work on /home/airflow/.local/lib/python3.8/site-packages/airflow/example_dags/example_task_group_decorator.py
[2026-02-02T14:36:20.641+0000] {processor.py:830} INFO - Processing file /home/airflow/.local/lib/python3.8/site-packages/airflow/example_dags/example_task_group_decorator.py for tasks to queue
[2026-02-02T14:36:20.642+0000] {logging_mixin.py:188} INFO - [2026-02-02T14:36:20.642+0000] {dagbag.py:538} INFO - Filling up the DagBag from /home/airflow/.local/lib/python3.8/site-packages/airflow/example_dags/example_task_group_decorator.py
[2026-02-02T14:36:20.661+0000] {processor.py:840} INFO - DAG(s) 'example_task_group_decorator' retrieved from /home/airflow/.local/lib/python3.8/site-packages/airflow/example_dags/example_task_group_decorator.py
[2026-02-02T14:36:20.692+0000] {logging_mixin.py:188} INFO - [2026-02-02T14:36:20.691+0000] {dag.py:3036} INFO - Sync 1 DAGs
[2026-02-02T14:36:20.719+0000] {logging_mixin.py:188} INFO - [2026-02-02T14:36:20.719+0000] {dag.py:3823} INFO - Setting next_dagrun for example_task_group_decorator to 2026-02-01 00:00:00+00:00, run_after=2026-02-02 00:00:00+00:00
[2026-02-02T14:36:20.735+0000] {processor.py:183} INFO - Processing /home/airflow/.local/lib/python3.8/site-packages/airflow/example_dags/example_task_group_decorator.py took 0.099 seconds
[2026-02-02T14:36:51.562+0000] {processor.py:161} INFO - Started process (PID=1865) to work on /home/airflow/.local/lib/python3.8/site-packages/airflow/example_dags/example_task_group_decorator.py
[2026-02-02T14:36:51.563+0000] {processor.py:830} INFO - Processing file /home/airflow/.local/lib/python3.8/site-packages/airflow/example_dags/example_task_group_decorator.py for tasks to queue
[2026-02-02T14:36:51.565+0000] {logging_mixin.py:188} INFO - [2026-02-02T14:36:51.565+0000] {dagbag.py:538} INFO - Filling up the DagBag from /home/airflow/.local/lib/python3.8/site-packages/airflow/example_dags/example_task_group_decorator.py
[2026-02-02T14:36:51.601+0000] {processor.py:840} INFO - DAG(s) 'example_task_group_decorator' retrieved from /home/airflow/.local/lib/python3.8/site-packages/airflow/example_dags/example_task_group_decorator.py
[2026-02-02T14:36:51.649+0000] {logging_mixin.py:188} INFO - [2026-02-02T14:36:51.649+0000] {dag.py:3036} INFO - Sync 1 DAGs
[2026-02-02T14:36:51.745+0000] {logging_mixin.py:188} INFO - [2026-02-02T14:36:51.745+0000] {dag.py:3823} INFO - Setting next_dagrun for example_task_group_decorator to 2026-02-01 00:00:00+00:00, run_after=2026-02-02 00:00:00+00:00
[2026-02-02T14:36:51.775+0000] {processor.py:183} INFO - Processing /home/airflow/.local/lib/python3.8/site-packages/airflow/example_dags/example_task_group_decorator.py took 0.216 seconds
[2026-02-02T14:37:22.000+0000] {processor.py:161} INFO - Started process (PID=1920) to work on /home/airflow/.local/lib/python3.8/site-packages/airflow/example_dags/example_task_group_decorator.py
[2026-02-02T14:37:22.001+0000] {processor.py:830} INFO - Processing file /home/airflow/.local/lib/python3.8/site-packages/airflow/example_dags/example_task_group_decorator.py for tasks to queue
[2026-02-02T14:37:22.003+0000] {logging_mixin.py:188} INFO - [2026-02-02T14:37:22.003+0000] {dagbag.py:538} INFO - Filling up the DagBag from /home/airflow/.local/lib/python3.8/site-packages/airflow/example_dags/example_task_group_decorator.py
[2026-02-02T14:37:22.021+0000] {processor.py:840} INFO - DAG(s) 'example_task_group_decorator' retrieved from /home/airflow/.local/lib/python3.8/site-packages/airflow/example_dags/example_task_group_decorator.py
[2026-02-02T14:37:22.063+0000] {logging_mixin.py:188} INFO - [2026-02-02T14:37:22.063+0000] {dag.py:3036} INFO - Sync 1 DAGs
[2026-02-02T14:37:22.105+0000] {logging_mixin.py:188} INFO - [2026-02-02T14:37:22.105+0000] {dag.py:3823} INFO - Setting next_dagrun for example_task_group_decorator to 2026-02-01 00:00:00+00:00, run_after=2026-02-02 00:00:00+00:00
[2026-02-02T14:37:22.128+0000] {processor.py:183} INFO - Processing /home/airflow/.local/lib/python3.8/site-packages/airflow/example_dags/example_task_group_decorator.py took 0.135 seconds
[2026-02-02T14:37:52.456+0000] {processor.py:161} INFO - Started process (PID=1975) to work on /home/airflow/.local/lib/python3.8/site-packages/airflow/example_dags/example_task_group_decorator.py
[2026-02-02T14:37:52.458+0000] {processor.py:830} INFO - Processing file /home/airflow/.local/lib/python3.8/site-packages/airflow/example_dags/example_task_group_decorator.py for tasks to queue
[2026-02-02T14:37:52.462+0000] {logging_mixin.py:188} INFO - [2026-02-02T14:37:52.461+0000] {dagbag.py:538} INFO - Filling up the DagBag from /home/airflow/.local/lib/python3.8/site-packages/airflow/example_dags/example_task_group_decorator.py
[2026-02-02T14:37:52.485+0000] {processor.py:840} INFO - DAG(s) 'example_task_group_decorator' retrieved from /home/airflow/.local/lib/python3.8/site-packages/airflow/example_dags/example_task_group_decorator.py
[2026-02-02T14:37:52.527+0000] {logging_mixin.py:188} INFO - [2026-02-02T14:37:52.526+0000] {dag.py:3036} INFO - Sync 1 DAGs
[2026-02-02T14:37:52.553+0000] {logging_mixin.py:188} INFO - [2026-02-02T14:37:52.553+0000] {dag.py:3823} INFO - Setting next_dagrun for example_task_group_decorator to 2026-02-01 00:00:00+00:00, run_after=2026-02-02 00:00:00+00:00
[2026-02-02T14:37:52.572+0000] {processor.py:183} INFO - Processing /home/airflow/.local/lib/python3.8/site-packages/airflow/example_dags/example_task_group_decorator.py took 0.123 seconds
[2026-02-02T14:38:22.673+0000] {processor.py:161} INFO - Started process (PID=2029) to work on /home/airflow/.local/lib/python3.8/site-packages/airflow/example_dags/example_task_group_decorator.py
[2026-02-02T14:38:22.676+0000] {processor.py:830} INFO - Processing file /home/airflow/.local/lib/python3.8/site-packages/airflow/example_dags/example_task_group_decorator.py for tasks to queue
[2026-02-02T14:38:22.678+0000] {logging_mixin.py:188} INFO - [2026-02-02T14:38:22.677+0000] {dagbag.py:538} INFO - Filling up the DagBag from /home/airflow/.local/lib/python3.8/site-packages/airflow/example_dags/example_task_group_decorator.py
[2026-02-02T14:38:22.706+0000] {processor.py:840} INFO - DAG(s) 'example_task_group_decorator' retrieved from /home/airflow/.local/lib/python3.8/site-packages/airflow/example_dags/example_task_group_decorator.py
[2026-02-02T14:38:22.738+0000] {logging_mixin.py:188} INFO - [2026-02-02T14:38:22.738+0000] {dag.py:3036} INFO - Sync 1 DAGs
[2026-02-02T14:38:22.762+0000] {logging_mixin.py:188} INFO - [2026-02-02T14:38:22.762+0000] {dag.py:3823} INFO - Setting next_dagrun for example_task_group_decorator to 2026-02-01 00:00:00+00:00, run_after=2026-02-02 00:00:00+00:00
[2026-02-02T14:38:22.789+0000] {processor.py:183} INFO - Processing /home/airflow/.local/lib/python3.8/site-packages/airflow/example_dags/example_task_group_decorator.py took 0.124 seconds
[2026-02-02T14:38:53.298+0000] {processor.py:161} INFO - Started process (PID=2084) to work on /home/airflow/.local/lib/python3.8/site-packages/airflow/example_dags/example_task_group_decorator.py
[2026-02-02T14:38:53.299+0000] {processor.py:830} INFO - Processing file /home/airflow/.local/lib/python3.8/site-packages/airflow/example_dags/example_task_group_decorator.py for tasks to queue
[2026-02-02T14:38:53.301+0000] {logging_mixin.py:188} INFO - [2026-02-02T14:38:53.300+0000] {dagbag.py:538} INFO - Filling up the DagBag from /home/airflow/.local/lib/python3.8/site-packages/airflow/example_dags/example_task_group_decorator.py
[2026-02-02T14:38:53.320+0000] {processor.py:840} INFO - DAG(s) 'example_task_group_decorator' retrieved from /home/airflow/.local/lib/python3.8/site-packages/airflow/example_dags/example_task_group_decorator.py
[2026-02-02T14:38:53.362+0000] {logging_mixin.py:188} INFO - [2026-02-02T14:38:53.362+0000] {dag.py:3036} INFO - Sync 1 DAGs
[2026-02-02T14:38:53.390+0000] {logging_mixin.py:188} INFO - [2026-02-02T14:38:53.390+0000] {dag.py:3823} INFO - Setting next_dagrun for example_task_group_decorator to 2026-02-01 00:00:00+00:00, run_after=2026-02-02 00:00:00+00:00
[2026-02-02T14:38:53.405+0000] {processor.py:183} INFO - Processing /home/airflow/.local/lib/python3.8/site-packages/airflow/example_dags/example_task_group_decorator.py took 0.111 seconds
[2026-02-02T14:39:23.454+0000] {processor.py:161} INFO - Started process (PID=2139) to work on /home/airflow/.local/lib/python3.8/site-packages/airflow/example_dags/example_task_group_decorator.py
[2026-02-02T14:39:23.455+0000] {processor.py:830} INFO - Processing file /home/airflow/.local/lib/python3.8/site-packages/airflow/example_dags/example_task_group_decorator.py for tasks to queue
[2026-02-02T14:39:23.457+0000] {logging_mixin.py:188} INFO - [2026-02-02T14:39:23.457+0000] {dagbag.py:538} INFO - Filling up the DagBag from /home/airflow/.local/lib/python3.8/site-packages/airflow/example_dags/example_task_group_decorator.py
[2026-02-02T14:39:23.478+0000] {processor.py:840} INFO - DAG(s) 'example_task_group_decorator' retrieved from /home/airflow/.local/lib/python3.8/site-packages/airflow/example_dags/example_task_group_decorator.py
[2026-02-02T14:39:23.508+0000] {logging_mixin.py:188} INFO - [2026-02-02T14:39:23.507+0000] {dag.py:3036} INFO - Sync 1 DAGs
[2026-02-02T14:39:23.536+0000] {logging_mixin.py:188} INFO - [2026-02-02T14:39:23.536+0000] {dag.py:3823} INFO - Setting next_dagrun for example_task_group_decorator to 2026-02-01 00:00:00+00:00, run_after=2026-02-02 00:00:00+00:00
[2026-02-02T14:39:23.553+0000] {processor.py:183} INFO - Processing /home/airflow/.local/lib/python3.8/site-packages/airflow/example_dags/example_task_group_decorator.py took 0.102 seconds
[2026-02-02T14:39:53.815+0000] {processor.py:161} INFO - Started process (PID=2194) to work on /home/airflow/.local/lib/python3.8/site-packages/airflow/example_dags/example_task_group_decorator.py
[2026-02-02T14:39:53.816+0000] {processor.py:830} INFO - Processing file /home/airflow/.local/lib/python3.8/site-packages/airflow/example_dags/example_task_group_decorator.py for tasks to queue
[2026-02-02T14:39:53.818+0000] {logging_mixin.py:188} INFO - [2026-02-02T14:39:53.818+0000] {dagbag.py:538} INFO - Filling up the DagBag from /home/airflow/.local/lib/python3.8/site-packages/airflow/example_dags/example_task_group_decorator.py
[2026-02-02T14:39:53.839+0000] {processor.py:840} INFO - DAG(s) 'example_task_group_decorator' retrieved from /home/airflow/.local/lib/python3.8/site-packages/airflow/example_dags/example_task_group_decorator.py
[2026-02-02T14:39:53.869+0000] {logging_mixin.py:188} INFO - [2026-02-02T14:39:53.869+0000] {dag.py:3036} INFO - Sync 1 DAGs
[2026-02-02T14:39:53.896+0000] {logging_mixin.py:188} INFO - [2026-02-02T14:39:53.896+0000] {dag.py:3823} INFO - Setting next_dagrun for example_task_group_decorator to 2026-02-01 00:00:00+00:00, run_after=2026-02-02 00:00:00+00:00
[2026-02-02T14:39:53.912+0000] {processor.py:183} INFO - Processing /home/airflow/.local/lib/python3.8/site-packages/airflow/example_dags/example_task_group_decorator.py took 0.100 seconds
[2026-02-02T14:40:24.086+0000] {processor.py:161} INFO - Started process (PID=2248) to work on /home/airflow/.local/lib/python3.8/site-packages/airflow/example_dags/example_task_group_decorator.py
[2026-02-02T14:40:24.089+0000] {processor.py:830} INFO - Processing file /home/airflow/.local/lib/python3.8/site-packages/airflow/example_dags/example_task_group_decorator.py for tasks to queue
[2026-02-02T14:40:24.092+0000] {logging_mixin.py:188} INFO - [2026-02-02T14:40:24.092+0000] {dagbag.py:538} INFO - Filling up the DagBag from /home/airflow/.local/lib/python3.8/site-packages/airflow/example_dags/example_task_group_decorator.py
[2026-02-02T14:40:24.119+0000] {processor.py:840} INFO - DAG(s) 'example_task_group_decorator' retrieved from /home/airflow/.local/lib/python3.8/site-packages/airflow/example_dags/example_task_group_decorator.py
[2026-02-02T14:40:24.149+0000] {logging_mixin.py:188} INFO - [2026-02-02T14:40:24.148+0000] {dag.py:3036} INFO - Sync 1 DAGs
[2026-02-02T14:40:24.174+0000] {logging_mixin.py:188} INFO - [2026-02-02T14:40:24.174+0000] {dag.py:3823} INFO - Setting next_dagrun for example_task_group_decorator to 2026-02-01 00:00:00+00:00, run_after=2026-02-02 00:00:00+00:00
[2026-02-02T14:40:24.190+0000] {processor.py:183} INFO - Processing /home/airflow/.local/lib/python3.8/site-packages/airflow/example_dags/example_task_group_decorator.py took 0.114 seconds
[2026-02-02T14:40:54.310+0000] {processor.py:161} INFO - Started process (PID=2301) to work on /home/airflow/.local/lib/python3.8/site-packages/airflow/example_dags/example_task_group_decorator.py
[2026-02-02T14:40:54.311+0000] {processor.py:830} INFO - Processing file /home/airflow/.local/lib/python3.8/site-packages/airflow/example_dags/example_task_group_decorator.py for tasks to queue
[2026-02-02T14:40:54.313+0000] {logging_mixin.py:188} INFO - [2026-02-02T14:40:54.313+0000] {dagbag.py:538} INFO - Filling up the DagBag from /home/airflow/.local/lib/python3.8/site-packages/airflow/example_dags/example_task_group_decorator.py
[2026-02-02T14:40:54.332+0000] {processor.py:840} INFO - DAG(s) 'example_task_group_decorator' retrieved from /home/airflow/.local/lib/python3.8/site-packages/airflow/example_dags/example_task_group_decorator.py
[2026-02-02T14:40:54.361+0000] {logging_mixin.py:188} INFO - [2026-02-02T14:40:54.361+0000] {dag.py:3036} INFO - Sync 1 DAGs
[2026-02-02T14:40:54.388+0000] {logging_mixin.py:188} INFO - [2026-02-02T14:40:54.387+0000] {dag.py:3823} INFO - Setting next_dagrun for example_task_group_decorator to 2026-02-01 00:00:00+00:00, run_after=2026-02-02 00:00:00+00:00
[2026-02-02T14:40:54.404+0000] {processor.py:183} INFO - Processing /home/airflow/.local/lib/python3.8/site-packages/airflow/example_dags/example_task_group_decorator.py took 0.098 seconds
[2026-02-02T14:41:24.764+0000] {processor.py:161} INFO - Started process (PID=2357) to work on /home/airflow/.local/lib/python3.8/site-packages/airflow/example_dags/example_task_group_decorator.py
[2026-02-02T14:41:24.767+0000] {processor.py:830} INFO - Processing file /home/airflow/.local/lib/python3.8/site-packages/airflow/example_dags/example_task_group_decorator.py for tasks to queue
[2026-02-02T14:41:24.771+0000] {logging_mixin.py:188} INFO - [2026-02-02T14:41:24.771+0000] {dagbag.py:538} INFO - Filling up the DagBag from /home/airflow/.local/lib/python3.8/site-packages/airflow/example_dags/example_task_group_decorator.py
[2026-02-02T14:41:24.790+0000] {processor.py:840} INFO - DAG(s) 'example_task_group_decorator' retrieved from /home/airflow/.local/lib/python3.8/site-packages/airflow/example_dags/example_task_group_decorator.py
[2026-02-02T14:41:24.872+0000] {logging_mixin.py:188} INFO - [2026-02-02T14:41:24.872+0000] {dag.py:3036} INFO - Sync 1 DAGs
[2026-02-02T14:41:24.973+0000] {logging_mixin.py:188} INFO - [2026-02-02T14:41:24.973+0000] {dag.py:3823} INFO - Setting next_dagrun for example_task_group_decorator to 2026-02-01 00:00:00+00:00, run_after=2026-02-02 00:00:00+00:00
[2026-02-02T14:41:25.051+0000] {processor.py:183} INFO - Processing /home/airflow/.local/lib/python3.8/site-packages/airflow/example_dags/example_task_group_decorator.py took 0.301 seconds
[2026-02-02T14:41:55.571+0000] {processor.py:161} INFO - Started process (PID=2412) to work on /home/airflow/.local/lib/python3.8/site-packages/airflow/example_dags/example_task_group_decorator.py
[2026-02-02T14:41:55.571+0000] {processor.py:830} INFO - Processing file /home/airflow/.local/lib/python3.8/site-packages/airflow/example_dags/example_task_group_decorator.py for tasks to queue
[2026-02-02T14:41:55.574+0000] {logging_mixin.py:188} INFO - [2026-02-02T14:41:55.574+0000] {dagbag.py:538} INFO - Filling up the DagBag from /home/airflow/.local/lib/python3.8/site-packages/airflow/example_dags/example_task_group_decorator.py
[2026-02-02T14:41:55.592+0000] {processor.py:840} INFO - DAG(s) 'example_task_group_decorator' retrieved from /home/airflow/.local/lib/python3.8/site-packages/airflow/example_dags/example_task_group_decorator.py
[2026-02-02T14:41:55.637+0000] {logging_mixin.py:188} INFO - [2026-02-02T14:41:55.637+0000] {dag.py:3036} INFO - Sync 1 DAGs
[2026-02-02T14:41:55.665+0000] {logging_mixin.py:188} INFO - [2026-02-02T14:41:55.665+0000] {dag.py:3823} INFO - Setting next_dagrun for example_task_group_decorator to 2026-02-01 00:00:00+00:00, run_after=2026-02-02 00:00:00+00:00
[2026-02-02T14:41:55.688+0000] {processor.py:183} INFO - Processing /home/airflow/.local/lib/python3.8/site-packages/airflow/example_dags/example_task_group_decorator.py took 0.122 seconds
[2026-02-02T14:42:26.366+0000] {processor.py:161} INFO - Started process (PID=2467) to work on /home/airflow/.local/lib/python3.8/site-packages/airflow/example_dags/example_task_group_decorator.py
[2026-02-02T14:42:26.367+0000] {processor.py:830} INFO - Processing file /home/airflow/.local/lib/python3.8/site-packages/airflow/example_dags/example_task_group_decorator.py for tasks to queue
[2026-02-02T14:42:26.371+0000] {logging_mixin.py:188} INFO - [2026-02-02T14:42:26.371+0000] {dagbag.py:538} INFO - Filling up the DagBag from /home/airflow/.local/lib/python3.8/site-packages/airflow/example_dags/example_task_group_decorator.py
[2026-02-02T14:42:26.393+0000] {processor.py:840} INFO - DAG(s) 'example_task_group_decorator' retrieved from /home/airflow/.local/lib/python3.8/site-packages/airflow/example_dags/example_task_group_decorator.py
[2026-02-02T14:42:26.426+0000] {logging_mixin.py:188} INFO - [2026-02-02T14:42:26.426+0000] {dag.py:3036} INFO - Sync 1 DAGs
[2026-02-02T14:42:26.455+0000] {logging_mixin.py:188} INFO - [2026-02-02T14:42:26.455+0000] {dag.py:3823} INFO - Setting next_dagrun for example_task_group_decorator to 2026-02-01 00:00:00+00:00, run_after=2026-02-02 00:00:00+00:00
[2026-02-02T14:42:26.620+0000] {processor.py:183} INFO - Processing /home/airflow/.local/lib/python3.8/site-packages/airflow/example_dags/example_task_group_decorator.py took 0.258 seconds
[2026-02-02T14:42:57.105+0000] {processor.py:161} INFO - Started process (PID=2522) to work on /home/airflow/.local/lib/python3.8/site-packages/airflow/example_dags/example_task_group_decorator.py
[2026-02-02T14:42:57.106+0000] {processor.py:830} INFO - Processing file /home/airflow/.local/lib/python3.8/site-packages/airflow/example_dags/example_task_group_decorator.py for tasks to queue
[2026-02-02T14:42:57.108+0000] {logging_mixin.py:188} INFO - [2026-02-02T14:42:57.108+0000] {dagbag.py:538} INFO - Filling up the DagBag from /home/airflow/.local/lib/python3.8/site-packages/airflow/example_dags/example_task_group_decorator.py
[2026-02-02T14:42:57.129+0000] {processor.py:840} INFO - DAG(s) 'example_task_group_decorator' retrieved from /home/airflow/.local/lib/python3.8/site-packages/airflow/example_dags/example_task_group_decorator.py
[2026-02-02T14:42:57.160+0000] {logging_mixin.py:188} INFO - [2026-02-02T14:42:57.160+0000] {dag.py:3036} INFO - Sync 1 DAGs
[2026-02-02T14:42:57.185+0000] {logging_mixin.py:188} INFO - [2026-02-02T14:42:57.185+0000] {dag.py:3823} INFO - Setting next_dagrun for example_task_group_decorator to 2026-02-01 00:00:00+00:00, run_after=2026-02-02 00:00:00+00:00
[2026-02-02T14:42:57.206+0000] {processor.py:183} INFO - Processing /home/airflow/.local/lib/python3.8/site-packages/airflow/example_dags/example_task_group_decorator.py took 0.104 seconds
[2026-02-02T14:43:28.319+0000] {processor.py:161} INFO - Started process (PID=2576) to work on /home/airflow/.local/lib/python3.8/site-packages/airflow/example_dags/example_task_group_decorator.py
[2026-02-02T14:43:28.321+0000] {processor.py:830} INFO - Processing file /home/airflow/.local/lib/python3.8/site-packages/airflow/example_dags/example_task_group_decorator.py for tasks to queue
[2026-02-02T14:43:28.325+0000] {logging_mixin.py:188} INFO - [2026-02-02T14:43:28.322+0000] {dagbag.py:538} INFO - Filling up the DagBag from /home/airflow/.local/lib/python3.8/site-packages/airflow/example_dags/example_task_group_decorator.py
[2026-02-02T14:43:28.349+0000] {processor.py:840} INFO - DAG(s) 'example_task_group_decorator' retrieved from /home/airflow/.local/lib/python3.8/site-packages/airflow/example_dags/example_task_group_decorator.py
[2026-02-02T14:43:28.380+0000] {logging_mixin.py:188} INFO - [2026-02-02T14:43:28.380+0000] {dag.py:3036} INFO - Sync 1 DAGs
[2026-02-02T14:43:28.405+0000] {logging_mixin.py:188} INFO - [2026-02-02T14:43:28.405+0000] {dag.py:3823} INFO - Setting next_dagrun for example_task_group_decorator to 2026-02-01 00:00:00+00:00, run_after=2026-02-02 00:00:00+00:00
[2026-02-02T14:43:28.424+0000] {processor.py:183} INFO - Processing /home/airflow/.local/lib/python3.8/site-packages/airflow/example_dags/example_task_group_decorator.py took 0.116 seconds
[2026-02-02T14:43:58.520+0000] {processor.py:161} INFO - Started process (PID=2631) to work on /home/airflow/.local/lib/python3.8/site-packages/airflow/example_dags/example_task_group_decorator.py
[2026-02-02T14:43:58.522+0000] {processor.py:830} INFO - Processing file /home/airflow/.local/lib/python3.8/site-packages/airflow/example_dags/example_task_group_decorator.py for tasks to queue
[2026-02-02T14:43:58.525+0000] {logging_mixin.py:188} INFO - [2026-02-02T14:43:58.524+0000] {dagbag.py:538} INFO - Filling up the DagBag from /home/airflow/.local/lib/python3.8/site-packages/airflow/example_dags/example_task_group_decorator.py
[2026-02-02T14:43:58.544+0000] {processor.py:840} INFO - DAG(s) 'example_task_group_decorator' retrieved from /home/airflow/.local/lib/python3.8/site-packages/airflow/example_dags/example_task_group_decorator.py
[2026-02-02T14:43:58.577+0000] {logging_mixin.py:188} INFO - [2026-02-02T14:43:58.576+0000] {dag.py:3036} INFO - Sync 1 DAGs
[2026-02-02T14:43:58.603+0000] {logging_mixin.py:188} INFO - [2026-02-02T14:43:58.603+0000] {dag.py:3823} INFO - Setting next_dagrun for example_task_group_decorator to 2026-02-01 00:00:00+00:00, run_after=2026-02-02 00:00:00+00:00
[2026-02-02T14:43:58.626+0000] {processor.py:183} INFO - Processing /home/airflow/.local/lib/python3.8/site-packages/airflow/example_dags/example_task_group_decorator.py took 0.113 seconds
[2026-02-02T14:44:29.449+0000] {processor.py:161} INFO - Started process (PID=2692) to work on /home/airflow/.local/lib/python3.8/site-packages/airflow/example_dags/example_task_group_decorator.py
[2026-02-02T14:44:29.450+0000] {processor.py:830} INFO - Processing file /home/airflow/.local/lib/python3.8/site-packages/airflow/example_dags/example_task_group_decorator.py for tasks to queue
[2026-02-02T14:44:29.452+0000] {logging_mixin.py:188} INFO - [2026-02-02T14:44:29.452+0000] {dagbag.py:538} INFO - Filling up the DagBag from /home/airflow/.local/lib/python3.8/site-packages/airflow/example_dags/example_task_group_decorator.py
[2026-02-02T14:44:29.469+0000] {processor.py:840} INFO - DAG(s) 'example_task_group_decorator' retrieved from /home/airflow/.local/lib/python3.8/site-packages/airflow/example_dags/example_task_group_decorator.py
[2026-02-02T14:44:29.688+0000] {logging_mixin.py:188} INFO - [2026-02-02T14:44:29.688+0000] {dag.py:3036} INFO - Sync 1 DAGs
[2026-02-02T14:44:29.711+0000] {logging_mixin.py:188} INFO - [2026-02-02T14:44:29.711+0000] {dag.py:3823} INFO - Setting next_dagrun for example_task_group_decorator to 2026-02-01 00:00:00+00:00, run_after=2026-02-02 00:00:00+00:00
[2026-02-02T14:44:29.726+0000] {processor.py:183} INFO - Processing /home/airflow/.local/lib/python3.8/site-packages/airflow/example_dags/example_task_group_decorator.py took 0.280 seconds
[2026-02-02T14:45:00.061+0000] {processor.py:161} INFO - Started process (PID=2748) to work on /home/airflow/.local/lib/python3.8/site-packages/airflow/example_dags/example_task_group_decorator.py
[2026-02-02T14:45:00.062+0000] {processor.py:830} INFO - Processing file /home/airflow/.local/lib/python3.8/site-packages/airflow/example_dags/example_task_group_decorator.py for tasks to queue
[2026-02-02T14:45:00.064+0000] {logging_mixin.py:188} INFO - [2026-02-02T14:45:00.064+0000] {dagbag.py:538} INFO - Filling up the DagBag from /home/airflow/.local/lib/python3.8/site-packages/airflow/example_dags/example_task_group_decorator.py
[2026-02-02T14:45:00.076+0000] {processor.py:840} INFO - DAG(s) 'example_task_group_decorator' retrieved from /home/airflow/.local/lib/python3.8/site-packages/airflow/example_dags/example_task_group_decorator.py
[2026-02-02T14:45:00.096+0000] {logging_mixin.py:188} INFO - [2026-02-02T14:45:00.096+0000] {dag.py:3036} INFO - Sync 1 DAGs
[2026-02-02T14:45:00.276+0000] {logging_mixin.py:188} INFO - [2026-02-02T14:45:00.276+0000] {dag.py:3823} INFO - Setting next_dagrun for example_task_group_decorator to 2026-02-01 00:00:00+00:00, run_after=2026-02-02 00:00:00+00:00
[2026-02-02T14:45:00.289+0000] {processor.py:183} INFO - Processing /home/airflow/.local/lib/python3.8/site-packages/airflow/example_dags/example_task_group_decorator.py took 0.230 seconds
[2026-02-02T14:45:30.636+0000] {processor.py:161} INFO - Started process (PID=2804) to work on /home/airflow/.local/lib/python3.8/site-packages/airflow/example_dags/example_task_group_decorator.py
[2026-02-02T14:45:30.637+0000] {processor.py:830} INFO - Processing file /home/airflow/.local/lib/python3.8/site-packages/airflow/example_dags/example_task_group_decorator.py for tasks to queue
[2026-02-02T14:45:30.640+0000] {logging_mixin.py:188} INFO - [2026-02-02T14:45:30.639+0000] {dagbag.py:538} INFO - Filling up the DagBag from /home/airflow/.local/lib/python3.8/site-packages/airflow/example_dags/example_task_group_decorator.py
[2026-02-02T14:45:30.659+0000] {processor.py:840} INFO - DAG(s) 'example_task_group_decorator' retrieved from /home/airflow/.local/lib/python3.8/site-packages/airflow/example_dags/example_task_group_decorator.py
[2026-02-02T14:45:30.690+0000] {logging_mixin.py:188} INFO - [2026-02-02T14:45:30.690+0000] {dag.py:3036} INFO - Sync 1 DAGs
[2026-02-02T14:45:30.715+0000] {logging_mixin.py:188} INFO - [2026-02-02T14:45:30.714+0000] {dag.py:3823} INFO - Setting next_dagrun for example_task_group_decorator to 2026-02-01 00:00:00+00:00, run_after=2026-02-02 00:00:00+00:00
[2026-02-02T14:45:30.732+0000] {processor.py:183} INFO - Processing /home/airflow/.local/lib/python3.8/site-packages/airflow/example_dags/example_task_group_decorator.py took 0.099 seconds
[2026-02-02T14:46:01.036+0000] {processor.py:161} INFO - Started process (PID=2859) to work on /home/airflow/.local/lib/python3.8/site-packages/airflow/example_dags/example_task_group_decorator.py
[2026-02-02T14:46:01.037+0000] {processor.py:830} INFO - Processing file /home/airflow/.local/lib/python3.8/site-packages/airflow/example_dags/example_task_group_decorator.py for tasks to queue
[2026-02-02T14:46:01.039+0000] {logging_mixin.py:188} INFO - [2026-02-02T14:46:01.038+0000] {dagbag.py:538} INFO - Filling up the DagBag from /home/airflow/.local/lib/python3.8/site-packages/airflow/example_dags/example_task_group_decorator.py
[2026-02-02T14:46:01.057+0000] {processor.py:840} INFO - DAG(s) 'example_task_group_decorator' retrieved from /home/airflow/.local/lib/python3.8/site-packages/airflow/example_dags/example_task_group_decorator.py
[2026-02-02T14:46:01.088+0000] {logging_mixin.py:188} INFO - [2026-02-02T14:46:01.087+0000] {dag.py:3036} INFO - Sync 1 DAGs
[2026-02-02T14:46:01.119+0000] {logging_mixin.py:188} INFO - [2026-02-02T14:46:01.119+0000] {dag.py:3823} INFO - Setting next_dagrun for example_task_group_decorator to 2026-02-01 00:00:00+00:00, run_after=2026-02-02 00:00:00+00:00
[2026-02-02T14:46:01.150+0000] {processor.py:183} INFO - Processing /home/airflow/.local/lib/python3.8/site-packages/airflow/example_dags/example_task_group_decorator.py took 0.118 seconds
[2026-02-02T14:46:32.129+0000] {processor.py:161} INFO - Started process (PID=2915) to work on /home/airflow/.local/lib/python3.8/site-packages/airflow/example_dags/example_task_group_decorator.py
[2026-02-02T14:46:32.130+0000] {processor.py:830} INFO - Processing file /home/airflow/.local/lib/python3.8/site-packages/airflow/example_dags/example_task_group_decorator.py for tasks to queue
[2026-02-02T14:46:32.131+0000] {logging_mixin.py:188} INFO - [2026-02-02T14:46:32.131+0000] {dagbag.py:538} INFO - Filling up the DagBag from /home/airflow/.local/lib/python3.8/site-packages/airflow/example_dags/example_task_group_decorator.py
[2026-02-02T14:46:32.150+0000] {processor.py:840} INFO - DAG(s) 'example_task_group_decorator' retrieved from /home/airflow/.local/lib/python3.8/site-packages/airflow/example_dags/example_task_group_decorator.py
[2026-02-02T14:46:32.181+0000] {logging_mixin.py:188} INFO - [2026-02-02T14:46:32.181+0000] {dag.py:3036} INFO - Sync 1 DAGs
[2026-02-02T14:46:32.206+0000] {logging_mixin.py:188} INFO - [2026-02-02T14:46:32.206+0000] {dag.py:3823} INFO - Setting next_dagrun for example_task_group_decorator to 2026-02-01 00:00:00+00:00, run_after=2026-02-02 00:00:00+00:00
[2026-02-02T14:46:32.224+0000] {processor.py:183} INFO - Processing /home/airflow/.local/lib/python3.8/site-packages/airflow/example_dags/example_task_group_decorator.py took 0.099 seconds
[2026-02-02T14:47:02.601+0000] {processor.py:161} INFO - Started process (PID=2971) to work on /home/airflow/.local/lib/python3.8/site-packages/airflow/example_dags/example_task_group_decorator.py
[2026-02-02T14:47:02.602+0000] {processor.py:830} INFO - Processing file /home/airflow/.local/lib/python3.8/site-packages/airflow/example_dags/example_task_group_decorator.py for tasks to queue
[2026-02-02T14:47:02.604+0000] {logging_mixin.py:188} INFO - [2026-02-02T14:47:02.603+0000] {dagbag.py:538} INFO - Filling up the DagBag from /home/airflow/.local/lib/python3.8/site-packages/airflow/example_dags/example_task_group_decorator.py
[2026-02-02T14:47:02.623+0000] {processor.py:840} INFO - DAG(s) 'example_task_group_decorator' retrieved from /home/airflow/.local/lib/python3.8/site-packages/airflow/example_dags/example_task_group_decorator.py
[2026-02-02T14:47:02.655+0000] {logging_mixin.py:188} INFO - [2026-02-02T14:47:02.655+0000] {dag.py:3036} INFO - Sync 1 DAGs
[2026-02-02T14:47:02.681+0000] {logging_mixin.py:188} INFO - [2026-02-02T14:47:02.681+0000] {dag.py:3823} INFO - Setting next_dagrun for example_task_group_decorator to 2026-02-01 00:00:00+00:00, run_after=2026-02-02 00:00:00+00:00
[2026-02-02T14:47:02.715+0000] {processor.py:183} INFO - Processing /home/airflow/.local/lib/python3.8/site-packages/airflow/example_dags/example_task_group_decorator.py took 0.118 seconds
[2026-02-02T14:47:33.448+0000] {processor.py:161} INFO - Started process (PID=3028) to work on /home/airflow/.local/lib/python3.8/site-packages/airflow/example_dags/example_task_group_decorator.py
[2026-02-02T14:47:33.449+0000] {processor.py:830} INFO - Processing file /home/airflow/.local/lib/python3.8/site-packages/airflow/example_dags/example_task_group_decorator.py for tasks to queue
[2026-02-02T14:47:33.451+0000] {logging_mixin.py:188} INFO - [2026-02-02T14:47:33.451+0000] {dagbag.py:538} INFO - Filling up the DagBag from /home/airflow/.local/lib/python3.8/site-packages/airflow/example_dags/example_task_group_decorator.py
[2026-02-02T14:47:33.469+0000] {processor.py:840} INFO - DAG(s) 'example_task_group_decorator' retrieved from /home/airflow/.local/lib/python3.8/site-packages/airflow/example_dags/example_task_group_decorator.py
[2026-02-02T14:47:33.501+0000] {logging_mixin.py:188} INFO - [2026-02-02T14:47:33.500+0000] {dag.py:3036} INFO - Sync 1 DAGs
[2026-02-02T14:47:33.526+0000] {logging_mixin.py:188} INFO - [2026-02-02T14:47:33.525+0000] {dag.py:3823} INFO - Setting next_dagrun for example_task_group_decorator to 2026-02-01 00:00:00+00:00, run_after=2026-02-02 00:00:00+00:00
[2026-02-02T14:47:33.544+0000] {processor.py:183} INFO - Processing /home/airflow/.local/lib/python3.8/site-packages/airflow/example_dags/example_task_group_decorator.py took 0.099 seconds
[2026-02-02T14:48:04.376+0000] {processor.py:161} INFO - Started process (PID=3084) to work on /home/airflow/.local/lib/python3.8/site-packages/airflow/example_dags/example_task_group_decorator.py
[2026-02-02T14:48:04.376+0000] {processor.py:830} INFO - Processing file /home/airflow/.local/lib/python3.8/site-packages/airflow/example_dags/example_task_group_decorator.py for tasks to queue
[2026-02-02T14:48:04.378+0000] {logging_mixin.py:188} INFO - [2026-02-02T14:48:04.378+0000] {dagbag.py:538} INFO - Filling up the DagBag from /home/airflow/.local/lib/python3.8/site-packages/airflow/example_dags/example_task_group_decorator.py
[2026-02-02T14:48:04.397+0000] {processor.py:840} INFO - DAG(s) 'example_task_group_decorator' retrieved from /home/airflow/.local/lib/python3.8/site-packages/airflow/example_dags/example_task_group_decorator.py
[2026-02-02T14:48:04.427+0000] {logging_mixin.py:188} INFO - [2026-02-02T14:48:04.427+0000] {dag.py:3036} INFO - Sync 1 DAGs
[2026-02-02T14:48:04.450+0000] {logging_mixin.py:188} INFO - [2026-02-02T14:48:04.450+0000] {dag.py:3823} INFO - Setting next_dagrun for example_task_group_decorator to 2026-02-01 00:00:00+00:00, run_after=2026-02-02 00:00:00+00:00
[2026-02-02T14:48:04.469+0000] {processor.py:183} INFO - Processing /home/airflow/.local/lib/python3.8/site-packages/airflow/example_dags/example_task_group_decorator.py took 0.097 seconds
[2026-02-02T14:48:34.985+0000] {processor.py:161} INFO - Started process (PID=3139) to work on /home/airflow/.local/lib/python3.8/site-packages/airflow/example_dags/example_task_group_decorator.py
[2026-02-02T14:48:34.986+0000] {processor.py:830} INFO - Processing file /home/airflow/.local/lib/python3.8/site-packages/airflow/example_dags/example_task_group_decorator.py for tasks to queue
[2026-02-02T14:48:34.987+0000] {logging_mixin.py:188} INFO - [2026-02-02T14:48:34.987+0000] {dagbag.py:538} INFO - Filling up the DagBag from /home/airflow/.local/lib/python3.8/site-packages/airflow/example_dags/example_task_group_decorator.py
[2026-02-02T14:48:35.006+0000] {processor.py:840} INFO - DAG(s) 'example_task_group_decorator' retrieved from /home/airflow/.local/lib/python3.8/site-packages/airflow/example_dags/example_task_group_decorator.py
[2026-02-02T14:48:35.040+0000] {logging_mixin.py:188} INFO - [2026-02-02T14:48:35.040+0000] {dag.py:3036} INFO - Sync 1 DAGs
[2026-02-02T14:48:35.067+0000] {logging_mixin.py:188} INFO - [2026-02-02T14:48:35.066+0000] {dag.py:3823} INFO - Setting next_dagrun for example_task_group_decorator to 2026-02-01 00:00:00+00:00, run_after=2026-02-02 00:00:00+00:00
[2026-02-02T14:48:35.131+0000] {processor.py:183} INFO - Processing /home/airflow/.local/lib/python3.8/site-packages/airflow/example_dags/example_task_group_decorator.py took 0.150 seconds
[2026-02-02T14:49:05.324+0000] {processor.py:161} INFO - Started process (PID=3195) to work on /home/airflow/.local/lib/python3.8/site-packages/airflow/example_dags/example_task_group_decorator.py
[2026-02-02T14:49:05.325+0000] {processor.py:830} INFO - Processing file /home/airflow/.local/lib/python3.8/site-packages/airflow/example_dags/example_task_group_decorator.py for tasks to queue
[2026-02-02T14:49:05.327+0000] {logging_mixin.py:188} INFO - [2026-02-02T14:49:05.327+0000] {dagbag.py:538} INFO - Filling up the DagBag from /home/airflow/.local/lib/python3.8/site-packages/airflow/example_dags/example_task_group_decorator.py
[2026-02-02T14:49:05.346+0000] {processor.py:840} INFO - DAG(s) 'example_task_group_decorator' retrieved from /home/airflow/.local/lib/python3.8/site-packages/airflow/example_dags/example_task_group_decorator.py
[2026-02-02T14:49:05.377+0000] {logging_mixin.py:188} INFO - [2026-02-02T14:49:05.376+0000] {dag.py:3036} INFO - Sync 1 DAGs
[2026-02-02T14:49:05.401+0000] {logging_mixin.py:188} INFO - [2026-02-02T14:49:05.401+0000] {dag.py:3823} INFO - Setting next_dagrun for example_task_group_decorator to 2026-02-01 00:00:00+00:00, run_after=2026-02-02 00:00:00+00:00
[2026-02-02T14:49:05.419+0000] {processor.py:183} INFO - Processing /home/airflow/.local/lib/python3.8/site-packages/airflow/example_dags/example_task_group_decorator.py took 0.098 seconds
[2026-02-02T14:49:35.742+0000] {processor.py:161} INFO - Started process (PID=3251) to work on /home/airflow/.local/lib/python3.8/site-packages/airflow/example_dags/example_task_group_decorator.py
[2026-02-02T14:49:35.743+0000] {processor.py:830} INFO - Processing file /home/airflow/.local/lib/python3.8/site-packages/airflow/example_dags/example_task_group_decorator.py for tasks to queue
[2026-02-02T14:49:35.745+0000] {logging_mixin.py:188} INFO - [2026-02-02T14:49:35.745+0000] {dagbag.py:538} INFO - Filling up the DagBag from /home/airflow/.local/lib/python3.8/site-packages/airflow/example_dags/example_task_group_decorator.py
[2026-02-02T14:49:35.764+0000] {processor.py:840} INFO - DAG(s) 'example_task_group_decorator' retrieved from /home/airflow/.local/lib/python3.8/site-packages/airflow/example_dags/example_task_group_decorator.py
[2026-02-02T14:49:35.827+0000] {logging_mixin.py:188} INFO - [2026-02-02T14:49:35.827+0000] {dag.py:3036} INFO - Sync 1 DAGs
[2026-02-02T14:49:35.863+0000] {logging_mixin.py:188} INFO - [2026-02-02T14:49:35.863+0000] {dag.py:3823} INFO - Setting next_dagrun for example_task_group_decorator to 2026-02-01 00:00:00+00:00, run_after=2026-02-02 00:00:00+00:00
[2026-02-02T14:49:35.904+0000] {processor.py:183} INFO - Processing /home/airflow/.local/lib/python3.8/site-packages/airflow/example_dags/example_task_group_decorator.py took 0.165 seconds
[2026-02-02T14:50:05.984+0000] {processor.py:161} INFO - Started process (PID=3307) to work on /home/airflow/.local/lib/python3.8/site-packages/airflow/example_dags/example_task_group_decorator.py
[2026-02-02T14:50:05.985+0000] {processor.py:830} INFO - Processing file /home/airflow/.local/lib/python3.8/site-packages/airflow/example_dags/example_task_group_decorator.py for tasks to queue
[2026-02-02T14:50:05.987+0000] {logging_mixin.py:188} INFO - [2026-02-02T14:50:05.987+0000] {dagbag.py:538} INFO - Filling up the DagBag from /home/airflow/.local/lib/python3.8/site-packages/airflow/example_dags/example_task_group_decorator.py
[2026-02-02T14:50:06.008+0000] {processor.py:840} INFO - DAG(s) 'example_task_group_decorator' retrieved from /home/airflow/.local/lib/python3.8/site-packages/airflow/example_dags/example_task_group_decorator.py
[2026-02-02T14:50:06.038+0000] {logging_mixin.py:188} INFO - [2026-02-02T14:50:06.037+0000] {dag.py:3036} INFO - Sync 1 DAGs
[2026-02-02T14:50:06.074+0000] {logging_mixin.py:188} INFO - [2026-02-02T14:50:06.073+0000] {dag.py:3823} INFO - Setting next_dagrun for example_task_group_decorator to 2026-02-01 00:00:00+00:00, run_after=2026-02-02 00:00:00+00:00
[2026-02-02T14:50:06.097+0000] {processor.py:183} INFO - Processing /home/airflow/.local/lib/python3.8/site-packages/airflow/example_dags/example_task_group_decorator.py took 0.119 seconds
[2026-02-02T14:50:36.339+0000] {processor.py:161} INFO - Started process (PID=3363) to work on /home/airflow/.local/lib/python3.8/site-packages/airflow/example_dags/example_task_group_decorator.py
[2026-02-02T14:50:36.340+0000] {processor.py:830} INFO - Processing file /home/airflow/.local/lib/python3.8/site-packages/airflow/example_dags/example_task_group_decorator.py for tasks to queue
[2026-02-02T14:50:36.342+0000] {logging_mixin.py:188} INFO - [2026-02-02T14:50:36.342+0000] {dagbag.py:538} INFO - Filling up the DagBag from /home/airflow/.local/lib/python3.8/site-packages/airflow/example_dags/example_task_group_decorator.py
[2026-02-02T14:50:36.361+0000] {processor.py:840} INFO - DAG(s) 'example_task_group_decorator' retrieved from /home/airflow/.local/lib/python3.8/site-packages/airflow/example_dags/example_task_group_decorator.py
[2026-02-02T14:50:36.392+0000] {logging_mixin.py:188} INFO - [2026-02-02T14:50:36.392+0000] {dag.py:3036} INFO - Sync 1 DAGs
[2026-02-02T14:50:36.426+0000] {logging_mixin.py:188} INFO - [2026-02-02T14:50:36.426+0000] {dag.py:3823} INFO - Setting next_dagrun for example_task_group_decorator to 2026-02-01 00:00:00+00:00, run_after=2026-02-02 00:00:00+00:00
[2026-02-02T14:50:36.450+0000] {processor.py:183} INFO - Processing /home/airflow/.local/lib/python3.8/site-packages/airflow/example_dags/example_task_group_decorator.py took 0.114 seconds
