[2026-02-02T14:20:37.785+0000] {processor.py:161} INFO - Started process (PID=113) to work on /home/airflow/.local/lib/python3.8/site-packages/airflow/example_dags/example_branch_operator.py
[2026-02-02T14:20:37.786+0000] {processor.py:830} INFO - Processing file /home/airflow/.local/lib/python3.8/site-packages/airflow/example_dags/example_branch_operator.py for tasks to queue
[2026-02-02T14:20:37.788+0000] {logging_mixin.py:188} INFO - [2026-02-02T14:20:37.787+0000] {dagbag.py:538} INFO - Filling up the DagBag from /home/airflow/.local/lib/python3.8/site-packages/airflow/example_dags/example_branch_operator.py
[2026-02-02T14:20:37.844+0000] {processor.py:840} INFO - DAG(s) 'example_branch_operator' retrieved from /home/airflow/.local/lib/python3.8/site-packages/airflow/example_dags/example_branch_operator.py
[2026-02-02T14:20:38.069+0000] {logging_mixin.py:188} INFO - [2026-02-02T14:20:38.069+0000] {override.py:1769} INFO - Created Permission View: can edit on DAG:example_branch_operator
[2026-02-02T14:20:38.106+0000] {logging_mixin.py:188} INFO - [2026-02-02T14:20:38.106+0000] {override.py:1769} INFO - Created Permission View: can delete on DAG:example_branch_operator
[2026-02-02T14:20:38.133+0000] {logging_mixin.py:188} INFO - [2026-02-02T14:20:38.132+0000] {override.py:1769} INFO - Created Permission View: can read on DAG:example_branch_operator
[2026-02-02T14:20:38.139+0000] {logging_mixin.py:188} INFO - [2026-02-02T14:20:38.139+0000] {dag.py:3036} INFO - Sync 1 DAGs
[2026-02-02T14:20:38.187+0000] {logging_mixin.py:188} INFO - [2026-02-02T14:20:38.186+0000] {dag.py:3058} INFO - Creating ORM DAG for example_branch_operator
[2026-02-02T14:20:38.212+0000] {logging_mixin.py:188} INFO - [2026-02-02T14:20:38.212+0000] {dag.py:3823} INFO - Setting next_dagrun for example_branch_operator to 2026-02-01 00:00:00+00:00, run_after=2026-02-02 00:00:00+00:00
[2026-02-02T14:20:38.267+0000] {processor.py:183} INFO - Processing /home/airflow/.local/lib/python3.8/site-packages/airflow/example_dags/example_branch_operator.py took 0.493 seconds
[2026-02-02T14:21:08.751+0000] {processor.py:161} INFO - Started process (PID=168) to work on /home/airflow/.local/lib/python3.8/site-packages/airflow/example_dags/example_branch_operator.py
[2026-02-02T14:21:08.752+0000] {processor.py:830} INFO - Processing file /home/airflow/.local/lib/python3.8/site-packages/airflow/example_dags/example_branch_operator.py for tasks to queue
[2026-02-02T14:21:08.754+0000] {logging_mixin.py:188} INFO - [2026-02-02T14:21:08.754+0000] {dagbag.py:538} INFO - Filling up the DagBag from /home/airflow/.local/lib/python3.8/site-packages/airflow/example_dags/example_branch_operator.py
[2026-02-02T14:21:08.778+0000] {processor.py:840} INFO - DAG(s) 'example_branch_operator' retrieved from /home/airflow/.local/lib/python3.8/site-packages/airflow/example_dags/example_branch_operator.py
[2026-02-02T14:21:08.882+0000] {logging_mixin.py:188} INFO - [2026-02-02T14:21:08.882+0000] {dag.py:3036} INFO - Sync 1 DAGs
[2026-02-02T14:21:08.935+0000] {logging_mixin.py:188} INFO - [2026-02-02T14:21:08.934+0000] {dag.py:3823} INFO - Setting next_dagrun for example_branch_operator to 2026-02-01 00:00:00+00:00, run_after=2026-02-02 00:00:00+00:00
[2026-02-02T14:21:08.982+0000] {processor.py:183} INFO - Processing /home/airflow/.local/lib/python3.8/site-packages/airflow/example_dags/example_branch_operator.py took 0.235 seconds
[2026-02-02T14:21:39.507+0000] {processor.py:161} INFO - Started process (PID=223) to work on /home/airflow/.local/lib/python3.8/site-packages/airflow/example_dags/example_branch_operator.py
[2026-02-02T14:21:39.513+0000] {processor.py:830} INFO - Processing file /home/airflow/.local/lib/python3.8/site-packages/airflow/example_dags/example_branch_operator.py for tasks to queue
[2026-02-02T14:21:39.519+0000] {logging_mixin.py:188} INFO - [2026-02-02T14:21:39.518+0000] {dagbag.py:538} INFO - Filling up the DagBag from /home/airflow/.local/lib/python3.8/site-packages/airflow/example_dags/example_branch_operator.py
[2026-02-02T14:21:39.624+0000] {processor.py:840} INFO - DAG(s) 'example_branch_operator' retrieved from /home/airflow/.local/lib/python3.8/site-packages/airflow/example_dags/example_branch_operator.py
[2026-02-02T14:21:39.812+0000] {logging_mixin.py:188} INFO - [2026-02-02T14:21:39.811+0000] {dag.py:3036} INFO - Sync 1 DAGs
[2026-02-02T14:21:39.988+0000] {logging_mixin.py:188} INFO - [2026-02-02T14:21:39.988+0000] {dag.py:3823} INFO - Setting next_dagrun for example_branch_operator to 2026-02-01 00:00:00+00:00, run_after=2026-02-02 00:00:00+00:00
[2026-02-02T14:21:40.048+0000] {processor.py:183} INFO - Processing /home/airflow/.local/lib/python3.8/site-packages/airflow/example_dags/example_branch_operator.py took 0.559 seconds
[2026-02-02T14:22:10.989+0000] {processor.py:161} INFO - Started process (PID=279) to work on /home/airflow/.local/lib/python3.8/site-packages/airflow/example_dags/example_branch_operator.py
[2026-02-02T14:22:10.990+0000] {processor.py:830} INFO - Processing file /home/airflow/.local/lib/python3.8/site-packages/airflow/example_dags/example_branch_operator.py for tasks to queue
[2026-02-02T14:22:10.994+0000] {logging_mixin.py:188} INFO - [2026-02-02T14:22:10.993+0000] {dagbag.py:538} INFO - Filling up the DagBag from /home/airflow/.local/lib/python3.8/site-packages/airflow/example_dags/example_branch_operator.py
[2026-02-02T14:22:11.028+0000] {processor.py:840} INFO - DAG(s) 'example_branch_operator' retrieved from /home/airflow/.local/lib/python3.8/site-packages/airflow/example_dags/example_branch_operator.py
[2026-02-02T14:22:11.096+0000] {logging_mixin.py:188} INFO - [2026-02-02T14:22:11.095+0000] {dag.py:3036} INFO - Sync 1 DAGs
[2026-02-02T14:22:11.200+0000] {logging_mixin.py:188} INFO - [2026-02-02T14:22:11.200+0000] {dag.py:3823} INFO - Setting next_dagrun for example_branch_operator to 2026-02-01 00:00:00+00:00, run_after=2026-02-02 00:00:00+00:00
[2026-02-02T14:22:11.261+0000] {processor.py:183} INFO - Processing /home/airflow/.local/lib/python3.8/site-packages/airflow/example_dags/example_branch_operator.py took 0.279 seconds
[2026-02-02T14:22:41.798+0000] {processor.py:161} INFO - Started process (PID=334) to work on /home/airflow/.local/lib/python3.8/site-packages/airflow/example_dags/example_branch_operator.py
[2026-02-02T14:22:41.799+0000] {processor.py:830} INFO - Processing file /home/airflow/.local/lib/python3.8/site-packages/airflow/example_dags/example_branch_operator.py for tasks to queue
[2026-02-02T14:22:41.801+0000] {logging_mixin.py:188} INFO - [2026-02-02T14:22:41.801+0000] {dagbag.py:538} INFO - Filling up the DagBag from /home/airflow/.local/lib/python3.8/site-packages/airflow/example_dags/example_branch_operator.py
[2026-02-02T14:22:41.823+0000] {processor.py:840} INFO - DAG(s) 'example_branch_operator' retrieved from /home/airflow/.local/lib/python3.8/site-packages/airflow/example_dags/example_branch_operator.py
[2026-02-02T14:22:41.853+0000] {logging_mixin.py:188} INFO - [2026-02-02T14:22:41.853+0000] {dag.py:3036} INFO - Sync 1 DAGs
[2026-02-02T14:22:41.884+0000] {logging_mixin.py:188} INFO - [2026-02-02T14:22:41.884+0000] {dag.py:3823} INFO - Setting next_dagrun for example_branch_operator to 2026-02-01 00:00:00+00:00, run_after=2026-02-02 00:00:00+00:00
[2026-02-02T14:22:41.900+0000] {processor.py:183} INFO - Processing /home/airflow/.local/lib/python3.8/site-packages/airflow/example_dags/example_branch_operator.py took 0.105 seconds
[2026-02-02T14:23:12.127+0000] {processor.py:161} INFO - Started process (PID=389) to work on /home/airflow/.local/lib/python3.8/site-packages/airflow/example_dags/example_branch_operator.py
[2026-02-02T14:23:12.128+0000] {processor.py:830} INFO - Processing file /home/airflow/.local/lib/python3.8/site-packages/airflow/example_dags/example_branch_operator.py for tasks to queue
[2026-02-02T14:23:12.130+0000] {logging_mixin.py:188} INFO - [2026-02-02T14:23:12.129+0000] {dagbag.py:538} INFO - Filling up the DagBag from /home/airflow/.local/lib/python3.8/site-packages/airflow/example_dags/example_branch_operator.py
[2026-02-02T14:23:12.151+0000] {processor.py:840} INFO - DAG(s) 'example_branch_operator' retrieved from /home/airflow/.local/lib/python3.8/site-packages/airflow/example_dags/example_branch_operator.py
[2026-02-02T14:23:12.221+0000] {logging_mixin.py:188} INFO - [2026-02-02T14:23:12.220+0000] {dag.py:3036} INFO - Sync 1 DAGs
[2026-02-02T14:23:12.306+0000] {logging_mixin.py:188} INFO - [2026-02-02T14:23:12.305+0000] {dag.py:3823} INFO - Setting next_dagrun for example_branch_operator to 2026-02-01 00:00:00+00:00, run_after=2026-02-02 00:00:00+00:00
[2026-02-02T14:23:12.346+0000] {processor.py:183} INFO - Processing /home/airflow/.local/lib/python3.8/site-packages/airflow/example_dags/example_branch_operator.py took 0.222 seconds
[2026-02-02T14:23:42.961+0000] {processor.py:161} INFO - Started process (PID=444) to work on /home/airflow/.local/lib/python3.8/site-packages/airflow/example_dags/example_branch_operator.py
[2026-02-02T14:23:42.962+0000] {processor.py:830} INFO - Processing file /home/airflow/.local/lib/python3.8/site-packages/airflow/example_dags/example_branch_operator.py for tasks to queue
[2026-02-02T14:23:42.964+0000] {logging_mixin.py:188} INFO - [2026-02-02T14:23:42.964+0000] {dagbag.py:538} INFO - Filling up the DagBag from /home/airflow/.local/lib/python3.8/site-packages/airflow/example_dags/example_branch_operator.py
[2026-02-02T14:23:42.984+0000] {processor.py:840} INFO - DAG(s) 'example_branch_operator' retrieved from /home/airflow/.local/lib/python3.8/site-packages/airflow/example_dags/example_branch_operator.py
[2026-02-02T14:23:43.018+0000] {logging_mixin.py:188} INFO - [2026-02-02T14:23:43.018+0000] {dag.py:3036} INFO - Sync 1 DAGs
[2026-02-02T14:23:43.047+0000] {logging_mixin.py:188} INFO - [2026-02-02T14:23:43.047+0000] {dag.py:3823} INFO - Setting next_dagrun for example_branch_operator to 2026-02-01 00:00:00+00:00, run_after=2026-02-02 00:00:00+00:00
[2026-02-02T14:23:43.063+0000] {processor.py:183} INFO - Processing /home/airflow/.local/lib/python3.8/site-packages/airflow/example_dags/example_branch_operator.py took 0.105 seconds
[2026-02-02T14:24:13.203+0000] {processor.py:161} INFO - Started process (PID=498) to work on /home/airflow/.local/lib/python3.8/site-packages/airflow/example_dags/example_branch_operator.py
[2026-02-02T14:24:13.206+0000] {processor.py:830} INFO - Processing file /home/airflow/.local/lib/python3.8/site-packages/airflow/example_dags/example_branch_operator.py for tasks to queue
[2026-02-02T14:24:13.210+0000] {logging_mixin.py:188} INFO - [2026-02-02T14:24:13.207+0000] {dagbag.py:538} INFO - Filling up the DagBag from /home/airflow/.local/lib/python3.8/site-packages/airflow/example_dags/example_branch_operator.py
[2026-02-02T14:24:13.238+0000] {processor.py:840} INFO - DAG(s) 'example_branch_operator' retrieved from /home/airflow/.local/lib/python3.8/site-packages/airflow/example_dags/example_branch_operator.py
[2026-02-02T14:24:13.275+0000] {logging_mixin.py:188} INFO - [2026-02-02T14:24:13.274+0000] {dag.py:3036} INFO - Sync 1 DAGs
[2026-02-02T14:24:13.302+0000] {logging_mixin.py:188} INFO - [2026-02-02T14:24:13.302+0000] {dag.py:3823} INFO - Setting next_dagrun for example_branch_operator to 2026-02-01 00:00:00+00:00, run_after=2026-02-02 00:00:00+00:00
[2026-02-02T14:24:13.320+0000] {processor.py:183} INFO - Processing /home/airflow/.local/lib/python3.8/site-packages/airflow/example_dags/example_branch_operator.py took 0.123 seconds
[2026-02-02T14:24:43.476+0000] {processor.py:161} INFO - Started process (PID=554) to work on /home/airflow/.local/lib/python3.8/site-packages/airflow/example_dags/example_branch_operator.py
[2026-02-02T14:24:43.477+0000] {processor.py:830} INFO - Processing file /home/airflow/.local/lib/python3.8/site-packages/airflow/example_dags/example_branch_operator.py for tasks to queue
[2026-02-02T14:24:43.478+0000] {logging_mixin.py:188} INFO - [2026-02-02T14:24:43.478+0000] {dagbag.py:538} INFO - Filling up the DagBag from /home/airflow/.local/lib/python3.8/site-packages/airflow/example_dags/example_branch_operator.py
[2026-02-02T14:24:43.531+0000] {processor.py:840} INFO - DAG(s) 'example_branch_operator' retrieved from /home/airflow/.local/lib/python3.8/site-packages/airflow/example_dags/example_branch_operator.py
[2026-02-02T14:24:43.579+0000] {logging_mixin.py:188} INFO - [2026-02-02T14:24:43.578+0000] {dag.py:3036} INFO - Sync 1 DAGs
[2026-02-02T14:24:43.634+0000] {logging_mixin.py:188} INFO - [2026-02-02T14:24:43.633+0000] {dag.py:3823} INFO - Setting next_dagrun for example_branch_operator to 2026-02-01 00:00:00+00:00, run_after=2026-02-02 00:00:00+00:00
[2026-02-02T14:24:43.653+0000] {processor.py:183} INFO - Processing /home/airflow/.local/lib/python3.8/site-packages/airflow/example_dags/example_branch_operator.py took 0.181 seconds
[2026-02-02T14:25:13.717+0000] {processor.py:161} INFO - Started process (PID=609) to work on /home/airflow/.local/lib/python3.8/site-packages/airflow/example_dags/example_branch_operator.py
[2026-02-02T14:25:13.718+0000] {processor.py:830} INFO - Processing file /home/airflow/.local/lib/python3.8/site-packages/airflow/example_dags/example_branch_operator.py for tasks to queue
[2026-02-02T14:25:13.720+0000] {logging_mixin.py:188} INFO - [2026-02-02T14:25:13.719+0000] {dagbag.py:538} INFO - Filling up the DagBag from /home/airflow/.local/lib/python3.8/site-packages/airflow/example_dags/example_branch_operator.py
[2026-02-02T14:25:13.741+0000] {processor.py:840} INFO - DAG(s) 'example_branch_operator' retrieved from /home/airflow/.local/lib/python3.8/site-packages/airflow/example_dags/example_branch_operator.py
[2026-02-02T14:25:13.774+0000] {logging_mixin.py:188} INFO - [2026-02-02T14:25:13.774+0000] {dag.py:3036} INFO - Sync 1 DAGs
[2026-02-02T14:25:13.805+0000] {logging_mixin.py:188} INFO - [2026-02-02T14:25:13.804+0000] {dag.py:3823} INFO - Setting next_dagrun for example_branch_operator to 2026-02-01 00:00:00+00:00, run_after=2026-02-02 00:00:00+00:00
[2026-02-02T14:25:13.821+0000] {processor.py:183} INFO - Processing /home/airflow/.local/lib/python3.8/site-packages/airflow/example_dags/example_branch_operator.py took 0.108 seconds
[2026-02-02T14:25:44.002+0000] {processor.py:161} INFO - Started process (PID=664) to work on /home/airflow/.local/lib/python3.8/site-packages/airflow/example_dags/example_branch_operator.py
[2026-02-02T14:25:44.003+0000] {processor.py:830} INFO - Processing file /home/airflow/.local/lib/python3.8/site-packages/airflow/example_dags/example_branch_operator.py for tasks to queue
[2026-02-02T14:25:44.005+0000] {logging_mixin.py:188} INFO - [2026-02-02T14:25:44.004+0000] {dagbag.py:538} INFO - Filling up the DagBag from /home/airflow/.local/lib/python3.8/site-packages/airflow/example_dags/example_branch_operator.py
[2026-02-02T14:25:44.027+0000] {processor.py:840} INFO - DAG(s) 'example_branch_operator' retrieved from /home/airflow/.local/lib/python3.8/site-packages/airflow/example_dags/example_branch_operator.py
[2026-02-02T14:25:44.057+0000] {logging_mixin.py:188} INFO - [2026-02-02T14:25:44.057+0000] {dag.py:3036} INFO - Sync 1 DAGs
[2026-02-02T14:25:44.087+0000] {logging_mixin.py:188} INFO - [2026-02-02T14:25:44.087+0000] {dag.py:3823} INFO - Setting next_dagrun for example_branch_operator to 2026-02-01 00:00:00+00:00, run_after=2026-02-02 00:00:00+00:00
[2026-02-02T14:25:44.103+0000] {processor.py:183} INFO - Processing /home/airflow/.local/lib/python3.8/site-packages/airflow/example_dags/example_branch_operator.py took 0.104 seconds
[2026-02-02T14:26:14.701+0000] {processor.py:161} INFO - Started process (PID=719) to work on /home/airflow/.local/lib/python3.8/site-packages/airflow/example_dags/example_branch_operator.py
[2026-02-02T14:26:14.702+0000] {processor.py:830} INFO - Processing file /home/airflow/.local/lib/python3.8/site-packages/airflow/example_dags/example_branch_operator.py for tasks to queue
[2026-02-02T14:26:14.703+0000] {logging_mixin.py:188} INFO - [2026-02-02T14:26:14.703+0000] {dagbag.py:538} INFO - Filling up the DagBag from /home/airflow/.local/lib/python3.8/site-packages/airflow/example_dags/example_branch_operator.py
[2026-02-02T14:26:14.725+0000] {processor.py:840} INFO - DAG(s) 'example_branch_operator' retrieved from /home/airflow/.local/lib/python3.8/site-packages/airflow/example_dags/example_branch_operator.py
[2026-02-02T14:26:14.755+0000] {logging_mixin.py:188} INFO - [2026-02-02T14:26:14.755+0000] {dag.py:3036} INFO - Sync 1 DAGs
[2026-02-02T14:26:14.783+0000] {logging_mixin.py:188} INFO - [2026-02-02T14:26:14.782+0000] {dag.py:3823} INFO - Setting next_dagrun for example_branch_operator to 2026-02-01 00:00:00+00:00, run_after=2026-02-02 00:00:00+00:00
[2026-02-02T14:26:14.801+0000] {processor.py:183} INFO - Processing /home/airflow/.local/lib/python3.8/site-packages/airflow/example_dags/example_branch_operator.py took 0.103 seconds
[2026-02-02T14:26:45.141+0000] {processor.py:161} INFO - Started process (PID=774) to work on /home/airflow/.local/lib/python3.8/site-packages/airflow/example_dags/example_branch_operator.py
[2026-02-02T14:26:45.144+0000] {processor.py:830} INFO - Processing file /home/airflow/.local/lib/python3.8/site-packages/airflow/example_dags/example_branch_operator.py for tasks to queue
[2026-02-02T14:26:45.146+0000] {logging_mixin.py:188} INFO - [2026-02-02T14:26:45.145+0000] {dagbag.py:538} INFO - Filling up the DagBag from /home/airflow/.local/lib/python3.8/site-packages/airflow/example_dags/example_branch_operator.py
[2026-02-02T14:26:45.173+0000] {processor.py:840} INFO - DAG(s) 'example_branch_operator' retrieved from /home/airflow/.local/lib/python3.8/site-packages/airflow/example_dags/example_branch_operator.py
[2026-02-02T14:26:45.221+0000] {logging_mixin.py:188} INFO - [2026-02-02T14:26:45.220+0000] {dag.py:3036} INFO - Sync 1 DAGs
[2026-02-02T14:26:45.291+0000] {logging_mixin.py:188} INFO - [2026-02-02T14:26:45.291+0000] {dag.py:3823} INFO - Setting next_dagrun for example_branch_operator to 2026-02-01 00:00:00+00:00, run_after=2026-02-02 00:00:00+00:00
[2026-02-02T14:26:45.324+0000] {processor.py:183} INFO - Processing /home/airflow/.local/lib/python3.8/site-packages/airflow/example_dags/example_branch_operator.py took 0.191 seconds
[2026-02-02T14:27:15.381+0000] {processor.py:161} INFO - Started process (PID=829) to work on /home/airflow/.local/lib/python3.8/site-packages/airflow/example_dags/example_branch_operator.py
[2026-02-02T14:27:15.382+0000] {processor.py:830} INFO - Processing file /home/airflow/.local/lib/python3.8/site-packages/airflow/example_dags/example_branch_operator.py for tasks to queue
[2026-02-02T14:27:15.384+0000] {logging_mixin.py:188} INFO - [2026-02-02T14:27:15.384+0000] {dagbag.py:538} INFO - Filling up the DagBag from /home/airflow/.local/lib/python3.8/site-packages/airflow/example_dags/example_branch_operator.py
[2026-02-02T14:27:15.403+0000] {processor.py:840} INFO - DAG(s) 'example_branch_operator' retrieved from /home/airflow/.local/lib/python3.8/site-packages/airflow/example_dags/example_branch_operator.py
[2026-02-02T14:27:15.469+0000] {logging_mixin.py:188} INFO - [2026-02-02T14:27:15.469+0000] {dag.py:3036} INFO - Sync 1 DAGs
[2026-02-02T14:27:15.523+0000] {logging_mixin.py:188} INFO - [2026-02-02T14:27:15.520+0000] {dag.py:3823} INFO - Setting next_dagrun for example_branch_operator to 2026-02-01 00:00:00+00:00, run_after=2026-02-02 00:00:00+00:00
[2026-02-02T14:27:15.553+0000] {processor.py:183} INFO - Processing /home/airflow/.local/lib/python3.8/site-packages/airflow/example_dags/example_branch_operator.py took 0.176 seconds
[2026-02-02T14:27:46.102+0000] {processor.py:161} INFO - Started process (PID=883) to work on /home/airflow/.local/lib/python3.8/site-packages/airflow/example_dags/example_branch_operator.py
[2026-02-02T14:27:46.103+0000] {processor.py:830} INFO - Processing file /home/airflow/.local/lib/python3.8/site-packages/airflow/example_dags/example_branch_operator.py for tasks to queue
[2026-02-02T14:27:46.105+0000] {logging_mixin.py:188} INFO - [2026-02-02T14:27:46.104+0000] {dagbag.py:538} INFO - Filling up the DagBag from /home/airflow/.local/lib/python3.8/site-packages/airflow/example_dags/example_branch_operator.py
[2026-02-02T14:27:46.127+0000] {processor.py:840} INFO - DAG(s) 'example_branch_operator' retrieved from /home/airflow/.local/lib/python3.8/site-packages/airflow/example_dags/example_branch_operator.py
[2026-02-02T14:27:46.181+0000] {logging_mixin.py:188} INFO - [2026-02-02T14:27:46.181+0000] {dag.py:3036} INFO - Sync 1 DAGs
[2026-02-02T14:27:46.229+0000] {logging_mixin.py:188} INFO - [2026-02-02T14:27:46.228+0000] {dag.py:3823} INFO - Setting next_dagrun for example_branch_operator to 2026-02-01 00:00:00+00:00, run_after=2026-02-02 00:00:00+00:00
[2026-02-02T14:27:46.253+0000] {processor.py:183} INFO - Processing /home/airflow/.local/lib/python3.8/site-packages/airflow/example_dags/example_branch_operator.py took 0.154 seconds
[2026-02-02T14:28:16.821+0000] {processor.py:161} INFO - Started process (PID=938) to work on /home/airflow/.local/lib/python3.8/site-packages/airflow/example_dags/example_branch_operator.py
[2026-02-02T14:28:16.825+0000] {processor.py:830} INFO - Processing file /home/airflow/.local/lib/python3.8/site-packages/airflow/example_dags/example_branch_operator.py for tasks to queue
[2026-02-02T14:28:16.835+0000] {logging_mixin.py:188} INFO - [2026-02-02T14:28:16.832+0000] {dagbag.py:538} INFO - Filling up the DagBag from /home/airflow/.local/lib/python3.8/site-packages/airflow/example_dags/example_branch_operator.py
[2026-02-02T14:28:16.881+0000] {processor.py:840} INFO - DAG(s) 'example_branch_operator' retrieved from /home/airflow/.local/lib/python3.8/site-packages/airflow/example_dags/example_branch_operator.py
[2026-02-02T14:28:16.940+0000] {logging_mixin.py:188} INFO - [2026-02-02T14:28:16.940+0000] {dag.py:3036} INFO - Sync 1 DAGs
[2026-02-02T14:28:16.979+0000] {logging_mixin.py:188} INFO - [2026-02-02T14:28:16.979+0000] {dag.py:3823} INFO - Setting next_dagrun for example_branch_operator to 2026-02-01 00:00:00+00:00, run_after=2026-02-02 00:00:00+00:00
[2026-02-02T14:28:17.042+0000] {processor.py:183} INFO - Processing /home/airflow/.local/lib/python3.8/site-packages/airflow/example_dags/example_branch_operator.py took 0.225 seconds
[2026-02-02T14:28:47.901+0000] {processor.py:161} INFO - Started process (PID=993) to work on /home/airflow/.local/lib/python3.8/site-packages/airflow/example_dags/example_branch_operator.py
[2026-02-02T14:28:47.903+0000] {processor.py:830} INFO - Processing file /home/airflow/.local/lib/python3.8/site-packages/airflow/example_dags/example_branch_operator.py for tasks to queue
[2026-02-02T14:28:47.904+0000] {logging_mixin.py:188} INFO - [2026-02-02T14:28:47.904+0000] {dagbag.py:538} INFO - Filling up the DagBag from /home/airflow/.local/lib/python3.8/site-packages/airflow/example_dags/example_branch_operator.py
[2026-02-02T14:28:47.924+0000] {processor.py:840} INFO - DAG(s) 'example_branch_operator' retrieved from /home/airflow/.local/lib/python3.8/site-packages/airflow/example_dags/example_branch_operator.py
[2026-02-02T14:28:47.958+0000] {logging_mixin.py:188} INFO - [2026-02-02T14:28:47.958+0000] {dag.py:3036} INFO - Sync 1 DAGs
[2026-02-02T14:28:48.013+0000] {logging_mixin.py:188} INFO - [2026-02-02T14:28:48.008+0000] {dag.py:3823} INFO - Setting next_dagrun for example_branch_operator to 2026-02-01 00:00:00+00:00, run_after=2026-02-02 00:00:00+00:00
[2026-02-02T14:28:48.068+0000] {processor.py:183} INFO - Processing /home/airflow/.local/lib/python3.8/site-packages/airflow/example_dags/example_branch_operator.py took 0.170 seconds
[2026-02-02T14:29:18.500+0000] {processor.py:161} INFO - Started process (PID=1048) to work on /home/airflow/.local/lib/python3.8/site-packages/airflow/example_dags/example_branch_operator.py
[2026-02-02T14:29:18.501+0000] {processor.py:830} INFO - Processing file /home/airflow/.local/lib/python3.8/site-packages/airflow/example_dags/example_branch_operator.py for tasks to queue
[2026-02-02T14:29:18.503+0000] {logging_mixin.py:188} INFO - [2026-02-02T14:29:18.503+0000] {dagbag.py:538} INFO - Filling up the DagBag from /home/airflow/.local/lib/python3.8/site-packages/airflow/example_dags/example_branch_operator.py
[2026-02-02T14:29:18.523+0000] {processor.py:840} INFO - DAG(s) 'example_branch_operator' retrieved from /home/airflow/.local/lib/python3.8/site-packages/airflow/example_dags/example_branch_operator.py
[2026-02-02T14:29:18.557+0000] {logging_mixin.py:188} INFO - [2026-02-02T14:29:18.557+0000] {dag.py:3036} INFO - Sync 1 DAGs
[2026-02-02T14:29:18.585+0000] {logging_mixin.py:188} INFO - [2026-02-02T14:29:18.584+0000] {dag.py:3823} INFO - Setting next_dagrun for example_branch_operator to 2026-02-01 00:00:00+00:00, run_after=2026-02-02 00:00:00+00:00
[2026-02-02T14:29:18.602+0000] {processor.py:183} INFO - Processing /home/airflow/.local/lib/python3.8/site-packages/airflow/example_dags/example_branch_operator.py took 0.105 seconds
[2026-02-02T14:29:49.463+0000] {processor.py:161} INFO - Started process (PID=1103) to work on /home/airflow/.local/lib/python3.8/site-packages/airflow/example_dags/example_branch_operator.py
[2026-02-02T14:29:49.464+0000] {processor.py:830} INFO - Processing file /home/airflow/.local/lib/python3.8/site-packages/airflow/example_dags/example_branch_operator.py for tasks to queue
[2026-02-02T14:29:49.466+0000] {logging_mixin.py:188} INFO - [2026-02-02T14:29:49.466+0000] {dagbag.py:538} INFO - Filling up the DagBag from /home/airflow/.local/lib/python3.8/site-packages/airflow/example_dags/example_branch_operator.py
[2026-02-02T14:29:49.486+0000] {processor.py:840} INFO - DAG(s) 'example_branch_operator' retrieved from /home/airflow/.local/lib/python3.8/site-packages/airflow/example_dags/example_branch_operator.py
[2026-02-02T14:29:49.519+0000] {logging_mixin.py:188} INFO - [2026-02-02T14:29:49.518+0000] {dag.py:3036} INFO - Sync 1 DAGs
[2026-02-02T14:29:49.544+0000] {logging_mixin.py:188} INFO - [2026-02-02T14:29:49.544+0000] {dag.py:3823} INFO - Setting next_dagrun for example_branch_operator to 2026-02-01 00:00:00+00:00, run_after=2026-02-02 00:00:00+00:00
[2026-02-02T14:29:49.562+0000] {processor.py:183} INFO - Processing /home/airflow/.local/lib/python3.8/site-packages/airflow/example_dags/example_branch_operator.py took 0.102 seconds
[2026-02-02T14:30:20.034+0000] {processor.py:161} INFO - Started process (PID=1158) to work on /home/airflow/.local/lib/python3.8/site-packages/airflow/example_dags/example_branch_operator.py
[2026-02-02T14:30:20.035+0000] {processor.py:830} INFO - Processing file /home/airflow/.local/lib/python3.8/site-packages/airflow/example_dags/example_branch_operator.py for tasks to queue
[2026-02-02T14:30:20.037+0000] {logging_mixin.py:188} INFO - [2026-02-02T14:30:20.037+0000] {dagbag.py:538} INFO - Filling up the DagBag from /home/airflow/.local/lib/python3.8/site-packages/airflow/example_dags/example_branch_operator.py
[2026-02-02T14:30:20.058+0000] {processor.py:840} INFO - DAG(s) 'example_branch_operator' retrieved from /home/airflow/.local/lib/python3.8/site-packages/airflow/example_dags/example_branch_operator.py
[2026-02-02T14:30:20.091+0000] {logging_mixin.py:188} INFO - [2026-02-02T14:30:20.090+0000] {dag.py:3036} INFO - Sync 1 DAGs
[2026-02-02T14:30:20.116+0000] {logging_mixin.py:188} INFO - [2026-02-02T14:30:20.116+0000] {dag.py:3823} INFO - Setting next_dagrun for example_branch_operator to 2026-02-01 00:00:00+00:00, run_after=2026-02-02 00:00:00+00:00
[2026-02-02T14:30:20.136+0000] {processor.py:183} INFO - Processing /home/airflow/.local/lib/python3.8/site-packages/airflow/example_dags/example_branch_operator.py took 0.105 seconds
[2026-02-02T14:30:50.643+0000] {processor.py:161} INFO - Started process (PID=1213) to work on /home/airflow/.local/lib/python3.8/site-packages/airflow/example_dags/example_branch_operator.py
[2026-02-02T14:30:50.644+0000] {processor.py:830} INFO - Processing file /home/airflow/.local/lib/python3.8/site-packages/airflow/example_dags/example_branch_operator.py for tasks to queue
[2026-02-02T14:30:50.646+0000] {logging_mixin.py:188} INFO - [2026-02-02T14:30:50.645+0000] {dagbag.py:538} INFO - Filling up the DagBag from /home/airflow/.local/lib/python3.8/site-packages/airflow/example_dags/example_branch_operator.py
[2026-02-02T14:30:50.665+0000] {processor.py:840} INFO - DAG(s) 'example_branch_operator' retrieved from /home/airflow/.local/lib/python3.8/site-packages/airflow/example_dags/example_branch_operator.py
[2026-02-02T14:30:50.698+0000] {logging_mixin.py:188} INFO - [2026-02-02T14:30:50.698+0000] {dag.py:3036} INFO - Sync 1 DAGs
[2026-02-02T14:30:50.724+0000] {logging_mixin.py:188} INFO - [2026-02-02T14:30:50.724+0000] {dag.py:3823} INFO - Setting next_dagrun for example_branch_operator to 2026-02-01 00:00:00+00:00, run_after=2026-02-02 00:00:00+00:00
[2026-02-02T14:30:50.742+0000] {processor.py:183} INFO - Processing /home/airflow/.local/lib/python3.8/site-packages/airflow/example_dags/example_branch_operator.py took 0.103 seconds
[2026-02-02T14:31:21.192+0000] {processor.py:161} INFO - Started process (PID=1268) to work on /home/airflow/.local/lib/python3.8/site-packages/airflow/example_dags/example_branch_operator.py
[2026-02-02T14:31:21.193+0000] {processor.py:830} INFO - Processing file /home/airflow/.local/lib/python3.8/site-packages/airflow/example_dags/example_branch_operator.py for tasks to queue
[2026-02-02T14:31:21.195+0000] {logging_mixin.py:188} INFO - [2026-02-02T14:31:21.195+0000] {dagbag.py:538} INFO - Filling up the DagBag from /home/airflow/.local/lib/python3.8/site-packages/airflow/example_dags/example_branch_operator.py
[2026-02-02T14:31:21.214+0000] {processor.py:840} INFO - DAG(s) 'example_branch_operator' retrieved from /home/airflow/.local/lib/python3.8/site-packages/airflow/example_dags/example_branch_operator.py
[2026-02-02T14:31:21.252+0000] {logging_mixin.py:188} INFO - [2026-02-02T14:31:21.252+0000] {dag.py:3036} INFO - Sync 1 DAGs
[2026-02-02T14:31:21.278+0000] {logging_mixin.py:188} INFO - [2026-02-02T14:31:21.278+0000] {dag.py:3823} INFO - Setting next_dagrun for example_branch_operator to 2026-02-01 00:00:00+00:00, run_after=2026-02-02 00:00:00+00:00
[2026-02-02T14:31:21.297+0000] {processor.py:183} INFO - Processing /home/airflow/.local/lib/python3.8/site-packages/airflow/example_dags/example_branch_operator.py took 0.109 seconds
[2026-02-02T14:31:51.934+0000] {processor.py:161} INFO - Started process (PID=1323) to work on /home/airflow/.local/lib/python3.8/site-packages/airflow/example_dags/example_branch_operator.py
[2026-02-02T14:31:51.935+0000] {processor.py:830} INFO - Processing file /home/airflow/.local/lib/python3.8/site-packages/airflow/example_dags/example_branch_operator.py for tasks to queue
[2026-02-02T14:31:51.938+0000] {logging_mixin.py:188} INFO - [2026-02-02T14:31:51.938+0000] {dagbag.py:538} INFO - Filling up the DagBag from /home/airflow/.local/lib/python3.8/site-packages/airflow/example_dags/example_branch_operator.py
[2026-02-02T14:31:51.974+0000] {processor.py:840} INFO - DAG(s) 'example_branch_operator' retrieved from /home/airflow/.local/lib/python3.8/site-packages/airflow/example_dags/example_branch_operator.py
[2026-02-02T14:31:52.040+0000] {logging_mixin.py:188} INFO - [2026-02-02T14:31:52.040+0000] {dag.py:3036} INFO - Sync 1 DAGs
[2026-02-02T14:31:52.066+0000] {logging_mixin.py:188} INFO - [2026-02-02T14:31:52.065+0000] {dag.py:3823} INFO - Setting next_dagrun for example_branch_operator to 2026-02-01 00:00:00+00:00, run_after=2026-02-02 00:00:00+00:00
[2026-02-02T14:31:52.110+0000] {processor.py:183} INFO - Processing /home/airflow/.local/lib/python3.8/site-packages/airflow/example_dags/example_branch_operator.py took 0.180 seconds
[2026-02-02T14:32:22.624+0000] {processor.py:161} INFO - Started process (PID=1378) to work on /home/airflow/.local/lib/python3.8/site-packages/airflow/example_dags/example_branch_operator.py
[2026-02-02T14:32:22.625+0000] {processor.py:830} INFO - Processing file /home/airflow/.local/lib/python3.8/site-packages/airflow/example_dags/example_branch_operator.py for tasks to queue
[2026-02-02T14:32:22.626+0000] {logging_mixin.py:188} INFO - [2026-02-02T14:32:22.626+0000] {dagbag.py:538} INFO - Filling up the DagBag from /home/airflow/.local/lib/python3.8/site-packages/airflow/example_dags/example_branch_operator.py
[2026-02-02T14:32:22.647+0000] {processor.py:840} INFO - DAG(s) 'example_branch_operator' retrieved from /home/airflow/.local/lib/python3.8/site-packages/airflow/example_dags/example_branch_operator.py
[2026-02-02T14:32:22.685+0000] {logging_mixin.py:188} INFO - [2026-02-02T14:32:22.684+0000] {dag.py:3036} INFO - Sync 1 DAGs
[2026-02-02T14:32:22.732+0000] {logging_mixin.py:188} INFO - [2026-02-02T14:32:22.732+0000] {dag.py:3823} INFO - Setting next_dagrun for example_branch_operator to 2026-02-01 00:00:00+00:00, run_after=2026-02-02 00:00:00+00:00
[2026-02-02T14:32:22.763+0000] {processor.py:183} INFO - Processing /home/airflow/.local/lib/python3.8/site-packages/airflow/example_dags/example_branch_operator.py took 0.144 seconds
[2026-02-02T14:32:53.087+0000] {processor.py:161} INFO - Started process (PID=1433) to work on /home/airflow/.local/lib/python3.8/site-packages/airflow/example_dags/example_branch_operator.py
[2026-02-02T14:32:53.088+0000] {processor.py:830} INFO - Processing file /home/airflow/.local/lib/python3.8/site-packages/airflow/example_dags/example_branch_operator.py for tasks to queue
[2026-02-02T14:32:53.090+0000] {logging_mixin.py:188} INFO - [2026-02-02T14:32:53.090+0000] {dagbag.py:538} INFO - Filling up the DagBag from /home/airflow/.local/lib/python3.8/site-packages/airflow/example_dags/example_branch_operator.py
[2026-02-02T14:32:53.112+0000] {processor.py:840} INFO - DAG(s) 'example_branch_operator' retrieved from /home/airflow/.local/lib/python3.8/site-packages/airflow/example_dags/example_branch_operator.py
[2026-02-02T14:32:53.153+0000] {logging_mixin.py:188} INFO - [2026-02-02T14:32:53.153+0000] {dag.py:3036} INFO - Sync 1 DAGs
[2026-02-02T14:32:53.180+0000] {logging_mixin.py:188} INFO - [2026-02-02T14:32:53.179+0000] {dag.py:3823} INFO - Setting next_dagrun for example_branch_operator to 2026-02-01 00:00:00+00:00, run_after=2026-02-02 00:00:00+00:00
[2026-02-02T14:32:53.195+0000] {processor.py:183} INFO - Processing /home/airflow/.local/lib/python3.8/site-packages/airflow/example_dags/example_branch_operator.py took 0.111 seconds
[2026-02-02T14:33:23.286+0000] {processor.py:161} INFO - Started process (PID=1488) to work on /home/airflow/.local/lib/python3.8/site-packages/airflow/example_dags/example_branch_operator.py
[2026-02-02T14:33:23.287+0000] {processor.py:830} INFO - Processing file /home/airflow/.local/lib/python3.8/site-packages/airflow/example_dags/example_branch_operator.py for tasks to queue
[2026-02-02T14:33:23.289+0000] {logging_mixin.py:188} INFO - [2026-02-02T14:33:23.288+0000] {dagbag.py:538} INFO - Filling up the DagBag from /home/airflow/.local/lib/python3.8/site-packages/airflow/example_dags/example_branch_operator.py
[2026-02-02T14:33:23.309+0000] {processor.py:840} INFO - DAG(s) 'example_branch_operator' retrieved from /home/airflow/.local/lib/python3.8/site-packages/airflow/example_dags/example_branch_operator.py
[2026-02-02T14:33:23.346+0000] {logging_mixin.py:188} INFO - [2026-02-02T14:33:23.346+0000] {dag.py:3036} INFO - Sync 1 DAGs
[2026-02-02T14:33:23.372+0000] {logging_mixin.py:188} INFO - [2026-02-02T14:33:23.372+0000] {dag.py:3823} INFO - Setting next_dagrun for example_branch_operator to 2026-02-01 00:00:00+00:00, run_after=2026-02-02 00:00:00+00:00
[2026-02-02T14:33:23.391+0000] {processor.py:183} INFO - Processing /home/airflow/.local/lib/python3.8/site-packages/airflow/example_dags/example_branch_operator.py took 0.109 seconds
[2026-02-02T14:33:53.569+0000] {processor.py:161} INFO - Started process (PID=1543) to work on /home/airflow/.local/lib/python3.8/site-packages/airflow/example_dags/example_branch_operator.py
[2026-02-02T14:33:53.569+0000] {processor.py:830} INFO - Processing file /home/airflow/.local/lib/python3.8/site-packages/airflow/example_dags/example_branch_operator.py for tasks to queue
[2026-02-02T14:33:53.571+0000] {logging_mixin.py:188} INFO - [2026-02-02T14:33:53.571+0000] {dagbag.py:538} INFO - Filling up the DagBag from /home/airflow/.local/lib/python3.8/site-packages/airflow/example_dags/example_branch_operator.py
[2026-02-02T14:33:53.592+0000] {processor.py:840} INFO - DAG(s) 'example_branch_operator' retrieved from /home/airflow/.local/lib/python3.8/site-packages/airflow/example_dags/example_branch_operator.py
[2026-02-02T14:33:53.626+0000] {logging_mixin.py:188} INFO - [2026-02-02T14:33:53.626+0000] {dag.py:3036} INFO - Sync 1 DAGs
[2026-02-02T14:33:53.652+0000] {logging_mixin.py:188} INFO - [2026-02-02T14:33:53.652+0000] {dag.py:3823} INFO - Setting next_dagrun for example_branch_operator to 2026-02-01 00:00:00+00:00, run_after=2026-02-02 00:00:00+00:00
[2026-02-02T14:33:53.670+0000] {processor.py:183} INFO - Processing /home/airflow/.local/lib/python3.8/site-packages/airflow/example_dags/example_branch_operator.py took 0.105 seconds
[2026-02-02T14:34:24.130+0000] {processor.py:161} INFO - Started process (PID=1598) to work on /home/airflow/.local/lib/python3.8/site-packages/airflow/example_dags/example_branch_operator.py
[2026-02-02T14:34:24.131+0000] {processor.py:830} INFO - Processing file /home/airflow/.local/lib/python3.8/site-packages/airflow/example_dags/example_branch_operator.py for tasks to queue
[2026-02-02T14:34:24.133+0000] {logging_mixin.py:188} INFO - [2026-02-02T14:34:24.133+0000] {dagbag.py:538} INFO - Filling up the DagBag from /home/airflow/.local/lib/python3.8/site-packages/airflow/example_dags/example_branch_operator.py
[2026-02-02T14:34:24.155+0000] {processor.py:840} INFO - DAG(s) 'example_branch_operator' retrieved from /home/airflow/.local/lib/python3.8/site-packages/airflow/example_dags/example_branch_operator.py
[2026-02-02T14:34:24.191+0000] {logging_mixin.py:188} INFO - [2026-02-02T14:34:24.191+0000] {dag.py:3036} INFO - Sync 1 DAGs
[2026-02-02T14:34:24.217+0000] {logging_mixin.py:188} INFO - [2026-02-02T14:34:24.217+0000] {dag.py:3823} INFO - Setting next_dagrun for example_branch_operator to 2026-02-01 00:00:00+00:00, run_after=2026-02-02 00:00:00+00:00
[2026-02-02T14:34:24.236+0000] {processor.py:183} INFO - Processing /home/airflow/.local/lib/python3.8/site-packages/airflow/example_dags/example_branch_operator.py took 0.110 seconds
[2026-02-02T14:34:54.311+0000] {processor.py:161} INFO - Started process (PID=1654) to work on /home/airflow/.local/lib/python3.8/site-packages/airflow/example_dags/example_branch_operator.py
[2026-02-02T14:34:54.312+0000] {processor.py:830} INFO - Processing file /home/airflow/.local/lib/python3.8/site-packages/airflow/example_dags/example_branch_operator.py for tasks to queue
[2026-02-02T14:34:54.314+0000] {logging_mixin.py:188} INFO - [2026-02-02T14:34:54.313+0000] {dagbag.py:538} INFO - Filling up the DagBag from /home/airflow/.local/lib/python3.8/site-packages/airflow/example_dags/example_branch_operator.py
[2026-02-02T14:34:54.336+0000] {processor.py:840} INFO - DAG(s) 'example_branch_operator' retrieved from /home/airflow/.local/lib/python3.8/site-packages/airflow/example_dags/example_branch_operator.py
[2026-02-02T14:34:54.373+0000] {logging_mixin.py:188} INFO - [2026-02-02T14:34:54.373+0000] {dag.py:3036} INFO - Sync 1 DAGs
[2026-02-02T14:34:54.400+0000] {logging_mixin.py:188} INFO - [2026-02-02T14:34:54.400+0000] {dag.py:3823} INFO - Setting next_dagrun for example_branch_operator to 2026-02-01 00:00:00+00:00, run_after=2026-02-02 00:00:00+00:00
[2026-02-02T14:34:54.417+0000] {processor.py:183} INFO - Processing /home/airflow/.local/lib/python3.8/site-packages/airflow/example_dags/example_branch_operator.py took 0.110 seconds
[2026-02-02T14:35:24.851+0000] {processor.py:161} INFO - Started process (PID=1708) to work on /home/airflow/.local/lib/python3.8/site-packages/airflow/example_dags/example_branch_operator.py
[2026-02-02T14:35:24.852+0000] {processor.py:830} INFO - Processing file /home/airflow/.local/lib/python3.8/site-packages/airflow/example_dags/example_branch_operator.py for tasks to queue
[2026-02-02T14:35:24.855+0000] {logging_mixin.py:188} INFO - [2026-02-02T14:35:24.854+0000] {dagbag.py:538} INFO - Filling up the DagBag from /home/airflow/.local/lib/python3.8/site-packages/airflow/example_dags/example_branch_operator.py
[2026-02-02T14:35:24.877+0000] {processor.py:840} INFO - DAG(s) 'example_branch_operator' retrieved from /home/airflow/.local/lib/python3.8/site-packages/airflow/example_dags/example_branch_operator.py
[2026-02-02T14:35:24.915+0000] {logging_mixin.py:188} INFO - [2026-02-02T14:35:24.915+0000] {dag.py:3036} INFO - Sync 1 DAGs
[2026-02-02T14:35:24.944+0000] {logging_mixin.py:188} INFO - [2026-02-02T14:35:24.944+0000] {dag.py:3823} INFO - Setting next_dagrun for example_branch_operator to 2026-02-01 00:00:00+00:00, run_after=2026-02-02 00:00:00+00:00
[2026-02-02T14:35:24.961+0000] {processor.py:183} INFO - Processing /home/airflow/.local/lib/python3.8/site-packages/airflow/example_dags/example_branch_operator.py took 0.120 seconds
[2026-02-02T14:35:55.827+0000] {processor.py:161} INFO - Started process (PID=1763) to work on /home/airflow/.local/lib/python3.8/site-packages/airflow/example_dags/example_branch_operator.py
[2026-02-02T14:35:55.828+0000] {processor.py:830} INFO - Processing file /home/airflow/.local/lib/python3.8/site-packages/airflow/example_dags/example_branch_operator.py for tasks to queue
[2026-02-02T14:35:55.830+0000] {logging_mixin.py:188} INFO - [2026-02-02T14:35:55.830+0000] {dagbag.py:538} INFO - Filling up the DagBag from /home/airflow/.local/lib/python3.8/site-packages/airflow/example_dags/example_branch_operator.py
[2026-02-02T14:35:55.850+0000] {processor.py:840} INFO - DAG(s) 'example_branch_operator' retrieved from /home/airflow/.local/lib/python3.8/site-packages/airflow/example_dags/example_branch_operator.py
[2026-02-02T14:35:55.888+0000] {logging_mixin.py:188} INFO - [2026-02-02T14:35:55.888+0000] {dag.py:3036} INFO - Sync 1 DAGs
[2026-02-02T14:35:55.913+0000] {logging_mixin.py:188} INFO - [2026-02-02T14:35:55.912+0000] {dag.py:3823} INFO - Setting next_dagrun for example_branch_operator to 2026-02-01 00:00:00+00:00, run_after=2026-02-02 00:00:00+00:00
[2026-02-02T14:35:55.933+0000] {processor.py:183} INFO - Processing /home/airflow/.local/lib/python3.8/site-packages/airflow/example_dags/example_branch_operator.py took 0.109 seconds
[2026-02-02T14:36:26.194+0000] {processor.py:161} INFO - Started process (PID=1818) to work on /home/airflow/.local/lib/python3.8/site-packages/airflow/example_dags/example_branch_operator.py
[2026-02-02T14:36:26.195+0000] {processor.py:830} INFO - Processing file /home/airflow/.local/lib/python3.8/site-packages/airflow/example_dags/example_branch_operator.py for tasks to queue
[2026-02-02T14:36:26.197+0000] {logging_mixin.py:188} INFO - [2026-02-02T14:36:26.197+0000] {dagbag.py:538} INFO - Filling up the DagBag from /home/airflow/.local/lib/python3.8/site-packages/airflow/example_dags/example_branch_operator.py
[2026-02-02T14:36:26.219+0000] {processor.py:840} INFO - DAG(s) 'example_branch_operator' retrieved from /home/airflow/.local/lib/python3.8/site-packages/airflow/example_dags/example_branch_operator.py
[2026-02-02T14:36:26.258+0000] {logging_mixin.py:188} INFO - [2026-02-02T14:36:26.258+0000] {dag.py:3036} INFO - Sync 1 DAGs
[2026-02-02T14:36:26.287+0000] {logging_mixin.py:188} INFO - [2026-02-02T14:36:26.286+0000] {dag.py:3823} INFO - Setting next_dagrun for example_branch_operator to 2026-02-01 00:00:00+00:00, run_after=2026-02-02 00:00:00+00:00
[2026-02-02T14:36:26.305+0000] {processor.py:183} INFO - Processing /home/airflow/.local/lib/python3.8/site-packages/airflow/example_dags/example_branch_operator.py took 0.114 seconds
[2026-02-02T14:36:56.362+0000] {processor.py:161} INFO - Started process (PID=1872) to work on /home/airflow/.local/lib/python3.8/site-packages/airflow/example_dags/example_branch_operator.py
[2026-02-02T14:36:56.362+0000] {processor.py:830} INFO - Processing file /home/airflow/.local/lib/python3.8/site-packages/airflow/example_dags/example_branch_operator.py for tasks to queue
[2026-02-02T14:36:56.364+0000] {logging_mixin.py:188} INFO - [2026-02-02T14:36:56.363+0000] {dagbag.py:538} INFO - Filling up the DagBag from /home/airflow/.local/lib/python3.8/site-packages/airflow/example_dags/example_branch_operator.py
[2026-02-02T14:36:56.382+0000] {processor.py:840} INFO - DAG(s) 'example_branch_operator' retrieved from /home/airflow/.local/lib/python3.8/site-packages/airflow/example_dags/example_branch_operator.py
[2026-02-02T14:36:56.405+0000] {logging_mixin.py:188} INFO - [2026-02-02T14:36:56.404+0000] {dag.py:3036} INFO - Sync 1 DAGs
[2026-02-02T14:36:56.422+0000] {logging_mixin.py:188} INFO - [2026-02-02T14:36:56.422+0000] {dag.py:3823} INFO - Setting next_dagrun for example_branch_operator to 2026-02-01 00:00:00+00:00, run_after=2026-02-02 00:00:00+00:00
[2026-02-02T14:36:56.436+0000] {processor.py:183} INFO - Processing /home/airflow/.local/lib/python3.8/site-packages/airflow/example_dags/example_branch_operator.py took 0.077 seconds
[2026-02-02T14:37:26.499+0000] {processor.py:161} INFO - Started process (PID=1927) to work on /home/airflow/.local/lib/python3.8/site-packages/airflow/example_dags/example_branch_operator.py
[2026-02-02T14:37:26.500+0000] {processor.py:830} INFO - Processing file /home/airflow/.local/lib/python3.8/site-packages/airflow/example_dags/example_branch_operator.py for tasks to queue
[2026-02-02T14:37:26.501+0000] {logging_mixin.py:188} INFO - [2026-02-02T14:37:26.501+0000] {dagbag.py:538} INFO - Filling up the DagBag from /home/airflow/.local/lib/python3.8/site-packages/airflow/example_dags/example_branch_operator.py
[2026-02-02T14:37:26.516+0000] {processor.py:840} INFO - DAG(s) 'example_branch_operator' retrieved from /home/airflow/.local/lib/python3.8/site-packages/airflow/example_dags/example_branch_operator.py
[2026-02-02T14:37:26.538+0000] {logging_mixin.py:188} INFO - [2026-02-02T14:37:26.538+0000] {dag.py:3036} INFO - Sync 1 DAGs
[2026-02-02T14:37:26.556+0000] {logging_mixin.py:188} INFO - [2026-02-02T14:37:26.556+0000] {dag.py:3823} INFO - Setting next_dagrun for example_branch_operator to 2026-02-01 00:00:00+00:00, run_after=2026-02-02 00:00:00+00:00
[2026-02-02T14:37:26.569+0000] {processor.py:183} INFO - Processing /home/airflow/.local/lib/python3.8/site-packages/airflow/example_dags/example_branch_operator.py took 0.073 seconds
[2026-02-02T14:37:56.928+0000] {processor.py:161} INFO - Started process (PID=1983) to work on /home/airflow/.local/lib/python3.8/site-packages/airflow/example_dags/example_branch_operator.py
[2026-02-02T14:37:56.929+0000] {processor.py:830} INFO - Processing file /home/airflow/.local/lib/python3.8/site-packages/airflow/example_dags/example_branch_operator.py for tasks to queue
[2026-02-02T14:37:56.931+0000] {logging_mixin.py:188} INFO - [2026-02-02T14:37:56.931+0000] {dagbag.py:538} INFO - Filling up the DagBag from /home/airflow/.local/lib/python3.8/site-packages/airflow/example_dags/example_branch_operator.py
[2026-02-02T14:37:56.951+0000] {processor.py:840} INFO - DAG(s) 'example_branch_operator' retrieved from /home/airflow/.local/lib/python3.8/site-packages/airflow/example_dags/example_branch_operator.py
[2026-02-02T14:37:56.984+0000] {logging_mixin.py:188} INFO - [2026-02-02T14:37:56.983+0000] {dag.py:3036} INFO - Sync 1 DAGs
[2026-02-02T14:37:57.008+0000] {logging_mixin.py:188} INFO - [2026-02-02T14:37:57.008+0000] {dag.py:3823} INFO - Setting next_dagrun for example_branch_operator to 2026-02-01 00:00:00+00:00, run_after=2026-02-02 00:00:00+00:00
[2026-02-02T14:37:57.027+0000] {processor.py:183} INFO - Processing /home/airflow/.local/lib/python3.8/site-packages/airflow/example_dags/example_branch_operator.py took 0.102 seconds
[2026-02-02T14:38:27.131+0000] {processor.py:161} INFO - Started process (PID=2038) to work on /home/airflow/.local/lib/python3.8/site-packages/airflow/example_dags/example_branch_operator.py
[2026-02-02T14:38:27.132+0000] {processor.py:830} INFO - Processing file /home/airflow/.local/lib/python3.8/site-packages/airflow/example_dags/example_branch_operator.py for tasks to queue
[2026-02-02T14:38:27.133+0000] {logging_mixin.py:188} INFO - [2026-02-02T14:38:27.133+0000] {dagbag.py:538} INFO - Filling up the DagBag from /home/airflow/.local/lib/python3.8/site-packages/airflow/example_dags/example_branch_operator.py
[2026-02-02T14:38:27.147+0000] {processor.py:840} INFO - DAG(s) 'example_branch_operator' retrieved from /home/airflow/.local/lib/python3.8/site-packages/airflow/example_dags/example_branch_operator.py
[2026-02-02T14:38:27.170+0000] {logging_mixin.py:188} INFO - [2026-02-02T14:38:27.170+0000] {dag.py:3036} INFO - Sync 1 DAGs
[2026-02-02T14:38:27.187+0000] {logging_mixin.py:188} INFO - [2026-02-02T14:38:27.187+0000] {dag.py:3823} INFO - Setting next_dagrun for example_branch_operator to 2026-02-01 00:00:00+00:00, run_after=2026-02-02 00:00:00+00:00
[2026-02-02T14:38:27.201+0000] {processor.py:183} INFO - Processing /home/airflow/.local/lib/python3.8/site-packages/airflow/example_dags/example_branch_operator.py took 0.073 seconds
[2026-02-02T14:38:57.787+0000] {processor.py:161} INFO - Started process (PID=2092) to work on /home/airflow/.local/lib/python3.8/site-packages/airflow/example_dags/example_branch_operator.py
[2026-02-02T14:38:57.787+0000] {processor.py:830} INFO - Processing file /home/airflow/.local/lib/python3.8/site-packages/airflow/example_dags/example_branch_operator.py for tasks to queue
[2026-02-02T14:38:57.791+0000] {logging_mixin.py:188} INFO - [2026-02-02T14:38:57.790+0000] {dagbag.py:538} INFO - Filling up the DagBag from /home/airflow/.local/lib/python3.8/site-packages/airflow/example_dags/example_branch_operator.py
[2026-02-02T14:38:57.810+0000] {processor.py:840} INFO - DAG(s) 'example_branch_operator' retrieved from /home/airflow/.local/lib/python3.8/site-packages/airflow/example_dags/example_branch_operator.py
[2026-02-02T14:38:57.843+0000] {logging_mixin.py:188} INFO - [2026-02-02T14:38:57.843+0000] {dag.py:3036} INFO - Sync 1 DAGs
[2026-02-02T14:38:57.868+0000] {logging_mixin.py:188} INFO - [2026-02-02T14:38:57.868+0000] {dag.py:3823} INFO - Setting next_dagrun for example_branch_operator to 2026-02-01 00:00:00+00:00, run_after=2026-02-02 00:00:00+00:00
[2026-02-02T14:38:57.886+0000] {processor.py:183} INFO - Processing /home/airflow/.local/lib/python3.8/site-packages/airflow/example_dags/example_branch_operator.py took 0.103 seconds
[2026-02-02T14:39:27.956+0000] {processor.py:161} INFO - Started process (PID=2148) to work on /home/airflow/.local/lib/python3.8/site-packages/airflow/example_dags/example_branch_operator.py
[2026-02-02T14:39:27.957+0000] {processor.py:830} INFO - Processing file /home/airflow/.local/lib/python3.8/site-packages/airflow/example_dags/example_branch_operator.py for tasks to queue
[2026-02-02T14:39:27.959+0000] {logging_mixin.py:188} INFO - [2026-02-02T14:39:27.959+0000] {dagbag.py:538} INFO - Filling up the DagBag from /home/airflow/.local/lib/python3.8/site-packages/airflow/example_dags/example_branch_operator.py
[2026-02-02T14:39:27.980+0000] {processor.py:840} INFO - DAG(s) 'example_branch_operator' retrieved from /home/airflow/.local/lib/python3.8/site-packages/airflow/example_dags/example_branch_operator.py
[2026-02-02T14:39:28.016+0000] {logging_mixin.py:188} INFO - [2026-02-02T14:39:28.016+0000] {dag.py:3036} INFO - Sync 1 DAGs
[2026-02-02T14:39:28.043+0000] {logging_mixin.py:188} INFO - [2026-02-02T14:39:28.043+0000] {dag.py:3823} INFO - Setting next_dagrun for example_branch_operator to 2026-02-01 00:00:00+00:00, run_after=2026-02-02 00:00:00+00:00
[2026-02-02T14:39:28.060+0000] {processor.py:183} INFO - Processing /home/airflow/.local/lib/python3.8/site-packages/airflow/example_dags/example_branch_operator.py took 0.107 seconds
[2026-02-02T14:39:58.359+0000] {processor.py:161} INFO - Started process (PID=2207) to work on /home/airflow/.local/lib/python3.8/site-packages/airflow/example_dags/example_branch_operator.py
[2026-02-02T14:39:58.360+0000] {processor.py:830} INFO - Processing file /home/airflow/.local/lib/python3.8/site-packages/airflow/example_dags/example_branch_operator.py for tasks to queue
[2026-02-02T14:39:58.362+0000] {logging_mixin.py:188} INFO - [2026-02-02T14:39:58.361+0000] {dagbag.py:538} INFO - Filling up the DagBag from /home/airflow/.local/lib/python3.8/site-packages/airflow/example_dags/example_branch_operator.py
[2026-02-02T14:39:58.383+0000] {processor.py:840} INFO - DAG(s) 'example_branch_operator' retrieved from /home/airflow/.local/lib/python3.8/site-packages/airflow/example_dags/example_branch_operator.py
[2026-02-02T14:39:58.418+0000] {logging_mixin.py:188} INFO - [2026-02-02T14:39:58.418+0000] {dag.py:3036} INFO - Sync 1 DAGs
[2026-02-02T14:39:58.444+0000] {logging_mixin.py:188} INFO - [2026-02-02T14:39:58.444+0000] {dag.py:3823} INFO - Setting next_dagrun for example_branch_operator to 2026-02-01 00:00:00+00:00, run_after=2026-02-02 00:00:00+00:00
[2026-02-02T14:39:58.462+0000] {processor.py:183} INFO - Processing /home/airflow/.local/lib/python3.8/site-packages/airflow/example_dags/example_branch_operator.py took 0.107 seconds
[2026-02-02T14:40:28.673+0000] {processor.py:161} INFO - Started process (PID=2262) to work on /home/airflow/.local/lib/python3.8/site-packages/airflow/example_dags/example_branch_operator.py
[2026-02-02T14:40:28.674+0000] {processor.py:830} INFO - Processing file /home/airflow/.local/lib/python3.8/site-packages/airflow/example_dags/example_branch_operator.py for tasks to queue
[2026-02-02T14:40:28.676+0000] {logging_mixin.py:188} INFO - [2026-02-02T14:40:28.676+0000] {dagbag.py:538} INFO - Filling up the DagBag from /home/airflow/.local/lib/python3.8/site-packages/airflow/example_dags/example_branch_operator.py
[2026-02-02T14:40:28.696+0000] {processor.py:840} INFO - DAG(s) 'example_branch_operator' retrieved from /home/airflow/.local/lib/python3.8/site-packages/airflow/example_dags/example_branch_operator.py
[2026-02-02T14:40:28.728+0000] {logging_mixin.py:188} INFO - [2026-02-02T14:40:28.728+0000] {dag.py:3036} INFO - Sync 1 DAGs
[2026-02-02T14:40:28.754+0000] {logging_mixin.py:188} INFO - [2026-02-02T14:40:28.754+0000] {dag.py:3823} INFO - Setting next_dagrun for example_branch_operator to 2026-02-01 00:00:00+00:00, run_after=2026-02-02 00:00:00+00:00
[2026-02-02T14:40:28.773+0000] {processor.py:183} INFO - Processing /home/airflow/.local/lib/python3.8/site-packages/airflow/example_dags/example_branch_operator.py took 0.104 seconds
[2026-02-02T14:40:58.909+0000] {processor.py:161} INFO - Started process (PID=2319) to work on /home/airflow/.local/lib/python3.8/site-packages/airflow/example_dags/example_branch_operator.py
[2026-02-02T14:40:58.910+0000] {processor.py:830} INFO - Processing file /home/airflow/.local/lib/python3.8/site-packages/airflow/example_dags/example_branch_operator.py for tasks to queue
[2026-02-02T14:40:58.912+0000] {logging_mixin.py:188} INFO - [2026-02-02T14:40:58.911+0000] {dagbag.py:538} INFO - Filling up the DagBag from /home/airflow/.local/lib/python3.8/site-packages/airflow/example_dags/example_branch_operator.py
[2026-02-02T14:40:58.939+0000] {processor.py:840} INFO - DAG(s) 'example_branch_operator' retrieved from /home/airflow/.local/lib/python3.8/site-packages/airflow/example_dags/example_branch_operator.py
[2026-02-02T14:40:58.978+0000] {logging_mixin.py:188} INFO - [2026-02-02T14:40:58.978+0000] {dag.py:3036} INFO - Sync 1 DAGs
[2026-02-02T14:40:59.004+0000] {logging_mixin.py:188} INFO - [2026-02-02T14:40:59.004+0000] {dag.py:3823} INFO - Setting next_dagrun for example_branch_operator to 2026-02-01 00:00:00+00:00, run_after=2026-02-02 00:00:00+00:00
[2026-02-02T14:40:59.024+0000] {processor.py:183} INFO - Processing /home/airflow/.local/lib/python3.8/site-packages/airflow/example_dags/example_branch_operator.py took 0.118 seconds
[2026-02-02T14:41:29.122+0000] {processor.py:161} INFO - Started process (PID=2374) to work on /home/airflow/.local/lib/python3.8/site-packages/airflow/example_dags/example_branch_operator.py
[2026-02-02T14:41:29.122+0000] {processor.py:830} INFO - Processing file /home/airflow/.local/lib/python3.8/site-packages/airflow/example_dags/example_branch_operator.py for tasks to queue
[2026-02-02T14:41:29.124+0000] {logging_mixin.py:188} INFO - [2026-02-02T14:41:29.123+0000] {dagbag.py:538} INFO - Filling up the DagBag from /home/airflow/.local/lib/python3.8/site-packages/airflow/example_dags/example_branch_operator.py
[2026-02-02T14:41:29.138+0000] {processor.py:840} INFO - DAG(s) 'example_branch_operator' retrieved from /home/airflow/.local/lib/python3.8/site-packages/airflow/example_dags/example_branch_operator.py
[2026-02-02T14:41:29.162+0000] {logging_mixin.py:188} INFO - [2026-02-02T14:41:29.162+0000] {dag.py:3036} INFO - Sync 1 DAGs
[2026-02-02T14:41:29.180+0000] {logging_mixin.py:188} INFO - [2026-02-02T14:41:29.180+0000] {dag.py:3823} INFO - Setting next_dagrun for example_branch_operator to 2026-02-01 00:00:00+00:00, run_after=2026-02-02 00:00:00+00:00
[2026-02-02T14:41:29.193+0000] {processor.py:183} INFO - Processing /home/airflow/.local/lib/python3.8/site-packages/airflow/example_dags/example_branch_operator.py took 0.074 seconds
[2026-02-02T14:41:59.640+0000] {processor.py:161} INFO - Started process (PID=2428) to work on /home/airflow/.local/lib/python3.8/site-packages/airflow/example_dags/example_branch_operator.py
[2026-02-02T14:41:59.640+0000] {processor.py:830} INFO - Processing file /home/airflow/.local/lib/python3.8/site-packages/airflow/example_dags/example_branch_operator.py for tasks to queue
[2026-02-02T14:41:59.642+0000] {logging_mixin.py:188} INFO - [2026-02-02T14:41:59.642+0000] {dagbag.py:538} INFO - Filling up the DagBag from /home/airflow/.local/lib/python3.8/site-packages/airflow/example_dags/example_branch_operator.py
[2026-02-02T14:41:59.677+0000] {processor.py:840} INFO - DAG(s) 'example_branch_operator' retrieved from /home/airflow/.local/lib/python3.8/site-packages/airflow/example_dags/example_branch_operator.py
[2026-02-02T14:41:59.719+0000] {logging_mixin.py:188} INFO - [2026-02-02T14:41:59.719+0000] {dag.py:3036} INFO - Sync 1 DAGs
[2026-02-02T14:41:59.746+0000] {logging_mixin.py:188} INFO - [2026-02-02T14:41:59.746+0000] {dag.py:3823} INFO - Setting next_dagrun for example_branch_operator to 2026-02-01 00:00:00+00:00, run_after=2026-02-02 00:00:00+00:00
[2026-02-02T14:41:59.763+0000] {processor.py:183} INFO - Processing /home/airflow/.local/lib/python3.8/site-packages/airflow/example_dags/example_branch_operator.py took 0.127 seconds
[2026-02-02T14:42:30.340+0000] {processor.py:161} INFO - Started process (PID=2483) to work on /home/airflow/.local/lib/python3.8/site-packages/airflow/example_dags/example_branch_operator.py
[2026-02-02T14:42:30.346+0000] {processor.py:830} INFO - Processing file /home/airflow/.local/lib/python3.8/site-packages/airflow/example_dags/example_branch_operator.py for tasks to queue
[2026-02-02T14:42:30.350+0000] {logging_mixin.py:188} INFO - [2026-02-02T14:42:30.349+0000] {dagbag.py:538} INFO - Filling up the DagBag from /home/airflow/.local/lib/python3.8/site-packages/airflow/example_dags/example_branch_operator.py
[2026-02-02T14:42:30.409+0000] {processor.py:840} INFO - DAG(s) 'example_branch_operator' retrieved from /home/airflow/.local/lib/python3.8/site-packages/airflow/example_dags/example_branch_operator.py
[2026-02-02T14:42:30.505+0000] {logging_mixin.py:188} INFO - [2026-02-02T14:42:30.505+0000] {dag.py:3036} INFO - Sync 1 DAGs
[2026-02-02T14:42:30.563+0000] {logging_mixin.py:188} INFO - [2026-02-02T14:42:30.563+0000] {dag.py:3823} INFO - Setting next_dagrun for example_branch_operator to 2026-02-01 00:00:00+00:00, run_after=2026-02-02 00:00:00+00:00
[2026-02-02T14:42:30.595+0000] {processor.py:183} INFO - Processing /home/airflow/.local/lib/python3.8/site-packages/airflow/example_dags/example_branch_operator.py took 0.266 seconds
[2026-02-02T14:43:00.991+0000] {processor.py:161} INFO - Started process (PID=2537) to work on /home/airflow/.local/lib/python3.8/site-packages/airflow/example_dags/example_branch_operator.py
[2026-02-02T14:43:00.992+0000] {processor.py:830} INFO - Processing file /home/airflow/.local/lib/python3.8/site-packages/airflow/example_dags/example_branch_operator.py for tasks to queue
[2026-02-02T14:43:00.994+0000] {logging_mixin.py:188} INFO - [2026-02-02T14:43:00.994+0000] {dagbag.py:538} INFO - Filling up the DagBag from /home/airflow/.local/lib/python3.8/site-packages/airflow/example_dags/example_branch_operator.py
[2026-02-02T14:43:01.015+0000] {processor.py:840} INFO - DAG(s) 'example_branch_operator' retrieved from /home/airflow/.local/lib/python3.8/site-packages/airflow/example_dags/example_branch_operator.py
[2026-02-02T14:43:01.052+0000] {logging_mixin.py:188} INFO - [2026-02-02T14:43:01.052+0000] {dag.py:3036} INFO - Sync 1 DAGs
[2026-02-02T14:43:01.264+0000] {logging_mixin.py:188} INFO - [2026-02-02T14:43:01.264+0000] {dag.py:3823} INFO - Setting next_dagrun for example_branch_operator to 2026-02-01 00:00:00+00:00, run_after=2026-02-02 00:00:00+00:00
[2026-02-02T14:43:01.278+0000] {processor.py:183} INFO - Processing /home/airflow/.local/lib/python3.8/site-packages/airflow/example_dags/example_branch_operator.py took 0.291 seconds
[2026-02-02T14:43:31.311+0000] {processor.py:161} INFO - Started process (PID=2594) to work on /home/airflow/.local/lib/python3.8/site-packages/airflow/example_dags/example_branch_operator.py
[2026-02-02T14:43:31.312+0000] {processor.py:830} INFO - Processing file /home/airflow/.local/lib/python3.8/site-packages/airflow/example_dags/example_branch_operator.py for tasks to queue
[2026-02-02T14:43:31.314+0000] {logging_mixin.py:188} INFO - [2026-02-02T14:43:31.314+0000] {dagbag.py:538} INFO - Filling up the DagBag from /home/airflow/.local/lib/python3.8/site-packages/airflow/example_dags/example_branch_operator.py
[2026-02-02T14:43:31.335+0000] {processor.py:840} INFO - DAG(s) 'example_branch_operator' retrieved from /home/airflow/.local/lib/python3.8/site-packages/airflow/example_dags/example_branch_operator.py
[2026-02-02T14:43:31.365+0000] {logging_mixin.py:188} INFO - [2026-02-02T14:43:31.365+0000] {dag.py:3036} INFO - Sync 1 DAGs
[2026-02-02T14:43:31.383+0000] {logging_mixin.py:188} INFO - [2026-02-02T14:43:31.383+0000] {dag.py:3823} INFO - Setting next_dagrun for example_branch_operator to 2026-02-01 00:00:00+00:00, run_after=2026-02-02 00:00:00+00:00
[2026-02-02T14:43:31.397+0000] {processor.py:183} INFO - Processing /home/airflow/.local/lib/python3.8/site-packages/airflow/example_dags/example_branch_operator.py took 0.090 seconds
[2026-02-02T14:44:01.908+0000] {processor.py:161} INFO - Started process (PID=2647) to work on /home/airflow/.local/lib/python3.8/site-packages/airflow/example_dags/example_branch_operator.py
[2026-02-02T14:44:01.909+0000] {processor.py:830} INFO - Processing file /home/airflow/.local/lib/python3.8/site-packages/airflow/example_dags/example_branch_operator.py for tasks to queue
[2026-02-02T14:44:01.911+0000] {logging_mixin.py:188} INFO - [2026-02-02T14:44:01.910+0000] {dagbag.py:538} INFO - Filling up the DagBag from /home/airflow/.local/lib/python3.8/site-packages/airflow/example_dags/example_branch_operator.py
[2026-02-02T14:44:01.930+0000] {processor.py:840} INFO - DAG(s) 'example_branch_operator' retrieved from /home/airflow/.local/lib/python3.8/site-packages/airflow/example_dags/example_branch_operator.py
[2026-02-02T14:44:01.965+0000] {logging_mixin.py:188} INFO - [2026-02-02T14:44:01.964+0000] {dag.py:3036} INFO - Sync 1 DAGs
[2026-02-02T14:44:01.990+0000] {logging_mixin.py:188} INFO - [2026-02-02T14:44:01.989+0000] {dag.py:3823} INFO - Setting next_dagrun for example_branch_operator to 2026-02-01 00:00:00+00:00, run_after=2026-02-02 00:00:00+00:00
[2026-02-02T14:44:02.008+0000] {processor.py:183} INFO - Processing /home/airflow/.local/lib/python3.8/site-packages/airflow/example_dags/example_branch_operator.py took 0.104 seconds
[2026-02-02T14:44:32.357+0000] {processor.py:161} INFO - Started process (PID=2703) to work on /home/airflow/.local/lib/python3.8/site-packages/airflow/example_dags/example_branch_operator.py
[2026-02-02T14:44:32.358+0000] {processor.py:830} INFO - Processing file /home/airflow/.local/lib/python3.8/site-packages/airflow/example_dags/example_branch_operator.py for tasks to queue
[2026-02-02T14:44:32.360+0000] {logging_mixin.py:188} INFO - [2026-02-02T14:44:32.359+0000] {dagbag.py:538} INFO - Filling up the DagBag from /home/airflow/.local/lib/python3.8/site-packages/airflow/example_dags/example_branch_operator.py
[2026-02-02T14:44:32.395+0000] {processor.py:840} INFO - DAG(s) 'example_branch_operator' retrieved from /home/airflow/.local/lib/python3.8/site-packages/airflow/example_dags/example_branch_operator.py
[2026-02-02T14:44:32.463+0000] {logging_mixin.py:188} INFO - [2026-02-02T14:44:32.462+0000] {dag.py:3036} INFO - Sync 1 DAGs
[2026-02-02T14:44:32.497+0000] {logging_mixin.py:188} INFO - [2026-02-02T14:44:32.497+0000] {dag.py:3823} INFO - Setting next_dagrun for example_branch_operator to 2026-02-01 00:00:00+00:00, run_after=2026-02-02 00:00:00+00:00
[2026-02-02T14:44:32.531+0000] {processor.py:183} INFO - Processing /home/airflow/.local/lib/python3.8/site-packages/airflow/example_dags/example_branch_operator.py took 0.178 seconds
[2026-02-02T14:45:03.127+0000] {processor.py:161} INFO - Started process (PID=2756) to work on /home/airflow/.local/lib/python3.8/site-packages/airflow/example_dags/example_branch_operator.py
[2026-02-02T14:45:03.127+0000] {processor.py:830} INFO - Processing file /home/airflow/.local/lib/python3.8/site-packages/airflow/example_dags/example_branch_operator.py for tasks to queue
[2026-02-02T14:45:03.129+0000] {logging_mixin.py:188} INFO - [2026-02-02T14:45:03.129+0000] {dagbag.py:538} INFO - Filling up the DagBag from /home/airflow/.local/lib/python3.8/site-packages/airflow/example_dags/example_branch_operator.py
[2026-02-02T14:45:03.143+0000] {processor.py:840} INFO - DAG(s) 'example_branch_operator' retrieved from /home/airflow/.local/lib/python3.8/site-packages/airflow/example_dags/example_branch_operator.py
[2026-02-02T14:45:03.284+0000] {logging_mixin.py:188} INFO - [2026-02-02T14:45:03.284+0000] {dag.py:3036} INFO - Sync 1 DAGs
[2026-02-02T14:45:03.317+0000] {logging_mixin.py:188} INFO - [2026-02-02T14:45:03.316+0000] {dag.py:3823} INFO - Setting next_dagrun for example_branch_operator to 2026-02-01 00:00:00+00:00, run_after=2026-02-02 00:00:00+00:00
[2026-02-02T14:45:03.334+0000] {processor.py:183} INFO - Processing /home/airflow/.local/lib/python3.8/site-packages/airflow/example_dags/example_branch_operator.py took 0.210 seconds
[2026-02-02T14:45:34.209+0000] {processor.py:161} INFO - Started process (PID=2812) to work on /home/airflow/.local/lib/python3.8/site-packages/airflow/example_dags/example_branch_operator.py
[2026-02-02T14:45:34.210+0000] {processor.py:830} INFO - Processing file /home/airflow/.local/lib/python3.8/site-packages/airflow/example_dags/example_branch_operator.py for tasks to queue
[2026-02-02T14:45:34.212+0000] {logging_mixin.py:188} INFO - [2026-02-02T14:45:34.211+0000] {dagbag.py:538} INFO - Filling up the DagBag from /home/airflow/.local/lib/python3.8/site-packages/airflow/example_dags/example_branch_operator.py
[2026-02-02T14:45:34.232+0000] {processor.py:840} INFO - DAG(s) 'example_branch_operator' retrieved from /home/airflow/.local/lib/python3.8/site-packages/airflow/example_dags/example_branch_operator.py
[2026-02-02T14:45:34.265+0000] {logging_mixin.py:188} INFO - [2026-02-02T14:45:34.265+0000] {dag.py:3036} INFO - Sync 1 DAGs
[2026-02-02T14:45:34.292+0000] {logging_mixin.py:188} INFO - [2026-02-02T14:45:34.292+0000] {dag.py:3823} INFO - Setting next_dagrun for example_branch_operator to 2026-02-01 00:00:00+00:00, run_after=2026-02-02 00:00:00+00:00
[2026-02-02T14:45:34.311+0000] {processor.py:183} INFO - Processing /home/airflow/.local/lib/python3.8/site-packages/airflow/example_dags/example_branch_operator.py took 0.105 seconds
[2026-02-02T14:46:04.706+0000] {processor.py:161} INFO - Started process (PID=2867) to work on /home/airflow/.local/lib/python3.8/site-packages/airflow/example_dags/example_branch_operator.py
[2026-02-02T14:46:04.708+0000] {processor.py:830} INFO - Processing file /home/airflow/.local/lib/python3.8/site-packages/airflow/example_dags/example_branch_operator.py for tasks to queue
[2026-02-02T14:46:04.710+0000] {logging_mixin.py:188} INFO - [2026-02-02T14:46:04.710+0000] {dagbag.py:538} INFO - Filling up the DagBag from /home/airflow/.local/lib/python3.8/site-packages/airflow/example_dags/example_branch_operator.py
[2026-02-02T14:46:04.761+0000] {processor.py:840} INFO - DAG(s) 'example_branch_operator' retrieved from /home/airflow/.local/lib/python3.8/site-packages/airflow/example_dags/example_branch_operator.py
[2026-02-02T14:46:04.805+0000] {logging_mixin.py:188} INFO - [2026-02-02T14:46:04.805+0000] {dag.py:3036} INFO - Sync 1 DAGs
[2026-02-02T14:46:04.832+0000] {logging_mixin.py:188} INFO - [2026-02-02T14:46:04.832+0000] {dag.py:3823} INFO - Setting next_dagrun for example_branch_operator to 2026-02-01 00:00:00+00:00, run_after=2026-02-02 00:00:00+00:00
[2026-02-02T14:46:04.849+0000] {processor.py:183} INFO - Processing /home/airflow/.local/lib/python3.8/site-packages/airflow/example_dags/example_branch_operator.py took 0.152 seconds
[2026-02-02T14:46:35.621+0000] {processor.py:161} INFO - Started process (PID=2923) to work on /home/airflow/.local/lib/python3.8/site-packages/airflow/example_dags/example_branch_operator.py
[2026-02-02T14:46:35.622+0000] {processor.py:830} INFO - Processing file /home/airflow/.local/lib/python3.8/site-packages/airflow/example_dags/example_branch_operator.py for tasks to queue
[2026-02-02T14:46:35.624+0000] {logging_mixin.py:188} INFO - [2026-02-02T14:46:35.624+0000] {dagbag.py:538} INFO - Filling up the DagBag from /home/airflow/.local/lib/python3.8/site-packages/airflow/example_dags/example_branch_operator.py
[2026-02-02T14:46:35.646+0000] {processor.py:840} INFO - DAG(s) 'example_branch_operator' retrieved from /home/airflow/.local/lib/python3.8/site-packages/airflow/example_dags/example_branch_operator.py
[2026-02-02T14:46:35.678+0000] {logging_mixin.py:188} INFO - [2026-02-02T14:46:35.678+0000] {dag.py:3036} INFO - Sync 1 DAGs
[2026-02-02T14:46:35.706+0000] {logging_mixin.py:188} INFO - [2026-02-02T14:46:35.705+0000] {dag.py:3823} INFO - Setting next_dagrun for example_branch_operator to 2026-02-01 00:00:00+00:00, run_after=2026-02-02 00:00:00+00:00
[2026-02-02T14:46:35.724+0000] {processor.py:183} INFO - Processing /home/airflow/.local/lib/python3.8/site-packages/airflow/example_dags/example_branch_operator.py took 0.106 seconds
[2026-02-02T14:47:06.126+0000] {processor.py:161} INFO - Started process (PID=2979) to work on /home/airflow/.local/lib/python3.8/site-packages/airflow/example_dags/example_branch_operator.py
[2026-02-02T14:47:06.127+0000] {processor.py:830} INFO - Processing file /home/airflow/.local/lib/python3.8/site-packages/airflow/example_dags/example_branch_operator.py for tasks to queue
[2026-02-02T14:47:06.128+0000] {logging_mixin.py:188} INFO - [2026-02-02T14:47:06.128+0000] {dagbag.py:538} INFO - Filling up the DagBag from /home/airflow/.local/lib/python3.8/site-packages/airflow/example_dags/example_branch_operator.py
[2026-02-02T14:47:06.142+0000] {processor.py:840} INFO - DAG(s) 'example_branch_operator' retrieved from /home/airflow/.local/lib/python3.8/site-packages/airflow/example_dags/example_branch_operator.py
[2026-02-02T14:47:06.164+0000] {logging_mixin.py:188} INFO - [2026-02-02T14:47:06.164+0000] {dag.py:3036} INFO - Sync 1 DAGs
[2026-02-02T14:47:06.183+0000] {logging_mixin.py:188} INFO - [2026-02-02T14:47:06.183+0000] {dag.py:3823} INFO - Setting next_dagrun for example_branch_operator to 2026-02-01 00:00:00+00:00, run_after=2026-02-02 00:00:00+00:00
[2026-02-02T14:47:06.196+0000] {processor.py:183} INFO - Processing /home/airflow/.local/lib/python3.8/site-packages/airflow/example_dags/example_branch_operator.py took 0.073 seconds
[2026-02-02T14:47:36.815+0000] {processor.py:161} INFO - Started process (PID=3036) to work on /home/airflow/.local/lib/python3.8/site-packages/airflow/example_dags/example_branch_operator.py
[2026-02-02T14:47:36.816+0000] {processor.py:830} INFO - Processing file /home/airflow/.local/lib/python3.8/site-packages/airflow/example_dags/example_branch_operator.py for tasks to queue
[2026-02-02T14:47:36.818+0000] {logging_mixin.py:188} INFO - [2026-02-02T14:47:36.818+0000] {dagbag.py:538} INFO - Filling up the DagBag from /home/airflow/.local/lib/python3.8/site-packages/airflow/example_dags/example_branch_operator.py
[2026-02-02T14:47:36.839+0000] {processor.py:840} INFO - DAG(s) 'example_branch_operator' retrieved from /home/airflow/.local/lib/python3.8/site-packages/airflow/example_dags/example_branch_operator.py
[2026-02-02T14:47:36.886+0000] {logging_mixin.py:188} INFO - [2026-02-02T14:47:36.886+0000] {dag.py:3036} INFO - Sync 1 DAGs
[2026-02-02T14:47:36.913+0000] {logging_mixin.py:188} INFO - [2026-02-02T14:47:36.913+0000] {dag.py:3823} INFO - Setting next_dagrun for example_branch_operator to 2026-02-01 00:00:00+00:00, run_after=2026-02-02 00:00:00+00:00
[2026-02-02T14:47:36.932+0000] {processor.py:183} INFO - Processing /home/airflow/.local/lib/python3.8/site-packages/airflow/example_dags/example_branch_operator.py took 0.120 seconds
[2026-02-02T14:48:07.933+0000] {processor.py:161} INFO - Started process (PID=3092) to work on /home/airflow/.local/lib/python3.8/site-packages/airflow/example_dags/example_branch_operator.py
[2026-02-02T14:48:07.934+0000] {processor.py:830} INFO - Processing file /home/airflow/.local/lib/python3.8/site-packages/airflow/example_dags/example_branch_operator.py for tasks to queue
[2026-02-02T14:48:07.936+0000] {logging_mixin.py:188} INFO - [2026-02-02T14:48:07.936+0000] {dagbag.py:538} INFO - Filling up the DagBag from /home/airflow/.local/lib/python3.8/site-packages/airflow/example_dags/example_branch_operator.py
[2026-02-02T14:48:07.960+0000] {processor.py:840} INFO - DAG(s) 'example_branch_operator' retrieved from /home/airflow/.local/lib/python3.8/site-packages/airflow/example_dags/example_branch_operator.py
[2026-02-02T14:48:07.993+0000] {logging_mixin.py:188} INFO - [2026-02-02T14:48:07.993+0000] {dag.py:3036} INFO - Sync 1 DAGs
[2026-02-02T14:48:08.020+0000] {logging_mixin.py:188} INFO - [2026-02-02T14:48:08.020+0000] {dag.py:3823} INFO - Setting next_dagrun for example_branch_operator to 2026-02-01 00:00:00+00:00, run_after=2026-02-02 00:00:00+00:00
[2026-02-02T14:48:08.038+0000] {processor.py:183} INFO - Processing /home/airflow/.local/lib/python3.8/site-packages/airflow/example_dags/example_branch_operator.py took 0.109 seconds
[2026-02-02T14:48:38.476+0000] {processor.py:161} INFO - Started process (PID=3147) to work on /home/airflow/.local/lib/python3.8/site-packages/airflow/example_dags/example_branch_operator.py
[2026-02-02T14:48:38.476+0000] {processor.py:830} INFO - Processing file /home/airflow/.local/lib/python3.8/site-packages/airflow/example_dags/example_branch_operator.py for tasks to queue
[2026-02-02T14:48:38.478+0000] {logging_mixin.py:188} INFO - [2026-02-02T14:48:38.478+0000] {dagbag.py:538} INFO - Filling up the DagBag from /home/airflow/.local/lib/python3.8/site-packages/airflow/example_dags/example_branch_operator.py
[2026-02-02T14:48:38.499+0000] {processor.py:840} INFO - DAG(s) 'example_branch_operator' retrieved from /home/airflow/.local/lib/python3.8/site-packages/airflow/example_dags/example_branch_operator.py
[2026-02-02T14:48:38.532+0000] {logging_mixin.py:188} INFO - [2026-02-02T14:48:38.532+0000] {dag.py:3036} INFO - Sync 1 DAGs
[2026-02-02T14:48:38.559+0000] {logging_mixin.py:188} INFO - [2026-02-02T14:48:38.559+0000] {dag.py:3823} INFO - Setting next_dagrun for example_branch_operator to 2026-02-01 00:00:00+00:00, run_after=2026-02-02 00:00:00+00:00
[2026-02-02T14:48:38.578+0000] {processor.py:183} INFO - Processing /home/airflow/.local/lib/python3.8/site-packages/airflow/example_dags/example_branch_operator.py took 0.106 seconds
[2026-02-02T14:49:08.813+0000] {processor.py:161} INFO - Started process (PID=3203) to work on /home/airflow/.local/lib/python3.8/site-packages/airflow/example_dags/example_branch_operator.py
[2026-02-02T14:49:08.814+0000] {processor.py:830} INFO - Processing file /home/airflow/.local/lib/python3.8/site-packages/airflow/example_dags/example_branch_operator.py for tasks to queue
[2026-02-02T14:49:08.816+0000] {logging_mixin.py:188} INFO - [2026-02-02T14:49:08.816+0000] {dagbag.py:538} INFO - Filling up the DagBag from /home/airflow/.local/lib/python3.8/site-packages/airflow/example_dags/example_branch_operator.py
[2026-02-02T14:49:08.836+0000] {processor.py:840} INFO - DAG(s) 'example_branch_operator' retrieved from /home/airflow/.local/lib/python3.8/site-packages/airflow/example_dags/example_branch_operator.py
[2026-02-02T14:49:08.869+0000] {logging_mixin.py:188} INFO - [2026-02-02T14:49:08.869+0000] {dag.py:3036} INFO - Sync 1 DAGs
[2026-02-02T14:49:08.895+0000] {logging_mixin.py:188} INFO - [2026-02-02T14:49:08.895+0000] {dag.py:3823} INFO - Setting next_dagrun for example_branch_operator to 2026-02-01 00:00:00+00:00, run_after=2026-02-02 00:00:00+00:00
[2026-02-02T14:49:08.913+0000] {processor.py:183} INFO - Processing /home/airflow/.local/lib/python3.8/site-packages/airflow/example_dags/example_branch_operator.py took 0.104 seconds
[2026-02-02T14:49:39.524+0000] {processor.py:161} INFO - Started process (PID=3259) to work on /home/airflow/.local/lib/python3.8/site-packages/airflow/example_dags/example_branch_operator.py
[2026-02-02T14:49:39.525+0000] {processor.py:830} INFO - Processing file /home/airflow/.local/lib/python3.8/site-packages/airflow/example_dags/example_branch_operator.py for tasks to queue
[2026-02-02T14:49:39.528+0000] {logging_mixin.py:188} INFO - [2026-02-02T14:49:39.527+0000] {dagbag.py:538} INFO - Filling up the DagBag from /home/airflow/.local/lib/python3.8/site-packages/airflow/example_dags/example_branch_operator.py
[2026-02-02T14:49:39.562+0000] {processor.py:840} INFO - DAG(s) 'example_branch_operator' retrieved from /home/airflow/.local/lib/python3.8/site-packages/airflow/example_dags/example_branch_operator.py
[2026-02-02T14:49:39.598+0000] {logging_mixin.py:188} INFO - [2026-02-02T14:49:39.598+0000] {dag.py:3036} INFO - Sync 1 DAGs
[2026-02-02T14:49:39.624+0000] {logging_mixin.py:188} INFO - [2026-02-02T14:49:39.624+0000] {dag.py:3823} INFO - Setting next_dagrun for example_branch_operator to 2026-02-01 00:00:00+00:00, run_after=2026-02-02 00:00:00+00:00
[2026-02-02T14:49:39.642+0000] {processor.py:183} INFO - Processing /home/airflow/.local/lib/python3.8/site-packages/airflow/example_dags/example_branch_operator.py took 0.128 seconds
[2026-02-02T14:50:09.686+0000] {processor.py:161} INFO - Started process (PID=3315) to work on /home/airflow/.local/lib/python3.8/site-packages/airflow/example_dags/example_branch_operator.py
[2026-02-02T14:50:09.686+0000] {processor.py:830} INFO - Processing file /home/airflow/.local/lib/python3.8/site-packages/airflow/example_dags/example_branch_operator.py for tasks to queue
[2026-02-02T14:50:09.688+0000] {logging_mixin.py:188} INFO - [2026-02-02T14:50:09.688+0000] {dagbag.py:538} INFO - Filling up the DagBag from /home/airflow/.local/lib/python3.8/site-packages/airflow/example_dags/example_branch_operator.py
[2026-02-02T14:50:09.702+0000] {processor.py:840} INFO - DAG(s) 'example_branch_operator' retrieved from /home/airflow/.local/lib/python3.8/site-packages/airflow/example_dags/example_branch_operator.py
[2026-02-02T14:50:09.727+0000] {logging_mixin.py:188} INFO - [2026-02-02T14:50:09.726+0000] {dag.py:3036} INFO - Sync 1 DAGs
[2026-02-02T14:50:09.760+0000] {logging_mixin.py:188} INFO - [2026-02-02T14:50:09.760+0000] {dag.py:3823} INFO - Setting next_dagrun for example_branch_operator to 2026-02-01 00:00:00+00:00, run_after=2026-02-02 00:00:00+00:00
[2026-02-02T14:50:09.778+0000] {processor.py:183} INFO - Processing /home/airflow/.local/lib/python3.8/site-packages/airflow/example_dags/example_branch_operator.py took 0.095 seconds
[2026-02-02T14:50:39.894+0000] {processor.py:161} INFO - Started process (PID=3371) to work on /home/airflow/.local/lib/python3.8/site-packages/airflow/example_dags/example_branch_operator.py
[2026-02-02T14:50:39.895+0000] {processor.py:830} INFO - Processing file /home/airflow/.local/lib/python3.8/site-packages/airflow/example_dags/example_branch_operator.py for tasks to queue
[2026-02-02T14:50:39.897+0000] {logging_mixin.py:188} INFO - [2026-02-02T14:50:39.897+0000] {dagbag.py:538} INFO - Filling up the DagBag from /home/airflow/.local/lib/python3.8/site-packages/airflow/example_dags/example_branch_operator.py
[2026-02-02T14:50:39.919+0000] {processor.py:840} INFO - DAG(s) 'example_branch_operator' retrieved from /home/airflow/.local/lib/python3.8/site-packages/airflow/example_dags/example_branch_operator.py
[2026-02-02T14:50:39.962+0000] {logging_mixin.py:188} INFO - [2026-02-02T14:50:39.962+0000] {dag.py:3036} INFO - Sync 1 DAGs
[2026-02-02T14:50:39.991+0000] {logging_mixin.py:188} INFO - [2026-02-02T14:50:39.990+0000] {dag.py:3823} INFO - Setting next_dagrun for example_branch_operator to 2026-02-01 00:00:00+00:00, run_after=2026-02-02 00:00:00+00:00
[2026-02-02T14:50:40.031+0000] {processor.py:183} INFO - Processing /home/airflow/.local/lib/python3.8/site-packages/airflow/example_dags/example_branch_operator.py took 0.141 seconds
