[2026-02-02T14:20:35.138+0000] {processor.py:161} INFO - Started process (PID=106) to work on /home/airflow/.local/lib/python3.8/site-packages/airflow/example_dags/example_complex.py
[2026-02-02T14:20:35.151+0000] {processor.py:830} INFO - Processing file /home/airflow/.local/lib/python3.8/site-packages/airflow/example_dags/example_complex.py for tasks to queue
[2026-02-02T14:20:35.160+0000] {logging_mixin.py:188} INFO - [2026-02-02T14:20:35.160+0000] {dagbag.py:538} INFO - Filling up the DagBag from /home/airflow/.local/lib/python3.8/site-packages/airflow/example_dags/example_complex.py
[2026-02-02T14:20:35.192+0000] {processor.py:840} INFO - DAG(s) 'example_complex' retrieved from /home/airflow/.local/lib/python3.8/site-packages/airflow/example_dags/example_complex.py
[2026-02-02T14:20:35.856+0000] {logging_mixin.py:188} INFO - [2026-02-02T14:20:35.855+0000] {override.py:1769} INFO - Created Permission View: can edit on DAG:example_complex
[2026-02-02T14:20:35.907+0000] {logging_mixin.py:188} INFO - [2026-02-02T14:20:35.907+0000] {override.py:1769} INFO - Created Permission View: can delete on DAG:example_complex
[2026-02-02T14:20:35.935+0000] {logging_mixin.py:188} INFO - [2026-02-02T14:20:35.935+0000] {override.py:1769} INFO - Created Permission View: can read on DAG:example_complex
[2026-02-02T14:20:35.938+0000] {logging_mixin.py:188} INFO - [2026-02-02T14:20:35.938+0000] {dag.py:3036} INFO - Sync 1 DAGs
[2026-02-02T14:20:36.016+0000] {logging_mixin.py:188} INFO - [2026-02-02T14:20:36.016+0000] {dag.py:3058} INFO - Creating ORM DAG for example_complex
[2026-02-02T14:20:36.018+0000] {logging_mixin.py:188} INFO - [2026-02-02T14:20:36.018+0000] {dag.py:3823} INFO - Setting next_dagrun for example_complex to None, run_after=None
[2026-02-02T14:20:36.132+0000] {processor.py:183} INFO - Processing /home/airflow/.local/lib/python3.8/site-packages/airflow/example_dags/example_complex.py took 1.006 seconds
[2026-02-02T14:21:06.245+0000] {processor.py:161} INFO - Started process (PID=161) to work on /home/airflow/.local/lib/python3.8/site-packages/airflow/example_dags/example_complex.py
[2026-02-02T14:21:06.246+0000] {processor.py:830} INFO - Processing file /home/airflow/.local/lib/python3.8/site-packages/airflow/example_dags/example_complex.py for tasks to queue
[2026-02-02T14:21:06.248+0000] {logging_mixin.py:188} INFO - [2026-02-02T14:21:06.247+0000] {dagbag.py:538} INFO - Filling up the DagBag from /home/airflow/.local/lib/python3.8/site-packages/airflow/example_dags/example_complex.py
[2026-02-02T14:21:06.262+0000] {processor.py:840} INFO - DAG(s) 'example_complex' retrieved from /home/airflow/.local/lib/python3.8/site-packages/airflow/example_dags/example_complex.py
[2026-02-02T14:21:06.301+0000] {logging_mixin.py:188} INFO - [2026-02-02T14:21:06.301+0000] {dag.py:3036} INFO - Sync 1 DAGs
[2026-02-02T14:21:06.317+0000] {logging_mixin.py:188} INFO - [2026-02-02T14:21:06.317+0000] {dag.py:3823} INFO - Setting next_dagrun for example_complex to None, run_after=None
[2026-02-02T14:21:06.337+0000] {processor.py:183} INFO - Processing /home/airflow/.local/lib/python3.8/site-packages/airflow/example_dags/example_complex.py took 0.095 seconds
[2026-02-02T14:21:36.501+0000] {processor.py:161} INFO - Started process (PID=216) to work on /home/airflow/.local/lib/python3.8/site-packages/airflow/example_dags/example_complex.py
[2026-02-02T14:21:36.502+0000] {processor.py:830} INFO - Processing file /home/airflow/.local/lib/python3.8/site-packages/airflow/example_dags/example_complex.py for tasks to queue
[2026-02-02T14:21:36.507+0000] {logging_mixin.py:188} INFO - [2026-02-02T14:21:36.506+0000] {dagbag.py:538} INFO - Filling up the DagBag from /home/airflow/.local/lib/python3.8/site-packages/airflow/example_dags/example_complex.py
[2026-02-02T14:21:36.524+0000] {processor.py:840} INFO - DAG(s) 'example_complex' retrieved from /home/airflow/.local/lib/python3.8/site-packages/airflow/example_dags/example_complex.py
[2026-02-02T14:21:36.612+0000] {logging_mixin.py:188} INFO - [2026-02-02T14:21:36.611+0000] {dag.py:3036} INFO - Sync 1 DAGs
[2026-02-02T14:21:36.639+0000] {logging_mixin.py:188} INFO - [2026-02-02T14:21:36.635+0000] {dag.py:3823} INFO - Setting next_dagrun for example_complex to None, run_after=None
[2026-02-02T14:21:36.696+0000] {processor.py:183} INFO - Processing /home/airflow/.local/lib/python3.8/site-packages/airflow/example_dags/example_complex.py took 0.204 seconds
[2026-02-02T14:22:07.560+0000] {processor.py:161} INFO - Started process (PID=271) to work on /home/airflow/.local/lib/python3.8/site-packages/airflow/example_dags/example_complex.py
[2026-02-02T14:22:07.560+0000] {processor.py:830} INFO - Processing file /home/airflow/.local/lib/python3.8/site-packages/airflow/example_dags/example_complex.py for tasks to queue
[2026-02-02T14:22:07.562+0000] {logging_mixin.py:188} INFO - [2026-02-02T14:22:07.562+0000] {dagbag.py:538} INFO - Filling up the DagBag from /home/airflow/.local/lib/python3.8/site-packages/airflow/example_dags/example_complex.py
[2026-02-02T14:22:07.610+0000] {processor.py:840} INFO - DAG(s) 'example_complex' retrieved from /home/airflow/.local/lib/python3.8/site-packages/airflow/example_dags/example_complex.py
[2026-02-02T14:22:07.656+0000] {logging_mixin.py:188} INFO - [2026-02-02T14:22:07.656+0000] {dag.py:3036} INFO - Sync 1 DAGs
[2026-02-02T14:22:07.670+0000] {logging_mixin.py:188} INFO - [2026-02-02T14:22:07.670+0000] {dag.py:3823} INFO - Setting next_dagrun for example_complex to None, run_after=None
[2026-02-02T14:22:07.691+0000] {processor.py:183} INFO - Processing /home/airflow/.local/lib/python3.8/site-packages/airflow/example_dags/example_complex.py took 0.134 seconds
[2026-02-02T14:22:38.320+0000] {processor.py:161} INFO - Started process (PID=326) to work on /home/airflow/.local/lib/python3.8/site-packages/airflow/example_dags/example_complex.py
[2026-02-02T14:22:38.321+0000] {processor.py:830} INFO - Processing file /home/airflow/.local/lib/python3.8/site-packages/airflow/example_dags/example_complex.py for tasks to queue
[2026-02-02T14:22:38.323+0000] {logging_mixin.py:188} INFO - [2026-02-02T14:22:38.322+0000] {dagbag.py:538} INFO - Filling up the DagBag from /home/airflow/.local/lib/python3.8/site-packages/airflow/example_dags/example_complex.py
[2026-02-02T14:22:38.338+0000] {processor.py:840} INFO - DAG(s) 'example_complex' retrieved from /home/airflow/.local/lib/python3.8/site-packages/airflow/example_dags/example_complex.py
[2026-02-02T14:22:38.377+0000] {logging_mixin.py:188} INFO - [2026-02-02T14:22:38.376+0000] {dag.py:3036} INFO - Sync 1 DAGs
[2026-02-02T14:22:38.393+0000] {logging_mixin.py:188} INFO - [2026-02-02T14:22:38.393+0000] {dag.py:3823} INFO - Setting next_dagrun for example_complex to None, run_after=None
[2026-02-02T14:22:38.428+0000] {processor.py:183} INFO - Processing /home/airflow/.local/lib/python3.8/site-packages/airflow/example_dags/example_complex.py took 0.111 seconds
[2026-02-02T14:23:08.784+0000] {processor.py:161} INFO - Started process (PID=381) to work on /home/airflow/.local/lib/python3.8/site-packages/airflow/example_dags/example_complex.py
[2026-02-02T14:23:08.785+0000] {processor.py:830} INFO - Processing file /home/airflow/.local/lib/python3.8/site-packages/airflow/example_dags/example_complex.py for tasks to queue
[2026-02-02T14:23:08.787+0000] {logging_mixin.py:188} INFO - [2026-02-02T14:23:08.786+0000] {dagbag.py:538} INFO - Filling up the DagBag from /home/airflow/.local/lib/python3.8/site-packages/airflow/example_dags/example_complex.py
[2026-02-02T14:23:08.803+0000] {processor.py:840} INFO - DAG(s) 'example_complex' retrieved from /home/airflow/.local/lib/python3.8/site-packages/airflow/example_dags/example_complex.py
[2026-02-02T14:23:08.856+0000] {logging_mixin.py:188} INFO - [2026-02-02T14:23:08.856+0000] {dag.py:3036} INFO - Sync 1 DAGs
[2026-02-02T14:23:08.883+0000] {logging_mixin.py:188} INFO - [2026-02-02T14:23:08.883+0000] {dag.py:3823} INFO - Setting next_dagrun for example_complex to None, run_after=None
[2026-02-02T14:23:08.924+0000] {processor.py:183} INFO - Processing /home/airflow/.local/lib/python3.8/site-packages/airflow/example_dags/example_complex.py took 0.143 seconds
[2026-02-02T14:23:39.598+0000] {processor.py:161} INFO - Started process (PID=436) to work on /home/airflow/.local/lib/python3.8/site-packages/airflow/example_dags/example_complex.py
[2026-02-02T14:23:39.599+0000] {processor.py:830} INFO - Processing file /home/airflow/.local/lib/python3.8/site-packages/airflow/example_dags/example_complex.py for tasks to queue
[2026-02-02T14:23:39.601+0000] {logging_mixin.py:188} INFO - [2026-02-02T14:23:39.601+0000] {dagbag.py:538} INFO - Filling up the DagBag from /home/airflow/.local/lib/python3.8/site-packages/airflow/example_dags/example_complex.py
[2026-02-02T14:23:39.619+0000] {processor.py:840} INFO - DAG(s) 'example_complex' retrieved from /home/airflow/.local/lib/python3.8/site-packages/airflow/example_dags/example_complex.py
[2026-02-02T14:23:39.658+0000] {logging_mixin.py:188} INFO - [2026-02-02T14:23:39.658+0000] {dag.py:3036} INFO - Sync 1 DAGs
[2026-02-02T14:23:39.672+0000] {logging_mixin.py:188} INFO - [2026-02-02T14:23:39.672+0000] {dag.py:3823} INFO - Setting next_dagrun for example_complex to None, run_after=None
[2026-02-02T14:23:39.693+0000] {processor.py:183} INFO - Processing /home/airflow/.local/lib/python3.8/site-packages/airflow/example_dags/example_complex.py took 0.098 seconds
[2026-02-02T14:24:09.777+0000] {processor.py:161} INFO - Started process (PID=490) to work on /home/airflow/.local/lib/python3.8/site-packages/airflow/example_dags/example_complex.py
[2026-02-02T14:24:09.778+0000] {processor.py:830} INFO - Processing file /home/airflow/.local/lib/python3.8/site-packages/airflow/example_dags/example_complex.py for tasks to queue
[2026-02-02T14:24:09.780+0000] {logging_mixin.py:188} INFO - [2026-02-02T14:24:09.780+0000] {dagbag.py:538} INFO - Filling up the DagBag from /home/airflow/.local/lib/python3.8/site-packages/airflow/example_dags/example_complex.py
[2026-02-02T14:24:09.794+0000] {processor.py:840} INFO - DAG(s) 'example_complex' retrieved from /home/airflow/.local/lib/python3.8/site-packages/airflow/example_dags/example_complex.py
[2026-02-02T14:24:09.834+0000] {logging_mixin.py:188} INFO - [2026-02-02T14:24:09.834+0000] {dag.py:3036} INFO - Sync 1 DAGs
[2026-02-02T14:24:09.849+0000] {logging_mixin.py:188} INFO - [2026-02-02T14:24:09.849+0000] {dag.py:3823} INFO - Setting next_dagrun for example_complex to None, run_after=None
[2026-02-02T14:24:09.869+0000] {processor.py:183} INFO - Processing /home/airflow/.local/lib/python3.8/site-packages/airflow/example_dags/example_complex.py took 0.094 seconds
[2026-02-02T14:24:39.927+0000] {processor.py:161} INFO - Started process (PID=546) to work on /home/airflow/.local/lib/python3.8/site-packages/airflow/example_dags/example_complex.py
[2026-02-02T14:24:39.930+0000] {processor.py:830} INFO - Processing file /home/airflow/.local/lib/python3.8/site-packages/airflow/example_dags/example_complex.py for tasks to queue
[2026-02-02T14:24:39.934+0000] {logging_mixin.py:188} INFO - [2026-02-02T14:24:39.933+0000] {dagbag.py:538} INFO - Filling up the DagBag from /home/airflow/.local/lib/python3.8/site-packages/airflow/example_dags/example_complex.py
[2026-02-02T14:24:39.952+0000] {processor.py:840} INFO - DAG(s) 'example_complex' retrieved from /home/airflow/.local/lib/python3.8/site-packages/airflow/example_dags/example_complex.py
[2026-02-02T14:24:40.014+0000] {logging_mixin.py:188} INFO - [2026-02-02T14:24:40.014+0000] {dag.py:3036} INFO - Sync 1 DAGs
[2026-02-02T14:24:40.034+0000] {logging_mixin.py:188} INFO - [2026-02-02T14:24:40.033+0000] {dag.py:3823} INFO - Setting next_dagrun for example_complex to None, run_after=None
[2026-02-02T14:24:40.055+0000] {processor.py:183} INFO - Processing /home/airflow/.local/lib/python3.8/site-packages/airflow/example_dags/example_complex.py took 0.133 seconds
[2026-02-02T14:25:10.315+0000] {processor.py:161} INFO - Started process (PID=601) to work on /home/airflow/.local/lib/python3.8/site-packages/airflow/example_dags/example_complex.py
[2026-02-02T14:25:10.316+0000] {processor.py:830} INFO - Processing file /home/airflow/.local/lib/python3.8/site-packages/airflow/example_dags/example_complex.py for tasks to queue
[2026-02-02T14:25:10.318+0000] {logging_mixin.py:188} INFO - [2026-02-02T14:25:10.318+0000] {dagbag.py:538} INFO - Filling up the DagBag from /home/airflow/.local/lib/python3.8/site-packages/airflow/example_dags/example_complex.py
[2026-02-02T14:25:10.348+0000] {processor.py:840} INFO - DAG(s) 'example_complex' retrieved from /home/airflow/.local/lib/python3.8/site-packages/airflow/example_dags/example_complex.py
[2026-02-02T14:25:10.387+0000] {logging_mixin.py:188} INFO - [2026-02-02T14:25:10.387+0000] {dag.py:3036} INFO - Sync 1 DAGs
[2026-02-02T14:25:10.402+0000] {logging_mixin.py:188} INFO - [2026-02-02T14:25:10.402+0000] {dag.py:3823} INFO - Setting next_dagrun for example_complex to None, run_after=None
[2026-02-02T14:25:10.423+0000] {processor.py:183} INFO - Processing /home/airflow/.local/lib/python3.8/site-packages/airflow/example_dags/example_complex.py took 0.110 seconds
[2026-02-02T14:25:40.600+0000] {processor.py:161} INFO - Started process (PID=656) to work on /home/airflow/.local/lib/python3.8/site-packages/airflow/example_dags/example_complex.py
[2026-02-02T14:25:40.601+0000] {processor.py:830} INFO - Processing file /home/airflow/.local/lib/python3.8/site-packages/airflow/example_dags/example_complex.py for tasks to queue
[2026-02-02T14:25:40.603+0000] {logging_mixin.py:188} INFO - [2026-02-02T14:25:40.603+0000] {dagbag.py:538} INFO - Filling up the DagBag from /home/airflow/.local/lib/python3.8/site-packages/airflow/example_dags/example_complex.py
[2026-02-02T14:25:40.619+0000] {processor.py:840} INFO - DAG(s) 'example_complex' retrieved from /home/airflow/.local/lib/python3.8/site-packages/airflow/example_dags/example_complex.py
[2026-02-02T14:25:40.668+0000] {logging_mixin.py:188} INFO - [2026-02-02T14:25:40.668+0000] {dag.py:3036} INFO - Sync 1 DAGs
[2026-02-02T14:25:40.687+0000] {logging_mixin.py:188} INFO - [2026-02-02T14:25:40.686+0000] {dag.py:3823} INFO - Setting next_dagrun for example_complex to None, run_after=None
[2026-02-02T14:25:40.706+0000] {processor.py:183} INFO - Processing /home/airflow/.local/lib/python3.8/site-packages/airflow/example_dags/example_complex.py took 0.109 seconds
[2026-02-02T14:26:11.246+0000] {processor.py:161} INFO - Started process (PID=711) to work on /home/airflow/.local/lib/python3.8/site-packages/airflow/example_dags/example_complex.py
[2026-02-02T14:26:11.247+0000] {processor.py:830} INFO - Processing file /home/airflow/.local/lib/python3.8/site-packages/airflow/example_dags/example_complex.py for tasks to queue
[2026-02-02T14:26:11.249+0000] {logging_mixin.py:188} INFO - [2026-02-02T14:26:11.248+0000] {dagbag.py:538} INFO - Filling up the DagBag from /home/airflow/.local/lib/python3.8/site-packages/airflow/example_dags/example_complex.py
[2026-02-02T14:26:11.274+0000] {processor.py:840} INFO - DAG(s) 'example_complex' retrieved from /home/airflow/.local/lib/python3.8/site-packages/airflow/example_dags/example_complex.py
[2026-02-02T14:26:11.354+0000] {logging_mixin.py:188} INFO - [2026-02-02T14:26:11.354+0000] {dag.py:3036} INFO - Sync 1 DAGs
[2026-02-02T14:26:11.379+0000] {logging_mixin.py:188} INFO - [2026-02-02T14:26:11.379+0000] {dag.py:3823} INFO - Setting next_dagrun for example_complex to None, run_after=None
[2026-02-02T14:26:11.416+0000] {processor.py:183} INFO - Processing /home/airflow/.local/lib/python3.8/site-packages/airflow/example_dags/example_complex.py took 0.174 seconds
[2026-02-02T14:26:42.115+0000] {processor.py:161} INFO - Started process (PID=766) to work on /home/airflow/.local/lib/python3.8/site-packages/airflow/example_dags/example_complex.py
[2026-02-02T14:26:42.122+0000] {processor.py:830} INFO - Processing file /home/airflow/.local/lib/python3.8/site-packages/airflow/example_dags/example_complex.py for tasks to queue
[2026-02-02T14:26:42.130+0000] {logging_mixin.py:188} INFO - [2026-02-02T14:26:42.128+0000] {dagbag.py:538} INFO - Filling up the DagBag from /home/airflow/.local/lib/python3.8/site-packages/airflow/example_dags/example_complex.py
[2026-02-02T14:26:42.205+0000] {processor.py:840} INFO - DAG(s) 'example_complex' retrieved from /home/airflow/.local/lib/python3.8/site-packages/airflow/example_dags/example_complex.py
[2026-02-02T14:26:42.362+0000] {logging_mixin.py:188} INFO - [2026-02-02T14:26:42.361+0000] {dag.py:3036} INFO - Sync 1 DAGs
[2026-02-02T14:26:42.406+0000] {logging_mixin.py:188} INFO - [2026-02-02T14:26:42.406+0000] {dag.py:3823} INFO - Setting next_dagrun for example_complex to None, run_after=None
[2026-02-02T14:26:42.460+0000] {processor.py:183} INFO - Processing /home/airflow/.local/lib/python3.8/site-packages/airflow/example_dags/example_complex.py took 0.360 seconds
[2026-02-02T14:27:12.692+0000] {processor.py:161} INFO - Started process (PID=821) to work on /home/airflow/.local/lib/python3.8/site-packages/airflow/example_dags/example_complex.py
[2026-02-02T14:27:12.692+0000] {processor.py:830} INFO - Processing file /home/airflow/.local/lib/python3.8/site-packages/airflow/example_dags/example_complex.py for tasks to queue
[2026-02-02T14:27:12.694+0000] {logging_mixin.py:188} INFO - [2026-02-02T14:27:12.694+0000] {dagbag.py:538} INFO - Filling up the DagBag from /home/airflow/.local/lib/python3.8/site-packages/airflow/example_dags/example_complex.py
[2026-02-02T14:27:12.708+0000] {processor.py:840} INFO - DAG(s) 'example_complex' retrieved from /home/airflow/.local/lib/python3.8/site-packages/airflow/example_dags/example_complex.py
[2026-02-02T14:27:12.748+0000] {logging_mixin.py:188} INFO - [2026-02-02T14:27:12.748+0000] {dag.py:3036} INFO - Sync 1 DAGs
[2026-02-02T14:27:12.762+0000] {logging_mixin.py:188} INFO - [2026-02-02T14:27:12.762+0000] {dag.py:3823} INFO - Setting next_dagrun for example_complex to None, run_after=None
[2026-02-02T14:27:12.783+0000] {processor.py:183} INFO - Processing /home/airflow/.local/lib/python3.8/site-packages/airflow/example_dags/example_complex.py took 0.094 seconds
[2026-02-02T14:27:42.859+0000] {processor.py:161} INFO - Started process (PID=876) to work on /home/airflow/.local/lib/python3.8/site-packages/airflow/example_dags/example_complex.py
[2026-02-02T14:27:42.860+0000] {processor.py:830} INFO - Processing file /home/airflow/.local/lib/python3.8/site-packages/airflow/example_dags/example_complex.py for tasks to queue
[2026-02-02T14:27:42.862+0000] {logging_mixin.py:188} INFO - [2026-02-02T14:27:42.862+0000] {dagbag.py:538} INFO - Filling up the DagBag from /home/airflow/.local/lib/python3.8/site-packages/airflow/example_dags/example_complex.py
[2026-02-02T14:27:42.877+0000] {processor.py:840} INFO - DAG(s) 'example_complex' retrieved from /home/airflow/.local/lib/python3.8/site-packages/airflow/example_dags/example_complex.py
[2026-02-02T14:27:42.917+0000] {logging_mixin.py:188} INFO - [2026-02-02T14:27:42.917+0000] {dag.py:3036} INFO - Sync 1 DAGs
[2026-02-02T14:27:42.930+0000] {logging_mixin.py:188} INFO - [2026-02-02T14:27:42.930+0000] {dag.py:3823} INFO - Setting next_dagrun for example_complex to None, run_after=None
[2026-02-02T14:27:42.952+0000] {processor.py:183} INFO - Processing /home/airflow/.local/lib/python3.8/site-packages/airflow/example_dags/example_complex.py took 0.096 seconds
[2026-02-02T14:28:13.412+0000] {processor.py:161} INFO - Started process (PID=931) to work on /home/airflow/.local/lib/python3.8/site-packages/airflow/example_dags/example_complex.py
[2026-02-02T14:28:13.413+0000] {processor.py:830} INFO - Processing file /home/airflow/.local/lib/python3.8/site-packages/airflow/example_dags/example_complex.py for tasks to queue
[2026-02-02T14:28:13.415+0000] {logging_mixin.py:188} INFO - [2026-02-02T14:28:13.415+0000] {dagbag.py:538} INFO - Filling up the DagBag from /home/airflow/.local/lib/python3.8/site-packages/airflow/example_dags/example_complex.py
[2026-02-02T14:28:13.429+0000] {processor.py:840} INFO - DAG(s) 'example_complex' retrieved from /home/airflow/.local/lib/python3.8/site-packages/airflow/example_dags/example_complex.py
[2026-02-02T14:28:13.469+0000] {logging_mixin.py:188} INFO - [2026-02-02T14:28:13.469+0000] {dag.py:3036} INFO - Sync 1 DAGs
[2026-02-02T14:28:13.483+0000] {logging_mixin.py:188} INFO - [2026-02-02T14:28:13.483+0000] {dag.py:3823} INFO - Setting next_dagrun for example_complex to None, run_after=None
[2026-02-02T14:28:13.503+0000] {processor.py:183} INFO - Processing /home/airflow/.local/lib/python3.8/site-packages/airflow/example_dags/example_complex.py took 0.094 seconds
[2026-02-02T14:28:43.633+0000] {processor.py:161} INFO - Started process (PID=986) to work on /home/airflow/.local/lib/python3.8/site-packages/airflow/example_dags/example_complex.py
[2026-02-02T14:28:43.634+0000] {processor.py:830} INFO - Processing file /home/airflow/.local/lib/python3.8/site-packages/airflow/example_dags/example_complex.py for tasks to queue
[2026-02-02T14:28:43.637+0000] {logging_mixin.py:188} INFO - [2026-02-02T14:28:43.637+0000] {dagbag.py:538} INFO - Filling up the DagBag from /home/airflow/.local/lib/python3.8/site-packages/airflow/example_dags/example_complex.py
[2026-02-02T14:28:43.655+0000] {processor.py:840} INFO - DAG(s) 'example_complex' retrieved from /home/airflow/.local/lib/python3.8/site-packages/airflow/example_dags/example_complex.py
[2026-02-02T14:28:43.694+0000] {logging_mixin.py:188} INFO - [2026-02-02T14:28:43.693+0000] {dag.py:3036} INFO - Sync 1 DAGs
[2026-02-02T14:28:43.708+0000] {logging_mixin.py:188} INFO - [2026-02-02T14:28:43.708+0000] {dag.py:3823} INFO - Setting next_dagrun for example_complex to None, run_after=None
[2026-02-02T14:28:43.728+0000] {processor.py:183} INFO - Processing /home/airflow/.local/lib/python3.8/site-packages/airflow/example_dags/example_complex.py took 0.102 seconds
[2026-02-02T14:29:14.109+0000] {processor.py:161} INFO - Started process (PID=1041) to work on /home/airflow/.local/lib/python3.8/site-packages/airflow/example_dags/example_complex.py
[2026-02-02T14:29:14.110+0000] {processor.py:830} INFO - Processing file /home/airflow/.local/lib/python3.8/site-packages/airflow/example_dags/example_complex.py for tasks to queue
[2026-02-02T14:29:14.111+0000] {logging_mixin.py:188} INFO - [2026-02-02T14:29:14.111+0000] {dagbag.py:538} INFO - Filling up the DagBag from /home/airflow/.local/lib/python3.8/site-packages/airflow/example_dags/example_complex.py
[2026-02-02T14:29:14.126+0000] {processor.py:840} INFO - DAG(s) 'example_complex' retrieved from /home/airflow/.local/lib/python3.8/site-packages/airflow/example_dags/example_complex.py
[2026-02-02T14:29:14.174+0000] {logging_mixin.py:188} INFO - [2026-02-02T14:29:14.173+0000] {dag.py:3036} INFO - Sync 1 DAGs
[2026-02-02T14:29:14.188+0000] {logging_mixin.py:188} INFO - [2026-02-02T14:29:14.187+0000] {dag.py:3823} INFO - Setting next_dagrun for example_complex to None, run_after=None
[2026-02-02T14:29:14.207+0000] {processor.py:183} INFO - Processing /home/airflow/.local/lib/python3.8/site-packages/airflow/example_dags/example_complex.py took 0.101 seconds
[2026-02-02T14:29:45.092+0000] {processor.py:161} INFO - Started process (PID=1096) to work on /home/airflow/.local/lib/python3.8/site-packages/airflow/example_dags/example_complex.py
[2026-02-02T14:29:45.093+0000] {processor.py:830} INFO - Processing file /home/airflow/.local/lib/python3.8/site-packages/airflow/example_dags/example_complex.py for tasks to queue
[2026-02-02T14:29:45.095+0000] {logging_mixin.py:188} INFO - [2026-02-02T14:29:45.095+0000] {dagbag.py:538} INFO - Filling up the DagBag from /home/airflow/.local/lib/python3.8/site-packages/airflow/example_dags/example_complex.py
[2026-02-02T14:29:45.111+0000] {processor.py:840} INFO - DAG(s) 'example_complex' retrieved from /home/airflow/.local/lib/python3.8/site-packages/airflow/example_dags/example_complex.py
[2026-02-02T14:29:45.149+0000] {logging_mixin.py:188} INFO - [2026-02-02T14:29:45.149+0000] {dag.py:3036} INFO - Sync 1 DAGs
[2026-02-02T14:29:45.163+0000] {logging_mixin.py:188} INFO - [2026-02-02T14:29:45.163+0000] {dag.py:3823} INFO - Setting next_dagrun for example_complex to None, run_after=None
[2026-02-02T14:29:45.183+0000] {processor.py:183} INFO - Processing /home/airflow/.local/lib/python3.8/site-packages/airflow/example_dags/example_complex.py took 0.094 seconds
[2026-02-02T14:30:15.635+0000] {processor.py:161} INFO - Started process (PID=1151) to work on /home/airflow/.local/lib/python3.8/site-packages/airflow/example_dags/example_complex.py
[2026-02-02T14:30:15.635+0000] {processor.py:830} INFO - Processing file /home/airflow/.local/lib/python3.8/site-packages/airflow/example_dags/example_complex.py for tasks to queue
[2026-02-02T14:30:15.637+0000] {logging_mixin.py:188} INFO - [2026-02-02T14:30:15.637+0000] {dagbag.py:538} INFO - Filling up the DagBag from /home/airflow/.local/lib/python3.8/site-packages/airflow/example_dags/example_complex.py
[2026-02-02T14:30:15.654+0000] {processor.py:840} INFO - DAG(s) 'example_complex' retrieved from /home/airflow/.local/lib/python3.8/site-packages/airflow/example_dags/example_complex.py
[2026-02-02T14:30:15.696+0000] {logging_mixin.py:188} INFO - [2026-02-02T14:30:15.695+0000] {dag.py:3036} INFO - Sync 1 DAGs
[2026-02-02T14:30:15.709+0000] {logging_mixin.py:188} INFO - [2026-02-02T14:30:15.709+0000] {dag.py:3823} INFO - Setting next_dagrun for example_complex to None, run_after=None
[2026-02-02T14:30:15.728+0000] {processor.py:183} INFO - Processing /home/airflow/.local/lib/python3.8/site-packages/airflow/example_dags/example_complex.py took 0.096 seconds
[2026-02-02T14:30:46.333+0000] {processor.py:161} INFO - Started process (PID=1206) to work on /home/airflow/.local/lib/python3.8/site-packages/airflow/example_dags/example_complex.py
[2026-02-02T14:30:46.334+0000] {processor.py:830} INFO - Processing file /home/airflow/.local/lib/python3.8/site-packages/airflow/example_dags/example_complex.py for tasks to queue
[2026-02-02T14:30:46.336+0000] {logging_mixin.py:188} INFO - [2026-02-02T14:30:46.336+0000] {dagbag.py:538} INFO - Filling up the DagBag from /home/airflow/.local/lib/python3.8/site-packages/airflow/example_dags/example_complex.py
[2026-02-02T14:30:46.351+0000] {processor.py:840} INFO - DAG(s) 'example_complex' retrieved from /home/airflow/.local/lib/python3.8/site-packages/airflow/example_dags/example_complex.py
[2026-02-02T14:30:46.390+0000] {logging_mixin.py:188} INFO - [2026-02-02T14:30:46.390+0000] {dag.py:3036} INFO - Sync 1 DAGs
[2026-02-02T14:30:46.404+0000] {logging_mixin.py:188} INFO - [2026-02-02T14:30:46.404+0000] {dag.py:3823} INFO - Setting next_dagrun for example_complex to None, run_after=None
[2026-02-02T14:30:46.425+0000] {processor.py:183} INFO - Processing /home/airflow/.local/lib/python3.8/site-packages/airflow/example_dags/example_complex.py took 0.095 seconds
[2026-02-02T14:31:16.812+0000] {processor.py:161} INFO - Started process (PID=1261) to work on /home/airflow/.local/lib/python3.8/site-packages/airflow/example_dags/example_complex.py
[2026-02-02T14:31:16.813+0000] {processor.py:830} INFO - Processing file /home/airflow/.local/lib/python3.8/site-packages/airflow/example_dags/example_complex.py for tasks to queue
[2026-02-02T14:31:16.814+0000] {logging_mixin.py:188} INFO - [2026-02-02T14:31:16.814+0000] {dagbag.py:538} INFO - Filling up the DagBag from /home/airflow/.local/lib/python3.8/site-packages/airflow/example_dags/example_complex.py
[2026-02-02T14:31:16.829+0000] {processor.py:840} INFO - DAG(s) 'example_complex' retrieved from /home/airflow/.local/lib/python3.8/site-packages/airflow/example_dags/example_complex.py
[2026-02-02T14:31:16.884+0000] {logging_mixin.py:188} INFO - [2026-02-02T14:31:16.884+0000] {dag.py:3036} INFO - Sync 1 DAGs
[2026-02-02T14:31:16.911+0000] {logging_mixin.py:188} INFO - [2026-02-02T14:31:16.911+0000] {dag.py:3823} INFO - Setting next_dagrun for example_complex to None, run_after=None
[2026-02-02T14:31:16.929+0000] {processor.py:183} INFO - Processing /home/airflow/.local/lib/python3.8/site-packages/airflow/example_dags/example_complex.py took 0.120 seconds
[2026-02-02T14:31:47.701+0000] {processor.py:161} INFO - Started process (PID=1316) to work on /home/airflow/.local/lib/python3.8/site-packages/airflow/example_dags/example_complex.py
[2026-02-02T14:31:47.702+0000] {processor.py:830} INFO - Processing file /home/airflow/.local/lib/python3.8/site-packages/airflow/example_dags/example_complex.py for tasks to queue
[2026-02-02T14:31:47.704+0000] {logging_mixin.py:188} INFO - [2026-02-02T14:31:47.703+0000] {dagbag.py:538} INFO - Filling up the DagBag from /home/airflow/.local/lib/python3.8/site-packages/airflow/example_dags/example_complex.py
[2026-02-02T14:31:47.720+0000] {processor.py:840} INFO - DAG(s) 'example_complex' retrieved from /home/airflow/.local/lib/python3.8/site-packages/airflow/example_dags/example_complex.py
[2026-02-02T14:31:47.759+0000] {logging_mixin.py:188} INFO - [2026-02-02T14:31:47.758+0000] {dag.py:3036} INFO - Sync 1 DAGs
[2026-02-02T14:31:47.773+0000] {logging_mixin.py:188} INFO - [2026-02-02T14:31:47.772+0000] {dag.py:3823} INFO - Setting next_dagrun for example_complex to None, run_after=None
[2026-02-02T14:31:47.794+0000] {processor.py:183} INFO - Processing /home/airflow/.local/lib/python3.8/site-packages/airflow/example_dags/example_complex.py took 0.097 seconds
[2026-02-02T14:32:18.241+0000] {processor.py:161} INFO - Started process (PID=1371) to work on /home/airflow/.local/lib/python3.8/site-packages/airflow/example_dags/example_complex.py
[2026-02-02T14:32:18.242+0000] {processor.py:830} INFO - Processing file /home/airflow/.local/lib/python3.8/site-packages/airflow/example_dags/example_complex.py for tasks to queue
[2026-02-02T14:32:18.244+0000] {logging_mixin.py:188} INFO - [2026-02-02T14:32:18.244+0000] {dagbag.py:538} INFO - Filling up the DagBag from /home/airflow/.local/lib/python3.8/site-packages/airflow/example_dags/example_complex.py
[2026-02-02T14:32:18.259+0000] {processor.py:840} INFO - DAG(s) 'example_complex' retrieved from /home/airflow/.local/lib/python3.8/site-packages/airflow/example_dags/example_complex.py
[2026-02-02T14:32:18.299+0000] {logging_mixin.py:188} INFO - [2026-02-02T14:32:18.299+0000] {dag.py:3036} INFO - Sync 1 DAGs
[2026-02-02T14:32:18.313+0000] {logging_mixin.py:188} INFO - [2026-02-02T14:32:18.313+0000] {dag.py:3823} INFO - Setting next_dagrun for example_complex to None, run_after=None
[2026-02-02T14:32:18.335+0000] {processor.py:183} INFO - Processing /home/airflow/.local/lib/python3.8/site-packages/airflow/example_dags/example_complex.py took 0.097 seconds
[2026-02-02T14:32:48.642+0000] {processor.py:161} INFO - Started process (PID=1426) to work on /home/airflow/.local/lib/python3.8/site-packages/airflow/example_dags/example_complex.py
[2026-02-02T14:32:48.643+0000] {processor.py:830} INFO - Processing file /home/airflow/.local/lib/python3.8/site-packages/airflow/example_dags/example_complex.py for tasks to queue
[2026-02-02T14:32:48.645+0000] {logging_mixin.py:188} INFO - [2026-02-02T14:32:48.644+0000] {dagbag.py:538} INFO - Filling up the DagBag from /home/airflow/.local/lib/python3.8/site-packages/airflow/example_dags/example_complex.py
[2026-02-02T14:32:48.659+0000] {processor.py:840} INFO - DAG(s) 'example_complex' retrieved from /home/airflow/.local/lib/python3.8/site-packages/airflow/example_dags/example_complex.py
[2026-02-02T14:32:48.699+0000] {logging_mixin.py:188} INFO - [2026-02-02T14:32:48.699+0000] {dag.py:3036} INFO - Sync 1 DAGs
[2026-02-02T14:32:48.713+0000] {logging_mixin.py:188} INFO - [2026-02-02T14:32:48.713+0000] {dag.py:3823} INFO - Setting next_dagrun for example_complex to None, run_after=None
[2026-02-02T14:32:48.734+0000] {processor.py:183} INFO - Processing /home/airflow/.local/lib/python3.8/site-packages/airflow/example_dags/example_complex.py took 0.095 seconds
[2026-02-02T14:33:19.007+0000] {processor.py:161} INFO - Started process (PID=1481) to work on /home/airflow/.local/lib/python3.8/site-packages/airflow/example_dags/example_complex.py
[2026-02-02T14:33:19.008+0000] {processor.py:830} INFO - Processing file /home/airflow/.local/lib/python3.8/site-packages/airflow/example_dags/example_complex.py for tasks to queue
[2026-02-02T14:33:19.009+0000] {logging_mixin.py:188} INFO - [2026-02-02T14:33:19.009+0000] {dagbag.py:538} INFO - Filling up the DagBag from /home/airflow/.local/lib/python3.8/site-packages/airflow/example_dags/example_complex.py
[2026-02-02T14:33:19.025+0000] {processor.py:840} INFO - DAG(s) 'example_complex' retrieved from /home/airflow/.local/lib/python3.8/site-packages/airflow/example_dags/example_complex.py
[2026-02-02T14:33:19.064+0000] {logging_mixin.py:188} INFO - [2026-02-02T14:33:19.064+0000] {dag.py:3036} INFO - Sync 1 DAGs
[2026-02-02T14:33:19.078+0000] {logging_mixin.py:188} INFO - [2026-02-02T14:33:19.078+0000] {dag.py:3823} INFO - Setting next_dagrun for example_complex to None, run_after=None
[2026-02-02T14:33:19.098+0000] {processor.py:183} INFO - Processing /home/airflow/.local/lib/python3.8/site-packages/airflow/example_dags/example_complex.py took 0.095 seconds
[2026-02-02T14:33:49.214+0000] {processor.py:161} INFO - Started process (PID=1536) to work on /home/airflow/.local/lib/python3.8/site-packages/airflow/example_dags/example_complex.py
[2026-02-02T14:33:49.215+0000] {processor.py:830} INFO - Processing file /home/airflow/.local/lib/python3.8/site-packages/airflow/example_dags/example_complex.py for tasks to queue
[2026-02-02T14:33:49.220+0000] {logging_mixin.py:188} INFO - [2026-02-02T14:33:49.220+0000] {dagbag.py:538} INFO - Filling up the DagBag from /home/airflow/.local/lib/python3.8/site-packages/airflow/example_dags/example_complex.py
[2026-02-02T14:33:49.236+0000] {processor.py:840} INFO - DAG(s) 'example_complex' retrieved from /home/airflow/.local/lib/python3.8/site-packages/airflow/example_dags/example_complex.py
[2026-02-02T14:33:49.279+0000] {logging_mixin.py:188} INFO - [2026-02-02T14:33:49.279+0000] {dag.py:3036} INFO - Sync 1 DAGs
[2026-02-02T14:33:49.294+0000] {logging_mixin.py:188} INFO - [2026-02-02T14:33:49.293+0000] {dag.py:3823} INFO - Setting next_dagrun for example_complex to None, run_after=None
[2026-02-02T14:33:49.312+0000] {processor.py:183} INFO - Processing /home/airflow/.local/lib/python3.8/site-packages/airflow/example_dags/example_complex.py took 0.106 seconds
[2026-02-02T14:34:19.635+0000] {processor.py:161} INFO - Started process (PID=1591) to work on /home/airflow/.local/lib/python3.8/site-packages/airflow/example_dags/example_complex.py
[2026-02-02T14:34:19.640+0000] {processor.py:830} INFO - Processing file /home/airflow/.local/lib/python3.8/site-packages/airflow/example_dags/example_complex.py for tasks to queue
[2026-02-02T14:34:19.645+0000] {logging_mixin.py:188} INFO - [2026-02-02T14:34:19.644+0000] {dagbag.py:538} INFO - Filling up the DagBag from /home/airflow/.local/lib/python3.8/site-packages/airflow/example_dags/example_complex.py
[2026-02-02T14:34:19.668+0000] {processor.py:840} INFO - DAG(s) 'example_complex' retrieved from /home/airflow/.local/lib/python3.8/site-packages/airflow/example_dags/example_complex.py
[2026-02-02T14:34:19.726+0000] {logging_mixin.py:188} INFO - [2026-02-02T14:34:19.726+0000] {dag.py:3036} INFO - Sync 1 DAGs
[2026-02-02T14:34:19.741+0000] {logging_mixin.py:188} INFO - [2026-02-02T14:34:19.740+0000] {dag.py:3823} INFO - Setting next_dagrun for example_complex to None, run_after=None
[2026-02-02T14:34:19.760+0000] {processor.py:183} INFO - Processing /home/airflow/.local/lib/python3.8/site-packages/airflow/example_dags/example_complex.py took 0.133 seconds
[2026-02-02T14:34:50.017+0000] {processor.py:161} INFO - Started process (PID=1646) to work on /home/airflow/.local/lib/python3.8/site-packages/airflow/example_dags/example_complex.py
[2026-02-02T14:34:50.018+0000] {processor.py:830} INFO - Processing file /home/airflow/.local/lib/python3.8/site-packages/airflow/example_dags/example_complex.py for tasks to queue
[2026-02-02T14:34:50.019+0000] {logging_mixin.py:188} INFO - [2026-02-02T14:34:50.019+0000] {dagbag.py:538} INFO - Filling up the DagBag from /home/airflow/.local/lib/python3.8/site-packages/airflow/example_dags/example_complex.py
[2026-02-02T14:34:50.034+0000] {processor.py:840} INFO - DAG(s) 'example_complex' retrieved from /home/airflow/.local/lib/python3.8/site-packages/airflow/example_dags/example_complex.py
[2026-02-02T14:34:50.074+0000] {logging_mixin.py:188} INFO - [2026-02-02T14:34:50.073+0000] {dag.py:3036} INFO - Sync 1 DAGs
[2026-02-02T14:34:50.088+0000] {logging_mixin.py:188} INFO - [2026-02-02T14:34:50.088+0000] {dag.py:3823} INFO - Setting next_dagrun for example_complex to None, run_after=None
[2026-02-02T14:34:50.111+0000] {processor.py:183} INFO - Processing /home/airflow/.local/lib/python3.8/site-packages/airflow/example_dags/example_complex.py took 0.098 seconds
[2026-02-02T14:35:20.202+0000] {processor.py:161} INFO - Started process (PID=1701) to work on /home/airflow/.local/lib/python3.8/site-packages/airflow/example_dags/example_complex.py
[2026-02-02T14:35:20.205+0000] {processor.py:830} INFO - Processing file /home/airflow/.local/lib/python3.8/site-packages/airflow/example_dags/example_complex.py for tasks to queue
[2026-02-02T14:35:20.209+0000] {logging_mixin.py:188} INFO - [2026-02-02T14:35:20.206+0000] {dagbag.py:538} INFO - Filling up the DagBag from /home/airflow/.local/lib/python3.8/site-packages/airflow/example_dags/example_complex.py
[2026-02-02T14:35:20.239+0000] {processor.py:840} INFO - DAG(s) 'example_complex' retrieved from /home/airflow/.local/lib/python3.8/site-packages/airflow/example_dags/example_complex.py
[2026-02-02T14:35:20.345+0000] {logging_mixin.py:188} INFO - [2026-02-02T14:35:20.344+0000] {dag.py:3036} INFO - Sync 1 DAGs
[2026-02-02T14:35:20.381+0000] {logging_mixin.py:188} INFO - [2026-02-02T14:35:20.381+0000] {dag.py:3823} INFO - Setting next_dagrun for example_complex to None, run_after=None
[2026-02-02T14:35:20.421+0000] {processor.py:183} INFO - Processing /home/airflow/.local/lib/python3.8/site-packages/airflow/example_dags/example_complex.py took 0.224 seconds
[2026-02-02T14:35:51.297+0000] {processor.py:161} INFO - Started process (PID=1756) to work on /home/airflow/.local/lib/python3.8/site-packages/airflow/example_dags/example_complex.py
[2026-02-02T14:35:51.298+0000] {processor.py:830} INFO - Processing file /home/airflow/.local/lib/python3.8/site-packages/airflow/example_dags/example_complex.py for tasks to queue
[2026-02-02T14:35:51.300+0000] {logging_mixin.py:188} INFO - [2026-02-02T14:35:51.300+0000] {dagbag.py:538} INFO - Filling up the DagBag from /home/airflow/.local/lib/python3.8/site-packages/airflow/example_dags/example_complex.py
[2026-02-02T14:35:51.315+0000] {processor.py:840} INFO - DAG(s) 'example_complex' retrieved from /home/airflow/.local/lib/python3.8/site-packages/airflow/example_dags/example_complex.py
[2026-02-02T14:35:51.354+0000] {logging_mixin.py:188} INFO - [2026-02-02T14:35:51.354+0000] {dag.py:3036} INFO - Sync 1 DAGs
[2026-02-02T14:35:51.369+0000] {logging_mixin.py:188} INFO - [2026-02-02T14:35:51.368+0000] {dag.py:3823} INFO - Setting next_dagrun for example_complex to None, run_after=None
[2026-02-02T14:35:51.409+0000] {processor.py:183} INFO - Processing /home/airflow/.local/lib/python3.8/site-packages/airflow/example_dags/example_complex.py took 0.114 seconds
[2026-02-02T14:36:21.746+0000] {processor.py:161} INFO - Started process (PID=1811) to work on /home/airflow/.local/lib/python3.8/site-packages/airflow/example_dags/example_complex.py
[2026-02-02T14:36:21.747+0000] {processor.py:830} INFO - Processing file /home/airflow/.local/lib/python3.8/site-packages/airflow/example_dags/example_complex.py for tasks to queue
[2026-02-02T14:36:21.748+0000] {logging_mixin.py:188} INFO - [2026-02-02T14:36:21.748+0000] {dagbag.py:538} INFO - Filling up the DagBag from /home/airflow/.local/lib/python3.8/site-packages/airflow/example_dags/example_complex.py
[2026-02-02T14:36:21.764+0000] {processor.py:840} INFO - DAG(s) 'example_complex' retrieved from /home/airflow/.local/lib/python3.8/site-packages/airflow/example_dags/example_complex.py
[2026-02-02T14:36:21.804+0000] {logging_mixin.py:188} INFO - [2026-02-02T14:36:21.803+0000] {dag.py:3036} INFO - Sync 1 DAGs
[2026-02-02T14:36:21.817+0000] {logging_mixin.py:188} INFO - [2026-02-02T14:36:21.817+0000] {dag.py:3823} INFO - Setting next_dagrun for example_complex to None, run_after=None
[2026-02-02T14:36:21.863+0000] {processor.py:183} INFO - Processing /home/airflow/.local/lib/python3.8/site-packages/airflow/example_dags/example_complex.py took 0.120 seconds
[2026-02-02T14:36:52.742+0000] {processor.py:161} INFO - Started process (PID=1866) to work on /home/airflow/.local/lib/python3.8/site-packages/airflow/example_dags/example_complex.py
[2026-02-02T14:36:52.745+0000] {processor.py:830} INFO - Processing file /home/airflow/.local/lib/python3.8/site-packages/airflow/example_dags/example_complex.py for tasks to queue
[2026-02-02T14:36:52.747+0000] {logging_mixin.py:188} INFO - [2026-02-02T14:36:52.747+0000] {dagbag.py:538} INFO - Filling up the DagBag from /home/airflow/.local/lib/python3.8/site-packages/airflow/example_dags/example_complex.py
[2026-02-02T14:36:52.783+0000] {processor.py:840} INFO - DAG(s) 'example_complex' retrieved from /home/airflow/.local/lib/python3.8/site-packages/airflow/example_dags/example_complex.py
[2026-02-02T14:36:52.866+0000] {logging_mixin.py:188} INFO - [2026-02-02T14:36:52.866+0000] {dag.py:3036} INFO - Sync 1 DAGs
[2026-02-02T14:36:52.882+0000] {logging_mixin.py:188} INFO - [2026-02-02T14:36:52.881+0000] {dag.py:3823} INFO - Setting next_dagrun for example_complex to None, run_after=None
[2026-02-02T14:36:52.908+0000] {processor.py:183} INFO - Processing /home/airflow/.local/lib/python3.8/site-packages/airflow/example_dags/example_complex.py took 0.171 seconds
[2026-02-02T14:37:23.116+0000] {processor.py:161} INFO - Started process (PID=1921) to work on /home/airflow/.local/lib/python3.8/site-packages/airflow/example_dags/example_complex.py
[2026-02-02T14:37:23.117+0000] {processor.py:830} INFO - Processing file /home/airflow/.local/lib/python3.8/site-packages/airflow/example_dags/example_complex.py for tasks to queue
[2026-02-02T14:37:23.119+0000] {logging_mixin.py:188} INFO - [2026-02-02T14:37:23.118+0000] {dagbag.py:538} INFO - Filling up the DagBag from /home/airflow/.local/lib/python3.8/site-packages/airflow/example_dags/example_complex.py
[2026-02-02T14:37:23.137+0000] {processor.py:840} INFO - DAG(s) 'example_complex' retrieved from /home/airflow/.local/lib/python3.8/site-packages/airflow/example_dags/example_complex.py
[2026-02-02T14:37:23.177+0000] {logging_mixin.py:188} INFO - [2026-02-02T14:37:23.177+0000] {dag.py:3036} INFO - Sync 1 DAGs
[2026-02-02T14:37:23.191+0000] {logging_mixin.py:188} INFO - [2026-02-02T14:37:23.191+0000] {dag.py:3823} INFO - Setting next_dagrun for example_complex to None, run_after=None
[2026-02-02T14:37:23.210+0000] {processor.py:183} INFO - Processing /home/airflow/.local/lib/python3.8/site-packages/airflow/example_dags/example_complex.py took 0.098 seconds
[2026-02-02T14:37:53.617+0000] {processor.py:161} INFO - Started process (PID=1976) to work on /home/airflow/.local/lib/python3.8/site-packages/airflow/example_dags/example_complex.py
[2026-02-02T14:37:53.618+0000] {processor.py:830} INFO - Processing file /home/airflow/.local/lib/python3.8/site-packages/airflow/example_dags/example_complex.py for tasks to queue
[2026-02-02T14:37:53.620+0000] {logging_mixin.py:188} INFO - [2026-02-02T14:37:53.620+0000] {dagbag.py:538} INFO - Filling up the DagBag from /home/airflow/.local/lib/python3.8/site-packages/airflow/example_dags/example_complex.py
[2026-02-02T14:37:53.634+0000] {processor.py:840} INFO - DAG(s) 'example_complex' retrieved from /home/airflow/.local/lib/python3.8/site-packages/airflow/example_dags/example_complex.py
[2026-02-02T14:37:53.675+0000] {logging_mixin.py:188} INFO - [2026-02-02T14:37:53.675+0000] {dag.py:3036} INFO - Sync 1 DAGs
[2026-02-02T14:37:53.689+0000] {logging_mixin.py:188} INFO - [2026-02-02T14:37:53.689+0000] {dag.py:3823} INFO - Setting next_dagrun for example_complex to None, run_after=None
[2026-02-02T14:37:53.713+0000] {processor.py:183} INFO - Processing /home/airflow/.local/lib/python3.8/site-packages/airflow/example_dags/example_complex.py took 0.099 seconds
[2026-02-02T14:38:23.777+0000] {processor.py:161} INFO - Started process (PID=2030) to work on /home/airflow/.local/lib/python3.8/site-packages/airflow/example_dags/example_complex.py
[2026-02-02T14:38:23.778+0000] {processor.py:830} INFO - Processing file /home/airflow/.local/lib/python3.8/site-packages/airflow/example_dags/example_complex.py for tasks to queue
[2026-02-02T14:38:23.780+0000] {logging_mixin.py:188} INFO - [2026-02-02T14:38:23.780+0000] {dagbag.py:538} INFO - Filling up the DagBag from /home/airflow/.local/lib/python3.8/site-packages/airflow/example_dags/example_complex.py
[2026-02-02T14:38:23.795+0000] {processor.py:840} INFO - DAG(s) 'example_complex' retrieved from /home/airflow/.local/lib/python3.8/site-packages/airflow/example_dags/example_complex.py
[2026-02-02T14:38:23.839+0000] {logging_mixin.py:188} INFO - [2026-02-02T14:38:23.839+0000] {dag.py:3036} INFO - Sync 1 DAGs
[2026-02-02T14:38:23.853+0000] {logging_mixin.py:188} INFO - [2026-02-02T14:38:23.853+0000] {dag.py:3823} INFO - Setting next_dagrun for example_complex to None, run_after=None
[2026-02-02T14:38:23.874+0000] {processor.py:183} INFO - Processing /home/airflow/.local/lib/python3.8/site-packages/airflow/example_dags/example_complex.py took 0.100 seconds
[2026-02-02T14:38:54.417+0000] {processor.py:161} INFO - Started process (PID=2085) to work on /home/airflow/.local/lib/python3.8/site-packages/airflow/example_dags/example_complex.py
[2026-02-02T14:38:54.418+0000] {processor.py:830} INFO - Processing file /home/airflow/.local/lib/python3.8/site-packages/airflow/example_dags/example_complex.py for tasks to queue
[2026-02-02T14:38:54.420+0000] {logging_mixin.py:188} INFO - [2026-02-02T14:38:54.420+0000] {dagbag.py:538} INFO - Filling up the DagBag from /home/airflow/.local/lib/python3.8/site-packages/airflow/example_dags/example_complex.py
[2026-02-02T14:38:54.434+0000] {processor.py:840} INFO - DAG(s) 'example_complex' retrieved from /home/airflow/.local/lib/python3.8/site-packages/airflow/example_dags/example_complex.py
[2026-02-02T14:38:54.474+0000] {logging_mixin.py:188} INFO - [2026-02-02T14:38:54.474+0000] {dag.py:3036} INFO - Sync 1 DAGs
[2026-02-02T14:38:54.488+0000] {logging_mixin.py:188} INFO - [2026-02-02T14:38:54.488+0000] {dag.py:3823} INFO - Setting next_dagrun for example_complex to None, run_after=None
[2026-02-02T14:38:54.507+0000] {processor.py:183} INFO - Processing /home/airflow/.local/lib/python3.8/site-packages/airflow/example_dags/example_complex.py took 0.093 seconds
[2026-02-02T14:39:24.566+0000] {processor.py:161} INFO - Started process (PID=2140) to work on /home/airflow/.local/lib/python3.8/site-packages/airflow/example_dags/example_complex.py
[2026-02-02T14:39:24.571+0000] {processor.py:830} INFO - Processing file /home/airflow/.local/lib/python3.8/site-packages/airflow/example_dags/example_complex.py for tasks to queue
[2026-02-02T14:39:24.579+0000] {logging_mixin.py:188} INFO - [2026-02-02T14:39:24.575+0000] {dagbag.py:538} INFO - Filling up the DagBag from /home/airflow/.local/lib/python3.8/site-packages/airflow/example_dags/example_complex.py
[2026-02-02T14:39:24.594+0000] {processor.py:840} INFO - DAG(s) 'example_complex' retrieved from /home/airflow/.local/lib/python3.8/site-packages/airflow/example_dags/example_complex.py
[2026-02-02T14:39:24.634+0000] {logging_mixin.py:188} INFO - [2026-02-02T14:39:24.633+0000] {dag.py:3036} INFO - Sync 1 DAGs
[2026-02-02T14:39:24.648+0000] {logging_mixin.py:188} INFO - [2026-02-02T14:39:24.648+0000] {dag.py:3823} INFO - Setting next_dagrun for example_complex to None, run_after=None
[2026-02-02T14:39:24.669+0000] {processor.py:183} INFO - Processing /home/airflow/.local/lib/python3.8/site-packages/airflow/example_dags/example_complex.py took 0.107 seconds
[2026-02-02T14:39:54.920+0000] {processor.py:161} INFO - Started process (PID=2195) to work on /home/airflow/.local/lib/python3.8/site-packages/airflow/example_dags/example_complex.py
[2026-02-02T14:39:54.921+0000] {processor.py:830} INFO - Processing file /home/airflow/.local/lib/python3.8/site-packages/airflow/example_dags/example_complex.py for tasks to queue
[2026-02-02T14:39:54.923+0000] {logging_mixin.py:188} INFO - [2026-02-02T14:39:54.923+0000] {dagbag.py:538} INFO - Filling up the DagBag from /home/airflow/.local/lib/python3.8/site-packages/airflow/example_dags/example_complex.py
[2026-02-02T14:39:54.939+0000] {processor.py:840} INFO - DAG(s) 'example_complex' retrieved from /home/airflow/.local/lib/python3.8/site-packages/airflow/example_dags/example_complex.py
[2026-02-02T14:39:54.979+0000] {logging_mixin.py:188} INFO - [2026-02-02T14:39:54.978+0000] {dag.py:3036} INFO - Sync 1 DAGs
[2026-02-02T14:39:54.993+0000] {logging_mixin.py:188} INFO - [2026-02-02T14:39:54.993+0000] {dag.py:3823} INFO - Setting next_dagrun for example_complex to None, run_after=None
[2026-02-02T14:39:55.021+0000] {processor.py:183} INFO - Processing /home/airflow/.local/lib/python3.8/site-packages/airflow/example_dags/example_complex.py took 0.104 seconds
[2026-02-02T14:40:25.215+0000] {processor.py:161} INFO - Started process (PID=2249) to work on /home/airflow/.local/lib/python3.8/site-packages/airflow/example_dags/example_complex.py
[2026-02-02T14:40:25.217+0000] {processor.py:830} INFO - Processing file /home/airflow/.local/lib/python3.8/site-packages/airflow/example_dags/example_complex.py for tasks to queue
[2026-02-02T14:40:25.219+0000] {logging_mixin.py:188} INFO - [2026-02-02T14:40:25.218+0000] {dagbag.py:538} INFO - Filling up the DagBag from /home/airflow/.local/lib/python3.8/site-packages/airflow/example_dags/example_complex.py
[2026-02-02T14:40:25.250+0000] {processor.py:840} INFO - DAG(s) 'example_complex' retrieved from /home/airflow/.local/lib/python3.8/site-packages/airflow/example_dags/example_complex.py
[2026-02-02T14:40:25.314+0000] {logging_mixin.py:188} INFO - [2026-02-02T14:40:25.313+0000] {dag.py:3036} INFO - Sync 1 DAGs
[2026-02-02T14:40:25.328+0000] {logging_mixin.py:188} INFO - [2026-02-02T14:40:25.328+0000] {dag.py:3823} INFO - Setting next_dagrun for example_complex to None, run_after=None
[2026-02-02T14:40:25.346+0000] {processor.py:183} INFO - Processing /home/airflow/.local/lib/python3.8/site-packages/airflow/example_dags/example_complex.py took 0.138 seconds
[2026-02-02T14:40:55.435+0000] {processor.py:161} INFO - Started process (PID=2304) to work on /home/airflow/.local/lib/python3.8/site-packages/airflow/example_dags/example_complex.py
[2026-02-02T14:40:55.436+0000] {processor.py:830} INFO - Processing file /home/airflow/.local/lib/python3.8/site-packages/airflow/example_dags/example_complex.py for tasks to queue
[2026-02-02T14:40:55.437+0000] {logging_mixin.py:188} INFO - [2026-02-02T14:40:55.437+0000] {dagbag.py:538} INFO - Filling up the DagBag from /home/airflow/.local/lib/python3.8/site-packages/airflow/example_dags/example_complex.py
[2026-02-02T14:40:55.452+0000] {processor.py:840} INFO - DAG(s) 'example_complex' retrieved from /home/airflow/.local/lib/python3.8/site-packages/airflow/example_dags/example_complex.py
[2026-02-02T14:40:55.491+0000] {logging_mixin.py:188} INFO - [2026-02-02T14:40:55.491+0000] {dag.py:3036} INFO - Sync 1 DAGs
[2026-02-02T14:40:55.517+0000] {logging_mixin.py:188} INFO - [2026-02-02T14:40:55.513+0000] {dag.py:3823} INFO - Setting next_dagrun for example_complex to None, run_after=None
[2026-02-02T14:40:55.545+0000] {processor.py:183} INFO - Processing /home/airflow/.local/lib/python3.8/site-packages/airflow/example_dags/example_complex.py took 0.113 seconds
[2026-02-02T14:41:25.590+0000] {processor.py:161} INFO - Started process (PID=2360) to work on /home/airflow/.local/lib/python3.8/site-packages/airflow/example_dags/example_complex.py
[2026-02-02T14:41:25.594+0000] {processor.py:830} INFO - Processing file /home/airflow/.local/lib/python3.8/site-packages/airflow/example_dags/example_complex.py for tasks to queue
[2026-02-02T14:41:25.597+0000] {logging_mixin.py:188} INFO - [2026-02-02T14:41:25.597+0000] {dagbag.py:538} INFO - Filling up the DagBag from /home/airflow/.local/lib/python3.8/site-packages/airflow/example_dags/example_complex.py
[2026-02-02T14:41:25.629+0000] {processor.py:840} INFO - DAG(s) 'example_complex' retrieved from /home/airflow/.local/lib/python3.8/site-packages/airflow/example_dags/example_complex.py
[2026-02-02T14:41:25.715+0000] {logging_mixin.py:188} INFO - [2026-02-02T14:41:25.715+0000] {dag.py:3036} INFO - Sync 1 DAGs
[2026-02-02T14:41:25.746+0000] {logging_mixin.py:188} INFO - [2026-02-02T14:41:25.745+0000] {dag.py:3823} INFO - Setting next_dagrun for example_complex to None, run_after=None
[2026-02-02T14:41:25.807+0000] {processor.py:183} INFO - Processing /home/airflow/.local/lib/python3.8/site-packages/airflow/example_dags/example_complex.py took 0.224 seconds
[2026-02-02T14:41:56.043+0000] {processor.py:161} INFO - Started process (PID=2415) to work on /home/airflow/.local/lib/python3.8/site-packages/airflow/example_dags/example_complex.py
[2026-02-02T14:41:56.044+0000] {processor.py:830} INFO - Processing file /home/airflow/.local/lib/python3.8/site-packages/airflow/example_dags/example_complex.py for tasks to queue
[2026-02-02T14:41:56.046+0000] {logging_mixin.py:188} INFO - [2026-02-02T14:41:56.045+0000] {dagbag.py:538} INFO - Filling up the DagBag from /home/airflow/.local/lib/python3.8/site-packages/airflow/example_dags/example_complex.py
[2026-02-02T14:41:56.061+0000] {processor.py:840} INFO - DAG(s) 'example_complex' retrieved from /home/airflow/.local/lib/python3.8/site-packages/airflow/example_dags/example_complex.py
[2026-02-02T14:41:56.102+0000] {logging_mixin.py:188} INFO - [2026-02-02T14:41:56.102+0000] {dag.py:3036} INFO - Sync 1 DAGs
[2026-02-02T14:41:56.116+0000] {logging_mixin.py:188} INFO - [2026-02-02T14:41:56.116+0000] {dag.py:3823} INFO - Setting next_dagrun for example_complex to None, run_after=None
[2026-02-02T14:41:56.135+0000] {processor.py:183} INFO - Processing /home/airflow/.local/lib/python3.8/site-packages/airflow/example_dags/example_complex.py took 0.095 seconds
[2026-02-02T14:42:26.657+0000] {processor.py:161} INFO - Started process (PID=2469) to work on /home/airflow/.local/lib/python3.8/site-packages/airflow/example_dags/example_complex.py
[2026-02-02T14:42:26.658+0000] {processor.py:830} INFO - Processing file /home/airflow/.local/lib/python3.8/site-packages/airflow/example_dags/example_complex.py for tasks to queue
[2026-02-02T14:42:26.660+0000] {logging_mixin.py:188} INFO - [2026-02-02T14:42:26.660+0000] {dagbag.py:538} INFO - Filling up the DagBag from /home/airflow/.local/lib/python3.8/site-packages/airflow/example_dags/example_complex.py
[2026-02-02T14:42:26.675+0000] {processor.py:840} INFO - DAG(s) 'example_complex' retrieved from /home/airflow/.local/lib/python3.8/site-packages/airflow/example_dags/example_complex.py
[2026-02-02T14:42:26.714+0000] {logging_mixin.py:188} INFO - [2026-02-02T14:42:26.713+0000] {dag.py:3036} INFO - Sync 1 DAGs
[2026-02-02T14:42:26.728+0000] {logging_mixin.py:188} INFO - [2026-02-02T14:42:26.728+0000] {dag.py:3823} INFO - Setting next_dagrun for example_complex to None, run_after=None
[2026-02-02T14:42:26.909+0000] {processor.py:183} INFO - Processing /home/airflow/.local/lib/python3.8/site-packages/airflow/example_dags/example_complex.py took 0.255 seconds
[2026-02-02T14:42:57.240+0000] {processor.py:161} INFO - Started process (PID=2523) to work on /home/airflow/.local/lib/python3.8/site-packages/airflow/example_dags/example_complex.py
[2026-02-02T14:42:57.243+0000] {processor.py:830} INFO - Processing file /home/airflow/.local/lib/python3.8/site-packages/airflow/example_dags/example_complex.py for tasks to queue
[2026-02-02T14:42:57.246+0000] {logging_mixin.py:188} INFO - [2026-02-02T14:42:57.245+0000] {dagbag.py:538} INFO - Filling up the DagBag from /home/airflow/.local/lib/python3.8/site-packages/airflow/example_dags/example_complex.py
[2026-02-02T14:42:57.284+0000] {processor.py:840} INFO - DAG(s) 'example_complex' retrieved from /home/airflow/.local/lib/python3.8/site-packages/airflow/example_dags/example_complex.py
[2026-02-02T14:42:57.371+0000] {logging_mixin.py:188} INFO - [2026-02-02T14:42:57.370+0000] {dag.py:3036} INFO - Sync 1 DAGs
[2026-02-02T14:42:57.404+0000] {logging_mixin.py:188} INFO - [2026-02-02T14:42:57.401+0000] {dag.py:3823} INFO - Setting next_dagrun for example_complex to None, run_after=None
[2026-02-02T14:42:57.433+0000] {processor.py:183} INFO - Processing /home/airflow/.local/lib/python3.8/site-packages/airflow/example_dags/example_complex.py took 0.198 seconds
[2026-02-02T14:43:28.347+0000] {processor.py:161} INFO - Started process (PID=2577) to work on /home/airflow/.local/lib/python3.8/site-packages/airflow/example_dags/example_complex.py
[2026-02-02T14:43:28.348+0000] {processor.py:830} INFO - Processing file /home/airflow/.local/lib/python3.8/site-packages/airflow/example_dags/example_complex.py for tasks to queue
[2026-02-02T14:43:28.350+0000] {logging_mixin.py:188} INFO - [2026-02-02T14:43:28.350+0000] {dagbag.py:538} INFO - Filling up the DagBag from /home/airflow/.local/lib/python3.8/site-packages/airflow/example_dags/example_complex.py
[2026-02-02T14:43:28.366+0000] {processor.py:840} INFO - DAG(s) 'example_complex' retrieved from /home/airflow/.local/lib/python3.8/site-packages/airflow/example_dags/example_complex.py
[2026-02-02T14:43:28.408+0000] {logging_mixin.py:188} INFO - [2026-02-02T14:43:28.408+0000] {dag.py:3036} INFO - Sync 1 DAGs
[2026-02-02T14:43:28.423+0000] {logging_mixin.py:188} INFO - [2026-02-02T14:43:28.423+0000] {dag.py:3823} INFO - Setting next_dagrun for example_complex to None, run_after=None
[2026-02-02T14:43:28.440+0000] {processor.py:183} INFO - Processing /home/airflow/.local/lib/python3.8/site-packages/airflow/example_dags/example_complex.py took 0.097 seconds
[2026-02-02T14:43:58.543+0000] {processor.py:161} INFO - Started process (PID=2632) to work on /home/airflow/.local/lib/python3.8/site-packages/airflow/example_dags/example_complex.py
[2026-02-02T14:43:58.548+0000] {processor.py:830} INFO - Processing file /home/airflow/.local/lib/python3.8/site-packages/airflow/example_dags/example_complex.py for tasks to queue
[2026-02-02T14:43:58.551+0000] {logging_mixin.py:188} INFO - [2026-02-02T14:43:58.551+0000] {dagbag.py:538} INFO - Filling up the DagBag from /home/airflow/.local/lib/python3.8/site-packages/airflow/example_dags/example_complex.py
[2026-02-02T14:43:58.590+0000] {processor.py:840} INFO - DAG(s) 'example_complex' retrieved from /home/airflow/.local/lib/python3.8/site-packages/airflow/example_dags/example_complex.py
[2026-02-02T14:43:58.683+0000] {logging_mixin.py:188} INFO - [2026-02-02T14:43:58.682+0000] {dag.py:3036} INFO - Sync 1 DAGs
[2026-02-02T14:43:58.710+0000] {logging_mixin.py:188} INFO - [2026-02-02T14:43:58.710+0000] {dag.py:3823} INFO - Setting next_dagrun for example_complex to None, run_after=None
[2026-02-02T14:43:58.753+0000] {processor.py:183} INFO - Processing /home/airflow/.local/lib/python3.8/site-packages/airflow/example_dags/example_complex.py took 0.221 seconds
[2026-02-02T14:44:29.471+0000] {processor.py:161} INFO - Started process (PID=2693) to work on /home/airflow/.local/lib/python3.8/site-packages/airflow/example_dags/example_complex.py
[2026-02-02T14:44:29.473+0000] {processor.py:830} INFO - Processing file /home/airflow/.local/lib/python3.8/site-packages/airflow/example_dags/example_complex.py for tasks to queue
[2026-02-02T14:44:29.475+0000] {logging_mixin.py:188} INFO - [2026-02-02T14:44:29.474+0000] {dagbag.py:538} INFO - Filling up the DagBag from /home/airflow/.local/lib/python3.8/site-packages/airflow/example_dags/example_complex.py
[2026-02-02T14:44:29.489+0000] {processor.py:840} INFO - DAG(s) 'example_complex' retrieved from /home/airflow/.local/lib/python3.8/site-packages/airflow/example_dags/example_complex.py
[2026-02-02T14:44:29.678+0000] {logging_mixin.py:188} INFO - [2026-02-02T14:44:29.677+0000] {dag.py:3036} INFO - Sync 1 DAGs
[2026-02-02T14:44:29.690+0000] {logging_mixin.py:188} INFO - [2026-02-02T14:44:29.690+0000] {dag.py:3823} INFO - Setting next_dagrun for example_complex to None, run_after=None
[2026-02-02T14:44:29.708+0000] {processor.py:183} INFO - Processing /home/airflow/.local/lib/python3.8/site-packages/airflow/example_dags/example_complex.py took 0.240 seconds
[2026-02-02T14:45:00.313+0000] {processor.py:161} INFO - Started process (PID=2749) to work on /home/airflow/.local/lib/python3.8/site-packages/airflow/example_dags/example_complex.py
[2026-02-02T14:45:00.313+0000] {processor.py:830} INFO - Processing file /home/airflow/.local/lib/python3.8/site-packages/airflow/example_dags/example_complex.py for tasks to queue
[2026-02-02T14:45:00.315+0000] {logging_mixin.py:188} INFO - [2026-02-02T14:45:00.315+0000] {dagbag.py:538} INFO - Filling up the DagBag from /home/airflow/.local/lib/python3.8/site-packages/airflow/example_dags/example_complex.py
[2026-02-02T14:45:00.324+0000] {processor.py:840} INFO - DAG(s) 'example_complex' retrieved from /home/airflow/.local/lib/python3.8/site-packages/airflow/example_dags/example_complex.py
[2026-02-02T14:45:00.348+0000] {logging_mixin.py:188} INFO - [2026-02-02T14:45:00.348+0000] {dag.py:3036} INFO - Sync 1 DAGs
[2026-02-02T14:45:00.495+0000] {logging_mixin.py:188} INFO - [2026-02-02T14:45:00.495+0000] {dag.py:3823} INFO - Setting next_dagrun for example_complex to None, run_after=None
[2026-02-02T14:45:00.510+0000] {processor.py:183} INFO - Processing /home/airflow/.local/lib/python3.8/site-packages/airflow/example_dags/example_complex.py took 0.199 seconds
[2026-02-02T14:45:30.735+0000] {processor.py:161} INFO - Started process (PID=2805) to work on /home/airflow/.local/lib/python3.8/site-packages/airflow/example_dags/example_complex.py
[2026-02-02T14:45:30.737+0000] {processor.py:830} INFO - Processing file /home/airflow/.local/lib/python3.8/site-packages/airflow/example_dags/example_complex.py for tasks to queue
[2026-02-02T14:45:30.739+0000] {logging_mixin.py:188} INFO - [2026-02-02T14:45:30.739+0000] {dagbag.py:538} INFO - Filling up the DagBag from /home/airflow/.local/lib/python3.8/site-packages/airflow/example_dags/example_complex.py
[2026-02-02T14:45:30.752+0000] {processor.py:840} INFO - DAG(s) 'example_complex' retrieved from /home/airflow/.local/lib/python3.8/site-packages/airflow/example_dags/example_complex.py
[2026-02-02T14:45:30.776+0000] {logging_mixin.py:188} INFO - [2026-02-02T14:45:30.776+0000] {dag.py:3036} INFO - Sync 1 DAGs
[2026-02-02T14:45:30.786+0000] {logging_mixin.py:188} INFO - [2026-02-02T14:45:30.786+0000] {dag.py:3823} INFO - Setting next_dagrun for example_complex to None, run_after=None
[2026-02-02T14:45:30.800+0000] {processor.py:183} INFO - Processing /home/airflow/.local/lib/python3.8/site-packages/airflow/example_dags/example_complex.py took 0.068 seconds
[2026-02-02T14:46:01.154+0000] {processor.py:161} INFO - Started process (PID=2860) to work on /home/airflow/.local/lib/python3.8/site-packages/airflow/example_dags/example_complex.py
[2026-02-02T14:46:01.155+0000] {processor.py:830} INFO - Processing file /home/airflow/.local/lib/python3.8/site-packages/airflow/example_dags/example_complex.py for tasks to queue
[2026-02-02T14:46:01.157+0000] {logging_mixin.py:188} INFO - [2026-02-02T14:46:01.157+0000] {dagbag.py:538} INFO - Filling up the DagBag from /home/airflow/.local/lib/python3.8/site-packages/airflow/example_dags/example_complex.py
[2026-02-02T14:46:01.172+0000] {processor.py:840} INFO - DAG(s) 'example_complex' retrieved from /home/airflow/.local/lib/python3.8/site-packages/airflow/example_dags/example_complex.py
[2026-02-02T14:46:01.232+0000] {logging_mixin.py:188} INFO - [2026-02-02T14:46:01.229+0000] {dag.py:3036} INFO - Sync 1 DAGs
[2026-02-02T14:46:01.249+0000] {logging_mixin.py:188} INFO - [2026-02-02T14:46:01.249+0000] {dag.py:3823} INFO - Setting next_dagrun for example_complex to None, run_after=None
[2026-02-02T14:46:01.268+0000] {processor.py:183} INFO - Processing /home/airflow/.local/lib/python3.8/site-packages/airflow/example_dags/example_complex.py took 0.118 seconds
[2026-02-02T14:46:32.230+0000] {processor.py:161} INFO - Started process (PID=2916) to work on /home/airflow/.local/lib/python3.8/site-packages/airflow/example_dags/example_complex.py
[2026-02-02T14:46:32.231+0000] {processor.py:830} INFO - Processing file /home/airflow/.local/lib/python3.8/site-packages/airflow/example_dags/example_complex.py for tasks to queue
[2026-02-02T14:46:32.233+0000] {logging_mixin.py:188} INFO - [2026-02-02T14:46:32.233+0000] {dagbag.py:538} INFO - Filling up the DagBag from /home/airflow/.local/lib/python3.8/site-packages/airflow/example_dags/example_complex.py
[2026-02-02T14:46:32.247+0000] {processor.py:840} INFO - DAG(s) 'example_complex' retrieved from /home/airflow/.local/lib/python3.8/site-packages/airflow/example_dags/example_complex.py
[2026-02-02T14:46:32.286+0000] {logging_mixin.py:188} INFO - [2026-02-02T14:46:32.286+0000] {dag.py:3036} INFO - Sync 1 DAGs
[2026-02-02T14:46:32.300+0000] {logging_mixin.py:188} INFO - [2026-02-02T14:46:32.300+0000] {dag.py:3823} INFO - Setting next_dagrun for example_complex to None, run_after=None
[2026-02-02T14:46:32.319+0000] {processor.py:183} INFO - Processing /home/airflow/.local/lib/python3.8/site-packages/airflow/example_dags/example_complex.py took 0.092 seconds
[2026-02-02T14:47:02.615+0000] {processor.py:161} INFO - Started process (PID=2972) to work on /home/airflow/.local/lib/python3.8/site-packages/airflow/example_dags/example_complex.py
[2026-02-02T14:47:02.616+0000] {processor.py:830} INFO - Processing file /home/airflow/.local/lib/python3.8/site-packages/airflow/example_dags/example_complex.py for tasks to queue
[2026-02-02T14:47:02.618+0000] {logging_mixin.py:188} INFO - [2026-02-02T14:47:02.618+0000] {dagbag.py:538} INFO - Filling up the DagBag from /home/airflow/.local/lib/python3.8/site-packages/airflow/example_dags/example_complex.py
[2026-02-02T14:47:02.633+0000] {processor.py:840} INFO - DAG(s) 'example_complex' retrieved from /home/airflow/.local/lib/python3.8/site-packages/airflow/example_dags/example_complex.py
[2026-02-02T14:47:02.674+0000] {logging_mixin.py:188} INFO - [2026-02-02T14:47:02.674+0000] {dag.py:3036} INFO - Sync 1 DAGs
[2026-02-02T14:47:02.690+0000] {logging_mixin.py:188} INFO - [2026-02-02T14:47:02.690+0000] {dag.py:3823} INFO - Setting next_dagrun for example_complex to None, run_after=None
[2026-02-02T14:47:02.713+0000] {processor.py:183} INFO - Processing /home/airflow/.local/lib/python3.8/site-packages/airflow/example_dags/example_complex.py took 0.102 seconds
[2026-02-02T14:47:33.458+0000] {processor.py:161} INFO - Started process (PID=3029) to work on /home/airflow/.local/lib/python3.8/site-packages/airflow/example_dags/example_complex.py
[2026-02-02T14:47:33.459+0000] {processor.py:830} INFO - Processing file /home/airflow/.local/lib/python3.8/site-packages/airflow/example_dags/example_complex.py for tasks to queue
[2026-02-02T14:47:33.461+0000] {logging_mixin.py:188} INFO - [2026-02-02T14:47:33.461+0000] {dagbag.py:538} INFO - Filling up the DagBag from /home/airflow/.local/lib/python3.8/site-packages/airflow/example_dags/example_complex.py
[2026-02-02T14:47:33.477+0000] {processor.py:840} INFO - DAG(s) 'example_complex' retrieved from /home/airflow/.local/lib/python3.8/site-packages/airflow/example_dags/example_complex.py
[2026-02-02T14:47:33.515+0000] {logging_mixin.py:188} INFO - [2026-02-02T14:47:33.515+0000] {dag.py:3036} INFO - Sync 1 DAGs
[2026-02-02T14:47:33.529+0000] {logging_mixin.py:188} INFO - [2026-02-02T14:47:33.529+0000] {dag.py:3823} INFO - Setting next_dagrun for example_complex to None, run_after=None
[2026-02-02T14:47:33.547+0000] {processor.py:183} INFO - Processing /home/airflow/.local/lib/python3.8/site-packages/airflow/example_dags/example_complex.py took 0.093 seconds
[2026-02-02T14:48:04.467+0000] {processor.py:161} INFO - Started process (PID=3085) to work on /home/airflow/.local/lib/python3.8/site-packages/airflow/example_dags/example_complex.py
[2026-02-02T14:48:04.468+0000] {processor.py:830} INFO - Processing file /home/airflow/.local/lib/python3.8/site-packages/airflow/example_dags/example_complex.py for tasks to queue
[2026-02-02T14:48:04.470+0000] {logging_mixin.py:188} INFO - [2026-02-02T14:48:04.470+0000] {dagbag.py:538} INFO - Filling up the DagBag from /home/airflow/.local/lib/python3.8/site-packages/airflow/example_dags/example_complex.py
[2026-02-02T14:48:04.483+0000] {processor.py:840} INFO - DAG(s) 'example_complex' retrieved from /home/airflow/.local/lib/python3.8/site-packages/airflow/example_dags/example_complex.py
[2026-02-02T14:48:04.535+0000] {logging_mixin.py:188} INFO - [2026-02-02T14:48:04.535+0000] {dag.py:3036} INFO - Sync 1 DAGs
[2026-02-02T14:48:04.556+0000] {logging_mixin.py:188} INFO - [2026-02-02T14:48:04.555+0000] {dag.py:3823} INFO - Setting next_dagrun for example_complex to None, run_after=None
[2026-02-02T14:48:04.590+0000] {processor.py:183} INFO - Processing /home/airflow/.local/lib/python3.8/site-packages/airflow/example_dags/example_complex.py took 0.127 seconds
[2026-02-02T14:48:34.997+0000] {processor.py:161} INFO - Started process (PID=3140) to work on /home/airflow/.local/lib/python3.8/site-packages/airflow/example_dags/example_complex.py
[2026-02-02T14:48:34.998+0000] {processor.py:830} INFO - Processing file /home/airflow/.local/lib/python3.8/site-packages/airflow/example_dags/example_complex.py for tasks to queue
[2026-02-02T14:48:34.999+0000] {logging_mixin.py:188} INFO - [2026-02-02T14:48:34.999+0000] {dagbag.py:538} INFO - Filling up the DagBag from /home/airflow/.local/lib/python3.8/site-packages/airflow/example_dags/example_complex.py
[2026-02-02T14:48:35.015+0000] {processor.py:840} INFO - DAG(s) 'example_complex' retrieved from /home/airflow/.local/lib/python3.8/site-packages/airflow/example_dags/example_complex.py
[2026-02-02T14:48:35.078+0000] {logging_mixin.py:188} INFO - [2026-02-02T14:48:35.078+0000] {dag.py:3036} INFO - Sync 1 DAGs
[2026-02-02T14:48:35.101+0000] {logging_mixin.py:188} INFO - [2026-02-02T14:48:35.100+0000] {dag.py:3823} INFO - Setting next_dagrun for example_complex to None, run_after=None
[2026-02-02T14:48:35.132+0000] {processor.py:183} INFO - Processing /home/airflow/.local/lib/python3.8/site-packages/airflow/example_dags/example_complex.py took 0.140 seconds
[2026-02-02T14:49:05.420+0000] {processor.py:161} INFO - Started process (PID=3196) to work on /home/airflow/.local/lib/python3.8/site-packages/airflow/example_dags/example_complex.py
[2026-02-02T14:49:05.421+0000] {processor.py:830} INFO - Processing file /home/airflow/.local/lib/python3.8/site-packages/airflow/example_dags/example_complex.py for tasks to queue
[2026-02-02T14:49:05.423+0000] {logging_mixin.py:188} INFO - [2026-02-02T14:49:05.423+0000] {dagbag.py:538} INFO - Filling up the DagBag from /home/airflow/.local/lib/python3.8/site-packages/airflow/example_dags/example_complex.py
[2026-02-02T14:49:05.437+0000] {processor.py:840} INFO - DAG(s) 'example_complex' retrieved from /home/airflow/.local/lib/python3.8/site-packages/airflow/example_dags/example_complex.py
[2026-02-02T14:49:05.478+0000] {logging_mixin.py:188} INFO - [2026-02-02T14:49:05.478+0000] {dag.py:3036} INFO - Sync 1 DAGs
[2026-02-02T14:49:05.492+0000] {logging_mixin.py:188} INFO - [2026-02-02T14:49:05.492+0000] {dag.py:3823} INFO - Setting next_dagrun for example_complex to None, run_after=None
[2026-02-02T14:49:05.511+0000] {processor.py:183} INFO - Processing /home/airflow/.local/lib/python3.8/site-packages/airflow/example_dags/example_complex.py took 0.094 seconds
[2026-02-02T14:49:35.861+0000] {processor.py:161} INFO - Started process (PID=3252) to work on /home/airflow/.local/lib/python3.8/site-packages/airflow/example_dags/example_complex.py
[2026-02-02T14:49:35.866+0000] {processor.py:830} INFO - Processing file /home/airflow/.local/lib/python3.8/site-packages/airflow/example_dags/example_complex.py for tasks to queue
[2026-02-02T14:49:35.870+0000] {logging_mixin.py:188} INFO - [2026-02-02T14:49:35.870+0000] {dagbag.py:538} INFO - Filling up the DagBag from /home/airflow/.local/lib/python3.8/site-packages/airflow/example_dags/example_complex.py
[2026-02-02T14:49:35.893+0000] {processor.py:840} INFO - DAG(s) 'example_complex' retrieved from /home/airflow/.local/lib/python3.8/site-packages/airflow/example_dags/example_complex.py
[2026-02-02T14:49:35.932+0000] {logging_mixin.py:188} INFO - [2026-02-02T14:49:35.932+0000] {dag.py:3036} INFO - Sync 1 DAGs
[2026-02-02T14:49:35.947+0000] {logging_mixin.py:188} INFO - [2026-02-02T14:49:35.947+0000] {dag.py:3823} INFO - Setting next_dagrun for example_complex to None, run_after=None
[2026-02-02T14:49:35.976+0000] {processor.py:183} INFO - Processing /home/airflow/.local/lib/python3.8/site-packages/airflow/example_dags/example_complex.py took 0.125 seconds
[2026-02-02T14:50:06.017+0000] {processor.py:161} INFO - Started process (PID=3308) to work on /home/airflow/.local/lib/python3.8/site-packages/airflow/example_dags/example_complex.py
[2026-02-02T14:50:06.017+0000] {processor.py:830} INFO - Processing file /home/airflow/.local/lib/python3.8/site-packages/airflow/example_dags/example_complex.py for tasks to queue
[2026-02-02T14:50:06.019+0000] {logging_mixin.py:188} INFO - [2026-02-02T14:50:06.019+0000] {dagbag.py:538} INFO - Filling up the DagBag from /home/airflow/.local/lib/python3.8/site-packages/airflow/example_dags/example_complex.py
[2026-02-02T14:50:06.034+0000] {processor.py:840} INFO - DAG(s) 'example_complex' retrieved from /home/airflow/.local/lib/python3.8/site-packages/airflow/example_dags/example_complex.py
[2026-02-02T14:50:06.082+0000] {logging_mixin.py:188} INFO - [2026-02-02T14:50:06.081+0000] {dag.py:3036} INFO - Sync 1 DAGs
[2026-02-02T14:50:06.097+0000] {logging_mixin.py:188} INFO - [2026-02-02T14:50:06.096+0000] {dag.py:3823} INFO - Setting next_dagrun for example_complex to None, run_after=None
[2026-02-02T14:50:06.115+0000] {processor.py:183} INFO - Processing /home/airflow/.local/lib/python3.8/site-packages/airflow/example_dags/example_complex.py took 0.102 seconds
[2026-02-02T14:50:36.446+0000] {processor.py:161} INFO - Started process (PID=3364) to work on /home/airflow/.local/lib/python3.8/site-packages/airflow/example_dags/example_complex.py
[2026-02-02T14:50:36.450+0000] {processor.py:830} INFO - Processing file /home/airflow/.local/lib/python3.8/site-packages/airflow/example_dags/example_complex.py for tasks to queue
[2026-02-02T14:50:36.459+0000] {logging_mixin.py:188} INFO - [2026-02-02T14:50:36.459+0000] {dagbag.py:538} INFO - Filling up the DagBag from /home/airflow/.local/lib/python3.8/site-packages/airflow/example_dags/example_complex.py
[2026-02-02T14:50:36.509+0000] {processor.py:840} INFO - DAG(s) 'example_complex' retrieved from /home/airflow/.local/lib/python3.8/site-packages/airflow/example_dags/example_complex.py
[2026-02-02T14:50:36.534+0000] {logging_mixin.py:188} INFO - [2026-02-02T14:50:36.534+0000] {dag.py:3036} INFO - Sync 1 DAGs
[2026-02-02T14:50:36.543+0000] {logging_mixin.py:188} INFO - [2026-02-02T14:50:36.543+0000] {dag.py:3823} INFO - Setting next_dagrun for example_complex to None, run_after=None
[2026-02-02T14:50:36.557+0000] {processor.py:183} INFO - Processing /home/airflow/.local/lib/python3.8/site-packages/airflow/example_dags/example_complex.py took 0.134 seconds
