[2026-02-02T14:20:22.365+0000] {processor.py:161} INFO - Started process (PID=77) to work on /home/airflow/.local/lib/python3.8/site-packages/airflow/example_dags/example_latest_only_with_trigger.py
[2026-02-02T14:20:22.370+0000] {processor.py:830} INFO - Processing file /home/airflow/.local/lib/python3.8/site-packages/airflow/example_dags/example_latest_only_with_trigger.py for tasks to queue
[2026-02-02T14:20:22.378+0000] {logging_mixin.py:188} INFO - [2026-02-02T14:20:22.373+0000] {dagbag.py:538} INFO - Filling up the DagBag from /home/airflow/.local/lib/python3.8/site-packages/airflow/example_dags/example_latest_only_with_trigger.py
[2026-02-02T14:20:22.413+0000] {processor.py:840} INFO - DAG(s) 'latest_only_with_trigger' retrieved from /home/airflow/.local/lib/python3.8/site-packages/airflow/example_dags/example_latest_only_with_trigger.py
[2026-02-02T14:20:22.777+0000] {logging_mixin.py:188} INFO - [2026-02-02T14:20:22.777+0000] {override.py:1769} INFO - Created Permission View: can edit on DAG:latest_only_with_trigger
[2026-02-02T14:20:22.805+0000] {logging_mixin.py:188} INFO - [2026-02-02T14:20:22.804+0000] {override.py:1769} INFO - Created Permission View: can delete on DAG:latest_only_with_trigger
[2026-02-02T14:20:22.822+0000] {logging_mixin.py:188} INFO - [2026-02-02T14:20:22.822+0000] {override.py:1769} INFO - Created Permission View: can read on DAG:latest_only_with_trigger
[2026-02-02T14:20:22.824+0000] {logging_mixin.py:188} INFO - [2026-02-02T14:20:22.823+0000] {dag.py:3036} INFO - Sync 1 DAGs
[2026-02-02T14:20:22.854+0000] {logging_mixin.py:188} INFO - [2026-02-02T14:20:22.853+0000] {dag.py:3058} INFO - Creating ORM DAG for latest_only_with_trigger
[2026-02-02T14:20:22.888+0000] {logging_mixin.py:188} INFO - [2026-02-02T14:20:22.888+0000] {dag.py:3823} INFO - Setting next_dagrun for latest_only_with_trigger to 2026-02-02 08:00:00+00:00, run_after=2026-02-02 12:00:00+00:00
[2026-02-02T14:20:22.949+0000] {processor.py:183} INFO - Processing /home/airflow/.local/lib/python3.8/site-packages/airflow/example_dags/example_latest_only_with_trigger.py took 0.628 seconds
[2026-02-02T14:20:53.266+0000] {processor.py:161} INFO - Started process (PID=132) to work on /home/airflow/.local/lib/python3.8/site-packages/airflow/example_dags/example_latest_only_with_trigger.py
[2026-02-02T14:20:53.267+0000] {processor.py:830} INFO - Processing file /home/airflow/.local/lib/python3.8/site-packages/airflow/example_dags/example_latest_only_with_trigger.py for tasks to queue
[2026-02-02T14:20:53.268+0000] {logging_mixin.py:188} INFO - [2026-02-02T14:20:53.268+0000] {dagbag.py:538} INFO - Filling up the DagBag from /home/airflow/.local/lib/python3.8/site-packages/airflow/example_dags/example_latest_only_with_trigger.py
[2026-02-02T14:20:53.273+0000] {processor.py:840} INFO - DAG(s) 'latest_only_with_trigger' retrieved from /home/airflow/.local/lib/python3.8/site-packages/airflow/example_dags/example_latest_only_with_trigger.py
[2026-02-02T14:20:53.289+0000] {logging_mixin.py:188} INFO - [2026-02-02T14:20:53.289+0000] {dag.py:3036} INFO - Sync 1 DAGs
[2026-02-02T14:20:53.306+0000] {logging_mixin.py:188} INFO - [2026-02-02T14:20:53.306+0000] {dag.py:3823} INFO - Setting next_dagrun for latest_only_with_trigger to 2026-02-02 08:00:00+00:00, run_after=2026-02-02 12:00:00+00:00
[2026-02-02T14:20:53.319+0000] {processor.py:183} INFO - Processing /home/airflow/.local/lib/python3.8/site-packages/airflow/example_dags/example_latest_only_with_trigger.py took 0.056 seconds
[2026-02-02T14:21:24.193+0000] {processor.py:161} INFO - Started process (PID=187) to work on /home/airflow/.local/lib/python3.8/site-packages/airflow/example_dags/example_latest_only_with_trigger.py
[2026-02-02T14:21:24.193+0000] {processor.py:830} INFO - Processing file /home/airflow/.local/lib/python3.8/site-packages/airflow/example_dags/example_latest_only_with_trigger.py for tasks to queue
[2026-02-02T14:21:24.195+0000] {logging_mixin.py:188} INFO - [2026-02-02T14:21:24.194+0000] {dagbag.py:538} INFO - Filling up the DagBag from /home/airflow/.local/lib/python3.8/site-packages/airflow/example_dags/example_latest_only_with_trigger.py
[2026-02-02T14:21:24.199+0000] {processor.py:840} INFO - DAG(s) 'latest_only_with_trigger' retrieved from /home/airflow/.local/lib/python3.8/site-packages/airflow/example_dags/example_latest_only_with_trigger.py
[2026-02-02T14:21:24.215+0000] {logging_mixin.py:188} INFO - [2026-02-02T14:21:24.215+0000] {dag.py:3036} INFO - Sync 1 DAGs
[2026-02-02T14:21:24.232+0000] {logging_mixin.py:188} INFO - [2026-02-02T14:21:24.232+0000] {dag.py:3823} INFO - Setting next_dagrun for latest_only_with_trigger to 2026-02-02 08:00:00+00:00, run_after=2026-02-02 12:00:00+00:00
[2026-02-02T14:21:24.245+0000] {processor.py:183} INFO - Processing /home/airflow/.local/lib/python3.8/site-packages/airflow/example_dags/example_latest_only_with_trigger.py took 0.055 seconds
[2026-02-02T14:21:54.416+0000] {processor.py:161} INFO - Started process (PID=242) to work on /home/airflow/.local/lib/python3.8/site-packages/airflow/example_dags/example_latest_only_with_trigger.py
[2026-02-02T14:21:54.417+0000] {processor.py:830} INFO - Processing file /home/airflow/.local/lib/python3.8/site-packages/airflow/example_dags/example_latest_only_with_trigger.py for tasks to queue
[2026-02-02T14:21:54.418+0000] {logging_mixin.py:188} INFO - [2026-02-02T14:21:54.418+0000] {dagbag.py:538} INFO - Filling up the DagBag from /home/airflow/.local/lib/python3.8/site-packages/airflow/example_dags/example_latest_only_with_trigger.py
[2026-02-02T14:21:54.427+0000] {processor.py:840} INFO - DAG(s) 'latest_only_with_trigger' retrieved from /home/airflow/.local/lib/python3.8/site-packages/airflow/example_dags/example_latest_only_with_trigger.py
[2026-02-02T14:21:54.455+0000] {logging_mixin.py:188} INFO - [2026-02-02T14:21:54.455+0000] {dag.py:3036} INFO - Sync 1 DAGs
[2026-02-02T14:21:54.481+0000] {logging_mixin.py:188} INFO - [2026-02-02T14:21:54.481+0000] {dag.py:3823} INFO - Setting next_dagrun for latest_only_with_trigger to 2026-02-02 08:00:00+00:00, run_after=2026-02-02 12:00:00+00:00
[2026-02-02T14:21:54.497+0000] {processor.py:183} INFO - Processing /home/airflow/.local/lib/python3.8/site-packages/airflow/example_dags/example_latest_only_with_trigger.py took 0.085 seconds
[2026-02-02T14:22:25.008+0000] {processor.py:161} INFO - Started process (PID=297) to work on /home/airflow/.local/lib/python3.8/site-packages/airflow/example_dags/example_latest_only_with_trigger.py
[2026-02-02T14:22:25.009+0000] {processor.py:830} INFO - Processing file /home/airflow/.local/lib/python3.8/site-packages/airflow/example_dags/example_latest_only_with_trigger.py for tasks to queue
[2026-02-02T14:22:25.010+0000] {logging_mixin.py:188} INFO - [2026-02-02T14:22:25.010+0000] {dagbag.py:538} INFO - Filling up the DagBag from /home/airflow/.local/lib/python3.8/site-packages/airflow/example_dags/example_latest_only_with_trigger.py
[2026-02-02T14:22:25.017+0000] {processor.py:840} INFO - DAG(s) 'latest_only_with_trigger' retrieved from /home/airflow/.local/lib/python3.8/site-packages/airflow/example_dags/example_latest_only_with_trigger.py
[2026-02-02T14:22:25.039+0000] {logging_mixin.py:188} INFO - [2026-02-02T14:22:25.039+0000] {dag.py:3036} INFO - Sync 1 DAGs
[2026-02-02T14:22:25.065+0000] {logging_mixin.py:188} INFO - [2026-02-02T14:22:25.065+0000] {dag.py:3823} INFO - Setting next_dagrun for latest_only_with_trigger to 2026-02-02 08:00:00+00:00, run_after=2026-02-02 12:00:00+00:00
[2026-02-02T14:22:25.083+0000] {processor.py:183} INFO - Processing /home/airflow/.local/lib/python3.8/site-packages/airflow/example_dags/example_latest_only_with_trigger.py took 0.079 seconds
[2026-02-02T14:22:55.718+0000] {processor.py:161} INFO - Started process (PID=352) to work on /home/airflow/.local/lib/python3.8/site-packages/airflow/example_dags/example_latest_only_with_trigger.py
[2026-02-02T14:22:55.719+0000] {processor.py:830} INFO - Processing file /home/airflow/.local/lib/python3.8/site-packages/airflow/example_dags/example_latest_only_with_trigger.py for tasks to queue
[2026-02-02T14:22:55.720+0000] {logging_mixin.py:188} INFO - [2026-02-02T14:22:55.720+0000] {dagbag.py:538} INFO - Filling up the DagBag from /home/airflow/.local/lib/python3.8/site-packages/airflow/example_dags/example_latest_only_with_trigger.py
[2026-02-02T14:22:55.725+0000] {processor.py:840} INFO - DAG(s) 'latest_only_with_trigger' retrieved from /home/airflow/.local/lib/python3.8/site-packages/airflow/example_dags/example_latest_only_with_trigger.py
[2026-02-02T14:22:55.741+0000] {logging_mixin.py:188} INFO - [2026-02-02T14:22:55.741+0000] {dag.py:3036} INFO - Sync 1 DAGs
[2026-02-02T14:22:55.757+0000] {logging_mixin.py:188} INFO - [2026-02-02T14:22:55.757+0000] {dag.py:3823} INFO - Setting next_dagrun for latest_only_with_trigger to 2026-02-02 08:00:00+00:00, run_after=2026-02-02 12:00:00+00:00
[2026-02-02T14:22:55.771+0000] {processor.py:183} INFO - Processing /home/airflow/.local/lib/python3.8/site-packages/airflow/example_dags/example_latest_only_with_trigger.py took 0.056 seconds
[2026-02-02T14:23:26.249+0000] {processor.py:161} INFO - Started process (PID=413) to work on /home/airflow/.local/lib/python3.8/site-packages/airflow/example_dags/example_latest_only_with_trigger.py
[2026-02-02T14:23:26.250+0000] {processor.py:830} INFO - Processing file /home/airflow/.local/lib/python3.8/site-packages/airflow/example_dags/example_latest_only_with_trigger.py for tasks to queue
[2026-02-02T14:23:26.251+0000] {logging_mixin.py:188} INFO - [2026-02-02T14:23:26.251+0000] {dagbag.py:538} INFO - Filling up the DagBag from /home/airflow/.local/lib/python3.8/site-packages/airflow/example_dags/example_latest_only_with_trigger.py
[2026-02-02T14:23:26.256+0000] {processor.py:840} INFO - DAG(s) 'latest_only_with_trigger' retrieved from /home/airflow/.local/lib/python3.8/site-packages/airflow/example_dags/example_latest_only_with_trigger.py
[2026-02-02T14:23:26.273+0000] {logging_mixin.py:188} INFO - [2026-02-02T14:23:26.273+0000] {dag.py:3036} INFO - Sync 1 DAGs
[2026-02-02T14:23:26.290+0000] {logging_mixin.py:188} INFO - [2026-02-02T14:23:26.290+0000] {dag.py:3823} INFO - Setting next_dagrun for latest_only_with_trigger to 2026-02-02 08:00:00+00:00, run_after=2026-02-02 12:00:00+00:00
[2026-02-02T14:23:26.305+0000] {processor.py:183} INFO - Processing /home/airflow/.local/lib/python3.8/site-packages/airflow/example_dags/example_latest_only_with_trigger.py took 0.058 seconds
[2026-02-02T14:23:56.403+0000] {processor.py:161} INFO - Started process (PID=467) to work on /home/airflow/.local/lib/python3.8/site-packages/airflow/example_dags/example_latest_only_with_trigger.py
[2026-02-02T14:23:56.404+0000] {processor.py:830} INFO - Processing file /home/airflow/.local/lib/python3.8/site-packages/airflow/example_dags/example_latest_only_with_trigger.py for tasks to queue
[2026-02-02T14:23:56.406+0000] {logging_mixin.py:188} INFO - [2026-02-02T14:23:56.406+0000] {dagbag.py:538} INFO - Filling up the DagBag from /home/airflow/.local/lib/python3.8/site-packages/airflow/example_dags/example_latest_only_with_trigger.py
[2026-02-02T14:23:56.413+0000] {processor.py:840} INFO - DAG(s) 'latest_only_with_trigger' retrieved from /home/airflow/.local/lib/python3.8/site-packages/airflow/example_dags/example_latest_only_with_trigger.py
[2026-02-02T14:23:56.447+0000] {logging_mixin.py:188} INFO - [2026-02-02T14:23:56.446+0000] {dag.py:3036} INFO - Sync 1 DAGs
[2026-02-02T14:23:56.471+0000] {logging_mixin.py:188} INFO - [2026-02-02T14:23:56.471+0000] {dag.py:3823} INFO - Setting next_dagrun for latest_only_with_trigger to 2026-02-02 08:00:00+00:00, run_after=2026-02-02 12:00:00+00:00
[2026-02-02T14:23:56.489+0000] {processor.py:183} INFO - Processing /home/airflow/.local/lib/python3.8/site-packages/airflow/example_dags/example_latest_only_with_trigger.py took 0.090 seconds
[2026-02-02T14:24:27.031+0000] {processor.py:161} INFO - Started process (PID=523) to work on /home/airflow/.local/lib/python3.8/site-packages/airflow/example_dags/example_latest_only_with_trigger.py
[2026-02-02T14:24:27.044+0000] {processor.py:830} INFO - Processing file /home/airflow/.local/lib/python3.8/site-packages/airflow/example_dags/example_latest_only_with_trigger.py for tasks to queue
[2026-02-02T14:24:27.050+0000] {logging_mixin.py:188} INFO - [2026-02-02T14:24:27.050+0000] {dagbag.py:538} INFO - Filling up the DagBag from /home/airflow/.local/lib/python3.8/site-packages/airflow/example_dags/example_latest_only_with_trigger.py
[2026-02-02T14:24:27.089+0000] {processor.py:840} INFO - DAG(s) 'latest_only_with_trigger' retrieved from /home/airflow/.local/lib/python3.8/site-packages/airflow/example_dags/example_latest_only_with_trigger.py
[2026-02-02T14:24:27.213+0000] {logging_mixin.py:188} INFO - [2026-02-02T14:24:27.206+0000] {dag.py:3036} INFO - Sync 1 DAGs
[2026-02-02T14:24:27.268+0000] {logging_mixin.py:188} INFO - [2026-02-02T14:24:27.267+0000] {dag.py:3823} INFO - Setting next_dagrun for latest_only_with_trigger to 2026-02-02 08:00:00+00:00, run_after=2026-02-02 12:00:00+00:00
[2026-02-02T14:24:27.302+0000] {processor.py:183} INFO - Processing /home/airflow/.local/lib/python3.8/site-packages/airflow/example_dags/example_latest_only_with_trigger.py took 0.281 seconds
[2026-02-02T14:24:57.931+0000] {processor.py:161} INFO - Started process (PID=578) to work on /home/airflow/.local/lib/python3.8/site-packages/airflow/example_dags/example_latest_only_with_trigger.py
[2026-02-02T14:24:57.932+0000] {processor.py:830} INFO - Processing file /home/airflow/.local/lib/python3.8/site-packages/airflow/example_dags/example_latest_only_with_trigger.py for tasks to queue
[2026-02-02T14:24:57.933+0000] {logging_mixin.py:188} INFO - [2026-02-02T14:24:57.933+0000] {dagbag.py:538} INFO - Filling up the DagBag from /home/airflow/.local/lib/python3.8/site-packages/airflow/example_dags/example_latest_only_with_trigger.py
[2026-02-02T14:24:57.938+0000] {processor.py:840} INFO - DAG(s) 'latest_only_with_trigger' retrieved from /home/airflow/.local/lib/python3.8/site-packages/airflow/example_dags/example_latest_only_with_trigger.py
[2026-02-02T14:24:57.954+0000] {logging_mixin.py:188} INFO - [2026-02-02T14:24:57.954+0000] {dag.py:3036} INFO - Sync 1 DAGs
[2026-02-02T14:24:57.971+0000] {logging_mixin.py:188} INFO - [2026-02-02T14:24:57.971+0000] {dag.py:3823} INFO - Setting next_dagrun for latest_only_with_trigger to 2026-02-02 08:00:00+00:00, run_after=2026-02-02 12:00:00+00:00
[2026-02-02T14:24:57.985+0000] {processor.py:183} INFO - Processing /home/airflow/.local/lib/python3.8/site-packages/airflow/example_dags/example_latest_only_with_trigger.py took 0.056 seconds
[2026-02-02T14:25:28.071+0000] {processor.py:161} INFO - Started process (PID=633) to work on /home/airflow/.local/lib/python3.8/site-packages/airflow/example_dags/example_latest_only_with_trigger.py
[2026-02-02T14:25:28.072+0000] {processor.py:830} INFO - Processing file /home/airflow/.local/lib/python3.8/site-packages/airflow/example_dags/example_latest_only_with_trigger.py for tasks to queue
[2026-02-02T14:25:28.074+0000] {logging_mixin.py:188} INFO - [2026-02-02T14:25:28.074+0000] {dagbag.py:538} INFO - Filling up the DagBag from /home/airflow/.local/lib/python3.8/site-packages/airflow/example_dags/example_latest_only_with_trigger.py
[2026-02-02T14:25:28.080+0000] {processor.py:840} INFO - DAG(s) 'latest_only_with_trigger' retrieved from /home/airflow/.local/lib/python3.8/site-packages/airflow/example_dags/example_latest_only_with_trigger.py
[2026-02-02T14:25:28.103+0000] {logging_mixin.py:188} INFO - [2026-02-02T14:25:28.103+0000] {dag.py:3036} INFO - Sync 1 DAGs
[2026-02-02T14:25:28.128+0000] {logging_mixin.py:188} INFO - [2026-02-02T14:25:28.128+0000] {dag.py:3823} INFO - Setting next_dagrun for latest_only_with_trigger to 2026-02-02 08:00:00+00:00, run_after=2026-02-02 12:00:00+00:00
[2026-02-02T14:25:28.145+0000] {processor.py:183} INFO - Processing /home/airflow/.local/lib/python3.8/site-packages/airflow/example_dags/example_latest_only_with_trigger.py took 0.077 seconds
[2026-02-02T14:25:58.516+0000] {processor.py:161} INFO - Started process (PID=688) to work on /home/airflow/.local/lib/python3.8/site-packages/airflow/example_dags/example_latest_only_with_trigger.py
[2026-02-02T14:25:58.516+0000] {processor.py:830} INFO - Processing file /home/airflow/.local/lib/python3.8/site-packages/airflow/example_dags/example_latest_only_with_trigger.py for tasks to queue
[2026-02-02T14:25:58.518+0000] {logging_mixin.py:188} INFO - [2026-02-02T14:25:58.518+0000] {dagbag.py:538} INFO - Filling up the DagBag from /home/airflow/.local/lib/python3.8/site-packages/airflow/example_dags/example_latest_only_with_trigger.py
[2026-02-02T14:25:58.522+0000] {processor.py:840} INFO - DAG(s) 'latest_only_with_trigger' retrieved from /home/airflow/.local/lib/python3.8/site-packages/airflow/example_dags/example_latest_only_with_trigger.py
[2026-02-02T14:25:58.539+0000] {logging_mixin.py:188} INFO - [2026-02-02T14:25:58.538+0000] {dag.py:3036} INFO - Sync 1 DAGs
[2026-02-02T14:25:58.555+0000] {logging_mixin.py:188} INFO - [2026-02-02T14:25:58.555+0000] {dag.py:3823} INFO - Setting next_dagrun for latest_only_with_trigger to 2026-02-02 08:00:00+00:00, run_after=2026-02-02 12:00:00+00:00
[2026-02-02T14:25:58.568+0000] {processor.py:183} INFO - Processing /home/airflow/.local/lib/python3.8/site-packages/airflow/example_dags/example_latest_only_with_trigger.py took 0.055 seconds
[2026-02-02T14:26:28.777+0000] {processor.py:161} INFO - Started process (PID=743) to work on /home/airflow/.local/lib/python3.8/site-packages/airflow/example_dags/example_latest_only_with_trigger.py
[2026-02-02T14:26:28.777+0000] {processor.py:830} INFO - Processing file /home/airflow/.local/lib/python3.8/site-packages/airflow/example_dags/example_latest_only_with_trigger.py for tasks to queue
[2026-02-02T14:26:28.779+0000] {logging_mixin.py:188} INFO - [2026-02-02T14:26:28.778+0000] {dagbag.py:538} INFO - Filling up the DagBag from /home/airflow/.local/lib/python3.8/site-packages/airflow/example_dags/example_latest_only_with_trigger.py
[2026-02-02T14:26:28.783+0000] {processor.py:840} INFO - DAG(s) 'latest_only_with_trigger' retrieved from /home/airflow/.local/lib/python3.8/site-packages/airflow/example_dags/example_latest_only_with_trigger.py
[2026-02-02T14:26:28.800+0000] {logging_mixin.py:188} INFO - [2026-02-02T14:26:28.800+0000] {dag.py:3036} INFO - Sync 1 DAGs
[2026-02-02T14:26:28.817+0000] {logging_mixin.py:188} INFO - [2026-02-02T14:26:28.817+0000] {dag.py:3823} INFO - Setting next_dagrun for latest_only_with_trigger to 2026-02-02 08:00:00+00:00, run_after=2026-02-02 12:00:00+00:00
[2026-02-02T14:26:28.830+0000] {processor.py:183} INFO - Processing /home/airflow/.local/lib/python3.8/site-packages/airflow/example_dags/example_latest_only_with_trigger.py took 0.056 seconds
[2026-02-02T14:26:59.402+0000] {processor.py:161} INFO - Started process (PID=798) to work on /home/airflow/.local/lib/python3.8/site-packages/airflow/example_dags/example_latest_only_with_trigger.py
[2026-02-02T14:26:59.403+0000] {processor.py:830} INFO - Processing file /home/airflow/.local/lib/python3.8/site-packages/airflow/example_dags/example_latest_only_with_trigger.py for tasks to queue
[2026-02-02T14:26:59.405+0000] {logging_mixin.py:188} INFO - [2026-02-02T14:26:59.404+0000] {dagbag.py:538} INFO - Filling up the DagBag from /home/airflow/.local/lib/python3.8/site-packages/airflow/example_dags/example_latest_only_with_trigger.py
[2026-02-02T14:26:59.409+0000] {processor.py:840} INFO - DAG(s) 'latest_only_with_trigger' retrieved from /home/airflow/.local/lib/python3.8/site-packages/airflow/example_dags/example_latest_only_with_trigger.py
[2026-02-02T14:26:59.425+0000] {logging_mixin.py:188} INFO - [2026-02-02T14:26:59.425+0000] {dag.py:3036} INFO - Sync 1 DAGs
[2026-02-02T14:26:59.442+0000] {logging_mixin.py:188} INFO - [2026-02-02T14:26:59.442+0000] {dag.py:3823} INFO - Setting next_dagrun for latest_only_with_trigger to 2026-02-02 08:00:00+00:00, run_after=2026-02-02 12:00:00+00:00
[2026-02-02T14:26:59.455+0000] {processor.py:183} INFO - Processing /home/airflow/.local/lib/python3.8/site-packages/airflow/example_dags/example_latest_only_with_trigger.py took 0.055 seconds
[2026-02-02T14:27:29.514+0000] {processor.py:161} INFO - Started process (PID=853) to work on /home/airflow/.local/lib/python3.8/site-packages/airflow/example_dags/example_latest_only_with_trigger.py
[2026-02-02T14:27:29.515+0000] {processor.py:830} INFO - Processing file /home/airflow/.local/lib/python3.8/site-packages/airflow/example_dags/example_latest_only_with_trigger.py for tasks to queue
[2026-02-02T14:27:29.517+0000] {logging_mixin.py:188} INFO - [2026-02-02T14:27:29.516+0000] {dagbag.py:538} INFO - Filling up the DagBag from /home/airflow/.local/lib/python3.8/site-packages/airflow/example_dags/example_latest_only_with_trigger.py
[2026-02-02T14:27:29.523+0000] {processor.py:840} INFO - DAG(s) 'latest_only_with_trigger' retrieved from /home/airflow/.local/lib/python3.8/site-packages/airflow/example_dags/example_latest_only_with_trigger.py
[2026-02-02T14:27:29.547+0000] {logging_mixin.py:188} INFO - [2026-02-02T14:27:29.547+0000] {dag.py:3036} INFO - Sync 1 DAGs
[2026-02-02T14:27:29.572+0000] {logging_mixin.py:188} INFO - [2026-02-02T14:27:29.572+0000] {dag.py:3823} INFO - Setting next_dagrun for latest_only_with_trigger to 2026-02-02 08:00:00+00:00, run_after=2026-02-02 12:00:00+00:00
[2026-02-02T14:27:29.589+0000] {processor.py:183} INFO - Processing /home/airflow/.local/lib/python3.8/site-packages/airflow/example_dags/example_latest_only_with_trigger.py took 0.078 seconds
[2026-02-02T14:28:00.143+0000] {processor.py:161} INFO - Started process (PID=908) to work on /home/airflow/.local/lib/python3.8/site-packages/airflow/example_dags/example_latest_only_with_trigger.py
[2026-02-02T14:28:00.144+0000] {processor.py:830} INFO - Processing file /home/airflow/.local/lib/python3.8/site-packages/airflow/example_dags/example_latest_only_with_trigger.py for tasks to queue
[2026-02-02T14:28:00.145+0000] {logging_mixin.py:188} INFO - [2026-02-02T14:28:00.145+0000] {dagbag.py:538} INFO - Filling up the DagBag from /home/airflow/.local/lib/python3.8/site-packages/airflow/example_dags/example_latest_only_with_trigger.py
[2026-02-02T14:28:00.151+0000] {processor.py:840} INFO - DAG(s) 'latest_only_with_trigger' retrieved from /home/airflow/.local/lib/python3.8/site-packages/airflow/example_dags/example_latest_only_with_trigger.py
[2026-02-02T14:28:00.170+0000] {logging_mixin.py:188} INFO - [2026-02-02T14:28:00.169+0000] {dag.py:3036} INFO - Sync 1 DAGs
[2026-02-02T14:28:00.194+0000] {logging_mixin.py:188} INFO - [2026-02-02T14:28:00.194+0000] {dag.py:3823} INFO - Setting next_dagrun for latest_only_with_trigger to 2026-02-02 08:00:00+00:00, run_after=2026-02-02 12:00:00+00:00
[2026-02-02T14:28:00.215+0000] {processor.py:183} INFO - Processing /home/airflow/.local/lib/python3.8/site-packages/airflow/example_dags/example_latest_only_with_trigger.py took 0.075 seconds
[2026-02-02T14:28:31.067+0000] {processor.py:161} INFO - Started process (PID=963) to work on /home/airflow/.local/lib/python3.8/site-packages/airflow/example_dags/example_latest_only_with_trigger.py
[2026-02-02T14:28:31.068+0000] {processor.py:830} INFO - Processing file /home/airflow/.local/lib/python3.8/site-packages/airflow/example_dags/example_latest_only_with_trigger.py for tasks to queue
[2026-02-02T14:28:31.069+0000] {logging_mixin.py:188} INFO - [2026-02-02T14:28:31.069+0000] {dagbag.py:538} INFO - Filling up the DagBag from /home/airflow/.local/lib/python3.8/site-packages/airflow/example_dags/example_latest_only_with_trigger.py
[2026-02-02T14:28:31.073+0000] {processor.py:840} INFO - DAG(s) 'latest_only_with_trigger' retrieved from /home/airflow/.local/lib/python3.8/site-packages/airflow/example_dags/example_latest_only_with_trigger.py
[2026-02-02T14:28:31.090+0000] {logging_mixin.py:188} INFO - [2026-02-02T14:28:31.090+0000] {dag.py:3036} INFO - Sync 1 DAGs
[2026-02-02T14:28:31.107+0000] {logging_mixin.py:188} INFO - [2026-02-02T14:28:31.106+0000] {dag.py:3823} INFO - Setting next_dagrun for latest_only_with_trigger to 2026-02-02 08:00:00+00:00, run_after=2026-02-02 12:00:00+00:00
[2026-02-02T14:28:31.120+0000] {processor.py:183} INFO - Processing /home/airflow/.local/lib/python3.8/site-packages/airflow/example_dags/example_latest_only_with_trigger.py took 0.056 seconds
[2026-02-02T14:29:01.500+0000] {processor.py:161} INFO - Started process (PID=1018) to work on /home/airflow/.local/lib/python3.8/site-packages/airflow/example_dags/example_latest_only_with_trigger.py
[2026-02-02T14:29:01.501+0000] {processor.py:830} INFO - Processing file /home/airflow/.local/lib/python3.8/site-packages/airflow/example_dags/example_latest_only_with_trigger.py for tasks to queue
[2026-02-02T14:29:01.503+0000] {logging_mixin.py:188} INFO - [2026-02-02T14:29:01.503+0000] {dagbag.py:538} INFO - Filling up the DagBag from /home/airflow/.local/lib/python3.8/site-packages/airflow/example_dags/example_latest_only_with_trigger.py
[2026-02-02T14:29:01.510+0000] {processor.py:840} INFO - DAG(s) 'latest_only_with_trigger' retrieved from /home/airflow/.local/lib/python3.8/site-packages/airflow/example_dags/example_latest_only_with_trigger.py
[2026-02-02T14:29:01.532+0000] {logging_mixin.py:188} INFO - [2026-02-02T14:29:01.532+0000] {dag.py:3036} INFO - Sync 1 DAGs
[2026-02-02T14:29:01.577+0000] {logging_mixin.py:188} INFO - [2026-02-02T14:29:01.577+0000] {dag.py:3823} INFO - Setting next_dagrun for latest_only_with_trigger to 2026-02-02 08:00:00+00:00, run_after=2026-02-02 12:00:00+00:00
[2026-02-02T14:29:01.598+0000] {processor.py:183} INFO - Processing /home/airflow/.local/lib/python3.8/site-packages/airflow/example_dags/example_latest_only_with_trigger.py took 0.102 seconds
[2026-02-02T14:29:31.701+0000] {processor.py:161} INFO - Started process (PID=1073) to work on /home/airflow/.local/lib/python3.8/site-packages/airflow/example_dags/example_latest_only_with_trigger.py
[2026-02-02T14:29:31.702+0000] {processor.py:830} INFO - Processing file /home/airflow/.local/lib/python3.8/site-packages/airflow/example_dags/example_latest_only_with_trigger.py for tasks to queue
[2026-02-02T14:29:31.704+0000] {logging_mixin.py:188} INFO - [2026-02-02T14:29:31.704+0000] {dagbag.py:538} INFO - Filling up the DagBag from /home/airflow/.local/lib/python3.8/site-packages/airflow/example_dags/example_latest_only_with_trigger.py
[2026-02-02T14:29:31.712+0000] {processor.py:840} INFO - DAG(s) 'latest_only_with_trigger' retrieved from /home/airflow/.local/lib/python3.8/site-packages/airflow/example_dags/example_latest_only_with_trigger.py
[2026-02-02T14:29:31.735+0000] {logging_mixin.py:188} INFO - [2026-02-02T14:29:31.735+0000] {dag.py:3036} INFO - Sync 1 DAGs
[2026-02-02T14:29:31.760+0000] {logging_mixin.py:188} INFO - [2026-02-02T14:29:31.759+0000] {dag.py:3823} INFO - Setting next_dagrun for latest_only_with_trigger to 2026-02-02 08:00:00+00:00, run_after=2026-02-02 12:00:00+00:00
[2026-02-02T14:29:31.778+0000] {processor.py:183} INFO - Processing /home/airflow/.local/lib/python3.8/site-packages/airflow/example_dags/example_latest_only_with_trigger.py took 0.080 seconds
[2026-02-02T14:30:02.314+0000] {processor.py:161} INFO - Started process (PID=1128) to work on /home/airflow/.local/lib/python3.8/site-packages/airflow/example_dags/example_latest_only_with_trigger.py
[2026-02-02T14:30:02.315+0000] {processor.py:830} INFO - Processing file /home/airflow/.local/lib/python3.8/site-packages/airflow/example_dags/example_latest_only_with_trigger.py for tasks to queue
[2026-02-02T14:30:02.317+0000] {logging_mixin.py:188} INFO - [2026-02-02T14:30:02.317+0000] {dagbag.py:538} INFO - Filling up the DagBag from /home/airflow/.local/lib/python3.8/site-packages/airflow/example_dags/example_latest_only_with_trigger.py
[2026-02-02T14:30:02.323+0000] {processor.py:840} INFO - DAG(s) 'latest_only_with_trigger' retrieved from /home/airflow/.local/lib/python3.8/site-packages/airflow/example_dags/example_latest_only_with_trigger.py
[2026-02-02T14:30:02.341+0000] {logging_mixin.py:188} INFO - [2026-02-02T14:30:02.341+0000] {dag.py:3036} INFO - Sync 1 DAGs
[2026-02-02T14:30:02.357+0000] {logging_mixin.py:188} INFO - [2026-02-02T14:30:02.357+0000] {dag.py:3823} INFO - Setting next_dagrun for latest_only_with_trigger to 2026-02-02 08:00:00+00:00, run_after=2026-02-02 12:00:00+00:00
[2026-02-02T14:30:02.371+0000] {processor.py:183} INFO - Processing /home/airflow/.local/lib/python3.8/site-packages/airflow/example_dags/example_latest_only_with_trigger.py took 0.061 seconds
[2026-02-02T14:30:33.219+0000] {processor.py:161} INFO - Started process (PID=1183) to work on /home/airflow/.local/lib/python3.8/site-packages/airflow/example_dags/example_latest_only_with_trigger.py
[2026-02-02T14:30:33.224+0000] {processor.py:830} INFO - Processing file /home/airflow/.local/lib/python3.8/site-packages/airflow/example_dags/example_latest_only_with_trigger.py for tasks to queue
[2026-02-02T14:30:33.228+0000] {logging_mixin.py:188} INFO - [2026-02-02T14:30:33.228+0000] {dagbag.py:538} INFO - Filling up the DagBag from /home/airflow/.local/lib/python3.8/site-packages/airflow/example_dags/example_latest_only_with_trigger.py
[2026-02-02T14:30:33.249+0000] {processor.py:840} INFO - DAG(s) 'latest_only_with_trigger' retrieved from /home/airflow/.local/lib/python3.8/site-packages/airflow/example_dags/example_latest_only_with_trigger.py
[2026-02-02T14:30:33.290+0000] {logging_mixin.py:188} INFO - [2026-02-02T14:30:33.290+0000] {dag.py:3036} INFO - Sync 1 DAGs
[2026-02-02T14:30:33.315+0000] {logging_mixin.py:188} INFO - [2026-02-02T14:30:33.315+0000] {dag.py:3823} INFO - Setting next_dagrun for latest_only_with_trigger to 2026-02-02 08:00:00+00:00, run_after=2026-02-02 12:00:00+00:00
[2026-02-02T14:30:33.333+0000] {processor.py:183} INFO - Processing /home/airflow/.local/lib/python3.8/site-packages/airflow/example_dags/example_latest_only_with_trigger.py took 0.126 seconds
[2026-02-02T14:31:03.397+0000] {processor.py:161} INFO - Started process (PID=1238) to work on /home/airflow/.local/lib/python3.8/site-packages/airflow/example_dags/example_latest_only_with_trigger.py
[2026-02-02T14:31:03.397+0000] {processor.py:830} INFO - Processing file /home/airflow/.local/lib/python3.8/site-packages/airflow/example_dags/example_latest_only_with_trigger.py for tasks to queue
[2026-02-02T14:31:03.399+0000] {logging_mixin.py:188} INFO - [2026-02-02T14:31:03.398+0000] {dagbag.py:538} INFO - Filling up the DagBag from /home/airflow/.local/lib/python3.8/site-packages/airflow/example_dags/example_latest_only_with_trigger.py
[2026-02-02T14:31:03.403+0000] {processor.py:840} INFO - DAG(s) 'latest_only_with_trigger' retrieved from /home/airflow/.local/lib/python3.8/site-packages/airflow/example_dags/example_latest_only_with_trigger.py
[2026-02-02T14:31:03.419+0000] {logging_mixin.py:188} INFO - [2026-02-02T14:31:03.419+0000] {dag.py:3036} INFO - Sync 1 DAGs
[2026-02-02T14:31:03.436+0000] {logging_mixin.py:188} INFO - [2026-02-02T14:31:03.436+0000] {dag.py:3823} INFO - Setting next_dagrun for latest_only_with_trigger to 2026-02-02 08:00:00+00:00, run_after=2026-02-02 12:00:00+00:00
[2026-02-02T14:31:03.449+0000] {processor.py:183} INFO - Processing /home/airflow/.local/lib/python3.8/site-packages/airflow/example_dags/example_latest_only_with_trigger.py took 0.055 seconds
[2026-02-02T14:31:34.668+0000] {processor.py:161} INFO - Started process (PID=1291) to work on /home/airflow/.local/lib/python3.8/site-packages/airflow/example_dags/example_latest_only_with_trigger.py
[2026-02-02T14:31:34.669+0000] {processor.py:830} INFO - Processing file /home/airflow/.local/lib/python3.8/site-packages/airflow/example_dags/example_latest_only_with_trigger.py for tasks to queue
[2026-02-02T14:31:34.671+0000] {logging_mixin.py:188} INFO - [2026-02-02T14:31:34.671+0000] {dagbag.py:538} INFO - Filling up the DagBag from /home/airflow/.local/lib/python3.8/site-packages/airflow/example_dags/example_latest_only_with_trigger.py
[2026-02-02T14:31:34.678+0000] {processor.py:840} INFO - DAG(s) 'latest_only_with_trigger' retrieved from /home/airflow/.local/lib/python3.8/site-packages/airflow/example_dags/example_latest_only_with_trigger.py
[2026-02-02T14:31:34.701+0000] {logging_mixin.py:188} INFO - [2026-02-02T14:31:34.701+0000] {dag.py:3036} INFO - Sync 1 DAGs
[2026-02-02T14:31:34.726+0000] {logging_mixin.py:188} INFO - [2026-02-02T14:31:34.726+0000] {dag.py:3823} INFO - Setting next_dagrun for latest_only_with_trigger to 2026-02-02 08:00:00+00:00, run_after=2026-02-02 12:00:00+00:00
[2026-02-02T14:31:34.743+0000] {processor.py:183} INFO - Processing /home/airflow/.local/lib/python3.8/site-packages/airflow/example_dags/example_latest_only_with_trigger.py took 0.079 seconds
[2026-02-02T14:32:05.988+0000] {processor.py:161} INFO - Started process (PID=1346) to work on /home/airflow/.local/lib/python3.8/site-packages/airflow/example_dags/example_latest_only_with_trigger.py
[2026-02-02T14:32:05.991+0000] {processor.py:830} INFO - Processing file /home/airflow/.local/lib/python3.8/site-packages/airflow/example_dags/example_latest_only_with_trigger.py for tasks to queue
[2026-02-02T14:32:05.996+0000] {logging_mixin.py:188} INFO - [2026-02-02T14:32:05.994+0000] {dagbag.py:538} INFO - Filling up the DagBag from /home/airflow/.local/lib/python3.8/site-packages/airflow/example_dags/example_latest_only_with_trigger.py
[2026-02-02T14:32:06.008+0000] {processor.py:840} INFO - DAG(s) 'latest_only_with_trigger' retrieved from /home/airflow/.local/lib/python3.8/site-packages/airflow/example_dags/example_latest_only_with_trigger.py
[2026-02-02T14:32:06.032+0000] {logging_mixin.py:188} INFO - [2026-02-02T14:32:06.032+0000] {dag.py:3036} INFO - Sync 1 DAGs
[2026-02-02T14:32:06.059+0000] {logging_mixin.py:188} INFO - [2026-02-02T14:32:06.059+0000] {dag.py:3823} INFO - Setting next_dagrun for latest_only_with_trigger to 2026-02-02 08:00:00+00:00, run_after=2026-02-02 12:00:00+00:00
[2026-02-02T14:32:06.078+0000] {processor.py:183} INFO - Processing /home/airflow/.local/lib/python3.8/site-packages/airflow/example_dags/example_latest_only_with_trigger.py took 0.097 seconds
[2026-02-02T14:32:36.645+0000] {processor.py:161} INFO - Started process (PID=1401) to work on /home/airflow/.local/lib/python3.8/site-packages/airflow/example_dags/example_latest_only_with_trigger.py
[2026-02-02T14:32:36.646+0000] {processor.py:830} INFO - Processing file /home/airflow/.local/lib/python3.8/site-packages/airflow/example_dags/example_latest_only_with_trigger.py for tasks to queue
[2026-02-02T14:32:36.648+0000] {logging_mixin.py:188} INFO - [2026-02-02T14:32:36.648+0000] {dagbag.py:538} INFO - Filling up the DagBag from /home/airflow/.local/lib/python3.8/site-packages/airflow/example_dags/example_latest_only_with_trigger.py
[2026-02-02T14:32:36.654+0000] {processor.py:840} INFO - DAG(s) 'latest_only_with_trigger' retrieved from /home/airflow/.local/lib/python3.8/site-packages/airflow/example_dags/example_latest_only_with_trigger.py
[2026-02-02T14:32:36.675+0000] {logging_mixin.py:188} INFO - [2026-02-02T14:32:36.675+0000] {dag.py:3036} INFO - Sync 1 DAGs
[2026-02-02T14:32:36.701+0000] {logging_mixin.py:188} INFO - [2026-02-02T14:32:36.700+0000] {dag.py:3823} INFO - Setting next_dagrun for latest_only_with_trigger to 2026-02-02 08:00:00+00:00, run_after=2026-02-02 12:00:00+00:00
[2026-02-02T14:32:36.719+0000] {processor.py:183} INFO - Processing /home/airflow/.local/lib/python3.8/site-packages/airflow/example_dags/example_latest_only_with_trigger.py took 0.078 seconds
[2026-02-02T14:33:07.131+0000] {processor.py:161} INFO - Started process (PID=1456) to work on /home/airflow/.local/lib/python3.8/site-packages/airflow/example_dags/example_latest_only_with_trigger.py
[2026-02-02T14:33:07.133+0000] {processor.py:830} INFO - Processing file /home/airflow/.local/lib/python3.8/site-packages/airflow/example_dags/example_latest_only_with_trigger.py for tasks to queue
[2026-02-02T14:33:07.135+0000] {logging_mixin.py:188} INFO - [2026-02-02T14:33:07.135+0000] {dagbag.py:538} INFO - Filling up the DagBag from /home/airflow/.local/lib/python3.8/site-packages/airflow/example_dags/example_latest_only_with_trigger.py
[2026-02-02T14:33:07.141+0000] {processor.py:840} INFO - DAG(s) 'latest_only_with_trigger' retrieved from /home/airflow/.local/lib/python3.8/site-packages/airflow/example_dags/example_latest_only_with_trigger.py
[2026-02-02T14:33:07.165+0000] {logging_mixin.py:188} INFO - [2026-02-02T14:33:07.165+0000] {dag.py:3036} INFO - Sync 1 DAGs
[2026-02-02T14:33:07.190+0000] {logging_mixin.py:188} INFO - [2026-02-02T14:33:07.190+0000] {dag.py:3823} INFO - Setting next_dagrun for latest_only_with_trigger to 2026-02-02 08:00:00+00:00, run_after=2026-02-02 12:00:00+00:00
[2026-02-02T14:33:07.210+0000] {processor.py:183} INFO - Processing /home/airflow/.local/lib/python3.8/site-packages/airflow/example_dags/example_latest_only_with_trigger.py took 0.082 seconds
[2026-02-02T14:33:37.530+0000] {processor.py:161} INFO - Started process (PID=1511) to work on /home/airflow/.local/lib/python3.8/site-packages/airflow/example_dags/example_latest_only_with_trigger.py
[2026-02-02T14:33:37.531+0000] {processor.py:830} INFO - Processing file /home/airflow/.local/lib/python3.8/site-packages/airflow/example_dags/example_latest_only_with_trigger.py for tasks to queue
[2026-02-02T14:33:37.533+0000] {logging_mixin.py:188} INFO - [2026-02-02T14:33:37.533+0000] {dagbag.py:538} INFO - Filling up the DagBag from /home/airflow/.local/lib/python3.8/site-packages/airflow/example_dags/example_latest_only_with_trigger.py
[2026-02-02T14:33:37.540+0000] {processor.py:840} INFO - DAG(s) 'latest_only_with_trigger' retrieved from /home/airflow/.local/lib/python3.8/site-packages/airflow/example_dags/example_latest_only_with_trigger.py
[2026-02-02T14:33:37.563+0000] {logging_mixin.py:188} INFO - [2026-02-02T14:33:37.563+0000] {dag.py:3036} INFO - Sync 1 DAGs
[2026-02-02T14:33:37.589+0000] {logging_mixin.py:188} INFO - [2026-02-02T14:33:37.588+0000] {dag.py:3823} INFO - Setting next_dagrun for latest_only_with_trigger to 2026-02-02 08:00:00+00:00, run_after=2026-02-02 12:00:00+00:00
[2026-02-02T14:33:37.607+0000] {processor.py:183} INFO - Processing /home/airflow/.local/lib/python3.8/site-packages/airflow/example_dags/example_latest_only_with_trigger.py took 0.080 seconds
[2026-02-02T14:34:08.536+0000] {processor.py:161} INFO - Started process (PID=1566) to work on /home/airflow/.local/lib/python3.8/site-packages/airflow/example_dags/example_latest_only_with_trigger.py
[2026-02-02T14:34:08.537+0000] {processor.py:830} INFO - Processing file /home/airflow/.local/lib/python3.8/site-packages/airflow/example_dags/example_latest_only_with_trigger.py for tasks to queue
[2026-02-02T14:34:08.538+0000] {logging_mixin.py:188} INFO - [2026-02-02T14:34:08.538+0000] {dagbag.py:538} INFO - Filling up the DagBag from /home/airflow/.local/lib/python3.8/site-packages/airflow/example_dags/example_latest_only_with_trigger.py
[2026-02-02T14:34:08.542+0000] {processor.py:840} INFO - DAG(s) 'latest_only_with_trigger' retrieved from /home/airflow/.local/lib/python3.8/site-packages/airflow/example_dags/example_latest_only_with_trigger.py
[2026-02-02T14:34:08.558+0000] {logging_mixin.py:188} INFO - [2026-02-02T14:34:08.558+0000] {dag.py:3036} INFO - Sync 1 DAGs
[2026-02-02T14:34:08.576+0000] {logging_mixin.py:188} INFO - [2026-02-02T14:34:08.576+0000] {dag.py:3823} INFO - Setting next_dagrun for latest_only_with_trigger to 2026-02-02 08:00:00+00:00, run_after=2026-02-02 12:00:00+00:00
[2026-02-02T14:34:08.590+0000] {processor.py:183} INFO - Processing /home/airflow/.local/lib/python3.8/site-packages/airflow/example_dags/example_latest_only_with_trigger.py took 0.057 seconds
[2026-02-02T14:34:39.302+0000] {processor.py:161} INFO - Started process (PID=1621) to work on /home/airflow/.local/lib/python3.8/site-packages/airflow/example_dags/example_latest_only_with_trigger.py
[2026-02-02T14:34:39.303+0000] {processor.py:830} INFO - Processing file /home/airflow/.local/lib/python3.8/site-packages/airflow/example_dags/example_latest_only_with_trigger.py for tasks to queue
[2026-02-02T14:34:39.305+0000] {logging_mixin.py:188} INFO - [2026-02-02T14:34:39.304+0000] {dagbag.py:538} INFO - Filling up the DagBag from /home/airflow/.local/lib/python3.8/site-packages/airflow/example_dags/example_latest_only_with_trigger.py
[2026-02-02T14:34:39.311+0000] {processor.py:840} INFO - DAG(s) 'latest_only_with_trigger' retrieved from /home/airflow/.local/lib/python3.8/site-packages/airflow/example_dags/example_latest_only_with_trigger.py
[2026-02-02T14:34:39.332+0000] {logging_mixin.py:188} INFO - [2026-02-02T14:34:39.332+0000] {dag.py:3036} INFO - Sync 1 DAGs
[2026-02-02T14:34:39.358+0000] {logging_mixin.py:188} INFO - [2026-02-02T14:34:39.358+0000] {dag.py:3823} INFO - Setting next_dagrun for latest_only_with_trigger to 2026-02-02 08:00:00+00:00, run_after=2026-02-02 12:00:00+00:00
[2026-02-02T14:34:39.377+0000] {processor.py:183} INFO - Processing /home/airflow/.local/lib/python3.8/site-packages/airflow/example_dags/example_latest_only_with_trigger.py took 0.079 seconds
[2026-02-02T14:35:10.461+0000] {processor.py:161} INFO - Started process (PID=1676) to work on /home/airflow/.local/lib/python3.8/site-packages/airflow/example_dags/example_latest_only_with_trigger.py
[2026-02-02T14:35:10.462+0000] {processor.py:830} INFO - Processing file /home/airflow/.local/lib/python3.8/site-packages/airflow/example_dags/example_latest_only_with_trigger.py for tasks to queue
[2026-02-02T14:35:10.464+0000] {logging_mixin.py:188} INFO - [2026-02-02T14:35:10.464+0000] {dagbag.py:538} INFO - Filling up the DagBag from /home/airflow/.local/lib/python3.8/site-packages/airflow/example_dags/example_latest_only_with_trigger.py
[2026-02-02T14:35:10.470+0000] {processor.py:840} INFO - DAG(s) 'latest_only_with_trigger' retrieved from /home/airflow/.local/lib/python3.8/site-packages/airflow/example_dags/example_latest_only_with_trigger.py
[2026-02-02T14:35:10.494+0000] {logging_mixin.py:188} INFO - [2026-02-02T14:35:10.494+0000] {dag.py:3036} INFO - Sync 1 DAGs
[2026-02-02T14:35:10.517+0000] {logging_mixin.py:188} INFO - [2026-02-02T14:35:10.517+0000] {dag.py:3823} INFO - Setting next_dagrun for latest_only_with_trigger to 2026-02-02 08:00:00+00:00, run_after=2026-02-02 12:00:00+00:00
[2026-02-02T14:35:10.550+0000] {processor.py:183} INFO - Processing /home/airflow/.local/lib/python3.8/site-packages/airflow/example_dags/example_latest_only_with_trigger.py took 0.092 seconds
[2026-02-02T14:35:40.747+0000] {processor.py:161} INFO - Started process (PID=1731) to work on /home/airflow/.local/lib/python3.8/site-packages/airflow/example_dags/example_latest_only_with_trigger.py
[2026-02-02T14:35:40.747+0000] {processor.py:830} INFO - Processing file /home/airflow/.local/lib/python3.8/site-packages/airflow/example_dags/example_latest_only_with_trigger.py for tasks to queue
[2026-02-02T14:35:40.749+0000] {logging_mixin.py:188} INFO - [2026-02-02T14:35:40.749+0000] {dagbag.py:538} INFO - Filling up the DagBag from /home/airflow/.local/lib/python3.8/site-packages/airflow/example_dags/example_latest_only_with_trigger.py
[2026-02-02T14:35:40.755+0000] {processor.py:840} INFO - DAG(s) 'latest_only_with_trigger' retrieved from /home/airflow/.local/lib/python3.8/site-packages/airflow/example_dags/example_latest_only_with_trigger.py
[2026-02-02T14:35:40.779+0000] {logging_mixin.py:188} INFO - [2026-02-02T14:35:40.779+0000] {dag.py:3036} INFO - Sync 1 DAGs
[2026-02-02T14:35:40.803+0000] {logging_mixin.py:188} INFO - [2026-02-02T14:35:40.803+0000] {dag.py:3823} INFO - Setting next_dagrun for latest_only_with_trigger to 2026-02-02 08:00:00+00:00, run_after=2026-02-02 12:00:00+00:00
[2026-02-02T14:35:40.821+0000] {processor.py:183} INFO - Processing /home/airflow/.local/lib/python3.8/site-packages/airflow/example_dags/example_latest_only_with_trigger.py took 0.078 seconds
[2026-02-02T14:36:11.817+0000] {processor.py:161} INFO - Started process (PID=1786) to work on /home/airflow/.local/lib/python3.8/site-packages/airflow/example_dags/example_latest_only_with_trigger.py
[2026-02-02T14:36:11.818+0000] {processor.py:830} INFO - Processing file /home/airflow/.local/lib/python3.8/site-packages/airflow/example_dags/example_latest_only_with_trigger.py for tasks to queue
[2026-02-02T14:36:11.820+0000] {logging_mixin.py:188} INFO - [2026-02-02T14:36:11.820+0000] {dagbag.py:538} INFO - Filling up the DagBag from /home/airflow/.local/lib/python3.8/site-packages/airflow/example_dags/example_latest_only_with_trigger.py
[2026-02-02T14:36:11.828+0000] {processor.py:840} INFO - DAG(s) 'latest_only_with_trigger' retrieved from /home/airflow/.local/lib/python3.8/site-packages/airflow/example_dags/example_latest_only_with_trigger.py
[2026-02-02T14:36:11.850+0000] {logging_mixin.py:188} INFO - [2026-02-02T14:36:11.849+0000] {dag.py:3036} INFO - Sync 1 DAGs
[2026-02-02T14:36:11.872+0000] {logging_mixin.py:188} INFO - [2026-02-02T14:36:11.872+0000] {dag.py:3823} INFO - Setting next_dagrun for latest_only_with_trigger to 2026-02-02 08:00:00+00:00, run_after=2026-02-02 12:00:00+00:00
[2026-02-02T14:36:11.888+0000] {processor.py:183} INFO - Processing /home/airflow/.local/lib/python3.8/site-packages/airflow/example_dags/example_latest_only_with_trigger.py took 0.074 seconds
[2026-02-02T14:36:42.227+0000] {processor.py:161} INFO - Started process (PID=1841) to work on /home/airflow/.local/lib/python3.8/site-packages/airflow/example_dags/example_latest_only_with_trigger.py
[2026-02-02T14:36:42.228+0000] {processor.py:830} INFO - Processing file /home/airflow/.local/lib/python3.8/site-packages/airflow/example_dags/example_latest_only_with_trigger.py for tasks to queue
[2026-02-02T14:36:42.230+0000] {logging_mixin.py:188} INFO - [2026-02-02T14:36:42.229+0000] {dagbag.py:538} INFO - Filling up the DagBag from /home/airflow/.local/lib/python3.8/site-packages/airflow/example_dags/example_latest_only_with_trigger.py
[2026-02-02T14:36:42.239+0000] {processor.py:840} INFO - DAG(s) 'latest_only_with_trigger' retrieved from /home/airflow/.local/lib/python3.8/site-packages/airflow/example_dags/example_latest_only_with_trigger.py
[2026-02-02T14:36:42.276+0000] {logging_mixin.py:188} INFO - [2026-02-02T14:36:42.276+0000] {dag.py:3036} INFO - Sync 1 DAGs
[2026-02-02T14:36:42.299+0000] {logging_mixin.py:188} INFO - [2026-02-02T14:36:42.299+0000] {dag.py:3823} INFO - Setting next_dagrun for latest_only_with_trigger to 2026-02-02 08:00:00+00:00, run_after=2026-02-02 12:00:00+00:00
[2026-02-02T14:36:42.320+0000] {processor.py:183} INFO - Processing /home/airflow/.local/lib/python3.8/site-packages/airflow/example_dags/example_latest_only_with_trigger.py took 0.098 seconds
[2026-02-02T14:37:12.624+0000] {processor.py:161} INFO - Started process (PID=1896) to work on /home/airflow/.local/lib/python3.8/site-packages/airflow/example_dags/example_latest_only_with_trigger.py
[2026-02-02T14:37:12.625+0000] {processor.py:830} INFO - Processing file /home/airflow/.local/lib/python3.8/site-packages/airflow/example_dags/example_latest_only_with_trigger.py for tasks to queue
[2026-02-02T14:37:12.627+0000] {logging_mixin.py:188} INFO - [2026-02-02T14:37:12.627+0000] {dagbag.py:538} INFO - Filling up the DagBag from /home/airflow/.local/lib/python3.8/site-packages/airflow/example_dags/example_latest_only_with_trigger.py
[2026-02-02T14:37:12.633+0000] {processor.py:840} INFO - DAG(s) 'latest_only_with_trigger' retrieved from /home/airflow/.local/lib/python3.8/site-packages/airflow/example_dags/example_latest_only_with_trigger.py
[2026-02-02T14:37:12.655+0000] {logging_mixin.py:188} INFO - [2026-02-02T14:37:12.655+0000] {dag.py:3036} INFO - Sync 1 DAGs
[2026-02-02T14:37:12.681+0000] {logging_mixin.py:188} INFO - [2026-02-02T14:37:12.681+0000] {dag.py:3823} INFO - Setting next_dagrun for latest_only_with_trigger to 2026-02-02 08:00:00+00:00, run_after=2026-02-02 12:00:00+00:00
[2026-02-02T14:37:12.700+0000] {processor.py:183} INFO - Processing /home/airflow/.local/lib/python3.8/site-packages/airflow/example_dags/example_latest_only_with_trigger.py took 0.079 seconds
[2026-02-02T14:37:42.763+0000] {processor.py:161} INFO - Started process (PID=1951) to work on /home/airflow/.local/lib/python3.8/site-packages/airflow/example_dags/example_latest_only_with_trigger.py
[2026-02-02T14:37:42.764+0000] {processor.py:830} INFO - Processing file /home/airflow/.local/lib/python3.8/site-packages/airflow/example_dags/example_latest_only_with_trigger.py for tasks to queue
[2026-02-02T14:37:42.767+0000] {logging_mixin.py:188} INFO - [2026-02-02T14:37:42.766+0000] {dagbag.py:538} INFO - Filling up the DagBag from /home/airflow/.local/lib/python3.8/site-packages/airflow/example_dags/example_latest_only_with_trigger.py
[2026-02-02T14:37:42.777+0000] {processor.py:840} INFO - DAG(s) 'latest_only_with_trigger' retrieved from /home/airflow/.local/lib/python3.8/site-packages/airflow/example_dags/example_latest_only_with_trigger.py
[2026-02-02T14:37:42.800+0000] {logging_mixin.py:188} INFO - [2026-02-02T14:37:42.799+0000] {dag.py:3036} INFO - Sync 1 DAGs
[2026-02-02T14:37:42.824+0000] {logging_mixin.py:188} INFO - [2026-02-02T14:37:42.824+0000] {dag.py:3823} INFO - Setting next_dagrun for latest_only_with_trigger to 2026-02-02 08:00:00+00:00, run_after=2026-02-02 12:00:00+00:00
[2026-02-02T14:37:42.843+0000] {processor.py:183} INFO - Processing /home/airflow/.local/lib/python3.8/site-packages/airflow/example_dags/example_latest_only_with_trigger.py took 0.083 seconds
[2026-02-02T14:38:13.118+0000] {processor.py:161} INFO - Started process (PID=2005) to work on /home/airflow/.local/lib/python3.8/site-packages/airflow/example_dags/example_latest_only_with_trigger.py
[2026-02-02T14:38:13.120+0000] {processor.py:830} INFO - Processing file /home/airflow/.local/lib/python3.8/site-packages/airflow/example_dags/example_latest_only_with_trigger.py for tasks to queue
[2026-02-02T14:38:13.125+0000] {logging_mixin.py:188} INFO - [2026-02-02T14:38:13.125+0000] {dagbag.py:538} INFO - Filling up the DagBag from /home/airflow/.local/lib/python3.8/site-packages/airflow/example_dags/example_latest_only_with_trigger.py
[2026-02-02T14:38:13.138+0000] {processor.py:840} INFO - DAG(s) 'latest_only_with_trigger' retrieved from /home/airflow/.local/lib/python3.8/site-packages/airflow/example_dags/example_latest_only_with_trigger.py
[2026-02-02T14:38:13.187+0000] {logging_mixin.py:188} INFO - [2026-02-02T14:38:13.187+0000] {dag.py:3036} INFO - Sync 1 DAGs
[2026-02-02T14:38:13.228+0000] {logging_mixin.py:188} INFO - [2026-02-02T14:38:13.228+0000] {dag.py:3823} INFO - Setting next_dagrun for latest_only_with_trigger to 2026-02-02 08:00:00+00:00, run_after=2026-02-02 12:00:00+00:00
[2026-02-02T14:38:13.253+0000] {processor.py:183} INFO - Processing /home/airflow/.local/lib/python3.8/site-packages/airflow/example_dags/example_latest_only_with_trigger.py took 0.138 seconds
[2026-02-02T14:38:44.159+0000] {processor.py:161} INFO - Started process (PID=2060) to work on /home/airflow/.local/lib/python3.8/site-packages/airflow/example_dags/example_latest_only_with_trigger.py
[2026-02-02T14:38:44.160+0000] {processor.py:830} INFO - Processing file /home/airflow/.local/lib/python3.8/site-packages/airflow/example_dags/example_latest_only_with_trigger.py for tasks to queue
[2026-02-02T14:38:44.162+0000] {logging_mixin.py:188} INFO - [2026-02-02T14:38:44.162+0000] {dagbag.py:538} INFO - Filling up the DagBag from /home/airflow/.local/lib/python3.8/site-packages/airflow/example_dags/example_latest_only_with_trigger.py
[2026-02-02T14:38:44.168+0000] {processor.py:840} INFO - DAG(s) 'latest_only_with_trigger' retrieved from /home/airflow/.local/lib/python3.8/site-packages/airflow/example_dags/example_latest_only_with_trigger.py
[2026-02-02T14:38:44.191+0000] {logging_mixin.py:188} INFO - [2026-02-02T14:38:44.191+0000] {dag.py:3036} INFO - Sync 1 DAGs
[2026-02-02T14:38:44.216+0000] {logging_mixin.py:188} INFO - [2026-02-02T14:38:44.216+0000] {dag.py:3823} INFO - Setting next_dagrun for latest_only_with_trigger to 2026-02-02 08:00:00+00:00, run_after=2026-02-02 12:00:00+00:00
[2026-02-02T14:38:44.256+0000] {processor.py:183} INFO - Processing /home/airflow/.local/lib/python3.8/site-packages/airflow/example_dags/example_latest_only_with_trigger.py took 0.100 seconds
[2026-02-02T14:39:14.934+0000] {processor.py:161} INFO - Started process (PID=2115) to work on /home/airflow/.local/lib/python3.8/site-packages/airflow/example_dags/example_latest_only_with_trigger.py
[2026-02-02T14:39:14.935+0000] {processor.py:830} INFO - Processing file /home/airflow/.local/lib/python3.8/site-packages/airflow/example_dags/example_latest_only_with_trigger.py for tasks to queue
[2026-02-02T14:39:14.937+0000] {logging_mixin.py:188} INFO - [2026-02-02T14:39:14.936+0000] {dagbag.py:538} INFO - Filling up the DagBag from /home/airflow/.local/lib/python3.8/site-packages/airflow/example_dags/example_latest_only_with_trigger.py
[2026-02-02T14:39:14.943+0000] {processor.py:840} INFO - DAG(s) 'latest_only_with_trigger' retrieved from /home/airflow/.local/lib/python3.8/site-packages/airflow/example_dags/example_latest_only_with_trigger.py
[2026-02-02T14:39:14.967+0000] {logging_mixin.py:188} INFO - [2026-02-02T14:39:14.967+0000] {dag.py:3036} INFO - Sync 1 DAGs
[2026-02-02T14:39:14.990+0000] {logging_mixin.py:188} INFO - [2026-02-02T14:39:14.990+0000] {dag.py:3823} INFO - Setting next_dagrun for latest_only_with_trigger to 2026-02-02 08:00:00+00:00, run_after=2026-02-02 12:00:00+00:00
[2026-02-02T14:39:15.008+0000] {processor.py:183} INFO - Processing /home/airflow/.local/lib/python3.8/site-packages/airflow/example_dags/example_latest_only_with_trigger.py took 0.077 seconds
[2026-02-02T14:39:45.068+0000] {processor.py:161} INFO - Started process (PID=2169) to work on /home/airflow/.local/lib/python3.8/site-packages/airflow/example_dags/example_latest_only_with_trigger.py
[2026-02-02T14:39:45.071+0000] {processor.py:830} INFO - Processing file /home/airflow/.local/lib/python3.8/site-packages/airflow/example_dags/example_latest_only_with_trigger.py for tasks to queue
[2026-02-02T14:39:45.073+0000] {logging_mixin.py:188} INFO - [2026-02-02T14:39:45.073+0000] {dagbag.py:538} INFO - Filling up the DagBag from /home/airflow/.local/lib/python3.8/site-packages/airflow/example_dags/example_latest_only_with_trigger.py
[2026-02-02T14:39:45.080+0000] {processor.py:840} INFO - DAG(s) 'latest_only_with_trigger' retrieved from /home/airflow/.local/lib/python3.8/site-packages/airflow/example_dags/example_latest_only_with_trigger.py
[2026-02-02T14:39:45.103+0000] {logging_mixin.py:188} INFO - [2026-02-02T14:39:45.103+0000] {dag.py:3036} INFO - Sync 1 DAGs
[2026-02-02T14:39:45.128+0000] {logging_mixin.py:188} INFO - [2026-02-02T14:39:45.128+0000] {dag.py:3823} INFO - Setting next_dagrun for latest_only_with_trigger to 2026-02-02 08:00:00+00:00, run_after=2026-02-02 12:00:00+00:00
[2026-02-02T14:39:45.146+0000] {processor.py:183} INFO - Processing /home/airflow/.local/lib/python3.8/site-packages/airflow/example_dags/example_latest_only_with_trigger.py took 0.083 seconds
[2026-02-02T14:40:15.279+0000] {processor.py:161} INFO - Started process (PID=2223) to work on /home/airflow/.local/lib/python3.8/site-packages/airflow/example_dags/example_latest_only_with_trigger.py
[2026-02-02T14:40:15.280+0000] {processor.py:830} INFO - Processing file /home/airflow/.local/lib/python3.8/site-packages/airflow/example_dags/example_latest_only_with_trigger.py for tasks to queue
[2026-02-02T14:40:15.281+0000] {logging_mixin.py:188} INFO - [2026-02-02T14:40:15.281+0000] {dagbag.py:538} INFO - Filling up the DagBag from /home/airflow/.local/lib/python3.8/site-packages/airflow/example_dags/example_latest_only_with_trigger.py
[2026-02-02T14:40:15.286+0000] {processor.py:840} INFO - DAG(s) 'latest_only_with_trigger' retrieved from /home/airflow/.local/lib/python3.8/site-packages/airflow/example_dags/example_latest_only_with_trigger.py
[2026-02-02T14:40:15.302+0000] {logging_mixin.py:188} INFO - [2026-02-02T14:40:15.302+0000] {dag.py:3036} INFO - Sync 1 DAGs
[2026-02-02T14:40:15.319+0000] {logging_mixin.py:188} INFO - [2026-02-02T14:40:15.319+0000] {dag.py:3823} INFO - Setting next_dagrun for latest_only_with_trigger to 2026-02-02 08:00:00+00:00, run_after=2026-02-02 12:00:00+00:00
[2026-02-02T14:40:15.333+0000] {processor.py:183} INFO - Processing /home/airflow/.local/lib/python3.8/site-packages/airflow/example_dags/example_latest_only_with_trigger.py took 0.057 seconds
[2026-02-02T14:40:45.620+0000] {processor.py:161} INFO - Started process (PID=2278) to work on /home/airflow/.local/lib/python3.8/site-packages/airflow/example_dags/example_latest_only_with_trigger.py
[2026-02-02T14:40:45.621+0000] {processor.py:830} INFO - Processing file /home/airflow/.local/lib/python3.8/site-packages/airflow/example_dags/example_latest_only_with_trigger.py for tasks to queue
[2026-02-02T14:40:45.626+0000] {logging_mixin.py:188} INFO - [2026-02-02T14:40:45.626+0000] {dagbag.py:538} INFO - Filling up the DagBag from /home/airflow/.local/lib/python3.8/site-packages/airflow/example_dags/example_latest_only_with_trigger.py
[2026-02-02T14:40:45.637+0000] {processor.py:840} INFO - DAG(s) 'latest_only_with_trigger' retrieved from /home/airflow/.local/lib/python3.8/site-packages/airflow/example_dags/example_latest_only_with_trigger.py
[2026-02-02T14:40:45.662+0000] {logging_mixin.py:188} INFO - [2026-02-02T14:40:45.662+0000] {dag.py:3036} INFO - Sync 1 DAGs
[2026-02-02T14:40:45.687+0000] {logging_mixin.py:188} INFO - [2026-02-02T14:40:45.687+0000] {dag.py:3823} INFO - Setting next_dagrun for latest_only_with_trigger to 2026-02-02 08:00:00+00:00, run_after=2026-02-02 12:00:00+00:00
[2026-02-02T14:40:45.727+0000] {processor.py:183} INFO - Processing /home/airflow/.local/lib/python3.8/site-packages/airflow/example_dags/example_latest_only_with_trigger.py took 0.115 seconds
[2026-02-02T14:41:16.620+0000] {processor.py:161} INFO - Started process (PID=2334) to work on /home/airflow/.local/lib/python3.8/site-packages/airflow/example_dags/example_latest_only_with_trigger.py
[2026-02-02T14:41:16.621+0000] {processor.py:830} INFO - Processing file /home/airflow/.local/lib/python3.8/site-packages/airflow/example_dags/example_latest_only_with_trigger.py for tasks to queue
[2026-02-02T14:41:16.624+0000] {logging_mixin.py:188} INFO - [2026-02-02T14:41:16.622+0000] {dagbag.py:538} INFO - Filling up the DagBag from /home/airflow/.local/lib/python3.8/site-packages/airflow/example_dags/example_latest_only_with_trigger.py
[2026-02-02T14:41:16.630+0000] {processor.py:840} INFO - DAG(s) 'latest_only_with_trigger' retrieved from /home/airflow/.local/lib/python3.8/site-packages/airflow/example_dags/example_latest_only_with_trigger.py
[2026-02-02T14:41:16.675+0000] {logging_mixin.py:188} INFO - [2026-02-02T14:41:16.675+0000] {dag.py:3036} INFO - Sync 1 DAGs
[2026-02-02T14:41:16.712+0000] {logging_mixin.py:188} INFO - [2026-02-02T14:41:16.712+0000] {dag.py:3823} INFO - Setting next_dagrun for latest_only_with_trigger to 2026-02-02 08:00:00+00:00, run_after=2026-02-02 12:00:00+00:00
[2026-02-02T14:41:16.755+0000] {processor.py:183} INFO - Processing /home/airflow/.local/lib/python3.8/site-packages/airflow/example_dags/example_latest_only_with_trigger.py took 0.141 seconds
[2026-02-02T14:41:46.864+0000] {processor.py:161} INFO - Started process (PID=2389) to work on /home/airflow/.local/lib/python3.8/site-packages/airflow/example_dags/example_latest_only_with_trigger.py
[2026-02-02T14:41:46.864+0000] {processor.py:830} INFO - Processing file /home/airflow/.local/lib/python3.8/site-packages/airflow/example_dags/example_latest_only_with_trigger.py for tasks to queue
[2026-02-02T14:41:46.866+0000] {logging_mixin.py:188} INFO - [2026-02-02T14:41:46.866+0000] {dagbag.py:538} INFO - Filling up the DagBag from /home/airflow/.local/lib/python3.8/site-packages/airflow/example_dags/example_latest_only_with_trigger.py
[2026-02-02T14:41:46.872+0000] {processor.py:840} INFO - DAG(s) 'latest_only_with_trigger' retrieved from /home/airflow/.local/lib/python3.8/site-packages/airflow/example_dags/example_latest_only_with_trigger.py
[2026-02-02T14:41:46.896+0000] {logging_mixin.py:188} INFO - [2026-02-02T14:41:46.896+0000] {dag.py:3036} INFO - Sync 1 DAGs
[2026-02-02T14:41:46.921+0000] {logging_mixin.py:188} INFO - [2026-02-02T14:41:46.921+0000] {dag.py:3823} INFO - Setting next_dagrun for latest_only_with_trigger to 2026-02-02 08:00:00+00:00, run_after=2026-02-02 12:00:00+00:00
[2026-02-02T14:41:46.976+0000] {processor.py:183} INFO - Processing /home/airflow/.local/lib/python3.8/site-packages/airflow/example_dags/example_latest_only_with_trigger.py took 0.115 seconds
[2026-02-02T14:42:17.510+0000] {processor.py:161} INFO - Started process (PID=2444) to work on /home/airflow/.local/lib/python3.8/site-packages/airflow/example_dags/example_latest_only_with_trigger.py
[2026-02-02T14:42:17.511+0000] {processor.py:830} INFO - Processing file /home/airflow/.local/lib/python3.8/site-packages/airflow/example_dags/example_latest_only_with_trigger.py for tasks to queue
[2026-02-02T14:42:17.513+0000] {logging_mixin.py:188} INFO - [2026-02-02T14:42:17.512+0000] {dagbag.py:538} INFO - Filling up the DagBag from /home/airflow/.local/lib/python3.8/site-packages/airflow/example_dags/example_latest_only_with_trigger.py
[2026-02-02T14:42:17.519+0000] {processor.py:840} INFO - DAG(s) 'latest_only_with_trigger' retrieved from /home/airflow/.local/lib/python3.8/site-packages/airflow/example_dags/example_latest_only_with_trigger.py
[2026-02-02T14:42:17.545+0000] {logging_mixin.py:188} INFO - [2026-02-02T14:42:17.544+0000] {dag.py:3036} INFO - Sync 1 DAGs
[2026-02-02T14:42:17.570+0000] {logging_mixin.py:188} INFO - [2026-02-02T14:42:17.570+0000] {dag.py:3823} INFO - Setting next_dagrun for latest_only_with_trigger to 2026-02-02 08:00:00+00:00, run_after=2026-02-02 12:00:00+00:00
[2026-02-02T14:42:17.588+0000] {processor.py:183} INFO - Processing /home/airflow/.local/lib/python3.8/site-packages/airflow/example_dags/example_latest_only_with_trigger.py took 0.081 seconds
[2026-02-02T14:42:48.196+0000] {processor.py:161} INFO - Started process (PID=2499) to work on /home/airflow/.local/lib/python3.8/site-packages/airflow/example_dags/example_latest_only_with_trigger.py
[2026-02-02T14:42:48.197+0000] {processor.py:830} INFO - Processing file /home/airflow/.local/lib/python3.8/site-packages/airflow/example_dags/example_latest_only_with_trigger.py for tasks to queue
[2026-02-02T14:42:48.202+0000] {logging_mixin.py:188} INFO - [2026-02-02T14:42:48.198+0000] {dagbag.py:538} INFO - Filling up the DagBag from /home/airflow/.local/lib/python3.8/site-packages/airflow/example_dags/example_latest_only_with_trigger.py
[2026-02-02T14:42:48.216+0000] {processor.py:840} INFO - DAG(s) 'latest_only_with_trigger' retrieved from /home/airflow/.local/lib/python3.8/site-packages/airflow/example_dags/example_latest_only_with_trigger.py
[2026-02-02T14:42:48.250+0000] {logging_mixin.py:188} INFO - [2026-02-02T14:42:48.250+0000] {dag.py:3036} INFO - Sync 1 DAGs
[2026-02-02T14:42:48.276+0000] {logging_mixin.py:188} INFO - [2026-02-02T14:42:48.275+0000] {dag.py:3823} INFO - Setting next_dagrun for latest_only_with_trigger to 2026-02-02 08:00:00+00:00, run_after=2026-02-02 12:00:00+00:00
[2026-02-02T14:42:48.297+0000] {processor.py:183} INFO - Processing /home/airflow/.local/lib/python3.8/site-packages/airflow/example_dags/example_latest_only_with_trigger.py took 0.104 seconds
[2026-02-02T14:43:18.454+0000] {processor.py:161} INFO - Started process (PID=2553) to work on /home/airflow/.local/lib/python3.8/site-packages/airflow/example_dags/example_latest_only_with_trigger.py
[2026-02-02T14:43:18.455+0000] {processor.py:830} INFO - Processing file /home/airflow/.local/lib/python3.8/site-packages/airflow/example_dags/example_latest_only_with_trigger.py for tasks to queue
[2026-02-02T14:43:18.459+0000] {logging_mixin.py:188} INFO - [2026-02-02T14:43:18.459+0000] {dagbag.py:538} INFO - Filling up the DagBag from /home/airflow/.local/lib/python3.8/site-packages/airflow/example_dags/example_latest_only_with_trigger.py
[2026-02-02T14:43:18.469+0000] {processor.py:840} INFO - DAG(s) 'latest_only_with_trigger' retrieved from /home/airflow/.local/lib/python3.8/site-packages/airflow/example_dags/example_latest_only_with_trigger.py
[2026-02-02T14:43:18.503+0000] {logging_mixin.py:188} INFO - [2026-02-02T14:43:18.503+0000] {dag.py:3036} INFO - Sync 1 DAGs
[2026-02-02T14:43:18.528+0000] {logging_mixin.py:188} INFO - [2026-02-02T14:43:18.528+0000] {dag.py:3823} INFO - Setting next_dagrun for latest_only_with_trigger to 2026-02-02 08:00:00+00:00, run_after=2026-02-02 12:00:00+00:00
[2026-02-02T14:43:18.555+0000] {processor.py:183} INFO - Processing /home/airflow/.local/lib/python3.8/site-packages/airflow/example_dags/example_latest_only_with_trigger.py took 0.104 seconds
[2026-02-02T14:43:49.129+0000] {processor.py:161} INFO - Started process (PID=2608) to work on /home/airflow/.local/lib/python3.8/site-packages/airflow/example_dags/example_latest_only_with_trigger.py
[2026-02-02T14:43:49.130+0000] {processor.py:830} INFO - Processing file /home/airflow/.local/lib/python3.8/site-packages/airflow/example_dags/example_latest_only_with_trigger.py for tasks to queue
[2026-02-02T14:43:49.132+0000] {logging_mixin.py:188} INFO - [2026-02-02T14:43:49.131+0000] {dagbag.py:538} INFO - Filling up the DagBag from /home/airflow/.local/lib/python3.8/site-packages/airflow/example_dags/example_latest_only_with_trigger.py
[2026-02-02T14:43:49.138+0000] {processor.py:840} INFO - DAG(s) 'latest_only_with_trigger' retrieved from /home/airflow/.local/lib/python3.8/site-packages/airflow/example_dags/example_latest_only_with_trigger.py
[2026-02-02T14:43:49.164+0000] {logging_mixin.py:188} INFO - [2026-02-02T14:43:49.163+0000] {dag.py:3036} INFO - Sync 1 DAGs
[2026-02-02T14:43:49.189+0000] {logging_mixin.py:188} INFO - [2026-02-02T14:43:49.189+0000] {dag.py:3823} INFO - Setting next_dagrun for latest_only_with_trigger to 2026-02-02 08:00:00+00:00, run_after=2026-02-02 12:00:00+00:00
[2026-02-02T14:43:49.362+0000] {processor.py:183} INFO - Processing /home/airflow/.local/lib/python3.8/site-packages/airflow/example_dags/example_latest_only_with_trigger.py took 0.235 seconds
[2026-02-02T14:44:19.861+0000] {processor.py:161} INFO - Started process (PID=2663) to work on /home/airflow/.local/lib/python3.8/site-packages/airflow/example_dags/example_latest_only_with_trigger.py
[2026-02-02T14:44:19.862+0000] {processor.py:830} INFO - Processing file /home/airflow/.local/lib/python3.8/site-packages/airflow/example_dags/example_latest_only_with_trigger.py for tasks to queue
[2026-02-02T14:44:19.864+0000] {logging_mixin.py:188} INFO - [2026-02-02T14:44:19.864+0000] {dagbag.py:538} INFO - Filling up the DagBag from /home/airflow/.local/lib/python3.8/site-packages/airflow/example_dags/example_latest_only_with_trigger.py
[2026-02-02T14:44:19.871+0000] {processor.py:840} INFO - DAG(s) 'latest_only_with_trigger' retrieved from /home/airflow/.local/lib/python3.8/site-packages/airflow/example_dags/example_latest_only_with_trigger.py
[2026-02-02T14:44:19.895+0000] {logging_mixin.py:188} INFO - [2026-02-02T14:44:19.895+0000] {dag.py:3036} INFO - Sync 1 DAGs
[2026-02-02T14:44:19.920+0000] {logging_mixin.py:188} INFO - [2026-02-02T14:44:19.920+0000] {dag.py:3823} INFO - Setting next_dagrun for latest_only_with_trigger to 2026-02-02 08:00:00+00:00, run_after=2026-02-02 12:00:00+00:00
[2026-02-02T14:44:20.095+0000] {processor.py:183} INFO - Processing /home/airflow/.local/lib/python3.8/site-packages/airflow/example_dags/example_latest_only_with_trigger.py took 0.237 seconds
[2026-02-02T14:44:50.427+0000] {processor.py:161} INFO - Started process (PID=2718) to work on /home/airflow/.local/lib/python3.8/site-packages/airflow/example_dags/example_latest_only_with_trigger.py
[2026-02-02T14:44:50.427+0000] {processor.py:830} INFO - Processing file /home/airflow/.local/lib/python3.8/site-packages/airflow/example_dags/example_latest_only_with_trigger.py for tasks to queue
[2026-02-02T14:44:50.429+0000] {logging_mixin.py:188} INFO - [2026-02-02T14:44:50.429+0000] {dagbag.py:538} INFO - Filling up the DagBag from /home/airflow/.local/lib/python3.8/site-packages/airflow/example_dags/example_latest_only_with_trigger.py
[2026-02-02T14:44:50.435+0000] {processor.py:840} INFO - DAG(s) 'latest_only_with_trigger' retrieved from /home/airflow/.local/lib/python3.8/site-packages/airflow/example_dags/example_latest_only_with_trigger.py
[2026-02-02T14:44:50.461+0000] {logging_mixin.py:188} INFO - [2026-02-02T14:44:50.461+0000] {dag.py:3036} INFO - Sync 1 DAGs
[2026-02-02T14:44:50.487+0000] {logging_mixin.py:188} INFO - [2026-02-02T14:44:50.487+0000] {dag.py:3823} INFO - Setting next_dagrun for latest_only_with_trigger to 2026-02-02 08:00:00+00:00, run_after=2026-02-02 12:00:00+00:00
[2026-02-02T14:44:50.506+0000] {processor.py:183} INFO - Processing /home/airflow/.local/lib/python3.8/site-packages/airflow/example_dags/example_latest_only_with_trigger.py took 0.082 seconds
[2026-02-02T14:45:21.110+0000] {processor.py:161} INFO - Started process (PID=2775) to work on /home/airflow/.local/lib/python3.8/site-packages/airflow/example_dags/example_latest_only_with_trigger.py
[2026-02-02T14:45:21.111+0000] {processor.py:830} INFO - Processing file /home/airflow/.local/lib/python3.8/site-packages/airflow/example_dags/example_latest_only_with_trigger.py for tasks to queue
[2026-02-02T14:45:21.113+0000] {logging_mixin.py:188} INFO - [2026-02-02T14:45:21.113+0000] {dagbag.py:538} INFO - Filling up the DagBag from /home/airflow/.local/lib/python3.8/site-packages/airflow/example_dags/example_latest_only_with_trigger.py
[2026-02-02T14:45:21.119+0000] {processor.py:840} INFO - DAG(s) 'latest_only_with_trigger' retrieved from /home/airflow/.local/lib/python3.8/site-packages/airflow/example_dags/example_latest_only_with_trigger.py
[2026-02-02T14:45:21.145+0000] {logging_mixin.py:188} INFO - [2026-02-02T14:45:21.145+0000] {dag.py:3036} INFO - Sync 1 DAGs
[2026-02-02T14:45:21.171+0000] {logging_mixin.py:188} INFO - [2026-02-02T14:45:21.171+0000] {dag.py:3823} INFO - Setting next_dagrun for latest_only_with_trigger to 2026-02-02 08:00:00+00:00, run_after=2026-02-02 12:00:00+00:00
[2026-02-02T14:45:21.193+0000] {processor.py:183} INFO - Processing /home/airflow/.local/lib/python3.8/site-packages/airflow/example_dags/example_latest_only_with_trigger.py took 0.087 seconds
[2026-02-02T14:45:51.447+0000] {processor.py:161} INFO - Started process (PID=2831) to work on /home/airflow/.local/lib/python3.8/site-packages/airflow/example_dags/example_latest_only_with_trigger.py
[2026-02-02T14:45:51.448+0000] {processor.py:830} INFO - Processing file /home/airflow/.local/lib/python3.8/site-packages/airflow/example_dags/example_latest_only_with_trigger.py for tasks to queue
[2026-02-02T14:45:51.450+0000] {logging_mixin.py:188} INFO - [2026-02-02T14:45:51.449+0000] {dagbag.py:538} INFO - Filling up the DagBag from /home/airflow/.local/lib/python3.8/site-packages/airflow/example_dags/example_latest_only_with_trigger.py
[2026-02-02T14:45:51.455+0000] {processor.py:840} INFO - DAG(s) 'latest_only_with_trigger' retrieved from /home/airflow/.local/lib/python3.8/site-packages/airflow/example_dags/example_latest_only_with_trigger.py
[2026-02-02T14:45:51.479+0000] {logging_mixin.py:188} INFO - [2026-02-02T14:45:51.479+0000] {dag.py:3036} INFO - Sync 1 DAGs
[2026-02-02T14:45:51.505+0000] {logging_mixin.py:188} INFO - [2026-02-02T14:45:51.504+0000] {dag.py:3823} INFO - Setting next_dagrun for latest_only_with_trigger to 2026-02-02 08:00:00+00:00, run_after=2026-02-02 12:00:00+00:00
[2026-02-02T14:45:51.523+0000] {processor.py:183} INFO - Processing /home/airflow/.local/lib/python3.8/site-packages/airflow/example_dags/example_latest_only_with_trigger.py took 0.079 seconds
[2026-02-02T14:46:21.719+0000] {processor.py:161} INFO - Started process (PID=2886) to work on /home/airflow/.local/lib/python3.8/site-packages/airflow/example_dags/example_latest_only_with_trigger.py
[2026-02-02T14:46:21.720+0000] {processor.py:830} INFO - Processing file /home/airflow/.local/lib/python3.8/site-packages/airflow/example_dags/example_latest_only_with_trigger.py for tasks to queue
[2026-02-02T14:46:21.722+0000] {logging_mixin.py:188} INFO - [2026-02-02T14:46:21.721+0000] {dagbag.py:538} INFO - Filling up the DagBag from /home/airflow/.local/lib/python3.8/site-packages/airflow/example_dags/example_latest_only_with_trigger.py
[2026-02-02T14:46:21.728+0000] {processor.py:840} INFO - DAG(s) 'latest_only_with_trigger' retrieved from /home/airflow/.local/lib/python3.8/site-packages/airflow/example_dags/example_latest_only_with_trigger.py
[2026-02-02T14:46:21.758+0000] {logging_mixin.py:188} INFO - [2026-02-02T14:46:21.758+0000] {dag.py:3036} INFO - Sync 1 DAGs
[2026-02-02T14:46:21.784+0000] {logging_mixin.py:188} INFO - [2026-02-02T14:46:21.784+0000] {dag.py:3823} INFO - Setting next_dagrun for latest_only_with_trigger to 2026-02-02 08:00:00+00:00, run_after=2026-02-02 12:00:00+00:00
[2026-02-02T14:46:21.805+0000] {processor.py:183} INFO - Processing /home/airflow/.local/lib/python3.8/site-packages/airflow/example_dags/example_latest_only_with_trigger.py took 0.089 seconds
[2026-02-02T14:46:51.856+0000] {processor.py:161} INFO - Started process (PID=2942) to work on /home/airflow/.local/lib/python3.8/site-packages/airflow/example_dags/example_latest_only_with_trigger.py
[2026-02-02T14:46:51.857+0000] {processor.py:830} INFO - Processing file /home/airflow/.local/lib/python3.8/site-packages/airflow/example_dags/example_latest_only_with_trigger.py for tasks to queue
[2026-02-02T14:46:51.860+0000] {logging_mixin.py:188} INFO - [2026-02-02T14:46:51.859+0000] {dagbag.py:538} INFO - Filling up the DagBag from /home/airflow/.local/lib/python3.8/site-packages/airflow/example_dags/example_latest_only_with_trigger.py
[2026-02-02T14:46:51.867+0000] {processor.py:840} INFO - DAG(s) 'latest_only_with_trigger' retrieved from /home/airflow/.local/lib/python3.8/site-packages/airflow/example_dags/example_latest_only_with_trigger.py
[2026-02-02T14:46:51.913+0000] {logging_mixin.py:188} INFO - [2026-02-02T14:46:51.912+0000] {dag.py:3036} INFO - Sync 1 DAGs
[2026-02-02T14:46:51.962+0000] {logging_mixin.py:188} INFO - [2026-02-02T14:46:51.962+0000] {dag.py:3823} INFO - Setting next_dagrun for latest_only_with_trigger to 2026-02-02 08:00:00+00:00, run_after=2026-02-02 12:00:00+00:00
[2026-02-02T14:46:52.012+0000] {processor.py:183} INFO - Processing /home/airflow/.local/lib/python3.8/site-packages/airflow/example_dags/example_latest_only_with_trigger.py took 0.164 seconds
[2026-02-02T14:47:22.890+0000] {processor.py:161} INFO - Started process (PID=2998) to work on /home/airflow/.local/lib/python3.8/site-packages/airflow/example_dags/example_latest_only_with_trigger.py
[2026-02-02T14:47:22.891+0000] {processor.py:830} INFO - Processing file /home/airflow/.local/lib/python3.8/site-packages/airflow/example_dags/example_latest_only_with_trigger.py for tasks to queue
[2026-02-02T14:47:22.896+0000] {logging_mixin.py:188} INFO - [2026-02-02T14:47:22.896+0000] {dagbag.py:538} INFO - Filling up the DagBag from /home/airflow/.local/lib/python3.8/site-packages/airflow/example_dags/example_latest_only_with_trigger.py
[2026-02-02T14:47:22.911+0000] {processor.py:840} INFO - DAG(s) 'latest_only_with_trigger' retrieved from /home/airflow/.local/lib/python3.8/site-packages/airflow/example_dags/example_latest_only_with_trigger.py
[2026-02-02T14:47:22.981+0000] {logging_mixin.py:188} INFO - [2026-02-02T14:47:22.981+0000] {dag.py:3036} INFO - Sync 1 DAGs
[2026-02-02T14:47:23.051+0000] {logging_mixin.py:188} INFO - [2026-02-02T14:47:23.050+0000] {dag.py:3823} INFO - Setting next_dagrun for latest_only_with_trigger to 2026-02-02 08:00:00+00:00, run_after=2026-02-02 12:00:00+00:00
[2026-02-02T14:47:23.093+0000] {processor.py:183} INFO - Processing /home/airflow/.local/lib/python3.8/site-packages/airflow/example_dags/example_latest_only_with_trigger.py took 0.210 seconds
[2026-02-02T14:47:53.706+0000] {processor.py:161} INFO - Started process (PID=3055) to work on /home/airflow/.local/lib/python3.8/site-packages/airflow/example_dags/example_latest_only_with_trigger.py
[2026-02-02T14:47:53.706+0000] {processor.py:830} INFO - Processing file /home/airflow/.local/lib/python3.8/site-packages/airflow/example_dags/example_latest_only_with_trigger.py for tasks to queue
[2026-02-02T14:47:53.708+0000] {logging_mixin.py:188} INFO - [2026-02-02T14:47:53.708+0000] {dagbag.py:538} INFO - Filling up the DagBag from /home/airflow/.local/lib/python3.8/site-packages/airflow/example_dags/example_latest_only_with_trigger.py
[2026-02-02T14:47:53.714+0000] {processor.py:840} INFO - DAG(s) 'latest_only_with_trigger' retrieved from /home/airflow/.local/lib/python3.8/site-packages/airflow/example_dags/example_latest_only_with_trigger.py
[2026-02-02T14:47:53.739+0000] {logging_mixin.py:188} INFO - [2026-02-02T14:47:53.739+0000] {dag.py:3036} INFO - Sync 1 DAGs
[2026-02-02T14:47:53.767+0000] {logging_mixin.py:188} INFO - [2026-02-02T14:47:53.767+0000] {dag.py:3823} INFO - Setting next_dagrun for latest_only_with_trigger to 2026-02-02 08:00:00+00:00, run_after=2026-02-02 12:00:00+00:00
[2026-02-02T14:47:53.809+0000] {processor.py:183} INFO - Processing /home/airflow/.local/lib/python3.8/site-packages/airflow/example_dags/example_latest_only_with_trigger.py took 0.107 seconds
[2026-02-02T14:48:24.178+0000] {processor.py:161} INFO - Started process (PID=3111) to work on /home/airflow/.local/lib/python3.8/site-packages/airflow/example_dags/example_latest_only_with_trigger.py
[2026-02-02T14:48:24.179+0000] {processor.py:830} INFO - Processing file /home/airflow/.local/lib/python3.8/site-packages/airflow/example_dags/example_latest_only_with_trigger.py for tasks to queue
[2026-02-02T14:48:24.180+0000] {logging_mixin.py:188} INFO - [2026-02-02T14:48:24.180+0000] {dagbag.py:538} INFO - Filling up the DagBag from /home/airflow/.local/lib/python3.8/site-packages/airflow/example_dags/example_latest_only_with_trigger.py
[2026-02-02T14:48:24.187+0000] {processor.py:840} INFO - DAG(s) 'latest_only_with_trigger' retrieved from /home/airflow/.local/lib/python3.8/site-packages/airflow/example_dags/example_latest_only_with_trigger.py
[2026-02-02T14:48:24.219+0000] {logging_mixin.py:188} INFO - [2026-02-02T14:48:24.218+0000] {dag.py:3036} INFO - Sync 1 DAGs
[2026-02-02T14:48:24.250+0000] {logging_mixin.py:188} INFO - [2026-02-02T14:48:24.250+0000] {dag.py:3823} INFO - Setting next_dagrun for latest_only_with_trigger to 2026-02-02 08:00:00+00:00, run_after=2026-02-02 12:00:00+00:00
[2026-02-02T14:48:24.276+0000] {processor.py:183} INFO - Processing /home/airflow/.local/lib/python3.8/site-packages/airflow/example_dags/example_latest_only_with_trigger.py took 0.102 seconds
[2026-02-02T14:48:54.593+0000] {processor.py:161} INFO - Started process (PID=3166) to work on /home/airflow/.local/lib/python3.8/site-packages/airflow/example_dags/example_latest_only_with_trigger.py
[2026-02-02T14:48:54.594+0000] {processor.py:830} INFO - Processing file /home/airflow/.local/lib/python3.8/site-packages/airflow/example_dags/example_latest_only_with_trigger.py for tasks to queue
[2026-02-02T14:48:54.596+0000] {logging_mixin.py:188} INFO - [2026-02-02T14:48:54.595+0000] {dagbag.py:538} INFO - Filling up the DagBag from /home/airflow/.local/lib/python3.8/site-packages/airflow/example_dags/example_latest_only_with_trigger.py
[2026-02-02T14:48:54.602+0000] {processor.py:840} INFO - DAG(s) 'latest_only_with_trigger' retrieved from /home/airflow/.local/lib/python3.8/site-packages/airflow/example_dags/example_latest_only_with_trigger.py
[2026-02-02T14:48:54.626+0000] {logging_mixin.py:188} INFO - [2026-02-02T14:48:54.626+0000] {dag.py:3036} INFO - Sync 1 DAGs
[2026-02-02T14:48:54.654+0000] {logging_mixin.py:188} INFO - [2026-02-02T14:48:54.654+0000] {dag.py:3823} INFO - Setting next_dagrun for latest_only_with_trigger to 2026-02-02 08:00:00+00:00, run_after=2026-02-02 12:00:00+00:00
[2026-02-02T14:48:54.694+0000] {processor.py:183} INFO - Processing /home/airflow/.local/lib/python3.8/site-packages/airflow/example_dags/example_latest_only_with_trigger.py took 0.104 seconds
[2026-02-02T14:49:24.999+0000] {processor.py:161} INFO - Started process (PID=3222) to work on /home/airflow/.local/lib/python3.8/site-packages/airflow/example_dags/example_latest_only_with_trigger.py
[2026-02-02T14:49:25.001+0000] {processor.py:830} INFO - Processing file /home/airflow/.local/lib/python3.8/site-packages/airflow/example_dags/example_latest_only_with_trigger.py for tasks to queue
[2026-02-02T14:49:25.004+0000] {logging_mixin.py:188} INFO - [2026-02-02T14:49:25.004+0000] {dagbag.py:538} INFO - Filling up the DagBag from /home/airflow/.local/lib/python3.8/site-packages/airflow/example_dags/example_latest_only_with_trigger.py
[2026-02-02T14:49:25.011+0000] {processor.py:840} INFO - DAG(s) 'latest_only_with_trigger' retrieved from /home/airflow/.local/lib/python3.8/site-packages/airflow/example_dags/example_latest_only_with_trigger.py
[2026-02-02T14:49:25.062+0000] {logging_mixin.py:188} INFO - [2026-02-02T14:49:25.062+0000] {dag.py:3036} INFO - Sync 1 DAGs
[2026-02-02T14:49:25.090+0000] {logging_mixin.py:188} INFO - [2026-02-02T14:49:25.090+0000] {dag.py:3823} INFO - Setting next_dagrun for latest_only_with_trigger to 2026-02-02 08:00:00+00:00, run_after=2026-02-02 12:00:00+00:00
[2026-02-02T14:49:25.121+0000] {processor.py:183} INFO - Processing /home/airflow/.local/lib/python3.8/site-packages/airflow/example_dags/example_latest_only_with_trigger.py took 0.127 seconds
[2026-02-02T14:49:55.453+0000] {processor.py:161} INFO - Started process (PID=3278) to work on /home/airflow/.local/lib/python3.8/site-packages/airflow/example_dags/example_latest_only_with_trigger.py
[2026-02-02T14:49:55.453+0000] {processor.py:830} INFO - Processing file /home/airflow/.local/lib/python3.8/site-packages/airflow/example_dags/example_latest_only_with_trigger.py for tasks to queue
[2026-02-02T14:49:55.457+0000] {logging_mixin.py:188} INFO - [2026-02-02T14:49:55.457+0000] {dagbag.py:538} INFO - Filling up the DagBag from /home/airflow/.local/lib/python3.8/site-packages/airflow/example_dags/example_latest_only_with_trigger.py
[2026-02-02T14:49:55.480+0000] {processor.py:840} INFO - DAG(s) 'latest_only_with_trigger' retrieved from /home/airflow/.local/lib/python3.8/site-packages/airflow/example_dags/example_latest_only_with_trigger.py
[2026-02-02T14:49:55.551+0000] {logging_mixin.py:188} INFO - [2026-02-02T14:49:55.551+0000] {dag.py:3036} INFO - Sync 1 DAGs
[2026-02-02T14:49:55.636+0000] {logging_mixin.py:188} INFO - [2026-02-02T14:49:55.636+0000] {dag.py:3823} INFO - Setting next_dagrun for latest_only_with_trigger to 2026-02-02 08:00:00+00:00, run_after=2026-02-02 12:00:00+00:00
[2026-02-02T14:49:55.684+0000] {processor.py:183} INFO - Processing /home/airflow/.local/lib/python3.8/site-packages/airflow/example_dags/example_latest_only_with_trigger.py took 0.243 seconds
[2026-02-02T14:50:25.788+0000] {processor.py:161} INFO - Started process (PID=3334) to work on /home/airflow/.local/lib/python3.8/site-packages/airflow/example_dags/example_latest_only_with_trigger.py
[2026-02-02T14:50:25.789+0000] {processor.py:830} INFO - Processing file /home/airflow/.local/lib/python3.8/site-packages/airflow/example_dags/example_latest_only_with_trigger.py for tasks to queue
[2026-02-02T14:50:25.792+0000] {logging_mixin.py:188} INFO - [2026-02-02T14:50:25.791+0000] {dagbag.py:538} INFO - Filling up the DagBag from /home/airflow/.local/lib/python3.8/site-packages/airflow/example_dags/example_latest_only_with_trigger.py
[2026-02-02T14:50:25.806+0000] {processor.py:840} INFO - DAG(s) 'latest_only_with_trigger' retrieved from /home/airflow/.local/lib/python3.8/site-packages/airflow/example_dags/example_latest_only_with_trigger.py
[2026-02-02T14:50:25.853+0000] {logging_mixin.py:188} INFO - [2026-02-02T14:50:25.853+0000] {dag.py:3036} INFO - Sync 1 DAGs
[2026-02-02T14:50:25.881+0000] {logging_mixin.py:188} INFO - [2026-02-02T14:50:25.881+0000] {dag.py:3823} INFO - Setting next_dagrun for latest_only_with_trigger to 2026-02-02 08:00:00+00:00, run_after=2026-02-02 12:00:00+00:00
[2026-02-02T14:50:25.899+0000] {processor.py:183} INFO - Processing /home/airflow/.local/lib/python3.8/site-packages/airflow/example_dags/example_latest_only_with_trigger.py took 0.119 seconds
