[2026-02-02T14:20:19.947+0000] {processor.py:161} INFO - Started process (PID=71) to work on /home/airflow/.local/lib/python3.8/site-packages/airflow/example_dags/example_branch_labels.py
[2026-02-02T14:20:19.952+0000] {processor.py:830} INFO - Processing file /home/airflow/.local/lib/python3.8/site-packages/airflow/example_dags/example_branch_labels.py for tasks to queue
[2026-02-02T14:20:19.957+0000] {logging_mixin.py:188} INFO - [2026-02-02T14:20:19.957+0000] {dagbag.py:538} INFO - Filling up the DagBag from /home/airflow/.local/lib/python3.8/site-packages/airflow/example_dags/example_branch_labels.py
[2026-02-02T14:20:20.008+0000] {processor.py:840} INFO - DAG(s) 'example_branch_labels' retrieved from /home/airflow/.local/lib/python3.8/site-packages/airflow/example_dags/example_branch_labels.py
[2026-02-02T14:20:20.526+0000] {logging_mixin.py:188} INFO - [2026-02-02T14:20:20.525+0000] {override.py:1769} INFO - Created Permission View: can edit on DAG:example_branch_labels
[2026-02-02T14:20:20.558+0000] {logging_mixin.py:188} INFO - [2026-02-02T14:20:20.557+0000] {override.py:1769} INFO - Created Permission View: can delete on DAG:example_branch_labels
[2026-02-02T14:20:20.587+0000] {logging_mixin.py:188} INFO - [2026-02-02T14:20:20.587+0000] {override.py:1769} INFO - Created Permission View: can read on DAG:example_branch_labels
[2026-02-02T14:20:20.589+0000] {logging_mixin.py:188} INFO - [2026-02-02T14:20:20.589+0000] {dag.py:3036} INFO - Sync 1 DAGs
[2026-02-02T14:20:20.645+0000] {logging_mixin.py:188} INFO - [2026-02-02T14:20:20.638+0000] {dag.py:3058} INFO - Creating ORM DAG for example_branch_labels
[2026-02-02T14:20:20.704+0000] {logging_mixin.py:188} INFO - [2026-02-02T14:20:20.704+0000] {dag.py:3823} INFO - Setting next_dagrun for example_branch_labels to 2026-02-01 00:00:00+00:00, run_after=2026-02-02 00:00:00+00:00
[2026-02-02T14:20:20.776+0000] {processor.py:183} INFO - Processing /home/airflow/.local/lib/python3.8/site-packages/airflow/example_dags/example_branch_labels.py took 0.846 seconds
[2026-02-02T14:20:50.961+0000] {processor.py:161} INFO - Started process (PID=126) to work on /home/airflow/.local/lib/python3.8/site-packages/airflow/example_dags/example_branch_labels.py
[2026-02-02T14:20:50.962+0000] {processor.py:830} INFO - Processing file /home/airflow/.local/lib/python3.8/site-packages/airflow/example_dags/example_branch_labels.py for tasks to queue
[2026-02-02T14:20:50.963+0000] {logging_mixin.py:188} INFO - [2026-02-02T14:20:50.963+0000] {dagbag.py:538} INFO - Filling up the DagBag from /home/airflow/.local/lib/python3.8/site-packages/airflow/example_dags/example_branch_labels.py
[2026-02-02T14:20:50.973+0000] {processor.py:840} INFO - DAG(s) 'example_branch_labels' retrieved from /home/airflow/.local/lib/python3.8/site-packages/airflow/example_dags/example_branch_labels.py
[2026-02-02T14:20:50.996+0000] {logging_mixin.py:188} INFO - [2026-02-02T14:20:50.996+0000] {dag.py:3036} INFO - Sync 1 DAGs
[2026-02-02T14:20:51.023+0000] {logging_mixin.py:188} INFO - [2026-02-02T14:20:51.022+0000] {dag.py:3823} INFO - Setting next_dagrun for example_branch_labels to 2026-02-01 00:00:00+00:00, run_after=2026-02-02 00:00:00+00:00
[2026-02-02T14:20:51.043+0000] {processor.py:183} INFO - Processing /home/airflow/.local/lib/python3.8/site-packages/airflow/example_dags/example_branch_labels.py took 0.086 seconds
[2026-02-02T14:21:21.747+0000] {processor.py:161} INFO - Started process (PID=181) to work on /home/airflow/.local/lib/python3.8/site-packages/airflow/example_dags/example_branch_labels.py
[2026-02-02T14:21:21.748+0000] {processor.py:830} INFO - Processing file /home/airflow/.local/lib/python3.8/site-packages/airflow/example_dags/example_branch_labels.py for tasks to queue
[2026-02-02T14:21:21.750+0000] {logging_mixin.py:188} INFO - [2026-02-02T14:21:21.750+0000] {dagbag.py:538} INFO - Filling up the DagBag from /home/airflow/.local/lib/python3.8/site-packages/airflow/example_dags/example_branch_labels.py
[2026-02-02T14:21:21.762+0000] {processor.py:840} INFO - DAG(s) 'example_branch_labels' retrieved from /home/airflow/.local/lib/python3.8/site-packages/airflow/example_dags/example_branch_labels.py
[2026-02-02T14:21:21.794+0000] {logging_mixin.py:188} INFO - [2026-02-02T14:21:21.794+0000] {dag.py:3036} INFO - Sync 1 DAGs
[2026-02-02T14:21:21.823+0000] {logging_mixin.py:188} INFO - [2026-02-02T14:21:21.822+0000] {dag.py:3823} INFO - Setting next_dagrun for example_branch_labels to 2026-02-01 00:00:00+00:00, run_after=2026-02-02 00:00:00+00:00
[2026-02-02T14:21:21.841+0000] {processor.py:183} INFO - Processing /home/airflow/.local/lib/python3.8/site-packages/airflow/example_dags/example_branch_labels.py took 0.097 seconds
[2026-02-02T14:21:52.071+0000] {processor.py:161} INFO - Started process (PID=236) to work on /home/airflow/.local/lib/python3.8/site-packages/airflow/example_dags/example_branch_labels.py
[2026-02-02T14:21:52.072+0000] {processor.py:830} INFO - Processing file /home/airflow/.local/lib/python3.8/site-packages/airflow/example_dags/example_branch_labels.py for tasks to queue
[2026-02-02T14:21:52.074+0000] {logging_mixin.py:188} INFO - [2026-02-02T14:21:52.073+0000] {dagbag.py:538} INFO - Filling up the DagBag from /home/airflow/.local/lib/python3.8/site-packages/airflow/example_dags/example_branch_labels.py
[2026-02-02T14:21:52.083+0000] {processor.py:840} INFO - DAG(s) 'example_branch_labels' retrieved from /home/airflow/.local/lib/python3.8/site-packages/airflow/example_dags/example_branch_labels.py
[2026-02-02T14:21:52.107+0000] {logging_mixin.py:188} INFO - [2026-02-02T14:21:52.107+0000] {dag.py:3036} INFO - Sync 1 DAGs
[2026-02-02T14:21:52.135+0000] {logging_mixin.py:188} INFO - [2026-02-02T14:21:52.134+0000] {dag.py:3823} INFO - Setting next_dagrun for example_branch_labels to 2026-02-01 00:00:00+00:00, run_after=2026-02-02 00:00:00+00:00
[2026-02-02T14:21:52.155+0000] {processor.py:183} INFO - Processing /home/airflow/.local/lib/python3.8/site-packages/airflow/example_dags/example_branch_labels.py took 0.088 seconds
[2026-02-02T14:22:22.650+0000] {processor.py:161} INFO - Started process (PID=291) to work on /home/airflow/.local/lib/python3.8/site-packages/airflow/example_dags/example_branch_labels.py
[2026-02-02T14:22:22.651+0000] {processor.py:830} INFO - Processing file /home/airflow/.local/lib/python3.8/site-packages/airflow/example_dags/example_branch_labels.py for tasks to queue
[2026-02-02T14:22:22.654+0000] {logging_mixin.py:188} INFO - [2026-02-02T14:22:22.653+0000] {dagbag.py:538} INFO - Filling up the DagBag from /home/airflow/.local/lib/python3.8/site-packages/airflow/example_dags/example_branch_labels.py
[2026-02-02T14:22:22.666+0000] {processor.py:840} INFO - DAG(s) 'example_branch_labels' retrieved from /home/airflow/.local/lib/python3.8/site-packages/airflow/example_dags/example_branch_labels.py
[2026-02-02T14:22:22.692+0000] {logging_mixin.py:188} INFO - [2026-02-02T14:22:22.692+0000] {dag.py:3036} INFO - Sync 1 DAGs
[2026-02-02T14:22:22.721+0000] {logging_mixin.py:188} INFO - [2026-02-02T14:22:22.721+0000] {dag.py:3823} INFO - Setting next_dagrun for example_branch_labels to 2026-02-01 00:00:00+00:00, run_after=2026-02-02 00:00:00+00:00
[2026-02-02T14:22:22.739+0000] {processor.py:183} INFO - Processing /home/airflow/.local/lib/python3.8/site-packages/airflow/example_dags/example_branch_labels.py took 0.093 seconds
[2026-02-02T14:22:53.372+0000] {processor.py:161} INFO - Started process (PID=346) to work on /home/airflow/.local/lib/python3.8/site-packages/airflow/example_dags/example_branch_labels.py
[2026-02-02T14:22:53.373+0000] {processor.py:830} INFO - Processing file /home/airflow/.local/lib/python3.8/site-packages/airflow/example_dags/example_branch_labels.py for tasks to queue
[2026-02-02T14:22:53.377+0000] {logging_mixin.py:188} INFO - [2026-02-02T14:22:53.376+0000] {dagbag.py:538} INFO - Filling up the DagBag from /home/airflow/.local/lib/python3.8/site-packages/airflow/example_dags/example_branch_labels.py
[2026-02-02T14:22:53.390+0000] {processor.py:840} INFO - DAG(s) 'example_branch_labels' retrieved from /home/airflow/.local/lib/python3.8/site-packages/airflow/example_dags/example_branch_labels.py
[2026-02-02T14:22:53.418+0000] {logging_mixin.py:188} INFO - [2026-02-02T14:22:53.418+0000] {dag.py:3036} INFO - Sync 1 DAGs
[2026-02-02T14:22:53.446+0000] {logging_mixin.py:188} INFO - [2026-02-02T14:22:53.446+0000] {dag.py:3823} INFO - Setting next_dagrun for example_branch_labels to 2026-02-01 00:00:00+00:00, run_after=2026-02-02 00:00:00+00:00
[2026-02-02T14:22:53.465+0000] {processor.py:183} INFO - Processing /home/airflow/.local/lib/python3.8/site-packages/airflow/example_dags/example_branch_labels.py took 0.102 seconds
[2026-02-02T14:23:23.826+0000] {processor.py:161} INFO - Started process (PID=401) to work on /home/airflow/.local/lib/python3.8/site-packages/airflow/example_dags/example_branch_labels.py
[2026-02-02T14:23:23.827+0000] {processor.py:830} INFO - Processing file /home/airflow/.local/lib/python3.8/site-packages/airflow/example_dags/example_branch_labels.py for tasks to queue
[2026-02-02T14:23:23.829+0000] {logging_mixin.py:188} INFO - [2026-02-02T14:23:23.829+0000] {dagbag.py:538} INFO - Filling up the DagBag from /home/airflow/.local/lib/python3.8/site-packages/airflow/example_dags/example_branch_labels.py
[2026-02-02T14:23:23.838+0000] {processor.py:840} INFO - DAG(s) 'example_branch_labels' retrieved from /home/airflow/.local/lib/python3.8/site-packages/airflow/example_dags/example_branch_labels.py
[2026-02-02T14:23:23.861+0000] {logging_mixin.py:188} INFO - [2026-02-02T14:23:23.861+0000] {dag.py:3036} INFO - Sync 1 DAGs
[2026-02-02T14:23:23.888+0000] {logging_mixin.py:188} INFO - [2026-02-02T14:23:23.888+0000] {dag.py:3823} INFO - Setting next_dagrun for example_branch_labels to 2026-02-01 00:00:00+00:00, run_after=2026-02-02 00:00:00+00:00
[2026-02-02T14:23:23.911+0000] {processor.py:183} INFO - Processing /home/airflow/.local/lib/python3.8/site-packages/airflow/example_dags/example_branch_labels.py took 0.088 seconds
[2026-02-02T14:23:54.578+0000] {processor.py:161} INFO - Started process (PID=456) to work on /home/airflow/.local/lib/python3.8/site-packages/airflow/example_dags/example_branch_labels.py
[2026-02-02T14:23:54.588+0000] {processor.py:830} INFO - Processing file /home/airflow/.local/lib/python3.8/site-packages/airflow/example_dags/example_branch_labels.py for tasks to queue
[2026-02-02T14:23:54.593+0000] {logging_mixin.py:188} INFO - [2026-02-02T14:23:54.593+0000] {dagbag.py:538} INFO - Filling up the DagBag from /home/airflow/.local/lib/python3.8/site-packages/airflow/example_dags/example_branch_labels.py
[2026-02-02T14:23:54.630+0000] {processor.py:840} INFO - DAG(s) 'example_branch_labels' retrieved from /home/airflow/.local/lib/python3.8/site-packages/airflow/example_dags/example_branch_labels.py
[2026-02-02T14:23:54.713+0000] {logging_mixin.py:188} INFO - [2026-02-02T14:23:54.713+0000] {dag.py:3036} INFO - Sync 1 DAGs
[2026-02-02T14:23:54.804+0000] {logging_mixin.py:188} INFO - [2026-02-02T14:23:54.804+0000] {dag.py:3823} INFO - Setting next_dagrun for example_branch_labels to 2026-02-01 00:00:00+00:00, run_after=2026-02-02 00:00:00+00:00
[2026-02-02T14:23:54.870+0000] {processor.py:183} INFO - Processing /home/airflow/.local/lib/python3.8/site-packages/airflow/example_dags/example_branch_labels.py took 0.304 seconds
[2026-02-02T14:24:25.156+0000] {processor.py:161} INFO - Started process (PID=510) to work on /home/airflow/.local/lib/python3.8/site-packages/airflow/example_dags/example_branch_labels.py
[2026-02-02T14:24:25.157+0000] {processor.py:830} INFO - Processing file /home/airflow/.local/lib/python3.8/site-packages/airflow/example_dags/example_branch_labels.py for tasks to queue
[2026-02-02T14:24:25.159+0000] {logging_mixin.py:188} INFO - [2026-02-02T14:24:25.159+0000] {dagbag.py:538} INFO - Filling up the DagBag from /home/airflow/.local/lib/python3.8/site-packages/airflow/example_dags/example_branch_labels.py
[2026-02-02T14:24:25.170+0000] {processor.py:840} INFO - DAG(s) 'example_branch_labels' retrieved from /home/airflow/.local/lib/python3.8/site-packages/airflow/example_dags/example_branch_labels.py
[2026-02-02T14:24:25.210+0000] {logging_mixin.py:188} INFO - [2026-02-02T14:24:25.210+0000] {dag.py:3036} INFO - Sync 1 DAGs
[2026-02-02T14:24:25.258+0000] {logging_mixin.py:188} INFO - [2026-02-02T14:24:25.258+0000] {dag.py:3823} INFO - Setting next_dagrun for example_branch_labels to 2026-02-01 00:00:00+00:00, run_after=2026-02-02 00:00:00+00:00
[2026-02-02T14:24:25.288+0000] {processor.py:183} INFO - Processing /home/airflow/.local/lib/python3.8/site-packages/airflow/example_dags/example_branch_labels.py took 0.136 seconds
[2026-02-02T14:24:55.575+0000] {processor.py:161} INFO - Started process (PID=566) to work on /home/airflow/.local/lib/python3.8/site-packages/airflow/example_dags/example_branch_labels.py
[2026-02-02T14:24:55.576+0000] {processor.py:830} INFO - Processing file /home/airflow/.local/lib/python3.8/site-packages/airflow/example_dags/example_branch_labels.py for tasks to queue
[2026-02-02T14:24:55.578+0000] {logging_mixin.py:188} INFO - [2026-02-02T14:24:55.577+0000] {dagbag.py:538} INFO - Filling up the DagBag from /home/airflow/.local/lib/python3.8/site-packages/airflow/example_dags/example_branch_labels.py
[2026-02-02T14:24:55.587+0000] {processor.py:840} INFO - DAG(s) 'example_branch_labels' retrieved from /home/airflow/.local/lib/python3.8/site-packages/airflow/example_dags/example_branch_labels.py
[2026-02-02T14:24:55.611+0000] {logging_mixin.py:188} INFO - [2026-02-02T14:24:55.611+0000] {dag.py:3036} INFO - Sync 1 DAGs
[2026-02-02T14:24:55.638+0000] {logging_mixin.py:188} INFO - [2026-02-02T14:24:55.638+0000] {dag.py:3823} INFO - Setting next_dagrun for example_branch_labels to 2026-02-01 00:00:00+00:00, run_after=2026-02-02 00:00:00+00:00
[2026-02-02T14:24:55.654+0000] {processor.py:183} INFO - Processing /home/airflow/.local/lib/python3.8/site-packages/airflow/example_dags/example_branch_labels.py took 0.083 seconds
[2026-02-02T14:25:26.772+0000] {processor.py:161} INFO - Started process (PID=627) to work on /home/airflow/.local/lib/python3.8/site-packages/airflow/example_dags/example_branch_labels.py
[2026-02-02T14:25:26.773+0000] {processor.py:830} INFO - Processing file /home/airflow/.local/lib/python3.8/site-packages/airflow/example_dags/example_branch_labels.py for tasks to queue
[2026-02-02T14:25:26.775+0000] {logging_mixin.py:188} INFO - [2026-02-02T14:25:26.775+0000] {dagbag.py:538} INFO - Filling up the DagBag from /home/airflow/.local/lib/python3.8/site-packages/airflow/example_dags/example_branch_labels.py
[2026-02-02T14:25:26.785+0000] {processor.py:840} INFO - DAG(s) 'example_branch_labels' retrieved from /home/airflow/.local/lib/python3.8/site-packages/airflow/example_dags/example_branch_labels.py
[2026-02-02T14:25:26.812+0000] {logging_mixin.py:188} INFO - [2026-02-02T14:25:26.812+0000] {dag.py:3036} INFO - Sync 1 DAGs
[2026-02-02T14:25:26.839+0000] {logging_mixin.py:188} INFO - [2026-02-02T14:25:26.839+0000] {dag.py:3823} INFO - Setting next_dagrun for example_branch_labels to 2026-02-01 00:00:00+00:00, run_after=2026-02-02 00:00:00+00:00
[2026-02-02T14:25:26.857+0000] {processor.py:183} INFO - Processing /home/airflow/.local/lib/python3.8/site-packages/airflow/example_dags/example_branch_labels.py took 0.089 seconds
[2026-02-02T14:25:57.130+0000] {processor.py:161} INFO - Started process (PID=682) to work on /home/airflow/.local/lib/python3.8/site-packages/airflow/example_dags/example_branch_labels.py
[2026-02-02T14:25:57.131+0000] {processor.py:830} INFO - Processing file /home/airflow/.local/lib/python3.8/site-packages/airflow/example_dags/example_branch_labels.py for tasks to queue
[2026-02-02T14:25:57.132+0000] {logging_mixin.py:188} INFO - [2026-02-02T14:25:57.132+0000] {dagbag.py:538} INFO - Filling up the DagBag from /home/airflow/.local/lib/python3.8/site-packages/airflow/example_dags/example_branch_labels.py
[2026-02-02T14:25:57.139+0000] {processor.py:840} INFO - DAG(s) 'example_branch_labels' retrieved from /home/airflow/.local/lib/python3.8/site-packages/airflow/example_dags/example_branch_labels.py
[2026-02-02T14:25:57.156+0000] {logging_mixin.py:188} INFO - [2026-02-02T14:25:57.156+0000] {dag.py:3036} INFO - Sync 1 DAGs
[2026-02-02T14:25:57.173+0000] {logging_mixin.py:188} INFO - [2026-02-02T14:25:57.173+0000] {dag.py:3823} INFO - Setting next_dagrun for example_branch_labels to 2026-02-01 00:00:00+00:00, run_after=2026-02-02 00:00:00+00:00
[2026-02-02T14:25:57.187+0000] {processor.py:183} INFO - Processing /home/airflow/.local/lib/python3.8/site-packages/airflow/example_dags/example_branch_labels.py took 0.059 seconds
[2026-02-02T14:26:27.260+0000] {processor.py:161} INFO - Started process (PID=737) to work on /home/airflow/.local/lib/python3.8/site-packages/airflow/example_dags/example_branch_labels.py
[2026-02-02T14:26:27.261+0000] {processor.py:830} INFO - Processing file /home/airflow/.local/lib/python3.8/site-packages/airflow/example_dags/example_branch_labels.py for tasks to queue
[2026-02-02T14:26:27.263+0000] {logging_mixin.py:188} INFO - [2026-02-02T14:26:27.263+0000] {dagbag.py:538} INFO - Filling up the DagBag from /home/airflow/.local/lib/python3.8/site-packages/airflow/example_dags/example_branch_labels.py
[2026-02-02T14:26:27.272+0000] {processor.py:840} INFO - DAG(s) 'example_branch_labels' retrieved from /home/airflow/.local/lib/python3.8/site-packages/airflow/example_dags/example_branch_labels.py
[2026-02-02T14:26:27.298+0000] {logging_mixin.py:188} INFO - [2026-02-02T14:26:27.298+0000] {dag.py:3036} INFO - Sync 1 DAGs
[2026-02-02T14:26:27.325+0000] {logging_mixin.py:188} INFO - [2026-02-02T14:26:27.325+0000] {dag.py:3823} INFO - Setting next_dagrun for example_branch_labels to 2026-02-01 00:00:00+00:00, run_after=2026-02-02 00:00:00+00:00
[2026-02-02T14:26:27.342+0000] {processor.py:183} INFO - Processing /home/airflow/.local/lib/python3.8/site-packages/airflow/example_dags/example_branch_labels.py took 0.086 seconds
[2026-02-02T14:26:58.039+0000] {processor.py:161} INFO - Started process (PID=792) to work on /home/airflow/.local/lib/python3.8/site-packages/airflow/example_dags/example_branch_labels.py
[2026-02-02T14:26:58.039+0000] {processor.py:830} INFO - Processing file /home/airflow/.local/lib/python3.8/site-packages/airflow/example_dags/example_branch_labels.py for tasks to queue
[2026-02-02T14:26:58.041+0000] {logging_mixin.py:188} INFO - [2026-02-02T14:26:58.041+0000] {dagbag.py:538} INFO - Filling up the DagBag from /home/airflow/.local/lib/python3.8/site-packages/airflow/example_dags/example_branch_labels.py
[2026-02-02T14:26:58.048+0000] {processor.py:840} INFO - DAG(s) 'example_branch_labels' retrieved from /home/airflow/.local/lib/python3.8/site-packages/airflow/example_dags/example_branch_labels.py
[2026-02-02T14:26:58.065+0000] {logging_mixin.py:188} INFO - [2026-02-02T14:26:58.065+0000] {dag.py:3036} INFO - Sync 1 DAGs
[2026-02-02T14:26:58.086+0000] {logging_mixin.py:188} INFO - [2026-02-02T14:26:58.086+0000] {dag.py:3823} INFO - Setting next_dagrun for example_branch_labels to 2026-02-01 00:00:00+00:00, run_after=2026-02-02 00:00:00+00:00
[2026-02-02T14:26:58.099+0000] {processor.py:183} INFO - Processing /home/airflow/.local/lib/python3.8/site-packages/airflow/example_dags/example_branch_labels.py took 0.063 seconds
[2026-02-02T14:27:29.094+0000] {processor.py:161} INFO - Started process (PID=847) to work on /home/airflow/.local/lib/python3.8/site-packages/airflow/example_dags/example_branch_labels.py
[2026-02-02T14:27:29.095+0000] {processor.py:830} INFO - Processing file /home/airflow/.local/lib/python3.8/site-packages/airflow/example_dags/example_branch_labels.py for tasks to queue
[2026-02-02T14:27:29.097+0000] {logging_mixin.py:188} INFO - [2026-02-02T14:27:29.097+0000] {dagbag.py:538} INFO - Filling up the DagBag from /home/airflow/.local/lib/python3.8/site-packages/airflow/example_dags/example_branch_labels.py
[2026-02-02T14:27:29.118+0000] {processor.py:840} INFO - DAG(s) 'example_branch_labels' retrieved from /home/airflow/.local/lib/python3.8/site-packages/airflow/example_dags/example_branch_labels.py
[2026-02-02T14:27:29.146+0000] {logging_mixin.py:188} INFO - [2026-02-02T14:27:29.146+0000] {dag.py:3036} INFO - Sync 1 DAGs
[2026-02-02T14:27:29.173+0000] {logging_mixin.py:188} INFO - [2026-02-02T14:27:29.172+0000] {dag.py:3823} INFO - Setting next_dagrun for example_branch_labels to 2026-02-01 00:00:00+00:00, run_after=2026-02-02 00:00:00+00:00
[2026-02-02T14:27:29.191+0000] {processor.py:183} INFO - Processing /home/airflow/.local/lib/python3.8/site-packages/airflow/example_dags/example_branch_labels.py took 0.100 seconds
[2026-02-02T14:27:59.732+0000] {processor.py:161} INFO - Started process (PID=902) to work on /home/airflow/.local/lib/python3.8/site-packages/airflow/example_dags/example_branch_labels.py
[2026-02-02T14:27:59.733+0000] {processor.py:830} INFO - Processing file /home/airflow/.local/lib/python3.8/site-packages/airflow/example_dags/example_branch_labels.py for tasks to queue
[2026-02-02T14:27:59.735+0000] {logging_mixin.py:188} INFO - [2026-02-02T14:27:59.735+0000] {dagbag.py:538} INFO - Filling up the DagBag from /home/airflow/.local/lib/python3.8/site-packages/airflow/example_dags/example_branch_labels.py
[2026-02-02T14:27:59.744+0000] {processor.py:840} INFO - DAG(s) 'example_branch_labels' retrieved from /home/airflow/.local/lib/python3.8/site-packages/airflow/example_dags/example_branch_labels.py
[2026-02-02T14:27:59.768+0000] {logging_mixin.py:188} INFO - [2026-02-02T14:27:59.768+0000] {dag.py:3036} INFO - Sync 1 DAGs
[2026-02-02T14:27:59.795+0000] {logging_mixin.py:188} INFO - [2026-02-02T14:27:59.795+0000] {dag.py:3823} INFO - Setting next_dagrun for example_branch_labels to 2026-02-01 00:00:00+00:00, run_after=2026-02-02 00:00:00+00:00
[2026-02-02T14:27:59.812+0000] {processor.py:183} INFO - Processing /home/airflow/.local/lib/python3.8/site-packages/airflow/example_dags/example_branch_labels.py took 0.084 seconds
[2026-02-02T14:28:30.558+0000] {processor.py:161} INFO - Started process (PID=957) to work on /home/airflow/.local/lib/python3.8/site-packages/airflow/example_dags/example_branch_labels.py
[2026-02-02T14:28:30.559+0000] {processor.py:830} INFO - Processing file /home/airflow/.local/lib/python3.8/site-packages/airflow/example_dags/example_branch_labels.py for tasks to queue
[2026-02-02T14:28:30.561+0000] {logging_mixin.py:188} INFO - [2026-02-02T14:28:30.561+0000] {dagbag.py:538} INFO - Filling up the DagBag from /home/airflow/.local/lib/python3.8/site-packages/airflow/example_dags/example_branch_labels.py
[2026-02-02T14:28:30.571+0000] {processor.py:840} INFO - DAG(s) 'example_branch_labels' retrieved from /home/airflow/.local/lib/python3.8/site-packages/airflow/example_dags/example_branch_labels.py
[2026-02-02T14:28:30.595+0000] {logging_mixin.py:188} INFO - [2026-02-02T14:28:30.594+0000] {dag.py:3036} INFO - Sync 1 DAGs
[2026-02-02T14:28:30.621+0000] {logging_mixin.py:188} INFO - [2026-02-02T14:28:30.621+0000] {dag.py:3823} INFO - Setting next_dagrun for example_branch_labels to 2026-02-01 00:00:00+00:00, run_after=2026-02-02 00:00:00+00:00
[2026-02-02T14:28:30.639+0000] {processor.py:183} INFO - Processing /home/airflow/.local/lib/python3.8/site-packages/airflow/example_dags/example_branch_labels.py took 0.084 seconds
[2026-02-02T14:29:00.914+0000] {processor.py:161} INFO - Started process (PID=1012) to work on /home/airflow/.local/lib/python3.8/site-packages/airflow/example_dags/example_branch_labels.py
[2026-02-02T14:29:00.915+0000] {processor.py:830} INFO - Processing file /home/airflow/.local/lib/python3.8/site-packages/airflow/example_dags/example_branch_labels.py for tasks to queue
[2026-02-02T14:29:00.917+0000] {logging_mixin.py:188} INFO - [2026-02-02T14:29:00.916+0000] {dagbag.py:538} INFO - Filling up the DagBag from /home/airflow/.local/lib/python3.8/site-packages/airflow/example_dags/example_branch_labels.py
[2026-02-02T14:29:00.926+0000] {processor.py:840} INFO - DAG(s) 'example_branch_labels' retrieved from /home/airflow/.local/lib/python3.8/site-packages/airflow/example_dags/example_branch_labels.py
[2026-02-02T14:29:00.952+0000] {logging_mixin.py:188} INFO - [2026-02-02T14:29:00.952+0000] {dag.py:3036} INFO - Sync 1 DAGs
[2026-02-02T14:29:00.979+0000] {logging_mixin.py:188} INFO - [2026-02-02T14:29:00.978+0000] {dag.py:3823} INFO - Setting next_dagrun for example_branch_labels to 2026-02-01 00:00:00+00:00, run_after=2026-02-02 00:00:00+00:00
[2026-02-02T14:29:00.996+0000] {processor.py:183} INFO - Processing /home/airflow/.local/lib/python3.8/site-packages/airflow/example_dags/example_branch_labels.py took 0.086 seconds
[2026-02-02T14:29:31.045+0000] {processor.py:161} INFO - Started process (PID=1066) to work on /home/airflow/.local/lib/python3.8/site-packages/airflow/example_dags/example_branch_labels.py
[2026-02-02T14:29:31.046+0000] {processor.py:830} INFO - Processing file /home/airflow/.local/lib/python3.8/site-packages/airflow/example_dags/example_branch_labels.py for tasks to queue
[2026-02-02T14:29:31.047+0000] {logging_mixin.py:188} INFO - [2026-02-02T14:29:31.047+0000] {dagbag.py:538} INFO - Filling up the DagBag from /home/airflow/.local/lib/python3.8/site-packages/airflow/example_dags/example_branch_labels.py
[2026-02-02T14:29:31.054+0000] {processor.py:840} INFO - DAG(s) 'example_branch_labels' retrieved from /home/airflow/.local/lib/python3.8/site-packages/airflow/example_dags/example_branch_labels.py
[2026-02-02T14:29:31.070+0000] {logging_mixin.py:188} INFO - [2026-02-02T14:29:31.070+0000] {dag.py:3036} INFO - Sync 1 DAGs
[2026-02-02T14:29:31.088+0000] {logging_mixin.py:188} INFO - [2026-02-02T14:29:31.088+0000] {dag.py:3823} INFO - Setting next_dagrun for example_branch_labels to 2026-02-01 00:00:00+00:00, run_after=2026-02-02 00:00:00+00:00
[2026-02-02T14:29:31.101+0000] {processor.py:183} INFO - Processing /home/airflow/.local/lib/python3.8/site-packages/airflow/example_dags/example_branch_labels.py took 0.058 seconds
[2026-02-02T14:30:01.753+0000] {processor.py:161} INFO - Started process (PID=1122) to work on /home/airflow/.local/lib/python3.8/site-packages/airflow/example_dags/example_branch_labels.py
[2026-02-02T14:30:01.754+0000] {processor.py:830} INFO - Processing file /home/airflow/.local/lib/python3.8/site-packages/airflow/example_dags/example_branch_labels.py for tasks to queue
[2026-02-02T14:30:01.756+0000] {logging_mixin.py:188} INFO - [2026-02-02T14:30:01.756+0000] {dagbag.py:538} INFO - Filling up the DagBag from /home/airflow/.local/lib/python3.8/site-packages/airflow/example_dags/example_branch_labels.py
[2026-02-02T14:30:01.766+0000] {processor.py:840} INFO - DAG(s) 'example_branch_labels' retrieved from /home/airflow/.local/lib/python3.8/site-packages/airflow/example_dags/example_branch_labels.py
[2026-02-02T14:30:01.791+0000] {logging_mixin.py:188} INFO - [2026-02-02T14:30:01.791+0000] {dag.py:3036} INFO - Sync 1 DAGs
[2026-02-02T14:30:01.828+0000] {logging_mixin.py:188} INFO - [2026-02-02T14:30:01.828+0000] {dag.py:3823} INFO - Setting next_dagrun for example_branch_labels to 2026-02-01 00:00:00+00:00, run_after=2026-02-02 00:00:00+00:00
[2026-02-02T14:30:01.867+0000] {processor.py:183} INFO - Processing /home/airflow/.local/lib/python3.8/site-packages/airflow/example_dags/example_branch_labels.py took 0.117 seconds
[2026-02-02T14:30:32.466+0000] {processor.py:161} INFO - Started process (PID=1177) to work on /home/airflow/.local/lib/python3.8/site-packages/airflow/example_dags/example_branch_labels.py
[2026-02-02T14:30:32.469+0000] {processor.py:830} INFO - Processing file /home/airflow/.local/lib/python3.8/site-packages/airflow/example_dags/example_branch_labels.py for tasks to queue
[2026-02-02T14:30:32.471+0000] {logging_mixin.py:188} INFO - [2026-02-02T14:30:32.470+0000] {dagbag.py:538} INFO - Filling up the DagBag from /home/airflow/.local/lib/python3.8/site-packages/airflow/example_dags/example_branch_labels.py
[2026-02-02T14:30:32.494+0000] {processor.py:840} INFO - DAG(s) 'example_branch_labels' retrieved from /home/airflow/.local/lib/python3.8/site-packages/airflow/example_dags/example_branch_labels.py
[2026-02-02T14:30:32.543+0000] {logging_mixin.py:188} INFO - [2026-02-02T14:30:32.543+0000] {dag.py:3036} INFO - Sync 1 DAGs
[2026-02-02T14:30:32.599+0000] {logging_mixin.py:188} INFO - [2026-02-02T14:30:32.599+0000] {dag.py:3823} INFO - Setting next_dagrun for example_branch_labels to 2026-02-01 00:00:00+00:00, run_after=2026-02-02 00:00:00+00:00
[2026-02-02T14:30:32.629+0000] {processor.py:183} INFO - Processing /home/airflow/.local/lib/python3.8/site-packages/airflow/example_dags/example_branch_labels.py took 0.170 seconds
[2026-02-02T14:31:02.753+0000] {processor.py:161} INFO - Started process (PID=1231) to work on /home/airflow/.local/lib/python3.8/site-packages/airflow/example_dags/example_branch_labels.py
[2026-02-02T14:31:02.754+0000] {processor.py:830} INFO - Processing file /home/airflow/.local/lib/python3.8/site-packages/airflow/example_dags/example_branch_labels.py for tasks to queue
[2026-02-02T14:31:02.756+0000] {logging_mixin.py:188} INFO - [2026-02-02T14:31:02.755+0000] {dagbag.py:538} INFO - Filling up the DagBag from /home/airflow/.local/lib/python3.8/site-packages/airflow/example_dags/example_branch_labels.py
[2026-02-02T14:31:02.765+0000] {processor.py:840} INFO - DAG(s) 'example_branch_labels' retrieved from /home/airflow/.local/lib/python3.8/site-packages/airflow/example_dags/example_branch_labels.py
[2026-02-02T14:31:02.789+0000] {logging_mixin.py:188} INFO - [2026-02-02T14:31:02.788+0000] {dag.py:3036} INFO - Sync 1 DAGs
[2026-02-02T14:31:02.816+0000] {logging_mixin.py:188} INFO - [2026-02-02T14:31:02.815+0000] {dag.py:3823} INFO - Setting next_dagrun for example_branch_labels to 2026-02-01 00:00:00+00:00, run_after=2026-02-02 00:00:00+00:00
[2026-02-02T14:31:02.833+0000] {processor.py:183} INFO - Processing /home/airflow/.local/lib/python3.8/site-packages/airflow/example_dags/example_branch_labels.py took 0.084 seconds
[2026-02-02T14:31:33.929+0000] {processor.py:161} INFO - Started process (PID=1285) to work on /home/airflow/.local/lib/python3.8/site-packages/airflow/example_dags/example_branch_labels.py
[2026-02-02T14:31:33.935+0000] {processor.py:830} INFO - Processing file /home/airflow/.local/lib/python3.8/site-packages/airflow/example_dags/example_branch_labels.py for tasks to queue
[2026-02-02T14:31:33.943+0000] {logging_mixin.py:188} INFO - [2026-02-02T14:31:33.943+0000] {dagbag.py:538} INFO - Filling up the DagBag from /home/airflow/.local/lib/python3.8/site-packages/airflow/example_dags/example_branch_labels.py
[2026-02-02T14:31:33.980+0000] {processor.py:840} INFO - DAG(s) 'example_branch_labels' retrieved from /home/airflow/.local/lib/python3.8/site-packages/airflow/example_dags/example_branch_labels.py
[2026-02-02T14:31:34.057+0000] {logging_mixin.py:188} INFO - [2026-02-02T14:31:34.057+0000] {dag.py:3036} INFO - Sync 1 DAGs
[2026-02-02T14:31:34.145+0000] {logging_mixin.py:188} INFO - [2026-02-02T14:31:34.140+0000] {dag.py:3823} INFO - Setting next_dagrun for example_branch_labels to 2026-02-01 00:00:00+00:00, run_after=2026-02-02 00:00:00+00:00
[2026-02-02T14:31:34.194+0000] {processor.py:183} INFO - Processing /home/airflow/.local/lib/python3.8/site-packages/airflow/example_dags/example_branch_labels.py took 0.278 seconds
[2026-02-02T14:32:04.819+0000] {processor.py:161} INFO - Started process (PID=1340) to work on /home/airflow/.local/lib/python3.8/site-packages/airflow/example_dags/example_branch_labels.py
[2026-02-02T14:32:04.820+0000] {processor.py:830} INFO - Processing file /home/airflow/.local/lib/python3.8/site-packages/airflow/example_dags/example_branch_labels.py for tasks to queue
[2026-02-02T14:32:04.824+0000] {logging_mixin.py:188} INFO - [2026-02-02T14:32:04.824+0000] {dagbag.py:538} INFO - Filling up the DagBag from /home/airflow/.local/lib/python3.8/site-packages/airflow/example_dags/example_branch_labels.py
[2026-02-02T14:32:04.844+0000] {processor.py:840} INFO - DAG(s) 'example_branch_labels' retrieved from /home/airflow/.local/lib/python3.8/site-packages/airflow/example_dags/example_branch_labels.py
[2026-02-02T14:32:04.899+0000] {logging_mixin.py:188} INFO - [2026-02-02T14:32:04.899+0000] {dag.py:3036} INFO - Sync 1 DAGs
[2026-02-02T14:32:04.962+0000] {logging_mixin.py:188} INFO - [2026-02-02T14:32:04.962+0000] {dag.py:3823} INFO - Setting next_dagrun for example_branch_labels to 2026-02-01 00:00:00+00:00, run_after=2026-02-02 00:00:00+00:00
[2026-02-02T14:32:05.002+0000] {processor.py:183} INFO - Processing /home/airflow/.local/lib/python3.8/site-packages/airflow/example_dags/example_branch_labels.py took 0.190 seconds
[2026-02-02T14:32:35.084+0000] {processor.py:161} INFO - Started process (PID=1394) to work on /home/airflow/.local/lib/python3.8/site-packages/airflow/example_dags/example_branch_labels.py
[2026-02-02T14:32:35.085+0000] {processor.py:830} INFO - Processing file /home/airflow/.local/lib/python3.8/site-packages/airflow/example_dags/example_branch_labels.py for tasks to queue
[2026-02-02T14:32:35.086+0000] {logging_mixin.py:188} INFO - [2026-02-02T14:32:35.086+0000] {dagbag.py:538} INFO - Filling up the DagBag from /home/airflow/.local/lib/python3.8/site-packages/airflow/example_dags/example_branch_labels.py
[2026-02-02T14:32:35.096+0000] {processor.py:840} INFO - DAG(s) 'example_branch_labels' retrieved from /home/airflow/.local/lib/python3.8/site-packages/airflow/example_dags/example_branch_labels.py
[2026-02-02T14:32:35.119+0000] {logging_mixin.py:188} INFO - [2026-02-02T14:32:35.119+0000] {dag.py:3036} INFO - Sync 1 DAGs
[2026-02-02T14:32:35.146+0000] {logging_mixin.py:188} INFO - [2026-02-02T14:32:35.146+0000] {dag.py:3823} INFO - Setting next_dagrun for example_branch_labels to 2026-02-01 00:00:00+00:00, run_after=2026-02-02 00:00:00+00:00
[2026-02-02T14:32:35.167+0000] {processor.py:183} INFO - Processing /home/airflow/.local/lib/python3.8/site-packages/airflow/example_dags/example_branch_labels.py took 0.088 seconds
[2026-02-02T14:33:05.602+0000] {processor.py:161} INFO - Started process (PID=1449) to work on /home/airflow/.local/lib/python3.8/site-packages/airflow/example_dags/example_branch_labels.py
[2026-02-02T14:33:05.603+0000] {processor.py:830} INFO - Processing file /home/airflow/.local/lib/python3.8/site-packages/airflow/example_dags/example_branch_labels.py for tasks to queue
[2026-02-02T14:33:05.605+0000] {logging_mixin.py:188} INFO - [2026-02-02T14:33:05.605+0000] {dagbag.py:538} INFO - Filling up the DagBag from /home/airflow/.local/lib/python3.8/site-packages/airflow/example_dags/example_branch_labels.py
[2026-02-02T14:33:05.615+0000] {processor.py:840} INFO - DAG(s) 'example_branch_labels' retrieved from /home/airflow/.local/lib/python3.8/site-packages/airflow/example_dags/example_branch_labels.py
[2026-02-02T14:33:05.638+0000] {logging_mixin.py:188} INFO - [2026-02-02T14:33:05.638+0000] {dag.py:3036} INFO - Sync 1 DAGs
[2026-02-02T14:33:05.665+0000] {logging_mixin.py:188} INFO - [2026-02-02T14:33:05.665+0000] {dag.py:3823} INFO - Setting next_dagrun for example_branch_labels to 2026-02-01 00:00:00+00:00, run_after=2026-02-02 00:00:00+00:00
[2026-02-02T14:33:05.686+0000] {processor.py:183} INFO - Processing /home/airflow/.local/lib/python3.8/site-packages/airflow/example_dags/example_branch_labels.py took 0.087 seconds
[2026-02-02T14:33:35.732+0000] {processor.py:161} INFO - Started process (PID=1504) to work on /home/airflow/.local/lib/python3.8/site-packages/airflow/example_dags/example_branch_labels.py
[2026-02-02T14:33:35.733+0000] {processor.py:830} INFO - Processing file /home/airflow/.local/lib/python3.8/site-packages/airflow/example_dags/example_branch_labels.py for tasks to queue
[2026-02-02T14:33:35.735+0000] {logging_mixin.py:188} INFO - [2026-02-02T14:33:35.735+0000] {dagbag.py:538} INFO - Filling up the DagBag from /home/airflow/.local/lib/python3.8/site-packages/airflow/example_dags/example_branch_labels.py
[2026-02-02T14:33:35.744+0000] {processor.py:840} INFO - DAG(s) 'example_branch_labels' retrieved from /home/airflow/.local/lib/python3.8/site-packages/airflow/example_dags/example_branch_labels.py
[2026-02-02T14:33:35.787+0000] {logging_mixin.py:188} INFO - [2026-02-02T14:33:35.787+0000] {dag.py:3036} INFO - Sync 1 DAGs
[2026-02-02T14:33:35.850+0000] {logging_mixin.py:188} INFO - [2026-02-02T14:33:35.850+0000] {dag.py:3823} INFO - Setting next_dagrun for example_branch_labels to 2026-02-01 00:00:00+00:00, run_after=2026-02-02 00:00:00+00:00
[2026-02-02T14:33:35.870+0000] {processor.py:183} INFO - Processing /home/airflow/.local/lib/python3.8/site-packages/airflow/example_dags/example_branch_labels.py took 0.142 seconds
[2026-02-02T14:34:06.022+0000] {processor.py:161} INFO - Started process (PID=1559) to work on /home/airflow/.local/lib/python3.8/site-packages/airflow/example_dags/example_branch_labels.py
[2026-02-02T14:34:06.023+0000] {processor.py:830} INFO - Processing file /home/airflow/.local/lib/python3.8/site-packages/airflow/example_dags/example_branch_labels.py for tasks to queue
[2026-02-02T14:34:06.025+0000] {logging_mixin.py:188} INFO - [2026-02-02T14:34:06.024+0000] {dagbag.py:538} INFO - Filling up the DagBag from /home/airflow/.local/lib/python3.8/site-packages/airflow/example_dags/example_branch_labels.py
[2026-02-02T14:34:06.035+0000] {processor.py:840} INFO - DAG(s) 'example_branch_labels' retrieved from /home/airflow/.local/lib/python3.8/site-packages/airflow/example_dags/example_branch_labels.py
[2026-02-02T14:34:06.059+0000] {logging_mixin.py:188} INFO - [2026-02-02T14:34:06.059+0000] {dag.py:3036} INFO - Sync 1 DAGs
[2026-02-02T14:34:06.086+0000] {logging_mixin.py:188} INFO - [2026-02-02T14:34:06.086+0000] {dag.py:3823} INFO - Setting next_dagrun for example_branch_labels to 2026-02-01 00:00:00+00:00, run_after=2026-02-02 00:00:00+00:00
[2026-02-02T14:34:06.107+0000] {processor.py:183} INFO - Processing /home/airflow/.local/lib/python3.8/site-packages/airflow/example_dags/example_branch_labels.py took 0.088 seconds
[2026-02-02T14:34:36.574+0000] {processor.py:161} INFO - Started process (PID=1614) to work on /home/airflow/.local/lib/python3.8/site-packages/airflow/example_dags/example_branch_labels.py
[2026-02-02T14:34:36.575+0000] {processor.py:830} INFO - Processing file /home/airflow/.local/lib/python3.8/site-packages/airflow/example_dags/example_branch_labels.py for tasks to queue
[2026-02-02T14:34:36.577+0000] {logging_mixin.py:188} INFO - [2026-02-02T14:34:36.577+0000] {dagbag.py:538} INFO - Filling up the DagBag from /home/airflow/.local/lib/python3.8/site-packages/airflow/example_dags/example_branch_labels.py
[2026-02-02T14:34:36.588+0000] {processor.py:840} INFO - DAG(s) 'example_branch_labels' retrieved from /home/airflow/.local/lib/python3.8/site-packages/airflow/example_dags/example_branch_labels.py
[2026-02-02T14:34:36.631+0000] {logging_mixin.py:188} INFO - [2026-02-02T14:34:36.631+0000] {dag.py:3036} INFO - Sync 1 DAGs
[2026-02-02T14:34:36.709+0000] {logging_mixin.py:188} INFO - [2026-02-02T14:34:36.708+0000] {dag.py:3823} INFO - Setting next_dagrun for example_branch_labels to 2026-02-01 00:00:00+00:00, run_after=2026-02-02 00:00:00+00:00
[2026-02-02T14:34:36.746+0000] {processor.py:183} INFO - Processing /home/airflow/.local/lib/python3.8/site-packages/airflow/example_dags/example_branch_labels.py took 0.177 seconds
[2026-02-02T14:35:06.863+0000] {processor.py:161} INFO - Started process (PID=1669) to work on /home/airflow/.local/lib/python3.8/site-packages/airflow/example_dags/example_branch_labels.py
[2026-02-02T14:35:06.863+0000] {processor.py:830} INFO - Processing file /home/airflow/.local/lib/python3.8/site-packages/airflow/example_dags/example_branch_labels.py for tasks to queue
[2026-02-02T14:35:06.866+0000] {logging_mixin.py:188} INFO - [2026-02-02T14:35:06.865+0000] {dagbag.py:538} INFO - Filling up the DagBag from /home/airflow/.local/lib/python3.8/site-packages/airflow/example_dags/example_branch_labels.py
[2026-02-02T14:35:06.875+0000] {processor.py:840} INFO - DAG(s) 'example_branch_labels' retrieved from /home/airflow/.local/lib/python3.8/site-packages/airflow/example_dags/example_branch_labels.py
[2026-02-02T14:35:06.899+0000] {logging_mixin.py:188} INFO - [2026-02-02T14:35:06.899+0000] {dag.py:3036} INFO - Sync 1 DAGs
[2026-02-02T14:35:06.926+0000] {logging_mixin.py:188} INFO - [2026-02-02T14:35:06.925+0000] {dag.py:3823} INFO - Setting next_dagrun for example_branch_labels to 2026-02-01 00:00:00+00:00, run_after=2026-02-02 00:00:00+00:00
[2026-02-02T14:35:06.945+0000] {processor.py:183} INFO - Processing /home/airflow/.local/lib/python3.8/site-packages/airflow/example_dags/example_branch_labels.py took 0.086 seconds
[2026-02-02T14:35:37.342+0000] {processor.py:161} INFO - Started process (PID=1724) to work on /home/airflow/.local/lib/python3.8/site-packages/airflow/example_dags/example_branch_labels.py
[2026-02-02T14:35:37.343+0000] {processor.py:830} INFO - Processing file /home/airflow/.local/lib/python3.8/site-packages/airflow/example_dags/example_branch_labels.py for tasks to queue
[2026-02-02T14:35:37.345+0000] {logging_mixin.py:188} INFO - [2026-02-02T14:35:37.344+0000] {dagbag.py:538} INFO - Filling up the DagBag from /home/airflow/.local/lib/python3.8/site-packages/airflow/example_dags/example_branch_labels.py
[2026-02-02T14:35:37.354+0000] {processor.py:840} INFO - DAG(s) 'example_branch_labels' retrieved from /home/airflow/.local/lib/python3.8/site-packages/airflow/example_dags/example_branch_labels.py
[2026-02-02T14:35:37.377+0000] {logging_mixin.py:188} INFO - [2026-02-02T14:35:37.377+0000] {dag.py:3036} INFO - Sync 1 DAGs
[2026-02-02T14:35:37.418+0000] {logging_mixin.py:188} INFO - [2026-02-02T14:35:37.417+0000] {dag.py:3823} INFO - Setting next_dagrun for example_branch_labels to 2026-02-01 00:00:00+00:00, run_after=2026-02-02 00:00:00+00:00
[2026-02-02T14:35:37.440+0000] {processor.py:183} INFO - Processing /home/airflow/.local/lib/python3.8/site-packages/airflow/example_dags/example_branch_labels.py took 0.101 seconds
[2026-02-02T14:36:08.272+0000] {processor.py:161} INFO - Started process (PID=1779) to work on /home/airflow/.local/lib/python3.8/site-packages/airflow/example_dags/example_branch_labels.py
[2026-02-02T14:36:08.273+0000] {processor.py:830} INFO - Processing file /home/airflow/.local/lib/python3.8/site-packages/airflow/example_dags/example_branch_labels.py for tasks to queue
[2026-02-02T14:36:08.275+0000] {logging_mixin.py:188} INFO - [2026-02-02T14:36:08.274+0000] {dagbag.py:538} INFO - Filling up the DagBag from /home/airflow/.local/lib/python3.8/site-packages/airflow/example_dags/example_branch_labels.py
[2026-02-02T14:36:08.284+0000] {processor.py:840} INFO - DAG(s) 'example_branch_labels' retrieved from /home/airflow/.local/lib/python3.8/site-packages/airflow/example_dags/example_branch_labels.py
[2026-02-02T14:36:08.307+0000] {logging_mixin.py:188} INFO - [2026-02-02T14:36:08.307+0000] {dag.py:3036} INFO - Sync 1 DAGs
[2026-02-02T14:36:08.336+0000] {logging_mixin.py:188} INFO - [2026-02-02T14:36:08.336+0000] {dag.py:3823} INFO - Setting next_dagrun for example_branch_labels to 2026-02-01 00:00:00+00:00, run_after=2026-02-02 00:00:00+00:00
[2026-02-02T14:36:08.362+0000] {processor.py:183} INFO - Processing /home/airflow/.local/lib/python3.8/site-packages/airflow/example_dags/example_branch_labels.py took 0.094 seconds
[2026-02-02T14:36:38.763+0000] {processor.py:161} INFO - Started process (PID=1834) to work on /home/airflow/.local/lib/python3.8/site-packages/airflow/example_dags/example_branch_labels.py
[2026-02-02T14:36:38.764+0000] {processor.py:830} INFO - Processing file /home/airflow/.local/lib/python3.8/site-packages/airflow/example_dags/example_branch_labels.py for tasks to queue
[2026-02-02T14:36:38.766+0000] {logging_mixin.py:188} INFO - [2026-02-02T14:36:38.766+0000] {dagbag.py:538} INFO - Filling up the DagBag from /home/airflow/.local/lib/python3.8/site-packages/airflow/example_dags/example_branch_labels.py
[2026-02-02T14:36:38.776+0000] {processor.py:840} INFO - DAG(s) 'example_branch_labels' retrieved from /home/airflow/.local/lib/python3.8/site-packages/airflow/example_dags/example_branch_labels.py
[2026-02-02T14:36:38.819+0000] {logging_mixin.py:188} INFO - [2026-02-02T14:36:38.819+0000] {dag.py:3036} INFO - Sync 1 DAGs
[2026-02-02T14:36:38.857+0000] {logging_mixin.py:188} INFO - [2026-02-02T14:36:38.857+0000] {dag.py:3823} INFO - Setting next_dagrun for example_branch_labels to 2026-02-01 00:00:00+00:00, run_after=2026-02-02 00:00:00+00:00
[2026-02-02T14:36:38.874+0000] {processor.py:183} INFO - Processing /home/airflow/.local/lib/python3.8/site-packages/airflow/example_dags/example_branch_labels.py took 0.114 seconds
[2026-02-02T14:37:08.905+0000] {processor.py:161} INFO - Started process (PID=1889) to work on /home/airflow/.local/lib/python3.8/site-packages/airflow/example_dags/example_branch_labels.py
[2026-02-02T14:37:08.906+0000] {processor.py:830} INFO - Processing file /home/airflow/.local/lib/python3.8/site-packages/airflow/example_dags/example_branch_labels.py for tasks to queue
[2026-02-02T14:37:08.908+0000] {logging_mixin.py:188} INFO - [2026-02-02T14:37:08.908+0000] {dagbag.py:538} INFO - Filling up the DagBag from /home/airflow/.local/lib/python3.8/site-packages/airflow/example_dags/example_branch_labels.py
[2026-02-02T14:37:08.918+0000] {processor.py:840} INFO - DAG(s) 'example_branch_labels' retrieved from /home/airflow/.local/lib/python3.8/site-packages/airflow/example_dags/example_branch_labels.py
[2026-02-02T14:37:08.942+0000] {logging_mixin.py:188} INFO - [2026-02-02T14:37:08.942+0000] {dag.py:3036} INFO - Sync 1 DAGs
[2026-02-02T14:37:08.969+0000] {logging_mixin.py:188} INFO - [2026-02-02T14:37:08.968+0000] {dag.py:3823} INFO - Setting next_dagrun for example_branch_labels to 2026-02-01 00:00:00+00:00, run_after=2026-02-02 00:00:00+00:00
[2026-02-02T14:37:08.991+0000] {processor.py:183} INFO - Processing /home/airflow/.local/lib/python3.8/site-packages/airflow/example_dags/example_branch_labels.py took 0.090 seconds
[2026-02-02T14:37:39.153+0000] {processor.py:161} INFO - Started process (PID=1944) to work on /home/airflow/.local/lib/python3.8/site-packages/airflow/example_dags/example_branch_labels.py
[2026-02-02T14:37:39.154+0000] {processor.py:830} INFO - Processing file /home/airflow/.local/lib/python3.8/site-packages/airflow/example_dags/example_branch_labels.py for tasks to queue
[2026-02-02T14:37:39.156+0000] {logging_mixin.py:188} INFO - [2026-02-02T14:37:39.156+0000] {dagbag.py:538} INFO - Filling up the DagBag from /home/airflow/.local/lib/python3.8/site-packages/airflow/example_dags/example_branch_labels.py
[2026-02-02T14:37:39.167+0000] {processor.py:840} INFO - DAG(s) 'example_branch_labels' retrieved from /home/airflow/.local/lib/python3.8/site-packages/airflow/example_dags/example_branch_labels.py
[2026-02-02T14:37:39.197+0000] {logging_mixin.py:188} INFO - [2026-02-02T14:37:39.197+0000] {dag.py:3036} INFO - Sync 1 DAGs
[2026-02-02T14:37:39.241+0000] {logging_mixin.py:188} INFO - [2026-02-02T14:37:39.241+0000] {dag.py:3823} INFO - Setting next_dagrun for example_branch_labels to 2026-02-01 00:00:00+00:00, run_after=2026-02-02 00:00:00+00:00
[2026-02-02T14:37:39.284+0000] {processor.py:183} INFO - Processing /home/airflow/.local/lib/python3.8/site-packages/airflow/example_dags/example_branch_labels.py took 0.134 seconds
[2026-02-02T14:38:09.632+0000] {processor.py:161} INFO - Started process (PID=1998) to work on /home/airflow/.local/lib/python3.8/site-packages/airflow/example_dags/example_branch_labels.py
[2026-02-02T14:38:09.633+0000] {processor.py:830} INFO - Processing file /home/airflow/.local/lib/python3.8/site-packages/airflow/example_dags/example_branch_labels.py for tasks to queue
[2026-02-02T14:38:09.635+0000] {logging_mixin.py:188} INFO - [2026-02-02T14:38:09.635+0000] {dagbag.py:538} INFO - Filling up the DagBag from /home/airflow/.local/lib/python3.8/site-packages/airflow/example_dags/example_branch_labels.py
[2026-02-02T14:38:09.644+0000] {processor.py:840} INFO - DAG(s) 'example_branch_labels' retrieved from /home/airflow/.local/lib/python3.8/site-packages/airflow/example_dags/example_branch_labels.py
[2026-02-02T14:38:09.668+0000] {logging_mixin.py:188} INFO - [2026-02-02T14:38:09.667+0000] {dag.py:3036} INFO - Sync 1 DAGs
[2026-02-02T14:38:09.693+0000] {logging_mixin.py:188} INFO - [2026-02-02T14:38:09.692+0000] {dag.py:3823} INFO - Setting next_dagrun for example_branch_labels to 2026-02-01 00:00:00+00:00, run_after=2026-02-02 00:00:00+00:00
[2026-02-02T14:38:09.714+0000] {processor.py:183} INFO - Processing /home/airflow/.local/lib/python3.8/site-packages/airflow/example_dags/example_branch_labels.py took 0.086 seconds
[2026-02-02T14:38:40.682+0000] {processor.py:161} INFO - Started process (PID=2053) to work on /home/airflow/.local/lib/python3.8/site-packages/airflow/example_dags/example_branch_labels.py
[2026-02-02T14:38:40.683+0000] {processor.py:830} INFO - Processing file /home/airflow/.local/lib/python3.8/site-packages/airflow/example_dags/example_branch_labels.py for tasks to queue
[2026-02-02T14:38:40.686+0000] {logging_mixin.py:188} INFO - [2026-02-02T14:38:40.686+0000] {dagbag.py:538} INFO - Filling up the DagBag from /home/airflow/.local/lib/python3.8/site-packages/airflow/example_dags/example_branch_labels.py
[2026-02-02T14:38:40.703+0000] {processor.py:840} INFO - DAG(s) 'example_branch_labels' retrieved from /home/airflow/.local/lib/python3.8/site-packages/airflow/example_dags/example_branch_labels.py
[2026-02-02T14:38:40.763+0000] {logging_mixin.py:188} INFO - [2026-02-02T14:38:40.763+0000] {dag.py:3036} INFO - Sync 1 DAGs
[2026-02-02T14:38:40.821+0000] {logging_mixin.py:188} INFO - [2026-02-02T14:38:40.820+0000] {dag.py:3823} INFO - Setting next_dagrun for example_branch_labels to 2026-02-01 00:00:00+00:00, run_after=2026-02-02 00:00:00+00:00
[2026-02-02T14:38:40.867+0000] {processor.py:183} INFO - Processing /home/airflow/.local/lib/python3.8/site-packages/airflow/example_dags/example_branch_labels.py took 0.197 seconds
[2026-02-02T14:39:11.268+0000] {processor.py:161} INFO - Started process (PID=2108) to work on /home/airflow/.local/lib/python3.8/site-packages/airflow/example_dags/example_branch_labels.py
[2026-02-02T14:39:11.270+0000] {processor.py:830} INFO - Processing file /home/airflow/.local/lib/python3.8/site-packages/airflow/example_dags/example_branch_labels.py for tasks to queue
[2026-02-02T14:39:11.272+0000] {logging_mixin.py:188} INFO - [2026-02-02T14:39:11.271+0000] {dagbag.py:538} INFO - Filling up the DagBag from /home/airflow/.local/lib/python3.8/site-packages/airflow/example_dags/example_branch_labels.py
[2026-02-02T14:39:11.283+0000] {processor.py:840} INFO - DAG(s) 'example_branch_labels' retrieved from /home/airflow/.local/lib/python3.8/site-packages/airflow/example_dags/example_branch_labels.py
[2026-02-02T14:39:11.336+0000] {logging_mixin.py:188} INFO - [2026-02-02T14:39:11.336+0000] {dag.py:3036} INFO - Sync 1 DAGs
[2026-02-02T14:39:11.414+0000] {logging_mixin.py:188} INFO - [2026-02-02T14:39:11.414+0000] {dag.py:3823} INFO - Setting next_dagrun for example_branch_labels to 2026-02-01 00:00:00+00:00, run_after=2026-02-02 00:00:00+00:00
[2026-02-02T14:39:11.474+0000] {processor.py:183} INFO - Processing /home/airflow/.local/lib/python3.8/site-packages/airflow/example_dags/example_branch_labels.py took 0.211 seconds
[2026-02-02T14:39:41.564+0000] {processor.py:161} INFO - Started process (PID=2163) to work on /home/airflow/.local/lib/python3.8/site-packages/airflow/example_dags/example_branch_labels.py
[2026-02-02T14:39:41.565+0000] {processor.py:830} INFO - Processing file /home/airflow/.local/lib/python3.8/site-packages/airflow/example_dags/example_branch_labels.py for tasks to queue
[2026-02-02T14:39:41.567+0000] {logging_mixin.py:188} INFO - [2026-02-02T14:39:41.567+0000] {dagbag.py:538} INFO - Filling up the DagBag from /home/airflow/.local/lib/python3.8/site-packages/airflow/example_dags/example_branch_labels.py
[2026-02-02T14:39:41.576+0000] {processor.py:840} INFO - DAG(s) 'example_branch_labels' retrieved from /home/airflow/.local/lib/python3.8/site-packages/airflow/example_dags/example_branch_labels.py
[2026-02-02T14:39:41.601+0000] {logging_mixin.py:188} INFO - [2026-02-02T14:39:41.600+0000] {dag.py:3036} INFO - Sync 1 DAGs
[2026-02-02T14:39:41.627+0000] {logging_mixin.py:188} INFO - [2026-02-02T14:39:41.627+0000] {dag.py:3823} INFO - Setting next_dagrun for example_branch_labels to 2026-02-01 00:00:00+00:00, run_after=2026-02-02 00:00:00+00:00
[2026-02-02T14:39:41.647+0000] {processor.py:183} INFO - Processing /home/airflow/.local/lib/python3.8/site-packages/airflow/example_dags/example_branch_labels.py took 0.087 seconds
[2026-02-02T14:40:11.797+0000] {processor.py:161} INFO - Started process (PID=2217) to work on /home/airflow/.local/lib/python3.8/site-packages/airflow/example_dags/example_branch_labels.py
[2026-02-02T14:40:11.798+0000] {processor.py:830} INFO - Processing file /home/airflow/.local/lib/python3.8/site-packages/airflow/example_dags/example_branch_labels.py for tasks to queue
[2026-02-02T14:40:11.800+0000] {logging_mixin.py:188} INFO - [2026-02-02T14:40:11.800+0000] {dagbag.py:538} INFO - Filling up the DagBag from /home/airflow/.local/lib/python3.8/site-packages/airflow/example_dags/example_branch_labels.py
[2026-02-02T14:40:11.810+0000] {processor.py:840} INFO - DAG(s) 'example_branch_labels' retrieved from /home/airflow/.local/lib/python3.8/site-packages/airflow/example_dags/example_branch_labels.py
[2026-02-02T14:40:11.843+0000] {logging_mixin.py:188} INFO - [2026-02-02T14:40:11.842+0000] {dag.py:3036} INFO - Sync 1 DAGs
[2026-02-02T14:40:11.893+0000] {logging_mixin.py:188} INFO - [2026-02-02T14:40:11.892+0000] {dag.py:3823} INFO - Setting next_dagrun for example_branch_labels to 2026-02-01 00:00:00+00:00, run_after=2026-02-02 00:00:00+00:00
[2026-02-02T14:40:11.938+0000] {processor.py:183} INFO - Processing /home/airflow/.local/lib/python3.8/site-packages/airflow/example_dags/example_branch_labels.py took 0.145 seconds
[2026-02-02T14:40:42.075+0000] {processor.py:161} INFO - Started process (PID=2272) to work on /home/airflow/.local/lib/python3.8/site-packages/airflow/example_dags/example_branch_labels.py
[2026-02-02T14:40:42.076+0000] {processor.py:830} INFO - Processing file /home/airflow/.local/lib/python3.8/site-packages/airflow/example_dags/example_branch_labels.py for tasks to queue
[2026-02-02T14:40:42.078+0000] {logging_mixin.py:188} INFO - [2026-02-02T14:40:42.078+0000] {dagbag.py:538} INFO - Filling up the DagBag from /home/airflow/.local/lib/python3.8/site-packages/airflow/example_dags/example_branch_labels.py
[2026-02-02T14:40:42.087+0000] {processor.py:840} INFO - DAG(s) 'example_branch_labels' retrieved from /home/airflow/.local/lib/python3.8/site-packages/airflow/example_dags/example_branch_labels.py
[2026-02-02T14:40:42.110+0000] {logging_mixin.py:188} INFO - [2026-02-02T14:40:42.110+0000] {dag.py:3036} INFO - Sync 1 DAGs
[2026-02-02T14:40:42.137+0000] {logging_mixin.py:188} INFO - [2026-02-02T14:40:42.137+0000] {dag.py:3823} INFO - Setting next_dagrun for example_branch_labels to 2026-02-01 00:00:00+00:00, run_after=2026-02-02 00:00:00+00:00
[2026-02-02T14:40:42.161+0000] {processor.py:183} INFO - Processing /home/airflow/.local/lib/python3.8/site-packages/airflow/example_dags/example_branch_labels.py took 0.090 seconds
[2026-02-02T14:41:12.341+0000] {processor.py:161} INFO - Started process (PID=2328) to work on /home/airflow/.local/lib/python3.8/site-packages/airflow/example_dags/example_branch_labels.py
[2026-02-02T14:41:12.342+0000] {processor.py:830} INFO - Processing file /home/airflow/.local/lib/python3.8/site-packages/airflow/example_dags/example_branch_labels.py for tasks to queue
[2026-02-02T14:41:12.344+0000] {logging_mixin.py:188} INFO - [2026-02-02T14:41:12.343+0000] {dagbag.py:538} INFO - Filling up the DagBag from /home/airflow/.local/lib/python3.8/site-packages/airflow/example_dags/example_branch_labels.py
[2026-02-02T14:41:12.353+0000] {processor.py:840} INFO - DAG(s) 'example_branch_labels' retrieved from /home/airflow/.local/lib/python3.8/site-packages/airflow/example_dags/example_branch_labels.py
[2026-02-02T14:41:12.376+0000] {logging_mixin.py:188} INFO - [2026-02-02T14:41:12.375+0000] {dag.py:3036} INFO - Sync 1 DAGs
[2026-02-02T14:41:12.402+0000] {logging_mixin.py:188} INFO - [2026-02-02T14:41:12.402+0000] {dag.py:3823} INFO - Setting next_dagrun for example_branch_labels to 2026-02-01 00:00:00+00:00, run_after=2026-02-02 00:00:00+00:00
[2026-02-02T14:41:12.425+0000] {processor.py:183} INFO - Processing /home/airflow/.local/lib/python3.8/site-packages/airflow/example_dags/example_branch_labels.py took 0.088 seconds
[2026-02-02T14:41:42.552+0000] {processor.py:161} INFO - Started process (PID=2383) to work on /home/airflow/.local/lib/python3.8/site-packages/airflow/example_dags/example_branch_labels.py
[2026-02-02T14:41:42.553+0000] {processor.py:830} INFO - Processing file /home/airflow/.local/lib/python3.8/site-packages/airflow/example_dags/example_branch_labels.py for tasks to queue
[2026-02-02T14:41:42.555+0000] {logging_mixin.py:188} INFO - [2026-02-02T14:41:42.555+0000] {dagbag.py:538} INFO - Filling up the DagBag from /home/airflow/.local/lib/python3.8/site-packages/airflow/example_dags/example_branch_labels.py
[2026-02-02T14:41:42.564+0000] {processor.py:840} INFO - DAG(s) 'example_branch_labels' retrieved from /home/airflow/.local/lib/python3.8/site-packages/airflow/example_dags/example_branch_labels.py
[2026-02-02T14:41:42.587+0000] {logging_mixin.py:188} INFO - [2026-02-02T14:41:42.587+0000] {dag.py:3036} INFO - Sync 1 DAGs
[2026-02-02T14:41:42.616+0000] {logging_mixin.py:188} INFO - [2026-02-02T14:41:42.616+0000] {dag.py:3823} INFO - Setting next_dagrun for example_branch_labels to 2026-02-01 00:00:00+00:00, run_after=2026-02-02 00:00:00+00:00
[2026-02-02T14:41:42.636+0000] {processor.py:183} INFO - Processing /home/airflow/.local/lib/python3.8/site-packages/airflow/example_dags/example_branch_labels.py took 0.088 seconds
[2026-02-02T14:42:13.205+0000] {processor.py:161} INFO - Started process (PID=2438) to work on /home/airflow/.local/lib/python3.8/site-packages/airflow/example_dags/example_branch_labels.py
[2026-02-02T14:42:13.206+0000] {processor.py:830} INFO - Processing file /home/airflow/.local/lib/python3.8/site-packages/airflow/example_dags/example_branch_labels.py for tasks to queue
[2026-02-02T14:42:13.208+0000] {logging_mixin.py:188} INFO - [2026-02-02T14:42:13.208+0000] {dagbag.py:538} INFO - Filling up the DagBag from /home/airflow/.local/lib/python3.8/site-packages/airflow/example_dags/example_branch_labels.py
[2026-02-02T14:42:13.222+0000] {processor.py:840} INFO - DAG(s) 'example_branch_labels' retrieved from /home/airflow/.local/lib/python3.8/site-packages/airflow/example_dags/example_branch_labels.py
[2026-02-02T14:42:13.247+0000] {logging_mixin.py:188} INFO - [2026-02-02T14:42:13.247+0000] {dag.py:3036} INFO - Sync 1 DAGs
[2026-02-02T14:42:13.275+0000] {logging_mixin.py:188} INFO - [2026-02-02T14:42:13.274+0000] {dag.py:3823} INFO - Setting next_dagrun for example_branch_labels to 2026-02-01 00:00:00+00:00, run_after=2026-02-02 00:00:00+00:00
[2026-02-02T14:42:13.292+0000] {processor.py:183} INFO - Processing /home/airflow/.local/lib/python3.8/site-packages/airflow/example_dags/example_branch_labels.py took 0.092 seconds
[2026-02-02T14:42:43.883+0000] {processor.py:161} INFO - Started process (PID=2493) to work on /home/airflow/.local/lib/python3.8/site-packages/airflow/example_dags/example_branch_labels.py
[2026-02-02T14:42:43.885+0000] {processor.py:830} INFO - Processing file /home/airflow/.local/lib/python3.8/site-packages/airflow/example_dags/example_branch_labels.py for tasks to queue
[2026-02-02T14:42:43.887+0000] {logging_mixin.py:188} INFO - [2026-02-02T14:42:43.886+0000] {dagbag.py:538} INFO - Filling up the DagBag from /home/airflow/.local/lib/python3.8/site-packages/airflow/example_dags/example_branch_labels.py
[2026-02-02T14:42:43.896+0000] {processor.py:840} INFO - DAG(s) 'example_branch_labels' retrieved from /home/airflow/.local/lib/python3.8/site-packages/airflow/example_dags/example_branch_labels.py
[2026-02-02T14:42:43.919+0000] {logging_mixin.py:188} INFO - [2026-02-02T14:42:43.919+0000] {dag.py:3036} INFO - Sync 1 DAGs
[2026-02-02T14:42:43.946+0000] {logging_mixin.py:188} INFO - [2026-02-02T14:42:43.946+0000] {dag.py:3823} INFO - Setting next_dagrun for example_branch_labels to 2026-02-01 00:00:00+00:00, run_after=2026-02-02 00:00:00+00:00
[2026-02-02T14:42:43.967+0000] {processor.py:183} INFO - Processing /home/airflow/.local/lib/python3.8/site-packages/airflow/example_dags/example_branch_labels.py took 0.087 seconds
[2026-02-02T14:43:14.783+0000] {processor.py:161} INFO - Started process (PID=2547) to work on /home/airflow/.local/lib/python3.8/site-packages/airflow/example_dags/example_branch_labels.py
[2026-02-02T14:43:14.784+0000] {processor.py:830} INFO - Processing file /home/airflow/.local/lib/python3.8/site-packages/airflow/example_dags/example_branch_labels.py for tasks to queue
[2026-02-02T14:43:14.786+0000] {logging_mixin.py:188} INFO - [2026-02-02T14:43:14.786+0000] {dagbag.py:538} INFO - Filling up the DagBag from /home/airflow/.local/lib/python3.8/site-packages/airflow/example_dags/example_branch_labels.py
[2026-02-02T14:43:14.796+0000] {processor.py:840} INFO - DAG(s) 'example_branch_labels' retrieved from /home/airflow/.local/lib/python3.8/site-packages/airflow/example_dags/example_branch_labels.py
[2026-02-02T14:43:14.821+0000] {logging_mixin.py:188} INFO - [2026-02-02T14:43:14.820+0000] {dag.py:3036} INFO - Sync 1 DAGs
[2026-02-02T14:43:15.002+0000] {logging_mixin.py:188} INFO - [2026-02-02T14:43:15.001+0000] {dag.py:3823} INFO - Setting next_dagrun for example_branch_labels to 2026-02-01 00:00:00+00:00, run_after=2026-02-02 00:00:00+00:00
[2026-02-02T14:43:15.032+0000] {processor.py:183} INFO - Processing /home/airflow/.local/lib/python3.8/site-packages/airflow/example_dags/example_branch_labels.py took 0.252 seconds
[2026-02-02T14:43:45.629+0000] {processor.py:161} INFO - Started process (PID=2602) to work on /home/airflow/.local/lib/python3.8/site-packages/airflow/example_dags/example_branch_labels.py
[2026-02-02T14:43:45.630+0000] {processor.py:830} INFO - Processing file /home/airflow/.local/lib/python3.8/site-packages/airflow/example_dags/example_branch_labels.py for tasks to queue
[2026-02-02T14:43:45.632+0000] {logging_mixin.py:188} INFO - [2026-02-02T14:43:45.632+0000] {dagbag.py:538} INFO - Filling up the DagBag from /home/airflow/.local/lib/python3.8/site-packages/airflow/example_dags/example_branch_labels.py
[2026-02-02T14:43:45.642+0000] {processor.py:840} INFO - DAG(s) 'example_branch_labels' retrieved from /home/airflow/.local/lib/python3.8/site-packages/airflow/example_dags/example_branch_labels.py
[2026-02-02T14:43:45.665+0000] {logging_mixin.py:188} INFO - [2026-02-02T14:43:45.664+0000] {dag.py:3036} INFO - Sync 1 DAGs
[2026-02-02T14:43:45.691+0000] {logging_mixin.py:188} INFO - [2026-02-02T14:43:45.690+0000] {dag.py:3823} INFO - Setting next_dagrun for example_branch_labels to 2026-02-01 00:00:00+00:00, run_after=2026-02-02 00:00:00+00:00
[2026-02-02T14:43:45.710+0000] {processor.py:183} INFO - Processing /home/airflow/.local/lib/python3.8/site-packages/airflow/example_dags/example_branch_labels.py took 0.084 seconds
[2026-02-02T14:44:16.243+0000] {processor.py:161} INFO - Started process (PID=2657) to work on /home/airflow/.local/lib/python3.8/site-packages/airflow/example_dags/example_branch_labels.py
[2026-02-02T14:44:16.244+0000] {processor.py:830} INFO - Processing file /home/airflow/.local/lib/python3.8/site-packages/airflow/example_dags/example_branch_labels.py for tasks to queue
[2026-02-02T14:44:16.246+0000] {logging_mixin.py:188} INFO - [2026-02-02T14:44:16.246+0000] {dagbag.py:538} INFO - Filling up the DagBag from /home/airflow/.local/lib/python3.8/site-packages/airflow/example_dags/example_branch_labels.py
[2026-02-02T14:44:16.256+0000] {processor.py:840} INFO - DAG(s) 'example_branch_labels' retrieved from /home/airflow/.local/lib/python3.8/site-packages/airflow/example_dags/example_branch_labels.py
[2026-02-02T14:44:16.280+0000] {logging_mixin.py:188} INFO - [2026-02-02T14:44:16.279+0000] {dag.py:3036} INFO - Sync 1 DAGs
[2026-02-02T14:44:16.309+0000] {logging_mixin.py:188} INFO - [2026-02-02T14:44:16.309+0000] {dag.py:3823} INFO - Setting next_dagrun for example_branch_labels to 2026-02-01 00:00:00+00:00, run_after=2026-02-02 00:00:00+00:00
[2026-02-02T14:44:16.347+0000] {processor.py:183} INFO - Processing /home/airflow/.local/lib/python3.8/site-packages/airflow/example_dags/example_branch_labels.py took 0.107 seconds
[2026-02-02T14:44:46.911+0000] {processor.py:161} INFO - Started process (PID=2712) to work on /home/airflow/.local/lib/python3.8/site-packages/airflow/example_dags/example_branch_labels.py
[2026-02-02T14:44:46.912+0000] {processor.py:830} INFO - Processing file /home/airflow/.local/lib/python3.8/site-packages/airflow/example_dags/example_branch_labels.py for tasks to queue
[2026-02-02T14:44:46.914+0000] {logging_mixin.py:188} INFO - [2026-02-02T14:44:46.914+0000] {dagbag.py:538} INFO - Filling up the DagBag from /home/airflow/.local/lib/python3.8/site-packages/airflow/example_dags/example_branch_labels.py
[2026-02-02T14:44:46.923+0000] {processor.py:840} INFO - DAG(s) 'example_branch_labels' retrieved from /home/airflow/.local/lib/python3.8/site-packages/airflow/example_dags/example_branch_labels.py
[2026-02-02T14:44:46.976+0000] {logging_mixin.py:188} INFO - [2026-02-02T14:44:46.975+0000] {dag.py:3036} INFO - Sync 1 DAGs
[2026-02-02T14:44:47.007+0000] {logging_mixin.py:188} INFO - [2026-02-02T14:44:47.007+0000] {dag.py:3823} INFO - Setting next_dagrun for example_branch_labels to 2026-02-01 00:00:00+00:00, run_after=2026-02-02 00:00:00+00:00
[2026-02-02T14:44:47.025+0000] {processor.py:183} INFO - Processing /home/airflow/.local/lib/python3.8/site-packages/airflow/example_dags/example_branch_labels.py took 0.118 seconds
[2026-02-02T14:45:17.285+0000] {processor.py:161} INFO - Started process (PID=2768) to work on /home/airflow/.local/lib/python3.8/site-packages/airflow/example_dags/example_branch_labels.py
[2026-02-02T14:45:17.286+0000] {processor.py:830} INFO - Processing file /home/airflow/.local/lib/python3.8/site-packages/airflow/example_dags/example_branch_labels.py for tasks to queue
[2026-02-02T14:45:17.288+0000] {logging_mixin.py:188} INFO - [2026-02-02T14:45:17.288+0000] {dagbag.py:538} INFO - Filling up the DagBag from /home/airflow/.local/lib/python3.8/site-packages/airflow/example_dags/example_branch_labels.py
[2026-02-02T14:45:17.447+0000] {processor.py:840} INFO - DAG(s) 'example_branch_labels' retrieved from /home/airflow/.local/lib/python3.8/site-packages/airflow/example_dags/example_branch_labels.py
[2026-02-02T14:45:17.469+0000] {logging_mixin.py:188} INFO - [2026-02-02T14:45:17.468+0000] {dag.py:3036} INFO - Sync 1 DAGs
[2026-02-02T14:45:17.498+0000] {logging_mixin.py:188} INFO - [2026-02-02T14:45:17.498+0000] {dag.py:3823} INFO - Setting next_dagrun for example_branch_labels to 2026-02-01 00:00:00+00:00, run_after=2026-02-02 00:00:00+00:00
[2026-02-02T14:45:17.515+0000] {processor.py:183} INFO - Processing /home/airflow/.local/lib/python3.8/site-packages/airflow/example_dags/example_branch_labels.py took 0.234 seconds
[2026-02-02T14:45:47.995+0000] {processor.py:161} INFO - Started process (PID=2824) to work on /home/airflow/.local/lib/python3.8/site-packages/airflow/example_dags/example_branch_labels.py
[2026-02-02T14:45:47.996+0000] {processor.py:830} INFO - Processing file /home/airflow/.local/lib/python3.8/site-packages/airflow/example_dags/example_branch_labels.py for tasks to queue
[2026-02-02T14:45:47.998+0000] {logging_mixin.py:188} INFO - [2026-02-02T14:45:47.998+0000] {dagbag.py:538} INFO - Filling up the DagBag from /home/airflow/.local/lib/python3.8/site-packages/airflow/example_dags/example_branch_labels.py
[2026-02-02T14:45:48.008+0000] {processor.py:840} INFO - DAG(s) 'example_branch_labels' retrieved from /home/airflow/.local/lib/python3.8/site-packages/airflow/example_dags/example_branch_labels.py
[2026-02-02T14:45:48.032+0000] {logging_mixin.py:188} INFO - [2026-02-02T14:45:48.032+0000] {dag.py:3036} INFO - Sync 1 DAGs
[2026-02-02T14:45:48.059+0000] {logging_mixin.py:188} INFO - [2026-02-02T14:45:48.059+0000] {dag.py:3823} INFO - Setting next_dagrun for example_branch_labels to 2026-02-01 00:00:00+00:00, run_after=2026-02-02 00:00:00+00:00
[2026-02-02T14:45:48.080+0000] {processor.py:183} INFO - Processing /home/airflow/.local/lib/python3.8/site-packages/airflow/example_dags/example_branch_labels.py took 0.089 seconds
[2026-02-02T14:46:18.240+0000] {processor.py:161} INFO - Started process (PID=2879) to work on /home/airflow/.local/lib/python3.8/site-packages/airflow/example_dags/example_branch_labels.py
[2026-02-02T14:46:18.245+0000] {processor.py:830} INFO - Processing file /home/airflow/.local/lib/python3.8/site-packages/airflow/example_dags/example_branch_labels.py for tasks to queue
[2026-02-02T14:46:18.249+0000] {logging_mixin.py:188} INFO - [2026-02-02T14:46:18.249+0000] {dagbag.py:538} INFO - Filling up the DagBag from /home/airflow/.local/lib/python3.8/site-packages/airflow/example_dags/example_branch_labels.py
[2026-02-02T14:46:18.274+0000] {processor.py:840} INFO - DAG(s) 'example_branch_labels' retrieved from /home/airflow/.local/lib/python3.8/site-packages/airflow/example_dags/example_branch_labels.py
[2026-02-02T14:46:18.344+0000] {logging_mixin.py:188} INFO - [2026-02-02T14:46:18.343+0000] {dag.py:3036} INFO - Sync 1 DAGs
[2026-02-02T14:46:18.408+0000] {logging_mixin.py:188} INFO - [2026-02-02T14:46:18.408+0000] {dag.py:3823} INFO - Setting next_dagrun for example_branch_labels to 2026-02-01 00:00:00+00:00, run_after=2026-02-02 00:00:00+00:00
[2026-02-02T14:46:18.440+0000] {processor.py:183} INFO - Processing /home/airflow/.local/lib/python3.8/site-packages/airflow/example_dags/example_branch_labels.py took 0.210 seconds
[2026-02-02T14:46:49.114+0000] {processor.py:161} INFO - Started process (PID=2935) to work on /home/airflow/.local/lib/python3.8/site-packages/airflow/example_dags/example_branch_labels.py
[2026-02-02T14:46:49.115+0000] {processor.py:830} INFO - Processing file /home/airflow/.local/lib/python3.8/site-packages/airflow/example_dags/example_branch_labels.py for tasks to queue
[2026-02-02T14:46:49.117+0000] {logging_mixin.py:188} INFO - [2026-02-02T14:46:49.117+0000] {dagbag.py:538} INFO - Filling up the DagBag from /home/airflow/.local/lib/python3.8/site-packages/airflow/example_dags/example_branch_labels.py
[2026-02-02T14:46:49.127+0000] {processor.py:840} INFO - DAG(s) 'example_branch_labels' retrieved from /home/airflow/.local/lib/python3.8/site-packages/airflow/example_dags/example_branch_labels.py
[2026-02-02T14:46:49.151+0000] {logging_mixin.py:188} INFO - [2026-02-02T14:46:49.150+0000] {dag.py:3036} INFO - Sync 1 DAGs
[2026-02-02T14:46:49.178+0000] {logging_mixin.py:188} INFO - [2026-02-02T14:46:49.177+0000] {dag.py:3823} INFO - Setting next_dagrun for example_branch_labels to 2026-02-01 00:00:00+00:00, run_after=2026-02-02 00:00:00+00:00
[2026-02-02T14:46:49.200+0000] {processor.py:183} INFO - Processing /home/airflow/.local/lib/python3.8/site-packages/airflow/example_dags/example_branch_labels.py took 0.089 seconds
[2026-02-02T14:47:19.494+0000] {processor.py:161} INFO - Started process (PID=2991) to work on /home/airflow/.local/lib/python3.8/site-packages/airflow/example_dags/example_branch_labels.py
[2026-02-02T14:47:19.495+0000] {processor.py:830} INFO - Processing file /home/airflow/.local/lib/python3.8/site-packages/airflow/example_dags/example_branch_labels.py for tasks to queue
[2026-02-02T14:47:19.497+0000] {logging_mixin.py:188} INFO - [2026-02-02T14:47:19.496+0000] {dagbag.py:538} INFO - Filling up the DagBag from /home/airflow/.local/lib/python3.8/site-packages/airflow/example_dags/example_branch_labels.py
[2026-02-02T14:47:19.507+0000] {processor.py:840} INFO - DAG(s) 'example_branch_labels' retrieved from /home/airflow/.local/lib/python3.8/site-packages/airflow/example_dags/example_branch_labels.py
[2026-02-02T14:47:19.539+0000] {logging_mixin.py:188} INFO - [2026-02-02T14:47:19.539+0000] {dag.py:3036} INFO - Sync 1 DAGs
[2026-02-02T14:47:19.578+0000] {logging_mixin.py:188} INFO - [2026-02-02T14:47:19.578+0000] {dag.py:3823} INFO - Setting next_dagrun for example_branch_labels to 2026-02-01 00:00:00+00:00, run_after=2026-02-02 00:00:00+00:00
[2026-02-02T14:47:19.596+0000] {processor.py:183} INFO - Processing /home/airflow/.local/lib/python3.8/site-packages/airflow/example_dags/example_branch_labels.py took 0.106 seconds
[2026-02-02T14:47:50.366+0000] {processor.py:161} INFO - Started process (PID=3048) to work on /home/airflow/.local/lib/python3.8/site-packages/airflow/example_dags/example_branch_labels.py
[2026-02-02T14:47:50.367+0000] {processor.py:830} INFO - Processing file /home/airflow/.local/lib/python3.8/site-packages/airflow/example_dags/example_branch_labels.py for tasks to queue
[2026-02-02T14:47:50.369+0000] {logging_mixin.py:188} INFO - [2026-02-02T14:47:50.368+0000] {dagbag.py:538} INFO - Filling up the DagBag from /home/airflow/.local/lib/python3.8/site-packages/airflow/example_dags/example_branch_labels.py
[2026-02-02T14:47:50.378+0000] {processor.py:840} INFO - DAG(s) 'example_branch_labels' retrieved from /home/airflow/.local/lib/python3.8/site-packages/airflow/example_dags/example_branch_labels.py
[2026-02-02T14:47:50.402+0000] {logging_mixin.py:188} INFO - [2026-02-02T14:47:50.402+0000] {dag.py:3036} INFO - Sync 1 DAGs
[2026-02-02T14:47:50.431+0000] {logging_mixin.py:188} INFO - [2026-02-02T14:47:50.431+0000] {dag.py:3823} INFO - Setting next_dagrun for example_branch_labels to 2026-02-01 00:00:00+00:00, run_after=2026-02-02 00:00:00+00:00
[2026-02-02T14:47:50.451+0000] {processor.py:183} INFO - Processing /home/airflow/.local/lib/python3.8/site-packages/airflow/example_dags/example_branch_labels.py took 0.088 seconds
[2026-02-02T14:48:20.846+0000] {processor.py:161} INFO - Started process (PID=3104) to work on /home/airflow/.local/lib/python3.8/site-packages/airflow/example_dags/example_branch_labels.py
[2026-02-02T14:48:20.847+0000] {processor.py:830} INFO - Processing file /home/airflow/.local/lib/python3.8/site-packages/airflow/example_dags/example_branch_labels.py for tasks to queue
[2026-02-02T14:48:20.849+0000] {logging_mixin.py:188} INFO - [2026-02-02T14:48:20.849+0000] {dagbag.py:538} INFO - Filling up the DagBag from /home/airflow/.local/lib/python3.8/site-packages/airflow/example_dags/example_branch_labels.py
[2026-02-02T14:48:20.859+0000] {processor.py:840} INFO - DAG(s) 'example_branch_labels' retrieved from /home/airflow/.local/lib/python3.8/site-packages/airflow/example_dags/example_branch_labels.py
[2026-02-02T14:48:20.883+0000] {logging_mixin.py:188} INFO - [2026-02-02T14:48:20.882+0000] {dag.py:3036} INFO - Sync 1 DAGs
[2026-02-02T14:48:20.911+0000] {logging_mixin.py:188} INFO - [2026-02-02T14:48:20.910+0000] {dag.py:3823} INFO - Setting next_dagrun for example_branch_labels to 2026-02-01 00:00:00+00:00, run_after=2026-02-02 00:00:00+00:00
[2026-02-02T14:48:20.933+0000] {processor.py:183} INFO - Processing /home/airflow/.local/lib/python3.8/site-packages/airflow/example_dags/example_branch_labels.py took 0.090 seconds
[2026-02-02T14:48:51.081+0000] {processor.py:161} INFO - Started process (PID=3159) to work on /home/airflow/.local/lib/python3.8/site-packages/airflow/example_dags/example_branch_labels.py
[2026-02-02T14:48:51.088+0000] {processor.py:830} INFO - Processing file /home/airflow/.local/lib/python3.8/site-packages/airflow/example_dags/example_branch_labels.py for tasks to queue
[2026-02-02T14:48:51.092+0000] {logging_mixin.py:188} INFO - [2026-02-02T14:48:51.092+0000] {dagbag.py:538} INFO - Filling up the DagBag from /home/airflow/.local/lib/python3.8/site-packages/airflow/example_dags/example_branch_labels.py
[2026-02-02T14:48:51.126+0000] {processor.py:840} INFO - DAG(s) 'example_branch_labels' retrieved from /home/airflow/.local/lib/python3.8/site-packages/airflow/example_dags/example_branch_labels.py
[2026-02-02T14:48:51.197+0000] {logging_mixin.py:188} INFO - [2026-02-02T14:48:51.196+0000] {dag.py:3036} INFO - Sync 1 DAGs
[2026-02-02T14:48:51.258+0000] {logging_mixin.py:188} INFO - [2026-02-02T14:48:51.256+0000] {dag.py:3823} INFO - Setting next_dagrun for example_branch_labels to 2026-02-01 00:00:00+00:00, run_after=2026-02-02 00:00:00+00:00
[2026-02-02T14:48:51.293+0000] {processor.py:183} INFO - Processing /home/airflow/.local/lib/python3.8/site-packages/airflow/example_dags/example_branch_labels.py took 0.226 seconds
[2026-02-02T14:49:21.414+0000] {processor.py:161} INFO - Started process (PID=3215) to work on /home/airflow/.local/lib/python3.8/site-packages/airflow/example_dags/example_branch_labels.py
[2026-02-02T14:49:21.415+0000] {processor.py:830} INFO - Processing file /home/airflow/.local/lib/python3.8/site-packages/airflow/example_dags/example_branch_labels.py for tasks to queue
[2026-02-02T14:49:21.417+0000] {logging_mixin.py:188} INFO - [2026-02-02T14:49:21.416+0000] {dagbag.py:538} INFO - Filling up the DagBag from /home/airflow/.local/lib/python3.8/site-packages/airflow/example_dags/example_branch_labels.py
[2026-02-02T14:49:21.426+0000] {processor.py:840} INFO - DAG(s) 'example_branch_labels' retrieved from /home/airflow/.local/lib/python3.8/site-packages/airflow/example_dags/example_branch_labels.py
[2026-02-02T14:49:21.451+0000] {logging_mixin.py:188} INFO - [2026-02-02T14:49:21.451+0000] {dag.py:3036} INFO - Sync 1 DAGs
[2026-02-02T14:49:21.479+0000] {logging_mixin.py:188} INFO - [2026-02-02T14:49:21.479+0000] {dag.py:3823} INFO - Setting next_dagrun for example_branch_labels to 2026-02-01 00:00:00+00:00, run_after=2026-02-02 00:00:00+00:00
[2026-02-02T14:49:21.497+0000] {processor.py:183} INFO - Processing /home/airflow/.local/lib/python3.8/site-packages/airflow/example_dags/example_branch_labels.py took 0.086 seconds
[2026-02-02T14:49:52.077+0000] {processor.py:161} INFO - Started process (PID=3271) to work on /home/airflow/.local/lib/python3.8/site-packages/airflow/example_dags/example_branch_labels.py
[2026-02-02T14:49:52.078+0000] {processor.py:830} INFO - Processing file /home/airflow/.local/lib/python3.8/site-packages/airflow/example_dags/example_branch_labels.py for tasks to queue
[2026-02-02T14:49:52.080+0000] {logging_mixin.py:188} INFO - [2026-02-02T14:49:52.080+0000] {dagbag.py:538} INFO - Filling up the DagBag from /home/airflow/.local/lib/python3.8/site-packages/airflow/example_dags/example_branch_labels.py
[2026-02-02T14:49:52.090+0000] {processor.py:840} INFO - DAG(s) 'example_branch_labels' retrieved from /home/airflow/.local/lib/python3.8/site-packages/airflow/example_dags/example_branch_labels.py
[2026-02-02T14:49:52.113+0000] {logging_mixin.py:188} INFO - [2026-02-02T14:49:52.113+0000] {dag.py:3036} INFO - Sync 1 DAGs
[2026-02-02T14:49:52.140+0000] {logging_mixin.py:188} INFO - [2026-02-02T14:49:52.140+0000] {dag.py:3823} INFO - Setting next_dagrun for example_branch_labels to 2026-02-01 00:00:00+00:00, run_after=2026-02-02 00:00:00+00:00
[2026-02-02T14:49:52.164+0000] {processor.py:183} INFO - Processing /home/airflow/.local/lib/python3.8/site-packages/airflow/example_dags/example_branch_labels.py took 0.090 seconds
[2026-02-02T14:50:22.342+0000] {processor.py:161} INFO - Started process (PID=3327) to work on /home/airflow/.local/lib/python3.8/site-packages/airflow/example_dags/example_branch_labels.py
[2026-02-02T14:50:22.343+0000] {processor.py:830} INFO - Processing file /home/airflow/.local/lib/python3.8/site-packages/airflow/example_dags/example_branch_labels.py for tasks to queue
[2026-02-02T14:50:22.344+0000] {logging_mixin.py:188} INFO - [2026-02-02T14:50:22.344+0000] {dagbag.py:538} INFO - Filling up the DagBag from /home/airflow/.local/lib/python3.8/site-packages/airflow/example_dags/example_branch_labels.py
[2026-02-02T14:50:22.355+0000] {processor.py:840} INFO - DAG(s) 'example_branch_labels' retrieved from /home/airflow/.local/lib/python3.8/site-packages/airflow/example_dags/example_branch_labels.py
[2026-02-02T14:50:22.378+0000] {logging_mixin.py:188} INFO - [2026-02-02T14:50:22.378+0000] {dag.py:3036} INFO - Sync 1 DAGs
[2026-02-02T14:50:22.405+0000] {logging_mixin.py:188} INFO - [2026-02-02T14:50:22.405+0000] {dag.py:3823} INFO - Setting next_dagrun for example_branch_labels to 2026-02-01 00:00:00+00:00, run_after=2026-02-02 00:00:00+00:00
[2026-02-02T14:50:22.426+0000] {processor.py:183} INFO - Processing /home/airflow/.local/lib/python3.8/site-packages/airflow/example_dags/example_branch_labels.py took 0.088 seconds
[2026-02-02T14:50:52.760+0000] {processor.py:161} INFO - Started process (PID=3383) to work on /home/airflow/.local/lib/python3.8/site-packages/airflow/example_dags/example_branch_labels.py
[2026-02-02T14:50:52.763+0000] {processor.py:830} INFO - Processing file /home/airflow/.local/lib/python3.8/site-packages/airflow/example_dags/example_branch_labels.py for tasks to queue
[2026-02-02T14:50:52.767+0000] {logging_mixin.py:188} INFO - [2026-02-02T14:50:52.767+0000] {dagbag.py:538} INFO - Filling up the DagBag from /home/airflow/.local/lib/python3.8/site-packages/airflow/example_dags/example_branch_labels.py
[2026-02-02T14:50:52.786+0000] {processor.py:840} INFO - DAG(s) 'example_branch_labels' retrieved from /home/airflow/.local/lib/python3.8/site-packages/airflow/example_dags/example_branch_labels.py
[2026-02-02T14:50:52.812+0000] {logging_mixin.py:188} INFO - [2026-02-02T14:50:52.812+0000] {dag.py:3036} INFO - Sync 1 DAGs
[2026-02-02T14:50:52.840+0000] {logging_mixin.py:188} INFO - [2026-02-02T14:50:52.840+0000] {dag.py:3823} INFO - Setting next_dagrun for example_branch_labels to 2026-02-01 00:00:00+00:00, run_after=2026-02-02 00:00:00+00:00
[2026-02-02T14:50:52.857+0000] {processor.py:183} INFO - Processing /home/airflow/.local/lib/python3.8/site-packages/airflow/example_dags/example_branch_labels.py took 0.104 seconds
