[2026-02-02T14:20:18.514+0000] {processor.py:161} INFO - Started process (PID=67) to work on /home/airflow/.local/lib/python3.8/site-packages/airflow/example_dags/example_xcomargs.py
[2026-02-02T14:20:18.516+0000] {processor.py:830} INFO - Processing file /home/airflow/.local/lib/python3.8/site-packages/airflow/example_dags/example_xcomargs.py for tasks to queue
[2026-02-02T14:20:18.517+0000] {logging_mixin.py:188} INFO - [2026-02-02T14:20:18.517+0000] {dagbag.py:538} INFO - Filling up the DagBag from /home/airflow/.local/lib/python3.8/site-packages/airflow/example_dags/example_xcomargs.py
[2026-02-02T14:20:18.538+0000] {processor.py:840} INFO - DAG(s) 'example_xcom_args', 'example_xcom_args_with_operators' retrieved from /home/airflow/.local/lib/python3.8/site-packages/airflow/example_dags/example_xcomargs.py
[2026-02-02T14:20:18.801+0000] {logging_mixin.py:188} INFO - [2026-02-02T14:20:18.800+0000] {override.py:1769} INFO - Created Permission View: can edit on DAG:example_xcom_args
[2026-02-02T14:20:18.814+0000] {logging_mixin.py:188} INFO - [2026-02-02T14:20:18.814+0000] {override.py:1769} INFO - Created Permission View: can delete on DAG:example_xcom_args
[2026-02-02T14:20:18.827+0000] {logging_mixin.py:188} INFO - [2026-02-02T14:20:18.827+0000] {override.py:1769} INFO - Created Permission View: can read on DAG:example_xcom_args
[2026-02-02T14:20:18.861+0000] {logging_mixin.py:188} INFO - [2026-02-02T14:20:18.860+0000] {override.py:1769} INFO - Created Permission View: can edit on DAG:example_xcom_args_with_operators
[2026-02-02T14:20:18.876+0000] {logging_mixin.py:188} INFO - [2026-02-02T14:20:18.876+0000] {override.py:1769} INFO - Created Permission View: can delete on DAG:example_xcom_args_with_operators
[2026-02-02T14:20:18.893+0000] {logging_mixin.py:188} INFO - [2026-02-02T14:20:18.893+0000] {override.py:1769} INFO - Created Permission View: can read on DAG:example_xcom_args_with_operators
[2026-02-02T14:20:18.894+0000] {logging_mixin.py:188} INFO - [2026-02-02T14:20:18.893+0000] {dag.py:3036} INFO - Sync 2 DAGs
[2026-02-02T14:20:18.928+0000] {logging_mixin.py:188} INFO - [2026-02-02T14:20:18.925+0000] {dag.py:3058} INFO - Creating ORM DAG for example_xcom_args_with_operators
[2026-02-02T14:20:18.929+0000] {logging_mixin.py:188} INFO - [2026-02-02T14:20:18.928+0000] {dag.py:3058} INFO - Creating ORM DAG for example_xcom_args
[2026-02-02T14:20:18.930+0000] {logging_mixin.py:188} INFO - [2026-02-02T14:20:18.930+0000] {dag.py:3823} INFO - Setting next_dagrun for example_xcom_args to None, run_after=None
[2026-02-02T14:20:18.933+0000] {logging_mixin.py:188} INFO - [2026-02-02T14:20:18.932+0000] {dag.py:3823} INFO - Setting next_dagrun for example_xcom_args_with_operators to None, run_after=None
[2026-02-02T14:20:19.004+0000] {processor.py:183} INFO - Processing /home/airflow/.local/lib/python3.8/site-packages/airflow/example_dags/example_xcomargs.py took 0.500 seconds
[2026-02-02T14:20:49.696+0000] {processor.py:161} INFO - Started process (PID=122) to work on /home/airflow/.local/lib/python3.8/site-packages/airflow/example_dags/example_xcomargs.py
[2026-02-02T14:20:49.698+0000] {processor.py:830} INFO - Processing file /home/airflow/.local/lib/python3.8/site-packages/airflow/example_dags/example_xcomargs.py for tasks to queue
[2026-02-02T14:20:49.703+0000] {logging_mixin.py:188} INFO - [2026-02-02T14:20:49.703+0000] {dagbag.py:538} INFO - Filling up the DagBag from /home/airflow/.local/lib/python3.8/site-packages/airflow/example_dags/example_xcomargs.py
[2026-02-02T14:20:49.723+0000] {processor.py:840} INFO - DAG(s) 'example_xcom_args', 'example_xcom_args_with_operators' retrieved from /home/airflow/.local/lib/python3.8/site-packages/airflow/example_dags/example_xcomargs.py
[2026-02-02T14:20:49.792+0000] {logging_mixin.py:188} INFO - [2026-02-02T14:20:49.792+0000] {dag.py:3036} INFO - Sync 2 DAGs
[2026-02-02T14:20:49.808+0000] {logging_mixin.py:188} INFO - [2026-02-02T14:20:49.807+0000] {dag.py:3823} INFO - Setting next_dagrun for example_xcom_args to None, run_after=None
[2026-02-02T14:20:49.812+0000] {logging_mixin.py:188} INFO - [2026-02-02T14:20:49.812+0000] {dag.py:3823} INFO - Setting next_dagrun for example_xcom_args_with_operators to None, run_after=None
[2026-02-02T14:20:49.829+0000] {processor.py:183} INFO - Processing /home/airflow/.local/lib/python3.8/site-packages/airflow/example_dags/example_xcomargs.py took 0.140 seconds
[2026-02-02T14:21:20.550+0000] {processor.py:161} INFO - Started process (PID=177) to work on /home/airflow/.local/lib/python3.8/site-packages/airflow/example_dags/example_xcomargs.py
[2026-02-02T14:21:20.550+0000] {processor.py:830} INFO - Processing file /home/airflow/.local/lib/python3.8/site-packages/airflow/example_dags/example_xcomargs.py for tasks to queue
[2026-02-02T14:21:20.553+0000] {logging_mixin.py:188} INFO - [2026-02-02T14:21:20.552+0000] {dagbag.py:538} INFO - Filling up the DagBag from /home/airflow/.local/lib/python3.8/site-packages/airflow/example_dags/example_xcomargs.py
[2026-02-02T14:21:20.562+0000] {processor.py:840} INFO - DAG(s) 'example_xcom_args_with_operators', 'example_xcom_args' retrieved from /home/airflow/.local/lib/python3.8/site-packages/airflow/example_dags/example_xcomargs.py
[2026-02-02T14:21:20.590+0000] {logging_mixin.py:188} INFO - [2026-02-02T14:21:20.590+0000] {dag.py:3036} INFO - Sync 2 DAGs
[2026-02-02T14:21:20.605+0000] {logging_mixin.py:188} INFO - [2026-02-02T14:21:20.605+0000] {dag.py:3823} INFO - Setting next_dagrun for example_xcom_args to None, run_after=None
[2026-02-02T14:21:20.609+0000] {logging_mixin.py:188} INFO - [2026-02-02T14:21:20.608+0000] {dag.py:3823} INFO - Setting next_dagrun for example_xcom_args_with_operators to None, run_after=None
[2026-02-02T14:21:20.625+0000] {processor.py:183} INFO - Processing /home/airflow/.local/lib/python3.8/site-packages/airflow/example_dags/example_xcomargs.py took 0.079 seconds
[2026-02-02T14:21:50.799+0000] {processor.py:161} INFO - Started process (PID=232) to work on /home/airflow/.local/lib/python3.8/site-packages/airflow/example_dags/example_xcomargs.py
[2026-02-02T14:21:50.800+0000] {processor.py:830} INFO - Processing file /home/airflow/.local/lib/python3.8/site-packages/airflow/example_dags/example_xcomargs.py for tasks to queue
[2026-02-02T14:21:50.802+0000] {logging_mixin.py:188} INFO - [2026-02-02T14:21:50.802+0000] {dagbag.py:538} INFO - Filling up the DagBag from /home/airflow/.local/lib/python3.8/site-packages/airflow/example_dags/example_xcomargs.py
[2026-02-02T14:21:50.814+0000] {processor.py:840} INFO - DAG(s) 'example_xcom_args_with_operators', 'example_xcom_args' retrieved from /home/airflow/.local/lib/python3.8/site-packages/airflow/example_dags/example_xcomargs.py
[2026-02-02T14:21:50.853+0000] {logging_mixin.py:188} INFO - [2026-02-02T14:21:50.852+0000] {dag.py:3036} INFO - Sync 2 DAGs
[2026-02-02T14:21:50.868+0000] {logging_mixin.py:188} INFO - [2026-02-02T14:21:50.867+0000] {dag.py:3823} INFO - Setting next_dagrun for example_xcom_args to None, run_after=None
[2026-02-02T14:21:50.871+0000] {logging_mixin.py:188} INFO - [2026-02-02T14:21:50.871+0000] {dag.py:3823} INFO - Setting next_dagrun for example_xcom_args_with_operators to None, run_after=None
[2026-02-02T14:21:50.888+0000] {processor.py:183} INFO - Processing /home/airflow/.local/lib/python3.8/site-packages/airflow/example_dags/example_xcomargs.py took 0.093 seconds
[2026-02-02T14:22:21.418+0000] {processor.py:161} INFO - Started process (PID=287) to work on /home/airflow/.local/lib/python3.8/site-packages/airflow/example_dags/example_xcomargs.py
[2026-02-02T14:22:21.419+0000] {processor.py:830} INFO - Processing file /home/airflow/.local/lib/python3.8/site-packages/airflow/example_dags/example_xcomargs.py for tasks to queue
[2026-02-02T14:22:21.421+0000] {logging_mixin.py:188} INFO - [2026-02-02T14:22:21.420+0000] {dagbag.py:538} INFO - Filling up the DagBag from /home/airflow/.local/lib/python3.8/site-packages/airflow/example_dags/example_xcomargs.py
[2026-02-02T14:22:21.436+0000] {processor.py:840} INFO - DAG(s) 'example_xcom_args', 'example_xcom_args_with_operators' retrieved from /home/airflow/.local/lib/python3.8/site-packages/airflow/example_dags/example_xcomargs.py
[2026-02-02T14:22:21.480+0000] {logging_mixin.py:188} INFO - [2026-02-02T14:22:21.480+0000] {dag.py:3036} INFO - Sync 2 DAGs
[2026-02-02T14:22:21.495+0000] {logging_mixin.py:188} INFO - [2026-02-02T14:22:21.494+0000] {dag.py:3823} INFO - Setting next_dagrun for example_xcom_args to None, run_after=None
[2026-02-02T14:22:21.500+0000] {logging_mixin.py:188} INFO - [2026-02-02T14:22:21.500+0000] {dag.py:3823} INFO - Setting next_dagrun for example_xcom_args_with_operators to None, run_after=None
[2026-02-02T14:22:21.517+0000] {processor.py:183} INFO - Processing /home/airflow/.local/lib/python3.8/site-packages/airflow/example_dags/example_xcomargs.py took 0.105 seconds
[2026-02-02T14:22:52.107+0000] {processor.py:161} INFO - Started process (PID=342) to work on /home/airflow/.local/lib/python3.8/site-packages/airflow/example_dags/example_xcomargs.py
[2026-02-02T14:22:52.118+0000] {processor.py:830} INFO - Processing file /home/airflow/.local/lib/python3.8/site-packages/airflow/example_dags/example_xcomargs.py for tasks to queue
[2026-02-02T14:22:52.127+0000] {logging_mixin.py:188} INFO - [2026-02-02T14:22:52.127+0000] {dagbag.py:538} INFO - Filling up the DagBag from /home/airflow/.local/lib/python3.8/site-packages/airflow/example_dags/example_xcomargs.py
[2026-02-02T14:22:52.154+0000] {processor.py:840} INFO - DAG(s) 'example_xcom_args', 'example_xcom_args_with_operators' retrieved from /home/airflow/.local/lib/python3.8/site-packages/airflow/example_dags/example_xcomargs.py
[2026-02-02T14:22:52.181+0000] {logging_mixin.py:188} INFO - [2026-02-02T14:22:52.181+0000] {dag.py:3036} INFO - Sync 2 DAGs
[2026-02-02T14:22:52.196+0000] {logging_mixin.py:188} INFO - [2026-02-02T14:22:52.196+0000] {dag.py:3823} INFO - Setting next_dagrun for example_xcom_args to None, run_after=None
[2026-02-02T14:22:52.200+0000] {logging_mixin.py:188} INFO - [2026-02-02T14:22:52.200+0000] {dag.py:3823} INFO - Setting next_dagrun for example_xcom_args_with_operators to None, run_after=None
[2026-02-02T14:22:52.217+0000] {processor.py:183} INFO - Processing /home/airflow/.local/lib/python3.8/site-packages/airflow/example_dags/example_xcomargs.py took 0.119 seconds
[2026-02-02T14:23:22.603+0000] {processor.py:161} INFO - Started process (PID=397) to work on /home/airflow/.local/lib/python3.8/site-packages/airflow/example_dags/example_xcomargs.py
[2026-02-02T14:23:22.604+0000] {processor.py:830} INFO - Processing file /home/airflow/.local/lib/python3.8/site-packages/airflow/example_dags/example_xcomargs.py for tasks to queue
[2026-02-02T14:23:22.607+0000] {logging_mixin.py:188} INFO - [2026-02-02T14:23:22.606+0000] {dagbag.py:538} INFO - Filling up the DagBag from /home/airflow/.local/lib/python3.8/site-packages/airflow/example_dags/example_xcomargs.py
[2026-02-02T14:23:22.615+0000] {processor.py:840} INFO - DAG(s) 'example_xcom_args_with_operators', 'example_xcom_args' retrieved from /home/airflow/.local/lib/python3.8/site-packages/airflow/example_dags/example_xcomargs.py
[2026-02-02T14:23:22.642+0000] {logging_mixin.py:188} INFO - [2026-02-02T14:23:22.641+0000] {dag.py:3036} INFO - Sync 2 DAGs
[2026-02-02T14:23:22.656+0000] {logging_mixin.py:188} INFO - [2026-02-02T14:23:22.656+0000] {dag.py:3823} INFO - Setting next_dagrun for example_xcom_args to None, run_after=None
[2026-02-02T14:23:22.660+0000] {logging_mixin.py:188} INFO - [2026-02-02T14:23:22.660+0000] {dag.py:3823} INFO - Setting next_dagrun for example_xcom_args_with_operators to None, run_after=None
[2026-02-02T14:23:22.676+0000] {processor.py:183} INFO - Processing /home/airflow/.local/lib/python3.8/site-packages/airflow/example_dags/example_xcomargs.py took 0.076 seconds
[2026-02-02T14:23:53.587+0000] {processor.py:161} INFO - Started process (PID=452) to work on /home/airflow/.local/lib/python3.8/site-packages/airflow/example_dags/example_xcomargs.py
[2026-02-02T14:23:53.592+0000] {processor.py:830} INFO - Processing file /home/airflow/.local/lib/python3.8/site-packages/airflow/example_dags/example_xcomargs.py for tasks to queue
[2026-02-02T14:23:53.596+0000] {logging_mixin.py:188} INFO - [2026-02-02T14:23:53.596+0000] {dagbag.py:538} INFO - Filling up the DagBag from /home/airflow/.local/lib/python3.8/site-packages/airflow/example_dags/example_xcomargs.py
[2026-02-02T14:23:53.625+0000] {processor.py:840} INFO - DAG(s) 'example_xcom_args_with_operators', 'example_xcom_args' retrieved from /home/airflow/.local/lib/python3.8/site-packages/airflow/example_dags/example_xcomargs.py
[2026-02-02T14:23:53.715+0000] {logging_mixin.py:188} INFO - [2026-02-02T14:23:53.715+0000] {dag.py:3036} INFO - Sync 2 DAGs
[2026-02-02T14:23:53.782+0000] {logging_mixin.py:188} INFO - [2026-02-02T14:23:53.782+0000] {dag.py:3823} INFO - Setting next_dagrun for example_xcom_args to None, run_after=None
[2026-02-02T14:23:53.800+0000] {logging_mixin.py:188} INFO - [2026-02-02T14:23:53.800+0000] {dag.py:3823} INFO - Setting next_dagrun for example_xcom_args_with_operators to None, run_after=None
[2026-02-02T14:23:53.854+0000] {processor.py:183} INFO - Processing /home/airflow/.local/lib/python3.8/site-packages/airflow/example_dags/example_xcomargs.py took 0.278 seconds
[2026-02-02T14:24:24.866+0000] {processor.py:161} INFO - Started process (PID=506) to work on /home/airflow/.local/lib/python3.8/site-packages/airflow/example_dags/example_xcomargs.py
[2026-02-02T14:24:24.867+0000] {processor.py:830} INFO - Processing file /home/airflow/.local/lib/python3.8/site-packages/airflow/example_dags/example_xcomargs.py for tasks to queue
[2026-02-02T14:24:24.871+0000] {logging_mixin.py:188} INFO - [2026-02-02T14:24:24.870+0000] {dagbag.py:538} INFO - Filling up the DagBag from /home/airflow/.local/lib/python3.8/site-packages/airflow/example_dags/example_xcomargs.py
[2026-02-02T14:24:24.879+0000] {processor.py:840} INFO - DAG(s) 'example_xcom_args_with_operators', 'example_xcom_args' retrieved from /home/airflow/.local/lib/python3.8/site-packages/airflow/example_dags/example_xcomargs.py
[2026-02-02T14:24:24.905+0000] {logging_mixin.py:188} INFO - [2026-02-02T14:24:24.905+0000] {dag.py:3036} INFO - Sync 2 DAGs
[2026-02-02T14:24:24.918+0000] {logging_mixin.py:188} INFO - [2026-02-02T14:24:24.918+0000] {dag.py:3823} INFO - Setting next_dagrun for example_xcom_args to None, run_after=None
[2026-02-02T14:24:24.922+0000] {logging_mixin.py:188} INFO - [2026-02-02T14:24:24.922+0000] {dag.py:3823} INFO - Setting next_dagrun for example_xcom_args_with_operators to None, run_after=None
[2026-02-02T14:24:24.940+0000] {processor.py:183} INFO - Processing /home/airflow/.local/lib/python3.8/site-packages/airflow/example_dags/example_xcomargs.py took 0.078 seconds
[2026-02-02T14:24:55.186+0000] {processor.py:161} INFO - Started process (PID=562) to work on /home/airflow/.local/lib/python3.8/site-packages/airflow/example_dags/example_xcomargs.py
[2026-02-02T14:24:55.187+0000] {processor.py:830} INFO - Processing file /home/airflow/.local/lib/python3.8/site-packages/airflow/example_dags/example_xcomargs.py for tasks to queue
[2026-02-02T14:24:55.189+0000] {logging_mixin.py:188} INFO - [2026-02-02T14:24:55.189+0000] {dagbag.py:538} INFO - Filling up the DagBag from /home/airflow/.local/lib/python3.8/site-packages/airflow/example_dags/example_xcomargs.py
[2026-02-02T14:24:55.201+0000] {processor.py:840} INFO - DAG(s) 'example_xcom_args_with_operators', 'example_xcom_args' retrieved from /home/airflow/.local/lib/python3.8/site-packages/airflow/example_dags/example_xcomargs.py
[2026-02-02T14:24:55.230+0000] {logging_mixin.py:188} INFO - [2026-02-02T14:24:55.230+0000] {dag.py:3036} INFO - Sync 2 DAGs
[2026-02-02T14:24:55.245+0000] {logging_mixin.py:188} INFO - [2026-02-02T14:24:55.245+0000] {dag.py:3823} INFO - Setting next_dagrun for example_xcom_args to None, run_after=None
[2026-02-02T14:24:55.249+0000] {logging_mixin.py:188} INFO - [2026-02-02T14:24:55.249+0000] {dag.py:3823} INFO - Setting next_dagrun for example_xcom_args_with_operators to None, run_after=None
[2026-02-02T14:24:55.266+0000] {processor.py:183} INFO - Processing /home/airflow/.local/lib/python3.8/site-packages/airflow/example_dags/example_xcomargs.py took 0.085 seconds
[2026-02-02T14:25:25.396+0000] {processor.py:161} INFO - Started process (PID=616) to work on /home/airflow/.local/lib/python3.8/site-packages/airflow/example_dags/example_xcomargs.py
[2026-02-02T14:25:25.396+0000] {processor.py:830} INFO - Processing file /home/airflow/.local/lib/python3.8/site-packages/airflow/example_dags/example_xcomargs.py for tasks to queue
[2026-02-02T14:25:25.398+0000] {logging_mixin.py:188} INFO - [2026-02-02T14:25:25.398+0000] {dagbag.py:538} INFO - Filling up the DagBag from /home/airflow/.local/lib/python3.8/site-packages/airflow/example_dags/example_xcomargs.py
[2026-02-02T14:25:25.407+0000] {processor.py:840} INFO - DAG(s) 'example_xcom_args', 'example_xcom_args_with_operators' retrieved from /home/airflow/.local/lib/python3.8/site-packages/airflow/example_dags/example_xcomargs.py
[2026-02-02T14:25:25.436+0000] {logging_mixin.py:188} INFO - [2026-02-02T14:25:25.436+0000] {dag.py:3036} INFO - Sync 2 DAGs
[2026-02-02T14:25:25.452+0000] {logging_mixin.py:188} INFO - [2026-02-02T14:25:25.451+0000] {dag.py:3823} INFO - Setting next_dagrun for example_xcom_args to None, run_after=None
[2026-02-02T14:25:25.456+0000] {logging_mixin.py:188} INFO - [2026-02-02T14:25:25.455+0000] {dag.py:3823} INFO - Setting next_dagrun for example_xcom_args_with_operators to None, run_after=None
[2026-02-02T14:25:25.472+0000] {processor.py:183} INFO - Processing /home/airflow/.local/lib/python3.8/site-packages/airflow/example_dags/example_xcomargs.py took 0.080 seconds
[2026-02-02T14:25:55.648+0000] {processor.py:161} INFO - Started process (PID=671) to work on /home/airflow/.local/lib/python3.8/site-packages/airflow/example_dags/example_xcomargs.py
[2026-02-02T14:25:55.649+0000] {processor.py:830} INFO - Processing file /home/airflow/.local/lib/python3.8/site-packages/airflow/example_dags/example_xcomargs.py for tasks to queue
[2026-02-02T14:25:55.651+0000] {logging_mixin.py:188} INFO - [2026-02-02T14:25:55.651+0000] {dagbag.py:538} INFO - Filling up the DagBag from /home/airflow/.local/lib/python3.8/site-packages/airflow/example_dags/example_xcomargs.py
[2026-02-02T14:25:55.660+0000] {processor.py:840} INFO - DAG(s) 'example_xcom_args', 'example_xcom_args_with_operators' retrieved from /home/airflow/.local/lib/python3.8/site-packages/airflow/example_dags/example_xcomargs.py
[2026-02-02T14:25:55.689+0000] {logging_mixin.py:188} INFO - [2026-02-02T14:25:55.689+0000] {dag.py:3036} INFO - Sync 2 DAGs
[2026-02-02T14:25:55.704+0000] {logging_mixin.py:188} INFO - [2026-02-02T14:25:55.704+0000] {dag.py:3823} INFO - Setting next_dagrun for example_xcom_args to None, run_after=None
[2026-02-02T14:25:55.708+0000] {logging_mixin.py:188} INFO - [2026-02-02T14:25:55.708+0000] {dag.py:3823} INFO - Setting next_dagrun for example_xcom_args_with_operators to None, run_after=None
[2026-02-02T14:25:55.725+0000] {processor.py:183} INFO - Processing /home/airflow/.local/lib/python3.8/site-packages/airflow/example_dags/example_xcomargs.py took 0.080 seconds
[2026-02-02T14:26:25.892+0000] {processor.py:161} INFO - Started process (PID=726) to work on /home/airflow/.local/lib/python3.8/site-packages/airflow/example_dags/example_xcomargs.py
[2026-02-02T14:26:25.893+0000] {processor.py:830} INFO - Processing file /home/airflow/.local/lib/python3.8/site-packages/airflow/example_dags/example_xcomargs.py for tasks to queue
[2026-02-02T14:26:25.895+0000] {logging_mixin.py:188} INFO - [2026-02-02T14:26:25.894+0000] {dagbag.py:538} INFO - Filling up the DagBag from /home/airflow/.local/lib/python3.8/site-packages/airflow/example_dags/example_xcomargs.py
[2026-02-02T14:26:25.904+0000] {processor.py:840} INFO - DAG(s) 'example_xcom_args_with_operators', 'example_xcom_args' retrieved from /home/airflow/.local/lib/python3.8/site-packages/airflow/example_dags/example_xcomargs.py
[2026-02-02T14:26:25.957+0000] {logging_mixin.py:188} INFO - [2026-02-02T14:26:25.957+0000] {dag.py:3036} INFO - Sync 2 DAGs
[2026-02-02T14:26:25.988+0000] {logging_mixin.py:188} INFO - [2026-02-02T14:26:25.987+0000] {dag.py:3823} INFO - Setting next_dagrun for example_xcom_args to None, run_after=None
[2026-02-02T14:26:25.991+0000] {logging_mixin.py:188} INFO - [2026-02-02T14:26:25.991+0000] {dag.py:3823} INFO - Setting next_dagrun for example_xcom_args_with_operators to None, run_after=None
[2026-02-02T14:26:26.011+0000] {processor.py:183} INFO - Processing /home/airflow/.local/lib/python3.8/site-packages/airflow/example_dags/example_xcomargs.py took 0.122 seconds
[2026-02-02T14:26:56.511+0000] {processor.py:161} INFO - Started process (PID=781) to work on /home/airflow/.local/lib/python3.8/site-packages/airflow/example_dags/example_xcomargs.py
[2026-02-02T14:26:56.512+0000] {processor.py:830} INFO - Processing file /home/airflow/.local/lib/python3.8/site-packages/airflow/example_dags/example_xcomargs.py for tasks to queue
[2026-02-02T14:26:56.515+0000] {logging_mixin.py:188} INFO - [2026-02-02T14:26:56.514+0000] {dagbag.py:538} INFO - Filling up the DagBag from /home/airflow/.local/lib/python3.8/site-packages/airflow/example_dags/example_xcomargs.py
[2026-02-02T14:26:56.537+0000] {processor.py:840} INFO - DAG(s) 'example_xcom_args', 'example_xcom_args_with_operators' retrieved from /home/airflow/.local/lib/python3.8/site-packages/airflow/example_dags/example_xcomargs.py
[2026-02-02T14:26:56.607+0000] {logging_mixin.py:188} INFO - [2026-02-02T14:26:56.604+0000] {dag.py:3036} INFO - Sync 2 DAGs
[2026-02-02T14:26:56.644+0000] {logging_mixin.py:188} INFO - [2026-02-02T14:26:56.644+0000] {dag.py:3823} INFO - Setting next_dagrun for example_xcom_args to None, run_after=None
[2026-02-02T14:26:56.650+0000] {logging_mixin.py:188} INFO - [2026-02-02T14:26:56.650+0000] {dag.py:3823} INFO - Setting next_dagrun for example_xcom_args_with_operators to None, run_after=None
[2026-02-02T14:26:56.697+0000] {processor.py:183} INFO - Processing /home/airflow/.local/lib/python3.8/site-packages/airflow/example_dags/example_xcomargs.py took 0.190 seconds
[2026-02-02T14:27:26.827+0000] {processor.py:161} INFO - Started process (PID=842) to work on /home/airflow/.local/lib/python3.8/site-packages/airflow/example_dags/example_xcomargs.py
[2026-02-02T14:27:26.828+0000] {processor.py:830} INFO - Processing file /home/airflow/.local/lib/python3.8/site-packages/airflow/example_dags/example_xcomargs.py for tasks to queue
[2026-02-02T14:27:26.830+0000] {logging_mixin.py:188} INFO - [2026-02-02T14:27:26.829+0000] {dagbag.py:538} INFO - Filling up the DagBag from /home/airflow/.local/lib/python3.8/site-packages/airflow/example_dags/example_xcomargs.py
[2026-02-02T14:27:26.839+0000] {processor.py:840} INFO - DAG(s) 'example_xcom_args_with_operators', 'example_xcom_args' retrieved from /home/airflow/.local/lib/python3.8/site-packages/airflow/example_dags/example_xcomargs.py
[2026-02-02T14:27:26.866+0000] {logging_mixin.py:188} INFO - [2026-02-02T14:27:26.866+0000] {dag.py:3036} INFO - Sync 2 DAGs
[2026-02-02T14:27:26.884+0000] {logging_mixin.py:188} INFO - [2026-02-02T14:27:26.884+0000] {dag.py:3823} INFO - Setting next_dagrun for example_xcom_args to None, run_after=None
[2026-02-02T14:27:26.888+0000] {logging_mixin.py:188} INFO - [2026-02-02T14:27:26.888+0000] {dag.py:3823} INFO - Setting next_dagrun for example_xcom_args_with_operators to None, run_after=None
[2026-02-02T14:27:26.920+0000] {processor.py:183} INFO - Processing /home/airflow/.local/lib/python3.8/site-packages/airflow/example_dags/example_xcomargs.py took 0.097 seconds
[2026-02-02T14:27:57.541+0000] {processor.py:161} INFO - Started process (PID=897) to work on /home/airflow/.local/lib/python3.8/site-packages/airflow/example_dags/example_xcomargs.py
[2026-02-02T14:27:57.542+0000] {processor.py:830} INFO - Processing file /home/airflow/.local/lib/python3.8/site-packages/airflow/example_dags/example_xcomargs.py for tasks to queue
[2026-02-02T14:27:57.544+0000] {logging_mixin.py:188} INFO - [2026-02-02T14:27:57.544+0000] {dagbag.py:538} INFO - Filling up the DagBag from /home/airflow/.local/lib/python3.8/site-packages/airflow/example_dags/example_xcomargs.py
[2026-02-02T14:27:57.553+0000] {processor.py:840} INFO - DAG(s) 'example_xcom_args', 'example_xcom_args_with_operators' retrieved from /home/airflow/.local/lib/python3.8/site-packages/airflow/example_dags/example_xcomargs.py
[2026-02-02T14:27:57.580+0000] {logging_mixin.py:188} INFO - [2026-02-02T14:27:57.580+0000] {dag.py:3036} INFO - Sync 2 DAGs
[2026-02-02T14:27:57.596+0000] {logging_mixin.py:188} INFO - [2026-02-02T14:27:57.595+0000] {dag.py:3823} INFO - Setting next_dagrun for example_xcom_args to None, run_after=None
[2026-02-02T14:27:57.599+0000] {logging_mixin.py:188} INFO - [2026-02-02T14:27:57.599+0000] {dag.py:3823} INFO - Setting next_dagrun for example_xcom_args_with_operators to None, run_after=None
[2026-02-02T14:27:57.616+0000] {processor.py:183} INFO - Processing /home/airflow/.local/lib/python3.8/site-packages/airflow/example_dags/example_xcomargs.py took 0.078 seconds
[2026-02-02T14:28:28.242+0000] {processor.py:161} INFO - Started process (PID=952) to work on /home/airflow/.local/lib/python3.8/site-packages/airflow/example_dags/example_xcomargs.py
[2026-02-02T14:28:28.242+0000] {processor.py:830} INFO - Processing file /home/airflow/.local/lib/python3.8/site-packages/airflow/example_dags/example_xcomargs.py for tasks to queue
[2026-02-02T14:28:28.244+0000] {logging_mixin.py:188} INFO - [2026-02-02T14:28:28.244+0000] {dagbag.py:538} INFO - Filling up the DagBag from /home/airflow/.local/lib/python3.8/site-packages/airflow/example_dags/example_xcomargs.py
[2026-02-02T14:28:28.253+0000] {processor.py:840} INFO - DAG(s) 'example_xcom_args', 'example_xcom_args_with_operators' retrieved from /home/airflow/.local/lib/python3.8/site-packages/airflow/example_dags/example_xcomargs.py
[2026-02-02T14:28:28.292+0000] {logging_mixin.py:188} INFO - [2026-02-02T14:28:28.292+0000] {dag.py:3036} INFO - Sync 2 DAGs
[2026-02-02T14:28:28.319+0000] {logging_mixin.py:188} INFO - [2026-02-02T14:28:28.318+0000] {dag.py:3823} INFO - Setting next_dagrun for example_xcom_args to None, run_after=None
[2026-02-02T14:28:28.327+0000] {logging_mixin.py:188} INFO - [2026-02-02T14:28:28.327+0000] {dag.py:3823} INFO - Setting next_dagrun for example_xcom_args_with_operators to None, run_after=None
[2026-02-02T14:28:28.353+0000] {processor.py:183} INFO - Processing /home/airflow/.local/lib/python3.8/site-packages/airflow/example_dags/example_xcomargs.py took 0.114 seconds
[2026-02-02T14:28:58.620+0000] {processor.py:161} INFO - Started process (PID=1007) to work on /home/airflow/.local/lib/python3.8/site-packages/airflow/example_dags/example_xcomargs.py
[2026-02-02T14:28:58.621+0000] {processor.py:830} INFO - Processing file /home/airflow/.local/lib/python3.8/site-packages/airflow/example_dags/example_xcomargs.py for tasks to queue
[2026-02-02T14:28:58.623+0000] {logging_mixin.py:188} INFO - [2026-02-02T14:28:58.622+0000] {dagbag.py:538} INFO - Filling up the DagBag from /home/airflow/.local/lib/python3.8/site-packages/airflow/example_dags/example_xcomargs.py
[2026-02-02T14:28:58.632+0000] {processor.py:840} INFO - DAG(s) 'example_xcom_args', 'example_xcom_args_with_operators' retrieved from /home/airflow/.local/lib/python3.8/site-packages/airflow/example_dags/example_xcomargs.py
[2026-02-02T14:28:58.659+0000] {logging_mixin.py:188} INFO - [2026-02-02T14:28:58.659+0000] {dag.py:3036} INFO - Sync 2 DAGs
[2026-02-02T14:28:58.674+0000] {logging_mixin.py:188} INFO - [2026-02-02T14:28:58.674+0000] {dag.py:3823} INFO - Setting next_dagrun for example_xcom_args to None, run_after=None
[2026-02-02T14:28:58.678+0000] {logging_mixin.py:188} INFO - [2026-02-02T14:28:58.678+0000] {dag.py:3823} INFO - Setting next_dagrun for example_xcom_args_with_operators to None, run_after=None
[2026-02-02T14:28:58.695+0000] {processor.py:183} INFO - Processing /home/airflow/.local/lib/python3.8/site-packages/airflow/example_dags/example_xcomargs.py took 0.079 seconds
[2026-02-02T14:29:28.817+0000] {processor.py:161} INFO - Started process (PID=1062) to work on /home/airflow/.local/lib/python3.8/site-packages/airflow/example_dags/example_xcomargs.py
[2026-02-02T14:29:28.818+0000] {processor.py:830} INFO - Processing file /home/airflow/.local/lib/python3.8/site-packages/airflow/example_dags/example_xcomargs.py for tasks to queue
[2026-02-02T14:29:28.820+0000] {logging_mixin.py:188} INFO - [2026-02-02T14:29:28.820+0000] {dagbag.py:538} INFO - Filling up the DagBag from /home/airflow/.local/lib/python3.8/site-packages/airflow/example_dags/example_xcomargs.py
[2026-02-02T14:29:28.829+0000] {processor.py:840} INFO - DAG(s) 'example_xcom_args_with_operators', 'example_xcom_args' retrieved from /home/airflow/.local/lib/python3.8/site-packages/airflow/example_dags/example_xcomargs.py
[2026-02-02T14:29:28.862+0000] {logging_mixin.py:188} INFO - [2026-02-02T14:29:28.861+0000] {dag.py:3036} INFO - Sync 2 DAGs
[2026-02-02T14:29:28.877+0000] {logging_mixin.py:188} INFO - [2026-02-02T14:29:28.877+0000] {dag.py:3823} INFO - Setting next_dagrun for example_xcom_args to None, run_after=None
[2026-02-02T14:29:28.881+0000] {logging_mixin.py:188} INFO - [2026-02-02T14:29:28.881+0000] {dag.py:3823} INFO - Setting next_dagrun for example_xcom_args_with_operators to None, run_after=None
[2026-02-02T14:29:28.900+0000] {processor.py:183} INFO - Processing /home/airflow/.local/lib/python3.8/site-packages/airflow/example_dags/example_xcomargs.py took 0.086 seconds
[2026-02-02T14:29:59.496+0000] {processor.py:161} INFO - Started process (PID=1117) to work on /home/airflow/.local/lib/python3.8/site-packages/airflow/example_dags/example_xcomargs.py
[2026-02-02T14:29:59.500+0000] {processor.py:830} INFO - Processing file /home/airflow/.local/lib/python3.8/site-packages/airflow/example_dags/example_xcomargs.py for tasks to queue
[2026-02-02T14:29:59.502+0000] {logging_mixin.py:188} INFO - [2026-02-02T14:29:59.502+0000] {dagbag.py:538} INFO - Filling up the DagBag from /home/airflow/.local/lib/python3.8/site-packages/airflow/example_dags/example_xcomargs.py
[2026-02-02T14:29:59.523+0000] {processor.py:840} INFO - DAG(s) 'example_xcom_args', 'example_xcom_args_with_operators' retrieved from /home/airflow/.local/lib/python3.8/site-packages/airflow/example_dags/example_xcomargs.py
[2026-02-02T14:29:59.615+0000] {logging_mixin.py:188} INFO - [2026-02-02T14:29:59.615+0000] {dag.py:3036} INFO - Sync 2 DAGs
[2026-02-02T14:29:59.662+0000] {logging_mixin.py:188} INFO - [2026-02-02T14:29:59.662+0000] {dag.py:3823} INFO - Setting next_dagrun for example_xcom_args to None, run_after=None
[2026-02-02T14:29:59.674+0000] {logging_mixin.py:188} INFO - [2026-02-02T14:29:59.674+0000] {dag.py:3823} INFO - Setting next_dagrun for example_xcom_args_with_operators to None, run_after=None
[2026-02-02T14:29:59.724+0000] {processor.py:183} INFO - Processing /home/airflow/.local/lib/python3.8/site-packages/airflow/example_dags/example_xcomargs.py took 0.236 seconds
[2026-02-02T14:30:30.424+0000] {processor.py:161} INFO - Started process (PID=1170) to work on /home/airflow/.local/lib/python3.8/site-packages/airflow/example_dags/example_xcomargs.py
[2026-02-02T14:30:30.427+0000] {processor.py:830} INFO - Processing file /home/airflow/.local/lib/python3.8/site-packages/airflow/example_dags/example_xcomargs.py for tasks to queue
[2026-02-02T14:30:30.431+0000] {logging_mixin.py:188} INFO - [2026-02-02T14:30:30.428+0000] {dagbag.py:538} INFO - Filling up the DagBag from /home/airflow/.local/lib/python3.8/site-packages/airflow/example_dags/example_xcomargs.py
[2026-02-02T14:30:30.443+0000] {processor.py:840} INFO - DAG(s) 'example_xcom_args_with_operators', 'example_xcom_args' retrieved from /home/airflow/.local/lib/python3.8/site-packages/airflow/example_dags/example_xcomargs.py
[2026-02-02T14:30:30.473+0000] {logging_mixin.py:188} INFO - [2026-02-02T14:30:30.472+0000] {dag.py:3036} INFO - Sync 2 DAGs
[2026-02-02T14:30:30.489+0000] {logging_mixin.py:188} INFO - [2026-02-02T14:30:30.488+0000] {dag.py:3823} INFO - Setting next_dagrun for example_xcom_args to None, run_after=None
[2026-02-02T14:30:30.493+0000] {logging_mixin.py:188} INFO - [2026-02-02T14:30:30.492+0000] {dag.py:3823} INFO - Setting next_dagrun for example_xcom_args_with_operators to None, run_after=None
[2026-02-02T14:30:30.511+0000] {processor.py:183} INFO - Processing /home/airflow/.local/lib/python3.8/site-packages/airflow/example_dags/example_xcomargs.py took 0.095 seconds
[2026-02-02T14:31:01.041+0000] {processor.py:161} INFO - Started process (PID=1225) to work on /home/airflow/.local/lib/python3.8/site-packages/airflow/example_dags/example_xcomargs.py
[2026-02-02T14:31:01.044+0000] {processor.py:830} INFO - Processing file /home/airflow/.local/lib/python3.8/site-packages/airflow/example_dags/example_xcomargs.py for tasks to queue
[2026-02-02T14:31:01.047+0000] {logging_mixin.py:188} INFO - [2026-02-02T14:31:01.046+0000] {dagbag.py:538} INFO - Filling up the DagBag from /home/airflow/.local/lib/python3.8/site-packages/airflow/example_dags/example_xcomargs.py
[2026-02-02T14:31:01.061+0000] {processor.py:840} INFO - DAG(s) 'example_xcom_args', 'example_xcom_args_with_operators' retrieved from /home/airflow/.local/lib/python3.8/site-packages/airflow/example_dags/example_xcomargs.py
[2026-02-02T14:31:01.111+0000] {logging_mixin.py:188} INFO - [2026-02-02T14:31:01.111+0000] {dag.py:3036} INFO - Sync 2 DAGs
[2026-02-02T14:31:01.143+0000] {logging_mixin.py:188} INFO - [2026-02-02T14:31:01.143+0000] {dag.py:3823} INFO - Setting next_dagrun for example_xcom_args to None, run_after=None
[2026-02-02T14:31:01.152+0000] {logging_mixin.py:188} INFO - [2026-02-02T14:31:01.151+0000] {dag.py:3823} INFO - Setting next_dagrun for example_xcom_args_with_operators to None, run_after=None
[2026-02-02T14:31:01.180+0000] {processor.py:183} INFO - Processing /home/airflow/.local/lib/python3.8/site-packages/airflow/example_dags/example_xcomargs.py took 0.145 seconds
[2026-02-02T14:31:31.485+0000] {processor.py:161} INFO - Started process (PID=1280) to work on /home/airflow/.local/lib/python3.8/site-packages/airflow/example_dags/example_xcomargs.py
[2026-02-02T14:31:31.486+0000] {processor.py:830} INFO - Processing file /home/airflow/.local/lib/python3.8/site-packages/airflow/example_dags/example_xcomargs.py for tasks to queue
[2026-02-02T14:31:31.487+0000] {logging_mixin.py:188} INFO - [2026-02-02T14:31:31.487+0000] {dagbag.py:538} INFO - Filling up the DagBag from /home/airflow/.local/lib/python3.8/site-packages/airflow/example_dags/example_xcomargs.py
[2026-02-02T14:31:31.496+0000] {processor.py:840} INFO - DAG(s) 'example_xcom_args_with_operators', 'example_xcom_args' retrieved from /home/airflow/.local/lib/python3.8/site-packages/airflow/example_dags/example_xcomargs.py
[2026-02-02T14:31:31.524+0000] {logging_mixin.py:188} INFO - [2026-02-02T14:31:31.524+0000] {dag.py:3036} INFO - Sync 2 DAGs
[2026-02-02T14:31:31.539+0000] {logging_mixin.py:188} INFO - [2026-02-02T14:31:31.539+0000] {dag.py:3823} INFO - Setting next_dagrun for example_xcom_args to None, run_after=None
[2026-02-02T14:31:31.543+0000] {logging_mixin.py:188} INFO - [2026-02-02T14:31:31.543+0000] {dag.py:3823} INFO - Setting next_dagrun for example_xcom_args_with_operators to None, run_after=None
[2026-02-02T14:31:31.560+0000] {processor.py:183} INFO - Processing /home/airflow/.local/lib/python3.8/site-packages/airflow/example_dags/example_xcomargs.py took 0.078 seconds
[2026-02-02T14:32:02.364+0000] {processor.py:161} INFO - Started process (PID=1335) to work on /home/airflow/.local/lib/python3.8/site-packages/airflow/example_dags/example_xcomargs.py
[2026-02-02T14:32:02.366+0000] {processor.py:830} INFO - Processing file /home/airflow/.local/lib/python3.8/site-packages/airflow/example_dags/example_xcomargs.py for tasks to queue
[2026-02-02T14:32:02.368+0000] {logging_mixin.py:188} INFO - [2026-02-02T14:32:02.368+0000] {dagbag.py:538} INFO - Filling up the DagBag from /home/airflow/.local/lib/python3.8/site-packages/airflow/example_dags/example_xcomargs.py
[2026-02-02T14:32:02.378+0000] {processor.py:840} INFO - DAG(s) 'example_xcom_args', 'example_xcom_args_with_operators' retrieved from /home/airflow/.local/lib/python3.8/site-packages/airflow/example_dags/example_xcomargs.py
[2026-02-02T14:32:02.405+0000] {logging_mixin.py:188} INFO - [2026-02-02T14:32:02.405+0000] {dag.py:3036} INFO - Sync 2 DAGs
[2026-02-02T14:32:02.422+0000] {logging_mixin.py:188} INFO - [2026-02-02T14:32:02.421+0000] {dag.py:3823} INFO - Setting next_dagrun for example_xcom_args to None, run_after=None
[2026-02-02T14:32:02.426+0000] {logging_mixin.py:188} INFO - [2026-02-02T14:32:02.426+0000] {dag.py:3823} INFO - Setting next_dagrun for example_xcom_args_with_operators to None, run_after=None
[2026-02-02T14:32:02.443+0000] {processor.py:183} INFO - Processing /home/airflow/.local/lib/python3.8/site-packages/airflow/example_dags/example_xcomargs.py took 0.082 seconds
[2026-02-02T14:32:32.961+0000] {processor.py:161} INFO - Started process (PID=1390) to work on /home/airflow/.local/lib/python3.8/site-packages/airflow/example_dags/example_xcomargs.py
[2026-02-02T14:32:32.962+0000] {processor.py:830} INFO - Processing file /home/airflow/.local/lib/python3.8/site-packages/airflow/example_dags/example_xcomargs.py for tasks to queue
[2026-02-02T14:32:32.964+0000] {logging_mixin.py:188} INFO - [2026-02-02T14:32:32.964+0000] {dagbag.py:538} INFO - Filling up the DagBag from /home/airflow/.local/lib/python3.8/site-packages/airflow/example_dags/example_xcomargs.py
[2026-02-02T14:32:32.973+0000] {processor.py:840} INFO - DAG(s) 'example_xcom_args', 'example_xcom_args_with_operators' retrieved from /home/airflow/.local/lib/python3.8/site-packages/airflow/example_dags/example_xcomargs.py
[2026-02-02T14:32:33.002+0000] {logging_mixin.py:188} INFO - [2026-02-02T14:32:33.001+0000] {dag.py:3036} INFO - Sync 2 DAGs
[2026-02-02T14:32:33.017+0000] {logging_mixin.py:188} INFO - [2026-02-02T14:32:33.017+0000] {dag.py:3823} INFO - Setting next_dagrun for example_xcom_args to None, run_after=None
[2026-02-02T14:32:33.021+0000] {logging_mixin.py:188} INFO - [2026-02-02T14:32:33.021+0000] {dag.py:3823} INFO - Setting next_dagrun for example_xcom_args_with_operators to None, run_after=None
[2026-02-02T14:32:33.036+0000] {processor.py:183} INFO - Processing /home/airflow/.local/lib/python3.8/site-packages/airflow/example_dags/example_xcomargs.py took 0.078 seconds
[2026-02-02T14:33:03.443+0000] {processor.py:161} INFO - Started process (PID=1445) to work on /home/airflow/.local/lib/python3.8/site-packages/airflow/example_dags/example_xcomargs.py
[2026-02-02T14:33:03.444+0000] {processor.py:830} INFO - Processing file /home/airflow/.local/lib/python3.8/site-packages/airflow/example_dags/example_xcomargs.py for tasks to queue
[2026-02-02T14:33:03.446+0000] {logging_mixin.py:188} INFO - [2026-02-02T14:33:03.446+0000] {dagbag.py:538} INFO - Filling up the DagBag from /home/airflow/.local/lib/python3.8/site-packages/airflow/example_dags/example_xcomargs.py
[2026-02-02T14:33:03.456+0000] {processor.py:840} INFO - DAG(s) 'example_xcom_args_with_operators', 'example_xcom_args' retrieved from /home/airflow/.local/lib/python3.8/site-packages/airflow/example_dags/example_xcomargs.py
[2026-02-02T14:33:03.506+0000] {logging_mixin.py:188} INFO - [2026-02-02T14:33:03.506+0000] {dag.py:3036} INFO - Sync 2 DAGs
[2026-02-02T14:33:03.522+0000] {logging_mixin.py:188} INFO - [2026-02-02T14:33:03.522+0000] {dag.py:3823} INFO - Setting next_dagrun for example_xcom_args to None, run_after=None
[2026-02-02T14:33:03.526+0000] {logging_mixin.py:188} INFO - [2026-02-02T14:33:03.526+0000] {dag.py:3823} INFO - Setting next_dagrun for example_xcom_args_with_operators to None, run_after=None
[2026-02-02T14:33:03.543+0000] {processor.py:183} INFO - Processing /home/airflow/.local/lib/python3.8/site-packages/airflow/example_dags/example_xcomargs.py took 0.103 seconds
[2026-02-02T14:33:33.609+0000] {processor.py:161} INFO - Started process (PID=1500) to work on /home/airflow/.local/lib/python3.8/site-packages/airflow/example_dags/example_xcomargs.py
[2026-02-02T14:33:33.610+0000] {processor.py:830} INFO - Processing file /home/airflow/.local/lib/python3.8/site-packages/airflow/example_dags/example_xcomargs.py for tasks to queue
[2026-02-02T14:33:33.612+0000] {logging_mixin.py:188} INFO - [2026-02-02T14:33:33.611+0000] {dagbag.py:538} INFO - Filling up the DagBag from /home/airflow/.local/lib/python3.8/site-packages/airflow/example_dags/example_xcomargs.py
[2026-02-02T14:33:33.621+0000] {processor.py:840} INFO - DAG(s) 'example_xcom_args_with_operators', 'example_xcom_args' retrieved from /home/airflow/.local/lib/python3.8/site-packages/airflow/example_dags/example_xcomargs.py
[2026-02-02T14:33:33.649+0000] {logging_mixin.py:188} INFO - [2026-02-02T14:33:33.649+0000] {dag.py:3036} INFO - Sync 2 DAGs
[2026-02-02T14:33:33.665+0000] {logging_mixin.py:188} INFO - [2026-02-02T14:33:33.664+0000] {dag.py:3823} INFO - Setting next_dagrun for example_xcom_args to None, run_after=None
[2026-02-02T14:33:33.669+0000] {logging_mixin.py:188} INFO - [2026-02-02T14:33:33.668+0000] {dag.py:3823} INFO - Setting next_dagrun for example_xcom_args_with_operators to None, run_after=None
[2026-02-02T14:33:33.684+0000] {processor.py:183} INFO - Processing /home/airflow/.local/lib/python3.8/site-packages/airflow/example_dags/example_xcomargs.py took 0.078 seconds
[2026-02-02T14:34:03.898+0000] {processor.py:161} INFO - Started process (PID=1555) to work on /home/airflow/.local/lib/python3.8/site-packages/airflow/example_dags/example_xcomargs.py
[2026-02-02T14:34:03.899+0000] {processor.py:830} INFO - Processing file /home/airflow/.local/lib/python3.8/site-packages/airflow/example_dags/example_xcomargs.py for tasks to queue
[2026-02-02T14:34:03.901+0000] {logging_mixin.py:188} INFO - [2026-02-02T14:34:03.900+0000] {dagbag.py:538} INFO - Filling up the DagBag from /home/airflow/.local/lib/python3.8/site-packages/airflow/example_dags/example_xcomargs.py
[2026-02-02T14:34:03.910+0000] {processor.py:840} INFO - DAG(s) 'example_xcom_args', 'example_xcom_args_with_operators' retrieved from /home/airflow/.local/lib/python3.8/site-packages/airflow/example_dags/example_xcomargs.py
[2026-02-02T14:34:03.937+0000] {logging_mixin.py:188} INFO - [2026-02-02T14:34:03.937+0000] {dag.py:3036} INFO - Sync 2 DAGs
[2026-02-02T14:34:03.952+0000] {logging_mixin.py:188} INFO - [2026-02-02T14:34:03.952+0000] {dag.py:3823} INFO - Setting next_dagrun for example_xcom_args to None, run_after=None
[2026-02-02T14:34:03.957+0000] {logging_mixin.py:188} INFO - [2026-02-02T14:34:03.957+0000] {dag.py:3823} INFO - Setting next_dagrun for example_xcom_args_with_operators to None, run_after=None
[2026-02-02T14:34:03.973+0000] {processor.py:183} INFO - Processing /home/airflow/.local/lib/python3.8/site-packages/airflow/example_dags/example_xcomargs.py took 0.078 seconds
[2026-02-02T14:34:34.441+0000] {processor.py:161} INFO - Started process (PID=1610) to work on /home/airflow/.local/lib/python3.8/site-packages/airflow/example_dags/example_xcomargs.py
[2026-02-02T14:34:34.442+0000] {processor.py:830} INFO - Processing file /home/airflow/.local/lib/python3.8/site-packages/airflow/example_dags/example_xcomargs.py for tasks to queue
[2026-02-02T14:34:34.444+0000] {logging_mixin.py:188} INFO - [2026-02-02T14:34:34.444+0000] {dagbag.py:538} INFO - Filling up the DagBag from /home/airflow/.local/lib/python3.8/site-packages/airflow/example_dags/example_xcomargs.py
[2026-02-02T14:34:34.459+0000] {processor.py:840} INFO - DAG(s) 'example_xcom_args', 'example_xcom_args_with_operators' retrieved from /home/airflow/.local/lib/python3.8/site-packages/airflow/example_dags/example_xcomargs.py
[2026-02-02T14:34:34.489+0000] {logging_mixin.py:188} INFO - [2026-02-02T14:34:34.489+0000] {dag.py:3036} INFO - Sync 2 DAGs
[2026-02-02T14:34:34.503+0000] {logging_mixin.py:188} INFO - [2026-02-02T14:34:34.503+0000] {dag.py:3823} INFO - Setting next_dagrun for example_xcom_args to None, run_after=None
[2026-02-02T14:34:34.507+0000] {logging_mixin.py:188} INFO - [2026-02-02T14:34:34.507+0000] {dag.py:3823} INFO - Setting next_dagrun for example_xcom_args_with_operators to None, run_after=None
[2026-02-02T14:34:34.524+0000] {processor.py:183} INFO - Processing /home/airflow/.local/lib/python3.8/site-packages/airflow/example_dags/example_xcomargs.py took 0.086 seconds
[2026-02-02T14:35:04.625+0000] {processor.py:161} INFO - Started process (PID=1665) to work on /home/airflow/.local/lib/python3.8/site-packages/airflow/example_dags/example_xcomargs.py
[2026-02-02T14:35:04.625+0000] {processor.py:830} INFO - Processing file /home/airflow/.local/lib/python3.8/site-packages/airflow/example_dags/example_xcomargs.py for tasks to queue
[2026-02-02T14:35:04.627+0000] {logging_mixin.py:188} INFO - [2026-02-02T14:35:04.627+0000] {dagbag.py:538} INFO - Filling up the DagBag from /home/airflow/.local/lib/python3.8/site-packages/airflow/example_dags/example_xcomargs.py
[2026-02-02T14:35:04.636+0000] {processor.py:840} INFO - DAG(s) 'example_xcom_args', 'example_xcom_args_with_operators' retrieved from /home/airflow/.local/lib/python3.8/site-packages/airflow/example_dags/example_xcomargs.py
[2026-02-02T14:35:04.665+0000] {logging_mixin.py:188} INFO - [2026-02-02T14:35:04.664+0000] {dag.py:3036} INFO - Sync 2 DAGs
[2026-02-02T14:35:04.686+0000] {logging_mixin.py:188} INFO - [2026-02-02T14:35:04.685+0000] {dag.py:3823} INFO - Setting next_dagrun for example_xcom_args to None, run_after=None
[2026-02-02T14:35:04.694+0000] {logging_mixin.py:188} INFO - [2026-02-02T14:35:04.694+0000] {dag.py:3823} INFO - Setting next_dagrun for example_xcom_args_with_operators to None, run_after=None
[2026-02-02T14:35:04.711+0000] {processor.py:183} INFO - Processing /home/airflow/.local/lib/python3.8/site-packages/airflow/example_dags/example_xcomargs.py took 0.090 seconds
[2026-02-02T14:35:35.205+0000] {processor.py:161} INFO - Started process (PID=1720) to work on /home/airflow/.local/lib/python3.8/site-packages/airflow/example_dags/example_xcomargs.py
[2026-02-02T14:35:35.206+0000] {processor.py:830} INFO - Processing file /home/airflow/.local/lib/python3.8/site-packages/airflow/example_dags/example_xcomargs.py for tasks to queue
[2026-02-02T14:35:35.208+0000] {logging_mixin.py:188} INFO - [2026-02-02T14:35:35.207+0000] {dagbag.py:538} INFO - Filling up the DagBag from /home/airflow/.local/lib/python3.8/site-packages/airflow/example_dags/example_xcomargs.py
[2026-02-02T14:35:35.219+0000] {processor.py:840} INFO - DAG(s) 'example_xcom_args', 'example_xcom_args_with_operators' retrieved from /home/airflow/.local/lib/python3.8/site-packages/airflow/example_dags/example_xcomargs.py
[2026-02-02T14:35:35.247+0000] {logging_mixin.py:188} INFO - [2026-02-02T14:35:35.246+0000] {dag.py:3036} INFO - Sync 2 DAGs
[2026-02-02T14:35:35.261+0000] {logging_mixin.py:188} INFO - [2026-02-02T14:35:35.261+0000] {dag.py:3823} INFO - Setting next_dagrun for example_xcom_args to None, run_after=None
[2026-02-02T14:35:35.265+0000] {logging_mixin.py:188} INFO - [2026-02-02T14:35:35.264+0000] {dag.py:3823} INFO - Setting next_dagrun for example_xcom_args_with_operators to None, run_after=None
[2026-02-02T14:35:35.280+0000] {processor.py:183} INFO - Processing /home/airflow/.local/lib/python3.8/site-packages/airflow/example_dags/example_xcomargs.py took 0.079 seconds
[2026-02-02T14:36:06.148+0000] {processor.py:161} INFO - Started process (PID=1775) to work on /home/airflow/.local/lib/python3.8/site-packages/airflow/example_dags/example_xcomargs.py
[2026-02-02T14:36:06.149+0000] {processor.py:830} INFO - Processing file /home/airflow/.local/lib/python3.8/site-packages/airflow/example_dags/example_xcomargs.py for tasks to queue
[2026-02-02T14:36:06.151+0000] {logging_mixin.py:188} INFO - [2026-02-02T14:36:06.150+0000] {dagbag.py:538} INFO - Filling up the DagBag from /home/airflow/.local/lib/python3.8/site-packages/airflow/example_dags/example_xcomargs.py
[2026-02-02T14:36:06.160+0000] {processor.py:840} INFO - DAG(s) 'example_xcom_args', 'example_xcom_args_with_operators' retrieved from /home/airflow/.local/lib/python3.8/site-packages/airflow/example_dags/example_xcomargs.py
[2026-02-02T14:36:06.187+0000] {logging_mixin.py:188} INFO - [2026-02-02T14:36:06.187+0000] {dag.py:3036} INFO - Sync 2 DAGs
[2026-02-02T14:36:06.203+0000] {logging_mixin.py:188} INFO - [2026-02-02T14:36:06.203+0000] {dag.py:3823} INFO - Setting next_dagrun for example_xcom_args to None, run_after=None
[2026-02-02T14:36:06.207+0000] {logging_mixin.py:188} INFO - [2026-02-02T14:36:06.207+0000] {dag.py:3823} INFO - Setting next_dagrun for example_xcom_args_with_operators to None, run_after=None
[2026-02-02T14:36:06.223+0000] {processor.py:183} INFO - Processing /home/airflow/.local/lib/python3.8/site-packages/airflow/example_dags/example_xcomargs.py took 0.078 seconds
[2026-02-02T14:36:36.615+0000] {processor.py:161} INFO - Started process (PID=1830) to work on /home/airflow/.local/lib/python3.8/site-packages/airflow/example_dags/example_xcomargs.py
[2026-02-02T14:36:36.615+0000] {processor.py:830} INFO - Processing file /home/airflow/.local/lib/python3.8/site-packages/airflow/example_dags/example_xcomargs.py for tasks to queue
[2026-02-02T14:36:36.617+0000] {logging_mixin.py:188} INFO - [2026-02-02T14:36:36.617+0000] {dagbag.py:538} INFO - Filling up the DagBag from /home/airflow/.local/lib/python3.8/site-packages/airflow/example_dags/example_xcomargs.py
[2026-02-02T14:36:36.627+0000] {processor.py:840} INFO - DAG(s) 'example_xcom_args_with_operators', 'example_xcom_args' retrieved from /home/airflow/.local/lib/python3.8/site-packages/airflow/example_dags/example_xcomargs.py
[2026-02-02T14:36:36.655+0000] {logging_mixin.py:188} INFO - [2026-02-02T14:36:36.654+0000] {dag.py:3036} INFO - Sync 2 DAGs
[2026-02-02T14:36:36.670+0000] {logging_mixin.py:188} INFO - [2026-02-02T14:36:36.670+0000] {dag.py:3823} INFO - Setting next_dagrun for example_xcom_args to None, run_after=None
[2026-02-02T14:36:36.674+0000] {logging_mixin.py:188} INFO - [2026-02-02T14:36:36.674+0000] {dag.py:3823} INFO - Setting next_dagrun for example_xcom_args_with_operators to None, run_after=None
[2026-02-02T14:36:36.717+0000] {processor.py:183} INFO - Processing /home/airflow/.local/lib/python3.8/site-packages/airflow/example_dags/example_xcomargs.py took 0.106 seconds
[2026-02-02T14:37:06.809+0000] {processor.py:161} INFO - Started process (PID=1886) to work on /home/airflow/.local/lib/python3.8/site-packages/airflow/example_dags/example_xcomargs.py
[2026-02-02T14:37:06.809+0000] {processor.py:830} INFO - Processing file /home/airflow/.local/lib/python3.8/site-packages/airflow/example_dags/example_xcomargs.py for tasks to queue
[2026-02-02T14:37:06.811+0000] {logging_mixin.py:188} INFO - [2026-02-02T14:37:06.810+0000] {dagbag.py:538} INFO - Filling up the DagBag from /home/airflow/.local/lib/python3.8/site-packages/airflow/example_dags/example_xcomargs.py
[2026-02-02T14:37:06.817+0000] {processor.py:840} INFO - DAG(s) 'example_xcom_args_with_operators', 'example_xcom_args' retrieved from /home/airflow/.local/lib/python3.8/site-packages/airflow/example_dags/example_xcomargs.py
[2026-02-02T14:37:06.836+0000] {logging_mixin.py:188} INFO - [2026-02-02T14:37:06.836+0000] {dag.py:3036} INFO - Sync 2 DAGs
[2026-02-02T14:37:06.846+0000] {logging_mixin.py:188} INFO - [2026-02-02T14:37:06.846+0000] {dag.py:3823} INFO - Setting next_dagrun for example_xcom_args to None, run_after=None
[2026-02-02T14:37:06.849+0000] {logging_mixin.py:188} INFO - [2026-02-02T14:37:06.849+0000] {dag.py:3823} INFO - Setting next_dagrun for example_xcom_args_with_operators to None, run_after=None
[2026-02-02T14:37:06.861+0000] {processor.py:183} INFO - Processing /home/airflow/.local/lib/python3.8/site-packages/airflow/example_dags/example_xcomargs.py took 0.055 seconds
[2026-02-02T14:37:37.028+0000] {processor.py:161} INFO - Started process (PID=1940) to work on /home/airflow/.local/lib/python3.8/site-packages/airflow/example_dags/example_xcomargs.py
[2026-02-02T14:37:37.029+0000] {processor.py:830} INFO - Processing file /home/airflow/.local/lib/python3.8/site-packages/airflow/example_dags/example_xcomargs.py for tasks to queue
[2026-02-02T14:37:37.031+0000] {logging_mixin.py:188} INFO - [2026-02-02T14:37:37.030+0000] {dagbag.py:538} INFO - Filling up the DagBag from /home/airflow/.local/lib/python3.8/site-packages/airflow/example_dags/example_xcomargs.py
[2026-02-02T14:37:37.040+0000] {processor.py:840} INFO - DAG(s) 'example_xcom_args_with_operators', 'example_xcom_args' retrieved from /home/airflow/.local/lib/python3.8/site-packages/airflow/example_dags/example_xcomargs.py
[2026-02-02T14:37:37.067+0000] {logging_mixin.py:188} INFO - [2026-02-02T14:37:37.066+0000] {dag.py:3036} INFO - Sync 2 DAGs
[2026-02-02T14:37:37.081+0000] {logging_mixin.py:188} INFO - [2026-02-02T14:37:37.081+0000] {dag.py:3823} INFO - Setting next_dagrun for example_xcom_args to None, run_after=None
[2026-02-02T14:37:37.085+0000] {logging_mixin.py:188} INFO - [2026-02-02T14:37:37.085+0000] {dag.py:3823} INFO - Setting next_dagrun for example_xcom_args_with_operators to None, run_after=None
[2026-02-02T14:37:37.102+0000] {processor.py:183} INFO - Processing /home/airflow/.local/lib/python3.8/site-packages/airflow/example_dags/example_xcomargs.py took 0.077 seconds
[2026-02-02T14:38:07.319+0000] {processor.py:161} INFO - Started process (PID=1994) to work on /home/airflow/.local/lib/python3.8/site-packages/airflow/example_dags/example_xcomargs.py
[2026-02-02T14:38:07.322+0000] {processor.py:830} INFO - Processing file /home/airflow/.local/lib/python3.8/site-packages/airflow/example_dags/example_xcomargs.py for tasks to queue
[2026-02-02T14:38:07.326+0000] {logging_mixin.py:188} INFO - [2026-02-02T14:38:07.325+0000] {dagbag.py:538} INFO - Filling up the DagBag from /home/airflow/.local/lib/python3.8/site-packages/airflow/example_dags/example_xcomargs.py
[2026-02-02T14:38:07.337+0000] {processor.py:840} INFO - DAG(s) 'example_xcom_args', 'example_xcom_args_with_operators' retrieved from /home/airflow/.local/lib/python3.8/site-packages/airflow/example_dags/example_xcomargs.py
[2026-02-02T14:38:07.372+0000] {logging_mixin.py:188} INFO - [2026-02-02T14:38:07.371+0000] {dag.py:3036} INFO - Sync 2 DAGs
[2026-02-02T14:38:07.387+0000] {logging_mixin.py:188} INFO - [2026-02-02T14:38:07.387+0000] {dag.py:3823} INFO - Setting next_dagrun for example_xcom_args to None, run_after=None
[2026-02-02T14:38:07.391+0000] {logging_mixin.py:188} INFO - [2026-02-02T14:38:07.391+0000] {dag.py:3823} INFO - Setting next_dagrun for example_xcom_args_with_operators to None, run_after=None
[2026-02-02T14:38:07.417+0000] {processor.py:183} INFO - Processing /home/airflow/.local/lib/python3.8/site-packages/airflow/example_dags/example_xcomargs.py took 0.105 seconds
[2026-02-02T14:38:37.476+0000] {processor.py:161} INFO - Started process (PID=2049) to work on /home/airflow/.local/lib/python3.8/site-packages/airflow/example_dags/example_xcomargs.py
[2026-02-02T14:38:37.477+0000] {processor.py:830} INFO - Processing file /home/airflow/.local/lib/python3.8/site-packages/airflow/example_dags/example_xcomargs.py for tasks to queue
[2026-02-02T14:38:37.478+0000] {logging_mixin.py:188} INFO - [2026-02-02T14:38:37.478+0000] {dagbag.py:538} INFO - Filling up the DagBag from /home/airflow/.local/lib/python3.8/site-packages/airflow/example_dags/example_xcomargs.py
[2026-02-02T14:38:37.484+0000] {processor.py:840} INFO - DAG(s) 'example_xcom_args_with_operators', 'example_xcom_args' retrieved from /home/airflow/.local/lib/python3.8/site-packages/airflow/example_dags/example_xcomargs.py
[2026-02-02T14:38:37.509+0000] {logging_mixin.py:188} INFO - [2026-02-02T14:38:37.509+0000] {dag.py:3036} INFO - Sync 2 DAGs
[2026-02-02T14:38:37.519+0000] {logging_mixin.py:188} INFO - [2026-02-02T14:38:37.519+0000] {dag.py:3823} INFO - Setting next_dagrun for example_xcom_args to None, run_after=None
[2026-02-02T14:38:37.522+0000] {logging_mixin.py:188} INFO - [2026-02-02T14:38:37.522+0000] {dag.py:3823} INFO - Setting next_dagrun for example_xcom_args_with_operators to None, run_after=None
[2026-02-02T14:38:37.534+0000] {processor.py:183} INFO - Processing /home/airflow/.local/lib/python3.8/site-packages/airflow/example_dags/example_xcomargs.py took 0.061 seconds
[2026-02-02T14:39:08.138+0000] {processor.py:161} INFO - Started process (PID=2104) to work on /home/airflow/.local/lib/python3.8/site-packages/airflow/example_dags/example_xcomargs.py
[2026-02-02T14:39:08.139+0000] {processor.py:830} INFO - Processing file /home/airflow/.local/lib/python3.8/site-packages/airflow/example_dags/example_xcomargs.py for tasks to queue
[2026-02-02T14:39:08.141+0000] {logging_mixin.py:188} INFO - [2026-02-02T14:39:08.141+0000] {dagbag.py:538} INFO - Filling up the DagBag from /home/airflow/.local/lib/python3.8/site-packages/airflow/example_dags/example_xcomargs.py
[2026-02-02T14:39:08.149+0000] {processor.py:840} INFO - DAG(s) 'example_xcom_args_with_operators', 'example_xcom_args' retrieved from /home/airflow/.local/lib/python3.8/site-packages/airflow/example_dags/example_xcomargs.py
[2026-02-02T14:39:08.175+0000] {logging_mixin.py:188} INFO - [2026-02-02T14:39:08.175+0000] {dag.py:3036} INFO - Sync 2 DAGs
[2026-02-02T14:39:08.189+0000] {logging_mixin.py:188} INFO - [2026-02-02T14:39:08.189+0000] {dag.py:3823} INFO - Setting next_dagrun for example_xcom_args to None, run_after=None
[2026-02-02T14:39:08.193+0000] {logging_mixin.py:188} INFO - [2026-02-02T14:39:08.193+0000] {dag.py:3823} INFO - Setting next_dagrun for example_xcom_args_with_operators to None, run_after=None
[2026-02-02T14:39:08.211+0000] {processor.py:183} INFO - Processing /home/airflow/.local/lib/python3.8/site-packages/airflow/example_dags/example_xcomargs.py took 0.077 seconds
[2026-02-02T14:39:39.219+0000] {processor.py:161} INFO - Started process (PID=2159) to work on /home/airflow/.local/lib/python3.8/site-packages/airflow/example_dags/example_xcomargs.py
[2026-02-02T14:39:39.220+0000] {processor.py:830} INFO - Processing file /home/airflow/.local/lib/python3.8/site-packages/airflow/example_dags/example_xcomargs.py for tasks to queue
[2026-02-02T14:39:39.222+0000] {logging_mixin.py:188} INFO - [2026-02-02T14:39:39.222+0000] {dagbag.py:538} INFO - Filling up the DagBag from /home/airflow/.local/lib/python3.8/site-packages/airflow/example_dags/example_xcomargs.py
[2026-02-02T14:39:39.232+0000] {processor.py:840} INFO - DAG(s) 'example_xcom_args_with_operators', 'example_xcom_args' retrieved from /home/airflow/.local/lib/python3.8/site-packages/airflow/example_dags/example_xcomargs.py
[2026-02-02T14:39:39.259+0000] {logging_mixin.py:188} INFO - [2026-02-02T14:39:39.259+0000] {dag.py:3036} INFO - Sync 2 DAGs
[2026-02-02T14:39:39.276+0000] {logging_mixin.py:188} INFO - [2026-02-02T14:39:39.275+0000] {dag.py:3823} INFO - Setting next_dagrun for example_xcom_args to None, run_after=None
[2026-02-02T14:39:39.280+0000] {logging_mixin.py:188} INFO - [2026-02-02T14:39:39.280+0000] {dag.py:3823} INFO - Setting next_dagrun for example_xcom_args_with_operators to None, run_after=None
[2026-02-02T14:39:39.297+0000] {processor.py:183} INFO - Processing /home/airflow/.local/lib/python3.8/site-packages/airflow/example_dags/example_xcomargs.py took 0.086 seconds
[2026-02-02T14:40:09.625+0000] {processor.py:161} INFO - Started process (PID=2213) to work on /home/airflow/.local/lib/python3.8/site-packages/airflow/example_dags/example_xcomargs.py
[2026-02-02T14:40:09.626+0000] {processor.py:830} INFO - Processing file /home/airflow/.local/lib/python3.8/site-packages/airflow/example_dags/example_xcomargs.py for tasks to queue
[2026-02-02T14:40:09.628+0000] {logging_mixin.py:188} INFO - [2026-02-02T14:40:09.627+0000] {dagbag.py:538} INFO - Filling up the DagBag from /home/airflow/.local/lib/python3.8/site-packages/airflow/example_dags/example_xcomargs.py
[2026-02-02T14:40:09.636+0000] {processor.py:840} INFO - DAG(s) 'example_xcom_args_with_operators', 'example_xcom_args' retrieved from /home/airflow/.local/lib/python3.8/site-packages/airflow/example_dags/example_xcomargs.py
[2026-02-02T14:40:09.664+0000] {logging_mixin.py:188} INFO - [2026-02-02T14:40:09.664+0000] {dag.py:3036} INFO - Sync 2 DAGs
[2026-02-02T14:40:09.680+0000] {logging_mixin.py:188} INFO - [2026-02-02T14:40:09.679+0000] {dag.py:3823} INFO - Setting next_dagrun for example_xcom_args to None, run_after=None
[2026-02-02T14:40:09.683+0000] {logging_mixin.py:188} INFO - [2026-02-02T14:40:09.683+0000] {dag.py:3823} INFO - Setting next_dagrun for example_xcom_args_with_operators to None, run_after=None
[2026-02-02T14:40:09.700+0000] {processor.py:183} INFO - Processing /home/airflow/.local/lib/python3.8/site-packages/airflow/example_dags/example_xcomargs.py took 0.077 seconds
[2026-02-02T14:40:39.952+0000] {processor.py:161} INFO - Started process (PID=2268) to work on /home/airflow/.local/lib/python3.8/site-packages/airflow/example_dags/example_xcomargs.py
[2026-02-02T14:40:39.953+0000] {processor.py:830} INFO - Processing file /home/airflow/.local/lib/python3.8/site-packages/airflow/example_dags/example_xcomargs.py for tasks to queue
[2026-02-02T14:40:39.955+0000] {logging_mixin.py:188} INFO - [2026-02-02T14:40:39.955+0000] {dagbag.py:538} INFO - Filling up the DagBag from /home/airflow/.local/lib/python3.8/site-packages/airflow/example_dags/example_xcomargs.py
[2026-02-02T14:40:39.964+0000] {processor.py:840} INFO - DAG(s) 'example_xcom_args', 'example_xcom_args_with_operators' retrieved from /home/airflow/.local/lib/python3.8/site-packages/airflow/example_dags/example_xcomargs.py
[2026-02-02T14:40:39.994+0000] {logging_mixin.py:188} INFO - [2026-02-02T14:40:39.994+0000] {dag.py:3036} INFO - Sync 2 DAGs
[2026-02-02T14:40:40.009+0000] {logging_mixin.py:188} INFO - [2026-02-02T14:40:40.009+0000] {dag.py:3823} INFO - Setting next_dagrun for example_xcom_args to None, run_after=None
[2026-02-02T14:40:40.013+0000] {logging_mixin.py:188} INFO - [2026-02-02T14:40:40.012+0000] {dag.py:3823} INFO - Setting next_dagrun for example_xcom_args_with_operators to None, run_after=None
[2026-02-02T14:40:40.029+0000] {processor.py:183} INFO - Processing /home/airflow/.local/lib/python3.8/site-packages/airflow/example_dags/example_xcomargs.py took 0.080 seconds
[2026-02-02T14:41:10.217+0000] {processor.py:161} INFO - Started process (PID=2324) to work on /home/airflow/.local/lib/python3.8/site-packages/airflow/example_dags/example_xcomargs.py
[2026-02-02T14:41:10.220+0000] {processor.py:830} INFO - Processing file /home/airflow/.local/lib/python3.8/site-packages/airflow/example_dags/example_xcomargs.py for tasks to queue
[2026-02-02T14:41:10.222+0000] {logging_mixin.py:188} INFO - [2026-02-02T14:41:10.221+0000] {dagbag.py:538} INFO - Filling up the DagBag from /home/airflow/.local/lib/python3.8/site-packages/airflow/example_dags/example_xcomargs.py
[2026-02-02T14:41:10.235+0000] {processor.py:840} INFO - DAG(s) 'example_xcom_args', 'example_xcom_args_with_operators' retrieved from /home/airflow/.local/lib/python3.8/site-packages/airflow/example_dags/example_xcomargs.py
[2026-02-02T14:41:10.261+0000] {logging_mixin.py:188} INFO - [2026-02-02T14:41:10.261+0000] {dag.py:3036} INFO - Sync 2 DAGs
[2026-02-02T14:41:10.276+0000] {logging_mixin.py:188} INFO - [2026-02-02T14:41:10.275+0000] {dag.py:3823} INFO - Setting next_dagrun for example_xcom_args to None, run_after=None
[2026-02-02T14:41:10.279+0000] {logging_mixin.py:188} INFO - [2026-02-02T14:41:10.279+0000] {dag.py:3823} INFO - Setting next_dagrun for example_xcom_args_with_operators to None, run_after=None
[2026-02-02T14:41:10.295+0000] {processor.py:183} INFO - Processing /home/airflow/.local/lib/python3.8/site-packages/airflow/example_dags/example_xcomargs.py took 0.081 seconds
[2026-02-02T14:41:40.390+0000] {processor.py:161} INFO - Started process (PID=2379) to work on /home/airflow/.local/lib/python3.8/site-packages/airflow/example_dags/example_xcomargs.py
[2026-02-02T14:41:40.391+0000] {processor.py:830} INFO - Processing file /home/airflow/.local/lib/python3.8/site-packages/airflow/example_dags/example_xcomargs.py for tasks to queue
[2026-02-02T14:41:40.393+0000] {logging_mixin.py:188} INFO - [2026-02-02T14:41:40.392+0000] {dagbag.py:538} INFO - Filling up the DagBag from /home/airflow/.local/lib/python3.8/site-packages/airflow/example_dags/example_xcomargs.py
[2026-02-02T14:41:40.402+0000] {processor.py:840} INFO - DAG(s) 'example_xcom_args', 'example_xcom_args_with_operators' retrieved from /home/airflow/.local/lib/python3.8/site-packages/airflow/example_dags/example_xcomargs.py
[2026-02-02T14:41:40.429+0000] {logging_mixin.py:188} INFO - [2026-02-02T14:41:40.429+0000] {dag.py:3036} INFO - Sync 2 DAGs
[2026-02-02T14:41:40.445+0000] {logging_mixin.py:188} INFO - [2026-02-02T14:41:40.445+0000] {dag.py:3823} INFO - Setting next_dagrun for example_xcom_args to None, run_after=None
[2026-02-02T14:41:40.450+0000] {logging_mixin.py:188} INFO - [2026-02-02T14:41:40.449+0000] {dag.py:3823} INFO - Setting next_dagrun for example_xcom_args_with_operators to None, run_after=None
[2026-02-02T14:41:40.468+0000] {processor.py:183} INFO - Processing /home/airflow/.local/lib/python3.8/site-packages/airflow/example_dags/example_xcomargs.py took 0.081 seconds
[2026-02-02T14:42:10.954+0000] {processor.py:161} INFO - Started process (PID=2434) to work on /home/airflow/.local/lib/python3.8/site-packages/airflow/example_dags/example_xcomargs.py
[2026-02-02T14:42:10.956+0000] {processor.py:830} INFO - Processing file /home/airflow/.local/lib/python3.8/site-packages/airflow/example_dags/example_xcomargs.py for tasks to queue
[2026-02-02T14:42:10.959+0000] {logging_mixin.py:188} INFO - [2026-02-02T14:42:10.959+0000] {dagbag.py:538} INFO - Filling up the DagBag from /home/airflow/.local/lib/python3.8/site-packages/airflow/example_dags/example_xcomargs.py
[2026-02-02T14:42:10.976+0000] {processor.py:840} INFO - DAG(s) 'example_xcom_args', 'example_xcom_args_with_operators' retrieved from /home/airflow/.local/lib/python3.8/site-packages/airflow/example_dags/example_xcomargs.py
[2026-02-02T14:42:11.039+0000] {logging_mixin.py:188} INFO - [2026-02-02T14:42:11.039+0000] {dag.py:3036} INFO - Sync 2 DAGs
[2026-02-02T14:42:11.073+0000] {logging_mixin.py:188} INFO - [2026-02-02T14:42:11.073+0000] {dag.py:3823} INFO - Setting next_dagrun for example_xcom_args to None, run_after=None
[2026-02-02T14:42:11.081+0000] {logging_mixin.py:188} INFO - [2026-02-02T14:42:11.081+0000] {dag.py:3823} INFO - Setting next_dagrun for example_xcom_args_with_operators to None, run_after=None
[2026-02-02T14:42:11.140+0000] {processor.py:183} INFO - Processing /home/airflow/.local/lib/python3.8/site-packages/airflow/example_dags/example_xcomargs.py took 0.193 seconds
[2026-02-02T14:42:41.761+0000] {processor.py:161} INFO - Started process (PID=2489) to work on /home/airflow/.local/lib/python3.8/site-packages/airflow/example_dags/example_xcomargs.py
[2026-02-02T14:42:41.762+0000] {processor.py:830} INFO - Processing file /home/airflow/.local/lib/python3.8/site-packages/airflow/example_dags/example_xcomargs.py for tasks to queue
[2026-02-02T14:42:41.764+0000] {logging_mixin.py:188} INFO - [2026-02-02T14:42:41.764+0000] {dagbag.py:538} INFO - Filling up the DagBag from /home/airflow/.local/lib/python3.8/site-packages/airflow/example_dags/example_xcomargs.py
[2026-02-02T14:42:41.773+0000] {processor.py:840} INFO - DAG(s) 'example_xcom_args', 'example_xcom_args_with_operators' retrieved from /home/airflow/.local/lib/python3.8/site-packages/airflow/example_dags/example_xcomargs.py
[2026-02-02T14:42:41.801+0000] {logging_mixin.py:188} INFO - [2026-02-02T14:42:41.801+0000] {dag.py:3036} INFO - Sync 2 DAGs
[2026-02-02T14:42:41.818+0000] {logging_mixin.py:188} INFO - [2026-02-02T14:42:41.818+0000] {dag.py:3823} INFO - Setting next_dagrun for example_xcom_args to None, run_after=None
[2026-02-02T14:42:41.822+0000] {logging_mixin.py:188} INFO - [2026-02-02T14:42:41.822+0000] {dag.py:3823} INFO - Setting next_dagrun for example_xcom_args_with_operators to None, run_after=None
[2026-02-02T14:42:41.838+0000] {processor.py:183} INFO - Processing /home/airflow/.local/lib/python3.8/site-packages/airflow/example_dags/example_xcomargs.py took 0.079 seconds
[2026-02-02T14:43:12.479+0000] {processor.py:161} INFO - Started process (PID=2543) to work on /home/airflow/.local/lib/python3.8/site-packages/airflow/example_dags/example_xcomargs.py
[2026-02-02T14:43:12.480+0000] {processor.py:830} INFO - Processing file /home/airflow/.local/lib/python3.8/site-packages/airflow/example_dags/example_xcomargs.py for tasks to queue
[2026-02-02T14:43:12.482+0000] {logging_mixin.py:188} INFO - [2026-02-02T14:43:12.482+0000] {dagbag.py:538} INFO - Filling up the DagBag from /home/airflow/.local/lib/python3.8/site-packages/airflow/example_dags/example_xcomargs.py
[2026-02-02T14:43:12.491+0000] {processor.py:840} INFO - DAG(s) 'example_xcom_args', 'example_xcom_args_with_operators' retrieved from /home/airflow/.local/lib/python3.8/site-packages/airflow/example_dags/example_xcomargs.py
[2026-02-02T14:43:12.518+0000] {logging_mixin.py:188} INFO - [2026-02-02T14:43:12.518+0000] {dag.py:3036} INFO - Sync 2 DAGs
[2026-02-02T14:43:12.532+0000] {logging_mixin.py:188} INFO - [2026-02-02T14:43:12.532+0000] {dag.py:3823} INFO - Setting next_dagrun for example_xcom_args to None, run_after=None
[2026-02-02T14:43:12.536+0000] {logging_mixin.py:188} INFO - [2026-02-02T14:43:12.536+0000] {dag.py:3823} INFO - Setting next_dagrun for example_xcom_args_with_operators to None, run_after=None
[2026-02-02T14:43:12.733+0000] {processor.py:183} INFO - Processing /home/airflow/.local/lib/python3.8/site-packages/airflow/example_dags/example_xcomargs.py took 0.257 seconds
[2026-02-02T14:43:43.503+0000] {processor.py:161} INFO - Started process (PID=2598) to work on /home/airflow/.local/lib/python3.8/site-packages/airflow/example_dags/example_xcomargs.py
[2026-02-02T14:43:43.504+0000] {processor.py:830} INFO - Processing file /home/airflow/.local/lib/python3.8/site-packages/airflow/example_dags/example_xcomargs.py for tasks to queue
[2026-02-02T14:43:43.506+0000] {logging_mixin.py:188} INFO - [2026-02-02T14:43:43.506+0000] {dagbag.py:538} INFO - Filling up the DagBag from /home/airflow/.local/lib/python3.8/site-packages/airflow/example_dags/example_xcomargs.py
[2026-02-02T14:43:43.515+0000] {processor.py:840} INFO - DAG(s) 'example_xcom_args', 'example_xcom_args_with_operators' retrieved from /home/airflow/.local/lib/python3.8/site-packages/airflow/example_dags/example_xcomargs.py
[2026-02-02T14:43:43.543+0000] {logging_mixin.py:188} INFO - [2026-02-02T14:43:43.543+0000] {dag.py:3036} INFO - Sync 2 DAGs
[2026-02-02T14:43:43.559+0000] {logging_mixin.py:188} INFO - [2026-02-02T14:43:43.558+0000] {dag.py:3823} INFO - Setting next_dagrun for example_xcom_args to None, run_after=None
[2026-02-02T14:43:43.562+0000] {logging_mixin.py:188} INFO - [2026-02-02T14:43:43.562+0000] {dag.py:3823} INFO - Setting next_dagrun for example_xcom_args_with_operators to None, run_after=None
[2026-02-02T14:43:43.579+0000] {processor.py:183} INFO - Processing /home/airflow/.local/lib/python3.8/site-packages/airflow/example_dags/example_xcomargs.py took 0.079 seconds
[2026-02-02T14:44:14.121+0000] {processor.py:161} INFO - Started process (PID=2653) to work on /home/airflow/.local/lib/python3.8/site-packages/airflow/example_dags/example_xcomargs.py
[2026-02-02T14:44:14.122+0000] {processor.py:830} INFO - Processing file /home/airflow/.local/lib/python3.8/site-packages/airflow/example_dags/example_xcomargs.py for tasks to queue
[2026-02-02T14:44:14.124+0000] {logging_mixin.py:188} INFO - [2026-02-02T14:44:14.124+0000] {dagbag.py:538} INFO - Filling up the DagBag from /home/airflow/.local/lib/python3.8/site-packages/airflow/example_dags/example_xcomargs.py
[2026-02-02T14:44:14.133+0000] {processor.py:840} INFO - DAG(s) 'example_xcom_args', 'example_xcom_args_with_operators' retrieved from /home/airflow/.local/lib/python3.8/site-packages/airflow/example_dags/example_xcomargs.py
[2026-02-02T14:44:14.163+0000] {logging_mixin.py:188} INFO - [2026-02-02T14:44:14.163+0000] {dag.py:3036} INFO - Sync 2 DAGs
[2026-02-02T14:44:14.179+0000] {logging_mixin.py:188} INFO - [2026-02-02T14:44:14.179+0000] {dag.py:3823} INFO - Setting next_dagrun for example_xcom_args to None, run_after=None
[2026-02-02T14:44:14.183+0000] {logging_mixin.py:188} INFO - [2026-02-02T14:44:14.183+0000] {dag.py:3823} INFO - Setting next_dagrun for example_xcom_args_with_operators to None, run_after=None
[2026-02-02T14:44:14.199+0000] {processor.py:183} INFO - Processing /home/airflow/.local/lib/python3.8/site-packages/airflow/example_dags/example_xcomargs.py took 0.081 seconds
[2026-02-02T14:44:44.765+0000] {processor.py:161} INFO - Started process (PID=2708) to work on /home/airflow/.local/lib/python3.8/site-packages/airflow/example_dags/example_xcomargs.py
[2026-02-02T14:44:44.766+0000] {processor.py:830} INFO - Processing file /home/airflow/.local/lib/python3.8/site-packages/airflow/example_dags/example_xcomargs.py for tasks to queue
[2026-02-02T14:44:44.767+0000] {logging_mixin.py:188} INFO - [2026-02-02T14:44:44.767+0000] {dagbag.py:538} INFO - Filling up the DagBag from /home/airflow/.local/lib/python3.8/site-packages/airflow/example_dags/example_xcomargs.py
[2026-02-02T14:44:44.777+0000] {processor.py:840} INFO - DAG(s) 'example_xcom_args', 'example_xcom_args_with_operators' retrieved from /home/airflow/.local/lib/python3.8/site-packages/airflow/example_dags/example_xcomargs.py
[2026-02-02T14:44:44.804+0000] {logging_mixin.py:188} INFO - [2026-02-02T14:44:44.804+0000] {dag.py:3036} INFO - Sync 2 DAGs
[2026-02-02T14:44:44.819+0000] {logging_mixin.py:188} INFO - [2026-02-02T14:44:44.819+0000] {dag.py:3823} INFO - Setting next_dagrun for example_xcom_args to None, run_after=None
[2026-02-02T14:44:44.825+0000] {logging_mixin.py:188} INFO - [2026-02-02T14:44:44.823+0000] {dag.py:3823} INFO - Setting next_dagrun for example_xcom_args_with_operators to None, run_after=None
[2026-02-02T14:44:44.841+0000] {processor.py:183} INFO - Processing /home/airflow/.local/lib/python3.8/site-packages/airflow/example_dags/example_xcomargs.py took 0.079 seconds
[2026-02-02T14:45:14.974+0000] {processor.py:161} INFO - Started process (PID=2764) to work on /home/airflow/.local/lib/python3.8/site-packages/airflow/example_dags/example_xcomargs.py
[2026-02-02T14:45:14.975+0000] {processor.py:830} INFO - Processing file /home/airflow/.local/lib/python3.8/site-packages/airflow/example_dags/example_xcomargs.py for tasks to queue
[2026-02-02T14:45:14.977+0000] {logging_mixin.py:188} INFO - [2026-02-02T14:45:14.977+0000] {dagbag.py:538} INFO - Filling up the DagBag from /home/airflow/.local/lib/python3.8/site-packages/airflow/example_dags/example_xcomargs.py
[2026-02-02T14:45:14.986+0000] {processor.py:840} INFO - DAG(s) 'example_xcom_args', 'example_xcom_args_with_operators' retrieved from /home/airflow/.local/lib/python3.8/site-packages/airflow/example_dags/example_xcomargs.py
[2026-02-02T14:45:15.172+0000] {logging_mixin.py:188} INFO - [2026-02-02T14:45:15.172+0000] {dag.py:3036} INFO - Sync 2 DAGs
[2026-02-02T14:45:15.200+0000] {logging_mixin.py:188} INFO - [2026-02-02T14:45:15.198+0000] {dag.py:3823} INFO - Setting next_dagrun for example_xcom_args to None, run_after=None
[2026-02-02T14:45:15.207+0000] {logging_mixin.py:188} INFO - [2026-02-02T14:45:15.207+0000] {dag.py:3823} INFO - Setting next_dagrun for example_xcom_args_with_operators to None, run_after=None
[2026-02-02T14:45:15.230+0000] {processor.py:183} INFO - Processing /home/airflow/.local/lib/python3.8/site-packages/airflow/example_dags/example_xcomargs.py took 0.259 seconds
[2026-02-02T14:45:45.675+0000] {processor.py:161} INFO - Started process (PID=2820) to work on /home/airflow/.local/lib/python3.8/site-packages/airflow/example_dags/example_xcomargs.py
[2026-02-02T14:45:45.678+0000] {processor.py:830} INFO - Processing file /home/airflow/.local/lib/python3.8/site-packages/airflow/example_dags/example_xcomargs.py for tasks to queue
[2026-02-02T14:45:45.681+0000] {logging_mixin.py:188} INFO - [2026-02-02T14:45:45.681+0000] {dagbag.py:538} INFO - Filling up the DagBag from /home/airflow/.local/lib/python3.8/site-packages/airflow/example_dags/example_xcomargs.py
[2026-02-02T14:45:45.702+0000] {processor.py:840} INFO - DAG(s) 'example_xcom_args', 'example_xcom_args_with_operators' retrieved from /home/airflow/.local/lib/python3.8/site-packages/airflow/example_dags/example_xcomargs.py
[2026-02-02T14:45:45.750+0000] {logging_mixin.py:188} INFO - [2026-02-02T14:45:45.750+0000] {dag.py:3036} INFO - Sync 2 DAGs
[2026-02-02T14:45:45.792+0000] {logging_mixin.py:188} INFO - [2026-02-02T14:45:45.792+0000] {dag.py:3823} INFO - Setting next_dagrun for example_xcom_args to None, run_after=None
[2026-02-02T14:45:45.804+0000] {logging_mixin.py:188} INFO - [2026-02-02T14:45:45.804+0000] {dag.py:3823} INFO - Setting next_dagrun for example_xcom_args_with_operators to None, run_after=None
[2026-02-02T14:45:45.847+0000] {processor.py:183} INFO - Processing /home/airflow/.local/lib/python3.8/site-packages/airflow/example_dags/example_xcomargs.py took 0.180 seconds
[2026-02-02T14:46:16.065+0000] {processor.py:161} INFO - Started process (PID=2875) to work on /home/airflow/.local/lib/python3.8/site-packages/airflow/example_dags/example_xcomargs.py
[2026-02-02T14:46:16.066+0000] {processor.py:830} INFO - Processing file /home/airflow/.local/lib/python3.8/site-packages/airflow/example_dags/example_xcomargs.py for tasks to queue
[2026-02-02T14:46:16.068+0000] {logging_mixin.py:188} INFO - [2026-02-02T14:46:16.068+0000] {dagbag.py:538} INFO - Filling up the DagBag from /home/airflow/.local/lib/python3.8/site-packages/airflow/example_dags/example_xcomargs.py
[2026-02-02T14:46:16.077+0000] {processor.py:840} INFO - DAG(s) 'example_xcom_args', 'example_xcom_args_with_operators' retrieved from /home/airflow/.local/lib/python3.8/site-packages/airflow/example_dags/example_xcomargs.py
[2026-02-02T14:46:16.104+0000] {logging_mixin.py:188} INFO - [2026-02-02T14:46:16.104+0000] {dag.py:3036} INFO - Sync 2 DAGs
[2026-02-02T14:46:16.119+0000] {logging_mixin.py:188} INFO - [2026-02-02T14:46:16.119+0000] {dag.py:3823} INFO - Setting next_dagrun for example_xcom_args to None, run_after=None
[2026-02-02T14:46:16.123+0000] {logging_mixin.py:188} INFO - [2026-02-02T14:46:16.123+0000] {dag.py:3823} INFO - Setting next_dagrun for example_xcom_args_with_operators to None, run_after=None
[2026-02-02T14:46:16.147+0000] {processor.py:183} INFO - Processing /home/airflow/.local/lib/python3.8/site-packages/airflow/example_dags/example_xcomargs.py took 0.085 seconds
[2026-02-02T14:46:46.986+0000] {processor.py:161} INFO - Started process (PID=2931) to work on /home/airflow/.local/lib/python3.8/site-packages/airflow/example_dags/example_xcomargs.py
[2026-02-02T14:46:46.987+0000] {processor.py:830} INFO - Processing file /home/airflow/.local/lib/python3.8/site-packages/airflow/example_dags/example_xcomargs.py for tasks to queue
[2026-02-02T14:46:46.989+0000] {logging_mixin.py:188} INFO - [2026-02-02T14:46:46.989+0000] {dagbag.py:538} INFO - Filling up the DagBag from /home/airflow/.local/lib/python3.8/site-packages/airflow/example_dags/example_xcomargs.py
[2026-02-02T14:46:47.001+0000] {processor.py:840} INFO - DAG(s) 'example_xcom_args', 'example_xcom_args_with_operators' retrieved from /home/airflow/.local/lib/python3.8/site-packages/airflow/example_dags/example_xcomargs.py
[2026-02-02T14:46:47.028+0000] {logging_mixin.py:188} INFO - [2026-02-02T14:46:47.028+0000] {dag.py:3036} INFO - Sync 2 DAGs
[2026-02-02T14:46:47.048+0000] {logging_mixin.py:188} INFO - [2026-02-02T14:46:47.047+0000] {dag.py:3823} INFO - Setting next_dagrun for example_xcom_args to None, run_after=None
[2026-02-02T14:46:47.051+0000] {logging_mixin.py:188} INFO - [2026-02-02T14:46:47.051+0000] {dag.py:3823} INFO - Setting next_dagrun for example_xcom_args_with_operators to None, run_after=None
[2026-02-02T14:46:47.067+0000] {processor.py:183} INFO - Processing /home/airflow/.local/lib/python3.8/site-packages/airflow/example_dags/example_xcomargs.py took 0.087 seconds
[2026-02-02T14:47:17.361+0000] {processor.py:161} INFO - Started process (PID=2987) to work on /home/airflow/.local/lib/python3.8/site-packages/airflow/example_dags/example_xcomargs.py
[2026-02-02T14:47:17.363+0000] {processor.py:830} INFO - Processing file /home/airflow/.local/lib/python3.8/site-packages/airflow/example_dags/example_xcomargs.py for tasks to queue
[2026-02-02T14:47:17.367+0000] {logging_mixin.py:188} INFO - [2026-02-02T14:47:17.367+0000] {dagbag.py:538} INFO - Filling up the DagBag from /home/airflow/.local/lib/python3.8/site-packages/airflow/example_dags/example_xcomargs.py
[2026-02-02T14:47:17.381+0000] {processor.py:840} INFO - DAG(s) 'example_xcom_args', 'example_xcom_args_with_operators' retrieved from /home/airflow/.local/lib/python3.8/site-packages/airflow/example_dags/example_xcomargs.py
[2026-02-02T14:47:17.409+0000] {logging_mixin.py:188} INFO - [2026-02-02T14:47:17.409+0000] {dag.py:3036} INFO - Sync 2 DAGs
[2026-02-02T14:47:17.425+0000] {logging_mixin.py:188} INFO - [2026-02-02T14:47:17.425+0000] {dag.py:3823} INFO - Setting next_dagrun for example_xcom_args to None, run_after=None
[2026-02-02T14:47:17.429+0000] {logging_mixin.py:188} INFO - [2026-02-02T14:47:17.429+0000] {dag.py:3823} INFO - Setting next_dagrun for example_xcom_args_with_operators to None, run_after=None
[2026-02-02T14:47:17.446+0000] {processor.py:183} INFO - Processing /home/airflow/.local/lib/python3.8/site-packages/airflow/example_dags/example_xcomargs.py took 0.088 seconds
[2026-02-02T14:47:48.199+0000] {processor.py:161} INFO - Started process (PID=3044) to work on /home/airflow/.local/lib/python3.8/site-packages/airflow/example_dags/example_xcomargs.py
[2026-02-02T14:47:48.200+0000] {processor.py:830} INFO - Processing file /home/airflow/.local/lib/python3.8/site-packages/airflow/example_dags/example_xcomargs.py for tasks to queue
[2026-02-02T14:47:48.202+0000] {logging_mixin.py:188} INFO - [2026-02-02T14:47:48.201+0000] {dagbag.py:538} INFO - Filling up the DagBag from /home/airflow/.local/lib/python3.8/site-packages/airflow/example_dags/example_xcomargs.py
[2026-02-02T14:47:48.211+0000] {processor.py:840} INFO - DAG(s) 'example_xcom_args', 'example_xcom_args_with_operators' retrieved from /home/airflow/.local/lib/python3.8/site-packages/airflow/example_dags/example_xcomargs.py
[2026-02-02T14:47:48.239+0000] {logging_mixin.py:188} INFO - [2026-02-02T14:47:48.238+0000] {dag.py:3036} INFO - Sync 2 DAGs
[2026-02-02T14:47:48.265+0000] {logging_mixin.py:188} INFO - [2026-02-02T14:47:48.259+0000] {dag.py:3823} INFO - Setting next_dagrun for example_xcom_args to None, run_after=None
[2026-02-02T14:47:48.270+0000] {logging_mixin.py:188} INFO - [2026-02-02T14:47:48.270+0000] {dag.py:3823} INFO - Setting next_dagrun for example_xcom_args_with_operators to None, run_after=None
[2026-02-02T14:47:48.299+0000] {processor.py:183} INFO - Processing /home/airflow/.local/lib/python3.8/site-packages/airflow/example_dags/example_xcomargs.py took 0.103 seconds
[2026-02-02T14:48:18.499+0000] {processor.py:161} INFO - Started process (PID=3100) to work on /home/airflow/.local/lib/python3.8/site-packages/airflow/example_dags/example_xcomargs.py
[2026-02-02T14:48:18.502+0000] {processor.py:830} INFO - Processing file /home/airflow/.local/lib/python3.8/site-packages/airflow/example_dags/example_xcomargs.py for tasks to queue
[2026-02-02T14:48:18.504+0000] {logging_mixin.py:188} INFO - [2026-02-02T14:48:18.504+0000] {dagbag.py:538} INFO - Filling up the DagBag from /home/airflow/.local/lib/python3.8/site-packages/airflow/example_dags/example_xcomargs.py
[2026-02-02T14:48:18.520+0000] {processor.py:840} INFO - DAG(s) 'example_xcom_args', 'example_xcom_args_with_operators' retrieved from /home/airflow/.local/lib/python3.8/site-packages/airflow/example_dags/example_xcomargs.py
[2026-02-02T14:48:18.547+0000] {logging_mixin.py:188} INFO - [2026-02-02T14:48:18.547+0000] {dag.py:3036} INFO - Sync 2 DAGs
[2026-02-02T14:48:18.563+0000] {logging_mixin.py:188} INFO - [2026-02-02T14:48:18.563+0000] {dag.py:3823} INFO - Setting next_dagrun for example_xcom_args to None, run_after=None
[2026-02-02T14:48:18.567+0000] {logging_mixin.py:188} INFO - [2026-02-02T14:48:18.567+0000] {dag.py:3823} INFO - Setting next_dagrun for example_xcom_args_with_operators to None, run_after=None
[2026-02-02T14:48:18.591+0000] {processor.py:183} INFO - Processing /home/airflow/.local/lib/python3.8/site-packages/airflow/example_dags/example_xcomargs.py took 0.099 seconds
[2026-02-02T14:48:48.932+0000] {processor.py:161} INFO - Started process (PID=3155) to work on /home/airflow/.local/lib/python3.8/site-packages/airflow/example_dags/example_xcomargs.py
[2026-02-02T14:48:48.932+0000] {processor.py:830} INFO - Processing file /home/airflow/.local/lib/python3.8/site-packages/airflow/example_dags/example_xcomargs.py for tasks to queue
[2026-02-02T14:48:48.934+0000] {logging_mixin.py:188} INFO - [2026-02-02T14:48:48.934+0000] {dagbag.py:538} INFO - Filling up the DagBag from /home/airflow/.local/lib/python3.8/site-packages/airflow/example_dags/example_xcomargs.py
[2026-02-02T14:48:48.943+0000] {processor.py:840} INFO - DAG(s) 'example_xcom_args', 'example_xcom_args_with_operators' retrieved from /home/airflow/.local/lib/python3.8/site-packages/airflow/example_dags/example_xcomargs.py
[2026-02-02T14:48:48.971+0000] {logging_mixin.py:188} INFO - [2026-02-02T14:48:48.971+0000] {dag.py:3036} INFO - Sync 2 DAGs
[2026-02-02T14:48:48.987+0000] {logging_mixin.py:188} INFO - [2026-02-02T14:48:48.987+0000] {dag.py:3823} INFO - Setting next_dagrun for example_xcom_args to None, run_after=None
[2026-02-02T14:48:48.991+0000] {logging_mixin.py:188} INFO - [2026-02-02T14:48:48.991+0000] {dag.py:3823} INFO - Setting next_dagrun for example_xcom_args_with_operators to None, run_after=None
[2026-02-02T14:48:49.007+0000] {processor.py:183} INFO - Processing /home/airflow/.local/lib/python3.8/site-packages/airflow/example_dags/example_xcomargs.py took 0.079 seconds
[2026-02-02T14:49:19.184+0000] {processor.py:161} INFO - Started process (PID=3211) to work on /home/airflow/.local/lib/python3.8/site-packages/airflow/example_dags/example_xcomargs.py
[2026-02-02T14:49:19.185+0000] {processor.py:830} INFO - Processing file /home/airflow/.local/lib/python3.8/site-packages/airflow/example_dags/example_xcomargs.py for tasks to queue
[2026-02-02T14:49:19.187+0000] {logging_mixin.py:188} INFO - [2026-02-02T14:49:19.187+0000] {dagbag.py:538} INFO - Filling up the DagBag from /home/airflow/.local/lib/python3.8/site-packages/airflow/example_dags/example_xcomargs.py
[2026-02-02T14:49:19.196+0000] {processor.py:840} INFO - DAG(s) 'example_xcom_args_with_operators', 'example_xcom_args' retrieved from /home/airflow/.local/lib/python3.8/site-packages/airflow/example_dags/example_xcomargs.py
[2026-02-02T14:49:19.224+0000] {logging_mixin.py:188} INFO - [2026-02-02T14:49:19.224+0000] {dag.py:3036} INFO - Sync 2 DAGs
[2026-02-02T14:49:19.239+0000] {logging_mixin.py:188} INFO - [2026-02-02T14:49:19.239+0000] {dag.py:3823} INFO - Setting next_dagrun for example_xcom_args to None, run_after=None
[2026-02-02T14:49:19.243+0000] {logging_mixin.py:188} INFO - [2026-02-02T14:49:19.243+0000] {dag.py:3823} INFO - Setting next_dagrun for example_xcom_args_with_operators to None, run_after=None
[2026-02-02T14:49:19.280+0000] {processor.py:183} INFO - Processing /home/airflow/.local/lib/python3.8/site-packages/airflow/example_dags/example_xcomargs.py took 0.098 seconds
[2026-02-02T14:49:49.951+0000] {processor.py:161} INFO - Started process (PID=3267) to work on /home/airflow/.local/lib/python3.8/site-packages/airflow/example_dags/example_xcomargs.py
[2026-02-02T14:49:49.951+0000] {processor.py:830} INFO - Processing file /home/airflow/.local/lib/python3.8/site-packages/airflow/example_dags/example_xcomargs.py for tasks to queue
[2026-02-02T14:49:49.953+0000] {logging_mixin.py:188} INFO - [2026-02-02T14:49:49.953+0000] {dagbag.py:538} INFO - Filling up the DagBag from /home/airflow/.local/lib/python3.8/site-packages/airflow/example_dags/example_xcomargs.py
[2026-02-02T14:49:49.964+0000] {processor.py:840} INFO - DAG(s) 'example_xcom_args', 'example_xcom_args_with_operators' retrieved from /home/airflow/.local/lib/python3.8/site-packages/airflow/example_dags/example_xcomargs.py
[2026-02-02T14:49:49.991+0000] {logging_mixin.py:188} INFO - [2026-02-02T14:49:49.991+0000] {dag.py:3036} INFO - Sync 2 DAGs
[2026-02-02T14:49:50.006+0000] {logging_mixin.py:188} INFO - [2026-02-02T14:49:50.006+0000] {dag.py:3823} INFO - Setting next_dagrun for example_xcom_args to None, run_after=None
[2026-02-02T14:49:50.010+0000] {logging_mixin.py:188} INFO - [2026-02-02T14:49:50.010+0000] {dag.py:3823} INFO - Setting next_dagrun for example_xcom_args_with_operators to None, run_after=None
[2026-02-02T14:49:50.025+0000] {processor.py:183} INFO - Processing /home/airflow/.local/lib/python3.8/site-packages/airflow/example_dags/example_xcomargs.py took 0.078 seconds
[2026-02-02T14:50:20.204+0000] {processor.py:161} INFO - Started process (PID=3323) to work on /home/airflow/.local/lib/python3.8/site-packages/airflow/example_dags/example_xcomargs.py
[2026-02-02T14:50:20.204+0000] {processor.py:830} INFO - Processing file /home/airflow/.local/lib/python3.8/site-packages/airflow/example_dags/example_xcomargs.py for tasks to queue
[2026-02-02T14:50:20.206+0000] {logging_mixin.py:188} INFO - [2026-02-02T14:50:20.206+0000] {dagbag.py:538} INFO - Filling up the DagBag from /home/airflow/.local/lib/python3.8/site-packages/airflow/example_dags/example_xcomargs.py
[2026-02-02T14:50:20.215+0000] {processor.py:840} INFO - DAG(s) 'example_xcom_args_with_operators', 'example_xcom_args' retrieved from /home/airflow/.local/lib/python3.8/site-packages/airflow/example_dags/example_xcomargs.py
[2026-02-02T14:50:20.243+0000] {logging_mixin.py:188} INFO - [2026-02-02T14:50:20.242+0000] {dag.py:3036} INFO - Sync 2 DAGs
[2026-02-02T14:50:20.258+0000] {logging_mixin.py:188} INFO - [2026-02-02T14:50:20.258+0000] {dag.py:3823} INFO - Setting next_dagrun for example_xcom_args to None, run_after=None
[2026-02-02T14:50:20.262+0000] {logging_mixin.py:188} INFO - [2026-02-02T14:50:20.262+0000] {dag.py:3823} INFO - Setting next_dagrun for example_xcom_args_with_operators to None, run_after=None
[2026-02-02T14:50:20.285+0000] {processor.py:183} INFO - Processing /home/airflow/.local/lib/python3.8/site-packages/airflow/example_dags/example_xcomargs.py took 0.085 seconds
[2026-02-02T14:50:50.604+0000] {processor.py:161} INFO - Started process (PID=3379) to work on /home/airflow/.local/lib/python3.8/site-packages/airflow/example_dags/example_xcomargs.py
[2026-02-02T14:50:50.604+0000] {processor.py:830} INFO - Processing file /home/airflow/.local/lib/python3.8/site-packages/airflow/example_dags/example_xcomargs.py for tasks to queue
[2026-02-02T14:50:50.606+0000] {logging_mixin.py:188} INFO - [2026-02-02T14:50:50.606+0000] {dagbag.py:538} INFO - Filling up the DagBag from /home/airflow/.local/lib/python3.8/site-packages/airflow/example_dags/example_xcomargs.py
[2026-02-02T14:50:50.615+0000] {processor.py:840} INFO - DAG(s) 'example_xcom_args', 'example_xcom_args_with_operators' retrieved from /home/airflow/.local/lib/python3.8/site-packages/airflow/example_dags/example_xcomargs.py
[2026-02-02T14:50:50.646+0000] {logging_mixin.py:188} INFO - [2026-02-02T14:50:50.646+0000] {dag.py:3036} INFO - Sync 2 DAGs
[2026-02-02T14:50:50.664+0000] {logging_mixin.py:188} INFO - [2026-02-02T14:50:50.663+0000] {dag.py:3823} INFO - Setting next_dagrun for example_xcom_args to None, run_after=None
[2026-02-02T14:50:50.669+0000] {logging_mixin.py:188} INFO - [2026-02-02T14:50:50.668+0000] {dag.py:3823} INFO - Setting next_dagrun for example_xcom_args_with_operators to None, run_after=None
[2026-02-02T14:50:50.685+0000] {processor.py:183} INFO - Processing /home/airflow/.local/lib/python3.8/site-packages/airflow/example_dags/example_xcomargs.py took 0.085 seconds
