[2026-02-02T14:20:25.951+0000] {processor.py:161} INFO - Started process (PID=90) to work on /home/airflow/.local/lib/python3.8/site-packages/airflow/example_dags/example_sensors.py
[2026-02-02T14:20:25.956+0000] {processor.py:830} INFO - Processing file /home/airflow/.local/lib/python3.8/site-packages/airflow/example_dags/example_sensors.py for tasks to queue
[2026-02-02T14:20:25.963+0000] {logging_mixin.py:188} INFO - [2026-02-02T14:20:25.963+0000] {dagbag.py:538} INFO - Filling up the DagBag from /home/airflow/.local/lib/python3.8/site-packages/airflow/example_dags/example_sensors.py
[2026-02-02T14:20:26.017+0000] {processor.py:840} INFO - DAG(s) 'example_sensors' retrieved from /home/airflow/.local/lib/python3.8/site-packages/airflow/example_dags/example_sensors.py
[2026-02-02T14:20:26.698+0000] {logging_mixin.py:188} INFO - [2026-02-02T14:20:26.697+0000] {override.py:1769} INFO - Created Permission View: can edit on DAG:example_sensors
[2026-02-02T14:20:26.746+0000] {logging_mixin.py:188} INFO - [2026-02-02T14:20:26.746+0000] {override.py:1769} INFO - Created Permission View: can delete on DAG:example_sensors
[2026-02-02T14:20:26.779+0000] {logging_mixin.py:188} INFO - [2026-02-02T14:20:26.779+0000] {override.py:1769} INFO - Created Permission View: can read on DAG:example_sensors
[2026-02-02T14:20:26.782+0000] {logging_mixin.py:188} INFO - [2026-02-02T14:20:26.782+0000] {dag.py:3036} INFO - Sync 1 DAGs
[2026-02-02T14:20:26.808+0000] {logging_mixin.py:188} INFO - [2026-02-02T14:20:26.808+0000] {dag.py:3058} INFO - Creating ORM DAG for example_sensors
[2026-02-02T14:20:26.809+0000] {logging_mixin.py:188} INFO - [2026-02-02T14:20:26.809+0000] {dag.py:3823} INFO - Setting next_dagrun for example_sensors to None, run_after=None
[2026-02-02T14:20:26.845+0000] {processor.py:183} INFO - Processing /home/airflow/.local/lib/python3.8/site-packages/airflow/example_dags/example_sensors.py took 0.906 seconds
[2026-02-02T14:20:57.597+0000] {processor.py:161} INFO - Started process (PID=145) to work on /home/airflow/.local/lib/python3.8/site-packages/airflow/example_dags/example_sensors.py
[2026-02-02T14:20:57.598+0000] {processor.py:830} INFO - Processing file /home/airflow/.local/lib/python3.8/site-packages/airflow/example_dags/example_sensors.py for tasks to queue
[2026-02-02T14:20:57.599+0000] {logging_mixin.py:188} INFO - [2026-02-02T14:20:57.599+0000] {dagbag.py:538} INFO - Filling up the DagBag from /home/airflow/.local/lib/python3.8/site-packages/airflow/example_dags/example_sensors.py
[2026-02-02T14:20:57.621+0000] {processor.py:840} INFO - DAG(s) 'example_sensors' retrieved from /home/airflow/.local/lib/python3.8/site-packages/airflow/example_dags/example_sensors.py
[2026-02-02T14:20:57.656+0000] {logging_mixin.py:188} INFO - [2026-02-02T14:20:57.656+0000] {dag.py:3036} INFO - Sync 1 DAGs
[2026-02-02T14:20:57.686+0000] {logging_mixin.py:188} INFO - [2026-02-02T14:20:57.685+0000] {dag.py:3823} INFO - Setting next_dagrun for example_sensors to None, run_after=None
[2026-02-02T14:20:57.709+0000] {processor.py:183} INFO - Processing /home/airflow/.local/lib/python3.8/site-packages/airflow/example_dags/example_sensors.py took 0.115 seconds
[2026-02-02T14:21:28.480+0000] {processor.py:161} INFO - Started process (PID=200) to work on /home/airflow/.local/lib/python3.8/site-packages/airflow/example_dags/example_sensors.py
[2026-02-02T14:21:28.481+0000] {processor.py:830} INFO - Processing file /home/airflow/.local/lib/python3.8/site-packages/airflow/example_dags/example_sensors.py for tasks to queue
[2026-02-02T14:21:28.483+0000] {logging_mixin.py:188} INFO - [2026-02-02T14:21:28.483+0000] {dagbag.py:538} INFO - Filling up the DagBag from /home/airflow/.local/lib/python3.8/site-packages/airflow/example_dags/example_sensors.py
[2026-02-02T14:21:28.495+0000] {processor.py:840} INFO - DAG(s) 'example_sensors' retrieved from /home/airflow/.local/lib/python3.8/site-packages/airflow/example_dags/example_sensors.py
[2026-02-02T14:21:28.525+0000] {logging_mixin.py:188} INFO - [2026-02-02T14:21:28.525+0000] {dag.py:3036} INFO - Sync 1 DAGs
[2026-02-02T14:21:28.538+0000] {logging_mixin.py:188} INFO - [2026-02-02T14:21:28.538+0000] {dag.py:3823} INFO - Setting next_dagrun for example_sensors to None, run_after=None
[2026-02-02T14:21:28.585+0000] {processor.py:183} INFO - Processing /home/airflow/.local/lib/python3.8/site-packages/airflow/example_dags/example_sensors.py took 0.108 seconds
[2026-02-02T14:21:58.818+0000] {processor.py:161} INFO - Started process (PID=255) to work on /home/airflow/.local/lib/python3.8/site-packages/airflow/example_dags/example_sensors.py
[2026-02-02T14:21:58.819+0000] {processor.py:830} INFO - Processing file /home/airflow/.local/lib/python3.8/site-packages/airflow/example_dags/example_sensors.py for tasks to queue
[2026-02-02T14:21:58.820+0000] {logging_mixin.py:188} INFO - [2026-02-02T14:21:58.820+0000] {dagbag.py:538} INFO - Filling up the DagBag from /home/airflow/.local/lib/python3.8/site-packages/airflow/example_dags/example_sensors.py
[2026-02-02T14:21:58.831+0000] {processor.py:840} INFO - DAG(s) 'example_sensors' retrieved from /home/airflow/.local/lib/python3.8/site-packages/airflow/example_dags/example_sensors.py
[2026-02-02T14:21:58.862+0000] {logging_mixin.py:188} INFO - [2026-02-02T14:21:58.861+0000] {dag.py:3036} INFO - Sync 1 DAGs
[2026-02-02T14:21:58.876+0000] {logging_mixin.py:188} INFO - [2026-02-02T14:21:58.875+0000] {dag.py:3823} INFO - Setting next_dagrun for example_sensors to None, run_after=None
[2026-02-02T14:21:58.893+0000] {processor.py:183} INFO - Processing /home/airflow/.local/lib/python3.8/site-packages/airflow/example_dags/example_sensors.py took 0.079 seconds
[2026-02-02T14:22:29.455+0000] {processor.py:161} INFO - Started process (PID=310) to work on /home/airflow/.local/lib/python3.8/site-packages/airflow/example_dags/example_sensors.py
[2026-02-02T14:22:29.456+0000] {processor.py:830} INFO - Processing file /home/airflow/.local/lib/python3.8/site-packages/airflow/example_dags/example_sensors.py for tasks to queue
[2026-02-02T14:22:29.458+0000] {logging_mixin.py:188} INFO - [2026-02-02T14:22:29.458+0000] {dagbag.py:538} INFO - Filling up the DagBag from /home/airflow/.local/lib/python3.8/site-packages/airflow/example_dags/example_sensors.py
[2026-02-02T14:22:29.472+0000] {processor.py:840} INFO - DAG(s) 'example_sensors' retrieved from /home/airflow/.local/lib/python3.8/site-packages/airflow/example_dags/example_sensors.py
[2026-02-02T14:22:29.517+0000] {logging_mixin.py:188} INFO - [2026-02-02T14:22:29.517+0000] {dag.py:3036} INFO - Sync 1 DAGs
[2026-02-02T14:22:29.551+0000] {logging_mixin.py:188} INFO - [2026-02-02T14:22:29.548+0000] {dag.py:3823} INFO - Setting next_dagrun for example_sensors to None, run_after=None
[2026-02-02T14:22:29.586+0000] {processor.py:183} INFO - Processing /home/airflow/.local/lib/python3.8/site-packages/airflow/example_dags/example_sensors.py took 0.134 seconds
[2026-02-02T14:23:00.012+0000] {processor.py:161} INFO - Started process (PID=365) to work on /home/airflow/.local/lib/python3.8/site-packages/airflow/example_dags/example_sensors.py
[2026-02-02T14:23:00.013+0000] {processor.py:830} INFO - Processing file /home/airflow/.local/lib/python3.8/site-packages/airflow/example_dags/example_sensors.py for tasks to queue
[2026-02-02T14:23:00.015+0000] {logging_mixin.py:188} INFO - [2026-02-02T14:23:00.015+0000] {dagbag.py:538} INFO - Filling up the DagBag from /home/airflow/.local/lib/python3.8/site-packages/airflow/example_dags/example_sensors.py
[2026-02-02T14:23:00.026+0000] {processor.py:840} INFO - DAG(s) 'example_sensors' retrieved from /home/airflow/.local/lib/python3.8/site-packages/airflow/example_dags/example_sensors.py
[2026-02-02T14:23:00.057+0000] {logging_mixin.py:188} INFO - [2026-02-02T14:23:00.057+0000] {dag.py:3036} INFO - Sync 1 DAGs
[2026-02-02T14:23:00.071+0000] {logging_mixin.py:188} INFO - [2026-02-02T14:23:00.071+0000] {dag.py:3823} INFO - Setting next_dagrun for example_sensors to None, run_after=None
[2026-02-02T14:23:00.089+0000] {processor.py:183} INFO - Processing /home/airflow/.local/lib/python3.8/site-packages/airflow/example_dags/example_sensors.py took 0.080 seconds
[2026-02-02T14:23:30.583+0000] {processor.py:161} INFO - Started process (PID=420) to work on /home/airflow/.local/lib/python3.8/site-packages/airflow/example_dags/example_sensors.py
[2026-02-02T14:23:30.583+0000] {processor.py:830} INFO - Processing file /home/airflow/.local/lib/python3.8/site-packages/airflow/example_dags/example_sensors.py for tasks to queue
[2026-02-02T14:23:30.588+0000] {logging_mixin.py:188} INFO - [2026-02-02T14:23:30.588+0000] {dagbag.py:538} INFO - Filling up the DagBag from /home/airflow/.local/lib/python3.8/site-packages/airflow/example_dags/example_sensors.py
[2026-02-02T14:23:30.606+0000] {processor.py:840} INFO - DAG(s) 'example_sensors' retrieved from /home/airflow/.local/lib/python3.8/site-packages/airflow/example_dags/example_sensors.py
[2026-02-02T14:23:30.636+0000] {logging_mixin.py:188} INFO - [2026-02-02T14:23:30.636+0000] {dag.py:3036} INFO - Sync 1 DAGs
[2026-02-02T14:23:30.651+0000] {logging_mixin.py:188} INFO - [2026-02-02T14:23:30.651+0000] {dag.py:3823} INFO - Setting next_dagrun for example_sensors to None, run_after=None
[2026-02-02T14:23:30.673+0000] {processor.py:183} INFO - Processing /home/airflow/.local/lib/python3.8/site-packages/airflow/example_dags/example_sensors.py took 0.098 seconds
[2026-02-02T14:24:00.821+0000] {processor.py:161} INFO - Started process (PID=474) to work on /home/airflow/.local/lib/python3.8/site-packages/airflow/example_dags/example_sensors.py
[2026-02-02T14:24:00.822+0000] {processor.py:830} INFO - Processing file /home/airflow/.local/lib/python3.8/site-packages/airflow/example_dags/example_sensors.py for tasks to queue
[2026-02-02T14:24:00.823+0000] {logging_mixin.py:188} INFO - [2026-02-02T14:24:00.823+0000] {dagbag.py:538} INFO - Filling up the DagBag from /home/airflow/.local/lib/python3.8/site-packages/airflow/example_dags/example_sensors.py
[2026-02-02T14:24:00.834+0000] {processor.py:840} INFO - DAG(s) 'example_sensors' retrieved from /home/airflow/.local/lib/python3.8/site-packages/airflow/example_dags/example_sensors.py
[2026-02-02T14:24:00.864+0000] {logging_mixin.py:188} INFO - [2026-02-02T14:24:00.864+0000] {dag.py:3036} INFO - Sync 1 DAGs
[2026-02-02T14:24:00.878+0000] {logging_mixin.py:188} INFO - [2026-02-02T14:24:00.878+0000] {dag.py:3823} INFO - Setting next_dagrun for example_sensors to None, run_after=None
[2026-02-02T14:24:00.899+0000] {processor.py:183} INFO - Processing /home/airflow/.local/lib/python3.8/site-packages/airflow/example_dags/example_sensors.py took 0.081 seconds
[2026-02-02T14:24:31.215+0000] {processor.py:161} INFO - Started process (PID=530) to work on /home/airflow/.local/lib/python3.8/site-packages/airflow/example_dags/example_sensors.py
[2026-02-02T14:24:31.216+0000] {processor.py:830} INFO - Processing file /home/airflow/.local/lib/python3.8/site-packages/airflow/example_dags/example_sensors.py for tasks to queue
[2026-02-02T14:24:31.218+0000] {logging_mixin.py:188} INFO - [2026-02-02T14:24:31.217+0000] {dagbag.py:538} INFO - Filling up the DagBag from /home/airflow/.local/lib/python3.8/site-packages/airflow/example_dags/example_sensors.py
[2026-02-02T14:24:31.228+0000] {processor.py:840} INFO - DAG(s) 'example_sensors' retrieved from /home/airflow/.local/lib/python3.8/site-packages/airflow/example_dags/example_sensors.py
[2026-02-02T14:24:31.259+0000] {logging_mixin.py:188} INFO - [2026-02-02T14:24:31.259+0000] {dag.py:3036} INFO - Sync 1 DAGs
[2026-02-02T14:24:31.273+0000] {logging_mixin.py:188} INFO - [2026-02-02T14:24:31.273+0000] {dag.py:3823} INFO - Setting next_dagrun for example_sensors to None, run_after=None
[2026-02-02T14:24:31.293+0000] {processor.py:183} INFO - Processing /home/airflow/.local/lib/python3.8/site-packages/airflow/example_dags/example_sensors.py took 0.081 seconds
[2026-02-02T14:25:01.452+0000] {processor.py:161} INFO - Started process (PID=585) to work on /home/airflow/.local/lib/python3.8/site-packages/airflow/example_dags/example_sensors.py
[2026-02-02T14:25:01.455+0000] {processor.py:830} INFO - Processing file /home/airflow/.local/lib/python3.8/site-packages/airflow/example_dags/example_sensors.py for tasks to queue
[2026-02-02T14:25:01.461+0000] {logging_mixin.py:188} INFO - [2026-02-02T14:25:01.461+0000] {dagbag.py:538} INFO - Filling up the DagBag from /home/airflow/.local/lib/python3.8/site-packages/airflow/example_dags/example_sensors.py
[2026-02-02T14:25:01.484+0000] {processor.py:840} INFO - DAG(s) 'example_sensors' retrieved from /home/airflow/.local/lib/python3.8/site-packages/airflow/example_dags/example_sensors.py
[2026-02-02T14:25:01.539+0000] {logging_mixin.py:188} INFO - [2026-02-02T14:25:01.539+0000] {dag.py:3036} INFO - Sync 1 DAGs
[2026-02-02T14:25:01.564+0000] {logging_mixin.py:188} INFO - [2026-02-02T14:25:01.564+0000] {dag.py:3823} INFO - Setting next_dagrun for example_sensors to None, run_after=None
[2026-02-02T14:25:01.618+0000] {processor.py:183} INFO - Processing /home/airflow/.local/lib/python3.8/site-packages/airflow/example_dags/example_sensors.py took 0.174 seconds
[2026-02-02T14:25:32.464+0000] {processor.py:161} INFO - Started process (PID=640) to work on /home/airflow/.local/lib/python3.8/site-packages/airflow/example_dags/example_sensors.py
[2026-02-02T14:25:32.465+0000] {processor.py:830} INFO - Processing file /home/airflow/.local/lib/python3.8/site-packages/airflow/example_dags/example_sensors.py for tasks to queue
[2026-02-02T14:25:32.467+0000] {logging_mixin.py:188} INFO - [2026-02-02T14:25:32.466+0000] {dagbag.py:538} INFO - Filling up the DagBag from /home/airflow/.local/lib/python3.8/site-packages/airflow/example_dags/example_sensors.py
[2026-02-02T14:25:32.477+0000] {processor.py:840} INFO - DAG(s) 'example_sensors' retrieved from /home/airflow/.local/lib/python3.8/site-packages/airflow/example_dags/example_sensors.py
[2026-02-02T14:25:32.507+0000] {logging_mixin.py:188} INFO - [2026-02-02T14:25:32.507+0000] {dag.py:3036} INFO - Sync 1 DAGs
[2026-02-02T14:25:32.521+0000] {logging_mixin.py:188} INFO - [2026-02-02T14:25:32.521+0000] {dag.py:3823} INFO - Setting next_dagrun for example_sensors to None, run_after=None
[2026-02-02T14:25:32.539+0000] {processor.py:183} INFO - Processing /home/airflow/.local/lib/python3.8/site-packages/airflow/example_dags/example_sensors.py took 0.079 seconds
[2026-02-02T14:26:02.863+0000] {processor.py:161} INFO - Started process (PID=695) to work on /home/airflow/.local/lib/python3.8/site-packages/airflow/example_dags/example_sensors.py
[2026-02-02T14:26:02.864+0000] {processor.py:830} INFO - Processing file /home/airflow/.local/lib/python3.8/site-packages/airflow/example_dags/example_sensors.py for tasks to queue
[2026-02-02T14:26:02.865+0000] {logging_mixin.py:188} INFO - [2026-02-02T14:26:02.865+0000] {dagbag.py:538} INFO - Filling up the DagBag from /home/airflow/.local/lib/python3.8/site-packages/airflow/example_dags/example_sensors.py
[2026-02-02T14:26:02.877+0000] {processor.py:840} INFO - DAG(s) 'example_sensors' retrieved from /home/airflow/.local/lib/python3.8/site-packages/airflow/example_dags/example_sensors.py
[2026-02-02T14:26:02.906+0000] {logging_mixin.py:188} INFO - [2026-02-02T14:26:02.906+0000] {dag.py:3036} INFO - Sync 1 DAGs
[2026-02-02T14:26:02.920+0000] {logging_mixin.py:188} INFO - [2026-02-02T14:26:02.920+0000] {dag.py:3823} INFO - Setting next_dagrun for example_sensors to None, run_after=None
[2026-02-02T14:26:02.949+0000] {processor.py:183} INFO - Processing /home/airflow/.local/lib/python3.8/site-packages/airflow/example_dags/example_sensors.py took 0.089 seconds
[2026-02-02T14:26:33.096+0000] {processor.py:161} INFO - Started process (PID=750) to work on /home/airflow/.local/lib/python3.8/site-packages/airflow/example_dags/example_sensors.py
[2026-02-02T14:26:33.096+0000] {processor.py:830} INFO - Processing file /home/airflow/.local/lib/python3.8/site-packages/airflow/example_dags/example_sensors.py for tasks to queue
[2026-02-02T14:26:33.098+0000] {logging_mixin.py:188} INFO - [2026-02-02T14:26:33.098+0000] {dagbag.py:538} INFO - Filling up the DagBag from /home/airflow/.local/lib/python3.8/site-packages/airflow/example_dags/example_sensors.py
[2026-02-02T14:26:33.109+0000] {processor.py:840} INFO - DAG(s) 'example_sensors' retrieved from /home/airflow/.local/lib/python3.8/site-packages/airflow/example_dags/example_sensors.py
[2026-02-02T14:26:33.140+0000] {logging_mixin.py:188} INFO - [2026-02-02T14:26:33.140+0000] {dag.py:3036} INFO - Sync 1 DAGs
[2026-02-02T14:26:33.157+0000] {logging_mixin.py:188} INFO - [2026-02-02T14:26:33.157+0000] {dag.py:3823} INFO - Setting next_dagrun for example_sensors to None, run_after=None
[2026-02-02T14:26:33.176+0000] {processor.py:183} INFO - Processing /home/airflow/.local/lib/python3.8/site-packages/airflow/example_dags/example_sensors.py took 0.083 seconds
[2026-02-02T14:27:03.711+0000] {processor.py:161} INFO - Started process (PID=805) to work on /home/airflow/.local/lib/python3.8/site-packages/airflow/example_dags/example_sensors.py
[2026-02-02T14:27:03.712+0000] {processor.py:830} INFO - Processing file /home/airflow/.local/lib/python3.8/site-packages/airflow/example_dags/example_sensors.py for tasks to queue
[2026-02-02T14:27:03.714+0000] {logging_mixin.py:188} INFO - [2026-02-02T14:27:03.714+0000] {dagbag.py:538} INFO - Filling up the DagBag from /home/airflow/.local/lib/python3.8/site-packages/airflow/example_dags/example_sensors.py
[2026-02-02T14:27:03.725+0000] {processor.py:840} INFO - DAG(s) 'example_sensors' retrieved from /home/airflow/.local/lib/python3.8/site-packages/airflow/example_dags/example_sensors.py
[2026-02-02T14:27:03.755+0000] {logging_mixin.py:188} INFO - [2026-02-02T14:27:03.755+0000] {dag.py:3036} INFO - Sync 1 DAGs
[2026-02-02T14:27:03.773+0000] {logging_mixin.py:188} INFO - [2026-02-02T14:27:03.773+0000] {dag.py:3823} INFO - Setting next_dagrun for example_sensors to None, run_after=None
[2026-02-02T14:27:03.794+0000] {processor.py:183} INFO - Processing /home/airflow/.local/lib/python3.8/site-packages/airflow/example_dags/example_sensors.py took 0.086 seconds
[2026-02-02T14:27:33.910+0000] {processor.py:161} INFO - Started process (PID=860) to work on /home/airflow/.local/lib/python3.8/site-packages/airflow/example_dags/example_sensors.py
[2026-02-02T14:27:33.912+0000] {processor.py:830} INFO - Processing file /home/airflow/.local/lib/python3.8/site-packages/airflow/example_dags/example_sensors.py for tasks to queue
[2026-02-02T14:27:33.914+0000] {logging_mixin.py:188} INFO - [2026-02-02T14:27:33.913+0000] {dagbag.py:538} INFO - Filling up the DagBag from /home/airflow/.local/lib/python3.8/site-packages/airflow/example_dags/example_sensors.py
[2026-02-02T14:27:33.924+0000] {processor.py:840} INFO - DAG(s) 'example_sensors' retrieved from /home/airflow/.local/lib/python3.8/site-packages/airflow/example_dags/example_sensors.py
[2026-02-02T14:27:33.954+0000] {logging_mixin.py:188} INFO - [2026-02-02T14:27:33.953+0000] {dag.py:3036} INFO - Sync 1 DAGs
[2026-02-02T14:27:33.967+0000] {logging_mixin.py:188} INFO - [2026-02-02T14:27:33.966+0000] {dag.py:3823} INFO - Setting next_dagrun for example_sensors to None, run_after=None
[2026-02-02T14:27:33.987+0000] {processor.py:183} INFO - Processing /home/airflow/.local/lib/python3.8/site-packages/airflow/example_dags/example_sensors.py took 0.080 seconds
[2026-02-02T14:28:04.500+0000] {processor.py:161} INFO - Started process (PID=915) to work on /home/airflow/.local/lib/python3.8/site-packages/airflow/example_dags/example_sensors.py
[2026-02-02T14:28:04.501+0000] {processor.py:830} INFO - Processing file /home/airflow/.local/lib/python3.8/site-packages/airflow/example_dags/example_sensors.py for tasks to queue
[2026-02-02T14:28:04.503+0000] {logging_mixin.py:188} INFO - [2026-02-02T14:28:04.503+0000] {dagbag.py:538} INFO - Filling up the DagBag from /home/airflow/.local/lib/python3.8/site-packages/airflow/example_dags/example_sensors.py
[2026-02-02T14:28:04.514+0000] {processor.py:840} INFO - DAG(s) 'example_sensors' retrieved from /home/airflow/.local/lib/python3.8/site-packages/airflow/example_dags/example_sensors.py
[2026-02-02T14:28:04.545+0000] {logging_mixin.py:188} INFO - [2026-02-02T14:28:04.545+0000] {dag.py:3036} INFO - Sync 1 DAGs
[2026-02-02T14:28:04.560+0000] {logging_mixin.py:188} INFO - [2026-02-02T14:28:04.559+0000] {dag.py:3823} INFO - Setting next_dagrun for example_sensors to None, run_after=None
[2026-02-02T14:28:04.578+0000] {processor.py:183} INFO - Processing /home/airflow/.local/lib/python3.8/site-packages/airflow/example_dags/example_sensors.py took 0.081 seconds
[2026-02-02T14:28:35.436+0000] {processor.py:161} INFO - Started process (PID=970) to work on /home/airflow/.local/lib/python3.8/site-packages/airflow/example_dags/example_sensors.py
[2026-02-02T14:28:35.437+0000] {processor.py:830} INFO - Processing file /home/airflow/.local/lib/python3.8/site-packages/airflow/example_dags/example_sensors.py for tasks to queue
[2026-02-02T14:28:35.438+0000] {logging_mixin.py:188} INFO - [2026-02-02T14:28:35.438+0000] {dagbag.py:538} INFO - Filling up the DagBag from /home/airflow/.local/lib/python3.8/site-packages/airflow/example_dags/example_sensors.py
[2026-02-02T14:28:35.449+0000] {processor.py:840} INFO - DAG(s) 'example_sensors' retrieved from /home/airflow/.local/lib/python3.8/site-packages/airflow/example_dags/example_sensors.py
[2026-02-02T14:28:35.479+0000] {logging_mixin.py:188} INFO - [2026-02-02T14:28:35.478+0000] {dag.py:3036} INFO - Sync 1 DAGs
[2026-02-02T14:28:35.493+0000] {logging_mixin.py:188} INFO - [2026-02-02T14:28:35.493+0000] {dag.py:3823} INFO - Setting next_dagrun for example_sensors to None, run_after=None
[2026-02-02T14:28:35.512+0000] {processor.py:183} INFO - Processing /home/airflow/.local/lib/python3.8/site-packages/airflow/example_dags/example_sensors.py took 0.079 seconds
[2026-02-02T14:29:05.991+0000] {processor.py:161} INFO - Started process (PID=1025) to work on /home/airflow/.local/lib/python3.8/site-packages/airflow/example_dags/example_sensors.py
[2026-02-02T14:29:05.992+0000] {processor.py:830} INFO - Processing file /home/airflow/.local/lib/python3.8/site-packages/airflow/example_dags/example_sensors.py for tasks to queue
[2026-02-02T14:29:05.994+0000] {logging_mixin.py:188} INFO - [2026-02-02T14:29:05.994+0000] {dagbag.py:538} INFO - Filling up the DagBag from /home/airflow/.local/lib/python3.8/site-packages/airflow/example_dags/example_sensors.py
[2026-02-02T14:29:06.004+0000] {processor.py:840} INFO - DAG(s) 'example_sensors' retrieved from /home/airflow/.local/lib/python3.8/site-packages/airflow/example_dags/example_sensors.py
[2026-02-02T14:29:06.036+0000] {logging_mixin.py:188} INFO - [2026-02-02T14:29:06.036+0000] {dag.py:3036} INFO - Sync 1 DAGs
[2026-02-02T14:29:06.067+0000] {logging_mixin.py:188} INFO - [2026-02-02T14:29:06.067+0000] {dag.py:3823} INFO - Setting next_dagrun for example_sensors to None, run_after=None
[2026-02-02T14:29:06.113+0000] {processor.py:183} INFO - Processing /home/airflow/.local/lib/python3.8/site-packages/airflow/example_dags/example_sensors.py took 0.126 seconds
[2026-02-02T14:29:36.154+0000] {processor.py:161} INFO - Started process (PID=1080) to work on /home/airflow/.local/lib/python3.8/site-packages/airflow/example_dags/example_sensors.py
[2026-02-02T14:29:36.154+0000] {processor.py:830} INFO - Processing file /home/airflow/.local/lib/python3.8/site-packages/airflow/example_dags/example_sensors.py for tasks to queue
[2026-02-02T14:29:36.156+0000] {logging_mixin.py:188} INFO - [2026-02-02T14:29:36.156+0000] {dagbag.py:538} INFO - Filling up the DagBag from /home/airflow/.local/lib/python3.8/site-packages/airflow/example_dags/example_sensors.py
[2026-02-02T14:29:36.166+0000] {processor.py:840} INFO - DAG(s) 'example_sensors' retrieved from /home/airflow/.local/lib/python3.8/site-packages/airflow/example_dags/example_sensors.py
[2026-02-02T14:29:36.196+0000] {logging_mixin.py:188} INFO - [2026-02-02T14:29:36.196+0000] {dag.py:3036} INFO - Sync 1 DAGs
[2026-02-02T14:29:36.210+0000] {logging_mixin.py:188} INFO - [2026-02-02T14:29:36.209+0000] {dag.py:3823} INFO - Setting next_dagrun for example_sensors to None, run_after=None
[2026-02-02T14:29:36.228+0000] {processor.py:183} INFO - Processing /home/airflow/.local/lib/python3.8/site-packages/airflow/example_dags/example_sensors.py took 0.078 seconds
[2026-02-02T14:30:06.663+0000] {processor.py:161} INFO - Started process (PID=1135) to work on /home/airflow/.local/lib/python3.8/site-packages/airflow/example_dags/example_sensors.py
[2026-02-02T14:30:06.664+0000] {processor.py:830} INFO - Processing file /home/airflow/.local/lib/python3.8/site-packages/airflow/example_dags/example_sensors.py for tasks to queue
[2026-02-02T14:30:06.666+0000] {logging_mixin.py:188} INFO - [2026-02-02T14:30:06.665+0000] {dagbag.py:538} INFO - Filling up the DagBag from /home/airflow/.local/lib/python3.8/site-packages/airflow/example_dags/example_sensors.py
[2026-02-02T14:30:06.676+0000] {processor.py:840} INFO - DAG(s) 'example_sensors' retrieved from /home/airflow/.local/lib/python3.8/site-packages/airflow/example_dags/example_sensors.py
[2026-02-02T14:30:06.708+0000] {logging_mixin.py:188} INFO - [2026-02-02T14:30:06.708+0000] {dag.py:3036} INFO - Sync 1 DAGs
[2026-02-02T14:30:06.722+0000] {logging_mixin.py:188} INFO - [2026-02-02T14:30:06.722+0000] {dag.py:3823} INFO - Setting next_dagrun for example_sensors to None, run_after=None
[2026-02-02T14:30:06.745+0000] {processor.py:183} INFO - Processing /home/airflow/.local/lib/python3.8/site-packages/airflow/example_dags/example_sensors.py took 0.085 seconds
[2026-02-02T14:30:37.515+0000] {processor.py:161} INFO - Started process (PID=1190) to work on /home/airflow/.local/lib/python3.8/site-packages/airflow/example_dags/example_sensors.py
[2026-02-02T14:30:37.516+0000] {processor.py:830} INFO - Processing file /home/airflow/.local/lib/python3.8/site-packages/airflow/example_dags/example_sensors.py for tasks to queue
[2026-02-02T14:30:37.518+0000] {logging_mixin.py:188} INFO - [2026-02-02T14:30:37.518+0000] {dagbag.py:538} INFO - Filling up the DagBag from /home/airflow/.local/lib/python3.8/site-packages/airflow/example_dags/example_sensors.py
[2026-02-02T14:30:37.529+0000] {processor.py:840} INFO - DAG(s) 'example_sensors' retrieved from /home/airflow/.local/lib/python3.8/site-packages/airflow/example_dags/example_sensors.py
[2026-02-02T14:30:37.558+0000] {logging_mixin.py:188} INFO - [2026-02-02T14:30:37.558+0000] {dag.py:3036} INFO - Sync 1 DAGs
[2026-02-02T14:30:37.574+0000] {logging_mixin.py:188} INFO - [2026-02-02T14:30:37.573+0000] {dag.py:3823} INFO - Setting next_dagrun for example_sensors to None, run_after=None
[2026-02-02T14:30:37.594+0000] {processor.py:183} INFO - Processing /home/airflow/.local/lib/python3.8/site-packages/airflow/example_dags/example_sensors.py took 0.082 seconds
[2026-02-02T14:31:07.948+0000] {processor.py:161} INFO - Started process (PID=1245) to work on /home/airflow/.local/lib/python3.8/site-packages/airflow/example_dags/example_sensors.py
[2026-02-02T14:31:07.955+0000] {processor.py:830} INFO - Processing file /home/airflow/.local/lib/python3.8/site-packages/airflow/example_dags/example_sensors.py for tasks to queue
[2026-02-02T14:31:07.964+0000] {logging_mixin.py:188} INFO - [2026-02-02T14:31:07.964+0000] {dagbag.py:538} INFO - Filling up the DagBag from /home/airflow/.local/lib/python3.8/site-packages/airflow/example_dags/example_sensors.py
[2026-02-02T14:31:07.987+0000] {processor.py:840} INFO - DAG(s) 'example_sensors' retrieved from /home/airflow/.local/lib/python3.8/site-packages/airflow/example_dags/example_sensors.py
[2026-02-02T14:31:08.015+0000] {logging_mixin.py:188} INFO - [2026-02-02T14:31:08.015+0000] {dag.py:3036} INFO - Sync 1 DAGs
[2026-02-02T14:31:08.032+0000] {logging_mixin.py:188} INFO - [2026-02-02T14:31:08.032+0000] {dag.py:3823} INFO - Setting next_dagrun for example_sensors to None, run_after=None
[2026-02-02T14:31:08.051+0000] {processor.py:183} INFO - Processing /home/airflow/.local/lib/python3.8/site-packages/airflow/example_dags/example_sensors.py took 0.111 seconds
[2026-02-02T14:31:38.738+0000] {processor.py:161} INFO - Started process (PID=1300) to work on /home/airflow/.local/lib/python3.8/site-packages/airflow/example_dags/example_sensors.py
[2026-02-02T14:31:38.741+0000] {processor.py:830} INFO - Processing file /home/airflow/.local/lib/python3.8/site-packages/airflow/example_dags/example_sensors.py for tasks to queue
[2026-02-02T14:31:38.744+0000] {logging_mixin.py:188} INFO - [2026-02-02T14:31:38.744+0000] {dagbag.py:538} INFO - Filling up the DagBag from /home/airflow/.local/lib/python3.8/site-packages/airflow/example_dags/example_sensors.py
[2026-02-02T14:31:38.767+0000] {processor.py:840} INFO - DAG(s) 'example_sensors' retrieved from /home/airflow/.local/lib/python3.8/site-packages/airflow/example_dags/example_sensors.py
[2026-02-02T14:31:38.815+0000] {logging_mixin.py:188} INFO - [2026-02-02T14:31:38.815+0000] {dag.py:3036} INFO - Sync 1 DAGs
[2026-02-02T14:31:38.835+0000] {logging_mixin.py:188} INFO - [2026-02-02T14:31:38.834+0000] {dag.py:3823} INFO - Setting next_dagrun for example_sensors to None, run_after=None
[2026-02-02T14:31:38.853+0000] {processor.py:183} INFO - Processing /home/airflow/.local/lib/python3.8/site-packages/airflow/example_dags/example_sensors.py took 0.123 seconds
[2026-02-02T14:32:09.164+0000] {processor.py:161} INFO - Started process (PID=1355) to work on /home/airflow/.local/lib/python3.8/site-packages/airflow/example_dags/example_sensors.py
[2026-02-02T14:32:09.165+0000] {processor.py:830} INFO - Processing file /home/airflow/.local/lib/python3.8/site-packages/airflow/example_dags/example_sensors.py for tasks to queue
[2026-02-02T14:32:09.170+0000] {logging_mixin.py:188} INFO - [2026-02-02T14:32:09.170+0000] {dagbag.py:538} INFO - Filling up the DagBag from /home/airflow/.local/lib/python3.8/site-packages/airflow/example_dags/example_sensors.py
[2026-02-02T14:32:09.202+0000] {processor.py:840} INFO - DAG(s) 'example_sensors' retrieved from /home/airflow/.local/lib/python3.8/site-packages/airflow/example_dags/example_sensors.py
[2026-02-02T14:32:09.260+0000] {logging_mixin.py:188} INFO - [2026-02-02T14:32:09.260+0000] {dag.py:3036} INFO - Sync 1 DAGs
[2026-02-02T14:32:09.284+0000] {logging_mixin.py:188} INFO - [2026-02-02T14:32:09.283+0000] {dag.py:3823} INFO - Setting next_dagrun for example_sensors to None, run_after=None
[2026-02-02T14:32:09.318+0000] {processor.py:183} INFO - Processing /home/airflow/.local/lib/python3.8/site-packages/airflow/example_dags/example_sensors.py took 0.162 seconds
[2026-02-02T14:32:39.676+0000] {processor.py:161} INFO - Started process (PID=1410) to work on /home/airflow/.local/lib/python3.8/site-packages/airflow/example_dags/example_sensors.py
[2026-02-02T14:32:39.679+0000] {processor.py:830} INFO - Processing file /home/airflow/.local/lib/python3.8/site-packages/airflow/example_dags/example_sensors.py for tasks to queue
[2026-02-02T14:32:39.682+0000] {logging_mixin.py:188} INFO - [2026-02-02T14:32:39.682+0000] {dagbag.py:538} INFO - Filling up the DagBag from /home/airflow/.local/lib/python3.8/site-packages/airflow/example_dags/example_sensors.py
[2026-02-02T14:32:39.705+0000] {processor.py:840} INFO - DAG(s) 'example_sensors' retrieved from /home/airflow/.local/lib/python3.8/site-packages/airflow/example_dags/example_sensors.py
[2026-02-02T14:32:39.788+0000] {logging_mixin.py:188} INFO - [2026-02-02T14:32:39.788+0000] {dag.py:3036} INFO - Sync 1 DAGs
[2026-02-02T14:32:39.826+0000] {logging_mixin.py:188} INFO - [2026-02-02T14:32:39.826+0000] {dag.py:3823} INFO - Setting next_dagrun for example_sensors to None, run_after=None
[2026-02-02T14:32:39.869+0000] {processor.py:183} INFO - Processing /home/airflow/.local/lib/python3.8/site-packages/airflow/example_dags/example_sensors.py took 0.201 seconds
[2026-02-02T14:33:10.571+0000] {processor.py:161} INFO - Started process (PID=1465) to work on /home/airflow/.local/lib/python3.8/site-packages/airflow/example_dags/example_sensors.py
[2026-02-02T14:33:10.573+0000] {processor.py:830} INFO - Processing file /home/airflow/.local/lib/python3.8/site-packages/airflow/example_dags/example_sensors.py for tasks to queue
[2026-02-02T14:33:10.581+0000] {logging_mixin.py:188} INFO - [2026-02-02T14:33:10.574+0000] {dagbag.py:538} INFO - Filling up the DagBag from /home/airflow/.local/lib/python3.8/site-packages/airflow/example_dags/example_sensors.py
[2026-02-02T14:33:10.600+0000] {processor.py:840} INFO - DAG(s) 'example_sensors' retrieved from /home/airflow/.local/lib/python3.8/site-packages/airflow/example_dags/example_sensors.py
[2026-02-02T14:33:10.651+0000] {logging_mixin.py:188} INFO - [2026-02-02T14:33:10.650+0000] {dag.py:3036} INFO - Sync 1 DAGs
[2026-02-02T14:33:10.673+0000] {logging_mixin.py:188} INFO - [2026-02-02T14:33:10.673+0000] {dag.py:3823} INFO - Setting next_dagrun for example_sensors to None, run_after=None
[2026-02-02T14:33:10.693+0000] {processor.py:183} INFO - Processing /home/airflow/.local/lib/python3.8/site-packages/airflow/example_dags/example_sensors.py took 0.129 seconds
[2026-02-02T14:33:40.931+0000] {processor.py:161} INFO - Started process (PID=1520) to work on /home/airflow/.local/lib/python3.8/site-packages/airflow/example_dags/example_sensors.py
[2026-02-02T14:33:40.932+0000] {processor.py:830} INFO - Processing file /home/airflow/.local/lib/python3.8/site-packages/airflow/example_dags/example_sensors.py for tasks to queue
[2026-02-02T14:33:40.934+0000] {logging_mixin.py:188} INFO - [2026-02-02T14:33:40.934+0000] {dagbag.py:538} INFO - Filling up the DagBag from /home/airflow/.local/lib/python3.8/site-packages/airflow/example_dags/example_sensors.py
[2026-02-02T14:33:40.945+0000] {processor.py:840} INFO - DAG(s) 'example_sensors' retrieved from /home/airflow/.local/lib/python3.8/site-packages/airflow/example_dags/example_sensors.py
[2026-02-02T14:33:40.977+0000] {logging_mixin.py:188} INFO - [2026-02-02T14:33:40.977+0000] {dag.py:3036} INFO - Sync 1 DAGs
[2026-02-02T14:33:40.992+0000] {logging_mixin.py:188} INFO - [2026-02-02T14:33:40.992+0000] {dag.py:3823} INFO - Setting next_dagrun for example_sensors to None, run_after=None
[2026-02-02T14:33:41.020+0000] {processor.py:183} INFO - Processing /home/airflow/.local/lib/python3.8/site-packages/airflow/example_dags/example_sensors.py took 0.092 seconds
[2026-02-02T14:34:11.267+0000] {processor.py:161} INFO - Started process (PID=1575) to work on /home/airflow/.local/lib/python3.8/site-packages/airflow/example_dags/example_sensors.py
[2026-02-02T14:34:11.270+0000] {processor.py:830} INFO - Processing file /home/airflow/.local/lib/python3.8/site-packages/airflow/example_dags/example_sensors.py for tasks to queue
[2026-02-02T14:34:11.272+0000] {logging_mixin.py:188} INFO - [2026-02-02T14:34:11.272+0000] {dagbag.py:538} INFO - Filling up the DagBag from /home/airflow/.local/lib/python3.8/site-packages/airflow/example_dags/example_sensors.py
[2026-02-02T14:34:11.283+0000] {processor.py:840} INFO - DAG(s) 'example_sensors' retrieved from /home/airflow/.local/lib/python3.8/site-packages/airflow/example_dags/example_sensors.py
[2026-02-02T14:34:11.323+0000] {logging_mixin.py:188} INFO - [2026-02-02T14:34:11.323+0000] {dag.py:3036} INFO - Sync 1 DAGs
[2026-02-02T14:34:11.338+0000] {logging_mixin.py:188} INFO - [2026-02-02T14:34:11.337+0000] {dag.py:3823} INFO - Setting next_dagrun for example_sensors to None, run_after=None
[2026-02-02T14:34:11.356+0000] {processor.py:183} INFO - Processing /home/airflow/.local/lib/python3.8/site-packages/airflow/example_dags/example_sensors.py took 0.097 seconds
[2026-02-02T14:34:41.627+0000] {processor.py:161} INFO - Started process (PID=1628) to work on /home/airflow/.local/lib/python3.8/site-packages/airflow/example_dags/example_sensors.py
[2026-02-02T14:34:41.628+0000] {processor.py:830} INFO - Processing file /home/airflow/.local/lib/python3.8/site-packages/airflow/example_dags/example_sensors.py for tasks to queue
[2026-02-02T14:34:41.630+0000] {logging_mixin.py:188} INFO - [2026-02-02T14:34:41.629+0000] {dagbag.py:538} INFO - Filling up the DagBag from /home/airflow/.local/lib/python3.8/site-packages/airflow/example_dags/example_sensors.py
[2026-02-02T14:34:41.644+0000] {processor.py:840} INFO - DAG(s) 'example_sensors' retrieved from /home/airflow/.local/lib/python3.8/site-packages/airflow/example_dags/example_sensors.py
[2026-02-02T14:34:41.674+0000] {logging_mixin.py:188} INFO - [2026-02-02T14:34:41.673+0000] {dag.py:3036} INFO - Sync 1 DAGs
[2026-02-02T14:34:41.691+0000] {logging_mixin.py:188} INFO - [2026-02-02T14:34:41.691+0000] {dag.py:3823} INFO - Setting next_dagrun for example_sensors to None, run_after=None
[2026-02-02T14:34:41.710+0000] {processor.py:183} INFO - Processing /home/airflow/.local/lib/python3.8/site-packages/airflow/example_dags/example_sensors.py took 0.087 seconds
[2026-02-02T14:35:11.863+0000] {processor.py:161} INFO - Started process (PID=1683) to work on /home/airflow/.local/lib/python3.8/site-packages/airflow/example_dags/example_sensors.py
[2026-02-02T14:35:11.864+0000] {processor.py:830} INFO - Processing file /home/airflow/.local/lib/python3.8/site-packages/airflow/example_dags/example_sensors.py for tasks to queue
[2026-02-02T14:35:11.866+0000] {logging_mixin.py:188} INFO - [2026-02-02T14:35:11.865+0000] {dagbag.py:538} INFO - Filling up the DagBag from /home/airflow/.local/lib/python3.8/site-packages/airflow/example_dags/example_sensors.py
[2026-02-02T14:35:11.876+0000] {processor.py:840} INFO - DAG(s) 'example_sensors' retrieved from /home/airflow/.local/lib/python3.8/site-packages/airflow/example_dags/example_sensors.py
[2026-02-02T14:35:11.906+0000] {logging_mixin.py:188} INFO - [2026-02-02T14:35:11.906+0000] {dag.py:3036} INFO - Sync 1 DAGs
[2026-02-02T14:35:11.920+0000] {logging_mixin.py:188} INFO - [2026-02-02T14:35:11.920+0000] {dag.py:3823} INFO - Setting next_dagrun for example_sensors to None, run_after=None
[2026-02-02T14:35:11.939+0000] {processor.py:183} INFO - Processing /home/airflow/.local/lib/python3.8/site-packages/airflow/example_dags/example_sensors.py took 0.080 seconds
[2026-02-02T14:35:42.336+0000] {processor.py:161} INFO - Started process (PID=1738) to work on /home/airflow/.local/lib/python3.8/site-packages/airflow/example_dags/example_sensors.py
[2026-02-02T14:35:42.337+0000] {processor.py:830} INFO - Processing file /home/airflow/.local/lib/python3.8/site-packages/airflow/example_dags/example_sensors.py for tasks to queue
[2026-02-02T14:35:42.339+0000] {logging_mixin.py:188} INFO - [2026-02-02T14:35:42.339+0000] {dagbag.py:538} INFO - Filling up the DagBag from /home/airflow/.local/lib/python3.8/site-packages/airflow/example_dags/example_sensors.py
[2026-02-02T14:35:42.350+0000] {processor.py:840} INFO - DAG(s) 'example_sensors' retrieved from /home/airflow/.local/lib/python3.8/site-packages/airflow/example_dags/example_sensors.py
[2026-02-02T14:35:42.399+0000] {logging_mixin.py:188} INFO - [2026-02-02T14:35:42.399+0000] {dag.py:3036} INFO - Sync 1 DAGs
[2026-02-02T14:35:42.413+0000] {logging_mixin.py:188} INFO - [2026-02-02T14:35:42.413+0000] {dag.py:3823} INFO - Setting next_dagrun for example_sensors to None, run_after=None
[2026-02-02T14:35:42.431+0000] {processor.py:183} INFO - Processing /home/airflow/.local/lib/python3.8/site-packages/airflow/example_dags/example_sensors.py took 0.101 seconds
[2026-02-02T14:36:13.295+0000] {processor.py:161} INFO - Started process (PID=1793) to work on /home/airflow/.local/lib/python3.8/site-packages/airflow/example_dags/example_sensors.py
[2026-02-02T14:36:13.296+0000] {processor.py:830} INFO - Processing file /home/airflow/.local/lib/python3.8/site-packages/airflow/example_dags/example_sensors.py for tasks to queue
[2026-02-02T14:36:13.298+0000] {logging_mixin.py:188} INFO - [2026-02-02T14:36:13.297+0000] {dagbag.py:538} INFO - Filling up the DagBag from /home/airflow/.local/lib/python3.8/site-packages/airflow/example_dags/example_sensors.py
[2026-02-02T14:36:13.308+0000] {processor.py:840} INFO - DAG(s) 'example_sensors' retrieved from /home/airflow/.local/lib/python3.8/site-packages/airflow/example_dags/example_sensors.py
[2026-02-02T14:36:13.340+0000] {logging_mixin.py:188} INFO - [2026-02-02T14:36:13.340+0000] {dag.py:3036} INFO - Sync 1 DAGs
[2026-02-02T14:36:13.354+0000] {logging_mixin.py:188} INFO - [2026-02-02T14:36:13.354+0000] {dag.py:3823} INFO - Setting next_dagrun for example_sensors to None, run_after=None
[2026-02-02T14:36:13.373+0000] {processor.py:183} INFO - Processing /home/airflow/.local/lib/python3.8/site-packages/airflow/example_dags/example_sensors.py took 0.082 seconds
[2026-02-02T14:36:43.575+0000] {processor.py:161} INFO - Started process (PID=1848) to work on /home/airflow/.local/lib/python3.8/site-packages/airflow/example_dags/example_sensors.py
[2026-02-02T14:36:43.576+0000] {processor.py:830} INFO - Processing file /home/airflow/.local/lib/python3.8/site-packages/airflow/example_dags/example_sensors.py for tasks to queue
[2026-02-02T14:36:43.578+0000] {logging_mixin.py:188} INFO - [2026-02-02T14:36:43.578+0000] {dagbag.py:538} INFO - Filling up the DagBag from /home/airflow/.local/lib/python3.8/site-packages/airflow/example_dags/example_sensors.py
[2026-02-02T14:36:43.589+0000] {processor.py:840} INFO - DAG(s) 'example_sensors' retrieved from /home/airflow/.local/lib/python3.8/site-packages/airflow/example_dags/example_sensors.py
[2026-02-02T14:36:43.619+0000] {logging_mixin.py:188} INFO - [2026-02-02T14:36:43.619+0000] {dag.py:3036} INFO - Sync 1 DAGs
[2026-02-02T14:36:43.642+0000] {logging_mixin.py:188} INFO - [2026-02-02T14:36:43.641+0000] {dag.py:3823} INFO - Setting next_dagrun for example_sensors to None, run_after=None
[2026-02-02T14:36:43.685+0000] {processor.py:183} INFO - Processing /home/airflow/.local/lib/python3.8/site-packages/airflow/example_dags/example_sensors.py took 0.114 seconds
[2026-02-02T14:37:13.902+0000] {processor.py:161} INFO - Started process (PID=1903) to work on /home/airflow/.local/lib/python3.8/site-packages/airflow/example_dags/example_sensors.py
[2026-02-02T14:37:13.903+0000] {processor.py:830} INFO - Processing file /home/airflow/.local/lib/python3.8/site-packages/airflow/example_dags/example_sensors.py for tasks to queue
[2026-02-02T14:37:13.905+0000] {logging_mixin.py:188} INFO - [2026-02-02T14:37:13.905+0000] {dagbag.py:538} INFO - Filling up the DagBag from /home/airflow/.local/lib/python3.8/site-packages/airflow/example_dags/example_sensors.py
[2026-02-02T14:37:13.916+0000] {processor.py:840} INFO - DAG(s) 'example_sensors' retrieved from /home/airflow/.local/lib/python3.8/site-packages/airflow/example_dags/example_sensors.py
[2026-02-02T14:37:13.945+0000] {logging_mixin.py:188} INFO - [2026-02-02T14:37:13.944+0000] {dag.py:3036} INFO - Sync 1 DAGs
[2026-02-02T14:37:13.959+0000] {logging_mixin.py:188} INFO - [2026-02-02T14:37:13.958+0000] {dag.py:3823} INFO - Setting next_dagrun for example_sensors to None, run_after=None
[2026-02-02T14:37:13.981+0000] {processor.py:183} INFO - Processing /home/airflow/.local/lib/python3.8/site-packages/airflow/example_dags/example_sensors.py took 0.082 seconds
[2026-02-02T14:37:44.125+0000] {processor.py:161} INFO - Started process (PID=1958) to work on /home/airflow/.local/lib/python3.8/site-packages/airflow/example_dags/example_sensors.py
[2026-02-02T14:37:44.126+0000] {processor.py:830} INFO - Processing file /home/airflow/.local/lib/python3.8/site-packages/airflow/example_dags/example_sensors.py for tasks to queue
[2026-02-02T14:37:44.128+0000] {logging_mixin.py:188} INFO - [2026-02-02T14:37:44.127+0000] {dagbag.py:538} INFO - Filling up the DagBag from /home/airflow/.local/lib/python3.8/site-packages/airflow/example_dags/example_sensors.py
[2026-02-02T14:37:44.139+0000] {processor.py:840} INFO - DAG(s) 'example_sensors' retrieved from /home/airflow/.local/lib/python3.8/site-packages/airflow/example_dags/example_sensors.py
[2026-02-02T14:37:44.173+0000] {logging_mixin.py:188} INFO - [2026-02-02T14:37:44.172+0000] {dag.py:3036} INFO - Sync 1 DAGs
[2026-02-02T14:37:44.189+0000] {logging_mixin.py:188} INFO - [2026-02-02T14:37:44.188+0000] {dag.py:3823} INFO - Setting next_dagrun for example_sensors to None, run_after=None
[2026-02-02T14:37:44.210+0000] {processor.py:183} INFO - Processing /home/airflow/.local/lib/python3.8/site-packages/airflow/example_dags/example_sensors.py took 0.089 seconds
[2026-02-02T14:38:14.633+0000] {processor.py:161} INFO - Started process (PID=2012) to work on /home/airflow/.local/lib/python3.8/site-packages/airflow/example_dags/example_sensors.py
[2026-02-02T14:38:14.634+0000] {processor.py:830} INFO - Processing file /home/airflow/.local/lib/python3.8/site-packages/airflow/example_dags/example_sensors.py for tasks to queue
[2026-02-02T14:38:14.637+0000] {logging_mixin.py:188} INFO - [2026-02-02T14:38:14.636+0000] {dagbag.py:538} INFO - Filling up the DagBag from /home/airflow/.local/lib/python3.8/site-packages/airflow/example_dags/example_sensors.py
[2026-02-02T14:38:14.649+0000] {processor.py:840} INFO - DAG(s) 'example_sensors' retrieved from /home/airflow/.local/lib/python3.8/site-packages/airflow/example_dags/example_sensors.py
[2026-02-02T14:38:14.678+0000] {logging_mixin.py:188} INFO - [2026-02-02T14:38:14.678+0000] {dag.py:3036} INFO - Sync 1 DAGs
[2026-02-02T14:38:14.693+0000] {logging_mixin.py:188} INFO - [2026-02-02T14:38:14.693+0000] {dag.py:3823} INFO - Setting next_dagrun for example_sensors to None, run_after=None
[2026-02-02T14:38:14.712+0000] {processor.py:183} INFO - Processing /home/airflow/.local/lib/python3.8/site-packages/airflow/example_dags/example_sensors.py took 0.086 seconds
[2026-02-02T14:38:44.934+0000] {processor.py:161} INFO - Started process (PID=2067) to work on /home/airflow/.local/lib/python3.8/site-packages/airflow/example_dags/example_sensors.py
[2026-02-02T14:38:44.935+0000] {processor.py:830} INFO - Processing file /home/airflow/.local/lib/python3.8/site-packages/airflow/example_dags/example_sensors.py for tasks to queue
[2026-02-02T14:38:44.937+0000] {logging_mixin.py:188} INFO - [2026-02-02T14:38:44.937+0000] {dagbag.py:538} INFO - Filling up the DagBag from /home/airflow/.local/lib/python3.8/site-packages/airflow/example_dags/example_sensors.py
[2026-02-02T14:38:44.948+0000] {processor.py:840} INFO - DAG(s) 'example_sensors' retrieved from /home/airflow/.local/lib/python3.8/site-packages/airflow/example_dags/example_sensors.py
[2026-02-02T14:38:44.978+0000] {logging_mixin.py:188} INFO - [2026-02-02T14:38:44.978+0000] {dag.py:3036} INFO - Sync 1 DAGs
[2026-02-02T14:38:44.992+0000] {logging_mixin.py:188} INFO - [2026-02-02T14:38:44.992+0000] {dag.py:3823} INFO - Setting next_dagrun for example_sensors to None, run_after=None
[2026-02-02T14:38:45.010+0000] {processor.py:183} INFO - Processing /home/airflow/.local/lib/python3.8/site-packages/airflow/example_dags/example_sensors.py took 0.079 seconds
[2026-02-02T14:39:15.514+0000] {processor.py:161} INFO - Started process (PID=2122) to work on /home/airflow/.local/lib/python3.8/site-packages/airflow/example_dags/example_sensors.py
[2026-02-02T14:39:15.515+0000] {processor.py:830} INFO - Processing file /home/airflow/.local/lib/python3.8/site-packages/airflow/example_dags/example_sensors.py for tasks to queue
[2026-02-02T14:39:15.516+0000] {logging_mixin.py:188} INFO - [2026-02-02T14:39:15.516+0000] {dagbag.py:538} INFO - Filling up the DagBag from /home/airflow/.local/lib/python3.8/site-packages/airflow/example_dags/example_sensors.py
[2026-02-02T14:39:15.528+0000] {processor.py:840} INFO - DAG(s) 'example_sensors' retrieved from /home/airflow/.local/lib/python3.8/site-packages/airflow/example_dags/example_sensors.py
[2026-02-02T14:39:15.557+0000] {logging_mixin.py:188} INFO - [2026-02-02T14:39:15.557+0000] {dag.py:3036} INFO - Sync 1 DAGs
[2026-02-02T14:39:15.571+0000] {logging_mixin.py:188} INFO - [2026-02-02T14:39:15.571+0000] {dag.py:3823} INFO - Setting next_dagrun for example_sensors to None, run_after=None
[2026-02-02T14:39:15.588+0000] {processor.py:183} INFO - Processing /home/airflow/.local/lib/python3.8/site-packages/airflow/example_dags/example_sensors.py took 0.078 seconds
[2026-02-02T14:39:46.366+0000] {processor.py:161} INFO - Started process (PID=2177) to work on /home/airflow/.local/lib/python3.8/site-packages/airflow/example_dags/example_sensors.py
[2026-02-02T14:39:46.367+0000] {processor.py:830} INFO - Processing file /home/airflow/.local/lib/python3.8/site-packages/airflow/example_dags/example_sensors.py for tasks to queue
[2026-02-02T14:39:46.369+0000] {logging_mixin.py:188} INFO - [2026-02-02T14:39:46.369+0000] {dagbag.py:538} INFO - Filling up the DagBag from /home/airflow/.local/lib/python3.8/site-packages/airflow/example_dags/example_sensors.py
[2026-02-02T14:39:46.380+0000] {processor.py:840} INFO - DAG(s) 'example_sensors' retrieved from /home/airflow/.local/lib/python3.8/site-packages/airflow/example_dags/example_sensors.py
[2026-02-02T14:39:46.426+0000] {logging_mixin.py:188} INFO - [2026-02-02T14:39:46.426+0000] {dag.py:3036} INFO - Sync 1 DAGs
[2026-02-02T14:39:46.454+0000] {logging_mixin.py:188} INFO - [2026-02-02T14:39:46.454+0000] {dag.py:3823} INFO - Setting next_dagrun for example_sensors to None, run_after=None
[2026-02-02T14:39:46.502+0000] {processor.py:183} INFO - Processing /home/airflow/.local/lib/python3.8/site-packages/airflow/example_dags/example_sensors.py took 0.140 seconds
[2026-02-02T14:40:16.905+0000] {processor.py:161} INFO - Started process (PID=2231) to work on /home/airflow/.local/lib/python3.8/site-packages/airflow/example_dags/example_sensors.py
[2026-02-02T14:40:16.907+0000] {processor.py:830} INFO - Processing file /home/airflow/.local/lib/python3.8/site-packages/airflow/example_dags/example_sensors.py for tasks to queue
[2026-02-02T14:40:16.911+0000] {logging_mixin.py:188} INFO - [2026-02-02T14:40:16.909+0000] {dagbag.py:538} INFO - Filling up the DagBag from /home/airflow/.local/lib/python3.8/site-packages/airflow/example_dags/example_sensors.py
[2026-02-02T14:40:16.923+0000] {processor.py:840} INFO - DAG(s) 'example_sensors' retrieved from /home/airflow/.local/lib/python3.8/site-packages/airflow/example_dags/example_sensors.py
[2026-02-02T14:40:16.953+0000] {logging_mixin.py:188} INFO - [2026-02-02T14:40:16.953+0000] {dag.py:3036} INFO - Sync 1 DAGs
[2026-02-02T14:40:16.967+0000] {logging_mixin.py:188} INFO - [2026-02-02T14:40:16.967+0000] {dag.py:3823} INFO - Setting next_dagrun for example_sensors to None, run_after=None
[2026-02-02T14:40:16.990+0000] {processor.py:183} INFO - Processing /home/airflow/.local/lib/python3.8/site-packages/airflow/example_dags/example_sensors.py took 0.092 seconds
[2026-02-02T14:40:47.268+0000] {processor.py:161} INFO - Started process (PID=2286) to work on /home/airflow/.local/lib/python3.8/site-packages/airflow/example_dags/example_sensors.py
[2026-02-02T14:40:47.269+0000] {processor.py:830} INFO - Processing file /home/airflow/.local/lib/python3.8/site-packages/airflow/example_dags/example_sensors.py for tasks to queue
[2026-02-02T14:40:47.271+0000] {logging_mixin.py:188} INFO - [2026-02-02T14:40:47.271+0000] {dagbag.py:538} INFO - Filling up the DagBag from /home/airflow/.local/lib/python3.8/site-packages/airflow/example_dags/example_sensors.py
[2026-02-02T14:40:47.282+0000] {processor.py:840} INFO - DAG(s) 'example_sensors' retrieved from /home/airflow/.local/lib/python3.8/site-packages/airflow/example_dags/example_sensors.py
[2026-02-02T14:40:47.324+0000] {logging_mixin.py:188} INFO - [2026-02-02T14:40:47.324+0000] {dag.py:3036} INFO - Sync 1 DAGs
[2026-02-02T14:40:47.339+0000] {logging_mixin.py:188} INFO - [2026-02-02T14:40:47.339+0000] {dag.py:3823} INFO - Setting next_dagrun for example_sensors to None, run_after=None
[2026-02-02T14:40:47.366+0000] {processor.py:183} INFO - Processing /home/airflow/.local/lib/python3.8/site-packages/airflow/example_dags/example_sensors.py took 0.101 seconds
[2026-02-02T14:41:18.361+0000] {processor.py:161} INFO - Started process (PID=2342) to work on /home/airflow/.local/lib/python3.8/site-packages/airflow/example_dags/example_sensors.py
[2026-02-02T14:41:18.362+0000] {processor.py:830} INFO - Processing file /home/airflow/.local/lib/python3.8/site-packages/airflow/example_dags/example_sensors.py for tasks to queue
[2026-02-02T14:41:18.364+0000] {logging_mixin.py:188} INFO - [2026-02-02T14:41:18.363+0000] {dagbag.py:538} INFO - Filling up the DagBag from /home/airflow/.local/lib/python3.8/site-packages/airflow/example_dags/example_sensors.py
[2026-02-02T14:41:18.375+0000] {processor.py:840} INFO - DAG(s) 'example_sensors' retrieved from /home/airflow/.local/lib/python3.8/site-packages/airflow/example_dags/example_sensors.py
[2026-02-02T14:41:18.404+0000] {logging_mixin.py:188} INFO - [2026-02-02T14:41:18.403+0000] {dag.py:3036} INFO - Sync 1 DAGs
[2026-02-02T14:41:18.418+0000] {logging_mixin.py:188} INFO - [2026-02-02T14:41:18.418+0000] {dag.py:3823} INFO - Setting next_dagrun for example_sensors to None, run_after=None
[2026-02-02T14:41:18.436+0000] {processor.py:183} INFO - Processing /home/airflow/.local/lib/python3.8/site-packages/airflow/example_dags/example_sensors.py took 0.079 seconds
[2026-02-02T14:41:49.987+0000] {processor.py:161} INFO - Started process (PID=2397) to work on /home/airflow/.local/lib/python3.8/site-packages/airflow/example_dags/example_sensors.py
[2026-02-02T14:41:49.992+0000] {processor.py:830} INFO - Processing file /home/airflow/.local/lib/python3.8/site-packages/airflow/example_dags/example_sensors.py for tasks to queue
[2026-02-02T14:41:50.009+0000] {logging_mixin.py:188} INFO - [2026-02-02T14:41:50.009+0000] {dagbag.py:538} INFO - Filling up the DagBag from /home/airflow/.local/lib/python3.8/site-packages/airflow/example_dags/example_sensors.py
[2026-02-02T14:41:50.064+0000] {processor.py:840} INFO - DAG(s) 'example_sensors' retrieved from /home/airflow/.local/lib/python3.8/site-packages/airflow/example_dags/example_sensors.py
[2026-02-02T14:41:50.092+0000] {logging_mixin.py:188} INFO - [2026-02-02T14:41:50.092+0000] {dag.py:3036} INFO - Sync 1 DAGs
[2026-02-02T14:41:50.106+0000] {logging_mixin.py:188} INFO - [2026-02-02T14:41:50.106+0000] {dag.py:3823} INFO - Setting next_dagrun for example_sensors to None, run_after=None
[2026-02-02T14:41:50.129+0000] {processor.py:183} INFO - Processing /home/airflow/.local/lib/python3.8/site-packages/airflow/example_dags/example_sensors.py took 0.150 seconds
[2026-02-02T14:42:20.233+0000] {processor.py:161} INFO - Started process (PID=2452) to work on /home/airflow/.local/lib/python3.8/site-packages/airflow/example_dags/example_sensors.py
[2026-02-02T14:42:20.234+0000] {processor.py:830} INFO - Processing file /home/airflow/.local/lib/python3.8/site-packages/airflow/example_dags/example_sensors.py for tasks to queue
[2026-02-02T14:42:20.236+0000] {logging_mixin.py:188} INFO - [2026-02-02T14:42:20.236+0000] {dagbag.py:538} INFO - Filling up the DagBag from /home/airflow/.local/lib/python3.8/site-packages/airflow/example_dags/example_sensors.py
[2026-02-02T14:42:20.247+0000] {processor.py:840} INFO - DAG(s) 'example_sensors' retrieved from /home/airflow/.local/lib/python3.8/site-packages/airflow/example_dags/example_sensors.py
[2026-02-02T14:42:20.290+0000] {logging_mixin.py:188} INFO - [2026-02-02T14:42:20.290+0000] {dag.py:3036} INFO - Sync 1 DAGs
[2026-02-02T14:42:20.305+0000] {logging_mixin.py:188} INFO - [2026-02-02T14:42:20.305+0000] {dag.py:3823} INFO - Setting next_dagrun for example_sensors to None, run_after=None
[2026-02-02T14:42:20.336+0000] {processor.py:183} INFO - Processing /home/airflow/.local/lib/python3.8/site-packages/airflow/example_dags/example_sensors.py took 0.110 seconds
[2026-02-02T14:42:50.838+0000] {processor.py:161} INFO - Started process (PID=2507) to work on /home/airflow/.local/lib/python3.8/site-packages/airflow/example_dags/example_sensors.py
[2026-02-02T14:42:50.839+0000] {processor.py:830} INFO - Processing file /home/airflow/.local/lib/python3.8/site-packages/airflow/example_dags/example_sensors.py for tasks to queue
[2026-02-02T14:42:50.840+0000] {logging_mixin.py:188} INFO - [2026-02-02T14:42:50.840+0000] {dagbag.py:538} INFO - Filling up the DagBag from /home/airflow/.local/lib/python3.8/site-packages/airflow/example_dags/example_sensors.py
[2026-02-02T14:42:50.847+0000] {processor.py:840} INFO - DAG(s) 'example_sensors' retrieved from /home/airflow/.local/lib/python3.8/site-packages/airflow/example_dags/example_sensors.py
[2026-02-02T14:42:50.867+0000] {logging_mixin.py:188} INFO - [2026-02-02T14:42:50.867+0000] {dag.py:3036} INFO - Sync 1 DAGs
[2026-02-02T14:42:50.878+0000] {logging_mixin.py:188} INFO - [2026-02-02T14:42:50.878+0000] {dag.py:3823} INFO - Setting next_dagrun for example_sensors to None, run_after=None
[2026-02-02T14:42:50.894+0000] {processor.py:183} INFO - Processing /home/airflow/.local/lib/python3.8/site-packages/airflow/example_dags/example_sensors.py took 0.058 seconds
[2026-02-02T14:43:21.166+0000] {processor.py:161} INFO - Started process (PID=2561) to work on /home/airflow/.local/lib/python3.8/site-packages/airflow/example_dags/example_sensors.py
[2026-02-02T14:43:21.167+0000] {processor.py:830} INFO - Processing file /home/airflow/.local/lib/python3.8/site-packages/airflow/example_dags/example_sensors.py for tasks to queue
[2026-02-02T14:43:21.168+0000] {logging_mixin.py:188} INFO - [2026-02-02T14:43:21.168+0000] {dagbag.py:538} INFO - Filling up the DagBag from /home/airflow/.local/lib/python3.8/site-packages/airflow/example_dags/example_sensors.py
[2026-02-02T14:43:21.178+0000] {processor.py:840} INFO - DAG(s) 'example_sensors' retrieved from /home/airflow/.local/lib/python3.8/site-packages/airflow/example_dags/example_sensors.py
[2026-02-02T14:43:21.211+0000] {logging_mixin.py:188} INFO - [2026-02-02T14:43:21.211+0000] {dag.py:3036} INFO - Sync 1 DAGs
[2026-02-02T14:43:21.226+0000] {logging_mixin.py:188} INFO - [2026-02-02T14:43:21.226+0000] {dag.py:3823} INFO - Setting next_dagrun for example_sensors to None, run_after=None
[2026-02-02T14:43:21.244+0000] {processor.py:183} INFO - Processing /home/airflow/.local/lib/python3.8/site-packages/airflow/example_dags/example_sensors.py took 0.084 seconds
[2026-02-02T14:43:52.221+0000] {processor.py:161} INFO - Started process (PID=2616) to work on /home/airflow/.local/lib/python3.8/site-packages/airflow/example_dags/example_sensors.py
[2026-02-02T14:43:52.222+0000] {processor.py:830} INFO - Processing file /home/airflow/.local/lib/python3.8/site-packages/airflow/example_dags/example_sensors.py for tasks to queue
[2026-02-02T14:43:52.224+0000] {logging_mixin.py:188} INFO - [2026-02-02T14:43:52.224+0000] {dagbag.py:538} INFO - Filling up the DagBag from /home/airflow/.local/lib/python3.8/site-packages/airflow/example_dags/example_sensors.py
[2026-02-02T14:43:52.237+0000] {processor.py:840} INFO - DAG(s) 'example_sensors' retrieved from /home/airflow/.local/lib/python3.8/site-packages/airflow/example_dags/example_sensors.py
[2026-02-02T14:43:52.322+0000] {logging_mixin.py:188} INFO - [2026-02-02T14:43:52.322+0000] {dag.py:3036} INFO - Sync 1 DAGs
[2026-02-02T14:43:52.486+0000] {logging_mixin.py:188} INFO - [2026-02-02T14:43:52.486+0000] {dag.py:3823} INFO - Setting next_dagrun for example_sensors to None, run_after=None
[2026-02-02T14:43:52.503+0000] {processor.py:183} INFO - Processing /home/airflow/.local/lib/python3.8/site-packages/airflow/example_dags/example_sensors.py took 0.285 seconds
[2026-02-02T14:44:22.890+0000] {processor.py:161} INFO - Started process (PID=2671) to work on /home/airflow/.local/lib/python3.8/site-packages/airflow/example_dags/example_sensors.py
[2026-02-02T14:44:22.891+0000] {processor.py:830} INFO - Processing file /home/airflow/.local/lib/python3.8/site-packages/airflow/example_dags/example_sensors.py for tasks to queue
[2026-02-02T14:44:22.893+0000] {logging_mixin.py:188} INFO - [2026-02-02T14:44:22.892+0000] {dagbag.py:538} INFO - Filling up the DagBag from /home/airflow/.local/lib/python3.8/site-packages/airflow/example_dags/example_sensors.py
[2026-02-02T14:44:22.905+0000] {processor.py:840} INFO - DAG(s) 'example_sensors' retrieved from /home/airflow/.local/lib/python3.8/site-packages/airflow/example_dags/example_sensors.py
[2026-02-02T14:44:22.958+0000] {logging_mixin.py:188} INFO - [2026-02-02T14:44:22.957+0000] {dag.py:3036} INFO - Sync 1 DAGs
[2026-02-02T14:44:23.130+0000] {logging_mixin.py:188} INFO - [2026-02-02T14:44:23.130+0000] {dag.py:3823} INFO - Setting next_dagrun for example_sensors to None, run_after=None
[2026-02-02T14:44:23.149+0000] {processor.py:183} INFO - Processing /home/airflow/.local/lib/python3.8/site-packages/airflow/example_dags/example_sensors.py took 0.263 seconds
[2026-02-02T14:44:54.037+0000] {processor.py:161} INFO - Started process (PID=2726) to work on /home/airflow/.local/lib/python3.8/site-packages/airflow/example_dags/example_sensors.py
[2026-02-02T14:44:54.038+0000] {processor.py:830} INFO - Processing file /home/airflow/.local/lib/python3.8/site-packages/airflow/example_dags/example_sensors.py for tasks to queue
[2026-02-02T14:44:54.043+0000] {logging_mixin.py:188} INFO - [2026-02-02T14:44:54.042+0000] {dagbag.py:538} INFO - Filling up the DagBag from /home/airflow/.local/lib/python3.8/site-packages/airflow/example_dags/example_sensors.py
[2026-02-02T14:44:54.062+0000] {processor.py:840} INFO - DAG(s) 'example_sensors' retrieved from /home/airflow/.local/lib/python3.8/site-packages/airflow/example_dags/example_sensors.py
[2026-02-02T14:44:54.102+0000] {logging_mixin.py:188} INFO - [2026-02-02T14:44:54.102+0000] {dag.py:3036} INFO - Sync 1 DAGs
[2026-02-02T14:44:54.116+0000] {logging_mixin.py:188} INFO - [2026-02-02T14:44:54.116+0000] {dag.py:3823} INFO - Setting next_dagrun for example_sensors to None, run_after=None
[2026-02-02T14:44:54.135+0000] {processor.py:183} INFO - Processing /home/airflow/.local/lib/python3.8/site-packages/airflow/example_dags/example_sensors.py took 0.103 seconds
[2026-02-02T14:45:24.735+0000] {processor.py:161} INFO - Started process (PID=2783) to work on /home/airflow/.local/lib/python3.8/site-packages/airflow/example_dags/example_sensors.py
[2026-02-02T14:45:24.737+0000] {processor.py:830} INFO - Processing file /home/airflow/.local/lib/python3.8/site-packages/airflow/example_dags/example_sensors.py for tasks to queue
[2026-02-02T14:45:24.739+0000] {logging_mixin.py:188} INFO - [2026-02-02T14:45:24.739+0000] {dagbag.py:538} INFO - Filling up the DagBag from /home/airflow/.local/lib/python3.8/site-packages/airflow/example_dags/example_sensors.py
[2026-02-02T14:45:24.750+0000] {processor.py:840} INFO - DAG(s) 'example_sensors' retrieved from /home/airflow/.local/lib/python3.8/site-packages/airflow/example_dags/example_sensors.py
[2026-02-02T14:45:24.781+0000] {logging_mixin.py:188} INFO - [2026-02-02T14:45:24.781+0000] {dag.py:3036} INFO - Sync 1 DAGs
[2026-02-02T14:45:24.796+0000] {logging_mixin.py:188} INFO - [2026-02-02T14:45:24.796+0000] {dag.py:3823} INFO - Setting next_dagrun for example_sensors to None, run_after=None
[2026-02-02T14:45:24.815+0000] {processor.py:183} INFO - Processing /home/airflow/.local/lib/python3.8/site-packages/airflow/example_dags/example_sensors.py took 0.087 seconds
[2026-02-02T14:45:54.975+0000] {processor.py:161} INFO - Started process (PID=2839) to work on /home/airflow/.local/lib/python3.8/site-packages/airflow/example_dags/example_sensors.py
[2026-02-02T14:45:54.976+0000] {processor.py:830} INFO - Processing file /home/airflow/.local/lib/python3.8/site-packages/airflow/example_dags/example_sensors.py for tasks to queue
[2026-02-02T14:45:54.978+0000] {logging_mixin.py:188} INFO - [2026-02-02T14:45:54.978+0000] {dagbag.py:538} INFO - Filling up the DagBag from /home/airflow/.local/lib/python3.8/site-packages/airflow/example_dags/example_sensors.py
[2026-02-02T14:45:54.989+0000] {processor.py:840} INFO - DAG(s) 'example_sensors' retrieved from /home/airflow/.local/lib/python3.8/site-packages/airflow/example_dags/example_sensors.py
[2026-02-02T14:45:55.029+0000] {logging_mixin.py:188} INFO - [2026-02-02T14:45:55.028+0000] {dag.py:3036} INFO - Sync 1 DAGs
[2026-02-02T14:45:55.045+0000] {logging_mixin.py:188} INFO - [2026-02-02T14:45:55.045+0000] {dag.py:3823} INFO - Setting next_dagrun for example_sensors to None, run_after=None
[2026-02-02T14:45:55.066+0000] {processor.py:183} INFO - Processing /home/airflow/.local/lib/python3.8/site-packages/airflow/example_dags/example_sensors.py took 0.095 seconds
[2026-02-02T14:46:25.112+0000] {processor.py:161} INFO - Started process (PID=2893) to work on /home/airflow/.local/lib/python3.8/site-packages/airflow/example_dags/example_sensors.py
[2026-02-02T14:46:25.113+0000] {processor.py:830} INFO - Processing file /home/airflow/.local/lib/python3.8/site-packages/airflow/example_dags/example_sensors.py for tasks to queue
[2026-02-02T14:46:25.114+0000] {logging_mixin.py:188} INFO - [2026-02-02T14:46:25.114+0000] {dagbag.py:538} INFO - Filling up the DagBag from /home/airflow/.local/lib/python3.8/site-packages/airflow/example_dags/example_sensors.py
[2026-02-02T14:46:25.121+0000] {processor.py:840} INFO - DAG(s) 'example_sensors' retrieved from /home/airflow/.local/lib/python3.8/site-packages/airflow/example_dags/example_sensors.py
[2026-02-02T14:46:25.141+0000] {logging_mixin.py:188} INFO - [2026-02-02T14:46:25.141+0000] {dag.py:3036} INFO - Sync 1 DAGs
[2026-02-02T14:46:25.150+0000] {logging_mixin.py:188} INFO - [2026-02-02T14:46:25.150+0000] {dag.py:3823} INFO - Setting next_dagrun for example_sensors to None, run_after=None
[2026-02-02T14:46:25.164+0000] {processor.py:183} INFO - Processing /home/airflow/.local/lib/python3.8/site-packages/airflow/example_dags/example_sensors.py took 0.055 seconds
[2026-02-02T14:46:55.426+0000] {processor.py:161} INFO - Started process (PID=2949) to work on /home/airflow/.local/lib/python3.8/site-packages/airflow/example_dags/example_sensors.py
[2026-02-02T14:46:55.430+0000] {processor.py:830} INFO - Processing file /home/airflow/.local/lib/python3.8/site-packages/airflow/example_dags/example_sensors.py for tasks to queue
[2026-02-02T14:46:55.432+0000] {logging_mixin.py:188} INFO - [2026-02-02T14:46:55.431+0000] {dagbag.py:538} INFO - Filling up the DagBag from /home/airflow/.local/lib/python3.8/site-packages/airflow/example_dags/example_sensors.py
[2026-02-02T14:46:55.445+0000] {processor.py:840} INFO - DAG(s) 'example_sensors' retrieved from /home/airflow/.local/lib/python3.8/site-packages/airflow/example_dags/example_sensors.py
[2026-02-02T14:46:55.474+0000] {logging_mixin.py:188} INFO - [2026-02-02T14:46:55.474+0000] {dag.py:3036} INFO - Sync 1 DAGs
[2026-02-02T14:46:55.488+0000] {logging_mixin.py:188} INFO - [2026-02-02T14:46:55.488+0000] {dag.py:3823} INFO - Setting next_dagrun for example_sensors to None, run_after=None
[2026-02-02T14:46:55.506+0000] {processor.py:183} INFO - Processing /home/airflow/.local/lib/python3.8/site-packages/airflow/example_dags/example_sensors.py took 0.087 seconds
[2026-02-02T14:47:26.543+0000] {processor.py:161} INFO - Started process (PID=3006) to work on /home/airflow/.local/lib/python3.8/site-packages/airflow/example_dags/example_sensors.py
[2026-02-02T14:47:26.544+0000] {processor.py:830} INFO - Processing file /home/airflow/.local/lib/python3.8/site-packages/airflow/example_dags/example_sensors.py for tasks to queue
[2026-02-02T14:47:26.546+0000] {logging_mixin.py:188} INFO - [2026-02-02T14:47:26.546+0000] {dagbag.py:538} INFO - Filling up the DagBag from /home/airflow/.local/lib/python3.8/site-packages/airflow/example_dags/example_sensors.py
[2026-02-02T14:47:26.557+0000] {processor.py:840} INFO - DAG(s) 'example_sensors' retrieved from /home/airflow/.local/lib/python3.8/site-packages/airflow/example_dags/example_sensors.py
[2026-02-02T14:47:26.586+0000] {logging_mixin.py:188} INFO - [2026-02-02T14:47:26.586+0000] {dag.py:3036} INFO - Sync 1 DAGs
[2026-02-02T14:47:26.601+0000] {logging_mixin.py:188} INFO - [2026-02-02T14:47:26.601+0000] {dag.py:3823} INFO - Setting next_dagrun for example_sensors to None, run_after=None
[2026-02-02T14:47:26.622+0000] {processor.py:183} INFO - Processing /home/airflow/.local/lib/python3.8/site-packages/airflow/example_dags/example_sensors.py took 0.082 seconds
[2026-02-02T14:47:57.545+0000] {processor.py:161} INFO - Started process (PID=3063) to work on /home/airflow/.local/lib/python3.8/site-packages/airflow/example_dags/example_sensors.py
[2026-02-02T14:47:57.546+0000] {processor.py:830} INFO - Processing file /home/airflow/.local/lib/python3.8/site-packages/airflow/example_dags/example_sensors.py for tasks to queue
[2026-02-02T14:47:57.548+0000] {logging_mixin.py:188} INFO - [2026-02-02T14:47:57.547+0000] {dagbag.py:538} INFO - Filling up the DagBag from /home/airflow/.local/lib/python3.8/site-packages/airflow/example_dags/example_sensors.py
[2026-02-02T14:47:57.558+0000] {processor.py:840} INFO - DAG(s) 'example_sensors' retrieved from /home/airflow/.local/lib/python3.8/site-packages/airflow/example_dags/example_sensors.py
[2026-02-02T14:47:57.587+0000] {logging_mixin.py:188} INFO - [2026-02-02T14:47:57.587+0000] {dag.py:3036} INFO - Sync 1 DAGs
[2026-02-02T14:47:57.597+0000] {logging_mixin.py:188} INFO - [2026-02-02T14:47:57.597+0000] {dag.py:3823} INFO - Setting next_dagrun for example_sensors to None, run_after=None
[2026-02-02T14:47:57.610+0000] {processor.py:183} INFO - Processing /home/airflow/.local/lib/python3.8/site-packages/airflow/example_dags/example_sensors.py took 0.069 seconds
[2026-02-02T14:48:27.817+0000] {processor.py:161} INFO - Started process (PID=3119) to work on /home/airflow/.local/lib/python3.8/site-packages/airflow/example_dags/example_sensors.py
[2026-02-02T14:48:27.820+0000] {processor.py:830} INFO - Processing file /home/airflow/.local/lib/python3.8/site-packages/airflow/example_dags/example_sensors.py for tasks to queue
[2026-02-02T14:48:27.825+0000] {logging_mixin.py:188} INFO - [2026-02-02T14:48:27.824+0000] {dagbag.py:538} INFO - Filling up the DagBag from /home/airflow/.local/lib/python3.8/site-packages/airflow/example_dags/example_sensors.py
[2026-02-02T14:48:27.850+0000] {processor.py:840} INFO - DAG(s) 'example_sensors' retrieved from /home/airflow/.local/lib/python3.8/site-packages/airflow/example_dags/example_sensors.py
[2026-02-02T14:48:27.912+0000] {logging_mixin.py:188} INFO - [2026-02-02T14:48:27.912+0000] {dag.py:3036} INFO - Sync 1 DAGs
[2026-02-02T14:48:27.930+0000] {logging_mixin.py:188} INFO - [2026-02-02T14:48:27.930+0000] {dag.py:3823} INFO - Setting next_dagrun for example_sensors to None, run_after=None
[2026-02-02T14:48:27.957+0000] {processor.py:183} INFO - Processing /home/airflow/.local/lib/python3.8/site-packages/airflow/example_dags/example_sensors.py took 0.150 seconds
[2026-02-02T14:48:58.136+0000] {processor.py:161} INFO - Started process (PID=3174) to work on /home/airflow/.local/lib/python3.8/site-packages/airflow/example_dags/example_sensors.py
[2026-02-02T14:48:58.137+0000] {processor.py:830} INFO - Processing file /home/airflow/.local/lib/python3.8/site-packages/airflow/example_dags/example_sensors.py for tasks to queue
[2026-02-02T14:48:58.139+0000] {logging_mixin.py:188} INFO - [2026-02-02T14:48:58.139+0000] {dagbag.py:538} INFO - Filling up the DagBag from /home/airflow/.local/lib/python3.8/site-packages/airflow/example_dags/example_sensors.py
[2026-02-02T14:48:58.149+0000] {processor.py:840} INFO - DAG(s) 'example_sensors' retrieved from /home/airflow/.local/lib/python3.8/site-packages/airflow/example_dags/example_sensors.py
[2026-02-02T14:48:58.178+0000] {logging_mixin.py:188} INFO - [2026-02-02T14:48:58.178+0000] {dag.py:3036} INFO - Sync 1 DAGs
[2026-02-02T14:48:58.194+0000] {logging_mixin.py:188} INFO - [2026-02-02T14:48:58.194+0000] {dag.py:3823} INFO - Setting next_dagrun for example_sensors to None, run_after=None
[2026-02-02T14:48:58.212+0000] {processor.py:183} INFO - Processing /home/airflow/.local/lib/python3.8/site-packages/airflow/example_dags/example_sensors.py took 0.079 seconds
[2026-02-02T14:49:28.550+0000] {processor.py:161} INFO - Started process (PID=3230) to work on /home/airflow/.local/lib/python3.8/site-packages/airflow/example_dags/example_sensors.py
[2026-02-02T14:49:28.551+0000] {processor.py:830} INFO - Processing file /home/airflow/.local/lib/python3.8/site-packages/airflow/example_dags/example_sensors.py for tasks to queue
[2026-02-02T14:49:28.553+0000] {logging_mixin.py:188} INFO - [2026-02-02T14:49:28.552+0000] {dagbag.py:538} INFO - Filling up the DagBag from /home/airflow/.local/lib/python3.8/site-packages/airflow/example_dags/example_sensors.py
[2026-02-02T14:49:28.565+0000] {processor.py:840} INFO - DAG(s) 'example_sensors' retrieved from /home/airflow/.local/lib/python3.8/site-packages/airflow/example_dags/example_sensors.py
[2026-02-02T14:49:28.600+0000] {logging_mixin.py:188} INFO - [2026-02-02T14:49:28.600+0000] {dag.py:3036} INFO - Sync 1 DAGs
[2026-02-02T14:49:28.615+0000] {logging_mixin.py:188} INFO - [2026-02-02T14:49:28.615+0000] {dag.py:3823} INFO - Setting next_dagrun for example_sensors to None, run_after=None
[2026-02-02T14:49:28.634+0000] {processor.py:183} INFO - Processing /home/airflow/.local/lib/python3.8/site-packages/airflow/example_dags/example_sensors.py took 0.088 seconds
[2026-02-02T14:49:59.088+0000] {processor.py:161} INFO - Started process (PID=3286) to work on /home/airflow/.local/lib/python3.8/site-packages/airflow/example_dags/example_sensors.py
[2026-02-02T14:49:59.089+0000] {processor.py:830} INFO - Processing file /home/airflow/.local/lib/python3.8/site-packages/airflow/example_dags/example_sensors.py for tasks to queue
[2026-02-02T14:49:59.091+0000] {logging_mixin.py:188} INFO - [2026-02-02T14:49:59.091+0000] {dagbag.py:538} INFO - Filling up the DagBag from /home/airflow/.local/lib/python3.8/site-packages/airflow/example_dags/example_sensors.py
[2026-02-02T14:49:59.103+0000] {processor.py:840} INFO - DAG(s) 'example_sensors' retrieved from /home/airflow/.local/lib/python3.8/site-packages/airflow/example_dags/example_sensors.py
[2026-02-02T14:49:59.131+0000] {logging_mixin.py:188} INFO - [2026-02-02T14:49:59.130+0000] {dag.py:3036} INFO - Sync 1 DAGs
[2026-02-02T14:49:59.144+0000] {logging_mixin.py:188} INFO - [2026-02-02T14:49:59.144+0000] {dag.py:3823} INFO - Setting next_dagrun for example_sensors to None, run_after=None
[2026-02-02T14:49:59.166+0000] {processor.py:183} INFO - Processing /home/airflow/.local/lib/python3.8/site-packages/airflow/example_dags/example_sensors.py took 0.082 seconds
[2026-02-02T14:50:29.398+0000] {processor.py:161} INFO - Started process (PID=3342) to work on /home/airflow/.local/lib/python3.8/site-packages/airflow/example_dags/example_sensors.py
[2026-02-02T14:50:29.399+0000] {processor.py:830} INFO - Processing file /home/airflow/.local/lib/python3.8/site-packages/airflow/example_dags/example_sensors.py for tasks to queue
[2026-02-02T14:50:29.400+0000] {logging_mixin.py:188} INFO - [2026-02-02T14:50:29.400+0000] {dagbag.py:538} INFO - Filling up the DagBag from /home/airflow/.local/lib/python3.8/site-packages/airflow/example_dags/example_sensors.py
[2026-02-02T14:50:29.407+0000] {processor.py:840} INFO - DAG(s) 'example_sensors' retrieved from /home/airflow/.local/lib/python3.8/site-packages/airflow/example_dags/example_sensors.py
[2026-02-02T14:50:29.427+0000] {logging_mixin.py:188} INFO - [2026-02-02T14:50:29.427+0000] {dag.py:3036} INFO - Sync 1 DAGs
[2026-02-02T14:50:29.436+0000] {logging_mixin.py:188} INFO - [2026-02-02T14:50:29.436+0000] {dag.py:3823} INFO - Setting next_dagrun for example_sensors to None, run_after=None
[2026-02-02T14:50:29.450+0000] {processor.py:183} INFO - Processing /home/airflow/.local/lib/python3.8/site-packages/airflow/example_dags/example_sensors.py took 0.054 seconds
