[2026-02-02T14:20:20.880+0000] {processor.py:161} INFO - Started process (PID=73) to work on /home/airflow/.local/lib/python3.8/site-packages/airflow/example_dags/example_kubernetes_executor.py
[2026-02-02T14:20:20.884+0000] {processor.py:830} INFO - Processing file /home/airflow/.local/lib/python3.8/site-packages/airflow/example_dags/example_kubernetes_executor.py for tasks to queue
[2026-02-02T14:20:20.889+0000] {logging_mixin.py:188} INFO - [2026-02-02T14:20:20.888+0000] {dagbag.py:538} INFO - Filling up the DagBag from /home/airflow/.local/lib/python3.8/site-packages/airflow/example_dags/example_kubernetes_executor.py
[2026-02-02T14:20:20.939+0000] {processor.py:840} INFO - DAG(s) 'example_kubernetes_executor' retrieved from /home/airflow/.local/lib/python3.8/site-packages/airflow/example_dags/example_kubernetes_executor.py
[2026-02-02T14:20:21.392+0000] {logging_mixin.py:188} INFO - [2026-02-02T14:20:21.391+0000] {override.py:1769} INFO - Created Permission View: can edit on DAG:example_kubernetes_executor
[2026-02-02T14:20:21.431+0000] {logging_mixin.py:188} INFO - [2026-02-02T14:20:21.430+0000] {override.py:1769} INFO - Created Permission View: can delete on DAG:example_kubernetes_executor
[2026-02-02T14:20:21.449+0000] {logging_mixin.py:188} INFO - [2026-02-02T14:20:21.449+0000] {override.py:1769} INFO - Created Permission View: can read on DAG:example_kubernetes_executor
[2026-02-02T14:20:21.451+0000] {logging_mixin.py:188} INFO - [2026-02-02T14:20:21.451+0000] {dag.py:3036} INFO - Sync 1 DAGs
[2026-02-02T14:20:21.494+0000] {logging_mixin.py:188} INFO - [2026-02-02T14:20:21.494+0000] {dag.py:3058} INFO - Creating ORM DAG for example_kubernetes_executor
[2026-02-02T14:20:21.495+0000] {logging_mixin.py:188} INFO - [2026-02-02T14:20:21.495+0000] {dag.py:3823} INFO - Setting next_dagrun for example_kubernetes_executor to None, run_after=None
[2026-02-02T14:20:21.542+0000] {processor.py:183} INFO - Processing /home/airflow/.local/lib/python3.8/site-packages/airflow/example_dags/example_kubernetes_executor.py took 0.676 seconds
[2026-02-02T14:20:51.982+0000] {processor.py:161} INFO - Started process (PID=128) to work on /home/airflow/.local/lib/python3.8/site-packages/airflow/example_dags/example_kubernetes_executor.py
[2026-02-02T14:20:51.984+0000] {processor.py:830} INFO - Processing file /home/airflow/.local/lib/python3.8/site-packages/airflow/example_dags/example_kubernetes_executor.py for tasks to queue
[2026-02-02T14:20:51.985+0000] {logging_mixin.py:188} INFO - [2026-02-02T14:20:51.985+0000] {dagbag.py:538} INFO - Filling up the DagBag from /home/airflow/.local/lib/python3.8/site-packages/airflow/example_dags/example_kubernetes_executor.py
[2026-02-02T14:20:52.005+0000] {processor.py:840} INFO - DAG(s) 'example_kubernetes_executor' retrieved from /home/airflow/.local/lib/python3.8/site-packages/airflow/example_dags/example_kubernetes_executor.py
[2026-02-02T14:20:52.051+0000] {logging_mixin.py:188} INFO - [2026-02-02T14:20:52.049+0000] {dag.py:3036} INFO - Sync 1 DAGs
[2026-02-02T14:20:52.064+0000] {logging_mixin.py:188} INFO - [2026-02-02T14:20:52.064+0000] {dag.py:3823} INFO - Setting next_dagrun for example_kubernetes_executor to None, run_after=None
[2026-02-02T14:20:52.081+0000] {processor.py:183} INFO - Processing /home/airflow/.local/lib/python3.8/site-packages/airflow/example_dags/example_kubernetes_executor.py took 0.103 seconds
[2026-02-02T14:21:22.889+0000] {processor.py:161} INFO - Started process (PID=183) to work on /home/airflow/.local/lib/python3.8/site-packages/airflow/example_dags/example_kubernetes_executor.py
[2026-02-02T14:21:22.891+0000] {processor.py:830} INFO - Processing file /home/airflow/.local/lib/python3.8/site-packages/airflow/example_dags/example_kubernetes_executor.py for tasks to queue
[2026-02-02T14:21:22.894+0000] {logging_mixin.py:188} INFO - [2026-02-02T14:21:22.893+0000] {dagbag.py:538} INFO - Filling up the DagBag from /home/airflow/.local/lib/python3.8/site-packages/airflow/example_dags/example_kubernetes_executor.py
[2026-02-02T14:21:22.912+0000] {processor.py:840} INFO - DAG(s) 'example_kubernetes_executor' retrieved from /home/airflow/.local/lib/python3.8/site-packages/airflow/example_dags/example_kubernetes_executor.py
[2026-02-02T14:21:22.961+0000] {logging_mixin.py:188} INFO - [2026-02-02T14:21:22.961+0000] {dag.py:3036} INFO - Sync 1 DAGs
[2026-02-02T14:21:22.976+0000] {logging_mixin.py:188} INFO - [2026-02-02T14:21:22.976+0000] {dag.py:3823} INFO - Setting next_dagrun for example_kubernetes_executor to None, run_after=None
[2026-02-02T14:21:22.994+0000] {processor.py:183} INFO - Processing /home/airflow/.local/lib/python3.8/site-packages/airflow/example_dags/example_kubernetes_executor.py took 0.111 seconds
[2026-02-02T14:21:53.202+0000] {processor.py:161} INFO - Started process (PID=238) to work on /home/airflow/.local/lib/python3.8/site-packages/airflow/example_dags/example_kubernetes_executor.py
[2026-02-02T14:21:53.203+0000] {processor.py:830} INFO - Processing file /home/airflow/.local/lib/python3.8/site-packages/airflow/example_dags/example_kubernetes_executor.py for tasks to queue
[2026-02-02T14:21:53.205+0000] {logging_mixin.py:188} INFO - [2026-02-02T14:21:53.205+0000] {dagbag.py:538} INFO - Filling up the DagBag from /home/airflow/.local/lib/python3.8/site-packages/airflow/example_dags/example_kubernetes_executor.py
[2026-02-02T14:21:53.223+0000] {processor.py:840} INFO - DAG(s) 'example_kubernetes_executor' retrieved from /home/airflow/.local/lib/python3.8/site-packages/airflow/example_dags/example_kubernetes_executor.py
[2026-02-02T14:21:53.270+0000] {logging_mixin.py:188} INFO - [2026-02-02T14:21:53.269+0000] {dag.py:3036} INFO - Sync 1 DAGs
[2026-02-02T14:21:53.281+0000] {logging_mixin.py:188} INFO - [2026-02-02T14:21:53.281+0000] {dag.py:3823} INFO - Setting next_dagrun for example_kubernetes_executor to None, run_after=None
[2026-02-02T14:21:53.295+0000] {processor.py:183} INFO - Processing /home/airflow/.local/lib/python3.8/site-packages/airflow/example_dags/example_kubernetes_executor.py took 0.098 seconds
[2026-02-02T14:22:23.786+0000] {processor.py:161} INFO - Started process (PID=293) to work on /home/airflow/.local/lib/python3.8/site-packages/airflow/example_dags/example_kubernetes_executor.py
[2026-02-02T14:22:23.786+0000] {processor.py:830} INFO - Processing file /home/airflow/.local/lib/python3.8/site-packages/airflow/example_dags/example_kubernetes_executor.py for tasks to queue
[2026-02-02T14:22:23.790+0000] {logging_mixin.py:188} INFO - [2026-02-02T14:22:23.790+0000] {dagbag.py:538} INFO - Filling up the DagBag from /home/airflow/.local/lib/python3.8/site-packages/airflow/example_dags/example_kubernetes_executor.py
[2026-02-02T14:22:23.807+0000] {processor.py:840} INFO - DAG(s) 'example_kubernetes_executor' retrieved from /home/airflow/.local/lib/python3.8/site-packages/airflow/example_dags/example_kubernetes_executor.py
[2026-02-02T14:22:23.852+0000] {logging_mixin.py:188} INFO - [2026-02-02T14:22:23.852+0000] {dag.py:3036} INFO - Sync 1 DAGs
[2026-02-02T14:22:23.864+0000] {logging_mixin.py:188} INFO - [2026-02-02T14:22:23.864+0000] {dag.py:3823} INFO - Setting next_dagrun for example_kubernetes_executor to None, run_after=None
[2026-02-02T14:22:23.878+0000] {processor.py:183} INFO - Processing /home/airflow/.local/lib/python3.8/site-packages/airflow/example_dags/example_kubernetes_executor.py took 0.097 seconds
[2026-02-02T14:22:54.438+0000] {processor.py:161} INFO - Started process (PID=348) to work on /home/airflow/.local/lib/python3.8/site-packages/airflow/example_dags/example_kubernetes_executor.py
[2026-02-02T14:22:54.438+0000] {processor.py:830} INFO - Processing file /home/airflow/.local/lib/python3.8/site-packages/airflow/example_dags/example_kubernetes_executor.py for tasks to queue
[2026-02-02T14:22:54.440+0000] {logging_mixin.py:188} INFO - [2026-02-02T14:22:54.440+0000] {dagbag.py:538} INFO - Filling up the DagBag from /home/airflow/.local/lib/python3.8/site-packages/airflow/example_dags/example_kubernetes_executor.py
[2026-02-02T14:22:54.457+0000] {processor.py:840} INFO - DAG(s) 'example_kubernetes_executor' retrieved from /home/airflow/.local/lib/python3.8/site-packages/airflow/example_dags/example_kubernetes_executor.py
[2026-02-02T14:22:54.508+0000] {logging_mixin.py:188} INFO - [2026-02-02T14:22:54.507+0000] {dag.py:3036} INFO - Sync 1 DAGs
[2026-02-02T14:22:54.520+0000] {logging_mixin.py:188} INFO - [2026-02-02T14:22:54.519+0000] {dag.py:3823} INFO - Setting next_dagrun for example_kubernetes_executor to None, run_after=None
[2026-02-02T14:22:54.533+0000] {processor.py:183} INFO - Processing /home/airflow/.local/lib/python3.8/site-packages/airflow/example_dags/example_kubernetes_executor.py took 0.099 seconds
[2026-02-02T14:23:24.956+0000] {processor.py:161} INFO - Started process (PID=403) to work on /home/airflow/.local/lib/python3.8/site-packages/airflow/example_dags/example_kubernetes_executor.py
[2026-02-02T14:23:24.958+0000] {processor.py:830} INFO - Processing file /home/airflow/.local/lib/python3.8/site-packages/airflow/example_dags/example_kubernetes_executor.py for tasks to queue
[2026-02-02T14:23:24.961+0000] {logging_mixin.py:188} INFO - [2026-02-02T14:23:24.960+0000] {dagbag.py:538} INFO - Filling up the DagBag from /home/airflow/.local/lib/python3.8/site-packages/airflow/example_dags/example_kubernetes_executor.py
[2026-02-02T14:23:24.978+0000] {processor.py:840} INFO - DAG(s) 'example_kubernetes_executor' retrieved from /home/airflow/.local/lib/python3.8/site-packages/airflow/example_dags/example_kubernetes_executor.py
[2026-02-02T14:23:25.023+0000] {logging_mixin.py:188} INFO - [2026-02-02T14:23:25.023+0000] {dag.py:3036} INFO - Sync 1 DAGs
[2026-02-02T14:23:25.039+0000] {logging_mixin.py:188} INFO - [2026-02-02T14:23:25.038+0000] {dag.py:3823} INFO - Setting next_dagrun for example_kubernetes_executor to None, run_after=None
[2026-02-02T14:23:25.056+0000] {processor.py:183} INFO - Processing /home/airflow/.local/lib/python3.8/site-packages/airflow/example_dags/example_kubernetes_executor.py took 0.104 seconds
[2026-02-02T14:23:55.938+0000] {processor.py:161} INFO - Started process (PID=458) to work on /home/airflow/.local/lib/python3.8/site-packages/airflow/example_dags/example_kubernetes_executor.py
[2026-02-02T14:23:55.939+0000] {processor.py:830} INFO - Processing file /home/airflow/.local/lib/python3.8/site-packages/airflow/example_dags/example_kubernetes_executor.py for tasks to queue
[2026-02-02T14:23:55.943+0000] {logging_mixin.py:188} INFO - [2026-02-02T14:23:55.943+0000] {dagbag.py:538} INFO - Filling up the DagBag from /home/airflow/.local/lib/python3.8/site-packages/airflow/example_dags/example_kubernetes_executor.py
[2026-02-02T14:23:55.990+0000] {processor.py:840} INFO - DAG(s) 'example_kubernetes_executor' retrieved from /home/airflow/.local/lib/python3.8/site-packages/airflow/example_dags/example_kubernetes_executor.py
[2026-02-02T14:23:56.140+0000] {logging_mixin.py:188} INFO - [2026-02-02T14:23:56.138+0000] {dag.py:3036} INFO - Sync 1 DAGs
[2026-02-02T14:23:56.179+0000] {logging_mixin.py:188} INFO - [2026-02-02T14:23:56.179+0000] {dag.py:3823} INFO - Setting next_dagrun for example_kubernetes_executor to None, run_after=None
[2026-02-02T14:23:56.219+0000] {processor.py:183} INFO - Processing /home/airflow/.local/lib/python3.8/site-packages/airflow/example_dags/example_kubernetes_executor.py took 0.293 seconds
[2026-02-02T14:24:26.401+0000] {processor.py:161} INFO - Started process (PID=519) to work on /home/airflow/.local/lib/python3.8/site-packages/airflow/example_dags/example_kubernetes_executor.py
[2026-02-02T14:24:26.408+0000] {processor.py:830} INFO - Processing file /home/airflow/.local/lib/python3.8/site-packages/airflow/example_dags/example_kubernetes_executor.py for tasks to queue
[2026-02-02T14:24:26.409+0000] {logging_mixin.py:188} INFO - [2026-02-02T14:24:26.409+0000] {dagbag.py:538} INFO - Filling up the DagBag from /home/airflow/.local/lib/python3.8/site-packages/airflow/example_dags/example_kubernetes_executor.py
[2026-02-02T14:24:26.475+0000] {processor.py:840} INFO - DAG(s) 'example_kubernetes_executor' retrieved from /home/airflow/.local/lib/python3.8/site-packages/airflow/example_dags/example_kubernetes_executor.py
[2026-02-02T14:24:26.585+0000] {logging_mixin.py:188} INFO - [2026-02-02T14:24:26.585+0000] {dag.py:3036} INFO - Sync 1 DAGs
[2026-02-02T14:24:26.615+0000] {logging_mixin.py:188} INFO - [2026-02-02T14:24:26.615+0000] {dag.py:3823} INFO - Setting next_dagrun for example_kubernetes_executor to None, run_after=None
[2026-02-02T14:24:26.658+0000] {processor.py:183} INFO - Processing /home/airflow/.local/lib/python3.8/site-packages/airflow/example_dags/example_kubernetes_executor.py took 0.271 seconds
[2026-02-02T14:24:56.741+0000] {processor.py:161} INFO - Started process (PID=574) to work on /home/airflow/.local/lib/python3.8/site-packages/airflow/example_dags/example_kubernetes_executor.py
[2026-02-02T14:24:56.741+0000] {processor.py:830} INFO - Processing file /home/airflow/.local/lib/python3.8/site-packages/airflow/example_dags/example_kubernetes_executor.py for tasks to queue
[2026-02-02T14:24:56.743+0000] {logging_mixin.py:188} INFO - [2026-02-02T14:24:56.743+0000] {dagbag.py:538} INFO - Filling up the DagBag from /home/airflow/.local/lib/python3.8/site-packages/airflow/example_dags/example_kubernetes_executor.py
[2026-02-02T14:24:56.755+0000] {processor.py:840} INFO - DAG(s) 'example_kubernetes_executor' retrieved from /home/airflow/.local/lib/python3.8/site-packages/airflow/example_dags/example_kubernetes_executor.py
[2026-02-02T14:24:56.783+0000] {logging_mixin.py:188} INFO - [2026-02-02T14:24:56.783+0000] {dag.py:3036} INFO - Sync 1 DAGs
[2026-02-02T14:24:56.793+0000] {logging_mixin.py:188} INFO - [2026-02-02T14:24:56.793+0000] {dag.py:3823} INFO - Setting next_dagrun for example_kubernetes_executor to None, run_after=None
[2026-02-02T14:24:56.806+0000] {processor.py:183} INFO - Processing /home/airflow/.local/lib/python3.8/site-packages/airflow/example_dags/example_kubernetes_executor.py took 0.068 seconds
[2026-02-02T14:25:26.890+0000] {processor.py:161} INFO - Started process (PID=629) to work on /home/airflow/.local/lib/python3.8/site-packages/airflow/example_dags/example_kubernetes_executor.py
[2026-02-02T14:25:26.891+0000] {processor.py:830} INFO - Processing file /home/airflow/.local/lib/python3.8/site-packages/airflow/example_dags/example_kubernetes_executor.py for tasks to queue
[2026-02-02T14:25:26.893+0000] {logging_mixin.py:188} INFO - [2026-02-02T14:25:26.892+0000] {dagbag.py:538} INFO - Filling up the DagBag from /home/airflow/.local/lib/python3.8/site-packages/airflow/example_dags/example_kubernetes_executor.py
[2026-02-02T14:25:26.922+0000] {processor.py:840} INFO - DAG(s) 'example_kubernetes_executor' retrieved from /home/airflow/.local/lib/python3.8/site-packages/airflow/example_dags/example_kubernetes_executor.py
[2026-02-02T14:25:26.951+0000] {logging_mixin.py:188} INFO - [2026-02-02T14:25:26.951+0000] {dag.py:3036} INFO - Sync 1 DAGs
[2026-02-02T14:25:26.960+0000] {logging_mixin.py:188} INFO - [2026-02-02T14:25:26.960+0000] {dag.py:3823} INFO - Setting next_dagrun for example_kubernetes_executor to None, run_after=None
[2026-02-02T14:25:26.974+0000] {processor.py:183} INFO - Processing /home/airflow/.local/lib/python3.8/site-packages/airflow/example_dags/example_kubernetes_executor.py took 0.088 seconds
[2026-02-02T14:25:57.217+0000] {processor.py:161} INFO - Started process (PID=684) to work on /home/airflow/.local/lib/python3.8/site-packages/airflow/example_dags/example_kubernetes_executor.py
[2026-02-02T14:25:57.219+0000] {processor.py:830} INFO - Processing file /home/airflow/.local/lib/python3.8/site-packages/airflow/example_dags/example_kubernetes_executor.py for tasks to queue
[2026-02-02T14:25:57.221+0000] {logging_mixin.py:188} INFO - [2026-02-02T14:25:57.220+0000] {dagbag.py:538} INFO - Filling up the DagBag from /home/airflow/.local/lib/python3.8/site-packages/airflow/example_dags/example_kubernetes_executor.py
[2026-02-02T14:25:57.238+0000] {processor.py:840} INFO - DAG(s) 'example_kubernetes_executor' retrieved from /home/airflow/.local/lib/python3.8/site-packages/airflow/example_dags/example_kubernetes_executor.py
[2026-02-02T14:25:57.286+0000] {logging_mixin.py:188} INFO - [2026-02-02T14:25:57.286+0000] {dag.py:3036} INFO - Sync 1 DAGs
[2026-02-02T14:25:57.302+0000] {logging_mixin.py:188} INFO - [2026-02-02T14:25:57.301+0000] {dag.py:3823} INFO - Setting next_dagrun for example_kubernetes_executor to None, run_after=None
[2026-02-02T14:25:57.317+0000] {processor.py:183} INFO - Processing /home/airflow/.local/lib/python3.8/site-packages/airflow/example_dags/example_kubernetes_executor.py took 0.103 seconds
[2026-02-02T14:26:27.516+0000] {processor.py:161} INFO - Started process (PID=739) to work on /home/airflow/.local/lib/python3.8/site-packages/airflow/example_dags/example_kubernetes_executor.py
[2026-02-02T14:26:27.517+0000] {processor.py:830} INFO - Processing file /home/airflow/.local/lib/python3.8/site-packages/airflow/example_dags/example_kubernetes_executor.py for tasks to queue
[2026-02-02T14:26:27.519+0000] {logging_mixin.py:188} INFO - [2026-02-02T14:26:27.519+0000] {dagbag.py:538} INFO - Filling up the DagBag from /home/airflow/.local/lib/python3.8/site-packages/airflow/example_dags/example_kubernetes_executor.py
[2026-02-02T14:26:27.536+0000] {processor.py:840} INFO - DAG(s) 'example_kubernetes_executor' retrieved from /home/airflow/.local/lib/python3.8/site-packages/airflow/example_dags/example_kubernetes_executor.py
[2026-02-02T14:26:27.589+0000] {logging_mixin.py:188} INFO - [2026-02-02T14:26:27.589+0000] {dag.py:3036} INFO - Sync 1 DAGs
[2026-02-02T14:26:27.599+0000] {logging_mixin.py:188} INFO - [2026-02-02T14:26:27.598+0000] {dag.py:3823} INFO - Setting next_dagrun for example_kubernetes_executor to None, run_after=None
[2026-02-02T14:26:27.612+0000] {processor.py:183} INFO - Processing /home/airflow/.local/lib/python3.8/site-packages/airflow/example_dags/example_kubernetes_executor.py took 0.100 seconds
[2026-02-02T14:26:58.130+0000] {processor.py:161} INFO - Started process (PID=794) to work on /home/airflow/.local/lib/python3.8/site-packages/airflow/example_dags/example_kubernetes_executor.py
[2026-02-02T14:26:58.131+0000] {processor.py:830} INFO - Processing file /home/airflow/.local/lib/python3.8/site-packages/airflow/example_dags/example_kubernetes_executor.py for tasks to queue
[2026-02-02T14:26:58.133+0000] {logging_mixin.py:188} INFO - [2026-02-02T14:26:58.133+0000] {dagbag.py:538} INFO - Filling up the DagBag from /home/airflow/.local/lib/python3.8/site-packages/airflow/example_dags/example_kubernetes_executor.py
[2026-02-02T14:26:58.151+0000] {processor.py:840} INFO - DAG(s) 'example_kubernetes_executor' retrieved from /home/airflow/.local/lib/python3.8/site-packages/airflow/example_dags/example_kubernetes_executor.py
[2026-02-02T14:26:58.198+0000] {logging_mixin.py:188} INFO - [2026-02-02T14:26:58.197+0000] {dag.py:3036} INFO - Sync 1 DAGs
[2026-02-02T14:26:58.210+0000] {logging_mixin.py:188} INFO - [2026-02-02T14:26:58.210+0000] {dag.py:3823} INFO - Setting next_dagrun for example_kubernetes_executor to None, run_after=None
[2026-02-02T14:26:58.224+0000] {processor.py:183} INFO - Processing /home/airflow/.local/lib/python3.8/site-packages/airflow/example_dags/example_kubernetes_executor.py took 0.097 seconds
[2026-02-02T14:27:29.276+0000] {processor.py:161} INFO - Started process (PID=849) to work on /home/airflow/.local/lib/python3.8/site-packages/airflow/example_dags/example_kubernetes_executor.py
[2026-02-02T14:27:29.277+0000] {processor.py:830} INFO - Processing file /home/airflow/.local/lib/python3.8/site-packages/airflow/example_dags/example_kubernetes_executor.py for tasks to queue
[2026-02-02T14:27:29.283+0000] {logging_mixin.py:188} INFO - [2026-02-02T14:27:29.282+0000] {dagbag.py:538} INFO - Filling up the DagBag from /home/airflow/.local/lib/python3.8/site-packages/airflow/example_dags/example_kubernetes_executor.py
[2026-02-02T14:27:29.305+0000] {processor.py:840} INFO - DAG(s) 'example_kubernetes_executor' retrieved from /home/airflow/.local/lib/python3.8/site-packages/airflow/example_dags/example_kubernetes_executor.py
[2026-02-02T14:27:29.339+0000] {logging_mixin.py:188} INFO - [2026-02-02T14:27:29.339+0000] {dag.py:3036} INFO - Sync 1 DAGs
[2026-02-02T14:27:29.349+0000] {logging_mixin.py:188} INFO - [2026-02-02T14:27:29.349+0000] {dag.py:3823} INFO - Setting next_dagrun for example_kubernetes_executor to None, run_after=None
[2026-02-02T14:27:29.364+0000] {processor.py:183} INFO - Processing /home/airflow/.local/lib/python3.8/site-packages/airflow/example_dags/example_kubernetes_executor.py took 0.092 seconds
[2026-02-02T14:27:59.901+0000] {processor.py:161} INFO - Started process (PID=904) to work on /home/airflow/.local/lib/python3.8/site-packages/airflow/example_dags/example_kubernetes_executor.py
[2026-02-02T14:27:59.902+0000] {processor.py:830} INFO - Processing file /home/airflow/.local/lib/python3.8/site-packages/airflow/example_dags/example_kubernetes_executor.py for tasks to queue
[2026-02-02T14:27:59.904+0000] {logging_mixin.py:188} INFO - [2026-02-02T14:27:59.904+0000] {dagbag.py:538} INFO - Filling up the DagBag from /home/airflow/.local/lib/python3.8/site-packages/airflow/example_dags/example_kubernetes_executor.py
[2026-02-02T14:27:59.922+0000] {processor.py:840} INFO - DAG(s) 'example_kubernetes_executor' retrieved from /home/airflow/.local/lib/python3.8/site-packages/airflow/example_dags/example_kubernetes_executor.py
[2026-02-02T14:27:59.965+0000] {logging_mixin.py:188} INFO - [2026-02-02T14:27:59.965+0000] {dag.py:3036} INFO - Sync 1 DAGs
[2026-02-02T14:27:59.980+0000] {logging_mixin.py:188} INFO - [2026-02-02T14:27:59.980+0000] {dag.py:3823} INFO - Setting next_dagrun for example_kubernetes_executor to None, run_after=None
[2026-02-02T14:27:59.999+0000] {processor.py:183} INFO - Processing /home/airflow/.local/lib/python3.8/site-packages/airflow/example_dags/example_kubernetes_executor.py took 0.101 seconds
[2026-02-02T14:28:30.735+0000] {processor.py:161} INFO - Started process (PID=959) to work on /home/airflow/.local/lib/python3.8/site-packages/airflow/example_dags/example_kubernetes_executor.py
[2026-02-02T14:28:30.736+0000] {processor.py:830} INFO - Processing file /home/airflow/.local/lib/python3.8/site-packages/airflow/example_dags/example_kubernetes_executor.py for tasks to queue
[2026-02-02T14:28:30.739+0000] {logging_mixin.py:188} INFO - [2026-02-02T14:28:30.738+0000] {dagbag.py:538} INFO - Filling up the DagBag from /home/airflow/.local/lib/python3.8/site-packages/airflow/example_dags/example_kubernetes_executor.py
[2026-02-02T14:28:30.757+0000] {processor.py:840} INFO - DAG(s) 'example_kubernetes_executor' retrieved from /home/airflow/.local/lib/python3.8/site-packages/airflow/example_dags/example_kubernetes_executor.py
[2026-02-02T14:28:30.809+0000] {logging_mixin.py:188} INFO - [2026-02-02T14:28:30.809+0000] {dag.py:3036} INFO - Sync 1 DAGs
[2026-02-02T14:28:30.843+0000] {logging_mixin.py:188} INFO - [2026-02-02T14:28:30.843+0000] {dag.py:3823} INFO - Setting next_dagrun for example_kubernetes_executor to None, run_after=None
[2026-02-02T14:28:30.899+0000] {processor.py:183} INFO - Processing /home/airflow/.local/lib/python3.8/site-packages/airflow/example_dags/example_kubernetes_executor.py took 0.168 seconds
[2026-02-02T14:29:01.117+0000] {processor.py:161} INFO - Started process (PID=1014) to work on /home/airflow/.local/lib/python3.8/site-packages/airflow/example_dags/example_kubernetes_executor.py
[2026-02-02T14:29:01.119+0000] {processor.py:830} INFO - Processing file /home/airflow/.local/lib/python3.8/site-packages/airflow/example_dags/example_kubernetes_executor.py for tasks to queue
[2026-02-02T14:29:01.123+0000] {logging_mixin.py:188} INFO - [2026-02-02T14:29:01.120+0000] {dagbag.py:538} INFO - Filling up the DagBag from /home/airflow/.local/lib/python3.8/site-packages/airflow/example_dags/example_kubernetes_executor.py
[2026-02-02T14:29:01.145+0000] {processor.py:840} INFO - DAG(s) 'example_kubernetes_executor' retrieved from /home/airflow/.local/lib/python3.8/site-packages/airflow/example_dags/example_kubernetes_executor.py
[2026-02-02T14:29:01.215+0000] {logging_mixin.py:188} INFO - [2026-02-02T14:29:01.215+0000] {dag.py:3036} INFO - Sync 1 DAGs
[2026-02-02T14:29:01.244+0000] {logging_mixin.py:188} INFO - [2026-02-02T14:29:01.244+0000] {dag.py:3823} INFO - Setting next_dagrun for example_kubernetes_executor to None, run_after=None
[2026-02-02T14:29:01.265+0000] {processor.py:183} INFO - Processing /home/airflow/.local/lib/python3.8/site-packages/airflow/example_dags/example_kubernetes_executor.py took 0.154 seconds
[2026-02-02T14:29:31.393+0000] {processor.py:161} INFO - Started process (PID=1069) to work on /home/airflow/.local/lib/python3.8/site-packages/airflow/example_dags/example_kubernetes_executor.py
[2026-02-02T14:29:31.396+0000] {processor.py:830} INFO - Processing file /home/airflow/.local/lib/python3.8/site-packages/airflow/example_dags/example_kubernetes_executor.py for tasks to queue
[2026-02-02T14:29:31.397+0000] {logging_mixin.py:188} INFO - [2026-02-02T14:29:31.397+0000] {dagbag.py:538} INFO - Filling up the DagBag from /home/airflow/.local/lib/python3.8/site-packages/airflow/example_dags/example_kubernetes_executor.py
[2026-02-02T14:29:31.416+0000] {processor.py:840} INFO - DAG(s) 'example_kubernetes_executor' retrieved from /home/airflow/.local/lib/python3.8/site-packages/airflow/example_dags/example_kubernetes_executor.py
[2026-02-02T14:29:31.474+0000] {logging_mixin.py:188} INFO - [2026-02-02T14:29:31.474+0000] {dag.py:3036} INFO - Sync 1 DAGs
[2026-02-02T14:29:31.490+0000] {logging_mixin.py:188} INFO - [2026-02-02T14:29:31.490+0000] {dag.py:3823} INFO - Setting next_dagrun for example_kubernetes_executor to None, run_after=None
[2026-02-02T14:29:31.508+0000] {processor.py:183} INFO - Processing /home/airflow/.local/lib/python3.8/site-packages/airflow/example_dags/example_kubernetes_executor.py took 0.118 seconds
[2026-02-02T14:30:02.039+0000] {processor.py:161} INFO - Started process (PID=1124) to work on /home/airflow/.local/lib/python3.8/site-packages/airflow/example_dags/example_kubernetes_executor.py
[2026-02-02T14:30:02.041+0000] {processor.py:830} INFO - Processing file /home/airflow/.local/lib/python3.8/site-packages/airflow/example_dags/example_kubernetes_executor.py for tasks to queue
[2026-02-02T14:30:02.048+0000] {logging_mixin.py:188} INFO - [2026-02-02T14:30:02.047+0000] {dagbag.py:538} INFO - Filling up the DagBag from /home/airflow/.local/lib/python3.8/site-packages/airflow/example_dags/example_kubernetes_executor.py
[2026-02-02T14:30:02.080+0000] {processor.py:840} INFO - DAG(s) 'example_kubernetes_executor' retrieved from /home/airflow/.local/lib/python3.8/site-packages/airflow/example_dags/example_kubernetes_executor.py
[2026-02-02T14:30:02.130+0000] {logging_mixin.py:188} INFO - [2026-02-02T14:30:02.129+0000] {dag.py:3036} INFO - Sync 1 DAGs
[2026-02-02T14:30:02.147+0000] {logging_mixin.py:188} INFO - [2026-02-02T14:30:02.146+0000] {dag.py:3823} INFO - Setting next_dagrun for example_kubernetes_executor to None, run_after=None
[2026-02-02T14:30:02.167+0000] {processor.py:183} INFO - Processing /home/airflow/.local/lib/python3.8/site-packages/airflow/example_dags/example_kubernetes_executor.py took 0.137 seconds
[2026-02-02T14:30:32.779+0000] {processor.py:161} INFO - Started process (PID=1179) to work on /home/airflow/.local/lib/python3.8/site-packages/airflow/example_dags/example_kubernetes_executor.py
[2026-02-02T14:30:32.782+0000] {processor.py:830} INFO - Processing file /home/airflow/.local/lib/python3.8/site-packages/airflow/example_dags/example_kubernetes_executor.py for tasks to queue
[2026-02-02T14:30:32.785+0000] {logging_mixin.py:188} INFO - [2026-02-02T14:30:32.785+0000] {dagbag.py:538} INFO - Filling up the DagBag from /home/airflow/.local/lib/python3.8/site-packages/airflow/example_dags/example_kubernetes_executor.py
[2026-02-02T14:30:32.816+0000] {processor.py:840} INFO - DAG(s) 'example_kubernetes_executor' retrieved from /home/airflow/.local/lib/python3.8/site-packages/airflow/example_dags/example_kubernetes_executor.py
[2026-02-02T14:30:32.916+0000] {logging_mixin.py:188} INFO - [2026-02-02T14:30:32.916+0000] {dag.py:3036} INFO - Sync 1 DAGs
[2026-02-02T14:30:32.951+0000] {logging_mixin.py:188} INFO - [2026-02-02T14:30:32.951+0000] {dag.py:3823} INFO - Setting next_dagrun for example_kubernetes_executor to None, run_after=None
[2026-02-02T14:30:33.014+0000] {processor.py:183} INFO - Processing /home/airflow/.local/lib/python3.8/site-packages/airflow/example_dags/example_kubernetes_executor.py took 0.240 seconds
[2026-02-02T14:31:03.129+0000] {processor.py:161} INFO - Started process (PID=1234) to work on /home/airflow/.local/lib/python3.8/site-packages/airflow/example_dags/example_kubernetes_executor.py
[2026-02-02T14:31:03.130+0000] {processor.py:830} INFO - Processing file /home/airflow/.local/lib/python3.8/site-packages/airflow/example_dags/example_kubernetes_executor.py for tasks to queue
[2026-02-02T14:31:03.132+0000] {logging_mixin.py:188} INFO - [2026-02-02T14:31:03.131+0000] {dagbag.py:538} INFO - Filling up the DagBag from /home/airflow/.local/lib/python3.8/site-packages/airflow/example_dags/example_kubernetes_executor.py
[2026-02-02T14:31:03.155+0000] {processor.py:840} INFO - DAG(s) 'example_kubernetes_executor' retrieved from /home/airflow/.local/lib/python3.8/site-packages/airflow/example_dags/example_kubernetes_executor.py
[2026-02-02T14:31:03.198+0000] {logging_mixin.py:188} INFO - [2026-02-02T14:31:03.197+0000] {dag.py:3036} INFO - Sync 1 DAGs
[2026-02-02T14:31:03.212+0000] {logging_mixin.py:188} INFO - [2026-02-02T14:31:03.211+0000] {dag.py:3823} INFO - Setting next_dagrun for example_kubernetes_executor to None, run_after=None
[2026-02-02T14:31:03.231+0000] {processor.py:183} INFO - Processing /home/airflow/.local/lib/python3.8/site-packages/airflow/example_dags/example_kubernetes_executor.py took 0.105 seconds
[2026-02-02T14:31:34.458+0000] {processor.py:161} INFO - Started process (PID=1287) to work on /home/airflow/.local/lib/python3.8/site-packages/airflow/example_dags/example_kubernetes_executor.py
[2026-02-02T14:31:34.459+0000] {processor.py:830} INFO - Processing file /home/airflow/.local/lib/python3.8/site-packages/airflow/example_dags/example_kubernetes_executor.py for tasks to queue
[2026-02-02T14:31:34.461+0000] {logging_mixin.py:188} INFO - [2026-02-02T14:31:34.461+0000] {dagbag.py:538} INFO - Filling up the DagBag from /home/airflow/.local/lib/python3.8/site-packages/airflow/example_dags/example_kubernetes_executor.py
[2026-02-02T14:31:34.478+0000] {processor.py:840} INFO - DAG(s) 'example_kubernetes_executor' retrieved from /home/airflow/.local/lib/python3.8/site-packages/airflow/example_dags/example_kubernetes_executor.py
[2026-02-02T14:31:34.523+0000] {logging_mixin.py:188} INFO - [2026-02-02T14:31:34.522+0000] {dag.py:3036} INFO - Sync 1 DAGs
[2026-02-02T14:31:34.536+0000] {logging_mixin.py:188} INFO - [2026-02-02T14:31:34.536+0000] {dag.py:3823} INFO - Setting next_dagrun for example_kubernetes_executor to None, run_after=None
[2026-02-02T14:31:34.555+0000] {processor.py:183} INFO - Processing /home/airflow/.local/lib/python3.8/site-packages/airflow/example_dags/example_kubernetes_executor.py took 0.100 seconds
[2026-02-02T14:32:05.281+0000] {processor.py:161} INFO - Started process (PID=1342) to work on /home/airflow/.local/lib/python3.8/site-packages/airflow/example_dags/example_kubernetes_executor.py
[2026-02-02T14:32:05.284+0000] {processor.py:830} INFO - Processing file /home/airflow/.local/lib/python3.8/site-packages/airflow/example_dags/example_kubernetes_executor.py for tasks to queue
[2026-02-02T14:32:05.290+0000] {logging_mixin.py:188} INFO - [2026-02-02T14:32:05.290+0000] {dagbag.py:538} INFO - Filling up the DagBag from /home/airflow/.local/lib/python3.8/site-packages/airflow/example_dags/example_kubernetes_executor.py
[2026-02-02T14:32:05.330+0000] {processor.py:840} INFO - DAG(s) 'example_kubernetes_executor' retrieved from /home/airflow/.local/lib/python3.8/site-packages/airflow/example_dags/example_kubernetes_executor.py
[2026-02-02T14:32:05.431+0000] {logging_mixin.py:188} INFO - [2026-02-02T14:32:05.431+0000] {dag.py:3036} INFO - Sync 1 DAGs
[2026-02-02T14:32:05.523+0000] {logging_mixin.py:188} INFO - [2026-02-02T14:32:05.522+0000] {dag.py:3823} INFO - Setting next_dagrun for example_kubernetes_executor to None, run_after=None
[2026-02-02T14:32:05.653+0000] {processor.py:183} INFO - Processing /home/airflow/.local/lib/python3.8/site-packages/airflow/example_dags/example_kubernetes_executor.py took 0.385 seconds
[2026-02-02T14:32:36.317+0000] {processor.py:161} INFO - Started process (PID=1397) to work on /home/airflow/.local/lib/python3.8/site-packages/airflow/example_dags/example_kubernetes_executor.py
[2026-02-02T14:32:36.318+0000] {processor.py:830} INFO - Processing file /home/airflow/.local/lib/python3.8/site-packages/airflow/example_dags/example_kubernetes_executor.py for tasks to queue
[2026-02-02T14:32:36.320+0000] {logging_mixin.py:188} INFO - [2026-02-02T14:32:36.319+0000] {dagbag.py:538} INFO - Filling up the DagBag from /home/airflow/.local/lib/python3.8/site-packages/airflow/example_dags/example_kubernetes_executor.py
[2026-02-02T14:32:36.337+0000] {processor.py:840} INFO - DAG(s) 'example_kubernetes_executor' retrieved from /home/airflow/.local/lib/python3.8/site-packages/airflow/example_dags/example_kubernetes_executor.py
[2026-02-02T14:32:36.381+0000] {logging_mixin.py:188} INFO - [2026-02-02T14:32:36.380+0000] {dag.py:3036} INFO - Sync 1 DAGs
[2026-02-02T14:32:36.396+0000] {logging_mixin.py:188} INFO - [2026-02-02T14:32:36.395+0000] {dag.py:3823} INFO - Setting next_dagrun for example_kubernetes_executor to None, run_after=None
[2026-02-02T14:32:36.415+0000] {processor.py:183} INFO - Processing /home/airflow/.local/lib/python3.8/site-packages/airflow/example_dags/example_kubernetes_executor.py took 0.102 seconds
[2026-02-02T14:33:06.836+0000] {processor.py:161} INFO - Started process (PID=1452) to work on /home/airflow/.local/lib/python3.8/site-packages/airflow/example_dags/example_kubernetes_executor.py
[2026-02-02T14:33:06.837+0000] {processor.py:830} INFO - Processing file /home/airflow/.local/lib/python3.8/site-packages/airflow/example_dags/example_kubernetes_executor.py for tasks to queue
[2026-02-02T14:33:06.839+0000] {logging_mixin.py:188} INFO - [2026-02-02T14:33:06.839+0000] {dagbag.py:538} INFO - Filling up the DagBag from /home/airflow/.local/lib/python3.8/site-packages/airflow/example_dags/example_kubernetes_executor.py
[2026-02-02T14:33:06.856+0000] {processor.py:840} INFO - DAG(s) 'example_kubernetes_executor' retrieved from /home/airflow/.local/lib/python3.8/site-packages/airflow/example_dags/example_kubernetes_executor.py
[2026-02-02T14:33:06.902+0000] {logging_mixin.py:188} INFO - [2026-02-02T14:33:06.902+0000] {dag.py:3036} INFO - Sync 1 DAGs
[2026-02-02T14:33:06.916+0000] {logging_mixin.py:188} INFO - [2026-02-02T14:33:06.916+0000] {dag.py:3823} INFO - Setting next_dagrun for example_kubernetes_executor to None, run_after=None
[2026-02-02T14:33:06.934+0000] {processor.py:183} INFO - Processing /home/airflow/.local/lib/python3.8/site-packages/airflow/example_dags/example_kubernetes_executor.py took 0.102 seconds
[2026-02-02T14:33:37.323+0000] {processor.py:161} INFO - Started process (PID=1507) to work on /home/airflow/.local/lib/python3.8/site-packages/airflow/example_dags/example_kubernetes_executor.py
[2026-02-02T14:33:37.323+0000] {processor.py:830} INFO - Processing file /home/airflow/.local/lib/python3.8/site-packages/airflow/example_dags/example_kubernetes_executor.py for tasks to queue
[2026-02-02T14:33:37.325+0000] {logging_mixin.py:188} INFO - [2026-02-02T14:33:37.325+0000] {dagbag.py:538} INFO - Filling up the DagBag from /home/airflow/.local/lib/python3.8/site-packages/airflow/example_dags/example_kubernetes_executor.py
[2026-02-02T14:33:37.348+0000] {processor.py:840} INFO - DAG(s) 'example_kubernetes_executor' retrieved from /home/airflow/.local/lib/python3.8/site-packages/airflow/example_dags/example_kubernetes_executor.py
[2026-02-02T14:33:37.391+0000] {logging_mixin.py:188} INFO - [2026-02-02T14:33:37.391+0000] {dag.py:3036} INFO - Sync 1 DAGs
[2026-02-02T14:33:37.405+0000] {logging_mixin.py:188} INFO - [2026-02-02T14:33:37.405+0000] {dag.py:3823} INFO - Setting next_dagrun for example_kubernetes_executor to None, run_after=None
[2026-02-02T14:33:37.423+0000] {processor.py:183} INFO - Processing /home/airflow/.local/lib/python3.8/site-packages/airflow/example_dags/example_kubernetes_executor.py took 0.104 seconds
[2026-02-02T14:34:08.054+0000] {processor.py:161} INFO - Started process (PID=1562) to work on /home/airflow/.local/lib/python3.8/site-packages/airflow/example_dags/example_kubernetes_executor.py
[2026-02-02T14:34:08.055+0000] {processor.py:830} INFO - Processing file /home/airflow/.local/lib/python3.8/site-packages/airflow/example_dags/example_kubernetes_executor.py for tasks to queue
[2026-02-02T14:34:08.057+0000] {logging_mixin.py:188} INFO - [2026-02-02T14:34:08.056+0000] {dagbag.py:538} INFO - Filling up the DagBag from /home/airflow/.local/lib/python3.8/site-packages/airflow/example_dags/example_kubernetes_executor.py
[2026-02-02T14:34:08.074+0000] {processor.py:840} INFO - DAG(s) 'example_kubernetes_executor' retrieved from /home/airflow/.local/lib/python3.8/site-packages/airflow/example_dags/example_kubernetes_executor.py
[2026-02-02T14:34:08.117+0000] {logging_mixin.py:188} INFO - [2026-02-02T14:34:08.117+0000] {dag.py:3036} INFO - Sync 1 DAGs
[2026-02-02T14:34:08.134+0000] {logging_mixin.py:188} INFO - [2026-02-02T14:34:08.134+0000] {dag.py:3823} INFO - Setting next_dagrun for example_kubernetes_executor to None, run_after=None
[2026-02-02T14:34:08.152+0000] {processor.py:183} INFO - Processing /home/airflow/.local/lib/python3.8/site-packages/airflow/example_dags/example_kubernetes_executor.py took 0.102 seconds
[2026-02-02T14:34:38.841+0000] {processor.py:161} INFO - Started process (PID=1617) to work on /home/airflow/.local/lib/python3.8/site-packages/airflow/example_dags/example_kubernetes_executor.py
[2026-02-02T14:34:38.842+0000] {processor.py:830} INFO - Processing file /home/airflow/.local/lib/python3.8/site-packages/airflow/example_dags/example_kubernetes_executor.py for tasks to queue
[2026-02-02T14:34:38.843+0000] {logging_mixin.py:188} INFO - [2026-02-02T14:34:38.843+0000] {dagbag.py:538} INFO - Filling up the DagBag from /home/airflow/.local/lib/python3.8/site-packages/airflow/example_dags/example_kubernetes_executor.py
[2026-02-02T14:34:38.861+0000] {processor.py:840} INFO - DAG(s) 'example_kubernetes_executor' retrieved from /home/airflow/.local/lib/python3.8/site-packages/airflow/example_dags/example_kubernetes_executor.py
[2026-02-02T14:34:38.909+0000] {logging_mixin.py:188} INFO - [2026-02-02T14:34:38.909+0000] {dag.py:3036} INFO - Sync 1 DAGs
[2026-02-02T14:34:38.925+0000] {logging_mixin.py:188} INFO - [2026-02-02T14:34:38.925+0000] {dag.py:3823} INFO - Setting next_dagrun for example_kubernetes_executor to None, run_after=None
[2026-02-02T14:34:38.955+0000] {processor.py:183} INFO - Processing /home/airflow/.local/lib/python3.8/site-packages/airflow/example_dags/example_kubernetes_executor.py took 0.118 seconds
[2026-02-02T14:35:08.990+0000] {processor.py:161} INFO - Started process (PID=1671) to work on /home/airflow/.local/lib/python3.8/site-packages/airflow/example_dags/example_kubernetes_executor.py
[2026-02-02T14:35:08.991+0000] {processor.py:830} INFO - Processing file /home/airflow/.local/lib/python3.8/site-packages/airflow/example_dags/example_kubernetes_executor.py for tasks to queue
[2026-02-02T14:35:08.992+0000] {logging_mixin.py:188} INFO - [2026-02-02T14:35:08.992+0000] {dagbag.py:538} INFO - Filling up the DagBag from /home/airflow/.local/lib/python3.8/site-packages/airflow/example_dags/example_kubernetes_executor.py
[2026-02-02T14:35:09.003+0000] {processor.py:840} INFO - DAG(s) 'example_kubernetes_executor' retrieved from /home/airflow/.local/lib/python3.8/site-packages/airflow/example_dags/example_kubernetes_executor.py
[2026-02-02T14:35:09.033+0000] {logging_mixin.py:188} INFO - [2026-02-02T14:35:09.033+0000] {dag.py:3036} INFO - Sync 1 DAGs
[2026-02-02T14:35:09.045+0000] {logging_mixin.py:188} INFO - [2026-02-02T14:35:09.044+0000] {dag.py:3823} INFO - Setting next_dagrun for example_kubernetes_executor to None, run_after=None
[2026-02-02T14:35:09.059+0000] {processor.py:183} INFO - Processing /home/airflow/.local/lib/python3.8/site-packages/airflow/example_dags/example_kubernetes_executor.py took 0.071 seconds
[2026-02-02T14:35:39.485+0000] {processor.py:161} INFO - Started process (PID=1726) to work on /home/airflow/.local/lib/python3.8/site-packages/airflow/example_dags/example_kubernetes_executor.py
[2026-02-02T14:35:39.485+0000] {processor.py:830} INFO - Processing file /home/airflow/.local/lib/python3.8/site-packages/airflow/example_dags/example_kubernetes_executor.py for tasks to queue
[2026-02-02T14:35:39.487+0000] {logging_mixin.py:188} INFO - [2026-02-02T14:35:39.487+0000] {dagbag.py:538} INFO - Filling up the DagBag from /home/airflow/.local/lib/python3.8/site-packages/airflow/example_dags/example_kubernetes_executor.py
[2026-02-02T14:35:39.497+0000] {processor.py:840} INFO - DAG(s) 'example_kubernetes_executor' retrieved from /home/airflow/.local/lib/python3.8/site-packages/airflow/example_dags/example_kubernetes_executor.py
[2026-02-02T14:35:39.526+0000] {logging_mixin.py:188} INFO - [2026-02-02T14:35:39.526+0000] {dag.py:3036} INFO - Sync 1 DAGs
[2026-02-02T14:35:39.537+0000] {logging_mixin.py:188} INFO - [2026-02-02T14:35:39.537+0000] {dag.py:3823} INFO - Setting next_dagrun for example_kubernetes_executor to None, run_after=None
[2026-02-02T14:35:39.551+0000] {processor.py:183} INFO - Processing /home/airflow/.local/lib/python3.8/site-packages/airflow/example_dags/example_kubernetes_executor.py took 0.069 seconds
[2026-02-02T14:36:10.413+0000] {processor.py:161} INFO - Started process (PID=1781) to work on /home/airflow/.local/lib/python3.8/site-packages/airflow/example_dags/example_kubernetes_executor.py
[2026-02-02T14:36:10.414+0000] {processor.py:830} INFO - Processing file /home/airflow/.local/lib/python3.8/site-packages/airflow/example_dags/example_kubernetes_executor.py for tasks to queue
[2026-02-02T14:36:10.416+0000] {logging_mixin.py:188} INFO - [2026-02-02T14:36:10.416+0000] {dagbag.py:538} INFO - Filling up the DagBag from /home/airflow/.local/lib/python3.8/site-packages/airflow/example_dags/example_kubernetes_executor.py
[2026-02-02T14:36:10.433+0000] {processor.py:840} INFO - DAG(s) 'example_kubernetes_executor' retrieved from /home/airflow/.local/lib/python3.8/site-packages/airflow/example_dags/example_kubernetes_executor.py
[2026-02-02T14:36:10.463+0000] {logging_mixin.py:188} INFO - [2026-02-02T14:36:10.462+0000] {dag.py:3036} INFO - Sync 1 DAGs
[2026-02-02T14:36:10.474+0000] {logging_mixin.py:188} INFO - [2026-02-02T14:36:10.473+0000] {dag.py:3823} INFO - Setting next_dagrun for example_kubernetes_executor to None, run_after=None
[2026-02-02T14:36:10.487+0000] {processor.py:183} INFO - Processing /home/airflow/.local/lib/python3.8/site-packages/airflow/example_dags/example_kubernetes_executor.py took 0.077 seconds
[2026-02-02T14:36:40.910+0000] {processor.py:161} INFO - Started process (PID=1836) to work on /home/airflow/.local/lib/python3.8/site-packages/airflow/example_dags/example_kubernetes_executor.py
[2026-02-02T14:36:40.910+0000] {processor.py:830} INFO - Processing file /home/airflow/.local/lib/python3.8/site-packages/airflow/example_dags/example_kubernetes_executor.py for tasks to queue
[2026-02-02T14:36:40.912+0000] {logging_mixin.py:188} INFO - [2026-02-02T14:36:40.912+0000] {dagbag.py:538} INFO - Filling up the DagBag from /home/airflow/.local/lib/python3.8/site-packages/airflow/example_dags/example_kubernetes_executor.py
[2026-02-02T14:36:40.922+0000] {processor.py:840} INFO - DAG(s) 'example_kubernetes_executor' retrieved from /home/airflow/.local/lib/python3.8/site-packages/airflow/example_dags/example_kubernetes_executor.py
[2026-02-02T14:36:40.952+0000] {logging_mixin.py:188} INFO - [2026-02-02T14:36:40.952+0000] {dag.py:3036} INFO - Sync 1 DAGs
[2026-02-02T14:36:40.963+0000] {logging_mixin.py:188} INFO - [2026-02-02T14:36:40.963+0000] {dag.py:3823} INFO - Setting next_dagrun for example_kubernetes_executor to None, run_after=None
[2026-02-02T14:36:40.977+0000] {processor.py:183} INFO - Processing /home/airflow/.local/lib/python3.8/site-packages/airflow/example_dags/example_kubernetes_executor.py took 0.070 seconds
[2026-02-02T14:37:11.036+0000] {processor.py:161} INFO - Started process (PID=1891) to work on /home/airflow/.local/lib/python3.8/site-packages/airflow/example_dags/example_kubernetes_executor.py
[2026-02-02T14:37:11.037+0000] {processor.py:830} INFO - Processing file /home/airflow/.local/lib/python3.8/site-packages/airflow/example_dags/example_kubernetes_executor.py for tasks to queue
[2026-02-02T14:37:11.039+0000] {logging_mixin.py:188} INFO - [2026-02-02T14:37:11.039+0000] {dagbag.py:538} INFO - Filling up the DagBag from /home/airflow/.local/lib/python3.8/site-packages/airflow/example_dags/example_kubernetes_executor.py
[2026-02-02T14:37:11.058+0000] {processor.py:840} INFO - DAG(s) 'example_kubernetes_executor' retrieved from /home/airflow/.local/lib/python3.8/site-packages/airflow/example_dags/example_kubernetes_executor.py
[2026-02-02T14:37:11.113+0000] {logging_mixin.py:188} INFO - [2026-02-02T14:37:11.113+0000] {dag.py:3036} INFO - Sync 1 DAGs
[2026-02-02T14:37:11.128+0000] {logging_mixin.py:188} INFO - [2026-02-02T14:37:11.128+0000] {dag.py:3823} INFO - Setting next_dagrun for example_kubernetes_executor to None, run_after=None
[2026-02-02T14:37:11.142+0000] {processor.py:183} INFO - Processing /home/airflow/.local/lib/python3.8/site-packages/airflow/example_dags/example_kubernetes_executor.py took 0.109 seconds
[2026-02-02T14:37:41.365+0000] {processor.py:161} INFO - Started process (PID=1946) to work on /home/airflow/.local/lib/python3.8/site-packages/airflow/example_dags/example_kubernetes_executor.py
[2026-02-02T14:37:41.366+0000] {processor.py:830} INFO - Processing file /home/airflow/.local/lib/python3.8/site-packages/airflow/example_dags/example_kubernetes_executor.py for tasks to queue
[2026-02-02T14:37:41.367+0000] {logging_mixin.py:188} INFO - [2026-02-02T14:37:41.367+0000] {dagbag.py:538} INFO - Filling up the DagBag from /home/airflow/.local/lib/python3.8/site-packages/airflow/example_dags/example_kubernetes_executor.py
[2026-02-02T14:37:41.378+0000] {processor.py:840} INFO - DAG(s) 'example_kubernetes_executor' retrieved from /home/airflow/.local/lib/python3.8/site-packages/airflow/example_dags/example_kubernetes_executor.py
[2026-02-02T14:37:41.416+0000] {logging_mixin.py:188} INFO - [2026-02-02T14:37:41.416+0000] {dag.py:3036} INFO - Sync 1 DAGs
[2026-02-02T14:37:41.430+0000] {logging_mixin.py:188} INFO - [2026-02-02T14:37:41.430+0000] {dag.py:3823} INFO - Setting next_dagrun for example_kubernetes_executor to None, run_after=None
[2026-02-02T14:37:41.450+0000] {processor.py:183} INFO - Processing /home/airflow/.local/lib/python3.8/site-packages/airflow/example_dags/example_kubernetes_executor.py took 0.087 seconds
[2026-02-02T14:38:11.659+0000] {processor.py:161} INFO - Started process (PID=2000) to work on /home/airflow/.local/lib/python3.8/site-packages/airflow/example_dags/example_kubernetes_executor.py
[2026-02-02T14:38:11.660+0000] {processor.py:830} INFO - Processing file /home/airflow/.local/lib/python3.8/site-packages/airflow/example_dags/example_kubernetes_executor.py for tasks to queue
[2026-02-02T14:38:11.662+0000] {logging_mixin.py:188} INFO - [2026-02-02T14:38:11.661+0000] {dagbag.py:538} INFO - Filling up the DagBag from /home/airflow/.local/lib/python3.8/site-packages/airflow/example_dags/example_kubernetes_executor.py
[2026-02-02T14:38:11.673+0000] {processor.py:840} INFO - DAG(s) 'example_kubernetes_executor' retrieved from /home/airflow/.local/lib/python3.8/site-packages/airflow/example_dags/example_kubernetes_executor.py
[2026-02-02T14:38:11.703+0000] {logging_mixin.py:188} INFO - [2026-02-02T14:38:11.703+0000] {dag.py:3036} INFO - Sync 1 DAGs
[2026-02-02T14:38:11.715+0000] {logging_mixin.py:188} INFO - [2026-02-02T14:38:11.715+0000] {dag.py:3823} INFO - Setting next_dagrun for example_kubernetes_executor to None, run_after=None
[2026-02-02T14:38:11.731+0000] {processor.py:183} INFO - Processing /home/airflow/.local/lib/python3.8/site-packages/airflow/example_dags/example_kubernetes_executor.py took 0.074 seconds
[2026-02-02T14:38:41.936+0000] {processor.py:161} INFO - Started process (PID=2055) to work on /home/airflow/.local/lib/python3.8/site-packages/airflow/example_dags/example_kubernetes_executor.py
[2026-02-02T14:38:41.936+0000] {processor.py:830} INFO - Processing file /home/airflow/.local/lib/python3.8/site-packages/airflow/example_dags/example_kubernetes_executor.py for tasks to queue
[2026-02-02T14:38:41.938+0000] {logging_mixin.py:188} INFO - [2026-02-02T14:38:41.938+0000] {dagbag.py:538} INFO - Filling up the DagBag from /home/airflow/.local/lib/python3.8/site-packages/airflow/example_dags/example_kubernetes_executor.py
[2026-02-02T14:38:41.949+0000] {processor.py:840} INFO - DAG(s) 'example_kubernetes_executor' retrieved from /home/airflow/.local/lib/python3.8/site-packages/airflow/example_dags/example_kubernetes_executor.py
[2026-02-02T14:38:41.979+0000] {logging_mixin.py:188} INFO - [2026-02-02T14:38:41.978+0000] {dag.py:3036} INFO - Sync 1 DAGs
[2026-02-02T14:38:41.988+0000] {logging_mixin.py:188} INFO - [2026-02-02T14:38:41.988+0000] {dag.py:3823} INFO - Setting next_dagrun for example_kubernetes_executor to None, run_after=None
[2026-02-02T14:38:42.002+0000] {processor.py:183} INFO - Processing /home/airflow/.local/lib/python3.8/site-packages/airflow/example_dags/example_kubernetes_executor.py took 0.070 seconds
[2026-02-02T14:39:12.530+0000] {processor.py:161} INFO - Started process (PID=2110) to work on /home/airflow/.local/lib/python3.8/site-packages/airflow/example_dags/example_kubernetes_executor.py
[2026-02-02T14:39:12.534+0000] {processor.py:830} INFO - Processing file /home/airflow/.local/lib/python3.8/site-packages/airflow/example_dags/example_kubernetes_executor.py for tasks to queue
[2026-02-02T14:39:12.537+0000] {logging_mixin.py:188} INFO - [2026-02-02T14:39:12.537+0000] {dagbag.py:538} INFO - Filling up the DagBag from /home/airflow/.local/lib/python3.8/site-packages/airflow/example_dags/example_kubernetes_executor.py
[2026-02-02T14:39:12.555+0000] {processor.py:840} INFO - DAG(s) 'example_kubernetes_executor' retrieved from /home/airflow/.local/lib/python3.8/site-packages/airflow/example_dags/example_kubernetes_executor.py
[2026-02-02T14:39:12.613+0000] {logging_mixin.py:188} INFO - [2026-02-02T14:39:12.613+0000] {dag.py:3036} INFO - Sync 1 DAGs
[2026-02-02T14:39:12.634+0000] {logging_mixin.py:188} INFO - [2026-02-02T14:39:12.634+0000] {dag.py:3823} INFO - Setting next_dagrun for example_kubernetes_executor to None, run_after=None
[2026-02-02T14:39:12.667+0000] {processor.py:183} INFO - Processing /home/airflow/.local/lib/python3.8/site-packages/airflow/example_dags/example_kubernetes_executor.py took 0.144 seconds
[2026-02-02T14:39:42.760+0000] {processor.py:161} INFO - Started process (PID=2165) to work on /home/airflow/.local/lib/python3.8/site-packages/airflow/example_dags/example_kubernetes_executor.py
[2026-02-02T14:39:42.761+0000] {processor.py:830} INFO - Processing file /home/airflow/.local/lib/python3.8/site-packages/airflow/example_dags/example_kubernetes_executor.py for tasks to queue
[2026-02-02T14:39:42.763+0000] {logging_mixin.py:188} INFO - [2026-02-02T14:39:42.763+0000] {dagbag.py:538} INFO - Filling up the DagBag from /home/airflow/.local/lib/python3.8/site-packages/airflow/example_dags/example_kubernetes_executor.py
[2026-02-02T14:39:42.781+0000] {processor.py:840} INFO - DAG(s) 'example_kubernetes_executor' retrieved from /home/airflow/.local/lib/python3.8/site-packages/airflow/example_dags/example_kubernetes_executor.py
[2026-02-02T14:39:42.819+0000] {logging_mixin.py:188} INFO - [2026-02-02T14:39:42.819+0000] {dag.py:3036} INFO - Sync 1 DAGs
[2026-02-02T14:39:42.829+0000] {logging_mixin.py:188} INFO - [2026-02-02T14:39:42.829+0000] {dag.py:3823} INFO - Setting next_dagrun for example_kubernetes_executor to None, run_after=None
[2026-02-02T14:39:42.845+0000] {processor.py:183} INFO - Processing /home/airflow/.local/lib/python3.8/site-packages/airflow/example_dags/example_kubernetes_executor.py took 0.089 seconds
[2026-02-02T14:40:13.040+0000] {processor.py:161} INFO - Started process (PID=2219) to work on /home/airflow/.local/lib/python3.8/site-packages/airflow/example_dags/example_kubernetes_executor.py
[2026-02-02T14:40:13.041+0000] {processor.py:830} INFO - Processing file /home/airflow/.local/lib/python3.8/site-packages/airflow/example_dags/example_kubernetes_executor.py for tasks to queue
[2026-02-02T14:40:13.043+0000] {logging_mixin.py:188} INFO - [2026-02-02T14:40:13.043+0000] {dagbag.py:538} INFO - Filling up the DagBag from /home/airflow/.local/lib/python3.8/site-packages/airflow/example_dags/example_kubernetes_executor.py
[2026-02-02T14:40:13.059+0000] {processor.py:840} INFO - DAG(s) 'example_kubernetes_executor' retrieved from /home/airflow/.local/lib/python3.8/site-packages/airflow/example_dags/example_kubernetes_executor.py
[2026-02-02T14:40:13.126+0000] {logging_mixin.py:188} INFO - [2026-02-02T14:40:13.125+0000] {dag.py:3036} INFO - Sync 1 DAGs
[2026-02-02T14:40:13.154+0000] {logging_mixin.py:188} INFO - [2026-02-02T14:40:13.154+0000] {dag.py:3823} INFO - Setting next_dagrun for example_kubernetes_executor to None, run_after=None
[2026-02-02T14:40:13.227+0000] {processor.py:183} INFO - Processing /home/airflow/.local/lib/python3.8/site-packages/airflow/example_dags/example_kubernetes_executor.py took 0.190 seconds
[2026-02-02T14:40:43.305+0000] {processor.py:161} INFO - Started process (PID=2274) to work on /home/airflow/.local/lib/python3.8/site-packages/airflow/example_dags/example_kubernetes_executor.py
[2026-02-02T14:40:43.306+0000] {processor.py:830} INFO - Processing file /home/airflow/.local/lib/python3.8/site-packages/airflow/example_dags/example_kubernetes_executor.py for tasks to queue
[2026-02-02T14:40:43.310+0000] {logging_mixin.py:188} INFO - [2026-02-02T14:40:43.309+0000] {dagbag.py:538} INFO - Filling up the DagBag from /home/airflow/.local/lib/python3.8/site-packages/airflow/example_dags/example_kubernetes_executor.py
[2026-02-02T14:40:43.352+0000] {processor.py:840} INFO - DAG(s) 'example_kubernetes_executor' retrieved from /home/airflow/.local/lib/python3.8/site-packages/airflow/example_dags/example_kubernetes_executor.py
[2026-02-02T14:40:43.421+0000] {logging_mixin.py:188} INFO - [2026-02-02T14:40:43.418+0000] {dag.py:3036} INFO - Sync 1 DAGs
[2026-02-02T14:40:43.448+0000] {logging_mixin.py:188} INFO - [2026-02-02T14:40:43.447+0000] {dag.py:3823} INFO - Setting next_dagrun for example_kubernetes_executor to None, run_after=None
[2026-02-02T14:40:43.546+0000] {processor.py:183} INFO - Processing /home/airflow/.local/lib/python3.8/site-packages/airflow/example_dags/example_kubernetes_executor.py took 0.251 seconds
[2026-02-02T14:41:14.470+0000] {processor.py:161} INFO - Started process (PID=2330) to work on /home/airflow/.local/lib/python3.8/site-packages/airflow/example_dags/example_kubernetes_executor.py
[2026-02-02T14:41:14.471+0000] {processor.py:830} INFO - Processing file /home/airflow/.local/lib/python3.8/site-packages/airflow/example_dags/example_kubernetes_executor.py for tasks to queue
[2026-02-02T14:41:14.472+0000] {logging_mixin.py:188} INFO - [2026-02-02T14:41:14.472+0000] {dagbag.py:538} INFO - Filling up the DagBag from /home/airflow/.local/lib/python3.8/site-packages/airflow/example_dags/example_kubernetes_executor.py
[2026-02-02T14:41:14.490+0000] {processor.py:840} INFO - DAG(s) 'example_kubernetes_executor' retrieved from /home/airflow/.local/lib/python3.8/site-packages/airflow/example_dags/example_kubernetes_executor.py
[2026-02-02T14:41:14.534+0000] {logging_mixin.py:188} INFO - [2026-02-02T14:41:14.534+0000] {dag.py:3036} INFO - Sync 1 DAGs
[2026-02-02T14:41:14.548+0000] {logging_mixin.py:188} INFO - [2026-02-02T14:41:14.548+0000] {dag.py:3823} INFO - Setting next_dagrun for example_kubernetes_executor to None, run_after=None
[2026-02-02T14:41:14.569+0000] {processor.py:183} INFO - Processing /home/airflow/.local/lib/python3.8/site-packages/airflow/example_dags/example_kubernetes_executor.py took 0.102 seconds
[2026-02-02T14:41:44.676+0000] {processor.py:161} INFO - Started process (PID=2385) to work on /home/airflow/.local/lib/python3.8/site-packages/airflow/example_dags/example_kubernetes_executor.py
[2026-02-02T14:41:44.677+0000] {processor.py:830} INFO - Processing file /home/airflow/.local/lib/python3.8/site-packages/airflow/example_dags/example_kubernetes_executor.py for tasks to queue
[2026-02-02T14:41:44.679+0000] {logging_mixin.py:188} INFO - [2026-02-02T14:41:44.678+0000] {dagbag.py:538} INFO - Filling up the DagBag from /home/airflow/.local/lib/python3.8/site-packages/airflow/example_dags/example_kubernetes_executor.py
[2026-02-02T14:41:44.695+0000] {processor.py:840} INFO - DAG(s) 'example_kubernetes_executor' retrieved from /home/airflow/.local/lib/python3.8/site-packages/airflow/example_dags/example_kubernetes_executor.py
[2026-02-02T14:41:44.743+0000] {logging_mixin.py:188} INFO - [2026-02-02T14:41:44.742+0000] {dag.py:3036} INFO - Sync 1 DAGs
[2026-02-02T14:41:44.764+0000] {logging_mixin.py:188} INFO - [2026-02-02T14:41:44.764+0000] {dag.py:3823} INFO - Setting next_dagrun for example_kubernetes_executor to None, run_after=None
[2026-02-02T14:41:44.846+0000] {processor.py:183} INFO - Processing /home/airflow/.local/lib/python3.8/site-packages/airflow/example_dags/example_kubernetes_executor.py took 0.173 seconds
[2026-02-02T14:42:15.346+0000] {processor.py:161} INFO - Started process (PID=2440) to work on /home/airflow/.local/lib/python3.8/site-packages/airflow/example_dags/example_kubernetes_executor.py
[2026-02-02T14:42:15.347+0000] {processor.py:830} INFO - Processing file /home/airflow/.local/lib/python3.8/site-packages/airflow/example_dags/example_kubernetes_executor.py for tasks to queue
[2026-02-02T14:42:15.349+0000] {logging_mixin.py:188} INFO - [2026-02-02T14:42:15.349+0000] {dagbag.py:538} INFO - Filling up the DagBag from /home/airflow/.local/lib/python3.8/site-packages/airflow/example_dags/example_kubernetes_executor.py
[2026-02-02T14:42:15.366+0000] {processor.py:840} INFO - DAG(s) 'example_kubernetes_executor' retrieved from /home/airflow/.local/lib/python3.8/site-packages/airflow/example_dags/example_kubernetes_executor.py
[2026-02-02T14:42:15.414+0000] {logging_mixin.py:188} INFO - [2026-02-02T14:42:15.414+0000] {dag.py:3036} INFO - Sync 1 DAGs
[2026-02-02T14:42:15.431+0000] {logging_mixin.py:188} INFO - [2026-02-02T14:42:15.431+0000] {dag.py:3823} INFO - Setting next_dagrun for example_kubernetes_executor to None, run_after=None
[2026-02-02T14:42:15.452+0000] {processor.py:183} INFO - Processing /home/airflow/.local/lib/python3.8/site-packages/airflow/example_dags/example_kubernetes_executor.py took 0.109 seconds
[2026-02-02T14:42:46.016+0000] {processor.py:161} INFO - Started process (PID=2495) to work on /home/airflow/.local/lib/python3.8/site-packages/airflow/example_dags/example_kubernetes_executor.py
[2026-02-02T14:42:46.016+0000] {processor.py:830} INFO - Processing file /home/airflow/.local/lib/python3.8/site-packages/airflow/example_dags/example_kubernetes_executor.py for tasks to queue
[2026-02-02T14:42:46.018+0000] {logging_mixin.py:188} INFO - [2026-02-02T14:42:46.018+0000] {dagbag.py:538} INFO - Filling up the DagBag from /home/airflow/.local/lib/python3.8/site-packages/airflow/example_dags/example_kubernetes_executor.py
[2026-02-02T14:42:46.036+0000] {processor.py:840} INFO - DAG(s) 'example_kubernetes_executor' retrieved from /home/airflow/.local/lib/python3.8/site-packages/airflow/example_dags/example_kubernetes_executor.py
[2026-02-02T14:42:46.090+0000] {logging_mixin.py:188} INFO - [2026-02-02T14:42:46.090+0000] {dag.py:3036} INFO - Sync 1 DAGs
[2026-02-02T14:42:46.108+0000] {logging_mixin.py:188} INFO - [2026-02-02T14:42:46.108+0000] {dag.py:3823} INFO - Setting next_dagrun for example_kubernetes_executor to None, run_after=None
[2026-02-02T14:42:46.137+0000] {processor.py:183} INFO - Processing /home/airflow/.local/lib/python3.8/site-packages/airflow/example_dags/example_kubernetes_executor.py took 0.124 seconds
[2026-02-02T14:43:16.296+0000] {processor.py:161} INFO - Started process (PID=2549) to work on /home/airflow/.local/lib/python3.8/site-packages/airflow/example_dags/example_kubernetes_executor.py
[2026-02-02T14:43:16.297+0000] {processor.py:830} INFO - Processing file /home/airflow/.local/lib/python3.8/site-packages/airflow/example_dags/example_kubernetes_executor.py for tasks to queue
[2026-02-02T14:43:16.298+0000] {logging_mixin.py:188} INFO - [2026-02-02T14:43:16.298+0000] {dagbag.py:538} INFO - Filling up the DagBag from /home/airflow/.local/lib/python3.8/site-packages/airflow/example_dags/example_kubernetes_executor.py
[2026-02-02T14:43:16.315+0000] {processor.py:840} INFO - DAG(s) 'example_kubernetes_executor' retrieved from /home/airflow/.local/lib/python3.8/site-packages/airflow/example_dags/example_kubernetes_executor.py
[2026-02-02T14:43:16.517+0000] {logging_mixin.py:188} INFO - [2026-02-02T14:43:16.516+0000] {dag.py:3036} INFO - Sync 1 DAGs
[2026-02-02T14:43:16.539+0000] {logging_mixin.py:188} INFO - [2026-02-02T14:43:16.538+0000] {dag.py:3823} INFO - Setting next_dagrun for example_kubernetes_executor to None, run_after=None
[2026-02-02T14:43:16.553+0000] {processor.py:183} INFO - Processing /home/airflow/.local/lib/python3.8/site-packages/airflow/example_dags/example_kubernetes_executor.py took 0.260 seconds
[2026-02-02T14:43:46.920+0000] {processor.py:161} INFO - Started process (PID=2604) to work on /home/airflow/.local/lib/python3.8/site-packages/airflow/example_dags/example_kubernetes_executor.py
[2026-02-02T14:43:46.921+0000] {processor.py:830} INFO - Processing file /home/airflow/.local/lib/python3.8/site-packages/airflow/example_dags/example_kubernetes_executor.py for tasks to queue
[2026-02-02T14:43:46.923+0000] {logging_mixin.py:188} INFO - [2026-02-02T14:43:46.922+0000] {dagbag.py:538} INFO - Filling up the DagBag from /home/airflow/.local/lib/python3.8/site-packages/airflow/example_dags/example_kubernetes_executor.py
[2026-02-02T14:43:46.940+0000] {processor.py:840} INFO - DAG(s) 'example_kubernetes_executor' retrieved from /home/airflow/.local/lib/python3.8/site-packages/airflow/example_dags/example_kubernetes_executor.py
[2026-02-02T14:43:46.990+0000] {logging_mixin.py:188} INFO - [2026-02-02T14:43:46.990+0000] {dag.py:3036} INFO - Sync 1 DAGs
[2026-02-02T14:43:47.229+0000] {logging_mixin.py:188} INFO - [2026-02-02T14:43:47.229+0000] {dag.py:3823} INFO - Setting next_dagrun for example_kubernetes_executor to None, run_after=None
[2026-02-02T14:43:47.254+0000] {processor.py:183} INFO - Processing /home/airflow/.local/lib/python3.8/site-packages/airflow/example_dags/example_kubernetes_executor.py took 0.337 seconds
[2026-02-02T14:44:17.404+0000] {processor.py:161} INFO - Started process (PID=2659) to work on /home/airflow/.local/lib/python3.8/site-packages/airflow/example_dags/example_kubernetes_executor.py
[2026-02-02T14:44:17.405+0000] {processor.py:830} INFO - Processing file /home/airflow/.local/lib/python3.8/site-packages/airflow/example_dags/example_kubernetes_executor.py for tasks to queue
[2026-02-02T14:44:17.407+0000] {logging_mixin.py:188} INFO - [2026-02-02T14:44:17.407+0000] {dagbag.py:538} INFO - Filling up the DagBag from /home/airflow/.local/lib/python3.8/site-packages/airflow/example_dags/example_kubernetes_executor.py
[2026-02-02T14:44:17.424+0000] {processor.py:840} INFO - DAG(s) 'example_kubernetes_executor' retrieved from /home/airflow/.local/lib/python3.8/site-packages/airflow/example_dags/example_kubernetes_executor.py
[2026-02-02T14:44:17.477+0000] {logging_mixin.py:188} INFO - [2026-02-02T14:44:17.476+0000] {dag.py:3036} INFO - Sync 1 DAGs
[2026-02-02T14:44:17.492+0000] {logging_mixin.py:188} INFO - [2026-02-02T14:44:17.492+0000] {dag.py:3823} INFO - Setting next_dagrun for example_kubernetes_executor to None, run_after=None
[2026-02-02T14:44:17.676+0000] {processor.py:183} INFO - Processing /home/airflow/.local/lib/python3.8/site-packages/airflow/example_dags/example_kubernetes_executor.py took 0.274 seconds
[2026-02-02T14:44:48.073+0000] {processor.py:161} INFO - Started process (PID=2714) to work on /home/airflow/.local/lib/python3.8/site-packages/airflow/example_dags/example_kubernetes_executor.py
[2026-02-02T14:44:48.074+0000] {processor.py:830} INFO - Processing file /home/airflow/.local/lib/python3.8/site-packages/airflow/example_dags/example_kubernetes_executor.py for tasks to queue
[2026-02-02T14:44:48.076+0000] {logging_mixin.py:188} INFO - [2026-02-02T14:44:48.076+0000] {dagbag.py:538} INFO - Filling up the DagBag from /home/airflow/.local/lib/python3.8/site-packages/airflow/example_dags/example_kubernetes_executor.py
[2026-02-02T14:44:48.093+0000] {processor.py:840} INFO - DAG(s) 'example_kubernetes_executor' retrieved from /home/airflow/.local/lib/python3.8/site-packages/airflow/example_dags/example_kubernetes_executor.py
[2026-02-02T14:44:48.164+0000] {logging_mixin.py:188} INFO - [2026-02-02T14:44:48.164+0000] {dag.py:3036} INFO - Sync 1 DAGs
[2026-02-02T14:44:48.192+0000] {logging_mixin.py:188} INFO - [2026-02-02T14:44:48.191+0000] {dag.py:3823} INFO - Setting next_dagrun for example_kubernetes_executor to None, run_after=None
[2026-02-02T14:44:48.230+0000] {processor.py:183} INFO - Processing /home/airflow/.local/lib/python3.8/site-packages/airflow/example_dags/example_kubernetes_executor.py took 0.161 seconds
[2026-02-02T14:45:18.733+0000] {processor.py:161} INFO - Started process (PID=2771) to work on /home/airflow/.local/lib/python3.8/site-packages/airflow/example_dags/example_kubernetes_executor.py
[2026-02-02T14:45:18.734+0000] {processor.py:830} INFO - Processing file /home/airflow/.local/lib/python3.8/site-packages/airflow/example_dags/example_kubernetes_executor.py for tasks to queue
[2026-02-02T14:45:18.736+0000] {logging_mixin.py:188} INFO - [2026-02-02T14:45:18.736+0000] {dagbag.py:538} INFO - Filling up the DagBag from /home/airflow/.local/lib/python3.8/site-packages/airflow/example_dags/example_kubernetes_executor.py
[2026-02-02T14:45:18.754+0000] {processor.py:840} INFO - DAG(s) 'example_kubernetes_executor' retrieved from /home/airflow/.local/lib/python3.8/site-packages/airflow/example_dags/example_kubernetes_executor.py
[2026-02-02T14:45:18.835+0000] {logging_mixin.py:188} INFO - [2026-02-02T14:45:18.834+0000] {dag.py:3036} INFO - Sync 1 DAGs
[2026-02-02T14:45:18.849+0000] {logging_mixin.py:188} INFO - [2026-02-02T14:45:18.849+0000] {dag.py:3823} INFO - Setting next_dagrun for example_kubernetes_executor to None, run_after=None
[2026-02-02T14:45:18.869+0000] {processor.py:183} INFO - Processing /home/airflow/.local/lib/python3.8/site-packages/airflow/example_dags/example_kubernetes_executor.py took 0.140 seconds
[2026-02-02T14:45:49.154+0000] {processor.py:161} INFO - Started process (PID=2827) to work on /home/airflow/.local/lib/python3.8/site-packages/airflow/example_dags/example_kubernetes_executor.py
[2026-02-02T14:45:49.159+0000] {processor.py:830} INFO - Processing file /home/airflow/.local/lib/python3.8/site-packages/airflow/example_dags/example_kubernetes_executor.py for tasks to queue
[2026-02-02T14:45:49.161+0000] {logging_mixin.py:188} INFO - [2026-02-02T14:45:49.160+0000] {dagbag.py:538} INFO - Filling up the DagBag from /home/airflow/.local/lib/python3.8/site-packages/airflow/example_dags/example_kubernetes_executor.py
[2026-02-02T14:45:49.225+0000] {processor.py:840} INFO - DAG(s) 'example_kubernetes_executor' retrieved from /home/airflow/.local/lib/python3.8/site-packages/airflow/example_dags/example_kubernetes_executor.py
[2026-02-02T14:45:49.273+0000] {logging_mixin.py:188} INFO - [2026-02-02T14:45:49.273+0000] {dag.py:3036} INFO - Sync 1 DAGs
[2026-02-02T14:45:49.287+0000] {logging_mixin.py:188} INFO - [2026-02-02T14:45:49.287+0000] {dag.py:3823} INFO - Setting next_dagrun for example_kubernetes_executor to None, run_after=None
[2026-02-02T14:45:49.306+0000] {processor.py:183} INFO - Processing /home/airflow/.local/lib/python3.8/site-packages/airflow/example_dags/example_kubernetes_executor.py took 0.157 seconds
[2026-02-02T14:46:19.499+0000] {processor.py:161} INFO - Started process (PID=2882) to work on /home/airflow/.local/lib/python3.8/site-packages/airflow/example_dags/example_kubernetes_executor.py
[2026-02-02T14:46:19.500+0000] {processor.py:830} INFO - Processing file /home/airflow/.local/lib/python3.8/site-packages/airflow/example_dags/example_kubernetes_executor.py for tasks to queue
[2026-02-02T14:46:19.502+0000] {logging_mixin.py:188} INFO - [2026-02-02T14:46:19.502+0000] {dagbag.py:538} INFO - Filling up the DagBag from /home/airflow/.local/lib/python3.8/site-packages/airflow/example_dags/example_kubernetes_executor.py
[2026-02-02T14:46:19.522+0000] {processor.py:840} INFO - DAG(s) 'example_kubernetes_executor' retrieved from /home/airflow/.local/lib/python3.8/site-packages/airflow/example_dags/example_kubernetes_executor.py
[2026-02-02T14:46:19.570+0000] {logging_mixin.py:188} INFO - [2026-02-02T14:46:19.570+0000] {dag.py:3036} INFO - Sync 1 DAGs
[2026-02-02T14:46:19.585+0000] {logging_mixin.py:188} INFO - [2026-02-02T14:46:19.584+0000] {dag.py:3823} INFO - Setting next_dagrun for example_kubernetes_executor to None, run_after=None
[2026-02-02T14:46:19.602+0000] {processor.py:183} INFO - Processing /home/airflow/.local/lib/python3.8/site-packages/airflow/example_dags/example_kubernetes_executor.py took 0.107 seconds
[2026-02-02T14:46:50.321+0000] {processor.py:161} INFO - Started process (PID=2938) to work on /home/airflow/.local/lib/python3.8/site-packages/airflow/example_dags/example_kubernetes_executor.py
[2026-02-02T14:46:50.322+0000] {processor.py:830} INFO - Processing file /home/airflow/.local/lib/python3.8/site-packages/airflow/example_dags/example_kubernetes_executor.py for tasks to queue
[2026-02-02T14:46:50.324+0000] {logging_mixin.py:188} INFO - [2026-02-02T14:46:50.324+0000] {dagbag.py:538} INFO - Filling up the DagBag from /home/airflow/.local/lib/python3.8/site-packages/airflow/example_dags/example_kubernetes_executor.py
[2026-02-02T14:46:50.349+0000] {processor.py:840} INFO - DAG(s) 'example_kubernetes_executor' retrieved from /home/airflow/.local/lib/python3.8/site-packages/airflow/example_dags/example_kubernetes_executor.py
[2026-02-02T14:46:50.394+0000] {logging_mixin.py:188} INFO - [2026-02-02T14:46:50.393+0000] {dag.py:3036} INFO - Sync 1 DAGs
[2026-02-02T14:46:50.409+0000] {logging_mixin.py:188} INFO - [2026-02-02T14:46:50.409+0000] {dag.py:3823} INFO - Setting next_dagrun for example_kubernetes_executor to None, run_after=None
[2026-02-02T14:46:50.440+0000] {processor.py:183} INFO - Processing /home/airflow/.local/lib/python3.8/site-packages/airflow/example_dags/example_kubernetes_executor.py took 0.122 seconds
[2026-02-02T14:47:20.664+0000] {processor.py:161} INFO - Started process (PID=2994) to work on /home/airflow/.local/lib/python3.8/site-packages/airflow/example_dags/example_kubernetes_executor.py
[2026-02-02T14:47:20.665+0000] {processor.py:830} INFO - Processing file /home/airflow/.local/lib/python3.8/site-packages/airflow/example_dags/example_kubernetes_executor.py for tasks to queue
[2026-02-02T14:47:20.667+0000] {logging_mixin.py:188} INFO - [2026-02-02T14:47:20.667+0000] {dagbag.py:538} INFO - Filling up the DagBag from /home/airflow/.local/lib/python3.8/site-packages/airflow/example_dags/example_kubernetes_executor.py
[2026-02-02T14:47:20.685+0000] {processor.py:840} INFO - DAG(s) 'example_kubernetes_executor' retrieved from /home/airflow/.local/lib/python3.8/site-packages/airflow/example_dags/example_kubernetes_executor.py
[2026-02-02T14:47:20.731+0000] {logging_mixin.py:188} INFO - [2026-02-02T14:47:20.731+0000] {dag.py:3036} INFO - Sync 1 DAGs
[2026-02-02T14:47:20.745+0000] {logging_mixin.py:188} INFO - [2026-02-02T14:47:20.744+0000] {dag.py:3823} INFO - Setting next_dagrun for example_kubernetes_executor to None, run_after=None
[2026-02-02T14:47:20.763+0000] {processor.py:183} INFO - Processing /home/airflow/.local/lib/python3.8/site-packages/airflow/example_dags/example_kubernetes_executor.py took 0.112 seconds
[2026-02-02T14:47:51.501+0000] {processor.py:161} INFO - Started process (PID=3051) to work on /home/airflow/.local/lib/python3.8/site-packages/airflow/example_dags/example_kubernetes_executor.py
[2026-02-02T14:47:51.502+0000] {processor.py:830} INFO - Processing file /home/airflow/.local/lib/python3.8/site-packages/airflow/example_dags/example_kubernetes_executor.py for tasks to queue
[2026-02-02T14:47:51.504+0000] {logging_mixin.py:188} INFO - [2026-02-02T14:47:51.504+0000] {dagbag.py:538} INFO - Filling up the DagBag from /home/airflow/.local/lib/python3.8/site-packages/airflow/example_dags/example_kubernetes_executor.py
[2026-02-02T14:47:51.522+0000] {processor.py:840} INFO - DAG(s) 'example_kubernetes_executor' retrieved from /home/airflow/.local/lib/python3.8/site-packages/airflow/example_dags/example_kubernetes_executor.py
[2026-02-02T14:47:51.568+0000] {logging_mixin.py:188} INFO - [2026-02-02T14:47:51.568+0000] {dag.py:3036} INFO - Sync 1 DAGs
[2026-02-02T14:47:51.582+0000] {logging_mixin.py:188} INFO - [2026-02-02T14:47:51.582+0000] {dag.py:3823} INFO - Setting next_dagrun for example_kubernetes_executor to None, run_after=None
[2026-02-02T14:47:51.599+0000] {processor.py:183} INFO - Processing /home/airflow/.local/lib/python3.8/site-packages/airflow/example_dags/example_kubernetes_executor.py took 0.101 seconds
[2026-02-02T14:48:21.981+0000] {processor.py:161} INFO - Started process (PID=3107) to work on /home/airflow/.local/lib/python3.8/site-packages/airflow/example_dags/example_kubernetes_executor.py
[2026-02-02T14:48:21.981+0000] {processor.py:830} INFO - Processing file /home/airflow/.local/lib/python3.8/site-packages/airflow/example_dags/example_kubernetes_executor.py for tasks to queue
[2026-02-02T14:48:21.983+0000] {logging_mixin.py:188} INFO - [2026-02-02T14:48:21.983+0000] {dagbag.py:538} INFO - Filling up the DagBag from /home/airflow/.local/lib/python3.8/site-packages/airflow/example_dags/example_kubernetes_executor.py
[2026-02-02T14:48:22.000+0000] {processor.py:840} INFO - DAG(s) 'example_kubernetes_executor' retrieved from /home/airflow/.local/lib/python3.8/site-packages/airflow/example_dags/example_kubernetes_executor.py
[2026-02-02T14:48:22.051+0000] {logging_mixin.py:188} INFO - [2026-02-02T14:48:22.051+0000] {dag.py:3036} INFO - Sync 1 DAGs
[2026-02-02T14:48:22.064+0000] {logging_mixin.py:188} INFO - [2026-02-02T14:48:22.064+0000] {dag.py:3823} INFO - Setting next_dagrun for example_kubernetes_executor to None, run_after=None
[2026-02-02T14:48:22.082+0000] {processor.py:183} INFO - Processing /home/airflow/.local/lib/python3.8/site-packages/airflow/example_dags/example_kubernetes_executor.py took 0.105 seconds
[2026-02-02T14:48:52.347+0000] {processor.py:161} INFO - Started process (PID=3162) to work on /home/airflow/.local/lib/python3.8/site-packages/airflow/example_dags/example_kubernetes_executor.py
[2026-02-02T14:48:52.348+0000] {processor.py:830} INFO - Processing file /home/airflow/.local/lib/python3.8/site-packages/airflow/example_dags/example_kubernetes_executor.py for tasks to queue
[2026-02-02T14:48:52.350+0000] {logging_mixin.py:188} INFO - [2026-02-02T14:48:52.350+0000] {dagbag.py:538} INFO - Filling up the DagBag from /home/airflow/.local/lib/python3.8/site-packages/airflow/example_dags/example_kubernetes_executor.py
[2026-02-02T14:48:52.368+0000] {processor.py:840} INFO - DAG(s) 'example_kubernetes_executor' retrieved from /home/airflow/.local/lib/python3.8/site-packages/airflow/example_dags/example_kubernetes_executor.py
[2026-02-02T14:48:52.420+0000] {logging_mixin.py:188} INFO - [2026-02-02T14:48:52.419+0000] {dag.py:3036} INFO - Sync 1 DAGs
[2026-02-02T14:48:52.434+0000] {logging_mixin.py:188} INFO - [2026-02-02T14:48:52.434+0000] {dag.py:3823} INFO - Setting next_dagrun for example_kubernetes_executor to None, run_after=None
[2026-02-02T14:48:52.452+0000] {processor.py:183} INFO - Processing /home/airflow/.local/lib/python3.8/site-packages/airflow/example_dags/example_kubernetes_executor.py took 0.109 seconds
[2026-02-02T14:49:22.571+0000] {processor.py:161} INFO - Started process (PID=3218) to work on /home/airflow/.local/lib/python3.8/site-packages/airflow/example_dags/example_kubernetes_executor.py
[2026-02-02T14:49:22.572+0000] {processor.py:830} INFO - Processing file /home/airflow/.local/lib/python3.8/site-packages/airflow/example_dags/example_kubernetes_executor.py for tasks to queue
[2026-02-02T14:49:22.580+0000] {logging_mixin.py:188} INFO - [2026-02-02T14:49:22.579+0000] {dagbag.py:538} INFO - Filling up the DagBag from /home/airflow/.local/lib/python3.8/site-packages/airflow/example_dags/example_kubernetes_executor.py
[2026-02-02T14:49:22.630+0000] {processor.py:840} INFO - DAG(s) 'example_kubernetes_executor' retrieved from /home/airflow/.local/lib/python3.8/site-packages/airflow/example_dags/example_kubernetes_executor.py
[2026-02-02T14:49:22.714+0000] {logging_mixin.py:188} INFO - [2026-02-02T14:49:22.713+0000] {dag.py:3036} INFO - Sync 1 DAGs
[2026-02-02T14:49:22.742+0000] {logging_mixin.py:188} INFO - [2026-02-02T14:49:22.740+0000] {dag.py:3823} INFO - Setting next_dagrun for example_kubernetes_executor to None, run_after=None
[2026-02-02T14:49:22.789+0000] {processor.py:183} INFO - Processing /home/airflow/.local/lib/python3.8/site-packages/airflow/example_dags/example_kubernetes_executor.py took 0.231 seconds
[2026-02-02T14:49:53.214+0000] {processor.py:161} INFO - Started process (PID=3274) to work on /home/airflow/.local/lib/python3.8/site-packages/airflow/example_dags/example_kubernetes_executor.py
[2026-02-02T14:49:53.215+0000] {processor.py:830} INFO - Processing file /home/airflow/.local/lib/python3.8/site-packages/airflow/example_dags/example_kubernetes_executor.py for tasks to queue
[2026-02-02T14:49:53.216+0000] {logging_mixin.py:188} INFO - [2026-02-02T14:49:53.216+0000] {dagbag.py:538} INFO - Filling up the DagBag from /home/airflow/.local/lib/python3.8/site-packages/airflow/example_dags/example_kubernetes_executor.py
[2026-02-02T14:49:53.235+0000] {processor.py:840} INFO - DAG(s) 'example_kubernetes_executor' retrieved from /home/airflow/.local/lib/python3.8/site-packages/airflow/example_dags/example_kubernetes_executor.py
[2026-02-02T14:49:53.299+0000] {logging_mixin.py:188} INFO - [2026-02-02T14:49:53.299+0000] {dag.py:3036} INFO - Sync 1 DAGs
[2026-02-02T14:49:53.313+0000] {logging_mixin.py:188} INFO - [2026-02-02T14:49:53.313+0000] {dag.py:3823} INFO - Setting next_dagrun for example_kubernetes_executor to None, run_after=None
[2026-02-02T14:49:53.334+0000] {processor.py:183} INFO - Processing /home/airflow/.local/lib/python3.8/site-packages/airflow/example_dags/example_kubernetes_executor.py took 0.124 seconds
[2026-02-02T14:50:23.486+0000] {processor.py:161} INFO - Started process (PID=3330) to work on /home/airflow/.local/lib/python3.8/site-packages/airflow/example_dags/example_kubernetes_executor.py
[2026-02-02T14:50:23.487+0000] {processor.py:830} INFO - Processing file /home/airflow/.local/lib/python3.8/site-packages/airflow/example_dags/example_kubernetes_executor.py for tasks to queue
[2026-02-02T14:50:23.489+0000] {logging_mixin.py:188} INFO - [2026-02-02T14:50:23.489+0000] {dagbag.py:538} INFO - Filling up the DagBag from /home/airflow/.local/lib/python3.8/site-packages/airflow/example_dags/example_kubernetes_executor.py
[2026-02-02T14:50:23.507+0000] {processor.py:840} INFO - DAG(s) 'example_kubernetes_executor' retrieved from /home/airflow/.local/lib/python3.8/site-packages/airflow/example_dags/example_kubernetes_executor.py
[2026-02-02T14:50:23.554+0000] {logging_mixin.py:188} INFO - [2026-02-02T14:50:23.554+0000] {dag.py:3036} INFO - Sync 1 DAGs
[2026-02-02T14:50:23.568+0000] {logging_mixin.py:188} INFO - [2026-02-02T14:50:23.568+0000] {dag.py:3823} INFO - Setting next_dagrun for example_kubernetes_executor to None, run_after=None
[2026-02-02T14:50:23.585+0000] {processor.py:183} INFO - Processing /home/airflow/.local/lib/python3.8/site-packages/airflow/example_dags/example_kubernetes_executor.py took 0.103 seconds
