[2026-02-02T14:20:24.654+0000] {processor.py:161} INFO - Started process (PID=82) to work on /home/airflow/.local/lib/python3.8/site-packages/airflow/example_dags/example_trigger_controller_dag.py
[2026-02-02T14:20:24.660+0000] {processor.py:830} INFO - Processing file /home/airflow/.local/lib/python3.8/site-packages/airflow/example_dags/example_trigger_controller_dag.py for tasks to queue
[2026-02-02T14:20:24.666+0000] {logging_mixin.py:188} INFO - [2026-02-02T14:20:24.666+0000] {dagbag.py:538} INFO - Filling up the DagBag from /home/airflow/.local/lib/python3.8/site-packages/airflow/example_dags/example_trigger_controller_dag.py
[2026-02-02T14:20:24.683+0000] {processor.py:840} INFO - DAG(s) 'example_trigger_controller_dag' retrieved from /home/airflow/.local/lib/python3.8/site-packages/airflow/example_dags/example_trigger_controller_dag.py
[2026-02-02T14:20:25.247+0000] {logging_mixin.py:188} INFO - [2026-02-02T14:20:25.247+0000] {override.py:1769} INFO - Created Permission View: can edit on DAG:example_trigger_controller_dag
[2026-02-02T14:20:25.296+0000] {logging_mixin.py:188} INFO - [2026-02-02T14:20:25.296+0000] {override.py:1769} INFO - Created Permission View: can delete on DAG:example_trigger_controller_dag
[2026-02-02T14:20:25.330+0000] {logging_mixin.py:188} INFO - [2026-02-02T14:20:25.329+0000] {override.py:1769} INFO - Created Permission View: can read on DAG:example_trigger_controller_dag
[2026-02-02T14:20:25.330+0000] {logging_mixin.py:188} INFO - [2026-02-02T14:20:25.330+0000] {dag.py:3036} INFO - Sync 1 DAGs
[2026-02-02T14:20:25.409+0000] {logging_mixin.py:188} INFO - [2026-02-02T14:20:25.409+0000] {dag.py:3058} INFO - Creating ORM DAG for example_trigger_controller_dag
[2026-02-02T14:20:25.598+0000] {logging_mixin.py:188} INFO - [2026-02-02T14:20:25.598+0000] {dag.py:3823} INFO - Setting next_dagrun for example_trigger_controller_dag to 2021-01-01 00:00:00+00:00, run_after=2021-01-01 00:00:00+00:00
[2026-02-02T14:20:25.749+0000] {processor.py:183} INFO - Processing /home/airflow/.local/lib/python3.8/site-packages/airflow/example_dags/example_trigger_controller_dag.py took 1.102 seconds
[2026-02-02T14:20:56.516+0000] {processor.py:161} INFO - Started process (PID=143) to work on /home/airflow/.local/lib/python3.8/site-packages/airflow/example_dags/example_trigger_controller_dag.py
[2026-02-02T14:20:56.517+0000] {processor.py:830} INFO - Processing file /home/airflow/.local/lib/python3.8/site-packages/airflow/example_dags/example_trigger_controller_dag.py for tasks to queue
[2026-02-02T14:20:56.518+0000] {logging_mixin.py:188} INFO - [2026-02-02T14:20:56.518+0000] {dagbag.py:538} INFO - Filling up the DagBag from /home/airflow/.local/lib/python3.8/site-packages/airflow/example_dags/example_trigger_controller_dag.py
[2026-02-02T14:20:56.522+0000] {processor.py:840} INFO - DAG(s) 'example_trigger_controller_dag' retrieved from /home/airflow/.local/lib/python3.8/site-packages/airflow/example_dags/example_trigger_controller_dag.py
[2026-02-02T14:20:56.537+0000] {logging_mixin.py:188} INFO - [2026-02-02T14:20:56.537+0000] {dag.py:3036} INFO - Sync 1 DAGs
[2026-02-02T14:20:56.554+0000] {logging_mixin.py:188} INFO - [2026-02-02T14:20:56.553+0000] {dag.py:3823} INFO - Setting next_dagrun for example_trigger_controller_dag to 2021-01-01 00:00:00+00:00, run_after=2021-01-01 00:00:00+00:00
[2026-02-02T14:20:56.567+0000] {processor.py:183} INFO - Processing /home/airflow/.local/lib/python3.8/site-packages/airflow/example_dags/example_trigger_controller_dag.py took 0.053 seconds
[2026-02-02T14:21:27.408+0000] {processor.py:161} INFO - Started process (PID=198) to work on /home/airflow/.local/lib/python3.8/site-packages/airflow/example_dags/example_trigger_controller_dag.py
[2026-02-02T14:21:27.409+0000] {processor.py:830} INFO - Processing file /home/airflow/.local/lib/python3.8/site-packages/airflow/example_dags/example_trigger_controller_dag.py for tasks to queue
[2026-02-02T14:21:27.410+0000] {logging_mixin.py:188} INFO - [2026-02-02T14:21:27.410+0000] {dagbag.py:538} INFO - Filling up the DagBag from /home/airflow/.local/lib/python3.8/site-packages/airflow/example_dags/example_trigger_controller_dag.py
[2026-02-02T14:21:27.415+0000] {processor.py:840} INFO - DAG(s) 'example_trigger_controller_dag' retrieved from /home/airflow/.local/lib/python3.8/site-packages/airflow/example_dags/example_trigger_controller_dag.py
[2026-02-02T14:21:27.437+0000] {logging_mixin.py:188} INFO - [2026-02-02T14:21:27.437+0000] {dag.py:3036} INFO - Sync 1 DAGs
[2026-02-02T14:21:27.467+0000] {logging_mixin.py:188} INFO - [2026-02-02T14:21:27.467+0000] {dag.py:3823} INFO - Setting next_dagrun for example_trigger_controller_dag to 2021-01-01 00:00:00+00:00, run_after=2021-01-01 00:00:00+00:00
[2026-02-02T14:21:27.486+0000] {processor.py:183} INFO - Processing /home/airflow/.local/lib/python3.8/site-packages/airflow/example_dags/example_trigger_controller_dag.py took 0.081 seconds
[2026-02-02T14:21:57.722+0000] {processor.py:161} INFO - Started process (PID=253) to work on /home/airflow/.local/lib/python3.8/site-packages/airflow/example_dags/example_trigger_controller_dag.py
[2026-02-02T14:21:57.723+0000] {processor.py:830} INFO - Processing file /home/airflow/.local/lib/python3.8/site-packages/airflow/example_dags/example_trigger_controller_dag.py for tasks to queue
[2026-02-02T14:21:57.725+0000] {logging_mixin.py:188} INFO - [2026-02-02T14:21:57.724+0000] {dagbag.py:538} INFO - Filling up the DagBag from /home/airflow/.local/lib/python3.8/site-packages/airflow/example_dags/example_trigger_controller_dag.py
[2026-02-02T14:21:57.729+0000] {processor.py:840} INFO - DAG(s) 'example_trigger_controller_dag' retrieved from /home/airflow/.local/lib/python3.8/site-packages/airflow/example_dags/example_trigger_controller_dag.py
[2026-02-02T14:21:57.752+0000] {logging_mixin.py:188} INFO - [2026-02-02T14:21:57.752+0000] {dag.py:3036} INFO - Sync 1 DAGs
[2026-02-02T14:21:57.777+0000] {logging_mixin.py:188} INFO - [2026-02-02T14:21:57.777+0000] {dag.py:3823} INFO - Setting next_dagrun for example_trigger_controller_dag to 2021-01-01 00:00:00+00:00, run_after=2021-01-01 00:00:00+00:00
[2026-02-02T14:21:57.811+0000] {processor.py:183} INFO - Processing /home/airflow/.local/lib/python3.8/site-packages/airflow/example_dags/example_trigger_controller_dag.py took 0.093 seconds
[2026-02-02T14:22:28.331+0000] {processor.py:161} INFO - Started process (PID=308) to work on /home/airflow/.local/lib/python3.8/site-packages/airflow/example_dags/example_trigger_controller_dag.py
[2026-02-02T14:22:28.333+0000] {processor.py:830} INFO - Processing file /home/airflow/.local/lib/python3.8/site-packages/airflow/example_dags/example_trigger_controller_dag.py for tasks to queue
[2026-02-02T14:22:28.338+0000] {logging_mixin.py:188} INFO - [2026-02-02T14:22:28.337+0000] {dagbag.py:538} INFO - Filling up the DagBag from /home/airflow/.local/lib/python3.8/site-packages/airflow/example_dags/example_trigger_controller_dag.py
[2026-02-02T14:22:28.343+0000] {processor.py:840} INFO - DAG(s) 'example_trigger_controller_dag' retrieved from /home/airflow/.local/lib/python3.8/site-packages/airflow/example_dags/example_trigger_controller_dag.py
[2026-02-02T14:22:28.368+0000] {logging_mixin.py:188} INFO - [2026-02-02T14:22:28.367+0000] {dag.py:3036} INFO - Sync 1 DAGs
[2026-02-02T14:22:28.395+0000] {logging_mixin.py:188} INFO - [2026-02-02T14:22:28.394+0000] {dag.py:3823} INFO - Setting next_dagrun for example_trigger_controller_dag to 2021-01-01 00:00:00+00:00, run_after=2021-01-01 00:00:00+00:00
[2026-02-02T14:22:28.413+0000] {processor.py:183} INFO - Processing /home/airflow/.local/lib/python3.8/site-packages/airflow/example_dags/example_trigger_controller_dag.py took 0.090 seconds
[2026-02-02T14:22:58.941+0000] {processor.py:161} INFO - Started process (PID=363) to work on /home/airflow/.local/lib/python3.8/site-packages/airflow/example_dags/example_trigger_controller_dag.py
[2026-02-02T14:22:58.942+0000] {processor.py:830} INFO - Processing file /home/airflow/.local/lib/python3.8/site-packages/airflow/example_dags/example_trigger_controller_dag.py for tasks to queue
[2026-02-02T14:22:58.944+0000] {logging_mixin.py:188} INFO - [2026-02-02T14:22:58.944+0000] {dagbag.py:538} INFO - Filling up the DagBag from /home/airflow/.local/lib/python3.8/site-packages/airflow/example_dags/example_trigger_controller_dag.py
[2026-02-02T14:22:58.949+0000] {processor.py:840} INFO - DAG(s) 'example_trigger_controller_dag' retrieved from /home/airflow/.local/lib/python3.8/site-packages/airflow/example_dags/example_trigger_controller_dag.py
[2026-02-02T14:22:58.971+0000] {logging_mixin.py:188} INFO - [2026-02-02T14:22:58.971+0000] {dag.py:3036} INFO - Sync 1 DAGs
[2026-02-02T14:22:59.000+0000] {logging_mixin.py:188} INFO - [2026-02-02T14:22:59.000+0000] {dag.py:3823} INFO - Setting next_dagrun for example_trigger_controller_dag to 2021-01-01 00:00:00+00:00, run_after=2021-01-01 00:00:00+00:00
[2026-02-02T14:22:59.019+0000] {processor.py:183} INFO - Processing /home/airflow/.local/lib/python3.8/site-packages/airflow/example_dags/example_trigger_controller_dag.py took 0.081 seconds
[2026-02-02T14:23:29.464+0000] {processor.py:161} INFO - Started process (PID=418) to work on /home/airflow/.local/lib/python3.8/site-packages/airflow/example_dags/example_trigger_controller_dag.py
[2026-02-02T14:23:29.465+0000] {processor.py:830} INFO - Processing file /home/airflow/.local/lib/python3.8/site-packages/airflow/example_dags/example_trigger_controller_dag.py for tasks to queue
[2026-02-02T14:23:29.467+0000] {logging_mixin.py:188} INFO - [2026-02-02T14:23:29.467+0000] {dagbag.py:538} INFO - Filling up the DagBag from /home/airflow/.local/lib/python3.8/site-packages/airflow/example_dags/example_trigger_controller_dag.py
[2026-02-02T14:23:29.472+0000] {processor.py:840} INFO - DAG(s) 'example_trigger_controller_dag' retrieved from /home/airflow/.local/lib/python3.8/site-packages/airflow/example_dags/example_trigger_controller_dag.py
[2026-02-02T14:23:29.494+0000] {logging_mixin.py:188} INFO - [2026-02-02T14:23:29.493+0000] {dag.py:3036} INFO - Sync 1 DAGs
[2026-02-02T14:23:29.519+0000] {logging_mixin.py:188} INFO - [2026-02-02T14:23:29.518+0000] {dag.py:3823} INFO - Setting next_dagrun for example_trigger_controller_dag to 2021-01-01 00:00:00+00:00, run_after=2021-01-01 00:00:00+00:00
[2026-02-02T14:23:29.537+0000] {processor.py:183} INFO - Processing /home/airflow/.local/lib/python3.8/site-packages/airflow/example_dags/example_trigger_controller_dag.py took 0.076 seconds
[2026-02-02T14:23:59.713+0000] {processor.py:161} INFO - Started process (PID=472) to work on /home/airflow/.local/lib/python3.8/site-packages/airflow/example_dags/example_trigger_controller_dag.py
[2026-02-02T14:23:59.714+0000] {processor.py:830} INFO - Processing file /home/airflow/.local/lib/python3.8/site-packages/airflow/example_dags/example_trigger_controller_dag.py for tasks to queue
[2026-02-02T14:23:59.716+0000] {logging_mixin.py:188} INFO - [2026-02-02T14:23:59.715+0000] {dagbag.py:538} INFO - Filling up the DagBag from /home/airflow/.local/lib/python3.8/site-packages/airflow/example_dags/example_trigger_controller_dag.py
[2026-02-02T14:23:59.720+0000] {processor.py:840} INFO - DAG(s) 'example_trigger_controller_dag' retrieved from /home/airflow/.local/lib/python3.8/site-packages/airflow/example_dags/example_trigger_controller_dag.py
[2026-02-02T14:23:59.742+0000] {logging_mixin.py:188} INFO - [2026-02-02T14:23:59.742+0000] {dag.py:3036} INFO - Sync 1 DAGs
[2026-02-02T14:23:59.768+0000] {logging_mixin.py:188} INFO - [2026-02-02T14:23:59.768+0000] {dag.py:3823} INFO - Setting next_dagrun for example_trigger_controller_dag to 2021-01-01 00:00:00+00:00, run_after=2021-01-01 00:00:00+00:00
[2026-02-02T14:23:59.787+0000] {processor.py:183} INFO - Processing /home/airflow/.local/lib/python3.8/site-packages/airflow/example_dags/example_trigger_controller_dag.py took 0.077 seconds
[2026-02-02T14:24:29.888+0000] {processor.py:161} INFO - Started process (PID=528) to work on /home/airflow/.local/lib/python3.8/site-packages/airflow/example_dags/example_trigger_controller_dag.py
[2026-02-02T14:24:29.892+0000] {processor.py:830} INFO - Processing file /home/airflow/.local/lib/python3.8/site-packages/airflow/example_dags/example_trigger_controller_dag.py for tasks to queue
[2026-02-02T14:24:29.900+0000] {logging_mixin.py:188} INFO - [2026-02-02T14:24:29.894+0000] {dagbag.py:538} INFO - Filling up the DagBag from /home/airflow/.local/lib/python3.8/site-packages/airflow/example_dags/example_trigger_controller_dag.py
[2026-02-02T14:24:29.924+0000] {processor.py:840} INFO - DAG(s) 'example_trigger_controller_dag' retrieved from /home/airflow/.local/lib/python3.8/site-packages/airflow/example_dags/example_trigger_controller_dag.py
[2026-02-02T14:24:29.999+0000] {logging_mixin.py:188} INFO - [2026-02-02T14:24:29.999+0000] {dag.py:3036} INFO - Sync 1 DAGs
[2026-02-02T14:24:30.101+0000] {logging_mixin.py:188} INFO - [2026-02-02T14:24:30.100+0000] {dag.py:3823} INFO - Setting next_dagrun for example_trigger_controller_dag to 2021-01-01 00:00:00+00:00, run_after=2021-01-01 00:00:00+00:00
[2026-02-02T14:24:30.150+0000] {processor.py:183} INFO - Processing /home/airflow/.local/lib/python3.8/site-packages/airflow/example_dags/example_trigger_controller_dag.py took 0.279 seconds
[2026-02-02T14:25:00.221+0000] {processor.py:161} INFO - Started process (PID=583) to work on /home/airflow/.local/lib/python3.8/site-packages/airflow/example_dags/example_trigger_controller_dag.py
[2026-02-02T14:25:00.221+0000] {processor.py:830} INFO - Processing file /home/airflow/.local/lib/python3.8/site-packages/airflow/example_dags/example_trigger_controller_dag.py for tasks to queue
[2026-02-02T14:25:00.223+0000] {logging_mixin.py:188} INFO - [2026-02-02T14:25:00.222+0000] {dagbag.py:538} INFO - Filling up the DagBag from /home/airflow/.local/lib/python3.8/site-packages/airflow/example_dags/example_trigger_controller_dag.py
[2026-02-02T14:25:00.226+0000] {processor.py:840} INFO - DAG(s) 'example_trigger_controller_dag' retrieved from /home/airflow/.local/lib/python3.8/site-packages/airflow/example_dags/example_trigger_controller_dag.py
[2026-02-02T14:25:00.241+0000] {logging_mixin.py:188} INFO - [2026-02-02T14:25:00.241+0000] {dag.py:3036} INFO - Sync 1 DAGs
[2026-02-02T14:25:00.259+0000] {logging_mixin.py:188} INFO - [2026-02-02T14:25:00.259+0000] {dag.py:3823} INFO - Setting next_dagrun for example_trigger_controller_dag to 2021-01-01 00:00:00+00:00, run_after=2021-01-01 00:00:00+00:00
[2026-02-02T14:25:00.273+0000] {processor.py:183} INFO - Processing /home/airflow/.local/lib/python3.8/site-packages/airflow/example_dags/example_trigger_controller_dag.py took 0.055 seconds
[2026-02-02T14:25:30.356+0000] {processor.py:161} INFO - Started process (PID=638) to work on /home/airflow/.local/lib/python3.8/site-packages/airflow/example_dags/example_trigger_controller_dag.py
[2026-02-02T14:25:30.357+0000] {processor.py:830} INFO - Processing file /home/airflow/.local/lib/python3.8/site-packages/airflow/example_dags/example_trigger_controller_dag.py for tasks to queue
[2026-02-02T14:25:30.359+0000] {logging_mixin.py:188} INFO - [2026-02-02T14:25:30.358+0000] {dagbag.py:538} INFO - Filling up the DagBag from /home/airflow/.local/lib/python3.8/site-packages/airflow/example_dags/example_trigger_controller_dag.py
[2026-02-02T14:25:30.364+0000] {processor.py:840} INFO - DAG(s) 'example_trigger_controller_dag' retrieved from /home/airflow/.local/lib/python3.8/site-packages/airflow/example_dags/example_trigger_controller_dag.py
[2026-02-02T14:25:30.385+0000] {logging_mixin.py:188} INFO - [2026-02-02T14:25:30.385+0000] {dag.py:3036} INFO - Sync 1 DAGs
[2026-02-02T14:25:30.410+0000] {logging_mixin.py:188} INFO - [2026-02-02T14:25:30.409+0000] {dag.py:3823} INFO - Setting next_dagrun for example_trigger_controller_dag to 2021-01-01 00:00:00+00:00, run_after=2021-01-01 00:00:00+00:00
[2026-02-02T14:25:30.427+0000] {processor.py:183} INFO - Processing /home/airflow/.local/lib/python3.8/site-packages/airflow/example_dags/example_trigger_controller_dag.py took 0.075 seconds
[2026-02-02T14:26:00.733+0000] {processor.py:161} INFO - Started process (PID=693) to work on /home/airflow/.local/lib/python3.8/site-packages/airflow/example_dags/example_trigger_controller_dag.py
[2026-02-02T14:26:00.734+0000] {processor.py:830} INFO - Processing file /home/airflow/.local/lib/python3.8/site-packages/airflow/example_dags/example_trigger_controller_dag.py for tasks to queue
[2026-02-02T14:26:00.736+0000] {logging_mixin.py:188} INFO - [2026-02-02T14:26:00.736+0000] {dagbag.py:538} INFO - Filling up the DagBag from /home/airflow/.local/lib/python3.8/site-packages/airflow/example_dags/example_trigger_controller_dag.py
[2026-02-02T14:26:00.742+0000] {processor.py:840} INFO - DAG(s) 'example_trigger_controller_dag' retrieved from /home/airflow/.local/lib/python3.8/site-packages/airflow/example_dags/example_trigger_controller_dag.py
[2026-02-02T14:26:00.765+0000] {logging_mixin.py:188} INFO - [2026-02-02T14:26:00.765+0000] {dag.py:3036} INFO - Sync 1 DAGs
[2026-02-02T14:26:00.793+0000] {logging_mixin.py:188} INFO - [2026-02-02T14:26:00.793+0000] {dag.py:3823} INFO - Setting next_dagrun for example_trigger_controller_dag to 2021-01-01 00:00:00+00:00, run_after=2021-01-01 00:00:00+00:00
[2026-02-02T14:26:00.833+0000] {processor.py:183} INFO - Processing /home/airflow/.local/lib/python3.8/site-packages/airflow/example_dags/example_trigger_controller_dag.py took 0.104 seconds
[2026-02-02T14:26:30.986+0000] {processor.py:161} INFO - Started process (PID=748) to work on /home/airflow/.local/lib/python3.8/site-packages/airflow/example_dags/example_trigger_controller_dag.py
[2026-02-02T14:26:30.988+0000] {processor.py:830} INFO - Processing file /home/airflow/.local/lib/python3.8/site-packages/airflow/example_dags/example_trigger_controller_dag.py for tasks to queue
[2026-02-02T14:26:30.992+0000] {logging_mixin.py:188} INFO - [2026-02-02T14:26:30.991+0000] {dagbag.py:538} INFO - Filling up the DagBag from /home/airflow/.local/lib/python3.8/site-packages/airflow/example_dags/example_trigger_controller_dag.py
[2026-02-02T14:26:31.000+0000] {processor.py:840} INFO - DAG(s) 'example_trigger_controller_dag' retrieved from /home/airflow/.local/lib/python3.8/site-packages/airflow/example_dags/example_trigger_controller_dag.py
[2026-02-02T14:26:31.027+0000] {logging_mixin.py:188} INFO - [2026-02-02T14:26:31.026+0000] {dag.py:3036} INFO - Sync 1 DAGs
[2026-02-02T14:26:31.051+0000] {logging_mixin.py:188} INFO - [2026-02-02T14:26:31.050+0000] {dag.py:3823} INFO - Setting next_dagrun for example_trigger_controller_dag to 2021-01-01 00:00:00+00:00, run_after=2021-01-01 00:00:00+00:00
[2026-02-02T14:26:31.066+0000] {processor.py:183} INFO - Processing /home/airflow/.local/lib/python3.8/site-packages/airflow/example_dags/example_trigger_controller_dag.py took 0.088 seconds
[2026-02-02T14:27:01.612+0000] {processor.py:161} INFO - Started process (PID=803) to work on /home/airflow/.local/lib/python3.8/site-packages/airflow/example_dags/example_trigger_controller_dag.py
[2026-02-02T14:27:01.612+0000] {processor.py:830} INFO - Processing file /home/airflow/.local/lib/python3.8/site-packages/airflow/example_dags/example_trigger_controller_dag.py for tasks to queue
[2026-02-02T14:27:01.614+0000] {logging_mixin.py:188} INFO - [2026-02-02T14:27:01.614+0000] {dagbag.py:538} INFO - Filling up the DagBag from /home/airflow/.local/lib/python3.8/site-packages/airflow/example_dags/example_trigger_controller_dag.py
[2026-02-02T14:27:01.619+0000] {processor.py:840} INFO - DAG(s) 'example_trigger_controller_dag' retrieved from /home/airflow/.local/lib/python3.8/site-packages/airflow/example_dags/example_trigger_controller_dag.py
[2026-02-02T14:27:01.640+0000] {logging_mixin.py:188} INFO - [2026-02-02T14:27:01.640+0000] {dag.py:3036} INFO - Sync 1 DAGs
[2026-02-02T14:27:01.666+0000] {logging_mixin.py:188} INFO - [2026-02-02T14:27:01.666+0000] {dag.py:3823} INFO - Setting next_dagrun for example_trigger_controller_dag to 2021-01-01 00:00:00+00:00, run_after=2021-01-01 00:00:00+00:00
[2026-02-02T14:27:01.682+0000] {processor.py:183} INFO - Processing /home/airflow/.local/lib/python3.8/site-packages/airflow/example_dags/example_trigger_controller_dag.py took 0.074 seconds
[2026-02-02T14:27:31.809+0000] {processor.py:161} INFO - Started process (PID=858) to work on /home/airflow/.local/lib/python3.8/site-packages/airflow/example_dags/example_trigger_controller_dag.py
[2026-02-02T14:27:31.810+0000] {processor.py:830} INFO - Processing file /home/airflow/.local/lib/python3.8/site-packages/airflow/example_dags/example_trigger_controller_dag.py for tasks to queue
[2026-02-02T14:27:31.812+0000] {logging_mixin.py:188} INFO - [2026-02-02T14:27:31.812+0000] {dagbag.py:538} INFO - Filling up the DagBag from /home/airflow/.local/lib/python3.8/site-packages/airflow/example_dags/example_trigger_controller_dag.py
[2026-02-02T14:27:31.817+0000] {processor.py:840} INFO - DAG(s) 'example_trigger_controller_dag' retrieved from /home/airflow/.local/lib/python3.8/site-packages/airflow/example_dags/example_trigger_controller_dag.py
[2026-02-02T14:27:31.838+0000] {logging_mixin.py:188} INFO - [2026-02-02T14:27:31.838+0000] {dag.py:3036} INFO - Sync 1 DAGs
[2026-02-02T14:27:31.863+0000] {logging_mixin.py:188} INFO - [2026-02-02T14:27:31.863+0000] {dag.py:3823} INFO - Setting next_dagrun for example_trigger_controller_dag to 2021-01-01 00:00:00+00:00, run_after=2021-01-01 00:00:00+00:00
[2026-02-02T14:27:31.880+0000] {processor.py:183} INFO - Processing /home/airflow/.local/lib/python3.8/site-packages/airflow/example_dags/example_trigger_controller_dag.py took 0.074 seconds
[2026-02-02T14:28:02.397+0000] {processor.py:161} INFO - Started process (PID=913) to work on /home/airflow/.local/lib/python3.8/site-packages/airflow/example_dags/example_trigger_controller_dag.py
[2026-02-02T14:28:02.398+0000] {processor.py:830} INFO - Processing file /home/airflow/.local/lib/python3.8/site-packages/airflow/example_dags/example_trigger_controller_dag.py for tasks to queue
[2026-02-02T14:28:02.400+0000] {logging_mixin.py:188} INFO - [2026-02-02T14:28:02.400+0000] {dagbag.py:538} INFO - Filling up the DagBag from /home/airflow/.local/lib/python3.8/site-packages/airflow/example_dags/example_trigger_controller_dag.py
[2026-02-02T14:28:02.406+0000] {processor.py:840} INFO - DAG(s) 'example_trigger_controller_dag' retrieved from /home/airflow/.local/lib/python3.8/site-packages/airflow/example_dags/example_trigger_controller_dag.py
[2026-02-02T14:28:02.427+0000] {logging_mixin.py:188} INFO - [2026-02-02T14:28:02.427+0000] {dag.py:3036} INFO - Sync 1 DAGs
[2026-02-02T14:28:02.450+0000] {logging_mixin.py:188} INFO - [2026-02-02T14:28:02.450+0000] {dag.py:3823} INFO - Setting next_dagrun for example_trigger_controller_dag to 2021-01-01 00:00:00+00:00, run_after=2021-01-01 00:00:00+00:00
[2026-02-02T14:28:02.464+0000] {processor.py:183} INFO - Processing /home/airflow/.local/lib/python3.8/site-packages/airflow/example_dags/example_trigger_controller_dag.py took 0.071 seconds
[2026-02-02T14:28:33.296+0000] {processor.py:161} INFO - Started process (PID=968) to work on /home/airflow/.local/lib/python3.8/site-packages/airflow/example_dags/example_trigger_controller_dag.py
[2026-02-02T14:28:33.297+0000] {processor.py:830} INFO - Processing file /home/airflow/.local/lib/python3.8/site-packages/airflow/example_dags/example_trigger_controller_dag.py for tasks to queue
[2026-02-02T14:28:33.299+0000] {logging_mixin.py:188} INFO - [2026-02-02T14:28:33.299+0000] {dagbag.py:538} INFO - Filling up the DagBag from /home/airflow/.local/lib/python3.8/site-packages/airflow/example_dags/example_trigger_controller_dag.py
[2026-02-02T14:28:33.304+0000] {processor.py:840} INFO - DAG(s) 'example_trigger_controller_dag' retrieved from /home/airflow/.local/lib/python3.8/site-packages/airflow/example_dags/example_trigger_controller_dag.py
[2026-02-02T14:28:33.327+0000] {logging_mixin.py:188} INFO - [2026-02-02T14:28:33.327+0000] {dag.py:3036} INFO - Sync 1 DAGs
[2026-02-02T14:28:33.362+0000] {logging_mixin.py:188} INFO - [2026-02-02T14:28:33.362+0000] {dag.py:3823} INFO - Setting next_dagrun for example_trigger_controller_dag to 2021-01-01 00:00:00+00:00, run_after=2021-01-01 00:00:00+00:00
[2026-02-02T14:28:33.385+0000] {processor.py:183} INFO - Processing /home/airflow/.local/lib/python3.8/site-packages/airflow/example_dags/example_trigger_controller_dag.py took 0.092 seconds
[2026-02-02T14:29:03.818+0000] {processor.py:161} INFO - Started process (PID=1023) to work on /home/airflow/.local/lib/python3.8/site-packages/airflow/example_dags/example_trigger_controller_dag.py
[2026-02-02T14:29:03.819+0000] {processor.py:830} INFO - Processing file /home/airflow/.local/lib/python3.8/site-packages/airflow/example_dags/example_trigger_controller_dag.py for tasks to queue
[2026-02-02T14:29:03.821+0000] {logging_mixin.py:188} INFO - [2026-02-02T14:29:03.821+0000] {dagbag.py:538} INFO - Filling up the DagBag from /home/airflow/.local/lib/python3.8/site-packages/airflow/example_dags/example_trigger_controller_dag.py
[2026-02-02T14:29:03.827+0000] {processor.py:840} INFO - DAG(s) 'example_trigger_controller_dag' retrieved from /home/airflow/.local/lib/python3.8/site-packages/airflow/example_dags/example_trigger_controller_dag.py
[2026-02-02T14:29:03.859+0000] {logging_mixin.py:188} INFO - [2026-02-02T14:29:03.859+0000] {dag.py:3036} INFO - Sync 1 DAGs
[2026-02-02T14:29:03.892+0000] {logging_mixin.py:188} INFO - [2026-02-02T14:29:03.891+0000] {dag.py:3823} INFO - Setting next_dagrun for example_trigger_controller_dag to 2021-01-01 00:00:00+00:00, run_after=2021-01-01 00:00:00+00:00
[2026-02-02T14:29:03.919+0000] {processor.py:183} INFO - Processing /home/airflow/.local/lib/python3.8/site-packages/airflow/example_dags/example_trigger_controller_dag.py took 0.107 seconds
[2026-02-02T14:29:33.955+0000] {processor.py:161} INFO - Started process (PID=1077) to work on /home/airflow/.local/lib/python3.8/site-packages/airflow/example_dags/example_trigger_controller_dag.py
[2026-02-02T14:29:33.957+0000] {processor.py:830} INFO - Processing file /home/airflow/.local/lib/python3.8/site-packages/airflow/example_dags/example_trigger_controller_dag.py for tasks to queue
[2026-02-02T14:29:33.965+0000] {logging_mixin.py:188} INFO - [2026-02-02T14:29:33.965+0000] {dagbag.py:538} INFO - Filling up the DagBag from /home/airflow/.local/lib/python3.8/site-packages/airflow/example_dags/example_trigger_controller_dag.py
[2026-02-02T14:29:33.979+0000] {processor.py:840} INFO - DAG(s) 'example_trigger_controller_dag' retrieved from /home/airflow/.local/lib/python3.8/site-packages/airflow/example_dags/example_trigger_controller_dag.py
[2026-02-02T14:29:34.033+0000] {logging_mixin.py:188} INFO - [2026-02-02T14:29:34.033+0000] {dag.py:3036} INFO - Sync 1 DAGs
[2026-02-02T14:29:34.082+0000] {logging_mixin.py:188} INFO - [2026-02-02T14:29:34.081+0000] {dag.py:3823} INFO - Setting next_dagrun for example_trigger_controller_dag to 2021-01-01 00:00:00+00:00, run_after=2021-01-01 00:00:00+00:00
[2026-02-02T14:29:34.099+0000] {processor.py:183} INFO - Processing /home/airflow/.local/lib/python3.8/site-packages/airflow/example_dags/example_trigger_controller_dag.py took 0.148 seconds
[2026-02-02T14:30:04.552+0000] {processor.py:161} INFO - Started process (PID=1133) to work on /home/airflow/.local/lib/python3.8/site-packages/airflow/example_dags/example_trigger_controller_dag.py
[2026-02-02T14:30:04.553+0000] {processor.py:830} INFO - Processing file /home/airflow/.local/lib/python3.8/site-packages/airflow/example_dags/example_trigger_controller_dag.py for tasks to queue
[2026-02-02T14:30:04.555+0000] {logging_mixin.py:188} INFO - [2026-02-02T14:30:04.555+0000] {dagbag.py:538} INFO - Filling up the DagBag from /home/airflow/.local/lib/python3.8/site-packages/airflow/example_dags/example_trigger_controller_dag.py
[2026-02-02T14:30:04.560+0000] {processor.py:840} INFO - DAG(s) 'example_trigger_controller_dag' retrieved from /home/airflow/.local/lib/python3.8/site-packages/airflow/example_dags/example_trigger_controller_dag.py
[2026-02-02T14:30:04.581+0000] {logging_mixin.py:188} INFO - [2026-02-02T14:30:04.581+0000] {dag.py:3036} INFO - Sync 1 DAGs
[2026-02-02T14:30:04.611+0000] {logging_mixin.py:188} INFO - [2026-02-02T14:30:04.611+0000] {dag.py:3823} INFO - Setting next_dagrun for example_trigger_controller_dag to 2021-01-01 00:00:00+00:00, run_after=2021-01-01 00:00:00+00:00
[2026-02-02T14:30:04.633+0000] {processor.py:183} INFO - Processing /home/airflow/.local/lib/python3.8/site-packages/airflow/example_dags/example_trigger_controller_dag.py took 0.085 seconds
[2026-02-02T14:30:35.497+0000] {processor.py:161} INFO - Started process (PID=1188) to work on /home/airflow/.local/lib/python3.8/site-packages/airflow/example_dags/example_trigger_controller_dag.py
[2026-02-02T14:30:35.498+0000] {processor.py:830} INFO - Processing file /home/airflow/.local/lib/python3.8/site-packages/airflow/example_dags/example_trigger_controller_dag.py for tasks to queue
[2026-02-02T14:30:35.500+0000] {logging_mixin.py:188} INFO - [2026-02-02T14:30:35.500+0000] {dagbag.py:538} INFO - Filling up the DagBag from /home/airflow/.local/lib/python3.8/site-packages/airflow/example_dags/example_trigger_controller_dag.py
[2026-02-02T14:30:35.505+0000] {processor.py:840} INFO - DAG(s) 'example_trigger_controller_dag' retrieved from /home/airflow/.local/lib/python3.8/site-packages/airflow/example_dags/example_trigger_controller_dag.py
[2026-02-02T14:30:35.526+0000] {logging_mixin.py:188} INFO - [2026-02-02T14:30:35.526+0000] {dag.py:3036} INFO - Sync 1 DAGs
[2026-02-02T14:30:35.551+0000] {logging_mixin.py:188} INFO - [2026-02-02T14:30:35.551+0000] {dag.py:3823} INFO - Setting next_dagrun for example_trigger_controller_dag to 2021-01-01 00:00:00+00:00, run_after=2021-01-01 00:00:00+00:00
[2026-02-02T14:30:35.568+0000] {processor.py:183} INFO - Processing /home/airflow/.local/lib/python3.8/site-packages/airflow/example_dags/example_trigger_controller_dag.py took 0.075 seconds
[2026-02-02T14:31:05.710+0000] {processor.py:161} INFO - Started process (PID=1243) to work on /home/airflow/.local/lib/python3.8/site-packages/airflow/example_dags/example_trigger_controller_dag.py
[2026-02-02T14:31:05.713+0000] {processor.py:830} INFO - Processing file /home/airflow/.local/lib/python3.8/site-packages/airflow/example_dags/example_trigger_controller_dag.py for tasks to queue
[2026-02-02T14:31:05.714+0000] {logging_mixin.py:188} INFO - [2026-02-02T14:31:05.714+0000] {dagbag.py:538} INFO - Filling up the DagBag from /home/airflow/.local/lib/python3.8/site-packages/airflow/example_dags/example_trigger_controller_dag.py
[2026-02-02T14:31:05.720+0000] {processor.py:840} INFO - DAG(s) 'example_trigger_controller_dag' retrieved from /home/airflow/.local/lib/python3.8/site-packages/airflow/example_dags/example_trigger_controller_dag.py
[2026-02-02T14:31:05.759+0000] {logging_mixin.py:188} INFO - [2026-02-02T14:31:05.759+0000] {dag.py:3036} INFO - Sync 1 DAGs
[2026-02-02T14:31:05.784+0000] {logging_mixin.py:188} INFO - [2026-02-02T14:31:05.784+0000] {dag.py:3823} INFO - Setting next_dagrun for example_trigger_controller_dag to 2021-01-01 00:00:00+00:00, run_after=2021-01-01 00:00:00+00:00
[2026-02-02T14:31:05.815+0000] {processor.py:183} INFO - Processing /home/airflow/.local/lib/python3.8/site-packages/airflow/example_dags/example_trigger_controller_dag.py took 0.109 seconds
[2026-02-02T14:31:36.552+0000] {processor.py:161} INFO - Started process (PID=1298) to work on /home/airflow/.local/lib/python3.8/site-packages/airflow/example_dags/example_trigger_controller_dag.py
[2026-02-02T14:31:36.557+0000] {processor.py:830} INFO - Processing file /home/airflow/.local/lib/python3.8/site-packages/airflow/example_dags/example_trigger_controller_dag.py for tasks to queue
[2026-02-02T14:31:36.561+0000] {logging_mixin.py:188} INFO - [2026-02-02T14:31:36.561+0000] {dagbag.py:538} INFO - Filling up the DagBag from /home/airflow/.local/lib/python3.8/site-packages/airflow/example_dags/example_trigger_controller_dag.py
[2026-02-02T14:31:36.572+0000] {processor.py:840} INFO - DAG(s) 'example_trigger_controller_dag' retrieved from /home/airflow/.local/lib/python3.8/site-packages/airflow/example_dags/example_trigger_controller_dag.py
[2026-02-02T14:31:36.616+0000] {logging_mixin.py:188} INFO - [2026-02-02T14:31:36.616+0000] {dag.py:3036} INFO - Sync 1 DAGs
[2026-02-02T14:31:36.663+0000] {logging_mixin.py:188} INFO - [2026-02-02T14:31:36.663+0000] {dag.py:3823} INFO - Setting next_dagrun for example_trigger_controller_dag to 2021-01-01 00:00:00+00:00, run_after=2021-01-01 00:00:00+00:00
[2026-02-02T14:31:36.682+0000] {processor.py:183} INFO - Processing /home/airflow/.local/lib/python3.8/site-packages/airflow/example_dags/example_trigger_controller_dag.py took 0.144 seconds
[2026-02-02T14:32:06.885+0000] {processor.py:161} INFO - Started process (PID=1353) to work on /home/airflow/.local/lib/python3.8/site-packages/airflow/example_dags/example_trigger_controller_dag.py
[2026-02-02T14:32:06.886+0000] {processor.py:830} INFO - Processing file /home/airflow/.local/lib/python3.8/site-packages/airflow/example_dags/example_trigger_controller_dag.py for tasks to queue
[2026-02-02T14:32:06.888+0000] {logging_mixin.py:188} INFO - [2026-02-02T14:32:06.888+0000] {dagbag.py:538} INFO - Filling up the DagBag from /home/airflow/.local/lib/python3.8/site-packages/airflow/example_dags/example_trigger_controller_dag.py
[2026-02-02T14:32:06.896+0000] {processor.py:840} INFO - DAG(s) 'example_trigger_controller_dag' retrieved from /home/airflow/.local/lib/python3.8/site-packages/airflow/example_dags/example_trigger_controller_dag.py
[2026-02-02T14:32:06.940+0000] {logging_mixin.py:188} INFO - [2026-02-02T14:32:06.939+0000] {dag.py:3036} INFO - Sync 1 DAGs
[2026-02-02T14:32:06.992+0000] {logging_mixin.py:188} INFO - [2026-02-02T14:32:06.992+0000] {dag.py:3823} INFO - Setting next_dagrun for example_trigger_controller_dag to 2021-01-01 00:00:00+00:00, run_after=2021-01-01 00:00:00+00:00
[2026-02-02T14:32:07.038+0000] {processor.py:183} INFO - Processing /home/airflow/.local/lib/python3.8/site-packages/airflow/example_dags/example_trigger_controller_dag.py took 0.156 seconds
[2026-02-02T14:32:37.900+0000] {processor.py:161} INFO - Started process (PID=1406) to work on /home/airflow/.local/lib/python3.8/site-packages/airflow/example_dags/example_trigger_controller_dag.py
[2026-02-02T14:32:37.905+0000] {processor.py:830} INFO - Processing file /home/airflow/.local/lib/python3.8/site-packages/airflow/example_dags/example_trigger_controller_dag.py for tasks to queue
[2026-02-02T14:32:37.907+0000] {logging_mixin.py:188} INFO - [2026-02-02T14:32:37.906+0000] {dagbag.py:538} INFO - Filling up the DagBag from /home/airflow/.local/lib/python3.8/site-packages/airflow/example_dags/example_trigger_controller_dag.py
[2026-02-02T14:32:37.917+0000] {processor.py:840} INFO - DAG(s) 'example_trigger_controller_dag' retrieved from /home/airflow/.local/lib/python3.8/site-packages/airflow/example_dags/example_trigger_controller_dag.py
[2026-02-02T14:32:37.963+0000] {logging_mixin.py:188} INFO - [2026-02-02T14:32:37.962+0000] {dag.py:3036} INFO - Sync 1 DAGs
[2026-02-02T14:32:38.030+0000] {logging_mixin.py:188} INFO - [2026-02-02T14:32:38.030+0000] {dag.py:3823} INFO - Setting next_dagrun for example_trigger_controller_dag to 2021-01-01 00:00:00+00:00, run_after=2021-01-01 00:00:00+00:00
[2026-02-02T14:32:38.060+0000] {processor.py:183} INFO - Processing /home/airflow/.local/lib/python3.8/site-packages/airflow/example_dags/example_trigger_controller_dag.py took 0.167 seconds
[2026-02-02T14:33:08.354+0000] {processor.py:161} INFO - Started process (PID=1461) to work on /home/airflow/.local/lib/python3.8/site-packages/airflow/example_dags/example_trigger_controller_dag.py
[2026-02-02T14:33:08.355+0000] {processor.py:830} INFO - Processing file /home/airflow/.local/lib/python3.8/site-packages/airflow/example_dags/example_trigger_controller_dag.py for tasks to queue
[2026-02-02T14:33:08.357+0000] {logging_mixin.py:188} INFO - [2026-02-02T14:33:08.357+0000] {dagbag.py:538} INFO - Filling up the DagBag from /home/airflow/.local/lib/python3.8/site-packages/airflow/example_dags/example_trigger_controller_dag.py
[2026-02-02T14:33:08.361+0000] {processor.py:840} INFO - DAG(s) 'example_trigger_controller_dag' retrieved from /home/airflow/.local/lib/python3.8/site-packages/airflow/example_dags/example_trigger_controller_dag.py
[2026-02-02T14:33:08.381+0000] {logging_mixin.py:188} INFO - [2026-02-02T14:33:08.380+0000] {dag.py:3036} INFO - Sync 1 DAGs
[2026-02-02T14:33:08.405+0000] {logging_mixin.py:188} INFO - [2026-02-02T14:33:08.405+0000] {dag.py:3823} INFO - Setting next_dagrun for example_trigger_controller_dag to 2021-01-01 00:00:00+00:00, run_after=2021-01-01 00:00:00+00:00
[2026-02-02T14:33:08.426+0000] {processor.py:183} INFO - Processing /home/airflow/.local/lib/python3.8/site-packages/airflow/example_dags/example_trigger_controller_dag.py took 0.078 seconds
[2026-02-02T14:33:38.737+0000] {processor.py:161} INFO - Started process (PID=1516) to work on /home/airflow/.local/lib/python3.8/site-packages/airflow/example_dags/example_trigger_controller_dag.py
[2026-02-02T14:33:38.738+0000] {processor.py:830} INFO - Processing file /home/airflow/.local/lib/python3.8/site-packages/airflow/example_dags/example_trigger_controller_dag.py for tasks to queue
[2026-02-02T14:33:38.740+0000] {logging_mixin.py:188} INFO - [2026-02-02T14:33:38.740+0000] {dagbag.py:538} INFO - Filling up the DagBag from /home/airflow/.local/lib/python3.8/site-packages/airflow/example_dags/example_trigger_controller_dag.py
[2026-02-02T14:33:38.744+0000] {processor.py:840} INFO - DAG(s) 'example_trigger_controller_dag' retrieved from /home/airflow/.local/lib/python3.8/site-packages/airflow/example_dags/example_trigger_controller_dag.py
[2026-02-02T14:33:38.765+0000] {logging_mixin.py:188} INFO - [2026-02-02T14:33:38.765+0000] {dag.py:3036} INFO - Sync 1 DAGs
[2026-02-02T14:33:38.790+0000] {logging_mixin.py:188} INFO - [2026-02-02T14:33:38.789+0000] {dag.py:3823} INFO - Setting next_dagrun for example_trigger_controller_dag to 2021-01-01 00:00:00+00:00, run_after=2021-01-01 00:00:00+00:00
[2026-02-02T14:33:38.811+0000] {processor.py:183} INFO - Processing /home/airflow/.local/lib/python3.8/site-packages/airflow/example_dags/example_trigger_controller_dag.py took 0.077 seconds
[2026-02-02T14:34:09.737+0000] {processor.py:161} INFO - Started process (PID=1571) to work on /home/airflow/.local/lib/python3.8/site-packages/airflow/example_dags/example_trigger_controller_dag.py
[2026-02-02T14:34:09.738+0000] {processor.py:830} INFO - Processing file /home/airflow/.local/lib/python3.8/site-packages/airflow/example_dags/example_trigger_controller_dag.py for tasks to queue
[2026-02-02T14:34:09.740+0000] {logging_mixin.py:188} INFO - [2026-02-02T14:34:09.739+0000] {dagbag.py:538} INFO - Filling up the DagBag from /home/airflow/.local/lib/python3.8/site-packages/airflow/example_dags/example_trigger_controller_dag.py
[2026-02-02T14:34:09.744+0000] {processor.py:840} INFO - DAG(s) 'example_trigger_controller_dag' retrieved from /home/airflow/.local/lib/python3.8/site-packages/airflow/example_dags/example_trigger_controller_dag.py
[2026-02-02T14:34:09.765+0000] {logging_mixin.py:188} INFO - [2026-02-02T14:34:09.765+0000] {dag.py:3036} INFO - Sync 1 DAGs
[2026-02-02T14:34:09.790+0000] {logging_mixin.py:188} INFO - [2026-02-02T14:34:09.790+0000] {dag.py:3823} INFO - Setting next_dagrun for example_trigger_controller_dag to 2021-01-01 00:00:00+00:00, run_after=2021-01-01 00:00:00+00:00
[2026-02-02T14:34:09.809+0000] {processor.py:183} INFO - Processing /home/airflow/.local/lib/python3.8/site-packages/airflow/example_dags/example_trigger_controller_dag.py took 0.076 seconds
[2026-02-02T14:34:40.511+0000] {processor.py:161} INFO - Started process (PID=1626) to work on /home/airflow/.local/lib/python3.8/site-packages/airflow/example_dags/example_trigger_controller_dag.py
[2026-02-02T14:34:40.512+0000] {processor.py:830} INFO - Processing file /home/airflow/.local/lib/python3.8/site-packages/airflow/example_dags/example_trigger_controller_dag.py for tasks to queue
[2026-02-02T14:34:40.514+0000] {logging_mixin.py:188} INFO - [2026-02-02T14:34:40.514+0000] {dagbag.py:538} INFO - Filling up the DagBag from /home/airflow/.local/lib/python3.8/site-packages/airflow/example_dags/example_trigger_controller_dag.py
[2026-02-02T14:34:40.519+0000] {processor.py:840} INFO - DAG(s) 'example_trigger_controller_dag' retrieved from /home/airflow/.local/lib/python3.8/site-packages/airflow/example_dags/example_trigger_controller_dag.py
[2026-02-02T14:34:40.539+0000] {logging_mixin.py:188} INFO - [2026-02-02T14:34:40.539+0000] {dag.py:3036} INFO - Sync 1 DAGs
[2026-02-02T14:34:40.564+0000] {logging_mixin.py:188} INFO - [2026-02-02T14:34:40.564+0000] {dag.py:3823} INFO - Setting next_dagrun for example_trigger_controller_dag to 2021-01-01 00:00:00+00:00, run_after=2021-01-01 00:00:00+00:00
[2026-02-02T14:34:40.584+0000] {processor.py:183} INFO - Processing /home/airflow/.local/lib/python3.8/site-packages/airflow/example_dags/example_trigger_controller_dag.py took 0.076 seconds
[2026-02-02T14:35:10.861+0000] {processor.py:161} INFO - Started process (PID=1681) to work on /home/airflow/.local/lib/python3.8/site-packages/airflow/example_dags/example_trigger_controller_dag.py
[2026-02-02T14:35:10.865+0000] {processor.py:830} INFO - Processing file /home/airflow/.local/lib/python3.8/site-packages/airflow/example_dags/example_trigger_controller_dag.py for tasks to queue
[2026-02-02T14:35:10.871+0000] {logging_mixin.py:188} INFO - [2026-02-02T14:35:10.871+0000] {dagbag.py:538} INFO - Filling up the DagBag from /home/airflow/.local/lib/python3.8/site-packages/airflow/example_dags/example_trigger_controller_dag.py
[2026-02-02T14:35:10.879+0000] {processor.py:840} INFO - DAG(s) 'example_trigger_controller_dag' retrieved from /home/airflow/.local/lib/python3.8/site-packages/airflow/example_dags/example_trigger_controller_dag.py
[2026-02-02T14:35:10.916+0000] {logging_mixin.py:188} INFO - [2026-02-02T14:35:10.916+0000] {dag.py:3036} INFO - Sync 1 DAGs
[2026-02-02T14:35:10.943+0000] {logging_mixin.py:188} INFO - [2026-02-02T14:35:10.943+0000] {dag.py:3823} INFO - Setting next_dagrun for example_trigger_controller_dag to 2021-01-01 00:00:00+00:00, run_after=2021-01-01 00:00:00+00:00
[2026-02-02T14:35:10.961+0000] {processor.py:183} INFO - Processing /home/airflow/.local/lib/python3.8/site-packages/airflow/example_dags/example_trigger_controller_dag.py took 0.117 seconds
[2026-02-02T14:35:41.236+0000] {processor.py:161} INFO - Started process (PID=1736) to work on /home/airflow/.local/lib/python3.8/site-packages/airflow/example_dags/example_trigger_controller_dag.py
[2026-02-02T14:35:41.237+0000] {processor.py:830} INFO - Processing file /home/airflow/.local/lib/python3.8/site-packages/airflow/example_dags/example_trigger_controller_dag.py for tasks to queue
[2026-02-02T14:35:41.239+0000] {logging_mixin.py:188} INFO - [2026-02-02T14:35:41.239+0000] {dagbag.py:538} INFO - Filling up the DagBag from /home/airflow/.local/lib/python3.8/site-packages/airflow/example_dags/example_trigger_controller_dag.py
[2026-02-02T14:35:41.244+0000] {processor.py:840} INFO - DAG(s) 'example_trigger_controller_dag' retrieved from /home/airflow/.local/lib/python3.8/site-packages/airflow/example_dags/example_trigger_controller_dag.py
[2026-02-02T14:35:41.265+0000] {logging_mixin.py:188} INFO - [2026-02-02T14:35:41.265+0000] {dag.py:3036} INFO - Sync 1 DAGs
[2026-02-02T14:35:41.290+0000] {logging_mixin.py:188} INFO - [2026-02-02T14:35:41.290+0000] {dag.py:3823} INFO - Setting next_dagrun for example_trigger_controller_dag to 2021-01-01 00:00:00+00:00, run_after=2021-01-01 00:00:00+00:00
[2026-02-02T14:35:41.306+0000] {processor.py:183} INFO - Processing /home/airflow/.local/lib/python3.8/site-packages/airflow/example_dags/example_trigger_controller_dag.py took 0.073 seconds
[2026-02-02T14:36:12.146+0000] {processor.py:161} INFO - Started process (PID=1791) to work on /home/airflow/.local/lib/python3.8/site-packages/airflow/example_dags/example_trigger_controller_dag.py
[2026-02-02T14:36:12.149+0000] {processor.py:830} INFO - Processing file /home/airflow/.local/lib/python3.8/site-packages/airflow/example_dags/example_trigger_controller_dag.py for tasks to queue
[2026-02-02T14:36:12.153+0000] {logging_mixin.py:188} INFO - [2026-02-02T14:36:12.153+0000] {dagbag.py:538} INFO - Filling up the DagBag from /home/airflow/.local/lib/python3.8/site-packages/airflow/example_dags/example_trigger_controller_dag.py
[2026-02-02T14:36:12.161+0000] {processor.py:840} INFO - DAG(s) 'example_trigger_controller_dag' retrieved from /home/airflow/.local/lib/python3.8/site-packages/airflow/example_dags/example_trigger_controller_dag.py
[2026-02-02T14:36:12.207+0000] {logging_mixin.py:188} INFO - [2026-02-02T14:36:12.207+0000] {dag.py:3036} INFO - Sync 1 DAGs
[2026-02-02T14:36:12.233+0000] {logging_mixin.py:188} INFO - [2026-02-02T14:36:12.232+0000] {dag.py:3823} INFO - Setting next_dagrun for example_trigger_controller_dag to 2021-01-01 00:00:00+00:00, run_after=2021-01-01 00:00:00+00:00
[2026-02-02T14:36:12.250+0000] {processor.py:183} INFO - Processing /home/airflow/.local/lib/python3.8/site-packages/airflow/example_dags/example_trigger_controller_dag.py took 0.112 seconds
[2026-02-02T14:36:42.445+0000] {processor.py:161} INFO - Started process (PID=1845) to work on /home/airflow/.local/lib/python3.8/site-packages/airflow/example_dags/example_trigger_controller_dag.py
[2026-02-02T14:36:42.446+0000] {processor.py:830} INFO - Processing file /home/airflow/.local/lib/python3.8/site-packages/airflow/example_dags/example_trigger_controller_dag.py for tasks to queue
[2026-02-02T14:36:42.448+0000] {logging_mixin.py:188} INFO - [2026-02-02T14:36:42.447+0000] {dagbag.py:538} INFO - Filling up the DagBag from /home/airflow/.local/lib/python3.8/site-packages/airflow/example_dags/example_trigger_controller_dag.py
[2026-02-02T14:36:42.457+0000] {processor.py:840} INFO - DAG(s) 'example_trigger_controller_dag' retrieved from /home/airflow/.local/lib/python3.8/site-packages/airflow/example_dags/example_trigger_controller_dag.py
[2026-02-02T14:36:42.485+0000] {logging_mixin.py:188} INFO - [2026-02-02T14:36:42.485+0000] {dag.py:3036} INFO - Sync 1 DAGs
[2026-02-02T14:36:42.509+0000] {logging_mixin.py:188} INFO - [2026-02-02T14:36:42.509+0000] {dag.py:3823} INFO - Setting next_dagrun for example_trigger_controller_dag to 2021-01-01 00:00:00+00:00, run_after=2021-01-01 00:00:00+00:00
[2026-02-02T14:36:42.526+0000] {processor.py:183} INFO - Processing /home/airflow/.local/lib/python3.8/site-packages/airflow/example_dags/example_trigger_controller_dag.py took 0.085 seconds
[2026-02-02T14:37:12.880+0000] {processor.py:161} INFO - Started process (PID=1901) to work on /home/airflow/.local/lib/python3.8/site-packages/airflow/example_dags/example_trigger_controller_dag.py
[2026-02-02T14:37:12.881+0000] {processor.py:830} INFO - Processing file /home/airflow/.local/lib/python3.8/site-packages/airflow/example_dags/example_trigger_controller_dag.py for tasks to queue
[2026-02-02T14:37:12.883+0000] {logging_mixin.py:188} INFO - [2026-02-02T14:37:12.883+0000] {dagbag.py:538} INFO - Filling up the DagBag from /home/airflow/.local/lib/python3.8/site-packages/airflow/example_dags/example_trigger_controller_dag.py
[2026-02-02T14:37:12.888+0000] {processor.py:840} INFO - DAG(s) 'example_trigger_controller_dag' retrieved from /home/airflow/.local/lib/python3.8/site-packages/airflow/example_dags/example_trigger_controller_dag.py
[2026-02-02T14:37:12.914+0000] {logging_mixin.py:188} INFO - [2026-02-02T14:37:12.914+0000] {dag.py:3036} INFO - Sync 1 DAGs
[2026-02-02T14:37:12.938+0000] {logging_mixin.py:188} INFO - [2026-02-02T14:37:12.938+0000] {dag.py:3823} INFO - Setting next_dagrun for example_trigger_controller_dag to 2021-01-01 00:00:00+00:00, run_after=2021-01-01 00:00:00+00:00
[2026-02-02T14:37:12.959+0000] {processor.py:183} INFO - Processing /home/airflow/.local/lib/python3.8/site-packages/airflow/example_dags/example_trigger_controller_dag.py took 0.083 seconds
[2026-02-02T14:37:43.009+0000] {processor.py:161} INFO - Started process (PID=1956) to work on /home/airflow/.local/lib/python3.8/site-packages/airflow/example_dags/example_trigger_controller_dag.py
[2026-02-02T14:37:43.010+0000] {processor.py:830} INFO - Processing file /home/airflow/.local/lib/python3.8/site-packages/airflow/example_dags/example_trigger_controller_dag.py for tasks to queue
[2026-02-02T14:37:43.011+0000] {logging_mixin.py:188} INFO - [2026-02-02T14:37:43.011+0000] {dagbag.py:538} INFO - Filling up the DagBag from /home/airflow/.local/lib/python3.8/site-packages/airflow/example_dags/example_trigger_controller_dag.py
[2026-02-02T14:37:43.016+0000] {processor.py:840} INFO - DAG(s) 'example_trigger_controller_dag' retrieved from /home/airflow/.local/lib/python3.8/site-packages/airflow/example_dags/example_trigger_controller_dag.py
[2026-02-02T14:37:43.037+0000] {logging_mixin.py:188} INFO - [2026-02-02T14:37:43.037+0000] {dag.py:3036} INFO - Sync 1 DAGs
[2026-02-02T14:37:43.062+0000] {logging_mixin.py:188} INFO - [2026-02-02T14:37:43.062+0000] {dag.py:3823} INFO - Setting next_dagrun for example_trigger_controller_dag to 2021-01-01 00:00:00+00:00, run_after=2021-01-01 00:00:00+00:00
[2026-02-02T14:37:43.080+0000] {processor.py:183} INFO - Processing /home/airflow/.local/lib/python3.8/site-packages/airflow/example_dags/example_trigger_controller_dag.py took 0.074 seconds
[2026-02-02T14:38:13.540+0000] {processor.py:161} INFO - Started process (PID=2010) to work on /home/airflow/.local/lib/python3.8/site-packages/airflow/example_dags/example_trigger_controller_dag.py
[2026-02-02T14:38:13.541+0000] {processor.py:830} INFO - Processing file /home/airflow/.local/lib/python3.8/site-packages/airflow/example_dags/example_trigger_controller_dag.py for tasks to queue
[2026-02-02T14:38:13.544+0000] {logging_mixin.py:188} INFO - [2026-02-02T14:38:13.544+0000] {dagbag.py:538} INFO - Filling up the DagBag from /home/airflow/.local/lib/python3.8/site-packages/airflow/example_dags/example_trigger_controller_dag.py
[2026-02-02T14:38:13.549+0000] {processor.py:840} INFO - DAG(s) 'example_trigger_controller_dag' retrieved from /home/airflow/.local/lib/python3.8/site-packages/airflow/example_dags/example_trigger_controller_dag.py
[2026-02-02T14:38:13.572+0000] {logging_mixin.py:188} INFO - [2026-02-02T14:38:13.571+0000] {dag.py:3036} INFO - Sync 1 DAGs
[2026-02-02T14:38:13.604+0000] {logging_mixin.py:188} INFO - [2026-02-02T14:38:13.604+0000] {dag.py:3823} INFO - Setting next_dagrun for example_trigger_controller_dag to 2021-01-01 00:00:00+00:00, run_after=2021-01-01 00:00:00+00:00
[2026-02-02T14:38:13.618+0000] {processor.py:183} INFO - Processing /home/airflow/.local/lib/python3.8/site-packages/airflow/example_dags/example_trigger_controller_dag.py took 0.083 seconds
[2026-02-02T14:38:44.746+0000] {processor.py:161} INFO - Started process (PID=2065) to work on /home/airflow/.local/lib/python3.8/site-packages/airflow/example_dags/example_trigger_controller_dag.py
[2026-02-02T14:38:44.747+0000] {processor.py:830} INFO - Processing file /home/airflow/.local/lib/python3.8/site-packages/airflow/example_dags/example_trigger_controller_dag.py for tasks to queue
[2026-02-02T14:38:44.748+0000] {logging_mixin.py:188} INFO - [2026-02-02T14:38:44.748+0000] {dagbag.py:538} INFO - Filling up the DagBag from /home/airflow/.local/lib/python3.8/site-packages/airflow/example_dags/example_trigger_controller_dag.py
[2026-02-02T14:38:44.754+0000] {processor.py:840} INFO - DAG(s) 'example_trigger_controller_dag' retrieved from /home/airflow/.local/lib/python3.8/site-packages/airflow/example_dags/example_trigger_controller_dag.py
[2026-02-02T14:38:44.777+0000] {logging_mixin.py:188} INFO - [2026-02-02T14:38:44.776+0000] {dag.py:3036} INFO - Sync 1 DAGs
[2026-02-02T14:38:44.801+0000] {logging_mixin.py:188} INFO - [2026-02-02T14:38:44.801+0000] {dag.py:3823} INFO - Setting next_dagrun for example_trigger_controller_dag to 2021-01-01 00:00:00+00:00, run_after=2021-01-01 00:00:00+00:00
[2026-02-02T14:38:44.819+0000] {processor.py:183} INFO - Processing /home/airflow/.local/lib/python3.8/site-packages/airflow/example_dags/example_trigger_controller_dag.py took 0.076 seconds
[2026-02-02T14:39:15.405+0000] {processor.py:161} INFO - Started process (PID=2120) to work on /home/airflow/.local/lib/python3.8/site-packages/airflow/example_dags/example_trigger_controller_dag.py
[2026-02-02T14:39:15.406+0000] {processor.py:830} INFO - Processing file /home/airflow/.local/lib/python3.8/site-packages/airflow/example_dags/example_trigger_controller_dag.py for tasks to queue
[2026-02-02T14:39:15.408+0000] {logging_mixin.py:188} INFO - [2026-02-02T14:39:15.407+0000] {dagbag.py:538} INFO - Filling up the DagBag from /home/airflow/.local/lib/python3.8/site-packages/airflow/example_dags/example_trigger_controller_dag.py
[2026-02-02T14:39:15.413+0000] {processor.py:840} INFO - DAG(s) 'example_trigger_controller_dag' retrieved from /home/airflow/.local/lib/python3.8/site-packages/airflow/example_dags/example_trigger_controller_dag.py
[2026-02-02T14:39:15.436+0000] {logging_mixin.py:188} INFO - [2026-02-02T14:39:15.436+0000] {dag.py:3036} INFO - Sync 1 DAGs
[2026-02-02T14:39:15.469+0000] {logging_mixin.py:188} INFO - [2026-02-02T14:39:15.469+0000] {dag.py:3823} INFO - Setting next_dagrun for example_trigger_controller_dag to 2021-01-01 00:00:00+00:00, run_after=2021-01-01 00:00:00+00:00
[2026-02-02T14:39:15.485+0000] {processor.py:183} INFO - Processing /home/airflow/.local/lib/python3.8/site-packages/airflow/example_dags/example_trigger_controller_dag.py took 0.084 seconds
[2026-02-02T14:39:46.165+0000] {processor.py:161} INFO - Started process (PID=2175) to work on /home/airflow/.local/lib/python3.8/site-packages/airflow/example_dags/example_trigger_controller_dag.py
[2026-02-02T14:39:46.166+0000] {processor.py:830} INFO - Processing file /home/airflow/.local/lib/python3.8/site-packages/airflow/example_dags/example_trigger_controller_dag.py for tasks to queue
[2026-02-02T14:39:46.168+0000] {logging_mixin.py:188} INFO - [2026-02-02T14:39:46.167+0000] {dagbag.py:538} INFO - Filling up the DagBag from /home/airflow/.local/lib/python3.8/site-packages/airflow/example_dags/example_trigger_controller_dag.py
[2026-02-02T14:39:46.173+0000] {processor.py:840} INFO - DAG(s) 'example_trigger_controller_dag' retrieved from /home/airflow/.local/lib/python3.8/site-packages/airflow/example_dags/example_trigger_controller_dag.py
[2026-02-02T14:39:46.196+0000] {logging_mixin.py:188} INFO - [2026-02-02T14:39:46.196+0000] {dag.py:3036} INFO - Sync 1 DAGs
[2026-02-02T14:39:46.222+0000] {logging_mixin.py:188} INFO - [2026-02-02T14:39:46.221+0000] {dag.py:3823} INFO - Setting next_dagrun for example_trigger_controller_dag to 2021-01-01 00:00:00+00:00, run_after=2021-01-01 00:00:00+00:00
[2026-02-02T14:39:46.243+0000] {processor.py:183} INFO - Processing /home/airflow/.local/lib/python3.8/site-packages/airflow/example_dags/example_trigger_controller_dag.py took 0.090 seconds
[2026-02-02T14:40:16.702+0000] {processor.py:161} INFO - Started process (PID=2229) to work on /home/airflow/.local/lib/python3.8/site-packages/airflow/example_dags/example_trigger_controller_dag.py
[2026-02-02T14:40:16.703+0000] {processor.py:830} INFO - Processing file /home/airflow/.local/lib/python3.8/site-packages/airflow/example_dags/example_trigger_controller_dag.py for tasks to queue
[2026-02-02T14:40:16.704+0000] {logging_mixin.py:188} INFO - [2026-02-02T14:40:16.704+0000] {dagbag.py:538} INFO - Filling up the DagBag from /home/airflow/.local/lib/python3.8/site-packages/airflow/example_dags/example_trigger_controller_dag.py
[2026-02-02T14:40:16.709+0000] {processor.py:840} INFO - DAG(s) 'example_trigger_controller_dag' retrieved from /home/airflow/.local/lib/python3.8/site-packages/airflow/example_dags/example_trigger_controller_dag.py
[2026-02-02T14:40:16.732+0000] {logging_mixin.py:188} INFO - [2026-02-02T14:40:16.731+0000] {dag.py:3036} INFO - Sync 1 DAGs
[2026-02-02T14:40:16.752+0000] {logging_mixin.py:188} INFO - [2026-02-02T14:40:16.752+0000] {dag.py:3823} INFO - Setting next_dagrun for example_trigger_controller_dag to 2021-01-01 00:00:00+00:00, run_after=2021-01-01 00:00:00+00:00
[2026-02-02T14:40:16.772+0000] {processor.py:183} INFO - Processing /home/airflow/.local/lib/python3.8/site-packages/airflow/example_dags/example_trigger_controller_dag.py took 0.073 seconds
[2026-02-02T14:40:47.150+0000] {processor.py:161} INFO - Started process (PID=2284) to work on /home/airflow/.local/lib/python3.8/site-packages/airflow/example_dags/example_trigger_controller_dag.py
[2026-02-02T14:40:47.151+0000] {processor.py:830} INFO - Processing file /home/airflow/.local/lib/python3.8/site-packages/airflow/example_dags/example_trigger_controller_dag.py for tasks to queue
[2026-02-02T14:40:47.153+0000] {logging_mixin.py:188} INFO - [2026-02-02T14:40:47.153+0000] {dagbag.py:538} INFO - Filling up the DagBag from /home/airflow/.local/lib/python3.8/site-packages/airflow/example_dags/example_trigger_controller_dag.py
[2026-02-02T14:40:47.158+0000] {processor.py:840} INFO - DAG(s) 'example_trigger_controller_dag' retrieved from /home/airflow/.local/lib/python3.8/site-packages/airflow/example_dags/example_trigger_controller_dag.py
[2026-02-02T14:40:47.178+0000] {logging_mixin.py:188} INFO - [2026-02-02T14:40:47.178+0000] {dag.py:3036} INFO - Sync 1 DAGs
[2026-02-02T14:40:47.207+0000] {logging_mixin.py:188} INFO - [2026-02-02T14:40:47.206+0000] {dag.py:3823} INFO - Setting next_dagrun for example_trigger_controller_dag to 2021-01-01 00:00:00+00:00, run_after=2021-01-01 00:00:00+00:00
[2026-02-02T14:40:47.231+0000] {processor.py:183} INFO - Processing /home/airflow/.local/lib/python3.8/site-packages/airflow/example_dags/example_trigger_controller_dag.py took 0.084 seconds
[2026-02-02T14:41:18.257+0000] {processor.py:161} INFO - Started process (PID=2340) to work on /home/airflow/.local/lib/python3.8/site-packages/airflow/example_dags/example_trigger_controller_dag.py
[2026-02-02T14:41:18.258+0000] {processor.py:830} INFO - Processing file /home/airflow/.local/lib/python3.8/site-packages/airflow/example_dags/example_trigger_controller_dag.py for tasks to queue
[2026-02-02T14:41:18.259+0000] {logging_mixin.py:188} INFO - [2026-02-02T14:41:18.259+0000] {dagbag.py:538} INFO - Filling up the DagBag from /home/airflow/.local/lib/python3.8/site-packages/airflow/example_dags/example_trigger_controller_dag.py
[2026-02-02T14:41:18.265+0000] {processor.py:840} INFO - DAG(s) 'example_trigger_controller_dag' retrieved from /home/airflow/.local/lib/python3.8/site-packages/airflow/example_dags/example_trigger_controller_dag.py
[2026-02-02T14:41:18.285+0000] {logging_mixin.py:188} INFO - [2026-02-02T14:41:18.285+0000] {dag.py:3036} INFO - Sync 1 DAGs
[2026-02-02T14:41:18.310+0000] {logging_mixin.py:188} INFO - [2026-02-02T14:41:18.309+0000] {dag.py:3823} INFO - Setting next_dagrun for example_trigger_controller_dag to 2021-01-01 00:00:00+00:00, run_after=2021-01-01 00:00:00+00:00
[2026-02-02T14:41:18.330+0000] {processor.py:183} INFO - Processing /home/airflow/.local/lib/python3.8/site-packages/airflow/example_dags/example_trigger_controller_dag.py took 0.077 seconds
[2026-02-02T14:41:49.667+0000] {processor.py:161} INFO - Started process (PID=2395) to work on /home/airflow/.local/lib/python3.8/site-packages/airflow/example_dags/example_trigger_controller_dag.py
[2026-02-02T14:41:49.669+0000] {processor.py:830} INFO - Processing file /home/airflow/.local/lib/python3.8/site-packages/airflow/example_dags/example_trigger_controller_dag.py for tasks to queue
[2026-02-02T14:41:49.673+0000] {logging_mixin.py:188} INFO - [2026-02-02T14:41:49.673+0000] {dagbag.py:538} INFO - Filling up the DagBag from /home/airflow/.local/lib/python3.8/site-packages/airflow/example_dags/example_trigger_controller_dag.py
[2026-02-02T14:41:49.684+0000] {processor.py:840} INFO - DAG(s) 'example_trigger_controller_dag' retrieved from /home/airflow/.local/lib/python3.8/site-packages/airflow/example_dags/example_trigger_controller_dag.py
[2026-02-02T14:41:49.726+0000] {logging_mixin.py:188} INFO - [2026-02-02T14:41:49.726+0000] {dag.py:3036} INFO - Sync 1 DAGs
[2026-02-02T14:41:49.771+0000] {logging_mixin.py:188} INFO - [2026-02-02T14:41:49.771+0000] {dag.py:3823} INFO - Setting next_dagrun for example_trigger_controller_dag to 2021-01-01 00:00:00+00:00, run_after=2021-01-01 00:00:00+00:00
[2026-02-02T14:41:49.806+0000] {processor.py:183} INFO - Processing /home/airflow/.local/lib/python3.8/site-packages/airflow/example_dags/example_trigger_controller_dag.py took 0.149 seconds
[2026-02-02T14:42:20.114+0000] {processor.py:161} INFO - Started process (PID=2450) to work on /home/airflow/.local/lib/python3.8/site-packages/airflow/example_dags/example_trigger_controller_dag.py
[2026-02-02T14:42:20.114+0000] {processor.py:830} INFO - Processing file /home/airflow/.local/lib/python3.8/site-packages/airflow/example_dags/example_trigger_controller_dag.py for tasks to queue
[2026-02-02T14:42:20.116+0000] {logging_mixin.py:188} INFO - [2026-02-02T14:42:20.116+0000] {dagbag.py:538} INFO - Filling up the DagBag from /home/airflow/.local/lib/python3.8/site-packages/airflow/example_dags/example_trigger_controller_dag.py
[2026-02-02T14:42:20.121+0000] {processor.py:840} INFO - DAG(s) 'example_trigger_controller_dag' retrieved from /home/airflow/.local/lib/python3.8/site-packages/airflow/example_dags/example_trigger_controller_dag.py
[2026-02-02T14:42:20.142+0000] {logging_mixin.py:188} INFO - [2026-02-02T14:42:20.142+0000] {dag.py:3036} INFO - Sync 1 DAGs
[2026-02-02T14:42:20.173+0000] {logging_mixin.py:188} INFO - [2026-02-02T14:42:20.173+0000] {dag.py:3823} INFO - Setting next_dagrun for example_trigger_controller_dag to 2021-01-01 00:00:00+00:00, run_after=2021-01-01 00:00:00+00:00
[2026-02-02T14:42:20.228+0000] {processor.py:183} INFO - Processing /home/airflow/.local/lib/python3.8/site-packages/airflow/example_dags/example_trigger_controller_dag.py took 0.117 seconds
[2026-02-02T14:42:50.635+0000] {processor.py:161} INFO - Started process (PID=2505) to work on /home/airflow/.local/lib/python3.8/site-packages/airflow/example_dags/example_trigger_controller_dag.py
[2026-02-02T14:42:50.636+0000] {processor.py:830} INFO - Processing file /home/airflow/.local/lib/python3.8/site-packages/airflow/example_dags/example_trigger_controller_dag.py for tasks to queue
[2026-02-02T14:42:50.637+0000] {logging_mixin.py:188} INFO - [2026-02-02T14:42:50.637+0000] {dagbag.py:538} INFO - Filling up the DagBag from /home/airflow/.local/lib/python3.8/site-packages/airflow/example_dags/example_trigger_controller_dag.py
[2026-02-02T14:42:50.642+0000] {processor.py:840} INFO - DAG(s) 'example_trigger_controller_dag' retrieved from /home/airflow/.local/lib/python3.8/site-packages/airflow/example_dags/example_trigger_controller_dag.py
[2026-02-02T14:42:50.663+0000] {logging_mixin.py:188} INFO - [2026-02-02T14:42:50.663+0000] {dag.py:3036} INFO - Sync 1 DAGs
[2026-02-02T14:42:50.691+0000] {logging_mixin.py:188} INFO - [2026-02-02T14:42:50.691+0000] {dag.py:3823} INFO - Setting next_dagrun for example_trigger_controller_dag to 2021-01-01 00:00:00+00:00, run_after=2021-01-01 00:00:00+00:00
[2026-02-02T14:42:50.710+0000] {processor.py:183} INFO - Processing /home/airflow/.local/lib/python3.8/site-packages/airflow/example_dags/example_trigger_controller_dag.py took 0.079 seconds
[2026-02-02T14:43:20.886+0000] {processor.py:161} INFO - Started process (PID=2559) to work on /home/airflow/.local/lib/python3.8/site-packages/airflow/example_dags/example_trigger_controller_dag.py
[2026-02-02T14:43:20.887+0000] {processor.py:830} INFO - Processing file /home/airflow/.local/lib/python3.8/site-packages/airflow/example_dags/example_trigger_controller_dag.py for tasks to queue
[2026-02-02T14:43:20.889+0000] {logging_mixin.py:188} INFO - [2026-02-02T14:43:20.889+0000] {dagbag.py:538} INFO - Filling up the DagBag from /home/airflow/.local/lib/python3.8/site-packages/airflow/example_dags/example_trigger_controller_dag.py
[2026-02-02T14:43:20.900+0000] {processor.py:840} INFO - DAG(s) 'example_trigger_controller_dag' retrieved from /home/airflow/.local/lib/python3.8/site-packages/airflow/example_dags/example_trigger_controller_dag.py
[2026-02-02T14:43:20.934+0000] {logging_mixin.py:188} INFO - [2026-02-02T14:43:20.933+0000] {dag.py:3036} INFO - Sync 1 DAGs
[2026-02-02T14:43:20.958+0000] {logging_mixin.py:188} INFO - [2026-02-02T14:43:20.958+0000] {dag.py:3823} INFO - Setting next_dagrun for example_trigger_controller_dag to 2021-01-01 00:00:00+00:00, run_after=2021-01-01 00:00:00+00:00
[2026-02-02T14:43:20.981+0000] {processor.py:183} INFO - Processing /home/airflow/.local/lib/python3.8/site-packages/airflow/example_dags/example_trigger_controller_dag.py took 0.099 seconds
[2026-02-02T14:43:51.885+0000] {processor.py:161} INFO - Started process (PID=2614) to work on /home/airflow/.local/lib/python3.8/site-packages/airflow/example_dags/example_trigger_controller_dag.py
[2026-02-02T14:43:51.886+0000] {processor.py:830} INFO - Processing file /home/airflow/.local/lib/python3.8/site-packages/airflow/example_dags/example_trigger_controller_dag.py for tasks to queue
[2026-02-02T14:43:51.888+0000] {logging_mixin.py:188} INFO - [2026-02-02T14:43:51.887+0000] {dagbag.py:538} INFO - Filling up the DagBag from /home/airflow/.local/lib/python3.8/site-packages/airflow/example_dags/example_trigger_controller_dag.py
[2026-02-02T14:43:51.892+0000] {processor.py:840} INFO - DAG(s) 'example_trigger_controller_dag' retrieved from /home/airflow/.local/lib/python3.8/site-packages/airflow/example_dags/example_trigger_controller_dag.py
[2026-02-02T14:43:51.918+0000] {logging_mixin.py:188} INFO - [2026-02-02T14:43:51.917+0000] {dag.py:3036} INFO - Sync 1 DAGs
[2026-02-02T14:43:52.157+0000] {logging_mixin.py:188} INFO - [2026-02-02T14:43:52.157+0000] {dag.py:3823} INFO - Setting next_dagrun for example_trigger_controller_dag to 2021-01-01 00:00:00+00:00, run_after=2021-01-01 00:00:00+00:00
[2026-02-02T14:43:52.174+0000] {processor.py:183} INFO - Processing /home/airflow/.local/lib/python3.8/site-packages/airflow/example_dags/example_trigger_controller_dag.py took 0.293 seconds
[2026-02-02T14:44:22.667+0000] {processor.py:161} INFO - Started process (PID=2669) to work on /home/airflow/.local/lib/python3.8/site-packages/airflow/example_dags/example_trigger_controller_dag.py
[2026-02-02T14:44:22.667+0000] {processor.py:830} INFO - Processing file /home/airflow/.local/lib/python3.8/site-packages/airflow/example_dags/example_trigger_controller_dag.py for tasks to queue
[2026-02-02T14:44:22.669+0000] {logging_mixin.py:188} INFO - [2026-02-02T14:44:22.669+0000] {dagbag.py:538} INFO - Filling up the DagBag from /home/airflow/.local/lib/python3.8/site-packages/airflow/example_dags/example_trigger_controller_dag.py
[2026-02-02T14:44:22.673+0000] {processor.py:840} INFO - DAG(s) 'example_trigger_controller_dag' retrieved from /home/airflow/.local/lib/python3.8/site-packages/airflow/example_dags/example_trigger_controller_dag.py
[2026-02-02T14:44:22.691+0000] {logging_mixin.py:188} INFO - [2026-02-02T14:44:22.691+0000] {dag.py:3036} INFO - Sync 1 DAGs
[2026-02-02T14:44:22.842+0000] {logging_mixin.py:188} INFO - [2026-02-02T14:44:22.842+0000] {dag.py:3823} INFO - Setting next_dagrun for example_trigger_controller_dag to 2021-01-01 00:00:00+00:00, run_after=2021-01-01 00:00:00+00:00
[2026-02-02T14:44:22.855+0000] {processor.py:183} INFO - Processing /home/airflow/.local/lib/python3.8/site-packages/airflow/example_dags/example_trigger_controller_dag.py took 0.191 seconds
[2026-02-02T14:44:53.804+0000] {processor.py:161} INFO - Started process (PID=2724) to work on /home/airflow/.local/lib/python3.8/site-packages/airflow/example_dags/example_trigger_controller_dag.py
[2026-02-02T14:44:53.805+0000] {processor.py:830} INFO - Processing file /home/airflow/.local/lib/python3.8/site-packages/airflow/example_dags/example_trigger_controller_dag.py for tasks to queue
[2026-02-02T14:44:53.807+0000] {logging_mixin.py:188} INFO - [2026-02-02T14:44:53.807+0000] {dagbag.py:538} INFO - Filling up the DagBag from /home/airflow/.local/lib/python3.8/site-packages/airflow/example_dags/example_trigger_controller_dag.py
[2026-02-02T14:44:53.812+0000] {processor.py:840} INFO - DAG(s) 'example_trigger_controller_dag' retrieved from /home/airflow/.local/lib/python3.8/site-packages/airflow/example_dags/example_trigger_controller_dag.py
[2026-02-02T14:44:53.833+0000] {logging_mixin.py:188} INFO - [2026-02-02T14:44:53.833+0000] {dag.py:3036} INFO - Sync 1 DAGs
[2026-02-02T14:44:53.859+0000] {logging_mixin.py:188} INFO - [2026-02-02T14:44:53.858+0000] {dag.py:3823} INFO - Setting next_dagrun for example_trigger_controller_dag to 2021-01-01 00:00:00+00:00, run_after=2021-01-01 00:00:00+00:00
[2026-02-02T14:44:53.881+0000] {processor.py:183} INFO - Processing /home/airflow/.local/lib/python3.8/site-packages/airflow/example_dags/example_trigger_controller_dag.py took 0.080 seconds
[2026-02-02T14:45:24.510+0000] {processor.py:161} INFO - Started process (PID=2781) to work on /home/airflow/.local/lib/python3.8/site-packages/airflow/example_dags/example_trigger_controller_dag.py
[2026-02-02T14:45:24.511+0000] {processor.py:830} INFO - Processing file /home/airflow/.local/lib/python3.8/site-packages/airflow/example_dags/example_trigger_controller_dag.py for tasks to queue
[2026-02-02T14:45:24.513+0000] {logging_mixin.py:188} INFO - [2026-02-02T14:45:24.513+0000] {dagbag.py:538} INFO - Filling up the DagBag from /home/airflow/.local/lib/python3.8/site-packages/airflow/example_dags/example_trigger_controller_dag.py
[2026-02-02T14:45:24.519+0000] {processor.py:840} INFO - DAG(s) 'example_trigger_controller_dag' retrieved from /home/airflow/.local/lib/python3.8/site-packages/airflow/example_dags/example_trigger_controller_dag.py
[2026-02-02T14:45:24.540+0000] {logging_mixin.py:188} INFO - [2026-02-02T14:45:24.540+0000] {dag.py:3036} INFO - Sync 1 DAGs
[2026-02-02T14:45:24.565+0000] {logging_mixin.py:188} INFO - [2026-02-02T14:45:24.565+0000] {dag.py:3823} INFO - Setting next_dagrun for example_trigger_controller_dag to 2021-01-01 00:00:00+00:00, run_after=2021-01-01 00:00:00+00:00
[2026-02-02T14:45:24.587+0000] {processor.py:183} INFO - Processing /home/airflow/.local/lib/python3.8/site-packages/airflow/example_dags/example_trigger_controller_dag.py took 0.080 seconds
[2026-02-02T14:45:54.662+0000] {processor.py:161} INFO - Started process (PID=2836) to work on /home/airflow/.local/lib/python3.8/site-packages/airflow/example_dags/example_trigger_controller_dag.py
[2026-02-02T14:45:54.663+0000] {processor.py:830} INFO - Processing file /home/airflow/.local/lib/python3.8/site-packages/airflow/example_dags/example_trigger_controller_dag.py for tasks to queue
[2026-02-02T14:45:54.667+0000] {logging_mixin.py:188} INFO - [2026-02-02T14:45:54.667+0000] {dagbag.py:538} INFO - Filling up the DagBag from /home/airflow/.local/lib/python3.8/site-packages/airflow/example_dags/example_trigger_controller_dag.py
[2026-02-02T14:45:54.675+0000] {processor.py:840} INFO - DAG(s) 'example_trigger_controller_dag' retrieved from /home/airflow/.local/lib/python3.8/site-packages/airflow/example_dags/example_trigger_controller_dag.py
[2026-02-02T14:45:54.697+0000] {logging_mixin.py:188} INFO - [2026-02-02T14:45:54.697+0000] {dag.py:3036} INFO - Sync 1 DAGs
[2026-02-02T14:45:54.722+0000] {logging_mixin.py:188} INFO - [2026-02-02T14:45:54.722+0000] {dag.py:3823} INFO - Setting next_dagrun for example_trigger_controller_dag to 2021-01-01 00:00:00+00:00, run_after=2021-01-01 00:00:00+00:00
[2026-02-02T14:45:54.743+0000] {processor.py:183} INFO - Processing /home/airflow/.local/lib/python3.8/site-packages/airflow/example_dags/example_trigger_controller_dag.py took 0.084 seconds
[2026-02-02T14:46:24.919+0000] {processor.py:161} INFO - Started process (PID=2891) to work on /home/airflow/.local/lib/python3.8/site-packages/airflow/example_dags/example_trigger_controller_dag.py
[2026-02-02T14:46:24.920+0000] {processor.py:830} INFO - Processing file /home/airflow/.local/lib/python3.8/site-packages/airflow/example_dags/example_trigger_controller_dag.py for tasks to queue
[2026-02-02T14:46:24.921+0000] {logging_mixin.py:188} INFO - [2026-02-02T14:46:24.921+0000] {dagbag.py:538} INFO - Filling up the DagBag from /home/airflow/.local/lib/python3.8/site-packages/airflow/example_dags/example_trigger_controller_dag.py
[2026-02-02T14:46:24.928+0000] {processor.py:840} INFO - DAG(s) 'example_trigger_controller_dag' retrieved from /home/airflow/.local/lib/python3.8/site-packages/airflow/example_dags/example_trigger_controller_dag.py
[2026-02-02T14:46:24.951+0000] {logging_mixin.py:188} INFO - [2026-02-02T14:46:24.950+0000] {dag.py:3036} INFO - Sync 1 DAGs
[2026-02-02T14:46:24.976+0000] {logging_mixin.py:188} INFO - [2026-02-02T14:46:24.975+0000] {dag.py:3823} INFO - Setting next_dagrun for example_trigger_controller_dag to 2021-01-01 00:00:00+00:00, run_after=2021-01-01 00:00:00+00:00
[2026-02-02T14:46:25.006+0000] {processor.py:183} INFO - Processing /home/airflow/.local/lib/python3.8/site-packages/airflow/example_dags/example_trigger_controller_dag.py took 0.091 seconds
[2026-02-02T14:46:55.183+0000] {processor.py:161} INFO - Started process (PID=2947) to work on /home/airflow/.local/lib/python3.8/site-packages/airflow/example_dags/example_trigger_controller_dag.py
[2026-02-02T14:46:55.183+0000] {processor.py:830} INFO - Processing file /home/airflow/.local/lib/python3.8/site-packages/airflow/example_dags/example_trigger_controller_dag.py for tasks to queue
[2026-02-02T14:46:55.185+0000] {logging_mixin.py:188} INFO - [2026-02-02T14:46:55.185+0000] {dagbag.py:538} INFO - Filling up the DagBag from /home/airflow/.local/lib/python3.8/site-packages/airflow/example_dags/example_trigger_controller_dag.py
[2026-02-02T14:46:55.195+0000] {processor.py:840} INFO - DAG(s) 'example_trigger_controller_dag' retrieved from /home/airflow/.local/lib/python3.8/site-packages/airflow/example_dags/example_trigger_controller_dag.py
[2026-02-02T14:46:55.254+0000] {logging_mixin.py:188} INFO - [2026-02-02T14:46:55.254+0000] {dag.py:3036} INFO - Sync 1 DAGs
[2026-02-02T14:46:55.310+0000] {logging_mixin.py:188} INFO - [2026-02-02T14:46:55.310+0000] {dag.py:3823} INFO - Setting next_dagrun for example_trigger_controller_dag to 2021-01-01 00:00:00+00:00, run_after=2021-01-01 00:00:00+00:00
[2026-02-02T14:46:55.331+0000] {processor.py:183} INFO - Processing /home/airflow/.local/lib/python3.8/site-packages/airflow/example_dags/example_trigger_controller_dag.py took 0.152 seconds
[2026-02-02T14:47:26.395+0000] {processor.py:161} INFO - Started process (PID=3004) to work on /home/airflow/.local/lib/python3.8/site-packages/airflow/example_dags/example_trigger_controller_dag.py
[2026-02-02T14:47:26.395+0000] {processor.py:830} INFO - Processing file /home/airflow/.local/lib/python3.8/site-packages/airflow/example_dags/example_trigger_controller_dag.py for tasks to queue
[2026-02-02T14:47:26.397+0000] {logging_mixin.py:188} INFO - [2026-02-02T14:47:26.397+0000] {dagbag.py:538} INFO - Filling up the DagBag from /home/airflow/.local/lib/python3.8/site-packages/airflow/example_dags/example_trigger_controller_dag.py
[2026-02-02T14:47:26.402+0000] {processor.py:840} INFO - DAG(s) 'example_trigger_controller_dag' retrieved from /home/airflow/.local/lib/python3.8/site-packages/airflow/example_dags/example_trigger_controller_dag.py
[2026-02-02T14:47:26.425+0000] {logging_mixin.py:188} INFO - [2026-02-02T14:47:26.424+0000] {dag.py:3036} INFO - Sync 1 DAGs
[2026-02-02T14:47:26.450+0000] {logging_mixin.py:188} INFO - [2026-02-02T14:47:26.450+0000] {dag.py:3823} INFO - Setting next_dagrun for example_trigger_controller_dag to 2021-01-01 00:00:00+00:00, run_after=2021-01-01 00:00:00+00:00
[2026-02-02T14:47:26.467+0000] {processor.py:183} INFO - Processing /home/airflow/.local/lib/python3.8/site-packages/airflow/example_dags/example_trigger_controller_dag.py took 0.077 seconds
[2026-02-02T14:47:57.373+0000] {processor.py:161} INFO - Started process (PID=3061) to work on /home/airflow/.local/lib/python3.8/site-packages/airflow/example_dags/example_trigger_controller_dag.py
[2026-02-02T14:47:57.375+0000] {processor.py:830} INFO - Processing file /home/airflow/.local/lib/python3.8/site-packages/airflow/example_dags/example_trigger_controller_dag.py for tasks to queue
[2026-02-02T14:47:57.377+0000] {logging_mixin.py:188} INFO - [2026-02-02T14:47:57.377+0000] {dagbag.py:538} INFO - Filling up the DagBag from /home/airflow/.local/lib/python3.8/site-packages/airflow/example_dags/example_trigger_controller_dag.py
[2026-02-02T14:47:57.387+0000] {processor.py:840} INFO - DAG(s) 'example_trigger_controller_dag' retrieved from /home/airflow/.local/lib/python3.8/site-packages/airflow/example_dags/example_trigger_controller_dag.py
[2026-02-02T14:47:57.430+0000] {logging_mixin.py:188} INFO - [2026-02-02T14:47:57.430+0000] {dag.py:3036} INFO - Sync 1 DAGs
[2026-02-02T14:47:57.474+0000] {logging_mixin.py:188} INFO - [2026-02-02T14:47:57.474+0000] {dag.py:3823} INFO - Setting next_dagrun for example_trigger_controller_dag to 2021-01-01 00:00:00+00:00, run_after=2021-01-01 00:00:00+00:00
[2026-02-02T14:47:57.508+0000] {processor.py:183} INFO - Processing /home/airflow/.local/lib/python3.8/site-packages/airflow/example_dags/example_trigger_controller_dag.py took 0.142 seconds
[2026-02-02T14:48:27.640+0000] {processor.py:161} INFO - Started process (PID=3117) to work on /home/airflow/.local/lib/python3.8/site-packages/airflow/example_dags/example_trigger_controller_dag.py
[2026-02-02T14:48:27.644+0000] {processor.py:830} INFO - Processing file /home/airflow/.local/lib/python3.8/site-packages/airflow/example_dags/example_trigger_controller_dag.py for tasks to queue
[2026-02-02T14:48:27.646+0000] {logging_mixin.py:188} INFO - [2026-02-02T14:48:27.646+0000] {dagbag.py:538} INFO - Filling up the DagBag from /home/airflow/.local/lib/python3.8/site-packages/airflow/example_dags/example_trigger_controller_dag.py
[2026-02-02T14:48:27.651+0000] {processor.py:840} INFO - DAG(s) 'example_trigger_controller_dag' retrieved from /home/airflow/.local/lib/python3.8/site-packages/airflow/example_dags/example_trigger_controller_dag.py
[2026-02-02T14:48:27.673+0000] {logging_mixin.py:188} INFO - [2026-02-02T14:48:27.672+0000] {dag.py:3036} INFO - Sync 1 DAGs
[2026-02-02T14:48:27.709+0000] {logging_mixin.py:188} INFO - [2026-02-02T14:48:27.709+0000] {dag.py:3823} INFO - Setting next_dagrun for example_trigger_controller_dag to 2021-01-01 00:00:00+00:00, run_after=2021-01-01 00:00:00+00:00
[2026-02-02T14:48:27.751+0000] {processor.py:183} INFO - Processing /home/airflow/.local/lib/python3.8/site-packages/airflow/example_dags/example_trigger_controller_dag.py took 0.115 seconds
[2026-02-02T14:48:58.033+0000] {processor.py:161} INFO - Started process (PID=3172) to work on /home/airflow/.local/lib/python3.8/site-packages/airflow/example_dags/example_trigger_controller_dag.py
[2026-02-02T14:48:58.034+0000] {processor.py:830} INFO - Processing file /home/airflow/.local/lib/python3.8/site-packages/airflow/example_dags/example_trigger_controller_dag.py for tasks to queue
[2026-02-02T14:48:58.036+0000] {logging_mixin.py:188} INFO - [2026-02-02T14:48:58.036+0000] {dagbag.py:538} INFO - Filling up the DagBag from /home/airflow/.local/lib/python3.8/site-packages/airflow/example_dags/example_trigger_controller_dag.py
[2026-02-02T14:48:58.041+0000] {processor.py:840} INFO - DAG(s) 'example_trigger_controller_dag' retrieved from /home/airflow/.local/lib/python3.8/site-packages/airflow/example_dags/example_trigger_controller_dag.py
[2026-02-02T14:48:58.062+0000] {logging_mixin.py:188} INFO - [2026-02-02T14:48:58.061+0000] {dag.py:3036} INFO - Sync 1 DAGs
[2026-02-02T14:48:58.087+0000] {logging_mixin.py:188} INFO - [2026-02-02T14:48:58.087+0000] {dag.py:3823} INFO - Setting next_dagrun for example_trigger_controller_dag to 2021-01-01 00:00:00+00:00, run_after=2021-01-01 00:00:00+00:00
[2026-02-02T14:48:58.105+0000] {processor.py:183} INFO - Processing /home/airflow/.local/lib/python3.8/site-packages/airflow/example_dags/example_trigger_controller_dag.py took 0.076 seconds
[2026-02-02T14:49:28.438+0000] {processor.py:161} INFO - Started process (PID=3228) to work on /home/airflow/.local/lib/python3.8/site-packages/airflow/example_dags/example_trigger_controller_dag.py
[2026-02-02T14:49:28.439+0000] {processor.py:830} INFO - Processing file /home/airflow/.local/lib/python3.8/site-packages/airflow/example_dags/example_trigger_controller_dag.py for tasks to queue
[2026-02-02T14:49:28.441+0000] {logging_mixin.py:188} INFO - [2026-02-02T14:49:28.441+0000] {dagbag.py:538} INFO - Filling up the DagBag from /home/airflow/.local/lib/python3.8/site-packages/airflow/example_dags/example_trigger_controller_dag.py
[2026-02-02T14:49:28.447+0000] {processor.py:840} INFO - DAG(s) 'example_trigger_controller_dag' retrieved from /home/airflow/.local/lib/python3.8/site-packages/airflow/example_dags/example_trigger_controller_dag.py
[2026-02-02T14:49:28.468+0000] {logging_mixin.py:188} INFO - [2026-02-02T14:49:28.468+0000] {dag.py:3036} INFO - Sync 1 DAGs
[2026-02-02T14:49:28.493+0000] {logging_mixin.py:188} INFO - [2026-02-02T14:49:28.493+0000] {dag.py:3823} INFO - Setting next_dagrun for example_trigger_controller_dag to 2021-01-01 00:00:00+00:00, run_after=2021-01-01 00:00:00+00:00
[2026-02-02T14:49:28.511+0000] {processor.py:183} INFO - Processing /home/airflow/.local/lib/python3.8/site-packages/airflow/example_dags/example_trigger_controller_dag.py took 0.077 seconds
[2026-02-02T14:49:58.941+0000] {processor.py:161} INFO - Started process (PID=3284) to work on /home/airflow/.local/lib/python3.8/site-packages/airflow/example_dags/example_trigger_controller_dag.py
[2026-02-02T14:49:58.942+0000] {processor.py:830} INFO - Processing file /home/airflow/.local/lib/python3.8/site-packages/airflow/example_dags/example_trigger_controller_dag.py for tasks to queue
[2026-02-02T14:49:58.944+0000] {logging_mixin.py:188} INFO - [2026-02-02T14:49:58.944+0000] {dagbag.py:538} INFO - Filling up the DagBag from /home/airflow/.local/lib/python3.8/site-packages/airflow/example_dags/example_trigger_controller_dag.py
[2026-02-02T14:49:58.949+0000] {processor.py:840} INFO - DAG(s) 'example_trigger_controller_dag' retrieved from /home/airflow/.local/lib/python3.8/site-packages/airflow/example_dags/example_trigger_controller_dag.py
[2026-02-02T14:49:58.971+0000] {logging_mixin.py:188} INFO - [2026-02-02T14:49:58.971+0000] {dag.py:3036} INFO - Sync 1 DAGs
[2026-02-02T14:49:58.998+0000] {logging_mixin.py:188} INFO - [2026-02-02T14:49:58.998+0000] {dag.py:3823} INFO - Setting next_dagrun for example_trigger_controller_dag to 2021-01-01 00:00:00+00:00, run_after=2021-01-01 00:00:00+00:00
[2026-02-02T14:49:59.017+0000] {processor.py:183} INFO - Processing /home/airflow/.local/lib/python3.8/site-packages/airflow/example_dags/example_trigger_controller_dag.py took 0.080 seconds
[2026-02-02T14:50:29.190+0000] {processor.py:161} INFO - Started process (PID=3340) to work on /home/airflow/.local/lib/python3.8/site-packages/airflow/example_dags/example_trigger_controller_dag.py
[2026-02-02T14:50:29.191+0000] {processor.py:830} INFO - Processing file /home/airflow/.local/lib/python3.8/site-packages/airflow/example_dags/example_trigger_controller_dag.py for tasks to queue
[2026-02-02T14:50:29.192+0000] {logging_mixin.py:188} INFO - [2026-02-02T14:50:29.192+0000] {dagbag.py:538} INFO - Filling up the DagBag from /home/airflow/.local/lib/python3.8/site-packages/airflow/example_dags/example_trigger_controller_dag.py
[2026-02-02T14:50:29.197+0000] {processor.py:840} INFO - DAG(s) 'example_trigger_controller_dag' retrieved from /home/airflow/.local/lib/python3.8/site-packages/airflow/example_dags/example_trigger_controller_dag.py
[2026-02-02T14:50:29.218+0000] {logging_mixin.py:188} INFO - [2026-02-02T14:50:29.218+0000] {dag.py:3036} INFO - Sync 1 DAGs
[2026-02-02T14:50:29.244+0000] {logging_mixin.py:188} INFO - [2026-02-02T14:50:29.243+0000] {dag.py:3823} INFO - Setting next_dagrun for example_trigger_controller_dag to 2021-01-01 00:00:00+00:00, run_after=2021-01-01 00:00:00+00:00
[2026-02-02T14:50:29.262+0000] {processor.py:183} INFO - Processing /home/airflow/.local/lib/python3.8/site-packages/airflow/example_dags/example_trigger_controller_dag.py took 0.076 seconds
