[2026-02-02T14:20:37.291+0000] {processor.py:161} INFO - Started process (PID=112) to work on /home/airflow/.local/lib/python3.8/site-packages/airflow/example_dags/example_bash_operator.py
[2026-02-02T14:20:37.292+0000] {processor.py:830} INFO - Processing file /home/airflow/.local/lib/python3.8/site-packages/airflow/example_dags/example_bash_operator.py for tasks to queue
[2026-02-02T14:20:37.300+0000] {logging_mixin.py:188} INFO - [2026-02-02T14:20:37.300+0000] {dagbag.py:538} INFO - Filling up the DagBag from /home/airflow/.local/lib/python3.8/site-packages/airflow/example_dags/example_bash_operator.py
[2026-02-02T14:20:37.334+0000] {processor.py:840} INFO - DAG(s) 'example_bash_operator' retrieved from /home/airflow/.local/lib/python3.8/site-packages/airflow/example_dags/example_bash_operator.py
[2026-02-02T14:20:37.805+0000] {logging_mixin.py:188} INFO - [2026-02-02T14:20:37.805+0000] {override.py:1769} INFO - Created Permission View: can edit on DAG:example_bash_operator
[2026-02-02T14:20:37.815+0000] {logging_mixin.py:188} INFO - [2026-02-02T14:20:37.815+0000] {override.py:1769} INFO - Created Permission View: can delete on DAG:example_bash_operator
[2026-02-02T14:20:37.826+0000] {logging_mixin.py:188} INFO - [2026-02-02T14:20:37.826+0000] {override.py:1769} INFO - Created Permission View: can read on DAG:example_bash_operator
[2026-02-02T14:20:37.827+0000] {logging_mixin.py:188} INFO - [2026-02-02T14:20:37.827+0000] {dag.py:3036} INFO - Sync 1 DAGs
[2026-02-02T14:20:37.840+0000] {logging_mixin.py:188} INFO - [2026-02-02T14:20:37.840+0000] {dag.py:3058} INFO - Creating ORM DAG for example_bash_operator
[2026-02-02T14:20:37.856+0000] {logging_mixin.py:188} INFO - [2026-02-02T14:20:37.855+0000] {dag.py:3823} INFO - Setting next_dagrun for example_bash_operator to 2026-02-01 00:00:00+00:00, run_after=2026-02-02 00:00:00+00:00
[2026-02-02T14:20:37.884+0000] {processor.py:183} INFO - Processing /home/airflow/.local/lib/python3.8/site-packages/airflow/example_dags/example_bash_operator.py took 0.610 seconds
[2026-02-02T14:21:08.650+0000] {processor.py:161} INFO - Started process (PID=167) to work on /home/airflow/.local/lib/python3.8/site-packages/airflow/example_dags/example_bash_operator.py
[2026-02-02T14:21:08.651+0000] {processor.py:830} INFO - Processing file /home/airflow/.local/lib/python3.8/site-packages/airflow/example_dags/example_bash_operator.py for tasks to queue
[2026-02-02T14:21:08.653+0000] {logging_mixin.py:188} INFO - [2026-02-02T14:21:08.653+0000] {dagbag.py:538} INFO - Filling up the DagBag from /home/airflow/.local/lib/python3.8/site-packages/airflow/example_dags/example_bash_operator.py
[2026-02-02T14:21:08.671+0000] {processor.py:840} INFO - DAG(s) 'example_bash_operator' retrieved from /home/airflow/.local/lib/python3.8/site-packages/airflow/example_dags/example_bash_operator.py
[2026-02-02T14:21:08.707+0000] {logging_mixin.py:188} INFO - [2026-02-02T14:21:08.707+0000] {dag.py:3036} INFO - Sync 1 DAGs
[2026-02-02T14:21:08.739+0000] {logging_mixin.py:188} INFO - [2026-02-02T14:21:08.739+0000] {dag.py:3823} INFO - Setting next_dagrun for example_bash_operator to 2026-02-01 00:00:00+00:00, run_after=2026-02-02 00:00:00+00:00
[2026-02-02T14:21:08.758+0000] {processor.py:183} INFO - Processing /home/airflow/.local/lib/python3.8/site-packages/airflow/example_dags/example_bash_operator.py took 0.112 seconds
[2026-02-02T14:21:39.197+0000] {processor.py:161} INFO - Started process (PID=222) to work on /home/airflow/.local/lib/python3.8/site-packages/airflow/example_dags/example_bash_operator.py
[2026-02-02T14:21:39.199+0000] {processor.py:830} INFO - Processing file /home/airflow/.local/lib/python3.8/site-packages/airflow/example_dags/example_bash_operator.py for tasks to queue
[2026-02-02T14:21:39.203+0000] {logging_mixin.py:188} INFO - [2026-02-02T14:21:39.203+0000] {dagbag.py:538} INFO - Filling up the DagBag from /home/airflow/.local/lib/python3.8/site-packages/airflow/example_dags/example_bash_operator.py
[2026-02-02T14:21:39.256+0000] {processor.py:840} INFO - DAG(s) 'example_bash_operator' retrieved from /home/airflow/.local/lib/python3.8/site-packages/airflow/example_dags/example_bash_operator.py
[2026-02-02T14:21:39.383+0000] {logging_mixin.py:188} INFO - [2026-02-02T14:21:39.380+0000] {dag.py:3036} INFO - Sync 1 DAGs
[2026-02-02T14:21:39.468+0000] {logging_mixin.py:188} INFO - [2026-02-02T14:21:39.467+0000] {dag.py:3823} INFO - Setting next_dagrun for example_bash_operator to 2026-02-01 00:00:00+00:00, run_after=2026-02-02 00:00:00+00:00
[2026-02-02T14:21:39.519+0000] {processor.py:183} INFO - Processing /home/airflow/.local/lib/python3.8/site-packages/airflow/example_dags/example_bash_operator.py took 0.332 seconds
[2026-02-02T14:22:09.824+0000] {processor.py:161} INFO - Started process (PID=277) to work on /home/airflow/.local/lib/python3.8/site-packages/airflow/example_dags/example_bash_operator.py
[2026-02-02T14:22:09.825+0000] {processor.py:830} INFO - Processing file /home/airflow/.local/lib/python3.8/site-packages/airflow/example_dags/example_bash_operator.py for tasks to queue
[2026-02-02T14:22:09.827+0000] {logging_mixin.py:188} INFO - [2026-02-02T14:22:09.826+0000] {dagbag.py:538} INFO - Filling up the DagBag from /home/airflow/.local/lib/python3.8/site-packages/airflow/example_dags/example_bash_operator.py
[2026-02-02T14:22:09.844+0000] {processor.py:840} INFO - DAG(s) 'example_bash_operator' retrieved from /home/airflow/.local/lib/python3.8/site-packages/airflow/example_dags/example_bash_operator.py
[2026-02-02T14:22:09.883+0000] {logging_mixin.py:188} INFO - [2026-02-02T14:22:09.883+0000] {dag.py:3036} INFO - Sync 1 DAGs
[2026-02-02T14:22:09.909+0000] {logging_mixin.py:188} INFO - [2026-02-02T14:22:09.909+0000] {dag.py:3823} INFO - Setting next_dagrun for example_bash_operator to 2026-02-01 00:00:00+00:00, run_after=2026-02-02 00:00:00+00:00
[2026-02-02T14:22:09.938+0000] {processor.py:183} INFO - Processing /home/airflow/.local/lib/python3.8/site-packages/airflow/example_dags/example_bash_operator.py took 0.118 seconds
[2026-02-02T14:22:40.636+0000] {processor.py:161} INFO - Started process (PID=332) to work on /home/airflow/.local/lib/python3.8/site-packages/airflow/example_dags/example_bash_operator.py
[2026-02-02T14:22:40.636+0000] {processor.py:830} INFO - Processing file /home/airflow/.local/lib/python3.8/site-packages/airflow/example_dags/example_bash_operator.py for tasks to queue
[2026-02-02T14:22:40.640+0000] {logging_mixin.py:188} INFO - [2026-02-02T14:22:40.638+0000] {dagbag.py:538} INFO - Filling up the DagBag from /home/airflow/.local/lib/python3.8/site-packages/airflow/example_dags/example_bash_operator.py
[2026-02-02T14:22:40.657+0000] {processor.py:840} INFO - DAG(s) 'example_bash_operator' retrieved from /home/airflow/.local/lib/python3.8/site-packages/airflow/example_dags/example_bash_operator.py
[2026-02-02T14:22:40.709+0000] {logging_mixin.py:188} INFO - [2026-02-02T14:22:40.708+0000] {dag.py:3036} INFO - Sync 1 DAGs
[2026-02-02T14:22:40.748+0000] {logging_mixin.py:188} INFO - [2026-02-02T14:22:40.747+0000] {dag.py:3823} INFO - Setting next_dagrun for example_bash_operator to 2026-02-01 00:00:00+00:00, run_after=2026-02-02 00:00:00+00:00
[2026-02-02T14:22:40.766+0000] {processor.py:183} INFO - Processing /home/airflow/.local/lib/python3.8/site-packages/airflow/example_dags/example_bash_operator.py took 0.134 seconds
[2026-02-02T14:23:11.030+0000] {processor.py:161} INFO - Started process (PID=387) to work on /home/airflow/.local/lib/python3.8/site-packages/airflow/example_dags/example_bash_operator.py
[2026-02-02T14:23:11.031+0000] {processor.py:830} INFO - Processing file /home/airflow/.local/lib/python3.8/site-packages/airflow/example_dags/example_bash_operator.py for tasks to queue
[2026-02-02T14:23:11.033+0000] {logging_mixin.py:188} INFO - [2026-02-02T14:23:11.033+0000] {dagbag.py:538} INFO - Filling up the DagBag from /home/airflow/.local/lib/python3.8/site-packages/airflow/example_dags/example_bash_operator.py
[2026-02-02T14:23:11.047+0000] {processor.py:840} INFO - DAG(s) 'example_bash_operator' retrieved from /home/airflow/.local/lib/python3.8/site-packages/airflow/example_dags/example_bash_operator.py
[2026-02-02T14:23:11.088+0000] {logging_mixin.py:188} INFO - [2026-02-02T14:23:11.088+0000] {dag.py:3036} INFO - Sync 1 DAGs
[2026-02-02T14:23:11.116+0000] {logging_mixin.py:188} INFO - [2026-02-02T14:23:11.116+0000] {dag.py:3823} INFO - Setting next_dagrun for example_bash_operator to 2026-02-01 00:00:00+00:00, run_after=2026-02-02 00:00:00+00:00
[2026-02-02T14:23:11.134+0000] {processor.py:183} INFO - Processing /home/airflow/.local/lib/python3.8/site-packages/airflow/example_dags/example_bash_operator.py took 0.108 seconds
[2026-02-02T14:23:41.861+0000] {processor.py:161} INFO - Started process (PID=442) to work on /home/airflow/.local/lib/python3.8/site-packages/airflow/example_dags/example_bash_operator.py
[2026-02-02T14:23:41.862+0000] {processor.py:830} INFO - Processing file /home/airflow/.local/lib/python3.8/site-packages/airflow/example_dags/example_bash_operator.py for tasks to queue
[2026-02-02T14:23:41.864+0000] {logging_mixin.py:188} INFO - [2026-02-02T14:23:41.864+0000] {dagbag.py:538} INFO - Filling up the DagBag from /home/airflow/.local/lib/python3.8/site-packages/airflow/example_dags/example_bash_operator.py
[2026-02-02T14:23:41.878+0000] {processor.py:840} INFO - DAG(s) 'example_bash_operator' retrieved from /home/airflow/.local/lib/python3.8/site-packages/airflow/example_dags/example_bash_operator.py
[2026-02-02T14:23:41.918+0000] {logging_mixin.py:188} INFO - [2026-02-02T14:23:41.918+0000] {dag.py:3036} INFO - Sync 1 DAGs
[2026-02-02T14:23:41.954+0000] {logging_mixin.py:188} INFO - [2026-02-02T14:23:41.954+0000] {dag.py:3823} INFO - Setting next_dagrun for example_bash_operator to 2026-02-01 00:00:00+00:00, run_after=2026-02-02 00:00:00+00:00
[2026-02-02T14:23:41.972+0000] {processor.py:183} INFO - Processing /home/airflow/.local/lib/python3.8/site-packages/airflow/example_dags/example_bash_operator.py took 0.115 seconds
[2026-02-02T14:24:12.052+0000] {processor.py:161} INFO - Started process (PID=496) to work on /home/airflow/.local/lib/python3.8/site-packages/airflow/example_dags/example_bash_operator.py
[2026-02-02T14:24:12.053+0000] {processor.py:830} INFO - Processing file /home/airflow/.local/lib/python3.8/site-packages/airflow/example_dags/example_bash_operator.py for tasks to queue
[2026-02-02T14:24:12.055+0000] {logging_mixin.py:188} INFO - [2026-02-02T14:24:12.055+0000] {dagbag.py:538} INFO - Filling up the DagBag from /home/airflow/.local/lib/python3.8/site-packages/airflow/example_dags/example_bash_operator.py
[2026-02-02T14:24:12.072+0000] {processor.py:840} INFO - DAG(s) 'example_bash_operator' retrieved from /home/airflow/.local/lib/python3.8/site-packages/airflow/example_dags/example_bash_operator.py
[2026-02-02T14:24:12.110+0000] {logging_mixin.py:188} INFO - [2026-02-02T14:24:12.110+0000] {dag.py:3036} INFO - Sync 1 DAGs
[2026-02-02T14:24:12.138+0000] {logging_mixin.py:188} INFO - [2026-02-02T14:24:12.138+0000] {dag.py:3823} INFO - Setting next_dagrun for example_bash_operator to 2026-02-01 00:00:00+00:00, run_after=2026-02-02 00:00:00+00:00
[2026-02-02T14:24:12.155+0000] {processor.py:183} INFO - Processing /home/airflow/.local/lib/python3.8/site-packages/airflow/example_dags/example_bash_operator.py took 0.107 seconds
[2026-02-02T14:24:42.270+0000] {processor.py:161} INFO - Started process (PID=552) to work on /home/airflow/.local/lib/python3.8/site-packages/airflow/example_dags/example_bash_operator.py
[2026-02-02T14:24:42.271+0000] {processor.py:830} INFO - Processing file /home/airflow/.local/lib/python3.8/site-packages/airflow/example_dags/example_bash_operator.py for tasks to queue
[2026-02-02T14:24:42.274+0000] {logging_mixin.py:188} INFO - [2026-02-02T14:24:42.273+0000] {dagbag.py:538} INFO - Filling up the DagBag from /home/airflow/.local/lib/python3.8/site-packages/airflow/example_dags/example_bash_operator.py
[2026-02-02T14:24:42.303+0000] {processor.py:840} INFO - DAG(s) 'example_bash_operator' retrieved from /home/airflow/.local/lib/python3.8/site-packages/airflow/example_dags/example_bash_operator.py
[2026-02-02T14:24:42.380+0000] {logging_mixin.py:188} INFO - [2026-02-02T14:24:42.380+0000] {dag.py:3036} INFO - Sync 1 DAGs
[2026-02-02T14:24:42.412+0000] {logging_mixin.py:188} INFO - [2026-02-02T14:24:42.411+0000] {dag.py:3823} INFO - Setting next_dagrun for example_bash_operator to 2026-02-01 00:00:00+00:00, run_after=2026-02-02 00:00:00+00:00
[2026-02-02T14:24:42.434+0000] {processor.py:183} INFO - Processing /home/airflow/.local/lib/python3.8/site-packages/airflow/example_dags/example_bash_operator.py took 0.167 seconds
[2026-02-02T14:25:12.581+0000] {processor.py:161} INFO - Started process (PID=607) to work on /home/airflow/.local/lib/python3.8/site-packages/airflow/example_dags/example_bash_operator.py
[2026-02-02T14:25:12.583+0000] {processor.py:830} INFO - Processing file /home/airflow/.local/lib/python3.8/site-packages/airflow/example_dags/example_bash_operator.py for tasks to queue
[2026-02-02T14:25:12.585+0000] {logging_mixin.py:188} INFO - [2026-02-02T14:25:12.584+0000] {dagbag.py:538} INFO - Filling up the DagBag from /home/airflow/.local/lib/python3.8/site-packages/airflow/example_dags/example_bash_operator.py
[2026-02-02T14:25:12.599+0000] {processor.py:840} INFO - DAG(s) 'example_bash_operator' retrieved from /home/airflow/.local/lib/python3.8/site-packages/airflow/example_dags/example_bash_operator.py
[2026-02-02T14:25:12.635+0000] {logging_mixin.py:188} INFO - [2026-02-02T14:25:12.635+0000] {dag.py:3036} INFO - Sync 1 DAGs
[2026-02-02T14:25:12.668+0000] {logging_mixin.py:188} INFO - [2026-02-02T14:25:12.668+0000] {dag.py:3823} INFO - Setting next_dagrun for example_bash_operator to 2026-02-01 00:00:00+00:00, run_after=2026-02-02 00:00:00+00:00
[2026-02-02T14:25:12.685+0000] {processor.py:183} INFO - Processing /home/airflow/.local/lib/python3.8/site-packages/airflow/example_dags/example_bash_operator.py took 0.107 seconds
[2026-02-02T14:25:42.847+0000] {processor.py:161} INFO - Started process (PID=662) to work on /home/airflow/.local/lib/python3.8/site-packages/airflow/example_dags/example_bash_operator.py
[2026-02-02T14:25:42.847+0000] {processor.py:830} INFO - Processing file /home/airflow/.local/lib/python3.8/site-packages/airflow/example_dags/example_bash_operator.py for tasks to queue
[2026-02-02T14:25:42.849+0000] {logging_mixin.py:188} INFO - [2026-02-02T14:25:42.849+0000] {dagbag.py:538} INFO - Filling up the DagBag from /home/airflow/.local/lib/python3.8/site-packages/airflow/example_dags/example_bash_operator.py
[2026-02-02T14:25:42.864+0000] {processor.py:840} INFO - DAG(s) 'example_bash_operator' retrieved from /home/airflow/.local/lib/python3.8/site-packages/airflow/example_dags/example_bash_operator.py
[2026-02-02T14:25:42.927+0000] {logging_mixin.py:188} INFO - [2026-02-02T14:25:42.927+0000] {dag.py:3036} INFO - Sync 1 DAGs
[2026-02-02T14:25:42.954+0000] {logging_mixin.py:188} INFO - [2026-02-02T14:25:42.954+0000] {dag.py:3823} INFO - Setting next_dagrun for example_bash_operator to 2026-02-01 00:00:00+00:00, run_after=2026-02-02 00:00:00+00:00
[2026-02-02T14:25:42.970+0000] {processor.py:183} INFO - Processing /home/airflow/.local/lib/python3.8/site-packages/airflow/example_dags/example_bash_operator.py took 0.131 seconds
[2026-02-02T14:26:13.565+0000] {processor.py:161} INFO - Started process (PID=717) to work on /home/airflow/.local/lib/python3.8/site-packages/airflow/example_dags/example_bash_operator.py
[2026-02-02T14:26:13.566+0000] {processor.py:830} INFO - Processing file /home/airflow/.local/lib/python3.8/site-packages/airflow/example_dags/example_bash_operator.py for tasks to queue
[2026-02-02T14:26:13.568+0000] {logging_mixin.py:188} INFO - [2026-02-02T14:26:13.568+0000] {dagbag.py:538} INFO - Filling up the DagBag from /home/airflow/.local/lib/python3.8/site-packages/airflow/example_dags/example_bash_operator.py
[2026-02-02T14:26:13.587+0000] {processor.py:840} INFO - DAG(s) 'example_bash_operator' retrieved from /home/airflow/.local/lib/python3.8/site-packages/airflow/example_dags/example_bash_operator.py
[2026-02-02T14:26:13.623+0000] {logging_mixin.py:188} INFO - [2026-02-02T14:26:13.623+0000] {dag.py:3036} INFO - Sync 1 DAGs
[2026-02-02T14:26:13.651+0000] {logging_mixin.py:188} INFO - [2026-02-02T14:26:13.651+0000] {dag.py:3823} INFO - Setting next_dagrun for example_bash_operator to 2026-02-01 00:00:00+00:00, run_after=2026-02-02 00:00:00+00:00
[2026-02-02T14:26:13.670+0000] {processor.py:183} INFO - Processing /home/airflow/.local/lib/python3.8/site-packages/airflow/example_dags/example_bash_operator.py took 0.108 seconds
[2026-02-02T14:26:43.950+0000] {processor.py:161} INFO - Started process (PID=772) to work on /home/airflow/.local/lib/python3.8/site-packages/airflow/example_dags/example_bash_operator.py
[2026-02-02T14:26:43.951+0000] {processor.py:830} INFO - Processing file /home/airflow/.local/lib/python3.8/site-packages/airflow/example_dags/example_bash_operator.py for tasks to queue
[2026-02-02T14:26:43.957+0000] {logging_mixin.py:188} INFO - [2026-02-02T14:26:43.957+0000] {dagbag.py:538} INFO - Filling up the DagBag from /home/airflow/.local/lib/python3.8/site-packages/airflow/example_dags/example_bash_operator.py
[2026-02-02T14:26:43.974+0000] {processor.py:840} INFO - DAG(s) 'example_bash_operator' retrieved from /home/airflow/.local/lib/python3.8/site-packages/airflow/example_dags/example_bash_operator.py
[2026-02-02T14:26:44.011+0000] {logging_mixin.py:188} INFO - [2026-02-02T14:26:44.011+0000] {dag.py:3036} INFO - Sync 1 DAGs
[2026-02-02T14:26:44.068+0000] {logging_mixin.py:188} INFO - [2026-02-02T14:26:44.068+0000] {dag.py:3823} INFO - Setting next_dagrun for example_bash_operator to 2026-02-01 00:00:00+00:00, run_after=2026-02-02 00:00:00+00:00
[2026-02-02T14:26:44.092+0000] {processor.py:183} INFO - Processing /home/airflow/.local/lib/python3.8/site-packages/airflow/example_dags/example_bash_operator.py took 0.152 seconds
[2026-02-02T14:27:15.122+0000] {processor.py:161} INFO - Started process (PID=827) to work on /home/airflow/.local/lib/python3.8/site-packages/airflow/example_dags/example_bash_operator.py
[2026-02-02T14:27:15.125+0000] {processor.py:830} INFO - Processing file /home/airflow/.local/lib/python3.8/site-packages/airflow/example_dags/example_bash_operator.py for tasks to queue
[2026-02-02T14:27:15.129+0000] {logging_mixin.py:188} INFO - [2026-02-02T14:27:15.129+0000] {dagbag.py:538} INFO - Filling up the DagBag from /home/airflow/.local/lib/python3.8/site-packages/airflow/example_dags/example_bash_operator.py
[2026-02-02T14:27:15.156+0000] {processor.py:840} INFO - DAG(s) 'example_bash_operator' retrieved from /home/airflow/.local/lib/python3.8/site-packages/airflow/example_dags/example_bash_operator.py
[2026-02-02T14:27:15.228+0000] {logging_mixin.py:188} INFO - [2026-02-02T14:27:15.228+0000] {dag.py:3036} INFO - Sync 1 DAGs
[2026-02-02T14:27:15.290+0000] {logging_mixin.py:188} INFO - [2026-02-02T14:27:15.289+0000] {dag.py:3823} INFO - Setting next_dagrun for example_bash_operator to 2026-02-01 00:00:00+00:00, run_after=2026-02-02 00:00:00+00:00
[2026-02-02T14:27:15.347+0000] {processor.py:183} INFO - Processing /home/airflow/.local/lib/python3.8/site-packages/airflow/example_dags/example_bash_operator.py took 0.232 seconds
[2026-02-02T14:27:46.092+0000] {processor.py:161} INFO - Started process (PID=882) to work on /home/airflow/.local/lib/python3.8/site-packages/airflow/example_dags/example_bash_operator.py
[2026-02-02T14:27:46.093+0000] {processor.py:830} INFO - Processing file /home/airflow/.local/lib/python3.8/site-packages/airflow/example_dags/example_bash_operator.py for tasks to queue
[2026-02-02T14:27:46.095+0000] {logging_mixin.py:188} INFO - [2026-02-02T14:27:46.095+0000] {dagbag.py:538} INFO - Filling up the DagBag from /home/airflow/.local/lib/python3.8/site-packages/airflow/example_dags/example_bash_operator.py
[2026-02-02T14:27:46.108+0000] {processor.py:840} INFO - DAG(s) 'example_bash_operator' retrieved from /home/airflow/.local/lib/python3.8/site-packages/airflow/example_dags/example_bash_operator.py
[2026-02-02T14:27:46.159+0000] {logging_mixin.py:188} INFO - [2026-02-02T14:27:46.159+0000] {dag.py:3036} INFO - Sync 1 DAGs
[2026-02-02T14:27:46.190+0000] {logging_mixin.py:188} INFO - [2026-02-02T14:27:46.190+0000] {dag.py:3823} INFO - Setting next_dagrun for example_bash_operator to 2026-02-01 00:00:00+00:00, run_after=2026-02-02 00:00:00+00:00
[2026-02-02T14:27:46.208+0000] {processor.py:183} INFO - Processing /home/airflow/.local/lib/python3.8/site-packages/airflow/example_dags/example_bash_operator.py took 0.119 seconds
[2026-02-02T14:28:16.694+0000] {processor.py:161} INFO - Started process (PID=937) to work on /home/airflow/.local/lib/python3.8/site-packages/airflow/example_dags/example_bash_operator.py
[2026-02-02T14:28:16.695+0000] {processor.py:830} INFO - Processing file /home/airflow/.local/lib/python3.8/site-packages/airflow/example_dags/example_bash_operator.py for tasks to queue
[2026-02-02T14:28:16.697+0000] {logging_mixin.py:188} INFO - [2026-02-02T14:28:16.697+0000] {dagbag.py:538} INFO - Filling up the DagBag from /home/airflow/.local/lib/python3.8/site-packages/airflow/example_dags/example_bash_operator.py
[2026-02-02T14:28:16.713+0000] {processor.py:840} INFO - DAG(s) 'example_bash_operator' retrieved from /home/airflow/.local/lib/python3.8/site-packages/airflow/example_dags/example_bash_operator.py
[2026-02-02T14:28:16.787+0000] {logging_mixin.py:188} INFO - [2026-02-02T14:28:16.786+0000] {dag.py:3036} INFO - Sync 1 DAGs
[2026-02-02T14:28:16.823+0000] {logging_mixin.py:188} INFO - [2026-02-02T14:28:16.823+0000] {dag.py:3823} INFO - Setting next_dagrun for example_bash_operator to 2026-02-01 00:00:00+00:00, run_after=2026-02-02 00:00:00+00:00
[2026-02-02T14:28:16.863+0000] {processor.py:183} INFO - Processing /home/airflow/.local/lib/python3.8/site-packages/airflow/example_dags/example_bash_operator.py took 0.172 seconds
[2026-02-02T14:28:47.811+0000] {processor.py:161} INFO - Started process (PID=992) to work on /home/airflow/.local/lib/python3.8/site-packages/airflow/example_dags/example_bash_operator.py
[2026-02-02T14:28:47.812+0000] {processor.py:830} INFO - Processing file /home/airflow/.local/lib/python3.8/site-packages/airflow/example_dags/example_bash_operator.py for tasks to queue
[2026-02-02T14:28:47.814+0000] {logging_mixin.py:188} INFO - [2026-02-02T14:28:47.814+0000] {dagbag.py:538} INFO - Filling up the DagBag from /home/airflow/.local/lib/python3.8/site-packages/airflow/example_dags/example_bash_operator.py
[2026-02-02T14:28:47.828+0000] {processor.py:840} INFO - DAG(s) 'example_bash_operator' retrieved from /home/airflow/.local/lib/python3.8/site-packages/airflow/example_dags/example_bash_operator.py
[2026-02-02T14:28:47.864+0000] {logging_mixin.py:188} INFO - [2026-02-02T14:28:47.864+0000] {dag.py:3036} INFO - Sync 1 DAGs
[2026-02-02T14:28:47.890+0000] {logging_mixin.py:188} INFO - [2026-02-02T14:28:47.890+0000] {dag.py:3823} INFO - Setting next_dagrun for example_bash_operator to 2026-02-01 00:00:00+00:00, run_after=2026-02-02 00:00:00+00:00
[2026-02-02T14:28:47.910+0000] {processor.py:183} INFO - Processing /home/airflow/.local/lib/python3.8/site-packages/airflow/example_dags/example_bash_operator.py took 0.104 seconds
[2026-02-02T14:29:18.395+0000] {processor.py:161} INFO - Started process (PID=1047) to work on /home/airflow/.local/lib/python3.8/site-packages/airflow/example_dags/example_bash_operator.py
[2026-02-02T14:29:18.396+0000] {processor.py:830} INFO - Processing file /home/airflow/.local/lib/python3.8/site-packages/airflow/example_dags/example_bash_operator.py for tasks to queue
[2026-02-02T14:29:18.398+0000] {logging_mixin.py:188} INFO - [2026-02-02T14:29:18.397+0000] {dagbag.py:538} INFO - Filling up the DagBag from /home/airflow/.local/lib/python3.8/site-packages/airflow/example_dags/example_bash_operator.py
[2026-02-02T14:29:18.412+0000] {processor.py:840} INFO - DAG(s) 'example_bash_operator' retrieved from /home/airflow/.local/lib/python3.8/site-packages/airflow/example_dags/example_bash_operator.py
[2026-02-02T14:29:18.449+0000] {logging_mixin.py:188} INFO - [2026-02-02T14:29:18.449+0000] {dag.py:3036} INFO - Sync 1 DAGs
[2026-02-02T14:29:18.488+0000] {logging_mixin.py:188} INFO - [2026-02-02T14:29:18.488+0000] {dag.py:3823} INFO - Setting next_dagrun for example_bash_operator to 2026-02-01 00:00:00+00:00, run_after=2026-02-02 00:00:00+00:00
[2026-02-02T14:29:18.509+0000] {processor.py:183} INFO - Processing /home/airflow/.local/lib/python3.8/site-packages/airflow/example_dags/example_bash_operator.py took 0.120 seconds
[2026-02-02T14:29:49.375+0000] {processor.py:161} INFO - Started process (PID=1102) to work on /home/airflow/.local/lib/python3.8/site-packages/airflow/example_dags/example_bash_operator.py
[2026-02-02T14:29:49.376+0000] {processor.py:830} INFO - Processing file /home/airflow/.local/lib/python3.8/site-packages/airflow/example_dags/example_bash_operator.py for tasks to queue
[2026-02-02T14:29:49.378+0000] {logging_mixin.py:188} INFO - [2026-02-02T14:29:49.378+0000] {dagbag.py:538} INFO - Filling up the DagBag from /home/airflow/.local/lib/python3.8/site-packages/airflow/example_dags/example_bash_operator.py
[2026-02-02T14:29:49.392+0000] {processor.py:840} INFO - DAG(s) 'example_bash_operator' retrieved from /home/airflow/.local/lib/python3.8/site-packages/airflow/example_dags/example_bash_operator.py
[2026-02-02T14:29:49.428+0000] {logging_mixin.py:188} INFO - [2026-02-02T14:29:49.428+0000] {dag.py:3036} INFO - Sync 1 DAGs
[2026-02-02T14:29:49.454+0000] {logging_mixin.py:188} INFO - [2026-02-02T14:29:49.454+0000] {dag.py:3823} INFO - Setting next_dagrun for example_bash_operator to 2026-02-01 00:00:00+00:00, run_after=2026-02-02 00:00:00+00:00
[2026-02-02T14:29:49.472+0000] {processor.py:183} INFO - Processing /home/airflow/.local/lib/python3.8/site-packages/airflow/example_dags/example_bash_operator.py took 0.103 seconds
[2026-02-02T14:30:19.922+0000] {processor.py:161} INFO - Started process (PID=1157) to work on /home/airflow/.local/lib/python3.8/site-packages/airflow/example_dags/example_bash_operator.py
[2026-02-02T14:30:19.927+0000] {processor.py:830} INFO - Processing file /home/airflow/.local/lib/python3.8/site-packages/airflow/example_dags/example_bash_operator.py for tasks to queue
[2026-02-02T14:30:19.931+0000] {logging_mixin.py:188} INFO - [2026-02-02T14:30:19.931+0000] {dagbag.py:538} INFO - Filling up the DagBag from /home/airflow/.local/lib/python3.8/site-packages/airflow/example_dags/example_bash_operator.py
[2026-02-02T14:30:19.955+0000] {processor.py:840} INFO - DAG(s) 'example_bash_operator' retrieved from /home/airflow/.local/lib/python3.8/site-packages/airflow/example_dags/example_bash_operator.py
[2026-02-02T14:30:20.000+0000] {logging_mixin.py:188} INFO - [2026-02-02T14:30:20.000+0000] {dag.py:3036} INFO - Sync 1 DAGs
[2026-02-02T14:30:20.025+0000] {logging_mixin.py:188} INFO - [2026-02-02T14:30:20.025+0000] {dag.py:3823} INFO - Setting next_dagrun for example_bash_operator to 2026-02-01 00:00:00+00:00, run_after=2026-02-02 00:00:00+00:00
[2026-02-02T14:30:20.044+0000] {processor.py:183} INFO - Processing /home/airflow/.local/lib/python3.8/site-packages/airflow/example_dags/example_bash_operator.py took 0.131 seconds
[2026-02-02T14:30:50.552+0000] {processor.py:161} INFO - Started process (PID=1212) to work on /home/airflow/.local/lib/python3.8/site-packages/airflow/example_dags/example_bash_operator.py
[2026-02-02T14:30:50.553+0000] {processor.py:830} INFO - Processing file /home/airflow/.local/lib/python3.8/site-packages/airflow/example_dags/example_bash_operator.py for tasks to queue
[2026-02-02T14:30:50.555+0000] {logging_mixin.py:188} INFO - [2026-02-02T14:30:50.554+0000] {dagbag.py:538} INFO - Filling up the DagBag from /home/airflow/.local/lib/python3.8/site-packages/airflow/example_dags/example_bash_operator.py
[2026-02-02T14:30:50.569+0000] {processor.py:840} INFO - DAG(s) 'example_bash_operator' retrieved from /home/airflow/.local/lib/python3.8/site-packages/airflow/example_dags/example_bash_operator.py
[2026-02-02T14:30:50.605+0000] {logging_mixin.py:188} INFO - [2026-02-02T14:30:50.604+0000] {dag.py:3036} INFO - Sync 1 DAGs
[2026-02-02T14:30:50.630+0000] {logging_mixin.py:188} INFO - [2026-02-02T14:30:50.630+0000] {dag.py:3823} INFO - Setting next_dagrun for example_bash_operator to 2026-02-01 00:00:00+00:00, run_after=2026-02-02 00:00:00+00:00
[2026-02-02T14:30:50.648+0000] {processor.py:183} INFO - Processing /home/airflow/.local/lib/python3.8/site-packages/airflow/example_dags/example_bash_operator.py took 0.102 seconds
[2026-02-02T14:31:21.095+0000] {processor.py:161} INFO - Started process (PID=1267) to work on /home/airflow/.local/lib/python3.8/site-packages/airflow/example_dags/example_bash_operator.py
[2026-02-02T14:31:21.096+0000] {processor.py:830} INFO - Processing file /home/airflow/.local/lib/python3.8/site-packages/airflow/example_dags/example_bash_operator.py for tasks to queue
[2026-02-02T14:31:21.098+0000] {logging_mixin.py:188} INFO - [2026-02-02T14:31:21.098+0000] {dagbag.py:538} INFO - Filling up the DagBag from /home/airflow/.local/lib/python3.8/site-packages/airflow/example_dags/example_bash_operator.py
[2026-02-02T14:31:21.112+0000] {processor.py:840} INFO - DAG(s) 'example_bash_operator' retrieved from /home/airflow/.local/lib/python3.8/site-packages/airflow/example_dags/example_bash_operator.py
[2026-02-02T14:31:21.150+0000] {logging_mixin.py:188} INFO - [2026-02-02T14:31:21.149+0000] {dag.py:3036} INFO - Sync 1 DAGs
[2026-02-02T14:31:21.176+0000] {logging_mixin.py:188} INFO - [2026-02-02T14:31:21.176+0000] {dag.py:3823} INFO - Setting next_dagrun for example_bash_operator to 2026-02-01 00:00:00+00:00, run_after=2026-02-02 00:00:00+00:00
[2026-02-02T14:31:21.201+0000] {processor.py:183} INFO - Processing /home/airflow/.local/lib/python3.8/site-packages/airflow/example_dags/example_bash_operator.py took 0.112 seconds
[2026-02-02T14:31:51.824+0000] {processor.py:161} INFO - Started process (PID=1322) to work on /home/airflow/.local/lib/python3.8/site-packages/airflow/example_dags/example_bash_operator.py
[2026-02-02T14:31:51.825+0000] {processor.py:830} INFO - Processing file /home/airflow/.local/lib/python3.8/site-packages/airflow/example_dags/example_bash_operator.py for tasks to queue
[2026-02-02T14:31:51.827+0000] {logging_mixin.py:188} INFO - [2026-02-02T14:31:51.827+0000] {dagbag.py:538} INFO - Filling up the DagBag from /home/airflow/.local/lib/python3.8/site-packages/airflow/example_dags/example_bash_operator.py
[2026-02-02T14:31:51.841+0000] {processor.py:840} INFO - DAG(s) 'example_bash_operator' retrieved from /home/airflow/.local/lib/python3.8/site-packages/airflow/example_dags/example_bash_operator.py
[2026-02-02T14:31:51.901+0000] {logging_mixin.py:188} INFO - [2026-02-02T14:31:51.900+0000] {dag.py:3036} INFO - Sync 1 DAGs
[2026-02-02T14:31:51.941+0000] {logging_mixin.py:188} INFO - [2026-02-02T14:31:51.941+0000] {dag.py:3823} INFO - Setting next_dagrun for example_bash_operator to 2026-02-01 00:00:00+00:00, run_after=2026-02-02 00:00:00+00:00
[2026-02-02T14:31:51.975+0000] {processor.py:183} INFO - Processing /home/airflow/.local/lib/python3.8/site-packages/airflow/example_dags/example_bash_operator.py took 0.155 seconds
[2026-02-02T14:32:22.519+0000] {processor.py:161} INFO - Started process (PID=1377) to work on /home/airflow/.local/lib/python3.8/site-packages/airflow/example_dags/example_bash_operator.py
[2026-02-02T14:32:22.521+0000] {processor.py:830} INFO - Processing file /home/airflow/.local/lib/python3.8/site-packages/airflow/example_dags/example_bash_operator.py for tasks to queue
[2026-02-02T14:32:22.523+0000] {logging_mixin.py:188} INFO - [2026-02-02T14:32:22.523+0000] {dagbag.py:538} INFO - Filling up the DagBag from /home/airflow/.local/lib/python3.8/site-packages/airflow/example_dags/example_bash_operator.py
[2026-02-02T14:32:22.537+0000] {processor.py:840} INFO - DAG(s) 'example_bash_operator' retrieved from /home/airflow/.local/lib/python3.8/site-packages/airflow/example_dags/example_bash_operator.py
[2026-02-02T14:32:22.574+0000] {logging_mixin.py:188} INFO - [2026-02-02T14:32:22.573+0000] {dag.py:3036} INFO - Sync 1 DAGs
[2026-02-02T14:32:22.616+0000] {logging_mixin.py:188} INFO - [2026-02-02T14:32:22.616+0000] {dag.py:3823} INFO - Setting next_dagrun for example_bash_operator to 2026-02-01 00:00:00+00:00, run_after=2026-02-02 00:00:00+00:00
[2026-02-02T14:32:22.638+0000] {processor.py:183} INFO - Processing /home/airflow/.local/lib/python3.8/site-packages/airflow/example_dags/example_bash_operator.py took 0.123 seconds
[2026-02-02T14:32:52.923+0000] {processor.py:161} INFO - Started process (PID=1432) to work on /home/airflow/.local/lib/python3.8/site-packages/airflow/example_dags/example_bash_operator.py
[2026-02-02T14:32:52.924+0000] {processor.py:830} INFO - Processing file /home/airflow/.local/lib/python3.8/site-packages/airflow/example_dags/example_bash_operator.py for tasks to queue
[2026-02-02T14:32:52.926+0000] {logging_mixin.py:188} INFO - [2026-02-02T14:32:52.926+0000] {dagbag.py:538} INFO - Filling up the DagBag from /home/airflow/.local/lib/python3.8/site-packages/airflow/example_dags/example_bash_operator.py
[2026-02-02T14:32:52.953+0000] {processor.py:840} INFO - DAG(s) 'example_bash_operator' retrieved from /home/airflow/.local/lib/python3.8/site-packages/airflow/example_dags/example_bash_operator.py
[2026-02-02T14:32:53.001+0000] {logging_mixin.py:188} INFO - [2026-02-02T14:32:53.000+0000] {dag.py:3036} INFO - Sync 1 DAGs
[2026-02-02T14:32:53.032+0000] {logging_mixin.py:188} INFO - [2026-02-02T14:32:53.032+0000] {dag.py:3823} INFO - Setting next_dagrun for example_bash_operator to 2026-02-01 00:00:00+00:00, run_after=2026-02-02 00:00:00+00:00
[2026-02-02T14:32:53.054+0000] {processor.py:183} INFO - Processing /home/airflow/.local/lib/python3.8/site-packages/airflow/example_dags/example_bash_operator.py took 0.138 seconds
[2026-02-02T14:33:23.193+0000] {processor.py:161} INFO - Started process (PID=1487) to work on /home/airflow/.local/lib/python3.8/site-packages/airflow/example_dags/example_bash_operator.py
[2026-02-02T14:33:23.194+0000] {processor.py:830} INFO - Processing file /home/airflow/.local/lib/python3.8/site-packages/airflow/example_dags/example_bash_operator.py for tasks to queue
[2026-02-02T14:33:23.195+0000] {logging_mixin.py:188} INFO - [2026-02-02T14:33:23.195+0000] {dagbag.py:538} INFO - Filling up the DagBag from /home/airflow/.local/lib/python3.8/site-packages/airflow/example_dags/example_bash_operator.py
[2026-02-02T14:33:23.209+0000] {processor.py:840} INFO - DAG(s) 'example_bash_operator' retrieved from /home/airflow/.local/lib/python3.8/site-packages/airflow/example_dags/example_bash_operator.py
[2026-02-02T14:33:23.246+0000] {logging_mixin.py:188} INFO - [2026-02-02T14:33:23.245+0000] {dag.py:3036} INFO - Sync 1 DAGs
[2026-02-02T14:33:23.272+0000] {logging_mixin.py:188} INFO - [2026-02-02T14:33:23.272+0000] {dag.py:3823} INFO - Setting next_dagrun for example_bash_operator to 2026-02-01 00:00:00+00:00, run_after=2026-02-02 00:00:00+00:00
[2026-02-02T14:33:23.289+0000] {processor.py:183} INFO - Processing /home/airflow/.local/lib/python3.8/site-packages/airflow/example_dags/example_bash_operator.py took 0.100 seconds
[2026-02-02T14:33:53.481+0000] {processor.py:161} INFO - Started process (PID=1542) to work on /home/airflow/.local/lib/python3.8/site-packages/airflow/example_dags/example_bash_operator.py
[2026-02-02T14:33:53.482+0000] {processor.py:830} INFO - Processing file /home/airflow/.local/lib/python3.8/site-packages/airflow/example_dags/example_bash_operator.py for tasks to queue
[2026-02-02T14:33:53.485+0000] {logging_mixin.py:188} INFO - [2026-02-02T14:33:53.485+0000] {dagbag.py:538} INFO - Filling up the DagBag from /home/airflow/.local/lib/python3.8/site-packages/airflow/example_dags/example_bash_operator.py
[2026-02-02T14:33:53.499+0000] {processor.py:840} INFO - DAG(s) 'example_bash_operator' retrieved from /home/airflow/.local/lib/python3.8/site-packages/airflow/example_dags/example_bash_operator.py
[2026-02-02T14:33:53.536+0000] {logging_mixin.py:188} INFO - [2026-02-02T14:33:53.536+0000] {dag.py:3036} INFO - Sync 1 DAGs
[2026-02-02T14:33:53.561+0000] {logging_mixin.py:188} INFO - [2026-02-02T14:33:53.561+0000] {dag.py:3823} INFO - Setting next_dagrun for example_bash_operator to 2026-02-01 00:00:00+00:00, run_after=2026-02-02 00:00:00+00:00
[2026-02-02T14:33:53.580+0000] {processor.py:183} INFO - Processing /home/airflow/.local/lib/python3.8/site-packages/airflow/example_dags/example_bash_operator.py took 0.104 seconds
[2026-02-02T14:34:24.034+0000] {processor.py:161} INFO - Started process (PID=1597) to work on /home/airflow/.local/lib/python3.8/site-packages/airflow/example_dags/example_bash_operator.py
[2026-02-02T14:34:24.038+0000] {processor.py:830} INFO - Processing file /home/airflow/.local/lib/python3.8/site-packages/airflow/example_dags/example_bash_operator.py for tasks to queue
[2026-02-02T14:34:24.042+0000] {logging_mixin.py:188} INFO - [2026-02-02T14:34:24.041+0000] {dagbag.py:538} INFO - Filling up the DagBag from /home/airflow/.local/lib/python3.8/site-packages/airflow/example_dags/example_bash_operator.py
[2026-02-02T14:34:24.056+0000] {processor.py:840} INFO - DAG(s) 'example_bash_operator' retrieved from /home/airflow/.local/lib/python3.8/site-packages/airflow/example_dags/example_bash_operator.py
[2026-02-02T14:34:24.094+0000] {logging_mixin.py:188} INFO - [2026-02-02T14:34:24.094+0000] {dag.py:3036} INFO - Sync 1 DAGs
[2026-02-02T14:34:24.136+0000] {logging_mixin.py:188} INFO - [2026-02-02T14:34:24.136+0000] {dag.py:3823} INFO - Setting next_dagrun for example_bash_operator to 2026-02-01 00:00:00+00:00, run_after=2026-02-02 00:00:00+00:00
[2026-02-02T14:34:24.154+0000] {processor.py:183} INFO - Processing /home/airflow/.local/lib/python3.8/site-packages/airflow/example_dags/example_bash_operator.py took 0.123 seconds
[2026-02-02T14:34:54.251+0000] {processor.py:161} INFO - Started process (PID=1652) to work on /home/airflow/.local/lib/python3.8/site-packages/airflow/example_dags/example_bash_operator.py
[2026-02-02T14:34:54.252+0000] {processor.py:830} INFO - Processing file /home/airflow/.local/lib/python3.8/site-packages/airflow/example_dags/example_bash_operator.py for tasks to queue
[2026-02-02T14:34:54.254+0000] {logging_mixin.py:188} INFO - [2026-02-02T14:34:54.254+0000] {dagbag.py:538} INFO - Filling up the DagBag from /home/airflow/.local/lib/python3.8/site-packages/airflow/example_dags/example_bash_operator.py
[2026-02-02T14:34:54.269+0000] {processor.py:840} INFO - DAG(s) 'example_bash_operator' retrieved from /home/airflow/.local/lib/python3.8/site-packages/airflow/example_dags/example_bash_operator.py
[2026-02-02T14:34:54.303+0000] {logging_mixin.py:188} INFO - [2026-02-02T14:34:54.303+0000] {dag.py:3036} INFO - Sync 1 DAGs
[2026-02-02T14:34:54.329+0000] {logging_mixin.py:188} INFO - [2026-02-02T14:34:54.329+0000] {dag.py:3823} INFO - Setting next_dagrun for example_bash_operator to 2026-02-01 00:00:00+00:00, run_after=2026-02-02 00:00:00+00:00
[2026-02-02T14:34:54.348+0000] {processor.py:183} INFO - Processing /home/airflow/.local/lib/python3.8/site-packages/airflow/example_dags/example_bash_operator.py took 0.103 seconds
[2026-02-02T14:35:24.668+0000] {processor.py:161} INFO - Started process (PID=1707) to work on /home/airflow/.local/lib/python3.8/site-packages/airflow/example_dags/example_bash_operator.py
[2026-02-02T14:35:24.669+0000] {processor.py:830} INFO - Processing file /home/airflow/.local/lib/python3.8/site-packages/airflow/example_dags/example_bash_operator.py for tasks to queue
[2026-02-02T14:35:24.672+0000] {logging_mixin.py:188} INFO - [2026-02-02T14:35:24.672+0000] {dagbag.py:538} INFO - Filling up the DagBag from /home/airflow/.local/lib/python3.8/site-packages/airflow/example_dags/example_bash_operator.py
[2026-02-02T14:35:24.700+0000] {processor.py:840} INFO - DAG(s) 'example_bash_operator' retrieved from /home/airflow/.local/lib/python3.8/site-packages/airflow/example_dags/example_bash_operator.py
[2026-02-02T14:35:24.736+0000] {logging_mixin.py:188} INFO - [2026-02-02T14:35:24.736+0000] {dag.py:3036} INFO - Sync 1 DAGs
[2026-02-02T14:35:24.768+0000] {logging_mixin.py:188} INFO - [2026-02-02T14:35:24.768+0000] {dag.py:3823} INFO - Setting next_dagrun for example_bash_operator to 2026-02-01 00:00:00+00:00, run_after=2026-02-02 00:00:00+00:00
[2026-02-02T14:35:24.796+0000] {processor.py:183} INFO - Processing /home/airflow/.local/lib/python3.8/site-packages/airflow/example_dags/example_bash_operator.py took 0.138 seconds
[2026-02-02T14:35:55.731+0000] {processor.py:161} INFO - Started process (PID=1762) to work on /home/airflow/.local/lib/python3.8/site-packages/airflow/example_dags/example_bash_operator.py
[2026-02-02T14:35:55.732+0000] {processor.py:830} INFO - Processing file /home/airflow/.local/lib/python3.8/site-packages/airflow/example_dags/example_bash_operator.py for tasks to queue
[2026-02-02T14:35:55.733+0000] {logging_mixin.py:188} INFO - [2026-02-02T14:35:55.733+0000] {dagbag.py:538} INFO - Filling up the DagBag from /home/airflow/.local/lib/python3.8/site-packages/airflow/example_dags/example_bash_operator.py
[2026-02-02T14:35:55.751+0000] {processor.py:840} INFO - DAG(s) 'example_bash_operator' retrieved from /home/airflow/.local/lib/python3.8/site-packages/airflow/example_dags/example_bash_operator.py
[2026-02-02T14:35:55.788+0000] {logging_mixin.py:188} INFO - [2026-02-02T14:35:55.788+0000] {dag.py:3036} INFO - Sync 1 DAGs
[2026-02-02T14:35:55.821+0000] {logging_mixin.py:188} INFO - [2026-02-02T14:35:55.821+0000] {dag.py:3823} INFO - Setting next_dagrun for example_bash_operator to 2026-02-01 00:00:00+00:00, run_after=2026-02-02 00:00:00+00:00
[2026-02-02T14:35:55.839+0000] {processor.py:183} INFO - Processing /home/airflow/.local/lib/python3.8/site-packages/airflow/example_dags/example_bash_operator.py took 0.112 seconds
[2026-02-02T14:36:26.105+0000] {processor.py:161} INFO - Started process (PID=1817) to work on /home/airflow/.local/lib/python3.8/site-packages/airflow/example_dags/example_bash_operator.py
[2026-02-02T14:36:26.106+0000] {processor.py:830} INFO - Processing file /home/airflow/.local/lib/python3.8/site-packages/airflow/example_dags/example_bash_operator.py for tasks to queue
[2026-02-02T14:36:26.114+0000] {logging_mixin.py:188} INFO - [2026-02-02T14:36:26.114+0000] {dagbag.py:538} INFO - Filling up the DagBag from /home/airflow/.local/lib/python3.8/site-packages/airflow/example_dags/example_bash_operator.py
[2026-02-02T14:36:26.163+0000] {processor.py:840} INFO - DAG(s) 'example_bash_operator' retrieved from /home/airflow/.local/lib/python3.8/site-packages/airflow/example_dags/example_bash_operator.py
[2026-02-02T14:36:26.272+0000] {logging_mixin.py:188} INFO - [2026-02-02T14:36:26.272+0000] {dag.py:3036} INFO - Sync 1 DAGs
[2026-02-02T14:36:26.347+0000] {logging_mixin.py:188} INFO - [2026-02-02T14:36:26.346+0000] {dag.py:3823} INFO - Setting next_dagrun for example_bash_operator to 2026-02-01 00:00:00+00:00, run_after=2026-02-02 00:00:00+00:00
[2026-02-02T14:36:26.405+0000] {processor.py:183} INFO - Processing /home/airflow/.local/lib/python3.8/site-packages/airflow/example_dags/example_bash_operator.py took 0.313 seconds
[2026-02-02T14:36:56.456+0000] {processor.py:161} INFO - Started process (PID=1873) to work on /home/airflow/.local/lib/python3.8/site-packages/airflow/example_dags/example_bash_operator.py
[2026-02-02T14:36:56.457+0000] {processor.py:830} INFO - Processing file /home/airflow/.local/lib/python3.8/site-packages/airflow/example_dags/example_bash_operator.py for tasks to queue
[2026-02-02T14:36:56.458+0000] {logging_mixin.py:188} INFO - [2026-02-02T14:36:56.458+0000] {dagbag.py:538} INFO - Filling up the DagBag from /home/airflow/.local/lib/python3.8/site-packages/airflow/example_dags/example_bash_operator.py
[2026-02-02T14:36:56.472+0000] {processor.py:840} INFO - DAG(s) 'example_bash_operator' retrieved from /home/airflow/.local/lib/python3.8/site-packages/airflow/example_dags/example_bash_operator.py
[2026-02-02T14:36:56.504+0000] {logging_mixin.py:188} INFO - [2026-02-02T14:36:56.504+0000] {dag.py:3036} INFO - Sync 1 DAGs
[2026-02-02T14:36:56.531+0000] {logging_mixin.py:188} INFO - [2026-02-02T14:36:56.530+0000] {dag.py:3823} INFO - Setting next_dagrun for example_bash_operator to 2026-02-01 00:00:00+00:00, run_after=2026-02-02 00:00:00+00:00
[2026-02-02T14:36:56.548+0000] {processor.py:183} INFO - Processing /home/airflow/.local/lib/python3.8/site-packages/airflow/example_dags/example_bash_operator.py took 0.095 seconds
[2026-02-02T14:37:26.590+0000] {processor.py:161} INFO - Started process (PID=1928) to work on /home/airflow/.local/lib/python3.8/site-packages/airflow/example_dags/example_bash_operator.py
[2026-02-02T14:37:26.590+0000] {processor.py:830} INFO - Processing file /home/airflow/.local/lib/python3.8/site-packages/airflow/example_dags/example_bash_operator.py for tasks to queue
[2026-02-02T14:37:26.592+0000] {logging_mixin.py:188} INFO - [2026-02-02T14:37:26.592+0000] {dagbag.py:538} INFO - Filling up the DagBag from /home/airflow/.local/lib/python3.8/site-packages/airflow/example_dags/example_bash_operator.py
[2026-02-02T14:37:26.606+0000] {processor.py:840} INFO - DAG(s) 'example_bash_operator' retrieved from /home/airflow/.local/lib/python3.8/site-packages/airflow/example_dags/example_bash_operator.py
[2026-02-02T14:37:26.638+0000] {logging_mixin.py:188} INFO - [2026-02-02T14:37:26.638+0000] {dag.py:3036} INFO - Sync 1 DAGs
[2026-02-02T14:37:26.666+0000] {logging_mixin.py:188} INFO - [2026-02-02T14:37:26.666+0000] {dag.py:3823} INFO - Setting next_dagrun for example_bash_operator to 2026-02-01 00:00:00+00:00, run_after=2026-02-02 00:00:00+00:00
[2026-02-02T14:37:26.682+0000] {processor.py:183} INFO - Processing /home/airflow/.local/lib/python3.8/site-packages/airflow/example_dags/example_bash_operator.py took 0.096 seconds
[2026-02-02T14:37:56.835+0000] {processor.py:161} INFO - Started process (PID=1982) to work on /home/airflow/.local/lib/python3.8/site-packages/airflow/example_dags/example_bash_operator.py
[2026-02-02T14:37:56.836+0000] {processor.py:830} INFO - Processing file /home/airflow/.local/lib/python3.8/site-packages/airflow/example_dags/example_bash_operator.py for tasks to queue
[2026-02-02T14:37:56.838+0000] {logging_mixin.py:188} INFO - [2026-02-02T14:37:56.837+0000] {dagbag.py:538} INFO - Filling up the DagBag from /home/airflow/.local/lib/python3.8/site-packages/airflow/example_dags/example_bash_operator.py
[2026-02-02T14:37:56.851+0000] {processor.py:840} INFO - DAG(s) 'example_bash_operator' retrieved from /home/airflow/.local/lib/python3.8/site-packages/airflow/example_dags/example_bash_operator.py
[2026-02-02T14:37:56.892+0000] {logging_mixin.py:188} INFO - [2026-02-02T14:37:56.892+0000] {dag.py:3036} INFO - Sync 1 DAGs
[2026-02-02T14:37:56.919+0000] {logging_mixin.py:188} INFO - [2026-02-02T14:37:56.919+0000] {dag.py:3823} INFO - Setting next_dagrun for example_bash_operator to 2026-02-01 00:00:00+00:00, run_after=2026-02-02 00:00:00+00:00
[2026-02-02T14:37:56.937+0000] {processor.py:183} INFO - Processing /home/airflow/.local/lib/python3.8/site-packages/airflow/example_dags/example_bash_operator.py took 0.105 seconds
[2026-02-02T14:38:26.990+0000] {processor.py:161} INFO - Started process (PID=2036) to work on /home/airflow/.local/lib/python3.8/site-packages/airflow/example_dags/example_bash_operator.py
[2026-02-02T14:38:26.991+0000] {processor.py:830} INFO - Processing file /home/airflow/.local/lib/python3.8/site-packages/airflow/example_dags/example_bash_operator.py for tasks to queue
[2026-02-02T14:38:26.993+0000] {logging_mixin.py:188} INFO - [2026-02-02T14:38:26.992+0000] {dagbag.py:538} INFO - Filling up the DagBag from /home/airflow/.local/lib/python3.8/site-packages/airflow/example_dags/example_bash_operator.py
[2026-02-02T14:38:27.007+0000] {processor.py:840} INFO - DAG(s) 'example_bash_operator' retrieved from /home/airflow/.local/lib/python3.8/site-packages/airflow/example_dags/example_bash_operator.py
[2026-02-02T14:38:27.065+0000] {logging_mixin.py:188} INFO - [2026-02-02T14:38:27.064+0000] {dag.py:3036} INFO - Sync 1 DAGs
[2026-02-02T14:38:27.091+0000] {logging_mixin.py:188} INFO - [2026-02-02T14:38:27.091+0000] {dag.py:3823} INFO - Setting next_dagrun for example_bash_operator to 2026-02-01 00:00:00+00:00, run_after=2026-02-02 00:00:00+00:00
[2026-02-02T14:38:27.110+0000] {processor.py:183} INFO - Processing /home/airflow/.local/lib/python3.8/site-packages/airflow/example_dags/example_bash_operator.py took 0.124 seconds
[2026-02-02T14:38:57.683+0000] {processor.py:161} INFO - Started process (PID=2091) to work on /home/airflow/.local/lib/python3.8/site-packages/airflow/example_dags/example_bash_operator.py
[2026-02-02T14:38:57.684+0000] {processor.py:830} INFO - Processing file /home/airflow/.local/lib/python3.8/site-packages/airflow/example_dags/example_bash_operator.py for tasks to queue
[2026-02-02T14:38:57.686+0000] {logging_mixin.py:188} INFO - [2026-02-02T14:38:57.686+0000] {dagbag.py:538} INFO - Filling up the DagBag from /home/airflow/.local/lib/python3.8/site-packages/airflow/example_dags/example_bash_operator.py
[2026-02-02T14:38:57.701+0000] {processor.py:840} INFO - DAG(s) 'example_bash_operator' retrieved from /home/airflow/.local/lib/python3.8/site-packages/airflow/example_dags/example_bash_operator.py
[2026-02-02T14:38:57.745+0000] {logging_mixin.py:188} INFO - [2026-02-02T14:38:57.745+0000] {dag.py:3036} INFO - Sync 1 DAGs
[2026-02-02T14:38:57.771+0000] {logging_mixin.py:188} INFO - [2026-02-02T14:38:57.771+0000] {dag.py:3823} INFO - Setting next_dagrun for example_bash_operator to 2026-02-01 00:00:00+00:00, run_after=2026-02-02 00:00:00+00:00
[2026-02-02T14:38:57.789+0000] {processor.py:183} INFO - Processing /home/airflow/.local/lib/python3.8/site-packages/airflow/example_dags/example_bash_operator.py took 0.111 seconds
[2026-02-02T14:39:27.845+0000] {processor.py:161} INFO - Started process (PID=2146) to work on /home/airflow/.local/lib/python3.8/site-packages/airflow/example_dags/example_bash_operator.py
[2026-02-02T14:39:27.846+0000] {processor.py:830} INFO - Processing file /home/airflow/.local/lib/python3.8/site-packages/airflow/example_dags/example_bash_operator.py for tasks to queue
[2026-02-02T14:39:27.848+0000] {logging_mixin.py:188} INFO - [2026-02-02T14:39:27.847+0000] {dagbag.py:538} INFO - Filling up the DagBag from /home/airflow/.local/lib/python3.8/site-packages/airflow/example_dags/example_bash_operator.py
[2026-02-02T14:39:27.860+0000] {processor.py:840} INFO - DAG(s) 'example_bash_operator' retrieved from /home/airflow/.local/lib/python3.8/site-packages/airflow/example_dags/example_bash_operator.py
[2026-02-02T14:39:27.896+0000] {logging_mixin.py:188} INFO - [2026-02-02T14:39:27.896+0000] {dag.py:3036} INFO - Sync 1 DAGs
[2026-02-02T14:39:27.927+0000] {logging_mixin.py:188} INFO - [2026-02-02T14:39:27.927+0000] {dag.py:3823} INFO - Setting next_dagrun for example_bash_operator to 2026-02-01 00:00:00+00:00, run_after=2026-02-02 00:00:00+00:00
[2026-02-02T14:39:27.945+0000] {processor.py:183} INFO - Processing /home/airflow/.local/lib/python3.8/site-packages/airflow/example_dags/example_bash_operator.py took 0.104 seconds
[2026-02-02T14:39:58.256+0000] {processor.py:161} INFO - Started process (PID=2206) to work on /home/airflow/.local/lib/python3.8/site-packages/airflow/example_dags/example_bash_operator.py
[2026-02-02T14:39:58.257+0000] {processor.py:830} INFO - Processing file /home/airflow/.local/lib/python3.8/site-packages/airflow/example_dags/example_bash_operator.py for tasks to queue
[2026-02-02T14:39:58.259+0000] {logging_mixin.py:188} INFO - [2026-02-02T14:39:58.259+0000] {dagbag.py:538} INFO - Filling up the DagBag from /home/airflow/.local/lib/python3.8/site-packages/airflow/example_dags/example_bash_operator.py
[2026-02-02T14:39:58.291+0000] {processor.py:840} INFO - DAG(s) 'example_bash_operator' retrieved from /home/airflow/.local/lib/python3.8/site-packages/airflow/example_dags/example_bash_operator.py
[2026-02-02T14:39:58.332+0000] {logging_mixin.py:188} INFO - [2026-02-02T14:39:58.331+0000] {dag.py:3036} INFO - Sync 1 DAGs
[2026-02-02T14:39:58.356+0000] {logging_mixin.py:188} INFO - [2026-02-02T14:39:58.356+0000] {dag.py:3823} INFO - Setting next_dagrun for example_bash_operator to 2026-02-01 00:00:00+00:00, run_after=2026-02-02 00:00:00+00:00
[2026-02-02T14:39:58.375+0000] {processor.py:183} INFO - Processing /home/airflow/.local/lib/python3.8/site-packages/airflow/example_dags/example_bash_operator.py took 0.124 seconds
[2026-02-02T14:40:28.573+0000] {processor.py:161} INFO - Started process (PID=2261) to work on /home/airflow/.local/lib/python3.8/site-packages/airflow/example_dags/example_bash_operator.py
[2026-02-02T14:40:28.575+0000] {processor.py:830} INFO - Processing file /home/airflow/.local/lib/python3.8/site-packages/airflow/example_dags/example_bash_operator.py for tasks to queue
[2026-02-02T14:40:28.577+0000] {logging_mixin.py:188} INFO - [2026-02-02T14:40:28.576+0000] {dagbag.py:538} INFO - Filling up the DagBag from /home/airflow/.local/lib/python3.8/site-packages/airflow/example_dags/example_bash_operator.py
[2026-02-02T14:40:28.591+0000] {processor.py:840} INFO - DAG(s) 'example_bash_operator' retrieved from /home/airflow/.local/lib/python3.8/site-packages/airflow/example_dags/example_bash_operator.py
[2026-02-02T14:40:28.637+0000] {logging_mixin.py:188} INFO - [2026-02-02T14:40:28.636+0000] {dag.py:3036} INFO - Sync 1 DAGs
[2026-02-02T14:40:28.663+0000] {logging_mixin.py:188} INFO - [2026-02-02T14:40:28.663+0000] {dag.py:3823} INFO - Setting next_dagrun for example_bash_operator to 2026-02-01 00:00:00+00:00, run_after=2026-02-02 00:00:00+00:00
[2026-02-02T14:40:28.681+0000] {processor.py:183} INFO - Processing /home/airflow/.local/lib/python3.8/site-packages/airflow/example_dags/example_bash_operator.py took 0.112 seconds
[2026-02-02T14:40:58.773+0000] {processor.py:161} INFO - Started process (PID=2317) to work on /home/airflow/.local/lib/python3.8/site-packages/airflow/example_dags/example_bash_operator.py
[2026-02-02T14:40:58.775+0000] {processor.py:830} INFO - Processing file /home/airflow/.local/lib/python3.8/site-packages/airflow/example_dags/example_bash_operator.py for tasks to queue
[2026-02-02T14:40:58.778+0000] {logging_mixin.py:188} INFO - [2026-02-02T14:40:58.778+0000] {dagbag.py:538} INFO - Filling up the DagBag from /home/airflow/.local/lib/python3.8/site-packages/airflow/example_dags/example_bash_operator.py
[2026-02-02T14:40:58.792+0000] {processor.py:840} INFO - DAG(s) 'example_bash_operator' retrieved from /home/airflow/.local/lib/python3.8/site-packages/airflow/example_dags/example_bash_operator.py
[2026-02-02T14:40:58.835+0000] {logging_mixin.py:188} INFO - [2026-02-02T14:40:58.833+0000] {dag.py:3036} INFO - Sync 1 DAGs
[2026-02-02T14:40:58.860+0000] {logging_mixin.py:188} INFO - [2026-02-02T14:40:58.860+0000] {dag.py:3823} INFO - Setting next_dagrun for example_bash_operator to 2026-02-01 00:00:00+00:00, run_after=2026-02-02 00:00:00+00:00
[2026-02-02T14:40:58.878+0000] {processor.py:183} INFO - Processing /home/airflow/.local/lib/python3.8/site-packages/airflow/example_dags/example_bash_operator.py took 0.109 seconds
[2026-02-02T14:41:28.995+0000] {processor.py:161} INFO - Started process (PID=2372) to work on /home/airflow/.local/lib/python3.8/site-packages/airflow/example_dags/example_bash_operator.py
[2026-02-02T14:41:28.996+0000] {processor.py:830} INFO - Processing file /home/airflow/.local/lib/python3.8/site-packages/airflow/example_dags/example_bash_operator.py for tasks to queue
[2026-02-02T14:41:28.999+0000] {logging_mixin.py:188} INFO - [2026-02-02T14:41:28.999+0000] {dagbag.py:538} INFO - Filling up the DagBag from /home/airflow/.local/lib/python3.8/site-packages/airflow/example_dags/example_bash_operator.py
[2026-02-02T14:41:29.013+0000] {processor.py:840} INFO - DAG(s) 'example_bash_operator' retrieved from /home/airflow/.local/lib/python3.8/site-packages/airflow/example_dags/example_bash_operator.py
[2026-02-02T14:41:29.049+0000] {logging_mixin.py:188} INFO - [2026-02-02T14:41:29.049+0000] {dag.py:3036} INFO - Sync 1 DAGs
[2026-02-02T14:41:29.078+0000] {logging_mixin.py:188} INFO - [2026-02-02T14:41:29.077+0000] {dag.py:3823} INFO - Setting next_dagrun for example_bash_operator to 2026-02-01 00:00:00+00:00, run_after=2026-02-02 00:00:00+00:00
[2026-02-02T14:41:29.096+0000] {processor.py:183} INFO - Processing /home/airflow/.local/lib/python3.8/site-packages/airflow/example_dags/example_bash_operator.py took 0.107 seconds
[2026-02-02T14:41:59.396+0000] {processor.py:161} INFO - Started process (PID=2427) to work on /home/airflow/.local/lib/python3.8/site-packages/airflow/example_dags/example_bash_operator.py
[2026-02-02T14:41:59.403+0000] {processor.py:830} INFO - Processing file /home/airflow/.local/lib/python3.8/site-packages/airflow/example_dags/example_bash_operator.py for tasks to queue
[2026-02-02T14:41:59.409+0000] {logging_mixin.py:188} INFO - [2026-02-02T14:41:59.404+0000] {dagbag.py:538} INFO - Filling up the DagBag from /home/airflow/.local/lib/python3.8/site-packages/airflow/example_dags/example_bash_operator.py
[2026-02-02T14:41:59.461+0000] {processor.py:840} INFO - DAG(s) 'example_bash_operator' retrieved from /home/airflow/.local/lib/python3.8/site-packages/airflow/example_dags/example_bash_operator.py
[2026-02-02T14:41:59.619+0000] {logging_mixin.py:188} INFO - [2026-02-02T14:41:59.619+0000] {dag.py:3036} INFO - Sync 1 DAGs
[2026-02-02T14:41:59.659+0000] {logging_mixin.py:188} INFO - [2026-02-02T14:41:59.659+0000] {dag.py:3823} INFO - Setting next_dagrun for example_bash_operator to 2026-02-01 00:00:00+00:00, run_after=2026-02-02 00:00:00+00:00
[2026-02-02T14:41:59.681+0000] {processor.py:183} INFO - Processing /home/airflow/.local/lib/python3.8/site-packages/airflow/example_dags/example_bash_operator.py took 0.297 seconds
[2026-02-02T14:42:29.867+0000] {processor.py:161} INFO - Started process (PID=2482) to work on /home/airflow/.local/lib/python3.8/site-packages/airflow/example_dags/example_bash_operator.py
[2026-02-02T14:42:29.868+0000] {processor.py:830} INFO - Processing file /home/airflow/.local/lib/python3.8/site-packages/airflow/example_dags/example_bash_operator.py for tasks to queue
[2026-02-02T14:42:29.871+0000] {logging_mixin.py:188} INFO - [2026-02-02T14:42:29.871+0000] {dagbag.py:538} INFO - Filling up the DagBag from /home/airflow/.local/lib/python3.8/site-packages/airflow/example_dags/example_bash_operator.py
[2026-02-02T14:42:29.892+0000] {processor.py:840} INFO - DAG(s) 'example_bash_operator' retrieved from /home/airflow/.local/lib/python3.8/site-packages/airflow/example_dags/example_bash_operator.py
[2026-02-02T14:42:29.965+0000] {logging_mixin.py:188} INFO - [2026-02-02T14:42:29.964+0000] {dag.py:3036} INFO - Sync 1 DAGs
[2026-02-02T14:42:30.330+0000] {logging_mixin.py:188} INFO - [2026-02-02T14:42:30.330+0000] {dag.py:3823} INFO - Setting next_dagrun for example_bash_operator to 2026-02-01 00:00:00+00:00, run_after=2026-02-02 00:00:00+00:00
[2026-02-02T14:42:30.351+0000] {processor.py:183} INFO - Processing /home/airflow/.local/lib/python3.8/site-packages/airflow/example_dags/example_bash_operator.py took 0.494 seconds
[2026-02-02T14:43:00.891+0000] {processor.py:161} INFO - Started process (PID=2536) to work on /home/airflow/.local/lib/python3.8/site-packages/airflow/example_dags/example_bash_operator.py
[2026-02-02T14:43:00.892+0000] {processor.py:830} INFO - Processing file /home/airflow/.local/lib/python3.8/site-packages/airflow/example_dags/example_bash_operator.py for tasks to queue
[2026-02-02T14:43:00.894+0000] {logging_mixin.py:188} INFO - [2026-02-02T14:43:00.893+0000] {dagbag.py:538} INFO - Filling up the DagBag from /home/airflow/.local/lib/python3.8/site-packages/airflow/example_dags/example_bash_operator.py
[2026-02-02T14:43:00.907+0000] {processor.py:840} INFO - DAG(s) 'example_bash_operator' retrieved from /home/airflow/.local/lib/python3.8/site-packages/airflow/example_dags/example_bash_operator.py
[2026-02-02T14:43:00.945+0000] {logging_mixin.py:188} INFO - [2026-02-02T14:43:00.945+0000] {dag.py:3036} INFO - Sync 1 DAGs
[2026-02-02T14:43:00.977+0000] {logging_mixin.py:188} INFO - [2026-02-02T14:43:00.976+0000] {dag.py:3823} INFO - Setting next_dagrun for example_bash_operator to 2026-02-01 00:00:00+00:00, run_after=2026-02-02 00:00:00+00:00
[2026-02-02T14:43:00.995+0000] {processor.py:183} INFO - Processing /home/airflow/.local/lib/python3.8/site-packages/airflow/example_dags/example_bash_operator.py took 0.108 seconds
[2026-02-02T14:43:31.148+0000] {processor.py:161} INFO - Started process (PID=2591) to work on /home/airflow/.local/lib/python3.8/site-packages/airflow/example_dags/example_bash_operator.py
[2026-02-02T14:43:31.149+0000] {processor.py:830} INFO - Processing file /home/airflow/.local/lib/python3.8/site-packages/airflow/example_dags/example_bash_operator.py for tasks to queue
[2026-02-02T14:43:31.151+0000] {logging_mixin.py:188} INFO - [2026-02-02T14:43:31.151+0000] {dagbag.py:538} INFO - Filling up the DagBag from /home/airflow/.local/lib/python3.8/site-packages/airflow/example_dags/example_bash_operator.py
[2026-02-02T14:43:31.166+0000] {processor.py:840} INFO - DAG(s) 'example_bash_operator' retrieved from /home/airflow/.local/lib/python3.8/site-packages/airflow/example_dags/example_bash_operator.py
[2026-02-02T14:43:31.208+0000] {logging_mixin.py:188} INFO - [2026-02-02T14:43:31.208+0000] {dag.py:3036} INFO - Sync 1 DAGs
[2026-02-02T14:43:31.236+0000] {logging_mixin.py:188} INFO - [2026-02-02T14:43:31.236+0000] {dag.py:3823} INFO - Setting next_dagrun for example_bash_operator to 2026-02-01 00:00:00+00:00, run_after=2026-02-02 00:00:00+00:00
[2026-02-02T14:43:31.254+0000] {processor.py:183} INFO - Processing /home/airflow/.local/lib/python3.8/site-packages/airflow/example_dags/example_bash_operator.py took 0.111 seconds
[2026-02-02T14:44:01.809+0000] {processor.py:161} INFO - Started process (PID=2646) to work on /home/airflow/.local/lib/python3.8/site-packages/airflow/example_dags/example_bash_operator.py
[2026-02-02T14:44:01.809+0000] {processor.py:830} INFO - Processing file /home/airflow/.local/lib/python3.8/site-packages/airflow/example_dags/example_bash_operator.py for tasks to queue
[2026-02-02T14:44:01.811+0000] {logging_mixin.py:188} INFO - [2026-02-02T14:44:01.811+0000] {dagbag.py:538} INFO - Filling up the DagBag from /home/airflow/.local/lib/python3.8/site-packages/airflow/example_dags/example_bash_operator.py
[2026-02-02T14:44:01.826+0000] {processor.py:840} INFO - DAG(s) 'example_bash_operator' retrieved from /home/airflow/.local/lib/python3.8/site-packages/airflow/example_dags/example_bash_operator.py
[2026-02-02T14:44:01.865+0000] {logging_mixin.py:188} INFO - [2026-02-02T14:44:01.864+0000] {dag.py:3036} INFO - Sync 1 DAGs
[2026-02-02T14:44:01.893+0000] {logging_mixin.py:188} INFO - [2026-02-02T14:44:01.893+0000] {dag.py:3823} INFO - Setting next_dagrun for example_bash_operator to 2026-02-01 00:00:00+00:00, run_after=2026-02-02 00:00:00+00:00
[2026-02-02T14:44:01.911+0000] {processor.py:183} INFO - Processing /home/airflow/.local/lib/python3.8/site-packages/airflow/example_dags/example_bash_operator.py took 0.107 seconds
[2026-02-02T14:44:32.038+0000] {processor.py:161} INFO - Started process (PID=2701) to work on /home/airflow/.local/lib/python3.8/site-packages/airflow/example_dags/example_bash_operator.py
[2026-02-02T14:44:32.040+0000] {processor.py:830} INFO - Processing file /home/airflow/.local/lib/python3.8/site-packages/airflow/example_dags/example_bash_operator.py for tasks to queue
[2026-02-02T14:44:32.047+0000] {logging_mixin.py:188} INFO - [2026-02-02T14:44:32.046+0000] {dagbag.py:538} INFO - Filling up the DagBag from /home/airflow/.local/lib/python3.8/site-packages/airflow/example_dags/example_bash_operator.py
[2026-02-02T14:44:32.068+0000] {processor.py:840} INFO - DAG(s) 'example_bash_operator' retrieved from /home/airflow/.local/lib/python3.8/site-packages/airflow/example_dags/example_bash_operator.py
[2026-02-02T14:44:32.155+0000] {logging_mixin.py:188} INFO - [2026-02-02T14:44:32.155+0000] {dag.py:3036} INFO - Sync 1 DAGs
[2026-02-02T14:44:32.243+0000] {logging_mixin.py:188} INFO - [2026-02-02T14:44:32.243+0000] {dag.py:3823} INFO - Setting next_dagrun for example_bash_operator to 2026-02-01 00:00:00+00:00, run_after=2026-02-02 00:00:00+00:00
[2026-02-02T14:44:32.310+0000] {processor.py:183} INFO - Processing /home/airflow/.local/lib/python3.8/site-packages/airflow/example_dags/example_bash_operator.py took 0.278 seconds
[2026-02-02T14:45:02.858+0000] {processor.py:161} INFO - Started process (PID=2755) to work on /home/airflow/.local/lib/python3.8/site-packages/airflow/example_dags/example_bash_operator.py
[2026-02-02T14:45:02.859+0000] {processor.py:830} INFO - Processing file /home/airflow/.local/lib/python3.8/site-packages/airflow/example_dags/example_bash_operator.py for tasks to queue
[2026-02-02T14:45:02.861+0000] {logging_mixin.py:188} INFO - [2026-02-02T14:45:02.860+0000] {dagbag.py:538} INFO - Filling up the DagBag from /home/airflow/.local/lib/python3.8/site-packages/airflow/example_dags/example_bash_operator.py
[2026-02-02T14:45:02.881+0000] {processor.py:840} INFO - DAG(s) 'example_bash_operator' retrieved from /home/airflow/.local/lib/python3.8/site-packages/airflow/example_dags/example_bash_operator.py
[2026-02-02T14:45:02.917+0000] {logging_mixin.py:188} INFO - [2026-02-02T14:45:02.917+0000] {dag.py:3036} INFO - Sync 1 DAGs
[2026-02-02T14:45:03.089+0000] {logging_mixin.py:188} INFO - [2026-02-02T14:45:03.089+0000] {dag.py:3823} INFO - Setting next_dagrun for example_bash_operator to 2026-02-01 00:00:00+00:00, run_after=2026-02-02 00:00:00+00:00
[2026-02-02T14:45:03.106+0000] {processor.py:183} INFO - Processing /home/airflow/.local/lib/python3.8/site-packages/airflow/example_dags/example_bash_operator.py took 0.256 seconds
[2026-02-02T14:45:34.102+0000] {processor.py:161} INFO - Started process (PID=2811) to work on /home/airflow/.local/lib/python3.8/site-packages/airflow/example_dags/example_bash_operator.py
[2026-02-02T14:45:34.103+0000] {processor.py:830} INFO - Processing file /home/airflow/.local/lib/python3.8/site-packages/airflow/example_dags/example_bash_operator.py for tasks to queue
[2026-02-02T14:45:34.105+0000] {logging_mixin.py:188} INFO - [2026-02-02T14:45:34.105+0000] {dagbag.py:538} INFO - Filling up the DagBag from /home/airflow/.local/lib/python3.8/site-packages/airflow/example_dags/example_bash_operator.py
[2026-02-02T14:45:34.126+0000] {processor.py:840} INFO - DAG(s) 'example_bash_operator' retrieved from /home/airflow/.local/lib/python3.8/site-packages/airflow/example_dags/example_bash_operator.py
[2026-02-02T14:45:34.169+0000] {logging_mixin.py:188} INFO - [2026-02-02T14:45:34.169+0000] {dag.py:3036} INFO - Sync 1 DAGs
[2026-02-02T14:45:34.195+0000] {logging_mixin.py:188} INFO - [2026-02-02T14:45:34.195+0000] {dag.py:3823} INFO - Setting next_dagrun for example_bash_operator to 2026-02-01 00:00:00+00:00, run_after=2026-02-02 00:00:00+00:00
[2026-02-02T14:45:34.213+0000] {processor.py:183} INFO - Processing /home/airflow/.local/lib/python3.8/site-packages/airflow/example_dags/example_bash_operator.py took 0.122 seconds
[2026-02-02T14:46:04.575+0000] {processor.py:161} INFO - Started process (PID=2866) to work on /home/airflow/.local/lib/python3.8/site-packages/airflow/example_dags/example_bash_operator.py
[2026-02-02T14:46:04.576+0000] {processor.py:830} INFO - Processing file /home/airflow/.local/lib/python3.8/site-packages/airflow/example_dags/example_bash_operator.py for tasks to queue
[2026-02-02T14:46:04.579+0000] {logging_mixin.py:188} INFO - [2026-02-02T14:46:04.578+0000] {dagbag.py:538} INFO - Filling up the DagBag from /home/airflow/.local/lib/python3.8/site-packages/airflow/example_dags/example_bash_operator.py
[2026-02-02T14:46:04.611+0000] {processor.py:840} INFO - DAG(s) 'example_bash_operator' retrieved from /home/airflow/.local/lib/python3.8/site-packages/airflow/example_dags/example_bash_operator.py
[2026-02-02T14:46:04.678+0000] {logging_mixin.py:188} INFO - [2026-02-02T14:46:04.678+0000] {dag.py:3036} INFO - Sync 1 DAGs
[2026-02-02T14:46:04.727+0000] {logging_mixin.py:188} INFO - [2026-02-02T14:46:04.727+0000] {dag.py:3823} INFO - Setting next_dagrun for example_bash_operator to 2026-02-01 00:00:00+00:00, run_after=2026-02-02 00:00:00+00:00
[2026-02-02T14:46:04.782+0000] {processor.py:183} INFO - Processing /home/airflow/.local/lib/python3.8/site-packages/airflow/example_dags/example_bash_operator.py took 0.212 seconds
[2026-02-02T14:46:35.523+0000] {processor.py:161} INFO - Started process (PID=2922) to work on /home/airflow/.local/lib/python3.8/site-packages/airflow/example_dags/example_bash_operator.py
[2026-02-02T14:46:35.524+0000] {processor.py:830} INFO - Processing file /home/airflow/.local/lib/python3.8/site-packages/airflow/example_dags/example_bash_operator.py for tasks to queue
[2026-02-02T14:46:35.530+0000] {logging_mixin.py:188} INFO - [2026-02-02T14:46:35.525+0000] {dagbag.py:538} INFO - Filling up the DagBag from /home/airflow/.local/lib/python3.8/site-packages/airflow/example_dags/example_bash_operator.py
[2026-02-02T14:46:35.555+0000] {processor.py:840} INFO - DAG(s) 'example_bash_operator' retrieved from /home/airflow/.local/lib/python3.8/site-packages/airflow/example_dags/example_bash_operator.py
[2026-02-02T14:46:35.594+0000] {logging_mixin.py:188} INFO - [2026-02-02T14:46:35.593+0000] {dag.py:3036} INFO - Sync 1 DAGs
[2026-02-02T14:46:35.619+0000] {logging_mixin.py:188} INFO - [2026-02-02T14:46:35.618+0000] {dag.py:3823} INFO - Setting next_dagrun for example_bash_operator to 2026-02-01 00:00:00+00:00, run_after=2026-02-02 00:00:00+00:00
[2026-02-02T14:46:35.636+0000] {processor.py:183} INFO - Processing /home/airflow/.local/lib/python3.8/site-packages/airflow/example_dags/example_bash_operator.py took 0.117 seconds
[2026-02-02T14:47:06.000+0000] {processor.py:161} INFO - Started process (PID=2978) to work on /home/airflow/.local/lib/python3.8/site-packages/airflow/example_dags/example_bash_operator.py
[2026-02-02T14:47:06.001+0000] {processor.py:830} INFO - Processing file /home/airflow/.local/lib/python3.8/site-packages/airflow/example_dags/example_bash_operator.py for tasks to queue
[2026-02-02T14:47:06.003+0000] {logging_mixin.py:188} INFO - [2026-02-02T14:47:06.003+0000] {dagbag.py:538} INFO - Filling up the DagBag from /home/airflow/.local/lib/python3.8/site-packages/airflow/example_dags/example_bash_operator.py
[2026-02-02T14:47:06.022+0000] {processor.py:840} INFO - DAG(s) 'example_bash_operator' retrieved from /home/airflow/.local/lib/python3.8/site-packages/airflow/example_dags/example_bash_operator.py
[2026-02-02T14:47:06.067+0000] {logging_mixin.py:188} INFO - [2026-02-02T14:47:06.066+0000] {dag.py:3036} INFO - Sync 1 DAGs
[2026-02-02T14:47:06.094+0000] {logging_mixin.py:188} INFO - [2026-02-02T14:47:06.094+0000] {dag.py:3823} INFO - Setting next_dagrun for example_bash_operator to 2026-02-01 00:00:00+00:00, run_after=2026-02-02 00:00:00+00:00
[2026-02-02T14:47:06.112+0000] {processor.py:183} INFO - Processing /home/airflow/.local/lib/python3.8/site-packages/airflow/example_dags/example_bash_operator.py took 0.120 seconds
[2026-02-02T14:47:36.722+0000] {processor.py:161} INFO - Started process (PID=3035) to work on /home/airflow/.local/lib/python3.8/site-packages/airflow/example_dags/example_bash_operator.py
[2026-02-02T14:47:36.723+0000] {processor.py:830} INFO - Processing file /home/airflow/.local/lib/python3.8/site-packages/airflow/example_dags/example_bash_operator.py for tasks to queue
[2026-02-02T14:47:36.726+0000] {logging_mixin.py:188} INFO - [2026-02-02T14:47:36.725+0000] {dagbag.py:538} INFO - Filling up the DagBag from /home/airflow/.local/lib/python3.8/site-packages/airflow/example_dags/example_bash_operator.py
[2026-02-02T14:47:36.740+0000] {processor.py:840} INFO - DAG(s) 'example_bash_operator' retrieved from /home/airflow/.local/lib/python3.8/site-packages/airflow/example_dags/example_bash_operator.py
[2026-02-02T14:47:36.782+0000] {logging_mixin.py:188} INFO - [2026-02-02T14:47:36.781+0000] {dag.py:3036} INFO - Sync 1 DAGs
[2026-02-02T14:47:36.809+0000] {logging_mixin.py:188} INFO - [2026-02-02T14:47:36.808+0000] {dag.py:3823} INFO - Setting next_dagrun for example_bash_operator to 2026-02-01 00:00:00+00:00, run_after=2026-02-02 00:00:00+00:00
[2026-02-02T14:47:36.826+0000] {processor.py:183} INFO - Processing /home/airflow/.local/lib/python3.8/site-packages/airflow/example_dags/example_bash_operator.py took 0.108 seconds
[2026-02-02T14:48:07.813+0000] {processor.py:161} INFO - Started process (PID=3091) to work on /home/airflow/.local/lib/python3.8/site-packages/airflow/example_dags/example_bash_operator.py
[2026-02-02T14:48:07.816+0000] {processor.py:830} INFO - Processing file /home/airflow/.local/lib/python3.8/site-packages/airflow/example_dags/example_bash_operator.py for tasks to queue
[2026-02-02T14:48:07.819+0000] {logging_mixin.py:188} INFO - [2026-02-02T14:48:07.818+0000] {dagbag.py:538} INFO - Filling up the DagBag from /home/airflow/.local/lib/python3.8/site-packages/airflow/example_dags/example_bash_operator.py
[2026-02-02T14:48:07.835+0000] {processor.py:840} INFO - DAG(s) 'example_bash_operator' retrieved from /home/airflow/.local/lib/python3.8/site-packages/airflow/example_dags/example_bash_operator.py
[2026-02-02T14:48:07.890+0000] {logging_mixin.py:188} INFO - [2026-02-02T14:48:07.890+0000] {dag.py:3036} INFO - Sync 1 DAGs
[2026-02-02T14:48:07.916+0000] {logging_mixin.py:188} INFO - [2026-02-02T14:48:07.915+0000] {dag.py:3823} INFO - Setting next_dagrun for example_bash_operator to 2026-02-01 00:00:00+00:00, run_after=2026-02-02 00:00:00+00:00
[2026-02-02T14:48:07.933+0000] {processor.py:183} INFO - Processing /home/airflow/.local/lib/python3.8/site-packages/airflow/example_dags/example_bash_operator.py took 0.128 seconds
[2026-02-02T14:48:38.386+0000] {processor.py:161} INFO - Started process (PID=3146) to work on /home/airflow/.local/lib/python3.8/site-packages/airflow/example_dags/example_bash_operator.py
[2026-02-02T14:48:38.387+0000] {processor.py:830} INFO - Processing file /home/airflow/.local/lib/python3.8/site-packages/airflow/example_dags/example_bash_operator.py for tasks to queue
[2026-02-02T14:48:38.389+0000] {logging_mixin.py:188} INFO - [2026-02-02T14:48:38.388+0000] {dagbag.py:538} INFO - Filling up the DagBag from /home/airflow/.local/lib/python3.8/site-packages/airflow/example_dags/example_bash_operator.py
[2026-02-02T14:48:38.402+0000] {processor.py:840} INFO - DAG(s) 'example_bash_operator' retrieved from /home/airflow/.local/lib/python3.8/site-packages/airflow/example_dags/example_bash_operator.py
[2026-02-02T14:48:38.439+0000] {logging_mixin.py:188} INFO - [2026-02-02T14:48:38.439+0000] {dag.py:3036} INFO - Sync 1 DAGs
[2026-02-02T14:48:38.467+0000] {logging_mixin.py:188} INFO - [2026-02-02T14:48:38.467+0000] {dag.py:3823} INFO - Setting next_dagrun for example_bash_operator to 2026-02-01 00:00:00+00:00, run_after=2026-02-02 00:00:00+00:00
[2026-02-02T14:48:38.485+0000] {processor.py:183} INFO - Processing /home/airflow/.local/lib/python3.8/site-packages/airflow/example_dags/example_bash_operator.py took 0.105 seconds
[2026-02-02T14:49:08.720+0000] {processor.py:161} INFO - Started process (PID=3202) to work on /home/airflow/.local/lib/python3.8/site-packages/airflow/example_dags/example_bash_operator.py
[2026-02-02T14:49:08.722+0000] {processor.py:830} INFO - Processing file /home/airflow/.local/lib/python3.8/site-packages/airflow/example_dags/example_bash_operator.py for tasks to queue
[2026-02-02T14:49:08.723+0000] {logging_mixin.py:188} INFO - [2026-02-02T14:49:08.723+0000] {dagbag.py:538} INFO - Filling up the DagBag from /home/airflow/.local/lib/python3.8/site-packages/airflow/example_dags/example_bash_operator.py
[2026-02-02T14:49:08.738+0000] {processor.py:840} INFO - DAG(s) 'example_bash_operator' retrieved from /home/airflow/.local/lib/python3.8/site-packages/airflow/example_dags/example_bash_operator.py
[2026-02-02T14:49:08.775+0000] {logging_mixin.py:188} INFO - [2026-02-02T14:49:08.774+0000] {dag.py:3036} INFO - Sync 1 DAGs
[2026-02-02T14:49:08.801+0000] {logging_mixin.py:188} INFO - [2026-02-02T14:49:08.801+0000] {dag.py:3823} INFO - Setting next_dagrun for example_bash_operator to 2026-02-01 00:00:00+00:00, run_after=2026-02-02 00:00:00+00:00
[2026-02-02T14:49:08.819+0000] {processor.py:183} INFO - Processing /home/airflow/.local/lib/python3.8/site-packages/airflow/example_dags/example_bash_operator.py took 0.105 seconds
[2026-02-02T14:49:39.436+0000] {processor.py:161} INFO - Started process (PID=3258) to work on /home/airflow/.local/lib/python3.8/site-packages/airflow/example_dags/example_bash_operator.py
[2026-02-02T14:49:39.438+0000] {processor.py:830} INFO - Processing file /home/airflow/.local/lib/python3.8/site-packages/airflow/example_dags/example_bash_operator.py for tasks to queue
[2026-02-02T14:49:39.442+0000] {logging_mixin.py:188} INFO - [2026-02-02T14:49:39.441+0000] {dagbag.py:538} INFO - Filling up the DagBag from /home/airflow/.local/lib/python3.8/site-packages/airflow/example_dags/example_bash_operator.py
[2026-02-02T14:49:39.470+0000] {processor.py:840} INFO - DAG(s) 'example_bash_operator' retrieved from /home/airflow/.local/lib/python3.8/site-packages/airflow/example_dags/example_bash_operator.py
[2026-02-02T14:49:39.507+0000] {logging_mixin.py:188} INFO - [2026-02-02T14:49:39.507+0000] {dag.py:3036} INFO - Sync 1 DAGs
[2026-02-02T14:49:39.534+0000] {logging_mixin.py:188} INFO - [2026-02-02T14:49:39.533+0000] {dag.py:3823} INFO - Setting next_dagrun for example_bash_operator to 2026-02-01 00:00:00+00:00, run_after=2026-02-02 00:00:00+00:00
[2026-02-02T14:49:39.553+0000] {processor.py:183} INFO - Processing /home/airflow/.local/lib/python3.8/site-packages/airflow/example_dags/example_bash_operator.py took 0.129 seconds
[2026-02-02T14:50:09.594+0000] {processor.py:161} INFO - Started process (PID=3314) to work on /home/airflow/.local/lib/python3.8/site-packages/airflow/example_dags/example_bash_operator.py
[2026-02-02T14:50:09.595+0000] {processor.py:830} INFO - Processing file /home/airflow/.local/lib/python3.8/site-packages/airflow/example_dags/example_bash_operator.py for tasks to queue
[2026-02-02T14:50:09.596+0000] {logging_mixin.py:188} INFO - [2026-02-02T14:50:09.596+0000] {dagbag.py:538} INFO - Filling up the DagBag from /home/airflow/.local/lib/python3.8/site-packages/airflow/example_dags/example_bash_operator.py
[2026-02-02T14:50:09.607+0000] {processor.py:840} INFO - DAG(s) 'example_bash_operator' retrieved from /home/airflow/.local/lib/python3.8/site-packages/airflow/example_dags/example_bash_operator.py
[2026-02-02T14:50:09.632+0000] {logging_mixin.py:188} INFO - [2026-02-02T14:50:09.632+0000] {dag.py:3036} INFO - Sync 1 DAGs
[2026-02-02T14:50:09.651+0000] {logging_mixin.py:188} INFO - [2026-02-02T14:50:09.651+0000] {dag.py:3823} INFO - Setting next_dagrun for example_bash_operator to 2026-02-01 00:00:00+00:00, run_after=2026-02-02 00:00:00+00:00
[2026-02-02T14:50:09.665+0000] {processor.py:183} INFO - Processing /home/airflow/.local/lib/python3.8/site-packages/airflow/example_dags/example_bash_operator.py took 0.073 seconds
[2026-02-02T14:50:39.802+0000] {processor.py:161} INFO - Started process (PID=3370) to work on /home/airflow/.local/lib/python3.8/site-packages/airflow/example_dags/example_bash_operator.py
[2026-02-02T14:50:39.805+0000] {processor.py:830} INFO - Processing file /home/airflow/.local/lib/python3.8/site-packages/airflow/example_dags/example_bash_operator.py for tasks to queue
[2026-02-02T14:50:39.809+0000] {logging_mixin.py:188} INFO - [2026-02-02T14:50:39.808+0000] {dagbag.py:538} INFO - Filling up the DagBag from /home/airflow/.local/lib/python3.8/site-packages/airflow/example_dags/example_bash_operator.py
[2026-02-02T14:50:39.855+0000] {processor.py:840} INFO - DAG(s) 'example_bash_operator' retrieved from /home/airflow/.local/lib/python3.8/site-packages/airflow/example_dags/example_bash_operator.py
[2026-02-02T14:50:39.962+0000] {logging_mixin.py:188} INFO - [2026-02-02T14:50:39.962+0000] {dag.py:3036} INFO - Sync 1 DAGs
[2026-02-02T14:50:40.049+0000] {logging_mixin.py:188} INFO - [2026-02-02T14:50:40.049+0000] {dag.py:3823} INFO - Setting next_dagrun for example_bash_operator to 2026-02-01 00:00:00+00:00, run_after=2026-02-02 00:00:00+00:00
[2026-02-02T14:50:40.107+0000] {processor.py:183} INFO - Processing /home/airflow/.local/lib/python3.8/site-packages/airflow/example_dags/example_bash_operator.py took 0.321 seconds
