[2026-02-02T14:20:33.699+0000] {processor.py:161} INFO - Started process (PID=103) to work on /home/airflow/.local/lib/python3.8/site-packages/airflow/example_dags/example_trigger_target_dag.py
[2026-02-02T14:20:33.702+0000] {processor.py:830} INFO - Processing file /home/airflow/.local/lib/python3.8/site-packages/airflow/example_dags/example_trigger_target_dag.py for tasks to queue
[2026-02-02T14:20:33.706+0000] {logging_mixin.py:188} INFO - [2026-02-02T14:20:33.703+0000] {dagbag.py:538} INFO - Filling up the DagBag from /home/airflow/.local/lib/python3.8/site-packages/airflow/example_dags/example_trigger_target_dag.py
[2026-02-02T14:20:33.741+0000] {processor.py:840} INFO - DAG(s) 'example_trigger_target_dag' retrieved from /home/airflow/.local/lib/python3.8/site-packages/airflow/example_dags/example_trigger_target_dag.py
[2026-02-02T14:20:34.077+0000] {logging_mixin.py:188} INFO - [2026-02-02T14:20:34.076+0000] {override.py:1769} INFO - Created Permission View: can edit on DAG:example_trigger_target_dag
[2026-02-02T14:20:34.130+0000] {logging_mixin.py:188} INFO - [2026-02-02T14:20:34.129+0000] {override.py:1769} INFO - Created Permission View: can delete on DAG:example_trigger_target_dag
[2026-02-02T14:20:34.149+0000] {logging_mixin.py:188} INFO - [2026-02-02T14:20:34.148+0000] {override.py:1769} INFO - Created Permission View: can read on DAG:example_trigger_target_dag
[2026-02-02T14:20:34.155+0000] {logging_mixin.py:188} INFO - [2026-02-02T14:20:34.155+0000] {dag.py:3036} INFO - Sync 1 DAGs
[2026-02-02T14:20:34.231+0000] {logging_mixin.py:188} INFO - [2026-02-02T14:20:34.231+0000] {dag.py:3058} INFO - Creating ORM DAG for example_trigger_target_dag
[2026-02-02T14:20:34.246+0000] {logging_mixin.py:188} INFO - [2026-02-02T14:20:34.246+0000] {dag.py:3823} INFO - Setting next_dagrun for example_trigger_target_dag to None, run_after=None
[2026-02-02T14:20:34.301+0000] {processor.py:183} INFO - Processing /home/airflow/.local/lib/python3.8/site-packages/airflow/example_dags/example_trigger_target_dag.py took 0.610 seconds
[2026-02-02T14:21:04.680+0000] {processor.py:161} INFO - Started process (PID=158) to work on /home/airflow/.local/lib/python3.8/site-packages/airflow/example_dags/example_trigger_target_dag.py
[2026-02-02T14:21:04.681+0000] {processor.py:830} INFO - Processing file /home/airflow/.local/lib/python3.8/site-packages/airflow/example_dags/example_trigger_target_dag.py for tasks to queue
[2026-02-02T14:21:04.684+0000] {logging_mixin.py:188} INFO - [2026-02-02T14:21:04.683+0000] {dagbag.py:538} INFO - Filling up the DagBag from /home/airflow/.local/lib/python3.8/site-packages/airflow/example_dags/example_trigger_target_dag.py
[2026-02-02T14:21:04.698+0000] {processor.py:840} INFO - DAG(s) 'example_trigger_target_dag' retrieved from /home/airflow/.local/lib/python3.8/site-packages/airflow/example_dags/example_trigger_target_dag.py
[2026-02-02T14:21:04.722+0000] {logging_mixin.py:188} INFO - [2026-02-02T14:21:04.722+0000] {dag.py:3036} INFO - Sync 1 DAGs
[2026-02-02T14:21:04.737+0000] {logging_mixin.py:188} INFO - [2026-02-02T14:21:04.736+0000] {dag.py:3823} INFO - Setting next_dagrun for example_trigger_target_dag to None, run_after=None
[2026-02-02T14:21:04.757+0000] {processor.py:183} INFO - Processing /home/airflow/.local/lib/python3.8/site-packages/airflow/example_dags/example_trigger_target_dag.py took 0.080 seconds
[2026-02-02T14:21:35.159+0000] {processor.py:161} INFO - Started process (PID=213) to work on /home/airflow/.local/lib/python3.8/site-packages/airflow/example_dags/example_trigger_target_dag.py
[2026-02-02T14:21:35.160+0000] {processor.py:830} INFO - Processing file /home/airflow/.local/lib/python3.8/site-packages/airflow/example_dags/example_trigger_target_dag.py for tasks to queue
[2026-02-02T14:21:35.161+0000] {logging_mixin.py:188} INFO - [2026-02-02T14:21:35.161+0000] {dagbag.py:538} INFO - Filling up the DagBag from /home/airflow/.local/lib/python3.8/site-packages/airflow/example_dags/example_trigger_target_dag.py
[2026-02-02T14:21:35.167+0000] {processor.py:840} INFO - DAG(s) 'example_trigger_target_dag' retrieved from /home/airflow/.local/lib/python3.8/site-packages/airflow/example_dags/example_trigger_target_dag.py
[2026-02-02T14:21:35.183+0000] {logging_mixin.py:188} INFO - [2026-02-02T14:21:35.183+0000] {dag.py:3036} INFO - Sync 1 DAGs
[2026-02-02T14:21:35.193+0000] {logging_mixin.py:188} INFO - [2026-02-02T14:21:35.192+0000] {dag.py:3823} INFO - Setting next_dagrun for example_trigger_target_dag to None, run_after=None
[2026-02-02T14:21:35.206+0000] {processor.py:183} INFO - Processing /home/airflow/.local/lib/python3.8/site-packages/airflow/example_dags/example_trigger_target_dag.py took 0.050 seconds
[2026-02-02T14:22:05.462+0000] {processor.py:161} INFO - Started process (PID=268) to work on /home/airflow/.local/lib/python3.8/site-packages/airflow/example_dags/example_trigger_target_dag.py
[2026-02-02T14:22:05.462+0000] {processor.py:830} INFO - Processing file /home/airflow/.local/lib/python3.8/site-packages/airflow/example_dags/example_trigger_target_dag.py for tasks to queue
[2026-02-02T14:22:05.464+0000] {logging_mixin.py:188} INFO - [2026-02-02T14:22:05.463+0000] {dagbag.py:538} INFO - Filling up the DagBag from /home/airflow/.local/lib/python3.8/site-packages/airflow/example_dags/example_trigger_target_dag.py
[2026-02-02T14:22:05.468+0000] {processor.py:840} INFO - DAG(s) 'example_trigger_target_dag' retrieved from /home/airflow/.local/lib/python3.8/site-packages/airflow/example_dags/example_trigger_target_dag.py
[2026-02-02T14:22:05.484+0000] {logging_mixin.py:188} INFO - [2026-02-02T14:22:05.483+0000] {dag.py:3036} INFO - Sync 1 DAGs
[2026-02-02T14:22:05.493+0000] {logging_mixin.py:188} INFO - [2026-02-02T14:22:05.493+0000] {dag.py:3823} INFO - Setting next_dagrun for example_trigger_target_dag to None, run_after=None
[2026-02-02T14:22:05.506+0000] {processor.py:183} INFO - Processing /home/airflow/.local/lib/python3.8/site-packages/airflow/example_dags/example_trigger_target_dag.py took 0.048 seconds
[2026-02-02T14:22:36.176+0000] {processor.py:161} INFO - Started process (PID=323) to work on /home/airflow/.local/lib/python3.8/site-packages/airflow/example_dags/example_trigger_target_dag.py
[2026-02-02T14:22:36.176+0000] {processor.py:830} INFO - Processing file /home/airflow/.local/lib/python3.8/site-packages/airflow/example_dags/example_trigger_target_dag.py for tasks to queue
[2026-02-02T14:22:36.178+0000] {logging_mixin.py:188} INFO - [2026-02-02T14:22:36.177+0000] {dagbag.py:538} INFO - Filling up the DagBag from /home/airflow/.local/lib/python3.8/site-packages/airflow/example_dags/example_trigger_target_dag.py
[2026-02-02T14:22:36.182+0000] {processor.py:840} INFO - DAG(s) 'example_trigger_target_dag' retrieved from /home/airflow/.local/lib/python3.8/site-packages/airflow/example_dags/example_trigger_target_dag.py
[2026-02-02T14:22:36.197+0000] {logging_mixin.py:188} INFO - [2026-02-02T14:22:36.197+0000] {dag.py:3036} INFO - Sync 1 DAGs
[2026-02-02T14:22:36.207+0000] {logging_mixin.py:188} INFO - [2026-02-02T14:22:36.207+0000] {dag.py:3823} INFO - Setting next_dagrun for example_trigger_target_dag to None, run_after=None
[2026-02-02T14:22:36.221+0000] {processor.py:183} INFO - Processing /home/airflow/.local/lib/python3.8/site-packages/airflow/example_dags/example_trigger_target_dag.py took 0.048 seconds
[2026-02-02T14:23:06.702+0000] {processor.py:161} INFO - Started process (PID=378) to work on /home/airflow/.local/lib/python3.8/site-packages/airflow/example_dags/example_trigger_target_dag.py
[2026-02-02T14:23:06.703+0000] {processor.py:830} INFO - Processing file /home/airflow/.local/lib/python3.8/site-packages/airflow/example_dags/example_trigger_target_dag.py for tasks to queue
[2026-02-02T14:23:06.704+0000] {logging_mixin.py:188} INFO - [2026-02-02T14:23:06.704+0000] {dagbag.py:538} INFO - Filling up the DagBag from /home/airflow/.local/lib/python3.8/site-packages/airflow/example_dags/example_trigger_target_dag.py
[2026-02-02T14:23:06.709+0000] {processor.py:840} INFO - DAG(s) 'example_trigger_target_dag' retrieved from /home/airflow/.local/lib/python3.8/site-packages/airflow/example_dags/example_trigger_target_dag.py
[2026-02-02T14:23:06.724+0000] {logging_mixin.py:188} INFO - [2026-02-02T14:23:06.723+0000] {dag.py:3036} INFO - Sync 1 DAGs
[2026-02-02T14:23:06.733+0000] {logging_mixin.py:188} INFO - [2026-02-02T14:23:06.733+0000] {dag.py:3823} INFO - Setting next_dagrun for example_trigger_target_dag to None, run_after=None
[2026-02-02T14:23:06.747+0000] {processor.py:183} INFO - Processing /home/airflow/.local/lib/python3.8/site-packages/airflow/example_dags/example_trigger_target_dag.py took 0.047 seconds
[2026-02-02T14:23:37.391+0000] {processor.py:161} INFO - Started process (PID=433) to work on /home/airflow/.local/lib/python3.8/site-packages/airflow/example_dags/example_trigger_target_dag.py
[2026-02-02T14:23:37.392+0000] {processor.py:830} INFO - Processing file /home/airflow/.local/lib/python3.8/site-packages/airflow/example_dags/example_trigger_target_dag.py for tasks to queue
[2026-02-02T14:23:37.393+0000] {logging_mixin.py:188} INFO - [2026-02-02T14:23:37.393+0000] {dagbag.py:538} INFO - Filling up the DagBag from /home/airflow/.local/lib/python3.8/site-packages/airflow/example_dags/example_trigger_target_dag.py
[2026-02-02T14:23:37.398+0000] {processor.py:840} INFO - DAG(s) 'example_trigger_target_dag' retrieved from /home/airflow/.local/lib/python3.8/site-packages/airflow/example_dags/example_trigger_target_dag.py
[2026-02-02T14:23:37.413+0000] {logging_mixin.py:188} INFO - [2026-02-02T14:23:37.413+0000] {dag.py:3036} INFO - Sync 1 DAGs
[2026-02-02T14:23:37.422+0000] {logging_mixin.py:188} INFO - [2026-02-02T14:23:37.422+0000] {dag.py:3823} INFO - Setting next_dagrun for example_trigger_target_dag to None, run_after=None
[2026-02-02T14:23:37.436+0000] {processor.py:183} INFO - Processing /home/airflow/.local/lib/python3.8/site-packages/airflow/example_dags/example_trigger_target_dag.py took 0.047 seconds
[2026-02-02T14:24:07.531+0000] {processor.py:161} INFO - Started process (PID=487) to work on /home/airflow/.local/lib/python3.8/site-packages/airflow/example_dags/example_trigger_target_dag.py
[2026-02-02T14:24:07.532+0000] {processor.py:830} INFO - Processing file /home/airflow/.local/lib/python3.8/site-packages/airflow/example_dags/example_trigger_target_dag.py for tasks to queue
[2026-02-02T14:24:07.533+0000] {logging_mixin.py:188} INFO - [2026-02-02T14:24:07.533+0000] {dagbag.py:538} INFO - Filling up the DagBag from /home/airflow/.local/lib/python3.8/site-packages/airflow/example_dags/example_trigger_target_dag.py
[2026-02-02T14:24:07.538+0000] {processor.py:840} INFO - DAG(s) 'example_trigger_target_dag' retrieved from /home/airflow/.local/lib/python3.8/site-packages/airflow/example_dags/example_trigger_target_dag.py
[2026-02-02T14:24:07.555+0000] {logging_mixin.py:188} INFO - [2026-02-02T14:24:07.554+0000] {dag.py:3036} INFO - Sync 1 DAGs
[2026-02-02T14:24:07.568+0000] {logging_mixin.py:188} INFO - [2026-02-02T14:24:07.568+0000] {dag.py:3823} INFO - Setting next_dagrun for example_trigger_target_dag to None, run_after=None
[2026-02-02T14:24:07.582+0000] {processor.py:183} INFO - Processing /home/airflow/.local/lib/python3.8/site-packages/airflow/example_dags/example_trigger_target_dag.py took 0.054 seconds
[2026-02-02T14:24:37.737+0000] {processor.py:161} INFO - Started process (PID=543) to work on /home/airflow/.local/lib/python3.8/site-packages/airflow/example_dags/example_trigger_target_dag.py
[2026-02-02T14:24:37.737+0000] {processor.py:830} INFO - Processing file /home/airflow/.local/lib/python3.8/site-packages/airflow/example_dags/example_trigger_target_dag.py for tasks to queue
[2026-02-02T14:24:37.739+0000] {logging_mixin.py:188} INFO - [2026-02-02T14:24:37.739+0000] {dagbag.py:538} INFO - Filling up the DagBag from /home/airflow/.local/lib/python3.8/site-packages/airflow/example_dags/example_trigger_target_dag.py
[2026-02-02T14:24:37.743+0000] {processor.py:840} INFO - DAG(s) 'example_trigger_target_dag' retrieved from /home/airflow/.local/lib/python3.8/site-packages/airflow/example_dags/example_trigger_target_dag.py
[2026-02-02T14:24:37.758+0000] {logging_mixin.py:188} INFO - [2026-02-02T14:24:37.758+0000] {dag.py:3036} INFO - Sync 1 DAGs
[2026-02-02T14:24:37.768+0000] {logging_mixin.py:188} INFO - [2026-02-02T14:24:37.768+0000] {dag.py:3823} INFO - Setting next_dagrun for example_trigger_target_dag to None, run_after=None
[2026-02-02T14:24:37.785+0000] {processor.py:183} INFO - Processing /home/airflow/.local/lib/python3.8/site-packages/airflow/example_dags/example_trigger_target_dag.py took 0.051 seconds
[2026-02-02T14:25:08.180+0000] {processor.py:161} INFO - Started process (PID=598) to work on /home/airflow/.local/lib/python3.8/site-packages/airflow/example_dags/example_trigger_target_dag.py
[2026-02-02T14:25:08.181+0000] {processor.py:830} INFO - Processing file /home/airflow/.local/lib/python3.8/site-packages/airflow/example_dags/example_trigger_target_dag.py for tasks to queue
[2026-02-02T14:25:08.182+0000] {logging_mixin.py:188} INFO - [2026-02-02T14:25:08.182+0000] {dagbag.py:538} INFO - Filling up the DagBag from /home/airflow/.local/lib/python3.8/site-packages/airflow/example_dags/example_trigger_target_dag.py
[2026-02-02T14:25:08.187+0000] {processor.py:840} INFO - DAG(s) 'example_trigger_target_dag' retrieved from /home/airflow/.local/lib/python3.8/site-packages/airflow/example_dags/example_trigger_target_dag.py
[2026-02-02T14:25:08.202+0000] {logging_mixin.py:188} INFO - [2026-02-02T14:25:08.201+0000] {dag.py:3036} INFO - Sync 1 DAGs
[2026-02-02T14:25:08.211+0000] {logging_mixin.py:188} INFO - [2026-02-02T14:25:08.211+0000] {dag.py:3823} INFO - Setting next_dagrun for example_trigger_target_dag to None, run_after=None
[2026-02-02T14:25:08.225+0000] {processor.py:183} INFO - Processing /home/airflow/.local/lib/python3.8/site-packages/airflow/example_dags/example_trigger_target_dag.py took 0.047 seconds
[2026-02-02T14:25:38.471+0000] {processor.py:161} INFO - Started process (PID=653) to work on /home/airflow/.local/lib/python3.8/site-packages/airflow/example_dags/example_trigger_target_dag.py
[2026-02-02T14:25:38.472+0000] {processor.py:830} INFO - Processing file /home/airflow/.local/lib/python3.8/site-packages/airflow/example_dags/example_trigger_target_dag.py for tasks to queue
[2026-02-02T14:25:38.474+0000] {logging_mixin.py:188} INFO - [2026-02-02T14:25:38.473+0000] {dagbag.py:538} INFO - Filling up the DagBag from /home/airflow/.local/lib/python3.8/site-packages/airflow/example_dags/example_trigger_target_dag.py
[2026-02-02T14:25:38.480+0000] {processor.py:840} INFO - DAG(s) 'example_trigger_target_dag' retrieved from /home/airflow/.local/lib/python3.8/site-packages/airflow/example_dags/example_trigger_target_dag.py
[2026-02-02T14:25:38.500+0000] {logging_mixin.py:188} INFO - [2026-02-02T14:25:38.500+0000] {dag.py:3036} INFO - Sync 1 DAGs
[2026-02-02T14:25:38.517+0000] {logging_mixin.py:188} INFO - [2026-02-02T14:25:38.517+0000] {dag.py:3823} INFO - Setting next_dagrun for example_trigger_target_dag to None, run_after=None
[2026-02-02T14:25:38.537+0000] {processor.py:183} INFO - Processing /home/airflow/.local/lib/python3.8/site-packages/airflow/example_dags/example_trigger_target_dag.py took 0.071 seconds
[2026-02-02T14:26:08.671+0000] {processor.py:161} INFO - Started process (PID=708) to work on /home/airflow/.local/lib/python3.8/site-packages/airflow/example_dags/example_trigger_target_dag.py
[2026-02-02T14:26:08.672+0000] {processor.py:830} INFO - Processing file /home/airflow/.local/lib/python3.8/site-packages/airflow/example_dags/example_trigger_target_dag.py for tasks to queue
[2026-02-02T14:26:08.676+0000] {logging_mixin.py:188} INFO - [2026-02-02T14:26:08.675+0000] {dagbag.py:538} INFO - Filling up the DagBag from /home/airflow/.local/lib/python3.8/site-packages/airflow/example_dags/example_trigger_target_dag.py
[2026-02-02T14:26:08.687+0000] {processor.py:840} INFO - DAG(s) 'example_trigger_target_dag' retrieved from /home/airflow/.local/lib/python3.8/site-packages/airflow/example_dags/example_trigger_target_dag.py
[2026-02-02T14:26:08.757+0000] {logging_mixin.py:188} INFO - [2026-02-02T14:26:08.757+0000] {dag.py:3036} INFO - Sync 1 DAGs
[2026-02-02T14:26:08.802+0000] {logging_mixin.py:188} INFO - [2026-02-02T14:26:08.801+0000] {dag.py:3823} INFO - Setting next_dagrun for example_trigger_target_dag to None, run_after=None
[2026-02-02T14:26:08.827+0000] {processor.py:183} INFO - Processing /home/airflow/.local/lib/python3.8/site-packages/airflow/example_dags/example_trigger_target_dag.py took 0.165 seconds
[2026-02-02T14:26:39.784+0000] {processor.py:161} INFO - Started process (PID=763) to work on /home/airflow/.local/lib/python3.8/site-packages/airflow/example_dags/example_trigger_target_dag.py
[2026-02-02T14:26:39.785+0000] {processor.py:830} INFO - Processing file /home/airflow/.local/lib/python3.8/site-packages/airflow/example_dags/example_trigger_target_dag.py for tasks to queue
[2026-02-02T14:26:39.787+0000] {logging_mixin.py:188} INFO - [2026-02-02T14:26:39.787+0000] {dagbag.py:538} INFO - Filling up the DagBag from /home/airflow/.local/lib/python3.8/site-packages/airflow/example_dags/example_trigger_target_dag.py
[2026-02-02T14:26:39.794+0000] {processor.py:840} INFO - DAG(s) 'example_trigger_target_dag' retrieved from /home/airflow/.local/lib/python3.8/site-packages/airflow/example_dags/example_trigger_target_dag.py
[2026-02-02T14:26:39.815+0000] {logging_mixin.py:188} INFO - [2026-02-02T14:26:39.815+0000] {dag.py:3036} INFO - Sync 1 DAGs
[2026-02-02T14:26:39.829+0000] {logging_mixin.py:188} INFO - [2026-02-02T14:26:39.829+0000] {dag.py:3823} INFO - Setting next_dagrun for example_trigger_target_dag to None, run_after=None
[2026-02-02T14:26:39.851+0000] {processor.py:183} INFO - Processing /home/airflow/.local/lib/python3.8/site-packages/airflow/example_dags/example_trigger_target_dag.py took 0.070 seconds
[2026-02-02T14:27:10.476+0000] {processor.py:161} INFO - Started process (PID=818) to work on /home/airflow/.local/lib/python3.8/site-packages/airflow/example_dags/example_trigger_target_dag.py
[2026-02-02T14:27:10.477+0000] {processor.py:830} INFO - Processing file /home/airflow/.local/lib/python3.8/site-packages/airflow/example_dags/example_trigger_target_dag.py for tasks to queue
[2026-02-02T14:27:10.479+0000] {logging_mixin.py:188} INFO - [2026-02-02T14:27:10.479+0000] {dagbag.py:538} INFO - Filling up the DagBag from /home/airflow/.local/lib/python3.8/site-packages/airflow/example_dags/example_trigger_target_dag.py
[2026-02-02T14:27:10.485+0000] {processor.py:840} INFO - DAG(s) 'example_trigger_target_dag' retrieved from /home/airflow/.local/lib/python3.8/site-packages/airflow/example_dags/example_trigger_target_dag.py
[2026-02-02T14:27:10.505+0000] {logging_mixin.py:188} INFO - [2026-02-02T14:27:10.505+0000] {dag.py:3036} INFO - Sync 1 DAGs
[2026-02-02T14:27:10.519+0000] {logging_mixin.py:188} INFO - [2026-02-02T14:27:10.518+0000] {dag.py:3823} INFO - Setting next_dagrun for example_trigger_target_dag to None, run_after=None
[2026-02-02T14:27:10.537+0000] {processor.py:183} INFO - Processing /home/airflow/.local/lib/python3.8/site-packages/airflow/example_dags/example_trigger_target_dag.py took 0.065 seconds
[2026-02-02T14:27:40.675+0000] {processor.py:161} INFO - Started process (PID=873) to work on /home/airflow/.local/lib/python3.8/site-packages/airflow/example_dags/example_trigger_target_dag.py
[2026-02-02T14:27:40.676+0000] {processor.py:830} INFO - Processing file /home/airflow/.local/lib/python3.8/site-packages/airflow/example_dags/example_trigger_target_dag.py for tasks to queue
[2026-02-02T14:27:40.678+0000] {logging_mixin.py:188} INFO - [2026-02-02T14:27:40.677+0000] {dagbag.py:538} INFO - Filling up the DagBag from /home/airflow/.local/lib/python3.8/site-packages/airflow/example_dags/example_trigger_target_dag.py
[2026-02-02T14:27:40.684+0000] {processor.py:840} INFO - DAG(s) 'example_trigger_target_dag' retrieved from /home/airflow/.local/lib/python3.8/site-packages/airflow/example_dags/example_trigger_target_dag.py
[2026-02-02T14:27:40.705+0000] {logging_mixin.py:188} INFO - [2026-02-02T14:27:40.705+0000] {dag.py:3036} INFO - Sync 1 DAGs
[2026-02-02T14:27:40.720+0000] {logging_mixin.py:188} INFO - [2026-02-02T14:27:40.718+0000] {dag.py:3823} INFO - Setting next_dagrun for example_trigger_target_dag to None, run_after=None
[2026-02-02T14:27:40.742+0000] {processor.py:183} INFO - Processing /home/airflow/.local/lib/python3.8/site-packages/airflow/example_dags/example_trigger_target_dag.py took 0.071 seconds
[2026-02-02T14:28:11.171+0000] {processor.py:161} INFO - Started process (PID=928) to work on /home/airflow/.local/lib/python3.8/site-packages/airflow/example_dags/example_trigger_target_dag.py
[2026-02-02T14:28:11.175+0000] {processor.py:830} INFO - Processing file /home/airflow/.local/lib/python3.8/site-packages/airflow/example_dags/example_trigger_target_dag.py for tasks to queue
[2026-02-02T14:28:11.183+0000] {logging_mixin.py:188} INFO - [2026-02-02T14:28:11.182+0000] {dagbag.py:538} INFO - Filling up the DagBag from /home/airflow/.local/lib/python3.8/site-packages/airflow/example_dags/example_trigger_target_dag.py
[2026-02-02T14:28:11.192+0000] {processor.py:840} INFO - DAG(s) 'example_trigger_target_dag' retrieved from /home/airflow/.local/lib/python3.8/site-packages/airflow/example_dags/example_trigger_target_dag.py
[2026-02-02T14:28:11.248+0000] {logging_mixin.py:188} INFO - [2026-02-02T14:28:11.248+0000] {dag.py:3036} INFO - Sync 1 DAGs
[2026-02-02T14:28:11.268+0000] {logging_mixin.py:188} INFO - [2026-02-02T14:28:11.268+0000] {dag.py:3823} INFO - Setting next_dagrun for example_trigger_target_dag to None, run_after=None
[2026-02-02T14:28:11.284+0000] {processor.py:183} INFO - Processing /home/airflow/.local/lib/python3.8/site-packages/airflow/example_dags/example_trigger_target_dag.py took 0.126 seconds
[2026-02-02T14:28:41.407+0000] {processor.py:161} INFO - Started process (PID=983) to work on /home/airflow/.local/lib/python3.8/site-packages/airflow/example_dags/example_trigger_target_dag.py
[2026-02-02T14:28:41.408+0000] {processor.py:830} INFO - Processing file /home/airflow/.local/lib/python3.8/site-packages/airflow/example_dags/example_trigger_target_dag.py for tasks to queue
[2026-02-02T14:28:41.410+0000] {logging_mixin.py:188} INFO - [2026-02-02T14:28:41.410+0000] {dagbag.py:538} INFO - Filling up the DagBag from /home/airflow/.local/lib/python3.8/site-packages/airflow/example_dags/example_trigger_target_dag.py
[2026-02-02T14:28:41.417+0000] {processor.py:840} INFO - DAG(s) 'example_trigger_target_dag' retrieved from /home/airflow/.local/lib/python3.8/site-packages/airflow/example_dags/example_trigger_target_dag.py
[2026-02-02T14:28:41.440+0000] {logging_mixin.py:188} INFO - [2026-02-02T14:28:41.440+0000] {dag.py:3036} INFO - Sync 1 DAGs
[2026-02-02T14:28:41.450+0000] {logging_mixin.py:188} INFO - [2026-02-02T14:28:41.450+0000] {dag.py:3823} INFO - Setting next_dagrun for example_trigger_target_dag to None, run_after=None
[2026-02-02T14:28:41.463+0000] {processor.py:183} INFO - Processing /home/airflow/.local/lib/python3.8/site-packages/airflow/example_dags/example_trigger_target_dag.py took 0.063 seconds
[2026-02-02T14:29:11.850+0000] {processor.py:161} INFO - Started process (PID=1038) to work on /home/airflow/.local/lib/python3.8/site-packages/airflow/example_dags/example_trigger_target_dag.py
[2026-02-02T14:29:11.851+0000] {processor.py:830} INFO - Processing file /home/airflow/.local/lib/python3.8/site-packages/airflow/example_dags/example_trigger_target_dag.py for tasks to queue
[2026-02-02T14:29:11.852+0000] {logging_mixin.py:188} INFO - [2026-02-02T14:29:11.852+0000] {dagbag.py:538} INFO - Filling up the DagBag from /home/airflow/.local/lib/python3.8/site-packages/airflow/example_dags/example_trigger_target_dag.py
[2026-02-02T14:29:11.859+0000] {processor.py:840} INFO - DAG(s) 'example_trigger_target_dag' retrieved from /home/airflow/.local/lib/python3.8/site-packages/airflow/example_dags/example_trigger_target_dag.py
[2026-02-02T14:29:11.880+0000] {logging_mixin.py:188} INFO - [2026-02-02T14:29:11.880+0000] {dag.py:3036} INFO - Sync 1 DAGs
[2026-02-02T14:29:11.894+0000] {logging_mixin.py:188} INFO - [2026-02-02T14:29:11.894+0000] {dag.py:3823} INFO - Setting next_dagrun for example_trigger_target_dag to None, run_after=None
[2026-02-02T14:29:11.923+0000] {processor.py:183} INFO - Processing /home/airflow/.local/lib/python3.8/site-packages/airflow/example_dags/example_trigger_target_dag.py took 0.077 seconds
[2026-02-02T14:29:42.813+0000] {processor.py:161} INFO - Started process (PID=1093) to work on /home/airflow/.local/lib/python3.8/site-packages/airflow/example_dags/example_trigger_target_dag.py
[2026-02-02T14:29:42.814+0000] {processor.py:830} INFO - Processing file /home/airflow/.local/lib/python3.8/site-packages/airflow/example_dags/example_trigger_target_dag.py for tasks to queue
[2026-02-02T14:29:42.816+0000] {logging_mixin.py:188} INFO - [2026-02-02T14:29:42.815+0000] {dagbag.py:538} INFO - Filling up the DagBag from /home/airflow/.local/lib/python3.8/site-packages/airflow/example_dags/example_trigger_target_dag.py
[2026-02-02T14:29:42.822+0000] {processor.py:840} INFO - DAG(s) 'example_trigger_target_dag' retrieved from /home/airflow/.local/lib/python3.8/site-packages/airflow/example_dags/example_trigger_target_dag.py
[2026-02-02T14:29:42.843+0000] {logging_mixin.py:188} INFO - [2026-02-02T14:29:42.843+0000] {dag.py:3036} INFO - Sync 1 DAGs
[2026-02-02T14:29:42.858+0000] {logging_mixin.py:188} INFO - [2026-02-02T14:29:42.858+0000] {dag.py:3823} INFO - Setting next_dagrun for example_trigger_target_dag to None, run_after=None
[2026-02-02T14:29:42.882+0000] {processor.py:183} INFO - Processing /home/airflow/.local/lib/python3.8/site-packages/airflow/example_dags/example_trigger_target_dag.py took 0.073 seconds
[2026-02-02T14:30:13.414+0000] {processor.py:161} INFO - Started process (PID=1148) to work on /home/airflow/.local/lib/python3.8/site-packages/airflow/example_dags/example_trigger_target_dag.py
[2026-02-02T14:30:13.415+0000] {processor.py:830} INFO - Processing file /home/airflow/.local/lib/python3.8/site-packages/airflow/example_dags/example_trigger_target_dag.py for tasks to queue
[2026-02-02T14:30:13.417+0000] {logging_mixin.py:188} INFO - [2026-02-02T14:30:13.417+0000] {dagbag.py:538} INFO - Filling up the DagBag from /home/airflow/.local/lib/python3.8/site-packages/airflow/example_dags/example_trigger_target_dag.py
[2026-02-02T14:30:13.424+0000] {processor.py:840} INFO - DAG(s) 'example_trigger_target_dag' retrieved from /home/airflow/.local/lib/python3.8/site-packages/airflow/example_dags/example_trigger_target_dag.py
[2026-02-02T14:30:13.445+0000] {logging_mixin.py:188} INFO - [2026-02-02T14:30:13.445+0000] {dag.py:3036} INFO - Sync 1 DAGs
[2026-02-02T14:30:13.459+0000] {logging_mixin.py:188} INFO - [2026-02-02T14:30:13.459+0000] {dag.py:3823} INFO - Setting next_dagrun for example_trigger_target_dag to None, run_after=None
[2026-02-02T14:30:13.480+0000] {processor.py:183} INFO - Processing /home/airflow/.local/lib/python3.8/site-packages/airflow/example_dags/example_trigger_target_dag.py took 0.069 seconds
[2026-02-02T14:30:44.148+0000] {processor.py:161} INFO - Started process (PID=1203) to work on /home/airflow/.local/lib/python3.8/site-packages/airflow/example_dags/example_trigger_target_dag.py
[2026-02-02T14:30:44.149+0000] {processor.py:830} INFO - Processing file /home/airflow/.local/lib/python3.8/site-packages/airflow/example_dags/example_trigger_target_dag.py for tasks to queue
[2026-02-02T14:30:44.151+0000] {logging_mixin.py:188} INFO - [2026-02-02T14:30:44.151+0000] {dagbag.py:538} INFO - Filling up the DagBag from /home/airflow/.local/lib/python3.8/site-packages/airflow/example_dags/example_trigger_target_dag.py
[2026-02-02T14:30:44.158+0000] {processor.py:840} INFO - DAG(s) 'example_trigger_target_dag' retrieved from /home/airflow/.local/lib/python3.8/site-packages/airflow/example_dags/example_trigger_target_dag.py
[2026-02-02T14:30:44.179+0000] {logging_mixin.py:188} INFO - [2026-02-02T14:30:44.179+0000] {dag.py:3036} INFO - Sync 1 DAGs
[2026-02-02T14:30:44.197+0000] {logging_mixin.py:188} INFO - [2026-02-02T14:30:44.197+0000] {dag.py:3823} INFO - Setting next_dagrun for example_trigger_target_dag to None, run_after=None
[2026-02-02T14:30:44.220+0000] {processor.py:183} INFO - Processing /home/airflow/.local/lib/python3.8/site-packages/airflow/example_dags/example_trigger_target_dag.py took 0.076 seconds
[2026-02-02T14:31:14.658+0000] {processor.py:161} INFO - Started process (PID=1258) to work on /home/airflow/.local/lib/python3.8/site-packages/airflow/example_dags/example_trigger_target_dag.py
[2026-02-02T14:31:14.659+0000] {processor.py:830} INFO - Processing file /home/airflow/.local/lib/python3.8/site-packages/airflow/example_dags/example_trigger_target_dag.py for tasks to queue
[2026-02-02T14:31:14.661+0000] {logging_mixin.py:188} INFO - [2026-02-02T14:31:14.660+0000] {dagbag.py:538} INFO - Filling up the DagBag from /home/airflow/.local/lib/python3.8/site-packages/airflow/example_dags/example_trigger_target_dag.py
[2026-02-02T14:31:14.670+0000] {processor.py:840} INFO - DAG(s) 'example_trigger_target_dag' retrieved from /home/airflow/.local/lib/python3.8/site-packages/airflow/example_dags/example_trigger_target_dag.py
[2026-02-02T14:31:14.694+0000] {logging_mixin.py:188} INFO - [2026-02-02T14:31:14.694+0000] {dag.py:3036} INFO - Sync 1 DAGs
[2026-02-02T14:31:14.709+0000] {logging_mixin.py:188} INFO - [2026-02-02T14:31:14.708+0000] {dag.py:3823} INFO - Setting next_dagrun for example_trigger_target_dag to None, run_after=None
[2026-02-02T14:31:14.731+0000] {processor.py:183} INFO - Processing /home/airflow/.local/lib/python3.8/site-packages/airflow/example_dags/example_trigger_target_dag.py took 0.077 seconds
[2026-02-02T14:31:45.428+0000] {processor.py:161} INFO - Started process (PID=1313) to work on /home/airflow/.local/lib/python3.8/site-packages/airflow/example_dags/example_trigger_target_dag.py
[2026-02-02T14:31:45.432+0000] {processor.py:830} INFO - Processing file /home/airflow/.local/lib/python3.8/site-packages/airflow/example_dags/example_trigger_target_dag.py for tasks to queue
[2026-02-02T14:31:45.434+0000] {logging_mixin.py:188} INFO - [2026-02-02T14:31:45.433+0000] {dagbag.py:538} INFO - Filling up the DagBag from /home/airflow/.local/lib/python3.8/site-packages/airflow/example_dags/example_trigger_target_dag.py
[2026-02-02T14:31:45.444+0000] {processor.py:840} INFO - DAG(s) 'example_trigger_target_dag' retrieved from /home/airflow/.local/lib/python3.8/site-packages/airflow/example_dags/example_trigger_target_dag.py
[2026-02-02T14:31:45.476+0000] {logging_mixin.py:188} INFO - [2026-02-02T14:31:45.476+0000] {dag.py:3036} INFO - Sync 1 DAGs
[2026-02-02T14:31:45.490+0000] {logging_mixin.py:188} INFO - [2026-02-02T14:31:45.490+0000] {dag.py:3823} INFO - Setting next_dagrun for example_trigger_target_dag to None, run_after=None
[2026-02-02T14:31:45.507+0000] {processor.py:183} INFO - Processing /home/airflow/.local/lib/python3.8/site-packages/airflow/example_dags/example_trigger_target_dag.py took 0.092 seconds
[2026-02-02T14:32:16.009+0000] {processor.py:161} INFO - Started process (PID=1368) to work on /home/airflow/.local/lib/python3.8/site-packages/airflow/example_dags/example_trigger_target_dag.py
[2026-02-02T14:32:16.011+0000] {processor.py:830} INFO - Processing file /home/airflow/.local/lib/python3.8/site-packages/airflow/example_dags/example_trigger_target_dag.py for tasks to queue
[2026-02-02T14:32:16.013+0000] {logging_mixin.py:188} INFO - [2026-02-02T14:32:16.012+0000] {dagbag.py:538} INFO - Filling up the DagBag from /home/airflow/.local/lib/python3.8/site-packages/airflow/example_dags/example_trigger_target_dag.py
[2026-02-02T14:32:16.019+0000] {processor.py:840} INFO - DAG(s) 'example_trigger_target_dag' retrieved from /home/airflow/.local/lib/python3.8/site-packages/airflow/example_dags/example_trigger_target_dag.py
[2026-02-02T14:32:16.041+0000] {logging_mixin.py:188} INFO - [2026-02-02T14:32:16.040+0000] {dag.py:3036} INFO - Sync 1 DAGs
[2026-02-02T14:32:16.059+0000] {logging_mixin.py:188} INFO - [2026-02-02T14:32:16.059+0000] {dag.py:3823} INFO - Setting next_dagrun for example_trigger_target_dag to None, run_after=None
[2026-02-02T14:32:16.094+0000] {processor.py:183} INFO - Processing /home/airflow/.local/lib/python3.8/site-packages/airflow/example_dags/example_trigger_target_dag.py took 0.088 seconds
[2026-02-02T14:32:46.512+0000] {processor.py:161} INFO - Started process (PID=1423) to work on /home/airflow/.local/lib/python3.8/site-packages/airflow/example_dags/example_trigger_target_dag.py
[2026-02-02T14:32:46.513+0000] {processor.py:830} INFO - Processing file /home/airflow/.local/lib/python3.8/site-packages/airflow/example_dags/example_trigger_target_dag.py for tasks to queue
[2026-02-02T14:32:46.515+0000] {logging_mixin.py:188} INFO - [2026-02-02T14:32:46.515+0000] {dagbag.py:538} INFO - Filling up the DagBag from /home/airflow/.local/lib/python3.8/site-packages/airflow/example_dags/example_trigger_target_dag.py
[2026-02-02T14:32:46.521+0000] {processor.py:840} INFO - DAG(s) 'example_trigger_target_dag' retrieved from /home/airflow/.local/lib/python3.8/site-packages/airflow/example_dags/example_trigger_target_dag.py
[2026-02-02T14:32:46.543+0000] {logging_mixin.py:188} INFO - [2026-02-02T14:32:46.542+0000] {dag.py:3036} INFO - Sync 1 DAGs
[2026-02-02T14:32:46.559+0000] {logging_mixin.py:188} INFO - [2026-02-02T14:32:46.559+0000] {dag.py:3823} INFO - Setting next_dagrun for example_trigger_target_dag to None, run_after=None
[2026-02-02T14:32:46.580+0000] {processor.py:183} INFO - Processing /home/airflow/.local/lib/python3.8/site-packages/airflow/example_dags/example_trigger_target_dag.py took 0.071 seconds
[2026-02-02T14:33:16.605+0000] {processor.py:161} INFO - Started process (PID=1477) to work on /home/airflow/.local/lib/python3.8/site-packages/airflow/example_dags/example_trigger_target_dag.py
[2026-02-02T14:33:16.606+0000] {processor.py:830} INFO - Processing file /home/airflow/.local/lib/python3.8/site-packages/airflow/example_dags/example_trigger_target_dag.py for tasks to queue
[2026-02-02T14:33:16.608+0000] {logging_mixin.py:188} INFO - [2026-02-02T14:33:16.607+0000] {dagbag.py:538} INFO - Filling up the DagBag from /home/airflow/.local/lib/python3.8/site-packages/airflow/example_dags/example_trigger_target_dag.py
[2026-02-02T14:33:16.614+0000] {processor.py:840} INFO - DAG(s) 'example_trigger_target_dag' retrieved from /home/airflow/.local/lib/python3.8/site-packages/airflow/example_dags/example_trigger_target_dag.py
[2026-02-02T14:33:16.638+0000] {logging_mixin.py:188} INFO - [2026-02-02T14:33:16.637+0000] {dag.py:3036} INFO - Sync 1 DAGs
[2026-02-02T14:33:16.654+0000] {logging_mixin.py:188} INFO - [2026-02-02T14:33:16.654+0000] {dag.py:3823} INFO - Setting next_dagrun for example_trigger_target_dag to None, run_after=None
[2026-02-02T14:33:16.685+0000] {processor.py:183} INFO - Processing /home/airflow/.local/lib/python3.8/site-packages/airflow/example_dags/example_trigger_target_dag.py took 0.084 seconds
[2026-02-02T14:33:46.938+0000] {processor.py:161} INFO - Started process (PID=1532) to work on /home/airflow/.local/lib/python3.8/site-packages/airflow/example_dags/example_trigger_target_dag.py
[2026-02-02T14:33:46.938+0000] {processor.py:830} INFO - Processing file /home/airflow/.local/lib/python3.8/site-packages/airflow/example_dags/example_trigger_target_dag.py for tasks to queue
[2026-02-02T14:33:46.940+0000] {logging_mixin.py:188} INFO - [2026-02-02T14:33:46.940+0000] {dagbag.py:538} INFO - Filling up the DagBag from /home/airflow/.local/lib/python3.8/site-packages/airflow/example_dags/example_trigger_target_dag.py
[2026-02-02T14:33:46.946+0000] {processor.py:840} INFO - DAG(s) 'example_trigger_target_dag' retrieved from /home/airflow/.local/lib/python3.8/site-packages/airflow/example_dags/example_trigger_target_dag.py
[2026-02-02T14:33:46.967+0000] {logging_mixin.py:188} INFO - [2026-02-02T14:33:46.967+0000] {dag.py:3036} INFO - Sync 1 DAGs
[2026-02-02T14:33:46.982+0000] {logging_mixin.py:188} INFO - [2026-02-02T14:33:46.982+0000] {dag.py:3823} INFO - Setting next_dagrun for example_trigger_target_dag to None, run_after=None
[2026-02-02T14:33:47.000+0000] {processor.py:183} INFO - Processing /home/airflow/.local/lib/python3.8/site-packages/airflow/example_dags/example_trigger_target_dag.py took 0.066 seconds
[2026-02-02T14:34:17.364+0000] {processor.py:161} INFO - Started process (PID=1587) to work on /home/airflow/.local/lib/python3.8/site-packages/airflow/example_dags/example_trigger_target_dag.py
[2026-02-02T14:34:17.365+0000] {processor.py:830} INFO - Processing file /home/airflow/.local/lib/python3.8/site-packages/airflow/example_dags/example_trigger_target_dag.py for tasks to queue
[2026-02-02T14:34:17.367+0000] {logging_mixin.py:188} INFO - [2026-02-02T14:34:17.366+0000] {dagbag.py:538} INFO - Filling up the DagBag from /home/airflow/.local/lib/python3.8/site-packages/airflow/example_dags/example_trigger_target_dag.py
[2026-02-02T14:34:17.373+0000] {processor.py:840} INFO - DAG(s) 'example_trigger_target_dag' retrieved from /home/airflow/.local/lib/python3.8/site-packages/airflow/example_dags/example_trigger_target_dag.py
[2026-02-02T14:34:17.396+0000] {logging_mixin.py:188} INFO - [2026-02-02T14:34:17.396+0000] {dag.py:3036} INFO - Sync 1 DAGs
[2026-02-02T14:34:17.409+0000] {logging_mixin.py:188} INFO - [2026-02-02T14:34:17.409+0000] {dag.py:3823} INFO - Setting next_dagrun for example_trigger_target_dag to None, run_after=None
[2026-02-02T14:34:17.427+0000] {processor.py:183} INFO - Processing /home/airflow/.local/lib/python3.8/site-packages/airflow/example_dags/example_trigger_target_dag.py took 0.066 seconds
[2026-02-02T14:34:47.496+0000] {processor.py:161} INFO - Started process (PID=1642) to work on /home/airflow/.local/lib/python3.8/site-packages/airflow/example_dags/example_trigger_target_dag.py
[2026-02-02T14:34:47.500+0000] {processor.py:830} INFO - Processing file /home/airflow/.local/lib/python3.8/site-packages/airflow/example_dags/example_trigger_target_dag.py for tasks to queue
[2026-02-02T14:34:47.504+0000] {logging_mixin.py:188} INFO - [2026-02-02T14:34:47.504+0000] {dagbag.py:538} INFO - Filling up the DagBag from /home/airflow/.local/lib/python3.8/site-packages/airflow/example_dags/example_trigger_target_dag.py
[2026-02-02T14:34:47.527+0000] {processor.py:840} INFO - DAG(s) 'example_trigger_target_dag' retrieved from /home/airflow/.local/lib/python3.8/site-packages/airflow/example_dags/example_trigger_target_dag.py
[2026-02-02T14:34:47.591+0000] {logging_mixin.py:188} INFO - [2026-02-02T14:34:47.588+0000] {dag.py:3036} INFO - Sync 1 DAGs
[2026-02-02T14:34:47.634+0000] {logging_mixin.py:188} INFO - [2026-02-02T14:34:47.634+0000] {dag.py:3823} INFO - Setting next_dagrun for example_trigger_target_dag to None, run_after=None
[2026-02-02T14:34:47.731+0000] {processor.py:183} INFO - Processing /home/airflow/.local/lib/python3.8/site-packages/airflow/example_dags/example_trigger_target_dag.py took 0.249 seconds
[2026-02-02T14:35:17.825+0000] {processor.py:161} INFO - Started process (PID=1698) to work on /home/airflow/.local/lib/python3.8/site-packages/airflow/example_dags/example_trigger_target_dag.py
[2026-02-02T14:35:17.825+0000] {processor.py:830} INFO - Processing file /home/airflow/.local/lib/python3.8/site-packages/airflow/example_dags/example_trigger_target_dag.py for tasks to queue
[2026-02-02T14:35:17.827+0000] {logging_mixin.py:188} INFO - [2026-02-02T14:35:17.827+0000] {dagbag.py:538} INFO - Filling up the DagBag from /home/airflow/.local/lib/python3.8/site-packages/airflow/example_dags/example_trigger_target_dag.py
[2026-02-02T14:35:17.833+0000] {processor.py:840} INFO - DAG(s) 'example_trigger_target_dag' retrieved from /home/airflow/.local/lib/python3.8/site-packages/airflow/example_dags/example_trigger_target_dag.py
[2026-02-02T14:35:17.853+0000] {logging_mixin.py:188} INFO - [2026-02-02T14:35:17.853+0000] {dag.py:3036} INFO - Sync 1 DAGs
[2026-02-02T14:35:17.866+0000] {logging_mixin.py:188} INFO - [2026-02-02T14:35:17.866+0000] {dag.py:3823} INFO - Setting next_dagrun for example_trigger_target_dag to None, run_after=None
[2026-02-02T14:35:17.890+0000] {processor.py:183} INFO - Processing /home/airflow/.local/lib/python3.8/site-packages/airflow/example_dags/example_trigger_target_dag.py took 0.069 seconds
[2026-02-02T14:35:48.153+0000] {processor.py:161} INFO - Started process (PID=1753) to work on /home/airflow/.local/lib/python3.8/site-packages/airflow/example_dags/example_trigger_target_dag.py
[2026-02-02T14:35:48.154+0000] {processor.py:830} INFO - Processing file /home/airflow/.local/lib/python3.8/site-packages/airflow/example_dags/example_trigger_target_dag.py for tasks to queue
[2026-02-02T14:35:48.156+0000] {logging_mixin.py:188} INFO - [2026-02-02T14:35:48.155+0000] {dagbag.py:538} INFO - Filling up the DagBag from /home/airflow/.local/lib/python3.8/site-packages/airflow/example_dags/example_trigger_target_dag.py
[2026-02-02T14:35:48.162+0000] {processor.py:840} INFO - DAG(s) 'example_trigger_target_dag' retrieved from /home/airflow/.local/lib/python3.8/site-packages/airflow/example_dags/example_trigger_target_dag.py
[2026-02-02T14:35:48.195+0000] {logging_mixin.py:188} INFO - [2026-02-02T14:35:48.195+0000] {dag.py:3036} INFO - Sync 1 DAGs
[2026-02-02T14:35:48.213+0000] {logging_mixin.py:188} INFO - [2026-02-02T14:35:48.213+0000] {dag.py:3823} INFO - Setting next_dagrun for example_trigger_target_dag to None, run_after=None
[2026-02-02T14:35:48.240+0000] {processor.py:183} INFO - Processing /home/airflow/.local/lib/python3.8/site-packages/airflow/example_dags/example_trigger_target_dag.py took 0.091 seconds
[2026-02-02T14:36:18.615+0000] {processor.py:161} INFO - Started process (PID=1808) to work on /home/airflow/.local/lib/python3.8/site-packages/airflow/example_dags/example_trigger_target_dag.py
[2026-02-02T14:36:18.616+0000] {processor.py:830} INFO - Processing file /home/airflow/.local/lib/python3.8/site-packages/airflow/example_dags/example_trigger_target_dag.py for tasks to queue
[2026-02-02T14:36:18.617+0000] {logging_mixin.py:188} INFO - [2026-02-02T14:36:18.617+0000] {dagbag.py:538} INFO - Filling up the DagBag from /home/airflow/.local/lib/python3.8/site-packages/airflow/example_dags/example_trigger_target_dag.py
[2026-02-02T14:36:18.622+0000] {processor.py:840} INFO - DAG(s) 'example_trigger_target_dag' retrieved from /home/airflow/.local/lib/python3.8/site-packages/airflow/example_dags/example_trigger_target_dag.py
[2026-02-02T14:36:18.637+0000] {logging_mixin.py:188} INFO - [2026-02-02T14:36:18.637+0000] {dag.py:3036} INFO - Sync 1 DAGs
[2026-02-02T14:36:18.647+0000] {logging_mixin.py:188} INFO - [2026-02-02T14:36:18.647+0000] {dag.py:3823} INFO - Setting next_dagrun for example_trigger_target_dag to None, run_after=None
[2026-02-02T14:36:18.660+0000] {processor.py:183} INFO - Processing /home/airflow/.local/lib/python3.8/site-packages/airflow/example_dags/example_trigger_target_dag.py took 0.049 seconds
[2026-02-02T14:36:49.447+0000] {processor.py:161} INFO - Started process (PID=1863) to work on /home/airflow/.local/lib/python3.8/site-packages/airflow/example_dags/example_trigger_target_dag.py
[2026-02-02T14:36:49.448+0000] {processor.py:830} INFO - Processing file /home/airflow/.local/lib/python3.8/site-packages/airflow/example_dags/example_trigger_target_dag.py for tasks to queue
[2026-02-02T14:36:49.450+0000] {logging_mixin.py:188} INFO - [2026-02-02T14:36:49.450+0000] {dagbag.py:538} INFO - Filling up the DagBag from /home/airflow/.local/lib/python3.8/site-packages/airflow/example_dags/example_trigger_target_dag.py
[2026-02-02T14:36:49.456+0000] {processor.py:840} INFO - DAG(s) 'example_trigger_target_dag' retrieved from /home/airflow/.local/lib/python3.8/site-packages/airflow/example_dags/example_trigger_target_dag.py
[2026-02-02T14:36:49.483+0000] {logging_mixin.py:188} INFO - [2026-02-02T14:36:49.483+0000] {dag.py:3036} INFO - Sync 1 DAGs
[2026-02-02T14:36:49.516+0000] {logging_mixin.py:188} INFO - [2026-02-02T14:36:49.516+0000] {dag.py:3823} INFO - Setting next_dagrun for example_trigger_target_dag to None, run_after=None
[2026-02-02T14:36:49.565+0000] {processor.py:183} INFO - Processing /home/airflow/.local/lib/python3.8/site-packages/airflow/example_dags/example_trigger_target_dag.py took 0.121 seconds
[2026-02-02T14:37:19.888+0000] {processor.py:161} INFO - Started process (PID=1918) to work on /home/airflow/.local/lib/python3.8/site-packages/airflow/example_dags/example_trigger_target_dag.py
[2026-02-02T14:37:19.889+0000] {processor.py:830} INFO - Processing file /home/airflow/.local/lib/python3.8/site-packages/airflow/example_dags/example_trigger_target_dag.py for tasks to queue
[2026-02-02T14:37:19.891+0000] {logging_mixin.py:188} INFO - [2026-02-02T14:37:19.891+0000] {dagbag.py:538} INFO - Filling up the DagBag from /home/airflow/.local/lib/python3.8/site-packages/airflow/example_dags/example_trigger_target_dag.py
[2026-02-02T14:37:19.898+0000] {processor.py:840} INFO - DAG(s) 'example_trigger_target_dag' retrieved from /home/airflow/.local/lib/python3.8/site-packages/airflow/example_dags/example_trigger_target_dag.py
[2026-02-02T14:37:19.920+0000] {logging_mixin.py:188} INFO - [2026-02-02T14:37:19.920+0000] {dag.py:3036} INFO - Sync 1 DAGs
[2026-02-02T14:37:19.939+0000] {logging_mixin.py:188} INFO - [2026-02-02T14:37:19.938+0000] {dag.py:3823} INFO - Setting next_dagrun for example_trigger_target_dag to None, run_after=None
[2026-02-02T14:37:19.961+0000] {processor.py:183} INFO - Processing /home/airflow/.local/lib/python3.8/site-packages/airflow/example_dags/example_trigger_target_dag.py took 0.077 seconds
[2026-02-02T14:37:50.343+0000] {processor.py:161} INFO - Started process (PID=1973) to work on /home/airflow/.local/lib/python3.8/site-packages/airflow/example_dags/example_trigger_target_dag.py
[2026-02-02T14:37:50.344+0000] {processor.py:830} INFO - Processing file /home/airflow/.local/lib/python3.8/site-packages/airflow/example_dags/example_trigger_target_dag.py for tasks to queue
[2026-02-02T14:37:50.346+0000] {logging_mixin.py:188} INFO - [2026-02-02T14:37:50.346+0000] {dagbag.py:538} INFO - Filling up the DagBag from /home/airflow/.local/lib/python3.8/site-packages/airflow/example_dags/example_trigger_target_dag.py
[2026-02-02T14:37:50.353+0000] {processor.py:840} INFO - DAG(s) 'example_trigger_target_dag' retrieved from /home/airflow/.local/lib/python3.8/site-packages/airflow/example_dags/example_trigger_target_dag.py
[2026-02-02T14:37:50.375+0000] {logging_mixin.py:188} INFO - [2026-02-02T14:37:50.374+0000] {dag.py:3036} INFO - Sync 1 DAGs
[2026-02-02T14:37:50.388+0000] {logging_mixin.py:188} INFO - [2026-02-02T14:37:50.388+0000] {dag.py:3823} INFO - Setting next_dagrun for example_trigger_target_dag to None, run_after=None
[2026-02-02T14:37:50.404+0000] {processor.py:183} INFO - Processing /home/airflow/.local/lib/python3.8/site-packages/airflow/example_dags/example_trigger_target_dag.py took 0.064 seconds
[2026-02-02T14:38:20.552+0000] {processor.py:161} INFO - Started process (PID=2027) to work on /home/airflow/.local/lib/python3.8/site-packages/airflow/example_dags/example_trigger_target_dag.py
[2026-02-02T14:38:20.553+0000] {processor.py:830} INFO - Processing file /home/airflow/.local/lib/python3.8/site-packages/airflow/example_dags/example_trigger_target_dag.py for tasks to queue
[2026-02-02T14:38:20.555+0000] {logging_mixin.py:188} INFO - [2026-02-02T14:38:20.554+0000] {dagbag.py:538} INFO - Filling up the DagBag from /home/airflow/.local/lib/python3.8/site-packages/airflow/example_dags/example_trigger_target_dag.py
[2026-02-02T14:38:20.561+0000] {processor.py:840} INFO - DAG(s) 'example_trigger_target_dag' retrieved from /home/airflow/.local/lib/python3.8/site-packages/airflow/example_dags/example_trigger_target_dag.py
[2026-02-02T14:38:20.585+0000] {logging_mixin.py:188} INFO - [2026-02-02T14:38:20.584+0000] {dag.py:3036} INFO - Sync 1 DAGs
[2026-02-02T14:38:20.599+0000] {logging_mixin.py:188} INFO - [2026-02-02T14:38:20.598+0000] {dag.py:3823} INFO - Setting next_dagrun for example_trigger_target_dag to None, run_after=None
[2026-02-02T14:38:20.618+0000] {processor.py:183} INFO - Processing /home/airflow/.local/lib/python3.8/site-packages/airflow/example_dags/example_trigger_target_dag.py took 0.070 seconds
[2026-02-02T14:38:51.187+0000] {processor.py:161} INFO - Started process (PID=2082) to work on /home/airflow/.local/lib/python3.8/site-packages/airflow/example_dags/example_trigger_target_dag.py
[2026-02-02T14:38:51.188+0000] {processor.py:830} INFO - Processing file /home/airflow/.local/lib/python3.8/site-packages/airflow/example_dags/example_trigger_target_dag.py for tasks to queue
[2026-02-02T14:38:51.190+0000] {logging_mixin.py:188} INFO - [2026-02-02T14:38:51.190+0000] {dagbag.py:538} INFO - Filling up the DagBag from /home/airflow/.local/lib/python3.8/site-packages/airflow/example_dags/example_trigger_target_dag.py
[2026-02-02T14:38:51.196+0000] {processor.py:840} INFO - DAG(s) 'example_trigger_target_dag' retrieved from /home/airflow/.local/lib/python3.8/site-packages/airflow/example_dags/example_trigger_target_dag.py
[2026-02-02T14:38:51.220+0000] {logging_mixin.py:188} INFO - [2026-02-02T14:38:51.220+0000] {dag.py:3036} INFO - Sync 1 DAGs
[2026-02-02T14:38:51.234+0000] {logging_mixin.py:188} INFO - [2026-02-02T14:38:51.234+0000] {dag.py:3823} INFO - Setting next_dagrun for example_trigger_target_dag to None, run_after=None
[2026-02-02T14:38:51.251+0000] {processor.py:183} INFO - Processing /home/airflow/.local/lib/python3.8/site-packages/airflow/example_dags/example_trigger_target_dag.py took 0.068 seconds
[2026-02-02T14:39:21.346+0000] {processor.py:161} INFO - Started process (PID=2135) to work on /home/airflow/.local/lib/python3.8/site-packages/airflow/example_dags/example_trigger_target_dag.py
[2026-02-02T14:39:21.347+0000] {processor.py:830} INFO - Processing file /home/airflow/.local/lib/python3.8/site-packages/airflow/example_dags/example_trigger_target_dag.py for tasks to queue
[2026-02-02T14:39:21.349+0000] {logging_mixin.py:188} INFO - [2026-02-02T14:39:21.348+0000] {dagbag.py:538} INFO - Filling up the DagBag from /home/airflow/.local/lib/python3.8/site-packages/airflow/example_dags/example_trigger_target_dag.py
[2026-02-02T14:39:21.354+0000] {processor.py:840} INFO - DAG(s) 'example_trigger_target_dag' retrieved from /home/airflow/.local/lib/python3.8/site-packages/airflow/example_dags/example_trigger_target_dag.py
[2026-02-02T14:39:21.376+0000] {logging_mixin.py:188} INFO - [2026-02-02T14:39:21.376+0000] {dag.py:3036} INFO - Sync 1 DAGs
[2026-02-02T14:39:21.390+0000] {logging_mixin.py:188} INFO - [2026-02-02T14:39:21.390+0000] {dag.py:3823} INFO - Setting next_dagrun for example_trigger_target_dag to None, run_after=None
[2026-02-02T14:39:21.408+0000] {processor.py:183} INFO - Processing /home/airflow/.local/lib/python3.8/site-packages/airflow/example_dags/example_trigger_target_dag.py took 0.066 seconds
[2026-02-02T14:39:52.253+0000] {processor.py:161} INFO - Started process (PID=2190) to work on /home/airflow/.local/lib/python3.8/site-packages/airflow/example_dags/example_trigger_target_dag.py
[2026-02-02T14:39:52.254+0000] {processor.py:830} INFO - Processing file /home/airflow/.local/lib/python3.8/site-packages/airflow/example_dags/example_trigger_target_dag.py for tasks to queue
[2026-02-02T14:39:52.255+0000] {logging_mixin.py:188} INFO - [2026-02-02T14:39:52.255+0000] {dagbag.py:538} INFO - Filling up the DagBag from /home/airflow/.local/lib/python3.8/site-packages/airflow/example_dags/example_trigger_target_dag.py
[2026-02-02T14:39:52.261+0000] {processor.py:840} INFO - DAG(s) 'example_trigger_target_dag' retrieved from /home/airflow/.local/lib/python3.8/site-packages/airflow/example_dags/example_trigger_target_dag.py
[2026-02-02T14:39:52.291+0000] {logging_mixin.py:188} INFO - [2026-02-02T14:39:52.290+0000] {dag.py:3036} INFO - Sync 1 DAGs
[2026-02-02T14:39:52.307+0000] {logging_mixin.py:188} INFO - [2026-02-02T14:39:52.307+0000] {dag.py:3823} INFO - Setting next_dagrun for example_trigger_target_dag to None, run_after=None
[2026-02-02T14:39:52.326+0000] {processor.py:183} INFO - Processing /home/airflow/.local/lib/python3.8/site-packages/airflow/example_dags/example_trigger_target_dag.py took 0.077 seconds
[2026-02-02T14:40:22.680+0000] {processor.py:161} INFO - Started process (PID=2244) to work on /home/airflow/.local/lib/python3.8/site-packages/airflow/example_dags/example_trigger_target_dag.py
[2026-02-02T14:40:22.680+0000] {processor.py:830} INFO - Processing file /home/airflow/.local/lib/python3.8/site-packages/airflow/example_dags/example_trigger_target_dag.py for tasks to queue
[2026-02-02T14:40:22.682+0000] {logging_mixin.py:188} INFO - [2026-02-02T14:40:22.682+0000] {dagbag.py:538} INFO - Filling up the DagBag from /home/airflow/.local/lib/python3.8/site-packages/airflow/example_dags/example_trigger_target_dag.py
[2026-02-02T14:40:22.686+0000] {processor.py:840} INFO - DAG(s) 'example_trigger_target_dag' retrieved from /home/airflow/.local/lib/python3.8/site-packages/airflow/example_dags/example_trigger_target_dag.py
[2026-02-02T14:40:22.701+0000] {logging_mixin.py:188} INFO - [2026-02-02T14:40:22.701+0000] {dag.py:3036} INFO - Sync 1 DAGs
[2026-02-02T14:40:22.711+0000] {logging_mixin.py:188} INFO - [2026-02-02T14:40:22.710+0000] {dag.py:3823} INFO - Setting next_dagrun for example_trigger_target_dag to None, run_after=None
[2026-02-02T14:40:22.725+0000] {processor.py:183} INFO - Processing /home/airflow/.local/lib/python3.8/site-packages/airflow/example_dags/example_trigger_target_dag.py took 0.048 seconds
[2026-02-02T14:40:53.298+0000] {processor.py:161} INFO - Started process (PID=2299) to work on /home/airflow/.local/lib/python3.8/site-packages/airflow/example_dags/example_trigger_target_dag.py
[2026-02-02T14:40:53.299+0000] {processor.py:830} INFO - Processing file /home/airflow/.local/lib/python3.8/site-packages/airflow/example_dags/example_trigger_target_dag.py for tasks to queue
[2026-02-02T14:40:53.303+0000] {logging_mixin.py:188} INFO - [2026-02-02T14:40:53.302+0000] {dagbag.py:538} INFO - Filling up the DagBag from /home/airflow/.local/lib/python3.8/site-packages/airflow/example_dags/example_trigger_target_dag.py
[2026-02-02T14:40:53.315+0000] {processor.py:840} INFO - DAG(s) 'example_trigger_target_dag' retrieved from /home/airflow/.local/lib/python3.8/site-packages/airflow/example_dags/example_trigger_target_dag.py
[2026-02-02T14:40:53.360+0000] {logging_mixin.py:188} INFO - [2026-02-02T14:40:53.360+0000] {dag.py:3036} INFO - Sync 1 DAGs
[2026-02-02T14:40:53.381+0000] {logging_mixin.py:188} INFO - [2026-02-02T14:40:53.381+0000] {dag.py:3823} INFO - Setting next_dagrun for example_trigger_target_dag to None, run_after=None
[2026-02-02T14:40:53.431+0000] {processor.py:183} INFO - Processing /home/airflow/.local/lib/python3.8/site-packages/airflow/example_dags/example_trigger_target_dag.py took 0.143 seconds
[2026-02-02T14:41:24.520+0000] {processor.py:161} INFO - Started process (PID=2355) to work on /home/airflow/.local/lib/python3.8/site-packages/airflow/example_dags/example_trigger_target_dag.py
[2026-02-02T14:41:24.524+0000] {processor.py:830} INFO - Processing file /home/airflow/.local/lib/python3.8/site-packages/airflow/example_dags/example_trigger_target_dag.py for tasks to queue
[2026-02-02T14:41:24.528+0000] {logging_mixin.py:188} INFO - [2026-02-02T14:41:24.528+0000] {dagbag.py:538} INFO - Filling up the DagBag from /home/airflow/.local/lib/python3.8/site-packages/airflow/example_dags/example_trigger_target_dag.py
[2026-02-02T14:41:24.541+0000] {processor.py:840} INFO - DAG(s) 'example_trigger_target_dag' retrieved from /home/airflow/.local/lib/python3.8/site-packages/airflow/example_dags/example_trigger_target_dag.py
[2026-02-02T14:41:24.579+0000] {logging_mixin.py:188} INFO - [2026-02-02T14:41:24.579+0000] {dag.py:3036} INFO - Sync 1 DAGs
[2026-02-02T14:41:24.615+0000] {logging_mixin.py:188} INFO - [2026-02-02T14:41:24.609+0000] {dag.py:3823} INFO - Setting next_dagrun for example_trigger_target_dag to None, run_after=None
[2026-02-02T14:41:24.652+0000] {processor.py:183} INFO - Processing /home/airflow/.local/lib/python3.8/site-packages/airflow/example_dags/example_trigger_target_dag.py took 0.170 seconds
[2026-02-02T14:41:55.477+0000] {processor.py:161} INFO - Started process (PID=2410) to work on /home/airflow/.local/lib/python3.8/site-packages/airflow/example_dags/example_trigger_target_dag.py
[2026-02-02T14:41:55.478+0000] {processor.py:830} INFO - Processing file /home/airflow/.local/lib/python3.8/site-packages/airflow/example_dags/example_trigger_target_dag.py for tasks to queue
[2026-02-02T14:41:55.480+0000] {logging_mixin.py:188} INFO - [2026-02-02T14:41:55.480+0000] {dagbag.py:538} INFO - Filling up the DagBag from /home/airflow/.local/lib/python3.8/site-packages/airflow/example_dags/example_trigger_target_dag.py
[2026-02-02T14:41:55.486+0000] {processor.py:840} INFO - DAG(s) 'example_trigger_target_dag' retrieved from /home/airflow/.local/lib/python3.8/site-packages/airflow/example_dags/example_trigger_target_dag.py
[2026-02-02T14:41:55.505+0000] {logging_mixin.py:188} INFO - [2026-02-02T14:41:55.505+0000] {dag.py:3036} INFO - Sync 1 DAGs
[2026-02-02T14:41:55.520+0000] {logging_mixin.py:188} INFO - [2026-02-02T14:41:55.520+0000] {dag.py:3823} INFO - Setting next_dagrun for example_trigger_target_dag to None, run_after=None
[2026-02-02T14:41:55.539+0000] {processor.py:183} INFO - Processing /home/airflow/.local/lib/python3.8/site-packages/airflow/example_dags/example_trigger_target_dag.py took 0.066 seconds
[2026-02-02T14:42:26.230+0000] {processor.py:161} INFO - Started process (PID=2465) to work on /home/airflow/.local/lib/python3.8/site-packages/airflow/example_dags/example_trigger_target_dag.py
[2026-02-02T14:42:26.231+0000] {processor.py:830} INFO - Processing file /home/airflow/.local/lib/python3.8/site-packages/airflow/example_dags/example_trigger_target_dag.py for tasks to queue
[2026-02-02T14:42:26.233+0000] {logging_mixin.py:188} INFO - [2026-02-02T14:42:26.232+0000] {dagbag.py:538} INFO - Filling up the DagBag from /home/airflow/.local/lib/python3.8/site-packages/airflow/example_dags/example_trigger_target_dag.py
[2026-02-02T14:42:26.241+0000] {processor.py:840} INFO - DAG(s) 'example_trigger_target_dag' retrieved from /home/airflow/.local/lib/python3.8/site-packages/airflow/example_dags/example_trigger_target_dag.py
[2026-02-02T14:42:26.289+0000] {logging_mixin.py:188} INFO - [2026-02-02T14:42:26.289+0000] {dag.py:3036} INFO - Sync 1 DAGs
[2026-02-02T14:42:26.308+0000] {logging_mixin.py:188} INFO - [2026-02-02T14:42:26.308+0000] {dag.py:3823} INFO - Setting next_dagrun for example_trigger_target_dag to None, run_after=None
[2026-02-02T14:42:26.326+0000] {processor.py:183} INFO - Processing /home/airflow/.local/lib/python3.8/site-packages/airflow/example_dags/example_trigger_target_dag.py took 0.100 seconds
[2026-02-02T14:42:57.008+0000] {processor.py:161} INFO - Started process (PID=2520) to work on /home/airflow/.local/lib/python3.8/site-packages/airflow/example_dags/example_trigger_target_dag.py
[2026-02-02T14:42:57.009+0000] {processor.py:830} INFO - Processing file /home/airflow/.local/lib/python3.8/site-packages/airflow/example_dags/example_trigger_target_dag.py for tasks to queue
[2026-02-02T14:42:57.011+0000] {logging_mixin.py:188} INFO - [2026-02-02T14:42:57.010+0000] {dagbag.py:538} INFO - Filling up the DagBag from /home/airflow/.local/lib/python3.8/site-packages/airflow/example_dags/example_trigger_target_dag.py
[2026-02-02T14:42:57.017+0000] {processor.py:840} INFO - DAG(s) 'example_trigger_target_dag' retrieved from /home/airflow/.local/lib/python3.8/site-packages/airflow/example_dags/example_trigger_target_dag.py
[2026-02-02T14:42:57.042+0000] {logging_mixin.py:188} INFO - [2026-02-02T14:42:57.042+0000] {dag.py:3036} INFO - Sync 1 DAGs
[2026-02-02T14:42:57.057+0000] {logging_mixin.py:188} INFO - [2026-02-02T14:42:57.057+0000] {dag.py:3823} INFO - Setting next_dagrun for example_trigger_target_dag to None, run_after=None
[2026-02-02T14:42:57.074+0000] {processor.py:183} INFO - Processing /home/airflow/.local/lib/python3.8/site-packages/airflow/example_dags/example_trigger_target_dag.py took 0.070 seconds
[2026-02-02T14:43:28.128+0000] {processor.py:161} INFO - Started process (PID=2574) to work on /home/airflow/.local/lib/python3.8/site-packages/airflow/example_dags/example_trigger_target_dag.py
[2026-02-02T14:43:28.129+0000] {processor.py:830} INFO - Processing file /home/airflow/.local/lib/python3.8/site-packages/airflow/example_dags/example_trigger_target_dag.py for tasks to queue
[2026-02-02T14:43:28.133+0000] {logging_mixin.py:188} INFO - [2026-02-02T14:43:28.133+0000] {dagbag.py:538} INFO - Filling up the DagBag from /home/airflow/.local/lib/python3.8/site-packages/airflow/example_dags/example_trigger_target_dag.py
[2026-02-02T14:43:28.141+0000] {processor.py:840} INFO - DAG(s) 'example_trigger_target_dag' retrieved from /home/airflow/.local/lib/python3.8/site-packages/airflow/example_dags/example_trigger_target_dag.py
[2026-02-02T14:43:28.181+0000] {logging_mixin.py:188} INFO - [2026-02-02T14:43:28.180+0000] {dag.py:3036} INFO - Sync 1 DAGs
[2026-02-02T14:43:28.210+0000] {logging_mixin.py:188} INFO - [2026-02-02T14:43:28.208+0000] {dag.py:3823} INFO - Setting next_dagrun for example_trigger_target_dag to None, run_after=None
[2026-02-02T14:43:28.253+0000] {processor.py:183} INFO - Processing /home/airflow/.local/lib/python3.8/site-packages/airflow/example_dags/example_trigger_target_dag.py took 0.132 seconds
[2026-02-02T14:43:58.300+0000] {processor.py:161} INFO - Started process (PID=2629) to work on /home/airflow/.local/lib/python3.8/site-packages/airflow/example_dags/example_trigger_target_dag.py
[2026-02-02T14:43:58.301+0000] {processor.py:830} INFO - Processing file /home/airflow/.local/lib/python3.8/site-packages/airflow/example_dags/example_trigger_target_dag.py for tasks to queue
[2026-02-02T14:43:58.304+0000] {logging_mixin.py:188} INFO - [2026-02-02T14:43:58.304+0000] {dagbag.py:538} INFO - Filling up the DagBag from /home/airflow/.local/lib/python3.8/site-packages/airflow/example_dags/example_trigger_target_dag.py
[2026-02-02T14:43:58.310+0000] {processor.py:840} INFO - DAG(s) 'example_trigger_target_dag' retrieved from /home/airflow/.local/lib/python3.8/site-packages/airflow/example_dags/example_trigger_target_dag.py
[2026-02-02T14:43:58.332+0000] {logging_mixin.py:188} INFO - [2026-02-02T14:43:58.332+0000] {dag.py:3036} INFO - Sync 1 DAGs
[2026-02-02T14:43:58.346+0000] {logging_mixin.py:188} INFO - [2026-02-02T14:43:58.346+0000] {dag.py:3823} INFO - Setting next_dagrun for example_trigger_target_dag to None, run_after=None
[2026-02-02T14:43:58.376+0000] {processor.py:183} INFO - Processing /home/airflow/.local/lib/python3.8/site-packages/airflow/example_dags/example_trigger_target_dag.py took 0.079 seconds
[2026-02-02T14:44:29.184+0000] {processor.py:161} INFO - Started process (PID=2690) to work on /home/airflow/.local/lib/python3.8/site-packages/airflow/example_dags/example_trigger_target_dag.py
[2026-02-02T14:44:29.185+0000] {processor.py:830} INFO - Processing file /home/airflow/.local/lib/python3.8/site-packages/airflow/example_dags/example_trigger_target_dag.py for tasks to queue
[2026-02-02T14:44:29.187+0000] {logging_mixin.py:188} INFO - [2026-02-02T14:44:29.187+0000] {dagbag.py:538} INFO - Filling up the DagBag from /home/airflow/.local/lib/python3.8/site-packages/airflow/example_dags/example_trigger_target_dag.py
[2026-02-02T14:44:29.193+0000] {processor.py:840} INFO - DAG(s) 'example_trigger_target_dag' retrieved from /home/airflow/.local/lib/python3.8/site-packages/airflow/example_dags/example_trigger_target_dag.py
[2026-02-02T14:44:29.216+0000] {logging_mixin.py:188} INFO - [2026-02-02T14:44:29.215+0000] {dag.py:3036} INFO - Sync 1 DAGs
[2026-02-02T14:44:29.382+0000] {logging_mixin.py:188} INFO - [2026-02-02T14:44:29.382+0000] {dag.py:3823} INFO - Setting next_dagrun for example_trigger_target_dag to None, run_after=None
[2026-02-02T14:44:29.415+0000] {processor.py:183} INFO - Processing /home/airflow/.local/lib/python3.8/site-packages/airflow/example_dags/example_trigger_target_dag.py took 0.234 seconds
[2026-02-02T14:44:59.758+0000] {processor.py:161} INFO - Started process (PID=2746) to work on /home/airflow/.local/lib/python3.8/site-packages/airflow/example_dags/example_trigger_target_dag.py
[2026-02-02T14:44:59.759+0000] {processor.py:830} INFO - Processing file /home/airflow/.local/lib/python3.8/site-packages/airflow/example_dags/example_trigger_target_dag.py for tasks to queue
[2026-02-02T14:44:59.761+0000] {logging_mixin.py:188} INFO - [2026-02-02T14:44:59.760+0000] {dagbag.py:538} INFO - Filling up the DagBag from /home/airflow/.local/lib/python3.8/site-packages/airflow/example_dags/example_trigger_target_dag.py
[2026-02-02T14:44:59.766+0000] {processor.py:840} INFO - DAG(s) 'example_trigger_target_dag' retrieved from /home/airflow/.local/lib/python3.8/site-packages/airflow/example_dags/example_trigger_target_dag.py
[2026-02-02T14:44:59.789+0000] {logging_mixin.py:188} INFO - [2026-02-02T14:44:59.788+0000] {dag.py:3036} INFO - Sync 1 DAGs
[2026-02-02T14:44:59.803+0000] {logging_mixin.py:188} INFO - [2026-02-02T14:44:59.803+0000] {dag.py:3823} INFO - Setting next_dagrun for example_trigger_target_dag to None, run_after=None
[2026-02-02T14:45:00.030+0000] {processor.py:183} INFO - Processing /home/airflow/.local/lib/python3.8/site-packages/airflow/example_dags/example_trigger_target_dag.py took 0.275 seconds
[2026-02-02T14:45:30.528+0000] {processor.py:161} INFO - Started process (PID=2802) to work on /home/airflow/.local/lib/python3.8/site-packages/airflow/example_dags/example_trigger_target_dag.py
[2026-02-02T14:45:30.529+0000] {processor.py:830} INFO - Processing file /home/airflow/.local/lib/python3.8/site-packages/airflow/example_dags/example_trigger_target_dag.py for tasks to queue
[2026-02-02T14:45:30.531+0000] {logging_mixin.py:188} INFO - [2026-02-02T14:45:30.531+0000] {dagbag.py:538} INFO - Filling up the DagBag from /home/airflow/.local/lib/python3.8/site-packages/airflow/example_dags/example_trigger_target_dag.py
[2026-02-02T14:45:30.537+0000] {processor.py:840} INFO - DAG(s) 'example_trigger_target_dag' retrieved from /home/airflow/.local/lib/python3.8/site-packages/airflow/example_dags/example_trigger_target_dag.py
[2026-02-02T14:45:30.558+0000] {logging_mixin.py:188} INFO - [2026-02-02T14:45:30.558+0000] {dag.py:3036} INFO - Sync 1 DAGs
[2026-02-02T14:45:30.574+0000] {logging_mixin.py:188} INFO - [2026-02-02T14:45:30.574+0000] {dag.py:3823} INFO - Setting next_dagrun for example_trigger_target_dag to None, run_after=None
[2026-02-02T14:45:30.593+0000] {processor.py:183} INFO - Processing /home/airflow/.local/lib/python3.8/site-packages/airflow/example_dags/example_trigger_target_dag.py took 0.069 seconds
[2026-02-02T14:46:00.882+0000] {processor.py:161} INFO - Started process (PID=2857) to work on /home/airflow/.local/lib/python3.8/site-packages/airflow/example_dags/example_trigger_target_dag.py
[2026-02-02T14:46:00.885+0000] {processor.py:830} INFO - Processing file /home/airflow/.local/lib/python3.8/site-packages/airflow/example_dags/example_trigger_target_dag.py for tasks to queue
[2026-02-02T14:46:00.894+0000] {logging_mixin.py:188} INFO - [2026-02-02T14:46:00.894+0000] {dagbag.py:538} INFO - Filling up the DagBag from /home/airflow/.local/lib/python3.8/site-packages/airflow/example_dags/example_trigger_target_dag.py
[2026-02-02T14:46:00.902+0000] {processor.py:840} INFO - DAG(s) 'example_trigger_target_dag' retrieved from /home/airflow/.local/lib/python3.8/site-packages/airflow/example_dags/example_trigger_target_dag.py
[2026-02-02T14:46:00.935+0000] {logging_mixin.py:188} INFO - [2026-02-02T14:46:00.934+0000] {dag.py:3036} INFO - Sync 1 DAGs
[2026-02-02T14:46:00.959+0000] {logging_mixin.py:188} INFO - [2026-02-02T14:46:00.959+0000] {dag.py:3823} INFO - Setting next_dagrun for example_trigger_target_dag to None, run_after=None
[2026-02-02T14:46:00.982+0000] {processor.py:183} INFO - Processing /home/airflow/.local/lib/python3.8/site-packages/airflow/example_dags/example_trigger_target_dag.py took 0.103 seconds
[2026-02-02T14:46:32.018+0000] {processor.py:161} INFO - Started process (PID=2913) to work on /home/airflow/.local/lib/python3.8/site-packages/airflow/example_dags/example_trigger_target_dag.py
[2026-02-02T14:46:32.020+0000] {processor.py:830} INFO - Processing file /home/airflow/.local/lib/python3.8/site-packages/airflow/example_dags/example_trigger_target_dag.py for tasks to queue
[2026-02-02T14:46:32.023+0000] {logging_mixin.py:188} INFO - [2026-02-02T14:46:32.023+0000] {dagbag.py:538} INFO - Filling up the DagBag from /home/airflow/.local/lib/python3.8/site-packages/airflow/example_dags/example_trigger_target_dag.py
[2026-02-02T14:46:32.029+0000] {processor.py:840} INFO - DAG(s) 'example_trigger_target_dag' retrieved from /home/airflow/.local/lib/python3.8/site-packages/airflow/example_dags/example_trigger_target_dag.py
[2026-02-02T14:46:32.050+0000] {logging_mixin.py:188} INFO - [2026-02-02T14:46:32.050+0000] {dag.py:3036} INFO - Sync 1 DAGs
[2026-02-02T14:46:32.064+0000] {logging_mixin.py:188} INFO - [2026-02-02T14:46:32.064+0000] {dag.py:3823} INFO - Setting next_dagrun for example_trigger_target_dag to None, run_after=None
[2026-02-02T14:46:32.084+0000] {processor.py:183} INFO - Processing /home/airflow/.local/lib/python3.8/site-packages/airflow/example_dags/example_trigger_target_dag.py took 0.071 seconds
[2026-02-02T14:47:02.420+0000] {processor.py:161} INFO - Started process (PID=2969) to work on /home/airflow/.local/lib/python3.8/site-packages/airflow/example_dags/example_trigger_target_dag.py
[2026-02-02T14:47:02.421+0000] {processor.py:830} INFO - Processing file /home/airflow/.local/lib/python3.8/site-packages/airflow/example_dags/example_trigger_target_dag.py for tasks to queue
[2026-02-02T14:47:02.425+0000] {logging_mixin.py:188} INFO - [2026-02-02T14:47:02.424+0000] {dagbag.py:538} INFO - Filling up the DagBag from /home/airflow/.local/lib/python3.8/site-packages/airflow/example_dags/example_trigger_target_dag.py
[2026-02-02T14:47:02.431+0000] {processor.py:840} INFO - DAG(s) 'example_trigger_target_dag' retrieved from /home/airflow/.local/lib/python3.8/site-packages/airflow/example_dags/example_trigger_target_dag.py
[2026-02-02T14:47:02.454+0000] {logging_mixin.py:188} INFO - [2026-02-02T14:47:02.453+0000] {dag.py:3036} INFO - Sync 1 DAGs
[2026-02-02T14:47:02.470+0000] {logging_mixin.py:188} INFO - [2026-02-02T14:47:02.470+0000] {dag.py:3823} INFO - Setting next_dagrun for example_trigger_target_dag to None, run_after=None
[2026-02-02T14:47:02.493+0000] {processor.py:183} INFO - Processing /home/airflow/.local/lib/python3.8/site-packages/airflow/example_dags/example_trigger_target_dag.py took 0.077 seconds
[2026-02-02T14:47:33.283+0000] {processor.py:161} INFO - Started process (PID=3026) to work on /home/airflow/.local/lib/python3.8/site-packages/airflow/example_dags/example_trigger_target_dag.py
[2026-02-02T14:47:33.283+0000] {processor.py:830} INFO - Processing file /home/airflow/.local/lib/python3.8/site-packages/airflow/example_dags/example_trigger_target_dag.py for tasks to queue
[2026-02-02T14:47:33.286+0000] {logging_mixin.py:188} INFO - [2026-02-02T14:47:33.286+0000] {dagbag.py:538} INFO - Filling up the DagBag from /home/airflow/.local/lib/python3.8/site-packages/airflow/example_dags/example_trigger_target_dag.py
[2026-02-02T14:47:33.292+0000] {processor.py:840} INFO - DAG(s) 'example_trigger_target_dag' retrieved from /home/airflow/.local/lib/python3.8/site-packages/airflow/example_dags/example_trigger_target_dag.py
[2026-02-02T14:47:33.312+0000] {logging_mixin.py:188} INFO - [2026-02-02T14:47:33.312+0000] {dag.py:3036} INFO - Sync 1 DAGs
[2026-02-02T14:47:33.326+0000] {logging_mixin.py:188} INFO - [2026-02-02T14:47:33.325+0000] {dag.py:3823} INFO - Setting next_dagrun for example_trigger_target_dag to None, run_after=None
[2026-02-02T14:47:33.344+0000] {processor.py:183} INFO - Processing /home/airflow/.local/lib/python3.8/site-packages/airflow/example_dags/example_trigger_target_dag.py took 0.068 seconds
[2026-02-02T14:48:04.200+0000] {processor.py:161} INFO - Started process (PID=3082) to work on /home/airflow/.local/lib/python3.8/site-packages/airflow/example_dags/example_trigger_target_dag.py
[2026-02-02T14:48:04.201+0000] {processor.py:830} INFO - Processing file /home/airflow/.local/lib/python3.8/site-packages/airflow/example_dags/example_trigger_target_dag.py for tasks to queue
[2026-02-02T14:48:04.204+0000] {logging_mixin.py:188} INFO - [2026-02-02T14:48:04.204+0000] {dagbag.py:538} INFO - Filling up the DagBag from /home/airflow/.local/lib/python3.8/site-packages/airflow/example_dags/example_trigger_target_dag.py
[2026-02-02T14:48:04.210+0000] {processor.py:840} INFO - DAG(s) 'example_trigger_target_dag' retrieved from /home/airflow/.local/lib/python3.8/site-packages/airflow/example_dags/example_trigger_target_dag.py
[2026-02-02T14:48:04.247+0000] {logging_mixin.py:188} INFO - [2026-02-02T14:48:04.246+0000] {dag.py:3036} INFO - Sync 1 DAGs
[2026-02-02T14:48:04.260+0000] {logging_mixin.py:188} INFO - [2026-02-02T14:48:04.260+0000] {dag.py:3823} INFO - Setting next_dagrun for example_trigger_target_dag to None, run_after=None
[2026-02-02T14:48:04.308+0000] {processor.py:183} INFO - Processing /home/airflow/.local/lib/python3.8/site-packages/airflow/example_dags/example_trigger_target_dag.py took 0.113 seconds
[2026-02-02T14:48:34.800+0000] {processor.py:161} INFO - Started process (PID=3137) to work on /home/airflow/.local/lib/python3.8/site-packages/airflow/example_dags/example_trigger_target_dag.py
[2026-02-02T14:48:34.801+0000] {processor.py:830} INFO - Processing file /home/airflow/.local/lib/python3.8/site-packages/airflow/example_dags/example_trigger_target_dag.py for tasks to queue
[2026-02-02T14:48:34.805+0000] {logging_mixin.py:188} INFO - [2026-02-02T14:48:34.805+0000] {dagbag.py:538} INFO - Filling up the DagBag from /home/airflow/.local/lib/python3.8/site-packages/airflow/example_dags/example_trigger_target_dag.py
[2026-02-02T14:48:34.817+0000] {processor.py:840} INFO - DAG(s) 'example_trigger_target_dag' retrieved from /home/airflow/.local/lib/python3.8/site-packages/airflow/example_dags/example_trigger_target_dag.py
[2026-02-02T14:48:34.840+0000] {logging_mixin.py:188} INFO - [2026-02-02T14:48:34.839+0000] {dag.py:3036} INFO - Sync 1 DAGs
[2026-02-02T14:48:34.858+0000] {logging_mixin.py:188} INFO - [2026-02-02T14:48:34.857+0000] {dag.py:3823} INFO - Setting next_dagrun for example_trigger_target_dag to None, run_after=None
[2026-02-02T14:48:34.876+0000] {processor.py:183} INFO - Processing /home/airflow/.local/lib/python3.8/site-packages/airflow/example_dags/example_trigger_target_dag.py took 0.082 seconds
[2026-02-02T14:49:05.208+0000] {processor.py:161} INFO - Started process (PID=3193) to work on /home/airflow/.local/lib/python3.8/site-packages/airflow/example_dags/example_trigger_target_dag.py
[2026-02-02T14:49:05.209+0000] {processor.py:830} INFO - Processing file /home/airflow/.local/lib/python3.8/site-packages/airflow/example_dags/example_trigger_target_dag.py for tasks to queue
[2026-02-02T14:49:05.211+0000] {logging_mixin.py:188} INFO - [2026-02-02T14:49:05.211+0000] {dagbag.py:538} INFO - Filling up the DagBag from /home/airflow/.local/lib/python3.8/site-packages/airflow/example_dags/example_trigger_target_dag.py
[2026-02-02T14:49:05.217+0000] {processor.py:840} INFO - DAG(s) 'example_trigger_target_dag' retrieved from /home/airflow/.local/lib/python3.8/site-packages/airflow/example_dags/example_trigger_target_dag.py
[2026-02-02T14:49:05.238+0000] {logging_mixin.py:188} INFO - [2026-02-02T14:49:05.238+0000] {dag.py:3036} INFO - Sync 1 DAGs
[2026-02-02T14:49:05.252+0000] {logging_mixin.py:188} INFO - [2026-02-02T14:49:05.252+0000] {dag.py:3823} INFO - Setting next_dagrun for example_trigger_target_dag to None, run_after=None
[2026-02-02T14:49:05.276+0000] {processor.py:183} INFO - Processing /home/airflow/.local/lib/python3.8/site-packages/airflow/example_dags/example_trigger_target_dag.py took 0.072 seconds
[2026-02-02T14:49:35.448+0000] {processor.py:161} INFO - Started process (PID=3249) to work on /home/airflow/.local/lib/python3.8/site-packages/airflow/example_dags/example_trigger_target_dag.py
[2026-02-02T14:49:35.453+0000] {processor.py:830} INFO - Processing file /home/airflow/.local/lib/python3.8/site-packages/airflow/example_dags/example_trigger_target_dag.py for tasks to queue
[2026-02-02T14:49:35.459+0000] {logging_mixin.py:188} INFO - [2026-02-02T14:49:35.459+0000] {dagbag.py:538} INFO - Filling up the DagBag from /home/airflow/.local/lib/python3.8/site-packages/airflow/example_dags/example_trigger_target_dag.py
[2026-02-02T14:49:35.481+0000] {processor.py:840} INFO - DAG(s) 'example_trigger_target_dag' retrieved from /home/airflow/.local/lib/python3.8/site-packages/airflow/example_dags/example_trigger_target_dag.py
[2026-02-02T14:49:35.580+0000] {logging_mixin.py:188} INFO - [2026-02-02T14:49:35.580+0000] {dag.py:3036} INFO - Sync 1 DAGs
[2026-02-02T14:49:35.623+0000] {logging_mixin.py:188} INFO - [2026-02-02T14:49:35.621+0000] {dag.py:3823} INFO - Setting next_dagrun for example_trigger_target_dag to None, run_after=None
[2026-02-02T14:49:35.689+0000] {processor.py:183} INFO - Processing /home/airflow/.local/lib/python3.8/site-packages/airflow/example_dags/example_trigger_target_dag.py took 0.259 seconds
[2026-02-02T14:50:05.874+0000] {processor.py:161} INFO - Started process (PID=3305) to work on /home/airflow/.local/lib/python3.8/site-packages/airflow/example_dags/example_trigger_target_dag.py
[2026-02-02T14:50:05.874+0000] {processor.py:830} INFO - Processing file /home/airflow/.local/lib/python3.8/site-packages/airflow/example_dags/example_trigger_target_dag.py for tasks to queue
[2026-02-02T14:50:05.877+0000] {logging_mixin.py:188} INFO - [2026-02-02T14:50:05.876+0000] {dagbag.py:538} INFO - Filling up the DagBag from /home/airflow/.local/lib/python3.8/site-packages/airflow/example_dags/example_trigger_target_dag.py
[2026-02-02T14:50:05.882+0000] {processor.py:840} INFO - DAG(s) 'example_trigger_target_dag' retrieved from /home/airflow/.local/lib/python3.8/site-packages/airflow/example_dags/example_trigger_target_dag.py
[2026-02-02T14:50:05.904+0000] {logging_mixin.py:188} INFO - [2026-02-02T14:50:05.904+0000] {dag.py:3036} INFO - Sync 1 DAGs
[2026-02-02T14:50:05.919+0000] {logging_mixin.py:188} INFO - [2026-02-02T14:50:05.919+0000] {dag.py:3823} INFO - Setting next_dagrun for example_trigger_target_dag to None, run_after=None
[2026-02-02T14:50:05.937+0000] {processor.py:183} INFO - Processing /home/airflow/.local/lib/python3.8/site-packages/airflow/example_dags/example_trigger_target_dag.py took 0.067 seconds
[2026-02-02T14:50:36.202+0000] {processor.py:161} INFO - Started process (PID=3361) to work on /home/airflow/.local/lib/python3.8/site-packages/airflow/example_dags/example_trigger_target_dag.py
[2026-02-02T14:50:36.210+0000] {processor.py:830} INFO - Processing file /home/airflow/.local/lib/python3.8/site-packages/airflow/example_dags/example_trigger_target_dag.py for tasks to queue
[2026-02-02T14:50:36.217+0000] {logging_mixin.py:188} INFO - [2026-02-02T14:50:36.217+0000] {dagbag.py:538} INFO - Filling up the DagBag from /home/airflow/.local/lib/python3.8/site-packages/airflow/example_dags/example_trigger_target_dag.py
[2026-02-02T14:50:36.237+0000] {processor.py:840} INFO - DAG(s) 'example_trigger_target_dag' retrieved from /home/airflow/.local/lib/python3.8/site-packages/airflow/example_dags/example_trigger_target_dag.py
[2026-02-02T14:50:36.273+0000] {logging_mixin.py:188} INFO - [2026-02-02T14:50:36.273+0000] {dag.py:3036} INFO - Sync 1 DAGs
[2026-02-02T14:50:36.287+0000] {logging_mixin.py:188} INFO - [2026-02-02T14:50:36.287+0000] {dag.py:3823} INFO - Setting next_dagrun for example_trigger_target_dag to None, run_after=None
[2026-02-02T14:50:36.305+0000] {processor.py:183} INFO - Processing /home/airflow/.local/lib/python3.8/site-packages/airflow/example_dags/example_trigger_target_dag.py took 0.112 seconds
