[2026-02-02T14:20:31.380+0000] {processor.py:161} INFO - Started process (PID=98) to work on /home/airflow/.local/lib/python3.8/site-packages/airflow/example_dags/example_local_kubernetes_executor.py
[2026-02-02T14:20:31.385+0000] {processor.py:830} INFO - Processing file /home/airflow/.local/lib/python3.8/site-packages/airflow/example_dags/example_local_kubernetes_executor.py for tasks to queue
[2026-02-02T14:20:31.389+0000] {logging_mixin.py:188} INFO - [2026-02-02T14:20:31.389+0000] {dagbag.py:538} INFO - Filling up the DagBag from /home/airflow/.local/lib/python3.8/site-packages/airflow/example_dags/example_local_kubernetes_executor.py
[2026-02-02T14:20:31.413+0000] {processor.py:840} INFO - DAG(s) 'example_local_kubernetes_executor' retrieved from /home/airflow/.local/lib/python3.8/site-packages/airflow/example_dags/example_local_kubernetes_executor.py
[2026-02-02T14:20:31.944+0000] {logging_mixin.py:188} INFO - [2026-02-02T14:20:31.944+0000] {override.py:1769} INFO - Created Permission View: can edit on DAG:example_local_kubernetes_executor
[2026-02-02T14:20:31.991+0000] {logging_mixin.py:188} INFO - [2026-02-02T14:20:31.991+0000] {override.py:1769} INFO - Created Permission View: can delete on DAG:example_local_kubernetes_executor
[2026-02-02T14:20:32.024+0000] {logging_mixin.py:188} INFO - [2026-02-02T14:20:32.024+0000] {override.py:1769} INFO - Created Permission View: can read on DAG:example_local_kubernetes_executor
[2026-02-02T14:20:32.028+0000] {logging_mixin.py:188} INFO - [2026-02-02T14:20:32.028+0000] {dag.py:3036} INFO - Sync 1 DAGs
[2026-02-02T14:20:32.118+0000] {logging_mixin.py:188} INFO - [2026-02-02T14:20:32.112+0000] {dag.py:3058} INFO - Creating ORM DAG for example_local_kubernetes_executor
[2026-02-02T14:20:32.119+0000] {logging_mixin.py:188} INFO - [2026-02-02T14:20:32.119+0000] {dag.py:3823} INFO - Setting next_dagrun for example_local_kubernetes_executor to None, run_after=None
[2026-02-02T14:20:32.200+0000] {processor.py:183} INFO - Processing /home/airflow/.local/lib/python3.8/site-packages/airflow/example_dags/example_local_kubernetes_executor.py took 0.834 seconds
[2026-02-02T14:21:03.053+0000] {processor.py:161} INFO - Started process (PID=153) to work on /home/airflow/.local/lib/python3.8/site-packages/airflow/example_dags/example_local_kubernetes_executor.py
[2026-02-02T14:21:03.054+0000] {processor.py:830} INFO - Processing file /home/airflow/.local/lib/python3.8/site-packages/airflow/example_dags/example_local_kubernetes_executor.py for tasks to queue
[2026-02-02T14:21:03.058+0000] {logging_mixin.py:188} INFO - [2026-02-02T14:21:03.058+0000] {dagbag.py:538} INFO - Filling up the DagBag from /home/airflow/.local/lib/python3.8/site-packages/airflow/example_dags/example_local_kubernetes_executor.py
[2026-02-02T14:21:03.067+0000] {processor.py:840} INFO - DAG(s) 'example_local_kubernetes_executor' retrieved from /home/airflow/.local/lib/python3.8/site-packages/airflow/example_dags/example_local_kubernetes_executor.py
[2026-02-02T14:21:03.107+0000] {logging_mixin.py:188} INFO - [2026-02-02T14:21:03.107+0000] {dag.py:3036} INFO - Sync 1 DAGs
[2026-02-02T14:21:03.129+0000] {logging_mixin.py:188} INFO - [2026-02-02T14:21:03.128+0000] {dag.py:3823} INFO - Setting next_dagrun for example_local_kubernetes_executor to None, run_after=None
[2026-02-02T14:21:03.157+0000] {processor.py:183} INFO - Processing /home/airflow/.local/lib/python3.8/site-packages/airflow/example_dags/example_local_kubernetes_executor.py took 0.112 seconds
[2026-02-02T14:21:33.923+0000] {processor.py:161} INFO - Started process (PID=208) to work on /home/airflow/.local/lib/python3.8/site-packages/airflow/example_dags/example_local_kubernetes_executor.py
[2026-02-02T14:21:33.924+0000] {processor.py:830} INFO - Processing file /home/airflow/.local/lib/python3.8/site-packages/airflow/example_dags/example_local_kubernetes_executor.py for tasks to queue
[2026-02-02T14:21:33.926+0000] {logging_mixin.py:188} INFO - [2026-02-02T14:21:33.926+0000] {dagbag.py:538} INFO - Filling up the DagBag from /home/airflow/.local/lib/python3.8/site-packages/airflow/example_dags/example_local_kubernetes_executor.py
[2026-02-02T14:21:33.934+0000] {processor.py:840} INFO - DAG(s) 'example_local_kubernetes_executor' retrieved from /home/airflow/.local/lib/python3.8/site-packages/airflow/example_dags/example_local_kubernetes_executor.py
[2026-02-02T14:21:33.973+0000] {logging_mixin.py:188} INFO - [2026-02-02T14:21:33.973+0000] {dag.py:3036} INFO - Sync 1 DAGs
[2026-02-02T14:21:33.986+0000] {logging_mixin.py:188} INFO - [2026-02-02T14:21:33.986+0000] {dag.py:3823} INFO - Setting next_dagrun for example_local_kubernetes_executor to None, run_after=None
[2026-02-02T14:21:34.007+0000] {processor.py:183} INFO - Processing /home/airflow/.local/lib/python3.8/site-packages/airflow/example_dags/example_local_kubernetes_executor.py took 0.087 seconds
[2026-02-02T14:22:04.231+0000] {processor.py:161} INFO - Started process (PID=263) to work on /home/airflow/.local/lib/python3.8/site-packages/airflow/example_dags/example_local_kubernetes_executor.py
[2026-02-02T14:22:04.231+0000] {processor.py:830} INFO - Processing file /home/airflow/.local/lib/python3.8/site-packages/airflow/example_dags/example_local_kubernetes_executor.py for tasks to queue
[2026-02-02T14:22:04.233+0000] {logging_mixin.py:188} INFO - [2026-02-02T14:22:04.233+0000] {dagbag.py:538} INFO - Filling up the DagBag from /home/airflow/.local/lib/python3.8/site-packages/airflow/example_dags/example_local_kubernetes_executor.py
[2026-02-02T14:22:04.241+0000] {processor.py:840} INFO - DAG(s) 'example_local_kubernetes_executor' retrieved from /home/airflow/.local/lib/python3.8/site-packages/airflow/example_dags/example_local_kubernetes_executor.py
[2026-02-02T14:22:04.280+0000] {logging_mixin.py:188} INFO - [2026-02-02T14:22:04.280+0000] {dag.py:3036} INFO - Sync 1 DAGs
[2026-02-02T14:22:04.294+0000] {logging_mixin.py:188} INFO - [2026-02-02T14:22:04.294+0000] {dag.py:3823} INFO - Setting next_dagrun for example_local_kubernetes_executor to None, run_after=None
[2026-02-02T14:22:04.315+0000] {processor.py:183} INFO - Processing /home/airflow/.local/lib/python3.8/site-packages/airflow/example_dags/example_local_kubernetes_executor.py took 0.088 seconds
[2026-02-02T14:22:34.885+0000] {processor.py:161} INFO - Started process (PID=318) to work on /home/airflow/.local/lib/python3.8/site-packages/airflow/example_dags/example_local_kubernetes_executor.py
[2026-02-02T14:22:34.886+0000] {processor.py:830} INFO - Processing file /home/airflow/.local/lib/python3.8/site-packages/airflow/example_dags/example_local_kubernetes_executor.py for tasks to queue
[2026-02-02T14:22:34.891+0000] {logging_mixin.py:188} INFO - [2026-02-02T14:22:34.891+0000] {dagbag.py:538} INFO - Filling up the DagBag from /home/airflow/.local/lib/python3.8/site-packages/airflow/example_dags/example_local_kubernetes_executor.py
[2026-02-02T14:22:34.906+0000] {processor.py:840} INFO - DAG(s) 'example_local_kubernetes_executor' retrieved from /home/airflow/.local/lib/python3.8/site-packages/airflow/example_dags/example_local_kubernetes_executor.py
[2026-02-02T14:22:34.989+0000] {logging_mixin.py:188} INFO - [2026-02-02T14:22:34.989+0000] {dag.py:3036} INFO - Sync 1 DAGs
[2026-02-02T14:22:35.004+0000] {logging_mixin.py:188} INFO - [2026-02-02T14:22:35.004+0000] {dag.py:3823} INFO - Setting next_dagrun for example_local_kubernetes_executor to None, run_after=None
[2026-02-02T14:22:35.022+0000] {processor.py:183} INFO - Processing /home/airflow/.local/lib/python3.8/site-packages/airflow/example_dags/example_local_kubernetes_executor.py took 0.144 seconds
[2026-02-02T14:23:05.463+0000] {processor.py:161} INFO - Started process (PID=373) to work on /home/airflow/.local/lib/python3.8/site-packages/airflow/example_dags/example_local_kubernetes_executor.py
[2026-02-02T14:23:05.464+0000] {processor.py:830} INFO - Processing file /home/airflow/.local/lib/python3.8/site-packages/airflow/example_dags/example_local_kubernetes_executor.py for tasks to queue
[2026-02-02T14:23:05.466+0000] {logging_mixin.py:188} INFO - [2026-02-02T14:23:05.465+0000] {dagbag.py:538} INFO - Filling up the DagBag from /home/airflow/.local/lib/python3.8/site-packages/airflow/example_dags/example_local_kubernetes_executor.py
[2026-02-02T14:23:05.474+0000] {processor.py:840} INFO - DAG(s) 'example_local_kubernetes_executor' retrieved from /home/airflow/.local/lib/python3.8/site-packages/airflow/example_dags/example_local_kubernetes_executor.py
[2026-02-02T14:23:05.525+0000] {logging_mixin.py:188} INFO - [2026-02-02T14:23:05.525+0000] {dag.py:3036} INFO - Sync 1 DAGs
[2026-02-02T14:23:05.540+0000] {logging_mixin.py:188} INFO - [2026-02-02T14:23:05.539+0000] {dag.py:3823} INFO - Setting next_dagrun for example_local_kubernetes_executor to None, run_after=None
[2026-02-02T14:23:05.559+0000] {processor.py:183} INFO - Processing /home/airflow/.local/lib/python3.8/site-packages/airflow/example_dags/example_local_kubernetes_executor.py took 0.099 seconds
[2026-02-02T14:23:36.068+0000] {processor.py:161} INFO - Started process (PID=428) to work on /home/airflow/.local/lib/python3.8/site-packages/airflow/example_dags/example_local_kubernetes_executor.py
[2026-02-02T14:23:36.069+0000] {processor.py:830} INFO - Processing file /home/airflow/.local/lib/python3.8/site-packages/airflow/example_dags/example_local_kubernetes_executor.py for tasks to queue
[2026-02-02T14:23:36.075+0000] {logging_mixin.py:188} INFO - [2026-02-02T14:23:36.072+0000] {dagbag.py:538} INFO - Filling up the DagBag from /home/airflow/.local/lib/python3.8/site-packages/airflow/example_dags/example_local_kubernetes_executor.py
[2026-02-02T14:23:36.088+0000] {processor.py:840} INFO - DAG(s) 'example_local_kubernetes_executor' retrieved from /home/airflow/.local/lib/python3.8/site-packages/airflow/example_dags/example_local_kubernetes_executor.py
[2026-02-02T14:23:36.152+0000] {logging_mixin.py:188} INFO - [2026-02-02T14:23:36.152+0000] {dag.py:3036} INFO - Sync 1 DAGs
[2026-02-02T14:23:36.195+0000] {logging_mixin.py:188} INFO - [2026-02-02T14:23:36.190+0000] {dag.py:3823} INFO - Setting next_dagrun for example_local_kubernetes_executor to None, run_after=None
[2026-02-02T14:23:36.231+0000] {processor.py:183} INFO - Processing /home/airflow/.local/lib/python3.8/site-packages/airflow/example_dags/example_local_kubernetes_executor.py took 0.171 seconds
[2026-02-02T14:24:06.294+0000] {processor.py:161} INFO - Started process (PID=482) to work on /home/airflow/.local/lib/python3.8/site-packages/airflow/example_dags/example_local_kubernetes_executor.py
[2026-02-02T14:24:06.295+0000] {processor.py:830} INFO - Processing file /home/airflow/.local/lib/python3.8/site-packages/airflow/example_dags/example_local_kubernetes_executor.py for tasks to queue
[2026-02-02T14:24:06.296+0000] {logging_mixin.py:188} INFO - [2026-02-02T14:24:06.296+0000] {dagbag.py:538} INFO - Filling up the DagBag from /home/airflow/.local/lib/python3.8/site-packages/airflow/example_dags/example_local_kubernetes_executor.py
[2026-02-02T14:24:06.304+0000] {processor.py:840} INFO - DAG(s) 'example_local_kubernetes_executor' retrieved from /home/airflow/.local/lib/python3.8/site-packages/airflow/example_dags/example_local_kubernetes_executor.py
[2026-02-02T14:24:06.346+0000] {logging_mixin.py:188} INFO - [2026-02-02T14:24:06.346+0000] {dag.py:3036} INFO - Sync 1 DAGs
[2026-02-02T14:24:06.360+0000] {logging_mixin.py:188} INFO - [2026-02-02T14:24:06.359+0000] {dag.py:3823} INFO - Setting next_dagrun for example_local_kubernetes_executor to None, run_after=None
[2026-02-02T14:24:06.381+0000] {processor.py:183} INFO - Processing /home/airflow/.local/lib/python3.8/site-packages/airflow/example_dags/example_local_kubernetes_executor.py took 0.091 seconds
[2026-02-02T14:24:36.503+0000] {processor.py:161} INFO - Started process (PID=538) to work on /home/airflow/.local/lib/python3.8/site-packages/airflow/example_dags/example_local_kubernetes_executor.py
[2026-02-02T14:24:36.504+0000] {processor.py:830} INFO - Processing file /home/airflow/.local/lib/python3.8/site-packages/airflow/example_dags/example_local_kubernetes_executor.py for tasks to queue
[2026-02-02T14:24:36.505+0000] {logging_mixin.py:188} INFO - [2026-02-02T14:24:36.505+0000] {dagbag.py:538} INFO - Filling up the DagBag from /home/airflow/.local/lib/python3.8/site-packages/airflow/example_dags/example_local_kubernetes_executor.py
[2026-02-02T14:24:36.513+0000] {processor.py:840} INFO - DAG(s) 'example_local_kubernetes_executor' retrieved from /home/airflow/.local/lib/python3.8/site-packages/airflow/example_dags/example_local_kubernetes_executor.py
[2026-02-02T14:24:36.552+0000] {logging_mixin.py:188} INFO - [2026-02-02T14:24:36.552+0000] {dag.py:3036} INFO - Sync 1 DAGs
[2026-02-02T14:24:36.567+0000] {logging_mixin.py:188} INFO - [2026-02-02T14:24:36.567+0000] {dag.py:3823} INFO - Setting next_dagrun for example_local_kubernetes_executor to None, run_after=None
[2026-02-02T14:24:36.589+0000] {processor.py:183} INFO - Processing /home/airflow/.local/lib/python3.8/site-packages/airflow/example_dags/example_local_kubernetes_executor.py took 0.089 seconds
[2026-02-02T14:25:06.947+0000] {processor.py:161} INFO - Started process (PID=593) to work on /home/airflow/.local/lib/python3.8/site-packages/airflow/example_dags/example_local_kubernetes_executor.py
[2026-02-02T14:25:06.948+0000] {processor.py:830} INFO - Processing file /home/airflow/.local/lib/python3.8/site-packages/airflow/example_dags/example_local_kubernetes_executor.py for tasks to queue
[2026-02-02T14:25:06.950+0000] {logging_mixin.py:188} INFO - [2026-02-02T14:25:06.949+0000] {dagbag.py:538} INFO - Filling up the DagBag from /home/airflow/.local/lib/python3.8/site-packages/airflow/example_dags/example_local_kubernetes_executor.py
[2026-02-02T14:25:06.958+0000] {processor.py:840} INFO - DAG(s) 'example_local_kubernetes_executor' retrieved from /home/airflow/.local/lib/python3.8/site-packages/airflow/example_dags/example_local_kubernetes_executor.py
[2026-02-02T14:25:06.998+0000] {logging_mixin.py:188} INFO - [2026-02-02T14:25:06.998+0000] {dag.py:3036} INFO - Sync 1 DAGs
[2026-02-02T14:25:07.013+0000] {logging_mixin.py:188} INFO - [2026-02-02T14:25:07.013+0000] {dag.py:3823} INFO - Setting next_dagrun for example_local_kubernetes_executor to None, run_after=None
[2026-02-02T14:25:07.037+0000] {processor.py:183} INFO - Processing /home/airflow/.local/lib/python3.8/site-packages/airflow/example_dags/example_local_kubernetes_executor.py took 0.093 seconds
[2026-02-02T14:25:37.920+0000] {processor.py:161} INFO - Started process (PID=648) to work on /home/airflow/.local/lib/python3.8/site-packages/airflow/example_dags/example_local_kubernetes_executor.py
[2026-02-02T14:25:37.925+0000] {processor.py:830} INFO - Processing file /home/airflow/.local/lib/python3.8/site-packages/airflow/example_dags/example_local_kubernetes_executor.py for tasks to queue
[2026-02-02T14:25:37.930+0000] {logging_mixin.py:188} INFO - [2026-02-02T14:25:37.928+0000] {dagbag.py:538} INFO - Filling up the DagBag from /home/airflow/.local/lib/python3.8/site-packages/airflow/example_dags/example_local_kubernetes_executor.py
[2026-02-02T14:25:37.939+0000] {processor.py:840} INFO - DAG(s) 'example_local_kubernetes_executor' retrieved from /home/airflow/.local/lib/python3.8/site-packages/airflow/example_dags/example_local_kubernetes_executor.py
[2026-02-02T14:25:37.988+0000] {logging_mixin.py:188} INFO - [2026-02-02T14:25:37.988+0000] {dag.py:3036} INFO - Sync 1 DAGs
[2026-02-02T14:25:38.008+0000] {logging_mixin.py:188} INFO - [2026-02-02T14:25:38.007+0000] {dag.py:3823} INFO - Setting next_dagrun for example_local_kubernetes_executor to None, run_after=None
[2026-02-02T14:25:38.030+0000] {processor.py:183} INFO - Processing /home/airflow/.local/lib/python3.8/site-packages/airflow/example_dags/example_local_kubernetes_executor.py took 0.118 seconds
[2026-02-02T14:26:08.271+0000] {processor.py:161} INFO - Started process (PID=703) to work on /home/airflow/.local/lib/python3.8/site-packages/airflow/example_dags/example_local_kubernetes_executor.py
[2026-02-02T14:26:08.275+0000] {processor.py:830} INFO - Processing file /home/airflow/.local/lib/python3.8/site-packages/airflow/example_dags/example_local_kubernetes_executor.py for tasks to queue
[2026-02-02T14:26:08.278+0000] {logging_mixin.py:188} INFO - [2026-02-02T14:26:08.277+0000] {dagbag.py:538} INFO - Filling up the DagBag from /home/airflow/.local/lib/python3.8/site-packages/airflow/example_dags/example_local_kubernetes_executor.py
[2026-02-02T14:26:08.286+0000] {processor.py:840} INFO - DAG(s) 'example_local_kubernetes_executor' retrieved from /home/airflow/.local/lib/python3.8/site-packages/airflow/example_dags/example_local_kubernetes_executor.py
[2026-02-02T14:26:08.331+0000] {logging_mixin.py:188} INFO - [2026-02-02T14:26:08.331+0000] {dag.py:3036} INFO - Sync 1 DAGs
[2026-02-02T14:26:08.346+0000] {logging_mixin.py:188} INFO - [2026-02-02T14:26:08.346+0000] {dag.py:3823} INFO - Setting next_dagrun for example_local_kubernetes_executor to None, run_after=None
[2026-02-02T14:26:08.372+0000] {processor.py:183} INFO - Processing /home/airflow/.local/lib/python3.8/site-packages/airflow/example_dags/example_local_kubernetes_executor.py took 0.108 seconds
[2026-02-02T14:26:38.569+0000] {processor.py:161} INFO - Started process (PID=758) to work on /home/airflow/.local/lib/python3.8/site-packages/airflow/example_dags/example_local_kubernetes_executor.py
[2026-02-02T14:26:38.570+0000] {processor.py:830} INFO - Processing file /home/airflow/.local/lib/python3.8/site-packages/airflow/example_dags/example_local_kubernetes_executor.py for tasks to queue
[2026-02-02T14:26:38.571+0000] {logging_mixin.py:188} INFO - [2026-02-02T14:26:38.571+0000] {dagbag.py:538} INFO - Filling up the DagBag from /home/airflow/.local/lib/python3.8/site-packages/airflow/example_dags/example_local_kubernetes_executor.py
[2026-02-02T14:26:38.580+0000] {processor.py:840} INFO - DAG(s) 'example_local_kubernetes_executor' retrieved from /home/airflow/.local/lib/python3.8/site-packages/airflow/example_dags/example_local_kubernetes_executor.py
[2026-02-02T14:26:38.638+0000] {logging_mixin.py:188} INFO - [2026-02-02T14:26:38.638+0000] {dag.py:3036} INFO - Sync 1 DAGs
[2026-02-02T14:26:38.654+0000] {logging_mixin.py:188} INFO - [2026-02-02T14:26:38.654+0000] {dag.py:3823} INFO - Setting next_dagrun for example_local_kubernetes_executor to None, run_after=None
[2026-02-02T14:26:38.672+0000] {processor.py:183} INFO - Processing /home/airflow/.local/lib/python3.8/site-packages/airflow/example_dags/example_local_kubernetes_executor.py took 0.106 seconds
[2026-02-02T14:27:09.239+0000] {processor.py:161} INFO - Started process (PID=813) to work on /home/airflow/.local/lib/python3.8/site-packages/airflow/example_dags/example_local_kubernetes_executor.py
[2026-02-02T14:27:09.240+0000] {processor.py:830} INFO - Processing file /home/airflow/.local/lib/python3.8/site-packages/airflow/example_dags/example_local_kubernetes_executor.py for tasks to queue
[2026-02-02T14:27:09.242+0000] {logging_mixin.py:188} INFO - [2026-02-02T14:27:09.242+0000] {dagbag.py:538} INFO - Filling up the DagBag from /home/airflow/.local/lib/python3.8/site-packages/airflow/example_dags/example_local_kubernetes_executor.py
[2026-02-02T14:27:09.257+0000] {processor.py:840} INFO - DAG(s) 'example_local_kubernetes_executor' retrieved from /home/airflow/.local/lib/python3.8/site-packages/airflow/example_dags/example_local_kubernetes_executor.py
[2026-02-02T14:27:09.296+0000] {logging_mixin.py:188} INFO - [2026-02-02T14:27:09.296+0000] {dag.py:3036} INFO - Sync 1 DAGs
[2026-02-02T14:27:09.310+0000] {logging_mixin.py:188} INFO - [2026-02-02T14:27:09.310+0000] {dag.py:3823} INFO - Setting next_dagrun for example_local_kubernetes_executor to None, run_after=None
[2026-02-02T14:27:09.331+0000] {processor.py:183} INFO - Processing /home/airflow/.local/lib/python3.8/site-packages/airflow/example_dags/example_local_kubernetes_executor.py took 0.095 seconds
[2026-02-02T14:27:39.474+0000] {processor.py:161} INFO - Started process (PID=868) to work on /home/airflow/.local/lib/python3.8/site-packages/airflow/example_dags/example_local_kubernetes_executor.py
[2026-02-02T14:27:39.475+0000] {processor.py:830} INFO - Processing file /home/airflow/.local/lib/python3.8/site-packages/airflow/example_dags/example_local_kubernetes_executor.py for tasks to queue
[2026-02-02T14:27:39.477+0000] {logging_mixin.py:188} INFO - [2026-02-02T14:27:39.477+0000] {dagbag.py:538} INFO - Filling up the DagBag from /home/airflow/.local/lib/python3.8/site-packages/airflow/example_dags/example_local_kubernetes_executor.py
[2026-02-02T14:27:39.485+0000] {processor.py:840} INFO - DAG(s) 'example_local_kubernetes_executor' retrieved from /home/airflow/.local/lib/python3.8/site-packages/airflow/example_dags/example_local_kubernetes_executor.py
[2026-02-02T14:27:39.524+0000] {logging_mixin.py:188} INFO - [2026-02-02T14:27:39.524+0000] {dag.py:3036} INFO - Sync 1 DAGs
[2026-02-02T14:27:39.538+0000] {logging_mixin.py:188} INFO - [2026-02-02T14:27:39.538+0000] {dag.py:3823} INFO - Setting next_dagrun for example_local_kubernetes_executor to None, run_after=None
[2026-02-02T14:27:39.560+0000] {processor.py:183} INFO - Processing /home/airflow/.local/lib/python3.8/site-packages/airflow/example_dags/example_local_kubernetes_executor.py took 0.089 seconds
[2026-02-02T14:28:09.932+0000] {processor.py:161} INFO - Started process (PID=923) to work on /home/airflow/.local/lib/python3.8/site-packages/airflow/example_dags/example_local_kubernetes_executor.py
[2026-02-02T14:28:09.933+0000] {processor.py:830} INFO - Processing file /home/airflow/.local/lib/python3.8/site-packages/airflow/example_dags/example_local_kubernetes_executor.py for tasks to queue
[2026-02-02T14:28:09.935+0000] {logging_mixin.py:188} INFO - [2026-02-02T14:28:09.934+0000] {dagbag.py:538} INFO - Filling up the DagBag from /home/airflow/.local/lib/python3.8/site-packages/airflow/example_dags/example_local_kubernetes_executor.py
[2026-02-02T14:28:09.943+0000] {processor.py:840} INFO - DAG(s) 'example_local_kubernetes_executor' retrieved from /home/airflow/.local/lib/python3.8/site-packages/airflow/example_dags/example_local_kubernetes_executor.py
[2026-02-02T14:28:09.982+0000] {logging_mixin.py:188} INFO - [2026-02-02T14:28:09.982+0000] {dag.py:3036} INFO - Sync 1 DAGs
[2026-02-02T14:28:09.996+0000] {logging_mixin.py:188} INFO - [2026-02-02T14:28:09.996+0000] {dag.py:3823} INFO - Setting next_dagrun for example_local_kubernetes_executor to None, run_after=None
[2026-02-02T14:28:10.015+0000] {processor.py:183} INFO - Processing /home/airflow/.local/lib/python3.8/site-packages/airflow/example_dags/example_local_kubernetes_executor.py took 0.086 seconds
[2026-02-02T14:28:40.107+0000] {processor.py:161} INFO - Started process (PID=978) to work on /home/airflow/.local/lib/python3.8/site-packages/airflow/example_dags/example_local_kubernetes_executor.py
[2026-02-02T14:28:40.108+0000] {processor.py:830} INFO - Processing file /home/airflow/.local/lib/python3.8/site-packages/airflow/example_dags/example_local_kubernetes_executor.py for tasks to queue
[2026-02-02T14:28:40.110+0000] {logging_mixin.py:188} INFO - [2026-02-02T14:28:40.109+0000] {dagbag.py:538} INFO - Filling up the DagBag from /home/airflow/.local/lib/python3.8/site-packages/airflow/example_dags/example_local_kubernetes_executor.py
[2026-02-02T14:28:40.118+0000] {processor.py:840} INFO - DAG(s) 'example_local_kubernetes_executor' retrieved from /home/airflow/.local/lib/python3.8/site-packages/airflow/example_dags/example_local_kubernetes_executor.py
[2026-02-02T14:28:40.157+0000] {logging_mixin.py:188} INFO - [2026-02-02T14:28:40.157+0000] {dag.py:3036} INFO - Sync 1 DAGs
[2026-02-02T14:28:40.172+0000] {logging_mixin.py:188} INFO - [2026-02-02T14:28:40.172+0000] {dag.py:3823} INFO - Setting next_dagrun for example_local_kubernetes_executor to None, run_after=None
[2026-02-02T14:28:40.192+0000] {processor.py:183} INFO - Processing /home/airflow/.local/lib/python3.8/site-packages/airflow/example_dags/example_local_kubernetes_executor.py took 0.096 seconds
[2026-02-02T14:29:10.647+0000] {processor.py:161} INFO - Started process (PID=1033) to work on /home/airflow/.local/lib/python3.8/site-packages/airflow/example_dags/example_local_kubernetes_executor.py
[2026-02-02T14:29:10.648+0000] {processor.py:830} INFO - Processing file /home/airflow/.local/lib/python3.8/site-packages/airflow/example_dags/example_local_kubernetes_executor.py for tasks to queue
[2026-02-02T14:29:10.650+0000] {logging_mixin.py:188} INFO - [2026-02-02T14:29:10.650+0000] {dagbag.py:538} INFO - Filling up the DagBag from /home/airflow/.local/lib/python3.8/site-packages/airflow/example_dags/example_local_kubernetes_executor.py
[2026-02-02T14:29:10.658+0000] {processor.py:840} INFO - DAG(s) 'example_local_kubernetes_executor' retrieved from /home/airflow/.local/lib/python3.8/site-packages/airflow/example_dags/example_local_kubernetes_executor.py
[2026-02-02T14:29:10.698+0000] {logging_mixin.py:188} INFO - [2026-02-02T14:29:10.698+0000] {dag.py:3036} INFO - Sync 1 DAGs
[2026-02-02T14:29:10.712+0000] {logging_mixin.py:188} INFO - [2026-02-02T14:29:10.712+0000] {dag.py:3823} INFO - Setting next_dagrun for example_local_kubernetes_executor to None, run_after=None
[2026-02-02T14:29:10.733+0000] {processor.py:183} INFO - Processing /home/airflow/.local/lib/python3.8/site-packages/airflow/example_dags/example_local_kubernetes_executor.py took 0.089 seconds
[2026-02-02T14:29:41.543+0000] {processor.py:161} INFO - Started process (PID=1088) to work on /home/airflow/.local/lib/python3.8/site-packages/airflow/example_dags/example_local_kubernetes_executor.py
[2026-02-02T14:29:41.543+0000] {processor.py:830} INFO - Processing file /home/airflow/.local/lib/python3.8/site-packages/airflow/example_dags/example_local_kubernetes_executor.py for tasks to queue
[2026-02-02T14:29:41.545+0000] {logging_mixin.py:188} INFO - [2026-02-02T14:29:41.545+0000] {dagbag.py:538} INFO - Filling up the DagBag from /home/airflow/.local/lib/python3.8/site-packages/airflow/example_dags/example_local_kubernetes_executor.py
[2026-02-02T14:29:41.553+0000] {processor.py:840} INFO - DAG(s) 'example_local_kubernetes_executor' retrieved from /home/airflow/.local/lib/python3.8/site-packages/airflow/example_dags/example_local_kubernetes_executor.py
[2026-02-02T14:29:41.612+0000] {logging_mixin.py:188} INFO - [2026-02-02T14:29:41.612+0000] {dag.py:3036} INFO - Sync 1 DAGs
[2026-02-02T14:29:41.630+0000] {logging_mixin.py:188} INFO - [2026-02-02T14:29:41.630+0000] {dag.py:3823} INFO - Setting next_dagrun for example_local_kubernetes_executor to None, run_after=None
[2026-02-02T14:29:41.666+0000] {processor.py:183} INFO - Processing /home/airflow/.local/lib/python3.8/site-packages/airflow/example_dags/example_local_kubernetes_executor.py took 0.126 seconds
[2026-02-02T14:30:12.202+0000] {processor.py:161} INFO - Started process (PID=1143) to work on /home/airflow/.local/lib/python3.8/site-packages/airflow/example_dags/example_local_kubernetes_executor.py
[2026-02-02T14:30:12.203+0000] {processor.py:830} INFO - Processing file /home/airflow/.local/lib/python3.8/site-packages/airflow/example_dags/example_local_kubernetes_executor.py for tasks to queue
[2026-02-02T14:30:12.204+0000] {logging_mixin.py:188} INFO - [2026-02-02T14:30:12.204+0000] {dagbag.py:538} INFO - Filling up the DagBag from /home/airflow/.local/lib/python3.8/site-packages/airflow/example_dags/example_local_kubernetes_executor.py
[2026-02-02T14:30:12.213+0000] {processor.py:840} INFO - DAG(s) 'example_local_kubernetes_executor' retrieved from /home/airflow/.local/lib/python3.8/site-packages/airflow/example_dags/example_local_kubernetes_executor.py
[2026-02-02T14:30:12.257+0000] {logging_mixin.py:188} INFO - [2026-02-02T14:30:12.257+0000] {dag.py:3036} INFO - Sync 1 DAGs
[2026-02-02T14:30:12.272+0000] {logging_mixin.py:188} INFO - [2026-02-02T14:30:12.271+0000] {dag.py:3823} INFO - Setting next_dagrun for example_local_kubernetes_executor to None, run_after=None
[2026-02-02T14:30:12.293+0000] {processor.py:183} INFO - Processing /home/airflow/.local/lib/python3.8/site-packages/airflow/example_dags/example_local_kubernetes_executor.py took 0.094 seconds
[2026-02-02T14:30:42.944+0000] {processor.py:161} INFO - Started process (PID=1198) to work on /home/airflow/.local/lib/python3.8/site-packages/airflow/example_dags/example_local_kubernetes_executor.py
[2026-02-02T14:30:42.945+0000] {processor.py:830} INFO - Processing file /home/airflow/.local/lib/python3.8/site-packages/airflow/example_dags/example_local_kubernetes_executor.py for tasks to queue
[2026-02-02T14:30:42.947+0000] {logging_mixin.py:188} INFO - [2026-02-02T14:30:42.947+0000] {dagbag.py:538} INFO - Filling up the DagBag from /home/airflow/.local/lib/python3.8/site-packages/airflow/example_dags/example_local_kubernetes_executor.py
[2026-02-02T14:30:42.955+0000] {processor.py:840} INFO - DAG(s) 'example_local_kubernetes_executor' retrieved from /home/airflow/.local/lib/python3.8/site-packages/airflow/example_dags/example_local_kubernetes_executor.py
[2026-02-02T14:30:42.995+0000] {logging_mixin.py:188} INFO - [2026-02-02T14:30:42.995+0000] {dag.py:3036} INFO - Sync 1 DAGs
[2026-02-02T14:30:43.009+0000] {logging_mixin.py:188} INFO - [2026-02-02T14:30:43.009+0000] {dag.py:3823} INFO - Setting next_dagrun for example_local_kubernetes_executor to None, run_after=None
[2026-02-02T14:30:43.033+0000] {processor.py:183} INFO - Processing /home/airflow/.local/lib/python3.8/site-packages/airflow/example_dags/example_local_kubernetes_executor.py took 0.091 seconds
[2026-02-02T14:31:13.407+0000] {processor.py:161} INFO - Started process (PID=1253) to work on /home/airflow/.local/lib/python3.8/site-packages/airflow/example_dags/example_local_kubernetes_executor.py
[2026-02-02T14:31:13.407+0000] {processor.py:830} INFO - Processing file /home/airflow/.local/lib/python3.8/site-packages/airflow/example_dags/example_local_kubernetes_executor.py for tasks to queue
[2026-02-02T14:31:13.409+0000] {logging_mixin.py:188} INFO - [2026-02-02T14:31:13.409+0000] {dagbag.py:538} INFO - Filling up the DagBag from /home/airflow/.local/lib/python3.8/site-packages/airflow/example_dags/example_local_kubernetes_executor.py
[2026-02-02T14:31:13.418+0000] {processor.py:840} INFO - DAG(s) 'example_local_kubernetes_executor' retrieved from /home/airflow/.local/lib/python3.8/site-packages/airflow/example_dags/example_local_kubernetes_executor.py
[2026-02-02T14:31:13.461+0000] {logging_mixin.py:188} INFO - [2026-02-02T14:31:13.461+0000] {dag.py:3036} INFO - Sync 1 DAGs
[2026-02-02T14:31:13.487+0000] {logging_mixin.py:188} INFO - [2026-02-02T14:31:13.486+0000] {dag.py:3823} INFO - Setting next_dagrun for example_local_kubernetes_executor to None, run_after=None
[2026-02-02T14:31:13.513+0000] {processor.py:183} INFO - Processing /home/airflow/.local/lib/python3.8/site-packages/airflow/example_dags/example_local_kubernetes_executor.py took 0.110 seconds
[2026-02-02T14:31:44.149+0000] {processor.py:161} INFO - Started process (PID=1308) to work on /home/airflow/.local/lib/python3.8/site-packages/airflow/example_dags/example_local_kubernetes_executor.py
[2026-02-02T14:31:44.150+0000] {processor.py:830} INFO - Processing file /home/airflow/.local/lib/python3.8/site-packages/airflow/example_dags/example_local_kubernetes_executor.py for tasks to queue
[2026-02-02T14:31:44.152+0000] {logging_mixin.py:188} INFO - [2026-02-02T14:31:44.152+0000] {dagbag.py:538} INFO - Filling up the DagBag from /home/airflow/.local/lib/python3.8/site-packages/airflow/example_dags/example_local_kubernetes_executor.py
[2026-02-02T14:31:44.161+0000] {processor.py:840} INFO - DAG(s) 'example_local_kubernetes_executor' retrieved from /home/airflow/.local/lib/python3.8/site-packages/airflow/example_dags/example_local_kubernetes_executor.py
[2026-02-02T14:31:44.213+0000] {logging_mixin.py:188} INFO - [2026-02-02T14:31:44.212+0000] {dag.py:3036} INFO - Sync 1 DAGs
[2026-02-02T14:31:44.235+0000] {logging_mixin.py:188} INFO - [2026-02-02T14:31:44.235+0000] {dag.py:3823} INFO - Setting next_dagrun for example_local_kubernetes_executor to None, run_after=None
[2026-02-02T14:31:44.255+0000] {processor.py:183} INFO - Processing /home/airflow/.local/lib/python3.8/site-packages/airflow/example_dags/example_local_kubernetes_executor.py took 0.109 seconds
[2026-02-02T14:32:14.728+0000] {processor.py:161} INFO - Started process (PID=1363) to work on /home/airflow/.local/lib/python3.8/site-packages/airflow/example_dags/example_local_kubernetes_executor.py
[2026-02-02T14:32:14.731+0000] {processor.py:830} INFO - Processing file /home/airflow/.local/lib/python3.8/site-packages/airflow/example_dags/example_local_kubernetes_executor.py for tasks to queue
[2026-02-02T14:32:14.735+0000] {logging_mixin.py:188} INFO - [2026-02-02T14:32:14.734+0000] {dagbag.py:538} INFO - Filling up the DagBag from /home/airflow/.local/lib/python3.8/site-packages/airflow/example_dags/example_local_kubernetes_executor.py
[2026-02-02T14:32:14.744+0000] {processor.py:840} INFO - DAG(s) 'example_local_kubernetes_executor' retrieved from /home/airflow/.local/lib/python3.8/site-packages/airflow/example_dags/example_local_kubernetes_executor.py
[2026-02-02T14:32:14.795+0000] {logging_mixin.py:188} INFO - [2026-02-02T14:32:14.795+0000] {dag.py:3036} INFO - Sync 1 DAGs
[2026-02-02T14:32:14.823+0000] {logging_mixin.py:188} INFO - [2026-02-02T14:32:14.823+0000] {dag.py:3823} INFO - Setting next_dagrun for example_local_kubernetes_executor to None, run_after=None
[2026-02-02T14:32:14.856+0000] {processor.py:183} INFO - Processing /home/airflow/.local/lib/python3.8/site-packages/airflow/example_dags/example_local_kubernetes_executor.py took 0.134 seconds
[2026-02-02T14:32:45.306+0000] {processor.py:161} INFO - Started process (PID=1418) to work on /home/airflow/.local/lib/python3.8/site-packages/airflow/example_dags/example_local_kubernetes_executor.py
[2026-02-02T14:32:45.307+0000] {processor.py:830} INFO - Processing file /home/airflow/.local/lib/python3.8/site-packages/airflow/example_dags/example_local_kubernetes_executor.py for tasks to queue
[2026-02-02T14:32:45.308+0000] {logging_mixin.py:188} INFO - [2026-02-02T14:32:45.308+0000] {dagbag.py:538} INFO - Filling up the DagBag from /home/airflow/.local/lib/python3.8/site-packages/airflow/example_dags/example_local_kubernetes_executor.py
[2026-02-02T14:32:45.316+0000] {processor.py:840} INFO - DAG(s) 'example_local_kubernetes_executor' retrieved from /home/airflow/.local/lib/python3.8/site-packages/airflow/example_dags/example_local_kubernetes_executor.py
[2026-02-02T14:32:45.361+0000] {logging_mixin.py:188} INFO - [2026-02-02T14:32:45.361+0000] {dag.py:3036} INFO - Sync 1 DAGs
[2026-02-02T14:32:45.376+0000] {logging_mixin.py:188} INFO - [2026-02-02T14:32:45.376+0000] {dag.py:3823} INFO - Setting next_dagrun for example_local_kubernetes_executor to None, run_after=None
[2026-02-02T14:32:45.397+0000] {processor.py:183} INFO - Processing /home/airflow/.local/lib/python3.8/site-packages/airflow/example_dags/example_local_kubernetes_executor.py took 0.094 seconds
[2026-02-02T14:33:16.382+0000] {processor.py:161} INFO - Started process (PID=1473) to work on /home/airflow/.local/lib/python3.8/site-packages/airflow/example_dags/example_local_kubernetes_executor.py
[2026-02-02T14:33:16.386+0000] {processor.py:830} INFO - Processing file /home/airflow/.local/lib/python3.8/site-packages/airflow/example_dags/example_local_kubernetes_executor.py for tasks to queue
[2026-02-02T14:33:16.389+0000] {logging_mixin.py:188} INFO - [2026-02-02T14:33:16.389+0000] {dagbag.py:538} INFO - Filling up the DagBag from /home/airflow/.local/lib/python3.8/site-packages/airflow/example_dags/example_local_kubernetes_executor.py
[2026-02-02T14:33:16.397+0000] {processor.py:840} INFO - DAG(s) 'example_local_kubernetes_executor' retrieved from /home/airflow/.local/lib/python3.8/site-packages/airflow/example_dags/example_local_kubernetes_executor.py
[2026-02-02T14:33:16.442+0000] {logging_mixin.py:188} INFO - [2026-02-02T14:33:16.442+0000] {dag.py:3036} INFO - Sync 1 DAGs
[2026-02-02T14:33:16.456+0000] {logging_mixin.py:188} INFO - [2026-02-02T14:33:16.455+0000] {dag.py:3823} INFO - Setting next_dagrun for example_local_kubernetes_executor to None, run_after=None
[2026-02-02T14:33:16.476+0000] {processor.py:183} INFO - Processing /home/airflow/.local/lib/python3.8/site-packages/airflow/example_dags/example_local_kubernetes_executor.py took 0.097 seconds
[2026-02-02T14:33:46.549+0000] {processor.py:161} INFO - Started process (PID=1528) to work on /home/airflow/.local/lib/python3.8/site-packages/airflow/example_dags/example_local_kubernetes_executor.py
[2026-02-02T14:33:46.551+0000] {processor.py:830} INFO - Processing file /home/airflow/.local/lib/python3.8/site-packages/airflow/example_dags/example_local_kubernetes_executor.py for tasks to queue
[2026-02-02T14:33:46.560+0000] {logging_mixin.py:188} INFO - [2026-02-02T14:33:46.555+0000] {dagbag.py:538} INFO - Filling up the DagBag from /home/airflow/.local/lib/python3.8/site-packages/airflow/example_dags/example_local_kubernetes_executor.py
[2026-02-02T14:33:46.584+0000] {processor.py:840} INFO - DAG(s) 'example_local_kubernetes_executor' retrieved from /home/airflow/.local/lib/python3.8/site-packages/airflow/example_dags/example_local_kubernetes_executor.py
[2026-02-02T14:33:46.665+0000] {logging_mixin.py:188} INFO - [2026-02-02T14:33:46.665+0000] {dag.py:3036} INFO - Sync 1 DAGs
[2026-02-02T14:33:46.699+0000] {logging_mixin.py:188} INFO - [2026-02-02T14:33:46.698+0000] {dag.py:3823} INFO - Setting next_dagrun for example_local_kubernetes_executor to None, run_after=None
[2026-02-02T14:33:46.718+0000] {processor.py:183} INFO - Processing /home/airflow/.local/lib/python3.8/site-packages/airflow/example_dags/example_local_kubernetes_executor.py took 0.177 seconds
[2026-02-02T14:34:17.043+0000] {processor.py:161} INFO - Started process (PID=1583) to work on /home/airflow/.local/lib/python3.8/site-packages/airflow/example_dags/example_local_kubernetes_executor.py
[2026-02-02T14:34:17.044+0000] {processor.py:830} INFO - Processing file /home/airflow/.local/lib/python3.8/site-packages/airflow/example_dags/example_local_kubernetes_executor.py for tasks to queue
[2026-02-02T14:34:17.049+0000] {logging_mixin.py:188} INFO - [2026-02-02T14:34:17.047+0000] {dagbag.py:538} INFO - Filling up the DagBag from /home/airflow/.local/lib/python3.8/site-packages/airflow/example_dags/example_local_kubernetes_executor.py
[2026-02-02T14:34:17.057+0000] {processor.py:840} INFO - DAG(s) 'example_local_kubernetes_executor' retrieved from /home/airflow/.local/lib/python3.8/site-packages/airflow/example_dags/example_local_kubernetes_executor.py
[2026-02-02T14:34:17.116+0000] {logging_mixin.py:188} INFO - [2026-02-02T14:34:17.116+0000] {dag.py:3036} INFO - Sync 1 DAGs
[2026-02-02T14:34:17.134+0000] {logging_mixin.py:188} INFO - [2026-02-02T14:34:17.133+0000] {dag.py:3823} INFO - Setting next_dagrun for example_local_kubernetes_executor to None, run_after=None
[2026-02-02T14:34:17.159+0000] {processor.py:183} INFO - Processing /home/airflow/.local/lib/python3.8/site-packages/airflow/example_dags/example_local_kubernetes_executor.py took 0.124 seconds
[2026-02-02T14:34:47.199+0000] {processor.py:161} INFO - Started process (PID=1638) to work on /home/airflow/.local/lib/python3.8/site-packages/airflow/example_dags/example_local_kubernetes_executor.py
[2026-02-02T14:34:47.200+0000] {processor.py:830} INFO - Processing file /home/airflow/.local/lib/python3.8/site-packages/airflow/example_dags/example_local_kubernetes_executor.py for tasks to queue
[2026-02-02T14:34:47.201+0000] {logging_mixin.py:188} INFO - [2026-02-02T14:34:47.201+0000] {dagbag.py:538} INFO - Filling up the DagBag from /home/airflow/.local/lib/python3.8/site-packages/airflow/example_dags/example_local_kubernetes_executor.py
[2026-02-02T14:34:47.207+0000] {processor.py:840} INFO - DAG(s) 'example_local_kubernetes_executor' retrieved from /home/airflow/.local/lib/python3.8/site-packages/airflow/example_dags/example_local_kubernetes_executor.py
[2026-02-02T14:34:47.233+0000] {logging_mixin.py:188} INFO - [2026-02-02T14:34:47.233+0000] {dag.py:3036} INFO - Sync 1 DAGs
[2026-02-02T14:34:47.242+0000] {logging_mixin.py:188} INFO - [2026-02-02T14:34:47.242+0000] {dag.py:3823} INFO - Setting next_dagrun for example_local_kubernetes_executor to None, run_after=None
[2026-02-02T14:34:47.257+0000] {processor.py:183} INFO - Processing /home/airflow/.local/lib/python3.8/site-packages/airflow/example_dags/example_local_kubernetes_executor.py took 0.060 seconds
[2026-02-02T14:35:17.499+0000] {processor.py:161} INFO - Started process (PID=1693) to work on /home/airflow/.local/lib/python3.8/site-packages/airflow/example_dags/example_local_kubernetes_executor.py
[2026-02-02T14:35:17.500+0000] {processor.py:830} INFO - Processing file /home/airflow/.local/lib/python3.8/site-packages/airflow/example_dags/example_local_kubernetes_executor.py for tasks to queue
[2026-02-02T14:35:17.502+0000] {logging_mixin.py:188} INFO - [2026-02-02T14:35:17.502+0000] {dagbag.py:538} INFO - Filling up the DagBag from /home/airflow/.local/lib/python3.8/site-packages/airflow/example_dags/example_local_kubernetes_executor.py
[2026-02-02T14:35:17.510+0000] {processor.py:840} INFO - DAG(s) 'example_local_kubernetes_executor' retrieved from /home/airflow/.local/lib/python3.8/site-packages/airflow/example_dags/example_local_kubernetes_executor.py
[2026-02-02T14:35:17.553+0000] {logging_mixin.py:188} INFO - [2026-02-02T14:35:17.552+0000] {dag.py:3036} INFO - Sync 1 DAGs
[2026-02-02T14:35:17.567+0000] {logging_mixin.py:188} INFO - [2026-02-02T14:35:17.567+0000] {dag.py:3823} INFO - Setting next_dagrun for example_local_kubernetes_executor to None, run_after=None
[2026-02-02T14:35:17.589+0000] {processor.py:183} INFO - Processing /home/airflow/.local/lib/python3.8/site-packages/airflow/example_dags/example_local_kubernetes_executor.py took 0.092 seconds
[2026-02-02T14:35:47.901+0000] {processor.py:161} INFO - Started process (PID=1748) to work on /home/airflow/.local/lib/python3.8/site-packages/airflow/example_dags/example_local_kubernetes_executor.py
[2026-02-02T14:35:47.902+0000] {processor.py:830} INFO - Processing file /home/airflow/.local/lib/python3.8/site-packages/airflow/example_dags/example_local_kubernetes_executor.py for tasks to queue
[2026-02-02T14:35:47.903+0000] {logging_mixin.py:188} INFO - [2026-02-02T14:35:47.903+0000] {dagbag.py:538} INFO - Filling up the DagBag from /home/airflow/.local/lib/python3.8/site-packages/airflow/example_dags/example_local_kubernetes_executor.py
[2026-02-02T14:35:47.911+0000] {processor.py:840} INFO - DAG(s) 'example_local_kubernetes_executor' retrieved from /home/airflow/.local/lib/python3.8/site-packages/airflow/example_dags/example_local_kubernetes_executor.py
[2026-02-02T14:35:47.957+0000] {logging_mixin.py:188} INFO - [2026-02-02T14:35:47.957+0000] {dag.py:3036} INFO - Sync 1 DAGs
[2026-02-02T14:35:47.973+0000] {logging_mixin.py:188} INFO - [2026-02-02T14:35:47.973+0000] {dag.py:3823} INFO - Setting next_dagrun for example_local_kubernetes_executor to None, run_after=None
[2026-02-02T14:35:47.995+0000] {processor.py:183} INFO - Processing /home/airflow/.local/lib/python3.8/site-packages/airflow/example_dags/example_local_kubernetes_executor.py took 0.097 seconds
[2026-02-02T14:36:18.289+0000] {processor.py:161} INFO - Started process (PID=1803) to work on /home/airflow/.local/lib/python3.8/site-packages/airflow/example_dags/example_local_kubernetes_executor.py
[2026-02-02T14:36:18.290+0000] {processor.py:830} INFO - Processing file /home/airflow/.local/lib/python3.8/site-packages/airflow/example_dags/example_local_kubernetes_executor.py for tasks to queue
[2026-02-02T14:36:18.292+0000] {logging_mixin.py:188} INFO - [2026-02-02T14:36:18.292+0000] {dagbag.py:538} INFO - Filling up the DagBag from /home/airflow/.local/lib/python3.8/site-packages/airflow/example_dags/example_local_kubernetes_executor.py
[2026-02-02T14:36:18.300+0000] {processor.py:840} INFO - DAG(s) 'example_local_kubernetes_executor' retrieved from /home/airflow/.local/lib/python3.8/site-packages/airflow/example_dags/example_local_kubernetes_executor.py
[2026-02-02T14:36:18.345+0000] {logging_mixin.py:188} INFO - [2026-02-02T14:36:18.345+0000] {dag.py:3036} INFO - Sync 1 DAGs
[2026-02-02T14:36:18.360+0000] {logging_mixin.py:188} INFO - [2026-02-02T14:36:18.359+0000] {dag.py:3823} INFO - Setting next_dagrun for example_local_kubernetes_executor to None, run_after=None
[2026-02-02T14:36:18.394+0000] {processor.py:183} INFO - Processing /home/airflow/.local/lib/python3.8/site-packages/airflow/example_dags/example_local_kubernetes_executor.py took 0.108 seconds
[2026-02-02T14:36:49.163+0000] {processor.py:161} INFO - Started process (PID=1858) to work on /home/airflow/.local/lib/python3.8/site-packages/airflow/example_dags/example_local_kubernetes_executor.py
[2026-02-02T14:36:49.164+0000] {processor.py:830} INFO - Processing file /home/airflow/.local/lib/python3.8/site-packages/airflow/example_dags/example_local_kubernetes_executor.py for tasks to queue
[2026-02-02T14:36:49.166+0000] {logging_mixin.py:188} INFO - [2026-02-02T14:36:49.166+0000] {dagbag.py:538} INFO - Filling up the DagBag from /home/airflow/.local/lib/python3.8/site-packages/airflow/example_dags/example_local_kubernetes_executor.py
[2026-02-02T14:36:49.175+0000] {processor.py:840} INFO - DAG(s) 'example_local_kubernetes_executor' retrieved from /home/airflow/.local/lib/python3.8/site-packages/airflow/example_dags/example_local_kubernetes_executor.py
[2026-02-02T14:36:49.217+0000] {logging_mixin.py:188} INFO - [2026-02-02T14:36:49.217+0000] {dag.py:3036} INFO - Sync 1 DAGs
[2026-02-02T14:36:49.249+0000] {logging_mixin.py:188} INFO - [2026-02-02T14:36:49.249+0000] {dag.py:3823} INFO - Setting next_dagrun for example_local_kubernetes_executor to None, run_after=None
[2026-02-02T14:36:49.306+0000] {processor.py:183} INFO - Processing /home/airflow/.local/lib/python3.8/site-packages/airflow/example_dags/example_local_kubernetes_executor.py took 0.147 seconds
[2026-02-02T14:37:19.600+0000] {processor.py:161} INFO - Started process (PID=1913) to work on /home/airflow/.local/lib/python3.8/site-packages/airflow/example_dags/example_local_kubernetes_executor.py
[2026-02-02T14:37:19.601+0000] {processor.py:830} INFO - Processing file /home/airflow/.local/lib/python3.8/site-packages/airflow/example_dags/example_local_kubernetes_executor.py for tasks to queue
[2026-02-02T14:37:19.602+0000] {logging_mixin.py:188} INFO - [2026-02-02T14:37:19.602+0000] {dagbag.py:538} INFO - Filling up the DagBag from /home/airflow/.local/lib/python3.8/site-packages/airflow/example_dags/example_local_kubernetes_executor.py
[2026-02-02T14:37:19.610+0000] {processor.py:840} INFO - DAG(s) 'example_local_kubernetes_executor' retrieved from /home/airflow/.local/lib/python3.8/site-packages/airflow/example_dags/example_local_kubernetes_executor.py
[2026-02-02T14:37:19.650+0000] {logging_mixin.py:188} INFO - [2026-02-02T14:37:19.650+0000] {dag.py:3036} INFO - Sync 1 DAGs
[2026-02-02T14:37:19.665+0000] {logging_mixin.py:188} INFO - [2026-02-02T14:37:19.665+0000] {dag.py:3823} INFO - Setting next_dagrun for example_local_kubernetes_executor to None, run_after=None
[2026-02-02T14:37:19.690+0000] {processor.py:183} INFO - Processing /home/airflow/.local/lib/python3.8/site-packages/airflow/example_dags/example_local_kubernetes_executor.py took 0.094 seconds
[2026-02-02T14:37:49.948+0000] {processor.py:161} INFO - Started process (PID=1968) to work on /home/airflow/.local/lib/python3.8/site-packages/airflow/example_dags/example_local_kubernetes_executor.py
[2026-02-02T14:37:49.949+0000] {processor.py:830} INFO - Processing file /home/airflow/.local/lib/python3.8/site-packages/airflow/example_dags/example_local_kubernetes_executor.py for tasks to queue
[2026-02-02T14:37:49.952+0000] {logging_mixin.py:188} INFO - [2026-02-02T14:37:49.952+0000] {dagbag.py:538} INFO - Filling up the DagBag from /home/airflow/.local/lib/python3.8/site-packages/airflow/example_dags/example_local_kubernetes_executor.py
[2026-02-02T14:37:49.961+0000] {processor.py:840} INFO - DAG(s) 'example_local_kubernetes_executor' retrieved from /home/airflow/.local/lib/python3.8/site-packages/airflow/example_dags/example_local_kubernetes_executor.py
[2026-02-02T14:37:50.005+0000] {logging_mixin.py:188} INFO - [2026-02-02T14:37:50.005+0000] {dag.py:3036} INFO - Sync 1 DAGs
[2026-02-02T14:37:50.020+0000] {logging_mixin.py:188} INFO - [2026-02-02T14:37:50.020+0000] {dag.py:3823} INFO - Setting next_dagrun for example_local_kubernetes_executor to None, run_after=None
[2026-02-02T14:37:50.057+0000] {processor.py:183} INFO - Processing /home/airflow/.local/lib/python3.8/site-packages/airflow/example_dags/example_local_kubernetes_executor.py took 0.112 seconds
[2026-02-02T14:38:20.241+0000] {processor.py:161} INFO - Started process (PID=2022) to work on /home/airflow/.local/lib/python3.8/site-packages/airflow/example_dags/example_local_kubernetes_executor.py
[2026-02-02T14:38:20.242+0000] {processor.py:830} INFO - Processing file /home/airflow/.local/lib/python3.8/site-packages/airflow/example_dags/example_local_kubernetes_executor.py for tasks to queue
[2026-02-02T14:38:20.244+0000] {logging_mixin.py:188} INFO - [2026-02-02T14:38:20.244+0000] {dagbag.py:538} INFO - Filling up the DagBag from /home/airflow/.local/lib/python3.8/site-packages/airflow/example_dags/example_local_kubernetes_executor.py
[2026-02-02T14:38:20.267+0000] {processor.py:840} INFO - DAG(s) 'example_local_kubernetes_executor' retrieved from /home/airflow/.local/lib/python3.8/site-packages/airflow/example_dags/example_local_kubernetes_executor.py
[2026-02-02T14:38:20.331+0000] {logging_mixin.py:188} INFO - [2026-02-02T14:38:20.331+0000] {dag.py:3036} INFO - Sync 1 DAGs
[2026-02-02T14:38:20.346+0000] {logging_mixin.py:188} INFO - [2026-02-02T14:38:20.345+0000] {dag.py:3823} INFO - Setting next_dagrun for example_local_kubernetes_executor to None, run_after=None
[2026-02-02T14:38:20.364+0000] {processor.py:183} INFO - Processing /home/airflow/.local/lib/python3.8/site-packages/airflow/example_dags/example_local_kubernetes_executor.py took 0.126 seconds
[2026-02-02T14:38:50.450+0000] {processor.py:161} INFO - Started process (PID=2075) to work on /home/airflow/.local/lib/python3.8/site-packages/airflow/example_dags/example_local_kubernetes_executor.py
[2026-02-02T14:38:50.451+0000] {processor.py:830} INFO - Processing file /home/airflow/.local/lib/python3.8/site-packages/airflow/example_dags/example_local_kubernetes_executor.py for tasks to queue
[2026-02-02T14:38:50.453+0000] {logging_mixin.py:188} INFO - [2026-02-02T14:38:50.453+0000] {dagbag.py:538} INFO - Filling up the DagBag from /home/airflow/.local/lib/python3.8/site-packages/airflow/example_dags/example_local_kubernetes_executor.py
[2026-02-02T14:38:50.461+0000] {processor.py:840} INFO - DAG(s) 'example_local_kubernetes_executor' retrieved from /home/airflow/.local/lib/python3.8/site-packages/airflow/example_dags/example_local_kubernetes_executor.py
[2026-02-02T14:38:50.505+0000] {logging_mixin.py:188} INFO - [2026-02-02T14:38:50.505+0000] {dag.py:3036} INFO - Sync 1 DAGs
[2026-02-02T14:38:50.520+0000] {logging_mixin.py:188} INFO - [2026-02-02T14:38:50.519+0000] {dag.py:3823} INFO - Setting next_dagrun for example_local_kubernetes_executor to None, run_after=None
[2026-02-02T14:38:50.570+0000] {processor.py:183} INFO - Processing /home/airflow/.local/lib/python3.8/site-packages/airflow/example_dags/example_local_kubernetes_executor.py took 0.123 seconds
[2026-02-02T14:39:21.004+0000] {processor.py:161} INFO - Started process (PID=2130) to work on /home/airflow/.local/lib/python3.8/site-packages/airflow/example_dags/example_local_kubernetes_executor.py
[2026-02-02T14:39:21.004+0000] {processor.py:830} INFO - Processing file /home/airflow/.local/lib/python3.8/site-packages/airflow/example_dags/example_local_kubernetes_executor.py for tasks to queue
[2026-02-02T14:39:21.006+0000] {logging_mixin.py:188} INFO - [2026-02-02T14:39:21.006+0000] {dagbag.py:538} INFO - Filling up the DagBag from /home/airflow/.local/lib/python3.8/site-packages/airflow/example_dags/example_local_kubernetes_executor.py
[2026-02-02T14:39:21.015+0000] {processor.py:840} INFO - DAG(s) 'example_local_kubernetes_executor' retrieved from /home/airflow/.local/lib/python3.8/site-packages/airflow/example_dags/example_local_kubernetes_executor.py
[2026-02-02T14:39:21.055+0000] {logging_mixin.py:188} INFO - [2026-02-02T14:39:21.055+0000] {dag.py:3036} INFO - Sync 1 DAGs
[2026-02-02T14:39:21.069+0000] {logging_mixin.py:188} INFO - [2026-02-02T14:39:21.068+0000] {dag.py:3823} INFO - Setting next_dagrun for example_local_kubernetes_executor to None, run_after=None
[2026-02-02T14:39:21.093+0000] {processor.py:183} INFO - Processing /home/airflow/.local/lib/python3.8/site-packages/airflow/example_dags/example_local_kubernetes_executor.py took 0.092 seconds
[2026-02-02T14:39:51.884+0000] {processor.py:161} INFO - Started process (PID=2185) to work on /home/airflow/.local/lib/python3.8/site-packages/airflow/example_dags/example_local_kubernetes_executor.py
[2026-02-02T14:39:51.884+0000] {processor.py:830} INFO - Processing file /home/airflow/.local/lib/python3.8/site-packages/airflow/example_dags/example_local_kubernetes_executor.py for tasks to queue
[2026-02-02T14:39:51.886+0000] {logging_mixin.py:188} INFO - [2026-02-02T14:39:51.886+0000] {dagbag.py:538} INFO - Filling up the DagBag from /home/airflow/.local/lib/python3.8/site-packages/airflow/example_dags/example_local_kubernetes_executor.py
[2026-02-02T14:39:51.894+0000] {processor.py:840} INFO - DAG(s) 'example_local_kubernetes_executor' retrieved from /home/airflow/.local/lib/python3.8/site-packages/airflow/example_dags/example_local_kubernetes_executor.py
[2026-02-02T14:39:51.943+0000] {logging_mixin.py:188} INFO - [2026-02-02T14:39:51.943+0000] {dag.py:3036} INFO - Sync 1 DAGs
[2026-02-02T14:39:51.957+0000] {logging_mixin.py:188} INFO - [2026-02-02T14:39:51.957+0000] {dag.py:3823} INFO - Setting next_dagrun for example_local_kubernetes_executor to None, run_after=None
[2026-02-02T14:39:51.984+0000] {processor.py:183} INFO - Processing /home/airflow/.local/lib/python3.8/site-packages/airflow/example_dags/example_local_kubernetes_executor.py took 0.104 seconds
[2026-02-02T14:40:22.381+0000] {processor.py:161} INFO - Started process (PID=2239) to work on /home/airflow/.local/lib/python3.8/site-packages/airflow/example_dags/example_local_kubernetes_executor.py
[2026-02-02T14:40:22.382+0000] {processor.py:830} INFO - Processing file /home/airflow/.local/lib/python3.8/site-packages/airflow/example_dags/example_local_kubernetes_executor.py for tasks to queue
[2026-02-02T14:40:22.383+0000] {logging_mixin.py:188} INFO - [2026-02-02T14:40:22.383+0000] {dagbag.py:538} INFO - Filling up the DagBag from /home/airflow/.local/lib/python3.8/site-packages/airflow/example_dags/example_local_kubernetes_executor.py
[2026-02-02T14:40:22.391+0000] {processor.py:840} INFO - DAG(s) 'example_local_kubernetes_executor' retrieved from /home/airflow/.local/lib/python3.8/site-packages/airflow/example_dags/example_local_kubernetes_executor.py
[2026-02-02T14:40:22.434+0000] {logging_mixin.py:188} INFO - [2026-02-02T14:40:22.434+0000] {dag.py:3036} INFO - Sync 1 DAGs
[2026-02-02T14:40:22.449+0000] {logging_mixin.py:188} INFO - [2026-02-02T14:40:22.448+0000] {dag.py:3823} INFO - Setting next_dagrun for example_local_kubernetes_executor to None, run_after=None
[2026-02-02T14:40:22.477+0000] {processor.py:183} INFO - Processing /home/airflow/.local/lib/python3.8/site-packages/airflow/example_dags/example_local_kubernetes_executor.py took 0.100 seconds
[2026-02-02T14:40:52.566+0000] {processor.py:161} INFO - Started process (PID=2294) to work on /home/airflow/.local/lib/python3.8/site-packages/airflow/example_dags/example_local_kubernetes_executor.py
[2026-02-02T14:40:52.567+0000] {processor.py:830} INFO - Processing file /home/airflow/.local/lib/python3.8/site-packages/airflow/example_dags/example_local_kubernetes_executor.py for tasks to queue
[2026-02-02T14:40:52.569+0000] {logging_mixin.py:188} INFO - [2026-02-02T14:40:52.568+0000] {dagbag.py:538} INFO - Filling up the DagBag from /home/airflow/.local/lib/python3.8/site-packages/airflow/example_dags/example_local_kubernetes_executor.py
[2026-02-02T14:40:52.577+0000] {processor.py:840} INFO - DAG(s) 'example_local_kubernetes_executor' retrieved from /home/airflow/.local/lib/python3.8/site-packages/airflow/example_dags/example_local_kubernetes_executor.py
[2026-02-02T14:40:52.640+0000] {logging_mixin.py:188} INFO - [2026-02-02T14:40:52.640+0000] {dag.py:3036} INFO - Sync 1 DAGs
[2026-02-02T14:40:52.663+0000] {logging_mixin.py:188} INFO - [2026-02-02T14:40:52.663+0000] {dag.py:3823} INFO - Setting next_dagrun for example_local_kubernetes_executor to None, run_after=None
[2026-02-02T14:40:52.693+0000] {processor.py:183} INFO - Processing /home/airflow/.local/lib/python3.8/site-packages/airflow/example_dags/example_local_kubernetes_executor.py took 0.131 seconds
[2026-02-02T14:41:22.940+0000] {processor.py:161} INFO - Started process (PID=2350) to work on /home/airflow/.local/lib/python3.8/site-packages/airflow/example_dags/example_local_kubernetes_executor.py
[2026-02-02T14:41:22.944+0000] {processor.py:830} INFO - Processing file /home/airflow/.local/lib/python3.8/site-packages/airflow/example_dags/example_local_kubernetes_executor.py for tasks to queue
[2026-02-02T14:41:22.947+0000] {logging_mixin.py:188} INFO - [2026-02-02T14:41:22.945+0000] {dagbag.py:538} INFO - Filling up the DagBag from /home/airflow/.local/lib/python3.8/site-packages/airflow/example_dags/example_local_kubernetes_executor.py
[2026-02-02T14:41:22.962+0000] {processor.py:840} INFO - DAG(s) 'example_local_kubernetes_executor' retrieved from /home/airflow/.local/lib/python3.8/site-packages/airflow/example_dags/example_local_kubernetes_executor.py
[2026-02-02T14:41:22.994+0000] {logging_mixin.py:188} INFO - [2026-02-02T14:41:22.993+0000] {dag.py:3036} INFO - Sync 1 DAGs
[2026-02-02T14:41:23.003+0000] {logging_mixin.py:188} INFO - [2026-02-02T14:41:23.003+0000] {dag.py:3823} INFO - Setting next_dagrun for example_local_kubernetes_executor to None, run_after=None
[2026-02-02T14:41:23.018+0000] {processor.py:183} INFO - Processing /home/airflow/.local/lib/python3.8/site-packages/airflow/example_dags/example_local_kubernetes_executor.py took 0.086 seconds
[2026-02-02T14:41:53.857+0000] {processor.py:161} INFO - Started process (PID=2405) to work on /home/airflow/.local/lib/python3.8/site-packages/airflow/example_dags/example_local_kubernetes_executor.py
[2026-02-02T14:41:53.858+0000] {processor.py:830} INFO - Processing file /home/airflow/.local/lib/python3.8/site-packages/airflow/example_dags/example_local_kubernetes_executor.py for tasks to queue
[2026-02-02T14:41:53.860+0000] {logging_mixin.py:188} INFO - [2026-02-02T14:41:53.859+0000] {dagbag.py:538} INFO - Filling up the DagBag from /home/airflow/.local/lib/python3.8/site-packages/airflow/example_dags/example_local_kubernetes_executor.py
[2026-02-02T14:41:53.867+0000] {processor.py:840} INFO - DAG(s) 'example_local_kubernetes_executor' retrieved from /home/airflow/.local/lib/python3.8/site-packages/airflow/example_dags/example_local_kubernetes_executor.py
[2026-02-02T14:41:53.903+0000] {logging_mixin.py:188} INFO - [2026-02-02T14:41:53.903+0000] {dag.py:3036} INFO - Sync 1 DAGs
[2026-02-02T14:41:53.917+0000] {logging_mixin.py:188} INFO - [2026-02-02T14:41:53.917+0000] {dag.py:3823} INFO - Setting next_dagrun for example_local_kubernetes_executor to None, run_after=None
[2026-02-02T14:41:53.933+0000] {processor.py:183} INFO - Processing /home/airflow/.local/lib/python3.8/site-packages/airflow/example_dags/example_local_kubernetes_executor.py took 0.080 seconds
[2026-02-02T14:42:23.963+0000] {processor.py:161} INFO - Started process (PID=2459) to work on /home/airflow/.local/lib/python3.8/site-packages/airflow/example_dags/example_local_kubernetes_executor.py
[2026-02-02T14:42:23.964+0000] {processor.py:830} INFO - Processing file /home/airflow/.local/lib/python3.8/site-packages/airflow/example_dags/example_local_kubernetes_executor.py for tasks to queue
[2026-02-02T14:42:23.966+0000] {logging_mixin.py:188} INFO - [2026-02-02T14:42:23.965+0000] {dagbag.py:538} INFO - Filling up the DagBag from /home/airflow/.local/lib/python3.8/site-packages/airflow/example_dags/example_local_kubernetes_executor.py
[2026-02-02T14:42:23.972+0000] {processor.py:840} INFO - DAG(s) 'example_local_kubernetes_executor' retrieved from /home/airflow/.local/lib/python3.8/site-packages/airflow/example_dags/example_local_kubernetes_executor.py
[2026-02-02T14:42:24.003+0000] {logging_mixin.py:188} INFO - [2026-02-02T14:42:24.003+0000] {dag.py:3036} INFO - Sync 1 DAGs
[2026-02-02T14:42:24.013+0000] {logging_mixin.py:188} INFO - [2026-02-02T14:42:24.012+0000] {dag.py:3823} INFO - Setting next_dagrun for example_local_kubernetes_executor to None, run_after=None
[2026-02-02T14:42:24.027+0000] {processor.py:183} INFO - Processing /home/airflow/.local/lib/python3.8/site-packages/airflow/example_dags/example_local_kubernetes_executor.py took 0.066 seconds
[2026-02-02T14:42:54.655+0000] {processor.py:161} INFO - Started process (PID=2515) to work on /home/airflow/.local/lib/python3.8/site-packages/airflow/example_dags/example_local_kubernetes_executor.py
[2026-02-02T14:42:54.660+0000] {processor.py:830} INFO - Processing file /home/airflow/.local/lib/python3.8/site-packages/airflow/example_dags/example_local_kubernetes_executor.py for tasks to queue
[2026-02-02T14:42:54.662+0000] {logging_mixin.py:188} INFO - [2026-02-02T14:42:54.661+0000] {dagbag.py:538} INFO - Filling up the DagBag from /home/airflow/.local/lib/python3.8/site-packages/airflow/example_dags/example_local_kubernetes_executor.py
[2026-02-02T14:42:54.670+0000] {processor.py:840} INFO - DAG(s) 'example_local_kubernetes_executor' retrieved from /home/airflow/.local/lib/python3.8/site-packages/airflow/example_dags/example_local_kubernetes_executor.py
[2026-02-02T14:42:54.717+0000] {logging_mixin.py:188} INFO - [2026-02-02T14:42:54.717+0000] {dag.py:3036} INFO - Sync 1 DAGs
[2026-02-02T14:42:54.733+0000] {logging_mixin.py:188} INFO - [2026-02-02T14:42:54.733+0000] {dag.py:3823} INFO - Setting next_dagrun for example_local_kubernetes_executor to None, run_after=None
[2026-02-02T14:42:54.770+0000] {processor.py:183} INFO - Processing /home/airflow/.local/lib/python3.8/site-packages/airflow/example_dags/example_local_kubernetes_executor.py took 0.142 seconds
[2026-02-02T14:43:25.642+0000] {processor.py:161} INFO - Started process (PID=2569) to work on /home/airflow/.local/lib/python3.8/site-packages/airflow/example_dags/example_local_kubernetes_executor.py
[2026-02-02T14:43:25.643+0000] {processor.py:830} INFO - Processing file /home/airflow/.local/lib/python3.8/site-packages/airflow/example_dags/example_local_kubernetes_executor.py for tasks to queue
[2026-02-02T14:43:25.645+0000] {logging_mixin.py:188} INFO - [2026-02-02T14:43:25.645+0000] {dagbag.py:538} INFO - Filling up the DagBag from /home/airflow/.local/lib/python3.8/site-packages/airflow/example_dags/example_local_kubernetes_executor.py
[2026-02-02T14:43:25.654+0000] {processor.py:840} INFO - DAG(s) 'example_local_kubernetes_executor' retrieved from /home/airflow/.local/lib/python3.8/site-packages/airflow/example_dags/example_local_kubernetes_executor.py
[2026-02-02T14:43:25.694+0000] {logging_mixin.py:188} INFO - [2026-02-02T14:43:25.693+0000] {dag.py:3036} INFO - Sync 1 DAGs
[2026-02-02T14:43:25.722+0000] {logging_mixin.py:188} INFO - [2026-02-02T14:43:25.721+0000] {dag.py:3823} INFO - Setting next_dagrun for example_local_kubernetes_executor to None, run_after=None
[2026-02-02T14:43:25.743+0000] {processor.py:183} INFO - Processing /home/airflow/.local/lib/python3.8/site-packages/airflow/example_dags/example_local_kubernetes_executor.py took 0.105 seconds
[2026-02-02T14:43:55.971+0000] {processor.py:161} INFO - Started process (PID=2624) to work on /home/airflow/.local/lib/python3.8/site-packages/airflow/example_dags/example_local_kubernetes_executor.py
[2026-02-02T14:43:55.972+0000] {processor.py:830} INFO - Processing file /home/airflow/.local/lib/python3.8/site-packages/airflow/example_dags/example_local_kubernetes_executor.py for tasks to queue
[2026-02-02T14:43:55.974+0000] {logging_mixin.py:188} INFO - [2026-02-02T14:43:55.974+0000] {dagbag.py:538} INFO - Filling up the DagBag from /home/airflow/.local/lib/python3.8/site-packages/airflow/example_dags/example_local_kubernetes_executor.py
[2026-02-02T14:43:55.983+0000] {processor.py:840} INFO - DAG(s) 'example_local_kubernetes_executor' retrieved from /home/airflow/.local/lib/python3.8/site-packages/airflow/example_dags/example_local_kubernetes_executor.py
[2026-02-02T14:43:56.055+0000] {logging_mixin.py:188} INFO - [2026-02-02T14:43:56.055+0000] {dag.py:3036} INFO - Sync 1 DAGs
[2026-02-02T14:43:56.075+0000] {logging_mixin.py:188} INFO - [2026-02-02T14:43:56.075+0000] {dag.py:3823} INFO - Setting next_dagrun for example_local_kubernetes_executor to None, run_after=None
[2026-02-02T14:43:56.108+0000] {processor.py:183} INFO - Processing /home/airflow/.local/lib/python3.8/site-packages/airflow/example_dags/example_local_kubernetes_executor.py took 0.142 seconds
[2026-02-02T14:44:26.356+0000] {processor.py:161} INFO - Started process (PID=2679) to work on /home/airflow/.local/lib/python3.8/site-packages/airflow/example_dags/example_local_kubernetes_executor.py
[2026-02-02T14:44:26.357+0000] {processor.py:830} INFO - Processing file /home/airflow/.local/lib/python3.8/site-packages/airflow/example_dags/example_local_kubernetes_executor.py for tasks to queue
[2026-02-02T14:44:26.359+0000] {logging_mixin.py:188} INFO - [2026-02-02T14:44:26.359+0000] {dagbag.py:538} INFO - Filling up the DagBag from /home/airflow/.local/lib/python3.8/site-packages/airflow/example_dags/example_local_kubernetes_executor.py
[2026-02-02T14:44:26.368+0000] {processor.py:840} INFO - DAG(s) 'example_local_kubernetes_executor' retrieved from /home/airflow/.local/lib/python3.8/site-packages/airflow/example_dags/example_local_kubernetes_executor.py
[2026-02-02T14:44:26.410+0000] {logging_mixin.py:188} INFO - [2026-02-02T14:44:26.410+0000] {dag.py:3036} INFO - Sync 1 DAGs
[2026-02-02T14:44:26.604+0000] {logging_mixin.py:188} INFO - [2026-02-02T14:44:26.604+0000] {dag.py:3823} INFO - Setting next_dagrun for example_local_kubernetes_executor to None, run_after=None
[2026-02-02T14:44:26.622+0000] {processor.py:183} INFO - Processing /home/airflow/.local/lib/python3.8/site-packages/airflow/example_dags/example_local_kubernetes_executor.py took 0.270 seconds
[2026-02-02T14:44:57.279+0000] {processor.py:161} INFO - Started process (PID=2734) to work on /home/airflow/.local/lib/python3.8/site-packages/airflow/example_dags/example_local_kubernetes_executor.py
[2026-02-02T14:44:57.280+0000] {processor.py:830} INFO - Processing file /home/airflow/.local/lib/python3.8/site-packages/airflow/example_dags/example_local_kubernetes_executor.py for tasks to queue
[2026-02-02T14:44:57.282+0000] {logging_mixin.py:188} INFO - [2026-02-02T14:44:57.282+0000] {dagbag.py:538} INFO - Filling up the DagBag from /home/airflow/.local/lib/python3.8/site-packages/airflow/example_dags/example_local_kubernetes_executor.py
[2026-02-02T14:44:57.291+0000] {processor.py:840} INFO - DAG(s) 'example_local_kubernetes_executor' retrieved from /home/airflow/.local/lib/python3.8/site-packages/airflow/example_dags/example_local_kubernetes_executor.py
[2026-02-02T14:44:57.337+0000] {logging_mixin.py:188} INFO - [2026-02-02T14:44:57.336+0000] {dag.py:3036} INFO - Sync 1 DAGs
[2026-02-02T14:44:57.499+0000] {logging_mixin.py:188} INFO - [2026-02-02T14:44:57.499+0000] {dag.py:3823} INFO - Setting next_dagrun for example_local_kubernetes_executor to None, run_after=None
[2026-02-02T14:44:57.518+0000] {processor.py:183} INFO - Processing /home/airflow/.local/lib/python3.8/site-packages/airflow/example_dags/example_local_kubernetes_executor.py took 0.242 seconds
[2026-02-02T14:45:28.315+0000] {processor.py:161} INFO - Started process (PID=2791) to work on /home/airflow/.local/lib/python3.8/site-packages/airflow/example_dags/example_local_kubernetes_executor.py
[2026-02-02T14:45:28.316+0000] {processor.py:830} INFO - Processing file /home/airflow/.local/lib/python3.8/site-packages/airflow/example_dags/example_local_kubernetes_executor.py for tasks to queue
[2026-02-02T14:45:28.318+0000] {logging_mixin.py:188} INFO - [2026-02-02T14:45:28.318+0000] {dagbag.py:538} INFO - Filling up the DagBag from /home/airflow/.local/lib/python3.8/site-packages/airflow/example_dags/example_local_kubernetes_executor.py
[2026-02-02T14:45:28.326+0000] {processor.py:840} INFO - DAG(s) 'example_local_kubernetes_executor' retrieved from /home/airflow/.local/lib/python3.8/site-packages/airflow/example_dags/example_local_kubernetes_executor.py
[2026-02-02T14:45:28.370+0000] {logging_mixin.py:188} INFO - [2026-02-02T14:45:28.369+0000] {dag.py:3036} INFO - Sync 1 DAGs
[2026-02-02T14:45:28.385+0000] {logging_mixin.py:188} INFO - [2026-02-02T14:45:28.385+0000] {dag.py:3823} INFO - Setting next_dagrun for example_local_kubernetes_executor to None, run_after=None
[2026-02-02T14:45:28.406+0000] {processor.py:183} INFO - Processing /home/airflow/.local/lib/python3.8/site-packages/airflow/example_dags/example_local_kubernetes_executor.py took 0.093 seconds
[2026-02-02T14:45:58.655+0000] {processor.py:161} INFO - Started process (PID=2847) to work on /home/airflow/.local/lib/python3.8/site-packages/airflow/example_dags/example_local_kubernetes_executor.py
[2026-02-02T14:45:58.656+0000] {processor.py:830} INFO - Processing file /home/airflow/.local/lib/python3.8/site-packages/airflow/example_dags/example_local_kubernetes_executor.py for tasks to queue
[2026-02-02T14:45:58.658+0000] {logging_mixin.py:188} INFO - [2026-02-02T14:45:58.657+0000] {dagbag.py:538} INFO - Filling up the DagBag from /home/airflow/.local/lib/python3.8/site-packages/airflow/example_dags/example_local_kubernetes_executor.py
[2026-02-02T14:45:58.674+0000] {processor.py:840} INFO - DAG(s) 'example_local_kubernetes_executor' retrieved from /home/airflow/.local/lib/python3.8/site-packages/airflow/example_dags/example_local_kubernetes_executor.py
[2026-02-02T14:45:58.742+0000] {logging_mixin.py:188} INFO - [2026-02-02T14:45:58.741+0000] {dag.py:3036} INFO - Sync 1 DAGs
[2026-02-02T14:45:58.757+0000] {logging_mixin.py:188} INFO - [2026-02-02T14:45:58.757+0000] {dag.py:3823} INFO - Setting next_dagrun for example_local_kubernetes_executor to None, run_after=None
[2026-02-02T14:45:58.775+0000] {processor.py:183} INFO - Processing /home/airflow/.local/lib/python3.8/site-packages/airflow/example_dags/example_local_kubernetes_executor.py took 0.125 seconds
[2026-02-02T14:46:28.799+0000] {processor.py:161} INFO - Started process (PID=2902) to work on /home/airflow/.local/lib/python3.8/site-packages/airflow/example_dags/example_local_kubernetes_executor.py
[2026-02-02T14:46:28.800+0000] {processor.py:830} INFO - Processing file /home/airflow/.local/lib/python3.8/site-packages/airflow/example_dags/example_local_kubernetes_executor.py for tasks to queue
[2026-02-02T14:46:28.802+0000] {logging_mixin.py:188} INFO - [2026-02-02T14:46:28.801+0000] {dagbag.py:538} INFO - Filling up the DagBag from /home/airflow/.local/lib/python3.8/site-packages/airflow/example_dags/example_local_kubernetes_executor.py
[2026-02-02T14:46:28.810+0000] {processor.py:840} INFO - DAG(s) 'example_local_kubernetes_executor' retrieved from /home/airflow/.local/lib/python3.8/site-packages/airflow/example_dags/example_local_kubernetes_executor.py
[2026-02-02T14:46:28.850+0000] {logging_mixin.py:188} INFO - [2026-02-02T14:46:28.850+0000] {dag.py:3036} INFO - Sync 1 DAGs
[2026-02-02T14:46:28.866+0000] {logging_mixin.py:188} INFO - [2026-02-02T14:46:28.866+0000] {dag.py:3823} INFO - Setting next_dagrun for example_local_kubernetes_executor to None, run_after=None
[2026-02-02T14:46:28.895+0000] {processor.py:183} INFO - Processing /home/airflow/.local/lib/python3.8/site-packages/airflow/example_dags/example_local_kubernetes_executor.py took 0.099 seconds
[2026-02-02T14:46:59.145+0000] {processor.py:161} INFO - Started process (PID=2958) to work on /home/airflow/.local/lib/python3.8/site-packages/airflow/example_dags/example_local_kubernetes_executor.py
[2026-02-02T14:46:59.148+0000] {processor.py:830} INFO - Processing file /home/airflow/.local/lib/python3.8/site-packages/airflow/example_dags/example_local_kubernetes_executor.py for tasks to queue
[2026-02-02T14:46:59.152+0000] {logging_mixin.py:188} INFO - [2026-02-02T14:46:59.152+0000] {dagbag.py:538} INFO - Filling up the DagBag from /home/airflow/.local/lib/python3.8/site-packages/airflow/example_dags/example_local_kubernetes_executor.py
[2026-02-02T14:46:59.164+0000] {processor.py:840} INFO - DAG(s) 'example_local_kubernetes_executor' retrieved from /home/airflow/.local/lib/python3.8/site-packages/airflow/example_dags/example_local_kubernetes_executor.py
[2026-02-02T14:46:59.208+0000] {logging_mixin.py:188} INFO - [2026-02-02T14:46:59.208+0000] {dag.py:3036} INFO - Sync 1 DAGs
[2026-02-02T14:46:59.222+0000] {logging_mixin.py:188} INFO - [2026-02-02T14:46:59.222+0000] {dag.py:3823} INFO - Setting next_dagrun for example_local_kubernetes_executor to None, run_after=None
[2026-02-02T14:46:59.242+0000] {processor.py:183} INFO - Processing /home/airflow/.local/lib/python3.8/site-packages/airflow/example_dags/example_local_kubernetes_executor.py took 0.104 seconds
[2026-02-02T14:47:30.030+0000] {processor.py:161} INFO - Started process (PID=3021) to work on /home/airflow/.local/lib/python3.8/site-packages/airflow/example_dags/example_local_kubernetes_executor.py
[2026-02-02T14:47:30.031+0000] {processor.py:830} INFO - Processing file /home/airflow/.local/lib/python3.8/site-packages/airflow/example_dags/example_local_kubernetes_executor.py for tasks to queue
[2026-02-02T14:47:30.032+0000] {logging_mixin.py:188} INFO - [2026-02-02T14:47:30.032+0000] {dagbag.py:538} INFO - Filling up the DagBag from /home/airflow/.local/lib/python3.8/site-packages/airflow/example_dags/example_local_kubernetes_executor.py
[2026-02-02T14:47:30.040+0000] {processor.py:840} INFO - DAG(s) 'example_local_kubernetes_executor' retrieved from /home/airflow/.local/lib/python3.8/site-packages/airflow/example_dags/example_local_kubernetes_executor.py
[2026-02-02T14:47:30.082+0000] {logging_mixin.py:188} INFO - [2026-02-02T14:47:30.082+0000] {dag.py:3036} INFO - Sync 1 DAGs
[2026-02-02T14:47:30.103+0000] {logging_mixin.py:188} INFO - [2026-02-02T14:47:30.103+0000] {dag.py:3823} INFO - Setting next_dagrun for example_local_kubernetes_executor to None, run_after=None
[2026-02-02T14:47:30.123+0000] {processor.py:183} INFO - Processing /home/airflow/.local/lib/python3.8/site-packages/airflow/example_dags/example_local_kubernetes_executor.py took 0.096 seconds
[2026-02-02T14:48:01.054+0000] {processor.py:161} INFO - Started process (PID=3077) to work on /home/airflow/.local/lib/python3.8/site-packages/airflow/example_dags/example_local_kubernetes_executor.py
[2026-02-02T14:48:01.055+0000] {processor.py:830} INFO - Processing file /home/airflow/.local/lib/python3.8/site-packages/airflow/example_dags/example_local_kubernetes_executor.py for tasks to queue
[2026-02-02T14:48:01.057+0000] {logging_mixin.py:188} INFO - [2026-02-02T14:48:01.057+0000] {dagbag.py:538} INFO - Filling up the DagBag from /home/airflow/.local/lib/python3.8/site-packages/airflow/example_dags/example_local_kubernetes_executor.py
[2026-02-02T14:48:01.066+0000] {processor.py:840} INFO - DAG(s) 'example_local_kubernetes_executor' retrieved from /home/airflow/.local/lib/python3.8/site-packages/airflow/example_dags/example_local_kubernetes_executor.py
[2026-02-02T14:48:01.107+0000] {logging_mixin.py:188} INFO - [2026-02-02T14:48:01.106+0000] {dag.py:3036} INFO - Sync 1 DAGs
[2026-02-02T14:48:01.120+0000] {logging_mixin.py:188} INFO - [2026-02-02T14:48:01.120+0000] {dag.py:3823} INFO - Setting next_dagrun for example_local_kubernetes_executor to None, run_after=None
[2026-02-02T14:48:01.143+0000] {processor.py:183} INFO - Processing /home/airflow/.local/lib/python3.8/site-packages/airflow/example_dags/example_local_kubernetes_executor.py took 0.092 seconds
[2026-02-02T14:48:31.599+0000] {processor.py:161} INFO - Started process (PID=3132) to work on /home/airflow/.local/lib/python3.8/site-packages/airflow/example_dags/example_local_kubernetes_executor.py
[2026-02-02T14:48:31.602+0000] {processor.py:830} INFO - Processing file /home/airflow/.local/lib/python3.8/site-packages/airflow/example_dags/example_local_kubernetes_executor.py for tasks to queue
[2026-02-02T14:48:31.605+0000] {logging_mixin.py:188} INFO - [2026-02-02T14:48:31.605+0000] {dagbag.py:538} INFO - Filling up the DagBag from /home/airflow/.local/lib/python3.8/site-packages/airflow/example_dags/example_local_kubernetes_executor.py
[2026-02-02T14:48:31.623+0000] {processor.py:840} INFO - DAG(s) 'example_local_kubernetes_executor' retrieved from /home/airflow/.local/lib/python3.8/site-packages/airflow/example_dags/example_local_kubernetes_executor.py
[2026-02-02T14:48:31.703+0000] {logging_mixin.py:188} INFO - [2026-02-02T14:48:31.703+0000] {dag.py:3036} INFO - Sync 1 DAGs
[2026-02-02T14:48:31.717+0000] {logging_mixin.py:188} INFO - [2026-02-02T14:48:31.717+0000] {dag.py:3823} INFO - Setting next_dagrun for example_local_kubernetes_executor to None, run_after=None
[2026-02-02T14:48:31.735+0000] {processor.py:183} INFO - Processing /home/airflow/.local/lib/python3.8/site-packages/airflow/example_dags/example_local_kubernetes_executor.py took 0.144 seconds
[2026-02-02T14:49:01.883+0000] {processor.py:161} INFO - Started process (PID=3188) to work on /home/airflow/.local/lib/python3.8/site-packages/airflow/example_dags/example_local_kubernetes_executor.py
[2026-02-02T14:49:01.884+0000] {processor.py:830} INFO - Processing file /home/airflow/.local/lib/python3.8/site-packages/airflow/example_dags/example_local_kubernetes_executor.py for tasks to queue
[2026-02-02T14:49:01.888+0000] {logging_mixin.py:188} INFO - [2026-02-02T14:49:01.888+0000] {dagbag.py:538} INFO - Filling up the DagBag from /home/airflow/.local/lib/python3.8/site-packages/airflow/example_dags/example_local_kubernetes_executor.py
[2026-02-02T14:49:01.909+0000] {processor.py:840} INFO - DAG(s) 'example_local_kubernetes_executor' retrieved from /home/airflow/.local/lib/python3.8/site-packages/airflow/example_dags/example_local_kubernetes_executor.py
[2026-02-02T14:49:02.010+0000] {logging_mixin.py:188} INFO - [2026-02-02T14:49:02.009+0000] {dag.py:3036} INFO - Sync 1 DAGs
[2026-02-02T14:49:02.064+0000] {logging_mixin.py:188} INFO - [2026-02-02T14:49:02.063+0000] {dag.py:3823} INFO - Setting next_dagrun for example_local_kubernetes_executor to None, run_after=None
[2026-02-02T14:49:02.147+0000] {processor.py:183} INFO - Processing /home/airflow/.local/lib/python3.8/site-packages/airflow/example_dags/example_local_kubernetes_executor.py took 0.274 seconds
[2026-02-02T14:49:32.981+0000] {processor.py:161} INFO - Started process (PID=3244) to work on /home/airflow/.local/lib/python3.8/site-packages/airflow/example_dags/example_local_kubernetes_executor.py
[2026-02-02T14:49:32.982+0000] {processor.py:830} INFO - Processing file /home/airflow/.local/lib/python3.8/site-packages/airflow/example_dags/example_local_kubernetes_executor.py for tasks to queue
[2026-02-02T14:49:32.984+0000] {logging_mixin.py:188} INFO - [2026-02-02T14:49:32.984+0000] {dagbag.py:538} INFO - Filling up the DagBag from /home/airflow/.local/lib/python3.8/site-packages/airflow/example_dags/example_local_kubernetes_executor.py
[2026-02-02T14:49:32.992+0000] {processor.py:840} INFO - DAG(s) 'example_local_kubernetes_executor' retrieved from /home/airflow/.local/lib/python3.8/site-packages/airflow/example_dags/example_local_kubernetes_executor.py
[2026-02-02T14:49:33.033+0000] {logging_mixin.py:188} INFO - [2026-02-02T14:49:33.032+0000] {dag.py:3036} INFO - Sync 1 DAGs
[2026-02-02T14:49:33.047+0000] {logging_mixin.py:188} INFO - [2026-02-02T14:49:33.047+0000] {dag.py:3823} INFO - Setting next_dagrun for example_local_kubernetes_executor to None, run_after=None
[2026-02-02T14:49:33.068+0000] {processor.py:183} INFO - Processing /home/airflow/.local/lib/python3.8/site-packages/airflow/example_dags/example_local_kubernetes_executor.py took 0.090 seconds
[2026-02-02T14:50:03.560+0000] {processor.py:161} INFO - Started process (PID=3300) to work on /home/airflow/.local/lib/python3.8/site-packages/airflow/example_dags/example_local_kubernetes_executor.py
[2026-02-02T14:50:03.561+0000] {processor.py:830} INFO - Processing file /home/airflow/.local/lib/python3.8/site-packages/airflow/example_dags/example_local_kubernetes_executor.py for tasks to queue
[2026-02-02T14:50:03.562+0000] {logging_mixin.py:188} INFO - [2026-02-02T14:50:03.562+0000] {dagbag.py:538} INFO - Filling up the DagBag from /home/airflow/.local/lib/python3.8/site-packages/airflow/example_dags/example_local_kubernetes_executor.py
[2026-02-02T14:50:03.570+0000] {processor.py:840} INFO - DAG(s) 'example_local_kubernetes_executor' retrieved from /home/airflow/.local/lib/python3.8/site-packages/airflow/example_dags/example_local_kubernetes_executor.py
[2026-02-02T14:50:03.611+0000] {logging_mixin.py:188} INFO - [2026-02-02T14:50:03.611+0000] {dag.py:3036} INFO - Sync 1 DAGs
[2026-02-02T14:50:03.627+0000] {logging_mixin.py:188} INFO - [2026-02-02T14:50:03.627+0000] {dag.py:3823} INFO - Setting next_dagrun for example_local_kubernetes_executor to None, run_after=None
[2026-02-02T14:50:03.649+0000] {processor.py:183} INFO - Processing /home/airflow/.local/lib/python3.8/site-packages/airflow/example_dags/example_local_kubernetes_executor.py took 0.092 seconds
[2026-02-02T14:50:33.907+0000] {processor.py:161} INFO - Started process (PID=3356) to work on /home/airflow/.local/lib/python3.8/site-packages/airflow/example_dags/example_local_kubernetes_executor.py
[2026-02-02T14:50:33.908+0000] {processor.py:830} INFO - Processing file /home/airflow/.local/lib/python3.8/site-packages/airflow/example_dags/example_local_kubernetes_executor.py for tasks to queue
[2026-02-02T14:50:33.909+0000] {logging_mixin.py:188} INFO - [2026-02-02T14:50:33.909+0000] {dagbag.py:538} INFO - Filling up the DagBag from /home/airflow/.local/lib/python3.8/site-packages/airflow/example_dags/example_local_kubernetes_executor.py
[2026-02-02T14:50:33.918+0000] {processor.py:840} INFO - DAG(s) 'example_local_kubernetes_executor' retrieved from /home/airflow/.local/lib/python3.8/site-packages/airflow/example_dags/example_local_kubernetes_executor.py
[2026-02-02T14:50:33.960+0000] {logging_mixin.py:188} INFO - [2026-02-02T14:50:33.960+0000] {dag.py:3036} INFO - Sync 1 DAGs
[2026-02-02T14:50:33.980+0000] {logging_mixin.py:188} INFO - [2026-02-02T14:50:33.980+0000] {dag.py:3823} INFO - Setting next_dagrun for example_local_kubernetes_executor to None, run_after=None
[2026-02-02T14:50:34.003+0000] {processor.py:183} INFO - Processing /home/airflow/.local/lib/python3.8/site-packages/airflow/example_dags/example_local_kubernetes_executor.py took 0.100 seconds
