[2026-02-02T14:20:18.213+0000] {processor.py:161} INFO - Started process (PID=66) to work on /home/airflow/.local/lib/python3.8/site-packages/airflow/example_dags/example_setup_teardown.py
[2026-02-02T14:20:18.217+0000] {processor.py:830} INFO - Processing file /home/airflow/.local/lib/python3.8/site-packages/airflow/example_dags/example_setup_teardown.py for tasks to queue
[2026-02-02T14:20:18.221+0000] {logging_mixin.py:188} INFO - [2026-02-02T14:20:18.221+0000] {dagbag.py:538} INFO - Filling up the DagBag from /home/airflow/.local/lib/python3.8/site-packages/airflow/example_dags/example_setup_teardown.py
[2026-02-02T14:20:18.249+0000] {processor.py:840} INFO - DAG(s) 'example_setup_teardown' retrieved from /home/airflow/.local/lib/python3.8/site-packages/airflow/example_dags/example_setup_teardown.py
[2026-02-02T14:20:18.618+0000] {logging_mixin.py:188} INFO - [2026-02-02T14:20:18.617+0000] {override.py:1769} INFO - Created Permission View: can edit on DAG:example_setup_teardown
[2026-02-02T14:20:18.640+0000] {logging_mixin.py:188} INFO - [2026-02-02T14:20:18.640+0000] {override.py:1769} INFO - Created Permission View: can delete on DAG:example_setup_teardown
[2026-02-02T14:20:18.660+0000] {logging_mixin.py:188} INFO - [2026-02-02T14:20:18.660+0000] {override.py:1769} INFO - Created Permission View: can read on DAG:example_setup_teardown
[2026-02-02T14:20:18.660+0000] {logging_mixin.py:188} INFO - [2026-02-02T14:20:18.660+0000] {dag.py:3036} INFO - Sync 1 DAGs
[2026-02-02T14:20:18.685+0000] {logging_mixin.py:188} INFO - [2026-02-02T14:20:18.685+0000] {dag.py:3058} INFO - Creating ORM DAG for example_setup_teardown
[2026-02-02T14:20:18.713+0000] {logging_mixin.py:188} INFO - [2026-02-02T14:20:18.713+0000] {dag.py:3823} INFO - Setting next_dagrun for example_setup_teardown to 2026-02-01 00:00:00+00:00, run_after=2026-02-02 00:00:00+00:00
[2026-02-02T14:20:18.750+0000] {processor.py:183} INFO - Processing /home/airflow/.local/lib/python3.8/site-packages/airflow/example_dags/example_setup_teardown.py took 0.553 seconds
[2026-02-02T14:20:49.674+0000] {processor.py:161} INFO - Started process (PID=121) to work on /home/airflow/.local/lib/python3.8/site-packages/airflow/example_dags/example_setup_teardown.py
[2026-02-02T14:20:49.676+0000] {processor.py:830} INFO - Processing file /home/airflow/.local/lib/python3.8/site-packages/airflow/example_dags/example_setup_teardown.py for tasks to queue
[2026-02-02T14:20:49.680+0000] {logging_mixin.py:188} INFO - [2026-02-02T14:20:49.680+0000] {dagbag.py:538} INFO - Filling up the DagBag from /home/airflow/.local/lib/python3.8/site-packages/airflow/example_dags/example_setup_teardown.py
[2026-02-02T14:20:49.699+0000] {processor.py:840} INFO - DAG(s) 'example_setup_teardown' retrieved from /home/airflow/.local/lib/python3.8/site-packages/airflow/example_dags/example_setup_teardown.py
[2026-02-02T14:20:49.742+0000] {logging_mixin.py:188} INFO - [2026-02-02T14:20:49.742+0000] {dag.py:3036} INFO - Sync 1 DAGs
[2026-02-02T14:20:49.784+0000] {logging_mixin.py:188} INFO - [2026-02-02T14:20:49.784+0000] {dag.py:3823} INFO - Setting next_dagrun for example_setup_teardown to 2026-02-01 00:00:00+00:00, run_after=2026-02-02 00:00:00+00:00
[2026-02-02T14:20:49.815+0000] {processor.py:183} INFO - Processing /home/airflow/.local/lib/python3.8/site-packages/airflow/example_dags/example_setup_teardown.py took 0.148 seconds
[2026-02-02T14:21:20.540+0000] {processor.py:161} INFO - Started process (PID=176) to work on /home/airflow/.local/lib/python3.8/site-packages/airflow/example_dags/example_setup_teardown.py
[2026-02-02T14:21:20.541+0000] {processor.py:830} INFO - Processing file /home/airflow/.local/lib/python3.8/site-packages/airflow/example_dags/example_setup_teardown.py for tasks to queue
[2026-02-02T14:21:20.543+0000] {logging_mixin.py:188} INFO - [2026-02-02T14:21:20.543+0000] {dagbag.py:538} INFO - Filling up the DagBag from /home/airflow/.local/lib/python3.8/site-packages/airflow/example_dags/example_setup_teardown.py
[2026-02-02T14:21:20.550+0000] {processor.py:840} INFO - DAG(s) 'example_setup_teardown' retrieved from /home/airflow/.local/lib/python3.8/site-packages/airflow/example_dags/example_setup_teardown.py
[2026-02-02T14:21:20.574+0000] {logging_mixin.py:188} INFO - [2026-02-02T14:21:20.574+0000] {dag.py:3036} INFO - Sync 1 DAGs
[2026-02-02T14:21:20.600+0000] {logging_mixin.py:188} INFO - [2026-02-02T14:21:20.599+0000] {dag.py:3823} INFO - Setting next_dagrun for example_setup_teardown to 2026-02-01 00:00:00+00:00, run_after=2026-02-02 00:00:00+00:00
[2026-02-02T14:21:20.623+0000] {processor.py:183} INFO - Processing /home/airflow/.local/lib/python3.8/site-packages/airflow/example_dags/example_setup_teardown.py took 0.086 seconds
[2026-02-02T14:21:50.787+0000] {processor.py:161} INFO - Started process (PID=231) to work on /home/airflow/.local/lib/python3.8/site-packages/airflow/example_dags/example_setup_teardown.py
[2026-02-02T14:21:50.790+0000] {processor.py:830} INFO - Processing file /home/airflow/.local/lib/python3.8/site-packages/airflow/example_dags/example_setup_teardown.py for tasks to queue
[2026-02-02T14:21:50.794+0000] {logging_mixin.py:188} INFO - [2026-02-02T14:21:50.793+0000] {dagbag.py:538} INFO - Filling up the DagBag from /home/airflow/.local/lib/python3.8/site-packages/airflow/example_dags/example_setup_teardown.py
[2026-02-02T14:21:50.820+0000] {processor.py:840} INFO - DAG(s) 'example_setup_teardown' retrieved from /home/airflow/.local/lib/python3.8/site-packages/airflow/example_dags/example_setup_teardown.py
[2026-02-02T14:21:50.875+0000] {logging_mixin.py:188} INFO - [2026-02-02T14:21:50.874+0000] {dag.py:3036} INFO - Sync 1 DAGs
[2026-02-02T14:21:50.923+0000] {logging_mixin.py:188} INFO - [2026-02-02T14:21:50.923+0000] {dag.py:3823} INFO - Setting next_dagrun for example_setup_teardown to 2026-02-01 00:00:00+00:00, run_after=2026-02-02 00:00:00+00:00
[2026-02-02T14:21:50.976+0000] {processor.py:183} INFO - Processing /home/airflow/.local/lib/python3.8/site-packages/airflow/example_dags/example_setup_teardown.py took 0.194 seconds
[2026-02-02T14:22:21.273+0000] {processor.py:161} INFO - Started process (PID=286) to work on /home/airflow/.local/lib/python3.8/site-packages/airflow/example_dags/example_setup_teardown.py
[2026-02-02T14:22:21.274+0000] {processor.py:830} INFO - Processing file /home/airflow/.local/lib/python3.8/site-packages/airflow/example_dags/example_setup_teardown.py for tasks to queue
[2026-02-02T14:22:21.275+0000] {logging_mixin.py:188} INFO - [2026-02-02T14:22:21.275+0000] {dagbag.py:538} INFO - Filling up the DagBag from /home/airflow/.local/lib/python3.8/site-packages/airflow/example_dags/example_setup_teardown.py
[2026-02-02T14:22:21.282+0000] {processor.py:840} INFO - DAG(s) 'example_setup_teardown' retrieved from /home/airflow/.local/lib/python3.8/site-packages/airflow/example_dags/example_setup_teardown.py
[2026-02-02T14:22:21.306+0000] {logging_mixin.py:188} INFO - [2026-02-02T14:22:21.305+0000] {dag.py:3036} INFO - Sync 1 DAGs
[2026-02-02T14:22:21.330+0000] {logging_mixin.py:188} INFO - [2026-02-02T14:22:21.330+0000] {dag.py:3823} INFO - Setting next_dagrun for example_setup_teardown to 2026-02-01 00:00:00+00:00, run_after=2026-02-02 00:00:00+00:00
[2026-02-02T14:22:21.373+0000] {processor.py:183} INFO - Processing /home/airflow/.local/lib/python3.8/site-packages/airflow/example_dags/example_setup_teardown.py took 0.103 seconds
[2026-02-02T14:22:51.915+0000] {processor.py:161} INFO - Started process (PID=341) to work on /home/airflow/.local/lib/python3.8/site-packages/airflow/example_dags/example_setup_teardown.py
[2026-02-02T14:22:51.916+0000] {processor.py:830} INFO - Processing file /home/airflow/.local/lib/python3.8/site-packages/airflow/example_dags/example_setup_teardown.py for tasks to queue
[2026-02-02T14:22:51.918+0000] {logging_mixin.py:188} INFO - [2026-02-02T14:22:51.918+0000] {dagbag.py:538} INFO - Filling up the DagBag from /home/airflow/.local/lib/python3.8/site-packages/airflow/example_dags/example_setup_teardown.py
[2026-02-02T14:22:51.925+0000] {processor.py:840} INFO - DAG(s) 'example_setup_teardown' retrieved from /home/airflow/.local/lib/python3.8/site-packages/airflow/example_dags/example_setup_teardown.py
[2026-02-02T14:22:51.980+0000] {logging_mixin.py:188} INFO - [2026-02-02T14:22:51.980+0000] {dag.py:3036} INFO - Sync 1 DAGs
[2026-02-02T14:22:52.024+0000] {logging_mixin.py:188} INFO - [2026-02-02T14:22:52.024+0000] {dag.py:3823} INFO - Setting next_dagrun for example_setup_teardown to 2026-02-01 00:00:00+00:00, run_after=2026-02-02 00:00:00+00:00
[2026-02-02T14:22:52.042+0000] {processor.py:183} INFO - Processing /home/airflow/.local/lib/python3.8/site-packages/airflow/example_dags/example_setup_teardown.py took 0.131 seconds
[2026-02-02T14:23:22.472+0000] {processor.py:161} INFO - Started process (PID=396) to work on /home/airflow/.local/lib/python3.8/site-packages/airflow/example_dags/example_setup_teardown.py
[2026-02-02T14:23:22.472+0000] {processor.py:830} INFO - Processing file /home/airflow/.local/lib/python3.8/site-packages/airflow/example_dags/example_setup_teardown.py for tasks to queue
[2026-02-02T14:23:22.474+0000] {logging_mixin.py:188} INFO - [2026-02-02T14:23:22.474+0000] {dagbag.py:538} INFO - Filling up the DagBag from /home/airflow/.local/lib/python3.8/site-packages/airflow/example_dags/example_setup_teardown.py
[2026-02-02T14:23:22.481+0000] {processor.py:840} INFO - DAG(s) 'example_setup_teardown' retrieved from /home/airflow/.local/lib/python3.8/site-packages/airflow/example_dags/example_setup_teardown.py
[2026-02-02T14:23:22.506+0000] {logging_mixin.py:188} INFO - [2026-02-02T14:23:22.505+0000] {dag.py:3036} INFO - Sync 1 DAGs
[2026-02-02T14:23:22.549+0000] {logging_mixin.py:188} INFO - [2026-02-02T14:23:22.548+0000] {dag.py:3823} INFO - Setting next_dagrun for example_setup_teardown to 2026-02-01 00:00:00+00:00, run_after=2026-02-02 00:00:00+00:00
[2026-02-02T14:23:22.572+0000] {processor.py:183} INFO - Processing /home/airflow/.local/lib/python3.8/site-packages/airflow/example_dags/example_setup_teardown.py took 0.104 seconds
[2026-02-02T14:23:53.222+0000] {processor.py:161} INFO - Started process (PID=451) to work on /home/airflow/.local/lib/python3.8/site-packages/airflow/example_dags/example_setup_teardown.py
[2026-02-02T14:23:53.225+0000] {processor.py:830} INFO - Processing file /home/airflow/.local/lib/python3.8/site-packages/airflow/example_dags/example_setup_teardown.py for tasks to queue
[2026-02-02T14:23:53.230+0000] {logging_mixin.py:188} INFO - [2026-02-02T14:23:53.230+0000] {dagbag.py:538} INFO - Filling up the DagBag from /home/airflow/.local/lib/python3.8/site-packages/airflow/example_dags/example_setup_teardown.py
[2026-02-02T14:23:53.254+0000] {processor.py:840} INFO - DAG(s) 'example_setup_teardown' retrieved from /home/airflow/.local/lib/python3.8/site-packages/airflow/example_dags/example_setup_teardown.py
[2026-02-02T14:23:53.343+0000] {logging_mixin.py:188} INFO - [2026-02-02T14:23:53.343+0000] {dag.py:3036} INFO - Sync 1 DAGs
[2026-02-02T14:23:53.443+0000] {logging_mixin.py:188} INFO - [2026-02-02T14:23:53.442+0000] {dag.py:3823} INFO - Setting next_dagrun for example_setup_teardown to 2026-02-01 00:00:00+00:00, run_after=2026-02-02 00:00:00+00:00
[2026-02-02T14:23:53.498+0000] {processor.py:183} INFO - Processing /home/airflow/.local/lib/python3.8/site-packages/airflow/example_dags/example_setup_teardown.py took 0.287 seconds
[2026-02-02T14:24:23.779+0000] {processor.py:161} INFO - Started process (PID=504) to work on /home/airflow/.local/lib/python3.8/site-packages/airflow/example_dags/example_setup_teardown.py
[2026-02-02T14:24:23.779+0000] {processor.py:830} INFO - Processing file /home/airflow/.local/lib/python3.8/site-packages/airflow/example_dags/example_setup_teardown.py for tasks to queue
[2026-02-02T14:24:23.781+0000] {logging_mixin.py:188} INFO - [2026-02-02T14:24:23.781+0000] {dagbag.py:538} INFO - Filling up the DagBag from /home/airflow/.local/lib/python3.8/site-packages/airflow/example_dags/example_setup_teardown.py
[2026-02-02T14:24:23.787+0000] {processor.py:840} INFO - DAG(s) 'example_setup_teardown' retrieved from /home/airflow/.local/lib/python3.8/site-packages/airflow/example_dags/example_setup_teardown.py
[2026-02-02T14:24:23.803+0000] {logging_mixin.py:188} INFO - [2026-02-02T14:24:23.803+0000] {dag.py:3036} INFO - Sync 1 DAGs
[2026-02-02T14:24:23.820+0000] {logging_mixin.py:188} INFO - [2026-02-02T14:24:23.820+0000] {dag.py:3823} INFO - Setting next_dagrun for example_setup_teardown to 2026-02-01 00:00:00+00:00, run_after=2026-02-02 00:00:00+00:00
[2026-02-02T14:24:23.838+0000] {processor.py:183} INFO - Processing /home/airflow/.local/lib/python3.8/site-packages/airflow/example_dags/example_setup_teardown.py took 0.062 seconds
[2026-02-02T14:24:54.092+0000] {processor.py:161} INFO - Started process (PID=560) to work on /home/airflow/.local/lib/python3.8/site-packages/airflow/example_dags/example_setup_teardown.py
[2026-02-02T14:24:54.093+0000] {processor.py:830} INFO - Processing file /home/airflow/.local/lib/python3.8/site-packages/airflow/example_dags/example_setup_teardown.py for tasks to queue
[2026-02-02T14:24:54.094+0000] {logging_mixin.py:188} INFO - [2026-02-02T14:24:54.094+0000] {dagbag.py:538} INFO - Filling up the DagBag from /home/airflow/.local/lib/python3.8/site-packages/airflow/example_dags/example_setup_teardown.py
[2026-02-02T14:24:54.099+0000] {processor.py:840} INFO - DAG(s) 'example_setup_teardown' retrieved from /home/airflow/.local/lib/python3.8/site-packages/airflow/example_dags/example_setup_teardown.py
[2026-02-02T14:24:54.120+0000] {logging_mixin.py:188} INFO - [2026-02-02T14:24:54.120+0000] {dag.py:3036} INFO - Sync 1 DAGs
[2026-02-02T14:24:54.139+0000] {logging_mixin.py:188} INFO - [2026-02-02T14:24:54.138+0000] {dag.py:3823} INFO - Setting next_dagrun for example_setup_teardown to 2026-02-01 00:00:00+00:00, run_after=2026-02-02 00:00:00+00:00
[2026-02-02T14:24:54.152+0000] {processor.py:183} INFO - Processing /home/airflow/.local/lib/python3.8/site-packages/airflow/example_dags/example_setup_teardown.py took 0.062 seconds
[2026-02-02T14:25:24.320+0000] {processor.py:161} INFO - Started process (PID=615) to work on /home/airflow/.local/lib/python3.8/site-packages/airflow/example_dags/example_setup_teardown.py
[2026-02-02T14:25:24.321+0000] {processor.py:830} INFO - Processing file /home/airflow/.local/lib/python3.8/site-packages/airflow/example_dags/example_setup_teardown.py for tasks to queue
[2026-02-02T14:25:24.322+0000] {logging_mixin.py:188} INFO - [2026-02-02T14:25:24.322+0000] {dagbag.py:538} INFO - Filling up the DagBag from /home/airflow/.local/lib/python3.8/site-packages/airflow/example_dags/example_setup_teardown.py
[2026-02-02T14:25:24.327+0000] {processor.py:840} INFO - DAG(s) 'example_setup_teardown' retrieved from /home/airflow/.local/lib/python3.8/site-packages/airflow/example_dags/example_setup_teardown.py
[2026-02-02T14:25:24.343+0000] {logging_mixin.py:188} INFO - [2026-02-02T14:25:24.343+0000] {dag.py:3036} INFO - Sync 1 DAGs
[2026-02-02T14:25:24.360+0000] {logging_mixin.py:188} INFO - [2026-02-02T14:25:24.360+0000] {dag.py:3823} INFO - Setting next_dagrun for example_setup_teardown to 2026-02-01 00:00:00+00:00, run_after=2026-02-02 00:00:00+00:00
[2026-02-02T14:25:24.373+0000] {processor.py:183} INFO - Processing /home/airflow/.local/lib/python3.8/site-packages/airflow/example_dags/example_setup_teardown.py took 0.056 seconds
[2026-02-02T14:25:54.638+0000] {processor.py:161} INFO - Started process (PID=670) to work on /home/airflow/.local/lib/python3.8/site-packages/airflow/example_dags/example_setup_teardown.py
[2026-02-02T14:25:54.639+0000] {processor.py:830} INFO - Processing file /home/airflow/.local/lib/python3.8/site-packages/airflow/example_dags/example_setup_teardown.py for tasks to queue
[2026-02-02T14:25:54.640+0000] {logging_mixin.py:188} INFO - [2026-02-02T14:25:54.640+0000] {dagbag.py:538} INFO - Filling up the DagBag from /home/airflow/.local/lib/python3.8/site-packages/airflow/example_dags/example_setup_teardown.py
[2026-02-02T14:25:54.646+0000] {processor.py:840} INFO - DAG(s) 'example_setup_teardown' retrieved from /home/airflow/.local/lib/python3.8/site-packages/airflow/example_dags/example_setup_teardown.py
[2026-02-02T14:25:54.663+0000] {logging_mixin.py:188} INFO - [2026-02-02T14:25:54.662+0000] {dag.py:3036} INFO - Sync 1 DAGs
[2026-02-02T14:25:54.680+0000] {logging_mixin.py:188} INFO - [2026-02-02T14:25:54.680+0000] {dag.py:3823} INFO - Setting next_dagrun for example_setup_teardown to 2026-02-01 00:00:00+00:00, run_after=2026-02-02 00:00:00+00:00
[2026-02-02T14:25:54.694+0000] {processor.py:183} INFO - Processing /home/airflow/.local/lib/python3.8/site-packages/airflow/example_dags/example_setup_teardown.py took 0.059 seconds
[2026-02-02T14:26:24.875+0000] {processor.py:161} INFO - Started process (PID=725) to work on /home/airflow/.local/lib/python3.8/site-packages/airflow/example_dags/example_setup_teardown.py
[2026-02-02T14:26:24.875+0000] {processor.py:830} INFO - Processing file /home/airflow/.local/lib/python3.8/site-packages/airflow/example_dags/example_setup_teardown.py for tasks to queue
[2026-02-02T14:26:24.877+0000] {logging_mixin.py:188} INFO - [2026-02-02T14:26:24.877+0000] {dagbag.py:538} INFO - Filling up the DagBag from /home/airflow/.local/lib/python3.8/site-packages/airflow/example_dags/example_setup_teardown.py
[2026-02-02T14:26:24.882+0000] {processor.py:840} INFO - DAG(s) 'example_setup_teardown' retrieved from /home/airflow/.local/lib/python3.8/site-packages/airflow/example_dags/example_setup_teardown.py
[2026-02-02T14:26:24.898+0000] {logging_mixin.py:188} INFO - [2026-02-02T14:26:24.898+0000] {dag.py:3036} INFO - Sync 1 DAGs
[2026-02-02T14:26:24.915+0000] {logging_mixin.py:188} INFO - [2026-02-02T14:26:24.915+0000] {dag.py:3823} INFO - Setting next_dagrun for example_setup_teardown to 2026-02-01 00:00:00+00:00, run_after=2026-02-02 00:00:00+00:00
[2026-02-02T14:26:24.931+0000] {processor.py:183} INFO - Processing /home/airflow/.local/lib/python3.8/site-packages/airflow/example_dags/example_setup_teardown.py took 0.059 seconds
[2026-02-02T14:26:55.427+0000] {processor.py:161} INFO - Started process (PID=780) to work on /home/airflow/.local/lib/python3.8/site-packages/airflow/example_dags/example_setup_teardown.py
[2026-02-02T14:26:55.428+0000] {processor.py:830} INFO - Processing file /home/airflow/.local/lib/python3.8/site-packages/airflow/example_dags/example_setup_teardown.py for tasks to queue
[2026-02-02T14:26:55.429+0000] {logging_mixin.py:188} INFO - [2026-02-02T14:26:55.429+0000] {dagbag.py:538} INFO - Filling up the DagBag from /home/airflow/.local/lib/python3.8/site-packages/airflow/example_dags/example_setup_teardown.py
[2026-02-02T14:26:55.434+0000] {processor.py:840} INFO - DAG(s) 'example_setup_teardown' retrieved from /home/airflow/.local/lib/python3.8/site-packages/airflow/example_dags/example_setup_teardown.py
[2026-02-02T14:26:55.451+0000] {logging_mixin.py:188} INFO - [2026-02-02T14:26:55.450+0000] {dag.py:3036} INFO - Sync 1 DAGs
[2026-02-02T14:26:55.467+0000] {logging_mixin.py:188} INFO - [2026-02-02T14:26:55.467+0000] {dag.py:3823} INFO - Setting next_dagrun for example_setup_teardown to 2026-02-01 00:00:00+00:00, run_after=2026-02-02 00:00:00+00:00
[2026-02-02T14:26:55.481+0000] {processor.py:183} INFO - Processing /home/airflow/.local/lib/python3.8/site-packages/airflow/example_dags/example_setup_teardown.py took 0.056 seconds
[2026-02-02T14:27:25.817+0000] {processor.py:161} INFO - Started process (PID=835) to work on /home/airflow/.local/lib/python3.8/site-packages/airflow/example_dags/example_setup_teardown.py
[2026-02-02T14:27:25.818+0000] {processor.py:830} INFO - Processing file /home/airflow/.local/lib/python3.8/site-packages/airflow/example_dags/example_setup_teardown.py for tasks to queue
[2026-02-02T14:27:25.819+0000] {logging_mixin.py:188} INFO - [2026-02-02T14:27:25.819+0000] {dagbag.py:538} INFO - Filling up the DagBag from /home/airflow/.local/lib/python3.8/site-packages/airflow/example_dags/example_setup_teardown.py
[2026-02-02T14:27:25.824+0000] {processor.py:840} INFO - DAG(s) 'example_setup_teardown' retrieved from /home/airflow/.local/lib/python3.8/site-packages/airflow/example_dags/example_setup_teardown.py
[2026-02-02T14:27:25.841+0000] {logging_mixin.py:188} INFO - [2026-02-02T14:27:25.841+0000] {dag.py:3036} INFO - Sync 1 DAGs
[2026-02-02T14:27:25.858+0000] {logging_mixin.py:188} INFO - [2026-02-02T14:27:25.858+0000] {dag.py:3823} INFO - Setting next_dagrun for example_setup_teardown to 2026-02-01 00:00:00+00:00, run_after=2026-02-02 00:00:00+00:00
[2026-02-02T14:27:25.873+0000] {processor.py:183} INFO - Processing /home/airflow/.local/lib/python3.8/site-packages/airflow/example_dags/example_setup_teardown.py took 0.058 seconds
[2026-02-02T14:27:56.531+0000] {processor.py:161} INFO - Started process (PID=890) to work on /home/airflow/.local/lib/python3.8/site-packages/airflow/example_dags/example_setup_teardown.py
[2026-02-02T14:27:56.531+0000] {processor.py:830} INFO - Processing file /home/airflow/.local/lib/python3.8/site-packages/airflow/example_dags/example_setup_teardown.py for tasks to queue
[2026-02-02T14:27:56.533+0000] {logging_mixin.py:188} INFO - [2026-02-02T14:27:56.533+0000] {dagbag.py:538} INFO - Filling up the DagBag from /home/airflow/.local/lib/python3.8/site-packages/airflow/example_dags/example_setup_teardown.py
[2026-02-02T14:27:56.540+0000] {processor.py:840} INFO - DAG(s) 'example_setup_teardown' retrieved from /home/airflow/.local/lib/python3.8/site-packages/airflow/example_dags/example_setup_teardown.py
[2026-02-02T14:27:56.568+0000] {logging_mixin.py:188} INFO - [2026-02-02T14:27:56.568+0000] {dag.py:3036} INFO - Sync 1 DAGs
[2026-02-02T14:27:56.597+0000] {logging_mixin.py:188} INFO - [2026-02-02T14:27:56.597+0000] {dag.py:3823} INFO - Setting next_dagrun for example_setup_teardown to 2026-02-01 00:00:00+00:00, run_after=2026-02-02 00:00:00+00:00
[2026-02-02T14:27:56.620+0000] {processor.py:183} INFO - Processing /home/airflow/.local/lib/python3.8/site-packages/airflow/example_dags/example_setup_teardown.py took 0.092 seconds
[2026-02-02T14:28:27.231+0000] {processor.py:161} INFO - Started process (PID=951) to work on /home/airflow/.local/lib/python3.8/site-packages/airflow/example_dags/example_setup_teardown.py
[2026-02-02T14:28:27.232+0000] {processor.py:830} INFO - Processing file /home/airflow/.local/lib/python3.8/site-packages/airflow/example_dags/example_setup_teardown.py for tasks to queue
[2026-02-02T14:28:27.234+0000] {logging_mixin.py:188} INFO - [2026-02-02T14:28:27.233+0000] {dagbag.py:538} INFO - Filling up the DagBag from /home/airflow/.local/lib/python3.8/site-packages/airflow/example_dags/example_setup_teardown.py
[2026-02-02T14:28:27.240+0000] {processor.py:840} INFO - DAG(s) 'example_setup_teardown' retrieved from /home/airflow/.local/lib/python3.8/site-packages/airflow/example_dags/example_setup_teardown.py
[2026-02-02T14:28:27.261+0000] {logging_mixin.py:188} INFO - [2026-02-02T14:28:27.260+0000] {dag.py:3036} INFO - Sync 1 DAGs
[2026-02-02T14:28:27.278+0000] {logging_mixin.py:188} INFO - [2026-02-02T14:28:27.278+0000] {dag.py:3823} INFO - Setting next_dagrun for example_setup_teardown to 2026-02-01 00:00:00+00:00, run_after=2026-02-02 00:00:00+00:00
[2026-02-02T14:28:27.294+0000] {processor.py:183} INFO - Processing /home/airflow/.local/lib/python3.8/site-packages/airflow/example_dags/example_setup_teardown.py took 0.065 seconds
[2026-02-02T14:28:57.609+0000] {processor.py:161} INFO - Started process (PID=1006) to work on /home/airflow/.local/lib/python3.8/site-packages/airflow/example_dags/example_setup_teardown.py
[2026-02-02T14:28:57.610+0000] {processor.py:830} INFO - Processing file /home/airflow/.local/lib/python3.8/site-packages/airflow/example_dags/example_setup_teardown.py for tasks to queue
[2026-02-02T14:28:57.611+0000] {logging_mixin.py:188} INFO - [2026-02-02T14:28:57.611+0000] {dagbag.py:538} INFO - Filling up the DagBag from /home/airflow/.local/lib/python3.8/site-packages/airflow/example_dags/example_setup_teardown.py
[2026-02-02T14:28:57.616+0000] {processor.py:840} INFO - DAG(s) 'example_setup_teardown' retrieved from /home/airflow/.local/lib/python3.8/site-packages/airflow/example_dags/example_setup_teardown.py
[2026-02-02T14:28:57.632+0000] {logging_mixin.py:188} INFO - [2026-02-02T14:28:57.632+0000] {dag.py:3036} INFO - Sync 1 DAGs
[2026-02-02T14:28:57.649+0000] {logging_mixin.py:188} INFO - [2026-02-02T14:28:57.648+0000] {dag.py:3823} INFO - Setting next_dagrun for example_setup_teardown to 2026-02-01 00:00:00+00:00, run_after=2026-02-02 00:00:00+00:00
[2026-02-02T14:28:57.664+0000] {processor.py:183} INFO - Processing /home/airflow/.local/lib/python3.8/site-packages/airflow/example_dags/example_setup_teardown.py took 0.057 seconds
[2026-02-02T14:29:27.714+0000] {processor.py:161} INFO - Started process (PID=1059) to work on /home/airflow/.local/lib/python3.8/site-packages/airflow/example_dags/example_setup_teardown.py
[2026-02-02T14:29:27.716+0000] {processor.py:830} INFO - Processing file /home/airflow/.local/lib/python3.8/site-packages/airflow/example_dags/example_setup_teardown.py for tasks to queue
[2026-02-02T14:29:27.718+0000] {logging_mixin.py:188} INFO - [2026-02-02T14:29:27.718+0000] {dagbag.py:538} INFO - Filling up the DagBag from /home/airflow/.local/lib/python3.8/site-packages/airflow/example_dags/example_setup_teardown.py
[2026-02-02T14:29:27.725+0000] {processor.py:840} INFO - DAG(s) 'example_setup_teardown' retrieved from /home/airflow/.local/lib/python3.8/site-packages/airflow/example_dags/example_setup_teardown.py
[2026-02-02T14:29:27.747+0000] {logging_mixin.py:188} INFO - [2026-02-02T14:29:27.747+0000] {dag.py:3036} INFO - Sync 1 DAGs
[2026-02-02T14:29:27.772+0000] {logging_mixin.py:188} INFO - [2026-02-02T14:29:27.771+0000] {dag.py:3823} INFO - Setting next_dagrun for example_setup_teardown to 2026-02-01 00:00:00+00:00, run_after=2026-02-02 00:00:00+00:00
[2026-02-02T14:29:27.790+0000] {processor.py:183} INFO - Processing /home/airflow/.local/lib/python3.8/site-packages/airflow/example_dags/example_setup_teardown.py took 0.081 seconds
[2026-02-02T14:29:58.708+0000] {processor.py:161} INFO - Started process (PID=1114) to work on /home/airflow/.local/lib/python3.8/site-packages/airflow/example_dags/example_setup_teardown.py
[2026-02-02T14:29:58.712+0000] {processor.py:830} INFO - Processing file /home/airflow/.local/lib/python3.8/site-packages/airflow/example_dags/example_setup_teardown.py for tasks to queue
[2026-02-02T14:29:58.717+0000] {logging_mixin.py:188} INFO - [2026-02-02T14:29:58.716+0000] {dagbag.py:538} INFO - Filling up the DagBag from /home/airflow/.local/lib/python3.8/site-packages/airflow/example_dags/example_setup_teardown.py
[2026-02-02T14:29:58.725+0000] {processor.py:840} INFO - DAG(s) 'example_setup_teardown' retrieved from /home/airflow/.local/lib/python3.8/site-packages/airflow/example_dags/example_setup_teardown.py
[2026-02-02T14:29:58.770+0000] {logging_mixin.py:188} INFO - [2026-02-02T14:29:58.769+0000] {dag.py:3036} INFO - Sync 1 DAGs
[2026-02-02T14:29:58.822+0000] {logging_mixin.py:188} INFO - [2026-02-02T14:29:58.822+0000] {dag.py:3823} INFO - Setting next_dagrun for example_setup_teardown to 2026-02-01 00:00:00+00:00, run_after=2026-02-02 00:00:00+00:00
[2026-02-02T14:29:58.849+0000] {processor.py:183} INFO - Processing /home/airflow/.local/lib/python3.8/site-packages/airflow/example_dags/example_setup_teardown.py took 0.149 seconds
[2026-02-02T14:30:29.258+0000] {processor.py:161} INFO - Started process (PID=1169) to work on /home/airflow/.local/lib/python3.8/site-packages/airflow/example_dags/example_setup_teardown.py
[2026-02-02T14:30:29.259+0000] {processor.py:830} INFO - Processing file /home/airflow/.local/lib/python3.8/site-packages/airflow/example_dags/example_setup_teardown.py for tasks to queue
[2026-02-02T14:30:29.270+0000] {logging_mixin.py:188} INFO - [2026-02-02T14:30:29.268+0000] {dagbag.py:538} INFO - Filling up the DagBag from /home/airflow/.local/lib/python3.8/site-packages/airflow/example_dags/example_setup_teardown.py
[2026-02-02T14:30:29.284+0000] {processor.py:840} INFO - DAG(s) 'example_setup_teardown' retrieved from /home/airflow/.local/lib/python3.8/site-packages/airflow/example_dags/example_setup_teardown.py
[2026-02-02T14:30:29.329+0000] {logging_mixin.py:188} INFO - [2026-02-02T14:30:29.329+0000] {dag.py:3036} INFO - Sync 1 DAGs
[2026-02-02T14:30:29.368+0000] {logging_mixin.py:188} INFO - [2026-02-02T14:30:29.368+0000] {dag.py:3823} INFO - Setting next_dagrun for example_setup_teardown to 2026-02-01 00:00:00+00:00, run_after=2026-02-02 00:00:00+00:00
[2026-02-02T14:30:29.407+0000] {processor.py:183} INFO - Processing /home/airflow/.local/lib/python3.8/site-packages/airflow/example_dags/example_setup_teardown.py took 0.162 seconds
[2026-02-02T14:30:59.884+0000] {processor.py:161} INFO - Started process (PID=1224) to work on /home/airflow/.local/lib/python3.8/site-packages/airflow/example_dags/example_setup_teardown.py
[2026-02-02T14:30:59.890+0000] {processor.py:830} INFO - Processing file /home/airflow/.local/lib/python3.8/site-packages/airflow/example_dags/example_setup_teardown.py for tasks to queue
[2026-02-02T14:30:59.894+0000] {logging_mixin.py:188} INFO - [2026-02-02T14:30:59.893+0000] {dagbag.py:538} INFO - Filling up the DagBag from /home/airflow/.local/lib/python3.8/site-packages/airflow/example_dags/example_setup_teardown.py
[2026-02-02T14:30:59.907+0000] {processor.py:840} INFO - DAG(s) 'example_setup_teardown' retrieved from /home/airflow/.local/lib/python3.8/site-packages/airflow/example_dags/example_setup_teardown.py
[2026-02-02T14:30:59.967+0000] {logging_mixin.py:188} INFO - [2026-02-02T14:30:59.967+0000] {dag.py:3036} INFO - Sync 1 DAGs
[2026-02-02T14:31:00.018+0000] {logging_mixin.py:188} INFO - [2026-02-02T14:31:00.018+0000] {dag.py:3823} INFO - Setting next_dagrun for example_setup_teardown to 2026-02-01 00:00:00+00:00, run_after=2026-02-02 00:00:00+00:00
[2026-02-02T14:31:00.037+0000] {processor.py:183} INFO - Processing /home/airflow/.local/lib/python3.8/site-packages/airflow/example_dags/example_setup_teardown.py took 0.160 seconds
[2026-02-02T14:31:30.386+0000] {processor.py:161} INFO - Started process (PID=1279) to work on /home/airflow/.local/lib/python3.8/site-packages/airflow/example_dags/example_setup_teardown.py
[2026-02-02T14:31:30.388+0000] {processor.py:830} INFO - Processing file /home/airflow/.local/lib/python3.8/site-packages/airflow/example_dags/example_setup_teardown.py for tasks to queue
[2026-02-02T14:31:30.390+0000] {logging_mixin.py:188} INFO - [2026-02-02T14:31:30.390+0000] {dagbag.py:538} INFO - Filling up the DagBag from /home/airflow/.local/lib/python3.8/site-packages/airflow/example_dags/example_setup_teardown.py
[2026-02-02T14:31:30.398+0000] {processor.py:840} INFO - DAG(s) 'example_setup_teardown' retrieved from /home/airflow/.local/lib/python3.8/site-packages/airflow/example_dags/example_setup_teardown.py
[2026-02-02T14:31:30.420+0000] {logging_mixin.py:188} INFO - [2026-02-02T14:31:30.419+0000] {dag.py:3036} INFO - Sync 1 DAGs
[2026-02-02T14:31:30.445+0000] {logging_mixin.py:188} INFO - [2026-02-02T14:31:30.445+0000] {dag.py:3823} INFO - Setting next_dagrun for example_setup_teardown to 2026-02-01 00:00:00+00:00, run_after=2026-02-02 00:00:00+00:00
[2026-02-02T14:31:30.464+0000] {processor.py:183} INFO - Processing /home/airflow/.local/lib/python3.8/site-packages/airflow/example_dags/example_setup_teardown.py took 0.084 seconds
[2026-02-02T14:32:01.267+0000] {processor.py:161} INFO - Started process (PID=1334) to work on /home/airflow/.local/lib/python3.8/site-packages/airflow/example_dags/example_setup_teardown.py
[2026-02-02T14:32:01.269+0000] {processor.py:830} INFO - Processing file /home/airflow/.local/lib/python3.8/site-packages/airflow/example_dags/example_setup_teardown.py for tasks to queue
[2026-02-02T14:32:01.271+0000] {logging_mixin.py:188} INFO - [2026-02-02T14:32:01.270+0000] {dagbag.py:538} INFO - Filling up the DagBag from /home/airflow/.local/lib/python3.8/site-packages/airflow/example_dags/example_setup_teardown.py
[2026-02-02T14:32:01.278+0000] {processor.py:840} INFO - DAG(s) 'example_setup_teardown' retrieved from /home/airflow/.local/lib/python3.8/site-packages/airflow/example_dags/example_setup_teardown.py
[2026-02-02T14:32:01.300+0000] {logging_mixin.py:188} INFO - [2026-02-02T14:32:01.300+0000] {dag.py:3036} INFO - Sync 1 DAGs
[2026-02-02T14:32:01.325+0000] {logging_mixin.py:188} INFO - [2026-02-02T14:32:01.324+0000] {dag.py:3823} INFO - Setting next_dagrun for example_setup_teardown to 2026-02-01 00:00:00+00:00, run_after=2026-02-02 00:00:00+00:00
[2026-02-02T14:32:01.345+0000] {processor.py:183} INFO - Processing /home/airflow/.local/lib/python3.8/site-packages/airflow/example_dags/example_setup_teardown.py took 0.085 seconds
[2026-02-02T14:32:31.863+0000] {processor.py:161} INFO - Started process (PID=1389) to work on /home/airflow/.local/lib/python3.8/site-packages/airflow/example_dags/example_setup_teardown.py
[2026-02-02T14:32:31.865+0000] {processor.py:830} INFO - Processing file /home/airflow/.local/lib/python3.8/site-packages/airflow/example_dags/example_setup_teardown.py for tasks to queue
[2026-02-02T14:32:31.868+0000] {logging_mixin.py:188} INFO - [2026-02-02T14:32:31.868+0000] {dagbag.py:538} INFO - Filling up the DagBag from /home/airflow/.local/lib/python3.8/site-packages/airflow/example_dags/example_setup_teardown.py
[2026-02-02T14:32:31.876+0000] {processor.py:840} INFO - DAG(s) 'example_setup_teardown' retrieved from /home/airflow/.local/lib/python3.8/site-packages/airflow/example_dags/example_setup_teardown.py
[2026-02-02T14:32:31.898+0000] {logging_mixin.py:188} INFO - [2026-02-02T14:32:31.898+0000] {dag.py:3036} INFO - Sync 1 DAGs
[2026-02-02T14:32:31.923+0000] {logging_mixin.py:188} INFO - [2026-02-02T14:32:31.923+0000] {dag.py:3823} INFO - Setting next_dagrun for example_setup_teardown to 2026-02-01 00:00:00+00:00, run_after=2026-02-02 00:00:00+00:00
[2026-02-02T14:32:31.942+0000] {processor.py:183} INFO - Processing /home/airflow/.local/lib/python3.8/site-packages/airflow/example_dags/example_setup_teardown.py took 0.084 seconds
[2026-02-02T14:33:02.334+0000] {processor.py:161} INFO - Started process (PID=1444) to work on /home/airflow/.local/lib/python3.8/site-packages/airflow/example_dags/example_setup_teardown.py
[2026-02-02T14:33:02.335+0000] {processor.py:830} INFO - Processing file /home/airflow/.local/lib/python3.8/site-packages/airflow/example_dags/example_setup_teardown.py for tasks to queue
[2026-02-02T14:33:02.340+0000] {logging_mixin.py:188} INFO - [2026-02-02T14:33:02.338+0000] {dagbag.py:538} INFO - Filling up the DagBag from /home/airflow/.local/lib/python3.8/site-packages/airflow/example_dags/example_setup_teardown.py
[2026-02-02T14:33:02.357+0000] {processor.py:840} INFO - DAG(s) 'example_setup_teardown' retrieved from /home/airflow/.local/lib/python3.8/site-packages/airflow/example_dags/example_setup_teardown.py
[2026-02-02T14:33:02.405+0000] {logging_mixin.py:188} INFO - [2026-02-02T14:33:02.404+0000] {dag.py:3036} INFO - Sync 1 DAGs
[2026-02-02T14:33:02.429+0000] {logging_mixin.py:188} INFO - [2026-02-02T14:33:02.429+0000] {dag.py:3823} INFO - Setting next_dagrun for example_setup_teardown to 2026-02-01 00:00:00+00:00, run_after=2026-02-02 00:00:00+00:00
[2026-02-02T14:33:02.443+0000] {processor.py:183} INFO - Processing /home/airflow/.local/lib/python3.8/site-packages/airflow/example_dags/example_setup_teardown.py took 0.121 seconds
[2026-02-02T14:33:32.484+0000] {processor.py:161} INFO - Started process (PID=1499) to work on /home/airflow/.local/lib/python3.8/site-packages/airflow/example_dags/example_setup_teardown.py
[2026-02-02T14:33:32.486+0000] {processor.py:830} INFO - Processing file /home/airflow/.local/lib/python3.8/site-packages/airflow/example_dags/example_setup_teardown.py for tasks to queue
[2026-02-02T14:33:32.488+0000] {logging_mixin.py:188} INFO - [2026-02-02T14:33:32.488+0000] {dagbag.py:538} INFO - Filling up the DagBag from /home/airflow/.local/lib/python3.8/site-packages/airflow/example_dags/example_setup_teardown.py
[2026-02-02T14:33:32.497+0000] {processor.py:840} INFO - DAG(s) 'example_setup_teardown' retrieved from /home/airflow/.local/lib/python3.8/site-packages/airflow/example_dags/example_setup_teardown.py
[2026-02-02T14:33:32.560+0000] {logging_mixin.py:188} INFO - [2026-02-02T14:33:32.560+0000] {dag.py:3036} INFO - Sync 1 DAGs
[2026-02-02T14:33:32.598+0000] {logging_mixin.py:188} INFO - [2026-02-02T14:33:32.597+0000] {dag.py:3823} INFO - Setting next_dagrun for example_setup_teardown to 2026-02-01 00:00:00+00:00, run_after=2026-02-02 00:00:00+00:00
[2026-02-02T14:33:32.611+0000] {processor.py:183} INFO - Processing /home/airflow/.local/lib/python3.8/site-packages/airflow/example_dags/example_setup_teardown.py took 0.133 seconds
[2026-02-02T14:34:02.765+0000] {processor.py:161} INFO - Started process (PID=1554) to work on /home/airflow/.local/lib/python3.8/site-packages/airflow/example_dags/example_setup_teardown.py
[2026-02-02T14:34:02.767+0000] {processor.py:830} INFO - Processing file /home/airflow/.local/lib/python3.8/site-packages/airflow/example_dags/example_setup_teardown.py for tasks to queue
[2026-02-02T14:34:02.769+0000] {logging_mixin.py:188} INFO - [2026-02-02T14:34:02.769+0000] {dagbag.py:538} INFO - Filling up the DagBag from /home/airflow/.local/lib/python3.8/site-packages/airflow/example_dags/example_setup_teardown.py
[2026-02-02T14:34:02.780+0000] {processor.py:840} INFO - DAG(s) 'example_setup_teardown' retrieved from /home/airflow/.local/lib/python3.8/site-packages/airflow/example_dags/example_setup_teardown.py
[2026-02-02T14:34:02.831+0000] {logging_mixin.py:188} INFO - [2026-02-02T14:34:02.831+0000] {dag.py:3036} INFO - Sync 1 DAGs
[2026-02-02T14:34:02.864+0000] {logging_mixin.py:188} INFO - [2026-02-02T14:34:02.863+0000] {dag.py:3823} INFO - Setting next_dagrun for example_setup_teardown to 2026-02-01 00:00:00+00:00, run_after=2026-02-02 00:00:00+00:00
[2026-02-02T14:34:02.880+0000] {processor.py:183} INFO - Processing /home/airflow/.local/lib/python3.8/site-packages/airflow/example_dags/example_setup_teardown.py took 0.123 seconds
[2026-02-02T14:34:33.336+0000] {processor.py:161} INFO - Started process (PID=1609) to work on /home/airflow/.local/lib/python3.8/site-packages/airflow/example_dags/example_setup_teardown.py
[2026-02-02T14:34:33.338+0000] {processor.py:830} INFO - Processing file /home/airflow/.local/lib/python3.8/site-packages/airflow/example_dags/example_setup_teardown.py for tasks to queue
[2026-02-02T14:34:33.340+0000] {logging_mixin.py:188} INFO - [2026-02-02T14:34:33.339+0000] {dagbag.py:538} INFO - Filling up the DagBag from /home/airflow/.local/lib/python3.8/site-packages/airflow/example_dags/example_setup_teardown.py
[2026-02-02T14:34:33.348+0000] {processor.py:840} INFO - DAG(s) 'example_setup_teardown' retrieved from /home/airflow/.local/lib/python3.8/site-packages/airflow/example_dags/example_setup_teardown.py
[2026-02-02T14:34:33.370+0000] {logging_mixin.py:188} INFO - [2026-02-02T14:34:33.370+0000] {dag.py:3036} INFO - Sync 1 DAGs
[2026-02-02T14:34:33.396+0000] {logging_mixin.py:188} INFO - [2026-02-02T14:34:33.396+0000] {dag.py:3823} INFO - Setting next_dagrun for example_setup_teardown to 2026-02-01 00:00:00+00:00, run_after=2026-02-02 00:00:00+00:00
[2026-02-02T14:34:33.417+0000] {processor.py:183} INFO - Processing /home/airflow/.local/lib/python3.8/site-packages/airflow/example_dags/example_setup_teardown.py took 0.088 seconds
[2026-02-02T14:35:03.505+0000] {processor.py:161} INFO - Started process (PID=1664) to work on /home/airflow/.local/lib/python3.8/site-packages/airflow/example_dags/example_setup_teardown.py
[2026-02-02T14:35:03.506+0000] {processor.py:830} INFO - Processing file /home/airflow/.local/lib/python3.8/site-packages/airflow/example_dags/example_setup_teardown.py for tasks to queue
[2026-02-02T14:35:03.508+0000] {logging_mixin.py:188} INFO - [2026-02-02T14:35:03.508+0000] {dagbag.py:538} INFO - Filling up the DagBag from /home/airflow/.local/lib/python3.8/site-packages/airflow/example_dags/example_setup_teardown.py
[2026-02-02T14:35:03.515+0000] {processor.py:840} INFO - DAG(s) 'example_setup_teardown' retrieved from /home/airflow/.local/lib/python3.8/site-packages/airflow/example_dags/example_setup_teardown.py
[2026-02-02T14:35:03.538+0000] {logging_mixin.py:188} INFO - [2026-02-02T14:35:03.537+0000] {dag.py:3036} INFO - Sync 1 DAGs
[2026-02-02T14:35:03.564+0000] {logging_mixin.py:188} INFO - [2026-02-02T14:35:03.564+0000] {dag.py:3823} INFO - Setting next_dagrun for example_setup_teardown to 2026-02-01 00:00:00+00:00, run_after=2026-02-02 00:00:00+00:00
[2026-02-02T14:35:03.585+0000] {processor.py:183} INFO - Processing /home/airflow/.local/lib/python3.8/site-packages/airflow/example_dags/example_setup_teardown.py took 0.086 seconds
[2026-02-02T14:35:34.105+0000] {processor.py:161} INFO - Started process (PID=1719) to work on /home/airflow/.local/lib/python3.8/site-packages/airflow/example_dags/example_setup_teardown.py
[2026-02-02T14:35:34.107+0000] {processor.py:830} INFO - Processing file /home/airflow/.local/lib/python3.8/site-packages/airflow/example_dags/example_setup_teardown.py for tasks to queue
[2026-02-02T14:35:34.110+0000] {logging_mixin.py:188} INFO - [2026-02-02T14:35:34.109+0000] {dagbag.py:538} INFO - Filling up the DagBag from /home/airflow/.local/lib/python3.8/site-packages/airflow/example_dags/example_setup_teardown.py
[2026-02-02T14:35:34.117+0000] {processor.py:840} INFO - DAG(s) 'example_setup_teardown' retrieved from /home/airflow/.local/lib/python3.8/site-packages/airflow/example_dags/example_setup_teardown.py
[2026-02-02T14:35:34.140+0000] {logging_mixin.py:188} INFO - [2026-02-02T14:35:34.139+0000] {dag.py:3036} INFO - Sync 1 DAGs
[2026-02-02T14:35:34.164+0000] {logging_mixin.py:188} INFO - [2026-02-02T14:35:34.164+0000] {dag.py:3823} INFO - Setting next_dagrun for example_setup_teardown to 2026-02-01 00:00:00+00:00, run_after=2026-02-02 00:00:00+00:00
[2026-02-02T14:35:34.184+0000] {processor.py:183} INFO - Processing /home/airflow/.local/lib/python3.8/site-packages/airflow/example_dags/example_setup_teardown.py took 0.083 seconds
[2026-02-02T14:36:05.055+0000] {processor.py:161} INFO - Started process (PID=1774) to work on /home/airflow/.local/lib/python3.8/site-packages/airflow/example_dags/example_setup_teardown.py
[2026-02-02T14:36:05.056+0000] {processor.py:830} INFO - Processing file /home/airflow/.local/lib/python3.8/site-packages/airflow/example_dags/example_setup_teardown.py for tasks to queue
[2026-02-02T14:36:05.058+0000] {logging_mixin.py:188} INFO - [2026-02-02T14:36:05.058+0000] {dagbag.py:538} INFO - Filling up the DagBag from /home/airflow/.local/lib/python3.8/site-packages/airflow/example_dags/example_setup_teardown.py
[2026-02-02T14:36:05.065+0000] {processor.py:840} INFO - DAG(s) 'example_setup_teardown' retrieved from /home/airflow/.local/lib/python3.8/site-packages/airflow/example_dags/example_setup_teardown.py
[2026-02-02T14:36:05.088+0000] {logging_mixin.py:188} INFO - [2026-02-02T14:36:05.088+0000] {dag.py:3036} INFO - Sync 1 DAGs
[2026-02-02T14:36:05.114+0000] {logging_mixin.py:188} INFO - [2026-02-02T14:36:05.114+0000] {dag.py:3823} INFO - Setting next_dagrun for example_setup_teardown to 2026-02-01 00:00:00+00:00, run_after=2026-02-02 00:00:00+00:00
[2026-02-02T14:36:05.134+0000] {processor.py:183} INFO - Processing /home/airflow/.local/lib/python3.8/site-packages/airflow/example_dags/example_setup_teardown.py took 0.086 seconds
[2026-02-02T14:36:35.519+0000] {processor.py:161} INFO - Started process (PID=1829) to work on /home/airflow/.local/lib/python3.8/site-packages/airflow/example_dags/example_setup_teardown.py
[2026-02-02T14:36:35.520+0000] {processor.py:830} INFO - Processing file /home/airflow/.local/lib/python3.8/site-packages/airflow/example_dags/example_setup_teardown.py for tasks to queue
[2026-02-02T14:36:35.522+0000] {logging_mixin.py:188} INFO - [2026-02-02T14:36:35.522+0000] {dagbag.py:538} INFO - Filling up the DagBag from /home/airflow/.local/lib/python3.8/site-packages/airflow/example_dags/example_setup_teardown.py
[2026-02-02T14:36:35.530+0000] {processor.py:840} INFO - DAG(s) 'example_setup_teardown' retrieved from /home/airflow/.local/lib/python3.8/site-packages/airflow/example_dags/example_setup_teardown.py
[2026-02-02T14:36:35.552+0000] {logging_mixin.py:188} INFO - [2026-02-02T14:36:35.552+0000] {dag.py:3036} INFO - Sync 1 DAGs
[2026-02-02T14:36:35.578+0000] {logging_mixin.py:188} INFO - [2026-02-02T14:36:35.577+0000] {dag.py:3823} INFO - Setting next_dagrun for example_setup_teardown to 2026-02-01 00:00:00+00:00, run_after=2026-02-02 00:00:00+00:00
[2026-02-02T14:36:35.597+0000] {processor.py:183} INFO - Processing /home/airflow/.local/lib/python3.8/site-packages/airflow/example_dags/example_setup_teardown.py took 0.085 seconds
[2026-02-02T14:37:05.636+0000] {processor.py:161} INFO - Started process (PID=1884) to work on /home/airflow/.local/lib/python3.8/site-packages/airflow/example_dags/example_setup_teardown.py
[2026-02-02T14:37:05.640+0000] {processor.py:830} INFO - Processing file /home/airflow/.local/lib/python3.8/site-packages/airflow/example_dags/example_setup_teardown.py for tasks to queue
[2026-02-02T14:37:05.642+0000] {logging_mixin.py:188} INFO - [2026-02-02T14:37:05.642+0000] {dagbag.py:538} INFO - Filling up the DagBag from /home/airflow/.local/lib/python3.8/site-packages/airflow/example_dags/example_setup_teardown.py
[2026-02-02T14:37:05.649+0000] {processor.py:840} INFO - DAG(s) 'example_setup_teardown' retrieved from /home/airflow/.local/lib/python3.8/site-packages/airflow/example_dags/example_setup_teardown.py
[2026-02-02T14:37:05.671+0000] {logging_mixin.py:188} INFO - [2026-02-02T14:37:05.671+0000] {dag.py:3036} INFO - Sync 1 DAGs
[2026-02-02T14:37:05.695+0000] {logging_mixin.py:188} INFO - [2026-02-02T14:37:05.695+0000] {dag.py:3823} INFO - Setting next_dagrun for example_setup_teardown to 2026-02-01 00:00:00+00:00, run_after=2026-02-02 00:00:00+00:00
[2026-02-02T14:37:05.720+0000] {processor.py:183} INFO - Processing /home/airflow/.local/lib/python3.8/site-packages/airflow/example_dags/example_setup_teardown.py took 0.088 seconds
[2026-02-02T14:37:35.796+0000] {processor.py:161} INFO - Started process (PID=1939) to work on /home/airflow/.local/lib/python3.8/site-packages/airflow/example_dags/example_setup_teardown.py
[2026-02-02T14:37:35.801+0000] {processor.py:830} INFO - Processing file /home/airflow/.local/lib/python3.8/site-packages/airflow/example_dags/example_setup_teardown.py for tasks to queue
[2026-02-02T14:37:35.806+0000] {logging_mixin.py:188} INFO - [2026-02-02T14:37:35.806+0000] {dagbag.py:538} INFO - Filling up the DagBag from /home/airflow/.local/lib/python3.8/site-packages/airflow/example_dags/example_setup_teardown.py
[2026-02-02T14:37:35.831+0000] {processor.py:840} INFO - DAG(s) 'example_setup_teardown' retrieved from /home/airflow/.local/lib/python3.8/site-packages/airflow/example_dags/example_setup_teardown.py
[2026-02-02T14:37:35.895+0000] {logging_mixin.py:188} INFO - [2026-02-02T14:37:35.895+0000] {dag.py:3036} INFO - Sync 1 DAGs
[2026-02-02T14:37:35.948+0000] {logging_mixin.py:188} INFO - [2026-02-02T14:37:35.948+0000] {dag.py:3823} INFO - Setting next_dagrun for example_setup_teardown to 2026-02-01 00:00:00+00:00, run_after=2026-02-02 00:00:00+00:00
[2026-02-02T14:37:35.984+0000] {processor.py:183} INFO - Processing /home/airflow/.local/lib/python3.8/site-packages/airflow/example_dags/example_setup_teardown.py took 0.200 seconds
[2026-02-02T14:38:06.142+0000] {processor.py:161} INFO - Started process (PID=1993) to work on /home/airflow/.local/lib/python3.8/site-packages/airflow/example_dags/example_setup_teardown.py
[2026-02-02T14:38:06.143+0000] {processor.py:830} INFO - Processing file /home/airflow/.local/lib/python3.8/site-packages/airflow/example_dags/example_setup_teardown.py for tasks to queue
[2026-02-02T14:38:06.145+0000] {logging_mixin.py:188} INFO - [2026-02-02T14:38:06.145+0000] {dagbag.py:538} INFO - Filling up the DagBag from /home/airflow/.local/lib/python3.8/site-packages/airflow/example_dags/example_setup_teardown.py
[2026-02-02T14:38:06.157+0000] {processor.py:840} INFO - DAG(s) 'example_setup_teardown' retrieved from /home/airflow/.local/lib/python3.8/site-packages/airflow/example_dags/example_setup_teardown.py
[2026-02-02T14:38:06.207+0000] {logging_mixin.py:188} INFO - [2026-02-02T14:38:06.207+0000] {dag.py:3036} INFO - Sync 1 DAGs
[2026-02-02T14:38:06.253+0000] {logging_mixin.py:188} INFO - [2026-02-02T14:38:06.253+0000] {dag.py:3823} INFO - Setting next_dagrun for example_setup_teardown to 2026-02-01 00:00:00+00:00, run_after=2026-02-02 00:00:00+00:00
[2026-02-02T14:38:06.319+0000] {processor.py:183} INFO - Processing /home/airflow/.local/lib/python3.8/site-packages/airflow/example_dags/example_setup_teardown.py took 0.189 seconds
[2026-02-02T14:38:36.393+0000] {processor.py:161} INFO - Started process (PID=2048) to work on /home/airflow/.local/lib/python3.8/site-packages/airflow/example_dags/example_setup_teardown.py
[2026-02-02T14:38:36.393+0000] {processor.py:830} INFO - Processing file /home/airflow/.local/lib/python3.8/site-packages/airflow/example_dags/example_setup_teardown.py for tasks to queue
[2026-02-02T14:38:36.395+0000] {logging_mixin.py:188} INFO - [2026-02-02T14:38:36.395+0000] {dagbag.py:538} INFO - Filling up the DagBag from /home/airflow/.local/lib/python3.8/site-packages/airflow/example_dags/example_setup_teardown.py
[2026-02-02T14:38:36.401+0000] {processor.py:840} INFO - DAG(s) 'example_setup_teardown' retrieved from /home/airflow/.local/lib/python3.8/site-packages/airflow/example_dags/example_setup_teardown.py
[2026-02-02T14:38:36.418+0000] {logging_mixin.py:188} INFO - [2026-02-02T14:38:36.418+0000] {dag.py:3036} INFO - Sync 1 DAGs
[2026-02-02T14:38:36.436+0000] {logging_mixin.py:188} INFO - [2026-02-02T14:38:36.436+0000] {dag.py:3823} INFO - Setting next_dagrun for example_setup_teardown to 2026-02-01 00:00:00+00:00, run_after=2026-02-02 00:00:00+00:00
[2026-02-02T14:38:36.451+0000] {processor.py:183} INFO - Processing /home/airflow/.local/lib/python3.8/site-packages/airflow/example_dags/example_setup_teardown.py took 0.061 seconds
[2026-02-02T14:39:06.997+0000] {processor.py:161} INFO - Started process (PID=2103) to work on /home/airflow/.local/lib/python3.8/site-packages/airflow/example_dags/example_setup_teardown.py
[2026-02-02T14:39:07.002+0000] {processor.py:830} INFO - Processing file /home/airflow/.local/lib/python3.8/site-packages/airflow/example_dags/example_setup_teardown.py for tasks to queue
[2026-02-02T14:39:07.006+0000] {logging_mixin.py:188} INFO - [2026-02-02T14:39:07.006+0000] {dagbag.py:538} INFO - Filling up the DagBag from /home/airflow/.local/lib/python3.8/site-packages/airflow/example_dags/example_setup_teardown.py
[2026-02-02T14:39:07.033+0000] {processor.py:840} INFO - DAG(s) 'example_setup_teardown' retrieved from /home/airflow/.local/lib/python3.8/site-packages/airflow/example_dags/example_setup_teardown.py
[2026-02-02T14:39:07.084+0000] {logging_mixin.py:188} INFO - [2026-02-02T14:39:07.083+0000] {dag.py:3036} INFO - Sync 1 DAGs
[2026-02-02T14:39:07.118+0000] {logging_mixin.py:188} INFO - [2026-02-02T14:39:07.118+0000] {dag.py:3823} INFO - Setting next_dagrun for example_setup_teardown to 2026-02-01 00:00:00+00:00, run_after=2026-02-02 00:00:00+00:00
[2026-02-02T14:39:07.176+0000] {processor.py:183} INFO - Processing /home/airflow/.local/lib/python3.8/site-packages/airflow/example_dags/example_setup_teardown.py took 0.188 seconds
[2026-02-02T14:39:38.134+0000] {processor.py:161} INFO - Started process (PID=2158) to work on /home/airflow/.local/lib/python3.8/site-packages/airflow/example_dags/example_setup_teardown.py
[2026-02-02T14:39:38.135+0000] {processor.py:830} INFO - Processing file /home/airflow/.local/lib/python3.8/site-packages/airflow/example_dags/example_setup_teardown.py for tasks to queue
[2026-02-02T14:39:38.136+0000] {logging_mixin.py:188} INFO - [2026-02-02T14:39:38.136+0000] {dagbag.py:538} INFO - Filling up the DagBag from /home/airflow/.local/lib/python3.8/site-packages/airflow/example_dags/example_setup_teardown.py
[2026-02-02T14:39:38.141+0000] {processor.py:840} INFO - DAG(s) 'example_setup_teardown' retrieved from /home/airflow/.local/lib/python3.8/site-packages/airflow/example_dags/example_setup_teardown.py
[2026-02-02T14:39:38.159+0000] {logging_mixin.py:188} INFO - [2026-02-02T14:39:38.158+0000] {dag.py:3036} INFO - Sync 1 DAGs
[2026-02-02T14:39:38.176+0000] {logging_mixin.py:188} INFO - [2026-02-02T14:39:38.176+0000] {dag.py:3823} INFO - Setting next_dagrun for example_setup_teardown to 2026-02-01 00:00:00+00:00, run_after=2026-02-02 00:00:00+00:00
[2026-02-02T14:39:38.192+0000] {processor.py:183} INFO - Processing /home/airflow/.local/lib/python3.8/site-packages/airflow/example_dags/example_setup_teardown.py took 0.060 seconds
[2026-02-02T14:40:08.555+0000] {processor.py:161} INFO - Started process (PID=2212) to work on /home/airflow/.local/lib/python3.8/site-packages/airflow/example_dags/example_setup_teardown.py
[2026-02-02T14:40:08.556+0000] {processor.py:830} INFO - Processing file /home/airflow/.local/lib/python3.8/site-packages/airflow/example_dags/example_setup_teardown.py for tasks to queue
[2026-02-02T14:40:08.558+0000] {logging_mixin.py:188} INFO - [2026-02-02T14:40:08.557+0000] {dagbag.py:538} INFO - Filling up the DagBag from /home/airflow/.local/lib/python3.8/site-packages/airflow/example_dags/example_setup_teardown.py
[2026-02-02T14:40:08.563+0000] {processor.py:840} INFO - DAG(s) 'example_setup_teardown' retrieved from /home/airflow/.local/lib/python3.8/site-packages/airflow/example_dags/example_setup_teardown.py
[2026-02-02T14:40:08.579+0000] {logging_mixin.py:188} INFO - [2026-02-02T14:40:08.579+0000] {dag.py:3036} INFO - Sync 1 DAGs
[2026-02-02T14:40:08.596+0000] {logging_mixin.py:188} INFO - [2026-02-02T14:40:08.596+0000] {dag.py:3823} INFO - Setting next_dagrun for example_setup_teardown to 2026-02-01 00:00:00+00:00, run_after=2026-02-02 00:00:00+00:00
[2026-02-02T14:40:08.611+0000] {processor.py:183} INFO - Processing /home/airflow/.local/lib/python3.8/site-packages/airflow/example_dags/example_setup_teardown.py took 0.058 seconds
[2026-02-02T14:40:38.881+0000] {processor.py:161} INFO - Started process (PID=2267) to work on /home/airflow/.local/lib/python3.8/site-packages/airflow/example_dags/example_setup_teardown.py
[2026-02-02T14:40:38.882+0000] {processor.py:830} INFO - Processing file /home/airflow/.local/lib/python3.8/site-packages/airflow/example_dags/example_setup_teardown.py for tasks to queue
[2026-02-02T14:40:38.884+0000] {logging_mixin.py:188} INFO - [2026-02-02T14:40:38.884+0000] {dagbag.py:538} INFO - Filling up the DagBag from /home/airflow/.local/lib/python3.8/site-packages/airflow/example_dags/example_setup_teardown.py
[2026-02-02T14:40:38.892+0000] {processor.py:840} INFO - DAG(s) 'example_setup_teardown' retrieved from /home/airflow/.local/lib/python3.8/site-packages/airflow/example_dags/example_setup_teardown.py
[2026-02-02T14:40:38.917+0000] {logging_mixin.py:188} INFO - [2026-02-02T14:40:38.917+0000] {dag.py:3036} INFO - Sync 1 DAGs
[2026-02-02T14:40:38.949+0000] {logging_mixin.py:188} INFO - [2026-02-02T14:40:38.949+0000] {dag.py:3823} INFO - Setting next_dagrun for example_setup_teardown to 2026-02-01 00:00:00+00:00, run_after=2026-02-02 00:00:00+00:00
[2026-02-02T14:40:38.966+0000] {processor.py:183} INFO - Processing /home/airflow/.local/lib/python3.8/site-packages/airflow/example_dags/example_setup_teardown.py took 0.089 seconds
[2026-02-02T14:41:09.137+0000] {processor.py:161} INFO - Started process (PID=2323) to work on /home/airflow/.local/lib/python3.8/site-packages/airflow/example_dags/example_setup_teardown.py
[2026-02-02T14:41:09.138+0000] {processor.py:830} INFO - Processing file /home/airflow/.local/lib/python3.8/site-packages/airflow/example_dags/example_setup_teardown.py for tasks to queue
[2026-02-02T14:41:09.139+0000] {logging_mixin.py:188} INFO - [2026-02-02T14:41:09.139+0000] {dagbag.py:538} INFO - Filling up the DagBag from /home/airflow/.local/lib/python3.8/site-packages/airflow/example_dags/example_setup_teardown.py
[2026-02-02T14:41:09.147+0000] {processor.py:840} INFO - DAG(s) 'example_setup_teardown' retrieved from /home/airflow/.local/lib/python3.8/site-packages/airflow/example_dags/example_setup_teardown.py
[2026-02-02T14:41:09.171+0000] {logging_mixin.py:188} INFO - [2026-02-02T14:41:09.170+0000] {dag.py:3036} INFO - Sync 1 DAGs
[2026-02-02T14:41:09.196+0000] {logging_mixin.py:188} INFO - [2026-02-02T14:41:09.196+0000] {dag.py:3823} INFO - Setting next_dagrun for example_setup_teardown to 2026-02-01 00:00:00+00:00, run_after=2026-02-02 00:00:00+00:00
[2026-02-02T14:41:09.211+0000] {processor.py:183} INFO - Processing /home/airflow/.local/lib/python3.8/site-packages/airflow/example_dags/example_setup_teardown.py took 0.079 seconds
[2026-02-02T14:41:39.319+0000] {processor.py:161} INFO - Started process (PID=2378) to work on /home/airflow/.local/lib/python3.8/site-packages/airflow/example_dags/example_setup_teardown.py
[2026-02-02T14:41:39.320+0000] {processor.py:830} INFO - Processing file /home/airflow/.local/lib/python3.8/site-packages/airflow/example_dags/example_setup_teardown.py for tasks to queue
[2026-02-02T14:41:39.321+0000] {logging_mixin.py:188} INFO - [2026-02-02T14:41:39.321+0000] {dagbag.py:538} INFO - Filling up the DagBag from /home/airflow/.local/lib/python3.8/site-packages/airflow/example_dags/example_setup_teardown.py
[2026-02-02T14:41:39.327+0000] {processor.py:840} INFO - DAG(s) 'example_setup_teardown' retrieved from /home/airflow/.local/lib/python3.8/site-packages/airflow/example_dags/example_setup_teardown.py
[2026-02-02T14:41:39.343+0000] {logging_mixin.py:188} INFO - [2026-02-02T14:41:39.343+0000] {dag.py:3036} INFO - Sync 1 DAGs
[2026-02-02T14:41:39.360+0000] {logging_mixin.py:188} INFO - [2026-02-02T14:41:39.360+0000] {dag.py:3823} INFO - Setting next_dagrun for example_setup_teardown to 2026-02-01 00:00:00+00:00, run_after=2026-02-02 00:00:00+00:00
[2026-02-02T14:41:39.374+0000] {processor.py:183} INFO - Processing /home/airflow/.local/lib/python3.8/site-packages/airflow/example_dags/example_setup_teardown.py took 0.057 seconds
[2026-02-02T14:42:09.872+0000] {processor.py:161} INFO - Started process (PID=2433) to work on /home/airflow/.local/lib/python3.8/site-packages/airflow/example_dags/example_setup_teardown.py
[2026-02-02T14:42:09.873+0000] {processor.py:830} INFO - Processing file /home/airflow/.local/lib/python3.8/site-packages/airflow/example_dags/example_setup_teardown.py for tasks to queue
[2026-02-02T14:42:09.875+0000] {logging_mixin.py:188} INFO - [2026-02-02T14:42:09.874+0000] {dagbag.py:538} INFO - Filling up the DagBag from /home/airflow/.local/lib/python3.8/site-packages/airflow/example_dags/example_setup_teardown.py
[2026-02-02T14:42:09.880+0000] {processor.py:840} INFO - DAG(s) 'example_setup_teardown' retrieved from /home/airflow/.local/lib/python3.8/site-packages/airflow/example_dags/example_setup_teardown.py
[2026-02-02T14:42:09.896+0000] {logging_mixin.py:188} INFO - [2026-02-02T14:42:09.896+0000] {dag.py:3036} INFO - Sync 1 DAGs
[2026-02-02T14:42:09.913+0000] {logging_mixin.py:188} INFO - [2026-02-02T14:42:09.913+0000] {dag.py:3823} INFO - Setting next_dagrun for example_setup_teardown to 2026-02-01 00:00:00+00:00, run_after=2026-02-02 00:00:00+00:00
[2026-02-02T14:42:09.927+0000] {processor.py:183} INFO - Processing /home/airflow/.local/lib/python3.8/site-packages/airflow/example_dags/example_setup_teardown.py took 0.057 seconds
[2026-02-02T14:42:40.733+0000] {processor.py:161} INFO - Started process (PID=2488) to work on /home/airflow/.local/lib/python3.8/site-packages/airflow/example_dags/example_setup_teardown.py
[2026-02-02T14:42:40.734+0000] {processor.py:830} INFO - Processing file /home/airflow/.local/lib/python3.8/site-packages/airflow/example_dags/example_setup_teardown.py for tasks to queue
[2026-02-02T14:42:40.736+0000] {logging_mixin.py:188} INFO - [2026-02-02T14:42:40.736+0000] {dagbag.py:538} INFO - Filling up the DagBag from /home/airflow/.local/lib/python3.8/site-packages/airflow/example_dags/example_setup_teardown.py
[2026-02-02T14:42:40.743+0000] {processor.py:840} INFO - DAG(s) 'example_setup_teardown' retrieved from /home/airflow/.local/lib/python3.8/site-packages/airflow/example_dags/example_setup_teardown.py
[2026-02-02T14:42:40.765+0000] {logging_mixin.py:188} INFO - [2026-02-02T14:42:40.764+0000] {dag.py:3036} INFO - Sync 1 DAGs
[2026-02-02T14:42:40.783+0000] {logging_mixin.py:188} INFO - [2026-02-02T14:42:40.782+0000] {dag.py:3823} INFO - Setting next_dagrun for example_setup_teardown to 2026-02-01 00:00:00+00:00, run_after=2026-02-02 00:00:00+00:00
[2026-02-02T14:42:40.796+0000] {processor.py:183} INFO - Processing /home/airflow/.local/lib/python3.8/site-packages/airflow/example_dags/example_setup_teardown.py took 0.065 seconds
[2026-02-02T14:43:11.391+0000] {processor.py:161} INFO - Started process (PID=2542) to work on /home/airflow/.local/lib/python3.8/site-packages/airflow/example_dags/example_setup_teardown.py
[2026-02-02T14:43:11.395+0000] {processor.py:830} INFO - Processing file /home/airflow/.local/lib/python3.8/site-packages/airflow/example_dags/example_setup_teardown.py for tasks to queue
[2026-02-02T14:43:11.402+0000] {logging_mixin.py:188} INFO - [2026-02-02T14:43:11.400+0000] {dagbag.py:538} INFO - Filling up the DagBag from /home/airflow/.local/lib/python3.8/site-packages/airflow/example_dags/example_setup_teardown.py
[2026-02-02T14:43:11.426+0000] {processor.py:840} INFO - DAG(s) 'example_setup_teardown' retrieved from /home/airflow/.local/lib/python3.8/site-packages/airflow/example_dags/example_setup_teardown.py
[2026-02-02T14:43:11.484+0000] {logging_mixin.py:188} INFO - [2026-02-02T14:43:11.484+0000] {dag.py:3036} INFO - Sync 1 DAGs
[2026-02-02T14:43:11.517+0000] {logging_mixin.py:188} INFO - [2026-02-02T14:43:11.517+0000] {dag.py:3823} INFO - Setting next_dagrun for example_setup_teardown to 2026-02-01 00:00:00+00:00, run_after=2026-02-02 00:00:00+00:00
[2026-02-02T14:43:11.684+0000] {processor.py:183} INFO - Processing /home/airflow/.local/lib/python3.8/site-packages/airflow/example_dags/example_setup_teardown.py took 0.305 seconds
[2026-02-02T14:43:42.449+0000] {processor.py:161} INFO - Started process (PID=2597) to work on /home/airflow/.local/lib/python3.8/site-packages/airflow/example_dags/example_setup_teardown.py
[2026-02-02T14:43:42.449+0000] {processor.py:830} INFO - Processing file /home/airflow/.local/lib/python3.8/site-packages/airflow/example_dags/example_setup_teardown.py for tasks to queue
[2026-02-02T14:43:42.451+0000] {logging_mixin.py:188} INFO - [2026-02-02T14:43:42.451+0000] {dagbag.py:538} INFO - Filling up the DagBag from /home/airflow/.local/lib/python3.8/site-packages/airflow/example_dags/example_setup_teardown.py
[2026-02-02T14:43:42.456+0000] {processor.py:840} INFO - DAG(s) 'example_setup_teardown' retrieved from /home/airflow/.local/lib/python3.8/site-packages/airflow/example_dags/example_setup_teardown.py
[2026-02-02T14:43:42.472+0000] {logging_mixin.py:188} INFO - [2026-02-02T14:43:42.472+0000] {dag.py:3036} INFO - Sync 1 DAGs
[2026-02-02T14:43:42.490+0000] {logging_mixin.py:188} INFO - [2026-02-02T14:43:42.490+0000] {dag.py:3823} INFO - Setting next_dagrun for example_setup_teardown to 2026-02-01 00:00:00+00:00, run_after=2026-02-02 00:00:00+00:00
[2026-02-02T14:43:42.504+0000] {processor.py:183} INFO - Processing /home/airflow/.local/lib/python3.8/site-packages/airflow/example_dags/example_setup_teardown.py took 0.058 seconds
[2026-02-02T14:44:13.110+0000] {processor.py:161} INFO - Started process (PID=2652) to work on /home/airflow/.local/lib/python3.8/site-packages/airflow/example_dags/example_setup_teardown.py
[2026-02-02T14:44:13.111+0000] {processor.py:830} INFO - Processing file /home/airflow/.local/lib/python3.8/site-packages/airflow/example_dags/example_setup_teardown.py for tasks to queue
[2026-02-02T14:44:13.113+0000] {logging_mixin.py:188} INFO - [2026-02-02T14:44:13.112+0000] {dagbag.py:538} INFO - Filling up the DagBag from /home/airflow/.local/lib/python3.8/site-packages/airflow/example_dags/example_setup_teardown.py
[2026-02-02T14:44:13.117+0000] {processor.py:840} INFO - DAG(s) 'example_setup_teardown' retrieved from /home/airflow/.local/lib/python3.8/site-packages/airflow/example_dags/example_setup_teardown.py
[2026-02-02T14:44:13.134+0000] {logging_mixin.py:188} INFO - [2026-02-02T14:44:13.133+0000] {dag.py:3036} INFO - Sync 1 DAGs
[2026-02-02T14:44:13.150+0000] {logging_mixin.py:188} INFO - [2026-02-02T14:44:13.150+0000] {dag.py:3823} INFO - Setting next_dagrun for example_setup_teardown to 2026-02-01 00:00:00+00:00, run_after=2026-02-02 00:00:00+00:00
[2026-02-02T14:44:13.164+0000] {processor.py:183} INFO - Processing /home/airflow/.local/lib/python3.8/site-packages/airflow/example_dags/example_setup_teardown.py took 0.057 seconds
[2026-02-02T14:44:43.725+0000] {processor.py:161} INFO - Started process (PID=2707) to work on /home/airflow/.local/lib/python3.8/site-packages/airflow/example_dags/example_setup_teardown.py
[2026-02-02T14:44:43.726+0000] {processor.py:830} INFO - Processing file /home/airflow/.local/lib/python3.8/site-packages/airflow/example_dags/example_setup_teardown.py for tasks to queue
[2026-02-02T14:44:43.727+0000] {logging_mixin.py:188} INFO - [2026-02-02T14:44:43.727+0000] {dagbag.py:538} INFO - Filling up the DagBag from /home/airflow/.local/lib/python3.8/site-packages/airflow/example_dags/example_setup_teardown.py
[2026-02-02T14:44:43.732+0000] {processor.py:840} INFO - DAG(s) 'example_setup_teardown' retrieved from /home/airflow/.local/lib/python3.8/site-packages/airflow/example_dags/example_setup_teardown.py
[2026-02-02T14:44:43.750+0000] {logging_mixin.py:188} INFO - [2026-02-02T14:44:43.750+0000] {dag.py:3036} INFO - Sync 1 DAGs
[2026-02-02T14:44:43.782+0000] {logging_mixin.py:188} INFO - [2026-02-02T14:44:43.782+0000] {dag.py:3823} INFO - Setting next_dagrun for example_setup_teardown to 2026-02-01 00:00:00+00:00, run_after=2026-02-02 00:00:00+00:00
[2026-02-02T14:44:43.807+0000] {processor.py:183} INFO - Processing /home/airflow/.local/lib/python3.8/site-packages/airflow/example_dags/example_setup_teardown.py took 0.084 seconds
[2026-02-02T14:45:13.967+0000] {processor.py:161} INFO - Started process (PID=2763) to work on /home/airflow/.local/lib/python3.8/site-packages/airflow/example_dags/example_setup_teardown.py
[2026-02-02T14:45:13.968+0000] {processor.py:830} INFO - Processing file /home/airflow/.local/lib/python3.8/site-packages/airflow/example_dags/example_setup_teardown.py for tasks to queue
[2026-02-02T14:45:13.970+0000] {logging_mixin.py:188} INFO - [2026-02-02T14:45:13.970+0000] {dagbag.py:538} INFO - Filling up the DagBag from /home/airflow/.local/lib/python3.8/site-packages/airflow/example_dags/example_setup_teardown.py
[2026-02-02T14:45:13.978+0000] {processor.py:840} INFO - DAG(s) 'example_setup_teardown' retrieved from /home/airflow/.local/lib/python3.8/site-packages/airflow/example_dags/example_setup_teardown.py
[2026-02-02T14:45:14.161+0000] {logging_mixin.py:188} INFO - [2026-02-02T14:45:14.161+0000] {dag.py:3036} INFO - Sync 1 DAGs
[2026-02-02T14:45:14.183+0000] {logging_mixin.py:188} INFO - [2026-02-02T14:45:14.183+0000] {dag.py:3823} INFO - Setting next_dagrun for example_setup_teardown to 2026-02-01 00:00:00+00:00, run_after=2026-02-02 00:00:00+00:00
[2026-02-02T14:45:14.200+0000] {processor.py:183} INFO - Processing /home/airflow/.local/lib/python3.8/site-packages/airflow/example_dags/example_setup_teardown.py took 0.237 seconds
[2026-02-02T14:45:44.627+0000] {processor.py:161} INFO - Started process (PID=2819) to work on /home/airflow/.local/lib/python3.8/site-packages/airflow/example_dags/example_setup_teardown.py
[2026-02-02T14:45:44.628+0000] {processor.py:830} INFO - Processing file /home/airflow/.local/lib/python3.8/site-packages/airflow/example_dags/example_setup_teardown.py for tasks to queue
[2026-02-02T14:45:44.630+0000] {logging_mixin.py:188} INFO - [2026-02-02T14:45:44.629+0000] {dagbag.py:538} INFO - Filling up the DagBag from /home/airflow/.local/lib/python3.8/site-packages/airflow/example_dags/example_setup_teardown.py
[2026-02-02T14:45:44.639+0000] {processor.py:840} INFO - DAG(s) 'example_setup_teardown' retrieved from /home/airflow/.local/lib/python3.8/site-packages/airflow/example_dags/example_setup_teardown.py
[2026-02-02T14:45:44.666+0000] {logging_mixin.py:188} INFO - [2026-02-02T14:45:44.666+0000] {dag.py:3036} INFO - Sync 1 DAGs
[2026-02-02T14:45:44.691+0000] {logging_mixin.py:188} INFO - [2026-02-02T14:45:44.691+0000] {dag.py:3823} INFO - Setting next_dagrun for example_setup_teardown to 2026-02-01 00:00:00+00:00, run_after=2026-02-02 00:00:00+00:00
[2026-02-02T14:45:44.713+0000] {processor.py:183} INFO - Processing /home/airflow/.local/lib/python3.8/site-packages/airflow/example_dags/example_setup_teardown.py took 0.090 seconds
[2026-02-02T14:46:14.988+0000] {processor.py:161} INFO - Started process (PID=2874) to work on /home/airflow/.local/lib/python3.8/site-packages/airflow/example_dags/example_setup_teardown.py
[2026-02-02T14:46:14.989+0000] {processor.py:830} INFO - Processing file /home/airflow/.local/lib/python3.8/site-packages/airflow/example_dags/example_setup_teardown.py for tasks to queue
[2026-02-02T14:46:14.990+0000] {logging_mixin.py:188} INFO - [2026-02-02T14:46:14.990+0000] {dagbag.py:538} INFO - Filling up the DagBag from /home/airflow/.local/lib/python3.8/site-packages/airflow/example_dags/example_setup_teardown.py
[2026-02-02T14:46:14.995+0000] {processor.py:840} INFO - DAG(s) 'example_setup_teardown' retrieved from /home/airflow/.local/lib/python3.8/site-packages/airflow/example_dags/example_setup_teardown.py
[2026-02-02T14:46:15.012+0000] {logging_mixin.py:188} INFO - [2026-02-02T14:46:15.012+0000] {dag.py:3036} INFO - Sync 1 DAGs
[2026-02-02T14:46:15.030+0000] {logging_mixin.py:188} INFO - [2026-02-02T14:46:15.030+0000] {dag.py:3823} INFO - Setting next_dagrun for example_setup_teardown to 2026-02-01 00:00:00+00:00, run_after=2026-02-02 00:00:00+00:00
[2026-02-02T14:46:15.044+0000] {processor.py:183} INFO - Processing /home/airflow/.local/lib/python3.8/site-packages/airflow/example_dags/example_setup_teardown.py took 0.059 seconds
[2026-02-02T14:46:45.966+0000] {processor.py:161} INFO - Started process (PID=2930) to work on /home/airflow/.local/lib/python3.8/site-packages/airflow/example_dags/example_setup_teardown.py
[2026-02-02T14:46:45.967+0000] {processor.py:830} INFO - Processing file /home/airflow/.local/lib/python3.8/site-packages/airflow/example_dags/example_setup_teardown.py for tasks to queue
[2026-02-02T14:46:45.968+0000] {logging_mixin.py:188} INFO - [2026-02-02T14:46:45.968+0000] {dagbag.py:538} INFO - Filling up the DagBag from /home/airflow/.local/lib/python3.8/site-packages/airflow/example_dags/example_setup_teardown.py
[2026-02-02T14:46:45.973+0000] {processor.py:840} INFO - DAG(s) 'example_setup_teardown' retrieved from /home/airflow/.local/lib/python3.8/site-packages/airflow/example_dags/example_setup_teardown.py
[2026-02-02T14:46:45.990+0000] {logging_mixin.py:188} INFO - [2026-02-02T14:46:45.989+0000] {dag.py:3036} INFO - Sync 1 DAGs
[2026-02-02T14:46:46.007+0000] {logging_mixin.py:188} INFO - [2026-02-02T14:46:46.006+0000] {dag.py:3823} INFO - Setting next_dagrun for example_setup_teardown to 2026-02-01 00:00:00+00:00, run_after=2026-02-02 00:00:00+00:00
[2026-02-02T14:46:46.020+0000] {processor.py:183} INFO - Processing /home/airflow/.local/lib/python3.8/site-packages/airflow/example_dags/example_setup_teardown.py took 0.057 seconds
[2026-02-02T14:47:16.351+0000] {processor.py:161} INFO - Started process (PID=2986) to work on /home/airflow/.local/lib/python3.8/site-packages/airflow/example_dags/example_setup_teardown.py
[2026-02-02T14:47:16.351+0000] {processor.py:830} INFO - Processing file /home/airflow/.local/lib/python3.8/site-packages/airflow/example_dags/example_setup_teardown.py for tasks to queue
[2026-02-02T14:47:16.353+0000] {logging_mixin.py:188} INFO - [2026-02-02T14:47:16.353+0000] {dagbag.py:538} INFO - Filling up the DagBag from /home/airflow/.local/lib/python3.8/site-packages/airflow/example_dags/example_setup_teardown.py
[2026-02-02T14:47:16.358+0000] {processor.py:840} INFO - DAG(s) 'example_setup_teardown' retrieved from /home/airflow/.local/lib/python3.8/site-packages/airflow/example_dags/example_setup_teardown.py
[2026-02-02T14:47:16.374+0000] {logging_mixin.py:188} INFO - [2026-02-02T14:47:16.374+0000] {dag.py:3036} INFO - Sync 1 DAGs
[2026-02-02T14:47:16.392+0000] {logging_mixin.py:188} INFO - [2026-02-02T14:47:16.391+0000] {dag.py:3823} INFO - Setting next_dagrun for example_setup_teardown to 2026-02-01 00:00:00+00:00, run_after=2026-02-02 00:00:00+00:00
[2026-02-02T14:47:16.406+0000] {processor.py:183} INFO - Processing /home/airflow/.local/lib/python3.8/site-packages/airflow/example_dags/example_setup_teardown.py took 0.058 seconds
[2026-02-02T14:47:47.188+0000] {processor.py:161} INFO - Started process (PID=3043) to work on /home/airflow/.local/lib/python3.8/site-packages/airflow/example_dags/example_setup_teardown.py
[2026-02-02T14:47:47.189+0000] {processor.py:830} INFO - Processing file /home/airflow/.local/lib/python3.8/site-packages/airflow/example_dags/example_setup_teardown.py for tasks to queue
[2026-02-02T14:47:47.191+0000] {logging_mixin.py:188} INFO - [2026-02-02T14:47:47.190+0000] {dagbag.py:538} INFO - Filling up the DagBag from /home/airflow/.local/lib/python3.8/site-packages/airflow/example_dags/example_setup_teardown.py
[2026-02-02T14:47:47.196+0000] {processor.py:840} INFO - DAG(s) 'example_setup_teardown' retrieved from /home/airflow/.local/lib/python3.8/site-packages/airflow/example_dags/example_setup_teardown.py
[2026-02-02T14:47:47.212+0000] {logging_mixin.py:188} INFO - [2026-02-02T14:47:47.212+0000] {dag.py:3036} INFO - Sync 1 DAGs
[2026-02-02T14:47:47.229+0000] {logging_mixin.py:188} INFO - [2026-02-02T14:47:47.228+0000] {dag.py:3823} INFO - Setting next_dagrun for example_setup_teardown to 2026-02-01 00:00:00+00:00, run_after=2026-02-02 00:00:00+00:00
[2026-02-02T14:47:47.243+0000] {processor.py:183} INFO - Processing /home/airflow/.local/lib/python3.8/site-packages/airflow/example_dags/example_setup_teardown.py took 0.057 seconds
[2026-02-02T14:48:17.389+0000] {processor.py:161} INFO - Started process (PID=3099) to work on /home/airflow/.local/lib/python3.8/site-packages/airflow/example_dags/example_setup_teardown.py
[2026-02-02T14:48:17.391+0000] {processor.py:830} INFO - Processing file /home/airflow/.local/lib/python3.8/site-packages/airflow/example_dags/example_setup_teardown.py for tasks to queue
[2026-02-02T14:48:17.395+0000] {logging_mixin.py:188} INFO - [2026-02-02T14:48:17.394+0000] {dagbag.py:538} INFO - Filling up the DagBag from /home/airflow/.local/lib/python3.8/site-packages/airflow/example_dags/example_setup_teardown.py
[2026-02-02T14:48:17.408+0000] {processor.py:840} INFO - DAG(s) 'example_setup_teardown' retrieved from /home/airflow/.local/lib/python3.8/site-packages/airflow/example_dags/example_setup_teardown.py
[2026-02-02T14:48:17.440+0000] {logging_mixin.py:188} INFO - [2026-02-02T14:48:17.440+0000] {dag.py:3036} INFO - Sync 1 DAGs
[2026-02-02T14:48:17.465+0000] {logging_mixin.py:188} INFO - [2026-02-02T14:48:17.464+0000] {dag.py:3823} INFO - Setting next_dagrun for example_setup_teardown to 2026-02-01 00:00:00+00:00, run_after=2026-02-02 00:00:00+00:00
[2026-02-02T14:48:17.484+0000] {processor.py:183} INFO - Processing /home/airflow/.local/lib/python3.8/site-packages/airflow/example_dags/example_setup_teardown.py took 0.108 seconds
[2026-02-02T14:48:47.901+0000] {processor.py:161} INFO - Started process (PID=3154) to work on /home/airflow/.local/lib/python3.8/site-packages/airflow/example_dags/example_setup_teardown.py
[2026-02-02T14:48:47.902+0000] {processor.py:830} INFO - Processing file /home/airflow/.local/lib/python3.8/site-packages/airflow/example_dags/example_setup_teardown.py for tasks to queue
[2026-02-02T14:48:47.903+0000] {logging_mixin.py:188} INFO - [2026-02-02T14:48:47.903+0000] {dagbag.py:538} INFO - Filling up the DagBag from /home/airflow/.local/lib/python3.8/site-packages/airflow/example_dags/example_setup_teardown.py
[2026-02-02T14:48:47.908+0000] {processor.py:840} INFO - DAG(s) 'example_setup_teardown' retrieved from /home/airflow/.local/lib/python3.8/site-packages/airflow/example_dags/example_setup_teardown.py
[2026-02-02T14:48:47.925+0000] {logging_mixin.py:188} INFO - [2026-02-02T14:48:47.925+0000] {dag.py:3036} INFO - Sync 1 DAGs
[2026-02-02T14:48:47.942+0000] {logging_mixin.py:188} INFO - [2026-02-02T14:48:47.942+0000] {dag.py:3823} INFO - Setting next_dagrun for example_setup_teardown to 2026-02-01 00:00:00+00:00, run_after=2026-02-02 00:00:00+00:00
[2026-02-02T14:48:47.958+0000] {processor.py:183} INFO - Processing /home/airflow/.local/lib/python3.8/site-packages/airflow/example_dags/example_setup_teardown.py took 0.059 seconds
[2026-02-02T14:49:18.104+0000] {processor.py:161} INFO - Started process (PID=3210) to work on /home/airflow/.local/lib/python3.8/site-packages/airflow/example_dags/example_setup_teardown.py
[2026-02-02T14:49:18.105+0000] {processor.py:830} INFO - Processing file /home/airflow/.local/lib/python3.8/site-packages/airflow/example_dags/example_setup_teardown.py for tasks to queue
[2026-02-02T14:49:18.106+0000] {logging_mixin.py:188} INFO - [2026-02-02T14:49:18.106+0000] {dagbag.py:538} INFO - Filling up the DagBag from /home/airflow/.local/lib/python3.8/site-packages/airflow/example_dags/example_setup_teardown.py
[2026-02-02T14:49:18.111+0000] {processor.py:840} INFO - DAG(s) 'example_setup_teardown' retrieved from /home/airflow/.local/lib/python3.8/site-packages/airflow/example_dags/example_setup_teardown.py
[2026-02-02T14:49:18.133+0000] {logging_mixin.py:188} INFO - [2026-02-02T14:49:18.133+0000] {dag.py:3036} INFO - Sync 1 DAGs
[2026-02-02T14:49:18.150+0000] {logging_mixin.py:188} INFO - [2026-02-02T14:49:18.150+0000] {dag.py:3823} INFO - Setting next_dagrun for example_setup_teardown to 2026-02-01 00:00:00+00:00, run_after=2026-02-02 00:00:00+00:00
[2026-02-02T14:49:18.164+0000] {processor.py:183} INFO - Processing /home/airflow/.local/lib/python3.8/site-packages/airflow/example_dags/example_setup_teardown.py took 0.062 seconds
[2026-02-02T14:49:48.875+0000] {processor.py:161} INFO - Started process (PID=3266) to work on /home/airflow/.local/lib/python3.8/site-packages/airflow/example_dags/example_setup_teardown.py
[2026-02-02T14:49:48.875+0000] {processor.py:830} INFO - Processing file /home/airflow/.local/lib/python3.8/site-packages/airflow/example_dags/example_setup_teardown.py for tasks to queue
[2026-02-02T14:49:48.877+0000] {logging_mixin.py:188} INFO - [2026-02-02T14:49:48.876+0000] {dagbag.py:538} INFO - Filling up the DagBag from /home/airflow/.local/lib/python3.8/site-packages/airflow/example_dags/example_setup_teardown.py
[2026-02-02T14:49:48.882+0000] {processor.py:840} INFO - DAG(s) 'example_setup_teardown' retrieved from /home/airflow/.local/lib/python3.8/site-packages/airflow/example_dags/example_setup_teardown.py
[2026-02-02T14:49:48.898+0000] {logging_mixin.py:188} INFO - [2026-02-02T14:49:48.898+0000] {dag.py:3036} INFO - Sync 1 DAGs
[2026-02-02T14:49:48.916+0000] {logging_mixin.py:188} INFO - [2026-02-02T14:49:48.916+0000] {dag.py:3823} INFO - Setting next_dagrun for example_setup_teardown to 2026-02-01 00:00:00+00:00, run_after=2026-02-02 00:00:00+00:00
[2026-02-02T14:49:48.929+0000] {processor.py:183} INFO - Processing /home/airflow/.local/lib/python3.8/site-packages/airflow/example_dags/example_setup_teardown.py took 0.057 seconds
[2026-02-02T14:50:19.194+0000] {processor.py:161} INFO - Started process (PID=3322) to work on /home/airflow/.local/lib/python3.8/site-packages/airflow/example_dags/example_setup_teardown.py
[2026-02-02T14:50:19.194+0000] {processor.py:830} INFO - Processing file /home/airflow/.local/lib/python3.8/site-packages/airflow/example_dags/example_setup_teardown.py for tasks to queue
[2026-02-02T14:50:19.196+0000] {logging_mixin.py:188} INFO - [2026-02-02T14:50:19.196+0000] {dagbag.py:538} INFO - Filling up the DagBag from /home/airflow/.local/lib/python3.8/site-packages/airflow/example_dags/example_setup_teardown.py
[2026-02-02T14:50:19.201+0000] {processor.py:840} INFO - DAG(s) 'example_setup_teardown' retrieved from /home/airflow/.local/lib/python3.8/site-packages/airflow/example_dags/example_setup_teardown.py
[2026-02-02T14:50:19.217+0000] {logging_mixin.py:188} INFO - [2026-02-02T14:50:19.217+0000] {dag.py:3036} INFO - Sync 1 DAGs
[2026-02-02T14:50:19.234+0000] {logging_mixin.py:188} INFO - [2026-02-02T14:50:19.234+0000] {dag.py:3823} INFO - Setting next_dagrun for example_setup_teardown to 2026-02-01 00:00:00+00:00, run_after=2026-02-02 00:00:00+00:00
[2026-02-02T14:50:19.252+0000] {processor.py:183} INFO - Processing /home/airflow/.local/lib/python3.8/site-packages/airflow/example_dags/example_setup_teardown.py took 0.061 seconds
[2026-02-02T14:50:49.593+0000] {processor.py:161} INFO - Started process (PID=3378) to work on /home/airflow/.local/lib/python3.8/site-packages/airflow/example_dags/example_setup_teardown.py
[2026-02-02T14:50:49.593+0000] {processor.py:830} INFO - Processing file /home/airflow/.local/lib/python3.8/site-packages/airflow/example_dags/example_setup_teardown.py for tasks to queue
[2026-02-02T14:50:49.595+0000] {logging_mixin.py:188} INFO - [2026-02-02T14:50:49.595+0000] {dagbag.py:538} INFO - Filling up the DagBag from /home/airflow/.local/lib/python3.8/site-packages/airflow/example_dags/example_setup_teardown.py
[2026-02-02T14:50:49.600+0000] {processor.py:840} INFO - DAG(s) 'example_setup_teardown' retrieved from /home/airflow/.local/lib/python3.8/site-packages/airflow/example_dags/example_setup_teardown.py
[2026-02-02T14:50:49.617+0000] {logging_mixin.py:188} INFO - [2026-02-02T14:50:49.617+0000] {dag.py:3036} INFO - Sync 1 DAGs
[2026-02-02T14:50:49.633+0000] {logging_mixin.py:188} INFO - [2026-02-02T14:50:49.633+0000] {dag.py:3823} INFO - Setting next_dagrun for example_setup_teardown to 2026-02-01 00:00:00+00:00, run_after=2026-02-02 00:00:00+00:00
[2026-02-02T14:50:49.647+0000] {processor.py:183} INFO - Processing /home/airflow/.local/lib/python3.8/site-packages/airflow/example_dags/example_setup_teardown.py took 0.057 seconds
