[2026-02-02T14:20:26.928+0000] {processor.py:161} INFO - Started process (PID=92) to work on /home/airflow/.local/lib/python3.8/site-packages/airflow/example_dags/example_python_decorator.py
[2026-02-02T14:20:26.932+0000] {processor.py:830} INFO - Processing file /home/airflow/.local/lib/python3.8/site-packages/airflow/example_dags/example_python_decorator.py for tasks to queue
[2026-02-02T14:20:26.934+0000] {logging_mixin.py:188} INFO - [2026-02-02T14:20:26.934+0000] {dagbag.py:538} INFO - Filling up the DagBag from /home/airflow/.local/lib/python3.8/site-packages/airflow/example_dags/example_python_decorator.py
[2026-02-02T14:20:26.996+0000] {processor.py:840} INFO - DAG(s) 'example_python_decorator' retrieved from /home/airflow/.local/lib/python3.8/site-packages/airflow/example_dags/example_python_decorator.py
[2026-02-02T14:20:27.699+0000] {logging_mixin.py:188} INFO - [2026-02-02T14:20:27.695+0000] {override.py:1769} INFO - Created Permission View: can edit on DAG:example_python_decorator
[2026-02-02T14:20:27.830+0000] {logging_mixin.py:188} INFO - [2026-02-02T14:20:27.829+0000] {override.py:1769} INFO - Created Permission View: can delete on DAG:example_python_decorator
[2026-02-02T14:20:27.953+0000] {logging_mixin.py:188} INFO - [2026-02-02T14:20:27.953+0000] {override.py:1769} INFO - Created Permission View: can read on DAG:example_python_decorator
[2026-02-02T14:20:27.960+0000] {logging_mixin.py:188} INFO - [2026-02-02T14:20:27.960+0000] {dag.py:3036} INFO - Sync 1 DAGs
[2026-02-02T14:20:28.033+0000] {logging_mixin.py:188} INFO - [2026-02-02T14:20:28.032+0000] {dag.py:3058} INFO - Creating ORM DAG for example_python_decorator
[2026-02-02T14:20:28.049+0000] {logging_mixin.py:188} INFO - [2026-02-02T14:20:28.048+0000] {dag.py:3823} INFO - Setting next_dagrun for example_python_decorator to None, run_after=None
[2026-02-02T14:20:28.202+0000] {processor.py:183} INFO - Processing /home/airflow/.local/lib/python3.8/site-packages/airflow/example_dags/example_python_decorator.py took 1.287 seconds
[2026-02-02T14:20:58.752+0000] {processor.py:161} INFO - Started process (PID=147) to work on /home/airflow/.local/lib/python3.8/site-packages/airflow/example_dags/example_python_decorator.py
[2026-02-02T14:20:58.757+0000] {processor.py:830} INFO - Processing file /home/airflow/.local/lib/python3.8/site-packages/airflow/example_dags/example_python_decorator.py for tasks to queue
[2026-02-02T14:20:58.759+0000] {logging_mixin.py:188} INFO - [2026-02-02T14:20:58.759+0000] {dagbag.py:538} INFO - Filling up the DagBag from /home/airflow/.local/lib/python3.8/site-packages/airflow/example_dags/example_python_decorator.py
[2026-02-02T14:20:58.780+0000] {processor.py:840} INFO - DAG(s) 'example_python_decorator' retrieved from /home/airflow/.local/lib/python3.8/site-packages/airflow/example_dags/example_python_decorator.py
[2026-02-02T14:20:58.805+0000] {logging_mixin.py:188} INFO - [2026-02-02T14:20:58.805+0000] {dag.py:3036} INFO - Sync 1 DAGs
[2026-02-02T14:20:58.820+0000] {logging_mixin.py:188} INFO - [2026-02-02T14:20:58.820+0000] {dag.py:3823} INFO - Setting next_dagrun for example_python_decorator to None, run_after=None
[2026-02-02T14:20:58.840+0000] {processor.py:183} INFO - Processing /home/airflow/.local/lib/python3.8/site-packages/airflow/example_dags/example_python_decorator.py took 0.093 seconds
[2026-02-02T14:21:29.532+0000] {processor.py:161} INFO - Started process (PID=202) to work on /home/airflow/.local/lib/python3.8/site-packages/airflow/example_dags/example_python_decorator.py
[2026-02-02T14:21:29.533+0000] {processor.py:830} INFO - Processing file /home/airflow/.local/lib/python3.8/site-packages/airflow/example_dags/example_python_decorator.py for tasks to queue
[2026-02-02T14:21:29.535+0000] {logging_mixin.py:188} INFO - [2026-02-02T14:21:29.534+0000] {dagbag.py:538} INFO - Filling up the DagBag from /home/airflow/.local/lib/python3.8/site-packages/airflow/example_dags/example_python_decorator.py
[2026-02-02T14:21:29.550+0000] {processor.py:840} INFO - DAG(s) 'example_python_decorator' retrieved from /home/airflow/.local/lib/python3.8/site-packages/airflow/example_dags/example_python_decorator.py
[2026-02-02T14:21:29.577+0000] {logging_mixin.py:188} INFO - [2026-02-02T14:21:29.577+0000] {dag.py:3036} INFO - Sync 1 DAGs
[2026-02-02T14:21:29.593+0000] {logging_mixin.py:188} INFO - [2026-02-02T14:21:29.593+0000] {dag.py:3823} INFO - Setting next_dagrun for example_python_decorator to None, run_after=None
[2026-02-02T14:21:29.616+0000] {processor.py:183} INFO - Processing /home/airflow/.local/lib/python3.8/site-packages/airflow/example_dags/example_python_decorator.py took 0.088 seconds
[2026-02-02T14:21:59.928+0000] {processor.py:161} INFO - Started process (PID=257) to work on /home/airflow/.local/lib/python3.8/site-packages/airflow/example_dags/example_python_decorator.py
[2026-02-02T14:21:59.929+0000] {processor.py:830} INFO - Processing file /home/airflow/.local/lib/python3.8/site-packages/airflow/example_dags/example_python_decorator.py for tasks to queue
[2026-02-02T14:21:59.930+0000] {logging_mixin.py:188} INFO - [2026-02-02T14:21:59.930+0000] {dagbag.py:538} INFO - Filling up the DagBag from /home/airflow/.local/lib/python3.8/site-packages/airflow/example_dags/example_python_decorator.py
[2026-02-02T14:21:59.940+0000] {processor.py:840} INFO - DAG(s) 'example_python_decorator' retrieved from /home/airflow/.local/lib/python3.8/site-packages/airflow/example_dags/example_python_decorator.py
[2026-02-02T14:21:59.957+0000] {logging_mixin.py:188} INFO - [2026-02-02T14:21:59.957+0000] {dag.py:3036} INFO - Sync 1 DAGs
[2026-02-02T14:21:59.967+0000] {logging_mixin.py:188} INFO - [2026-02-02T14:21:59.967+0000] {dag.py:3823} INFO - Setting next_dagrun for example_python_decorator to None, run_after=None
[2026-02-02T14:21:59.994+0000] {processor.py:183} INFO - Processing /home/airflow/.local/lib/python3.8/site-packages/airflow/example_dags/example_python_decorator.py took 0.069 seconds
[2026-02-02T14:22:30.600+0000] {processor.py:161} INFO - Started process (PID=312) to work on /home/airflow/.local/lib/python3.8/site-packages/airflow/example_dags/example_python_decorator.py
[2026-02-02T14:22:30.601+0000] {processor.py:830} INFO - Processing file /home/airflow/.local/lib/python3.8/site-packages/airflow/example_dags/example_python_decorator.py for tasks to queue
[2026-02-02T14:22:30.602+0000] {logging_mixin.py:188} INFO - [2026-02-02T14:22:30.602+0000] {dagbag.py:538} INFO - Filling up the DagBag from /home/airflow/.local/lib/python3.8/site-packages/airflow/example_dags/example_python_decorator.py
[2026-02-02T14:22:30.614+0000] {processor.py:840} INFO - DAG(s) 'example_python_decorator' retrieved from /home/airflow/.local/lib/python3.8/site-packages/airflow/example_dags/example_python_decorator.py
[2026-02-02T14:22:30.630+0000] {logging_mixin.py:188} INFO - [2026-02-02T14:22:30.630+0000] {dag.py:3036} INFO - Sync 1 DAGs
[2026-02-02T14:22:30.639+0000] {logging_mixin.py:188} INFO - [2026-02-02T14:22:30.639+0000] {dag.py:3823} INFO - Setting next_dagrun for example_python_decorator to None, run_after=None
[2026-02-02T14:22:30.653+0000] {processor.py:183} INFO - Processing /home/airflow/.local/lib/python3.8/site-packages/airflow/example_dags/example_python_decorator.py took 0.055 seconds
[2026-02-02T14:23:01.121+0000] {processor.py:161} INFO - Started process (PID=367) to work on /home/airflow/.local/lib/python3.8/site-packages/airflow/example_dags/example_python_decorator.py
[2026-02-02T14:23:01.122+0000] {processor.py:830} INFO - Processing file /home/airflow/.local/lib/python3.8/site-packages/airflow/example_dags/example_python_decorator.py for tasks to queue
[2026-02-02T14:23:01.123+0000] {logging_mixin.py:188} INFO - [2026-02-02T14:23:01.123+0000] {dagbag.py:538} INFO - Filling up the DagBag from /home/airflow/.local/lib/python3.8/site-packages/airflow/example_dags/example_python_decorator.py
[2026-02-02T14:23:01.133+0000] {processor.py:840} INFO - DAG(s) 'example_python_decorator' retrieved from /home/airflow/.local/lib/python3.8/site-packages/airflow/example_dags/example_python_decorator.py
[2026-02-02T14:23:01.150+0000] {logging_mixin.py:188} INFO - [2026-02-02T14:23:01.150+0000] {dag.py:3036} INFO - Sync 1 DAGs
[2026-02-02T14:23:01.159+0000] {logging_mixin.py:188} INFO - [2026-02-02T14:23:01.159+0000] {dag.py:3823} INFO - Setting next_dagrun for example_python_decorator to None, run_after=None
[2026-02-02T14:23:01.174+0000] {processor.py:183} INFO - Processing /home/airflow/.local/lib/python3.8/site-packages/airflow/example_dags/example_python_decorator.py took 0.057 seconds
[2026-02-02T14:23:31.712+0000] {processor.py:161} INFO - Started process (PID=422) to work on /home/airflow/.local/lib/python3.8/site-packages/airflow/example_dags/example_python_decorator.py
[2026-02-02T14:23:31.713+0000] {processor.py:830} INFO - Processing file /home/airflow/.local/lib/python3.8/site-packages/airflow/example_dags/example_python_decorator.py for tasks to queue
[2026-02-02T14:23:31.715+0000] {logging_mixin.py:188} INFO - [2026-02-02T14:23:31.715+0000] {dagbag.py:538} INFO - Filling up the DagBag from /home/airflow/.local/lib/python3.8/site-packages/airflow/example_dags/example_python_decorator.py
[2026-02-02T14:23:31.725+0000] {processor.py:840} INFO - DAG(s) 'example_python_decorator' retrieved from /home/airflow/.local/lib/python3.8/site-packages/airflow/example_dags/example_python_decorator.py
[2026-02-02T14:23:31.742+0000] {logging_mixin.py:188} INFO - [2026-02-02T14:23:31.742+0000] {dag.py:3036} INFO - Sync 1 DAGs
[2026-02-02T14:23:31.752+0000] {logging_mixin.py:188} INFO - [2026-02-02T14:23:31.752+0000] {dag.py:3823} INFO - Setting next_dagrun for example_python_decorator to None, run_after=None
[2026-02-02T14:23:31.765+0000] {processor.py:183} INFO - Processing /home/airflow/.local/lib/python3.8/site-packages/airflow/example_dags/example_python_decorator.py took 0.058 seconds
[2026-02-02T14:24:01.928+0000] {processor.py:161} INFO - Started process (PID=476) to work on /home/airflow/.local/lib/python3.8/site-packages/airflow/example_dags/example_python_decorator.py
[2026-02-02T14:24:01.929+0000] {processor.py:830} INFO - Processing file /home/airflow/.local/lib/python3.8/site-packages/airflow/example_dags/example_python_decorator.py for tasks to queue
[2026-02-02T14:24:01.930+0000] {logging_mixin.py:188} INFO - [2026-02-02T14:24:01.930+0000] {dagbag.py:538} INFO - Filling up the DagBag from /home/airflow/.local/lib/python3.8/site-packages/airflow/example_dags/example_python_decorator.py
[2026-02-02T14:24:01.941+0000] {processor.py:840} INFO - DAG(s) 'example_python_decorator' retrieved from /home/airflow/.local/lib/python3.8/site-packages/airflow/example_dags/example_python_decorator.py
[2026-02-02T14:24:01.958+0000] {logging_mixin.py:188} INFO - [2026-02-02T14:24:01.957+0000] {dag.py:3036} INFO - Sync 1 DAGs
[2026-02-02T14:24:01.967+0000] {logging_mixin.py:188} INFO - [2026-02-02T14:24:01.967+0000] {dag.py:3823} INFO - Setting next_dagrun for example_python_decorator to None, run_after=None
[2026-02-02T14:24:01.981+0000] {processor.py:183} INFO - Processing /home/airflow/.local/lib/python3.8/site-packages/airflow/example_dags/example_python_decorator.py took 0.056 seconds
[2026-02-02T14:24:32.238+0000] {processor.py:161} INFO - Started process (PID=532) to work on /home/airflow/.local/lib/python3.8/site-packages/airflow/example_dags/example_python_decorator.py
[2026-02-02T14:24:32.238+0000] {processor.py:830} INFO - Processing file /home/airflow/.local/lib/python3.8/site-packages/airflow/example_dags/example_python_decorator.py for tasks to queue
[2026-02-02T14:24:32.240+0000] {logging_mixin.py:188} INFO - [2026-02-02T14:24:32.240+0000] {dagbag.py:538} INFO - Filling up the DagBag from /home/airflow/.local/lib/python3.8/site-packages/airflow/example_dags/example_python_decorator.py
[2026-02-02T14:24:32.250+0000] {processor.py:840} INFO - DAG(s) 'example_python_decorator' retrieved from /home/airflow/.local/lib/python3.8/site-packages/airflow/example_dags/example_python_decorator.py
[2026-02-02T14:24:32.269+0000] {logging_mixin.py:188} INFO - [2026-02-02T14:24:32.269+0000] {dag.py:3036} INFO - Sync 1 DAGs
[2026-02-02T14:24:32.279+0000] {logging_mixin.py:188} INFO - [2026-02-02T14:24:32.279+0000] {dag.py:3823} INFO - Setting next_dagrun for example_python_decorator to None, run_after=None
[2026-02-02T14:24:32.293+0000] {processor.py:183} INFO - Processing /home/airflow/.local/lib/python3.8/site-packages/airflow/example_dags/example_python_decorator.py took 0.058 seconds
[2026-02-02T14:25:02.726+0000] {processor.py:161} INFO - Started process (PID=587) to work on /home/airflow/.local/lib/python3.8/site-packages/airflow/example_dags/example_python_decorator.py
[2026-02-02T14:25:02.731+0000] {processor.py:830} INFO - Processing file /home/airflow/.local/lib/python3.8/site-packages/airflow/example_dags/example_python_decorator.py for tasks to queue
[2026-02-02T14:25:02.735+0000] {logging_mixin.py:188} INFO - [2026-02-02T14:25:02.735+0000] {dagbag.py:538} INFO - Filling up the DagBag from /home/airflow/.local/lib/python3.8/site-packages/airflow/example_dags/example_python_decorator.py
[2026-02-02T14:25:02.772+0000] {processor.py:840} INFO - DAG(s) 'example_python_decorator' retrieved from /home/airflow/.local/lib/python3.8/site-packages/airflow/example_dags/example_python_decorator.py
[2026-02-02T14:25:02.825+0000] {logging_mixin.py:188} INFO - [2026-02-02T14:25:02.825+0000] {dag.py:3036} INFO - Sync 1 DAGs
[2026-02-02T14:25:02.853+0000] {logging_mixin.py:188} INFO - [2026-02-02T14:25:02.853+0000] {dag.py:3823} INFO - Setting next_dagrun for example_python_decorator to None, run_after=None
[2026-02-02T14:25:02.912+0000] {processor.py:183} INFO - Processing /home/airflow/.local/lib/python3.8/site-packages/airflow/example_dags/example_python_decorator.py took 0.193 seconds
[2026-02-02T14:25:33.576+0000] {processor.py:161} INFO - Started process (PID=642) to work on /home/airflow/.local/lib/python3.8/site-packages/airflow/example_dags/example_python_decorator.py
[2026-02-02T14:25:33.576+0000] {processor.py:830} INFO - Processing file /home/airflow/.local/lib/python3.8/site-packages/airflow/example_dags/example_python_decorator.py for tasks to queue
[2026-02-02T14:25:33.578+0000] {logging_mixin.py:188} INFO - [2026-02-02T14:25:33.578+0000] {dagbag.py:538} INFO - Filling up the DagBag from /home/airflow/.local/lib/python3.8/site-packages/airflow/example_dags/example_python_decorator.py
[2026-02-02T14:25:33.588+0000] {processor.py:840} INFO - DAG(s) 'example_python_decorator' retrieved from /home/airflow/.local/lib/python3.8/site-packages/airflow/example_dags/example_python_decorator.py
[2026-02-02T14:25:33.610+0000] {logging_mixin.py:188} INFO - [2026-02-02T14:25:33.610+0000] {dag.py:3036} INFO - Sync 1 DAGs
[2026-02-02T14:25:33.620+0000] {logging_mixin.py:188} INFO - [2026-02-02T14:25:33.620+0000] {dag.py:3823} INFO - Setting next_dagrun for example_python_decorator to None, run_after=None
[2026-02-02T14:25:33.634+0000] {processor.py:183} INFO - Processing /home/airflow/.local/lib/python3.8/site-packages/airflow/example_dags/example_python_decorator.py took 0.062 seconds
[2026-02-02T14:26:03.980+0000] {processor.py:161} INFO - Started process (PID=697) to work on /home/airflow/.local/lib/python3.8/site-packages/airflow/example_dags/example_python_decorator.py
[2026-02-02T14:26:03.981+0000] {processor.py:830} INFO - Processing file /home/airflow/.local/lib/python3.8/site-packages/airflow/example_dags/example_python_decorator.py for tasks to queue
[2026-02-02T14:26:03.982+0000] {logging_mixin.py:188} INFO - [2026-02-02T14:26:03.982+0000] {dagbag.py:538} INFO - Filling up the DagBag from /home/airflow/.local/lib/python3.8/site-packages/airflow/example_dags/example_python_decorator.py
[2026-02-02T14:26:03.993+0000] {processor.py:840} INFO - DAG(s) 'example_python_decorator' retrieved from /home/airflow/.local/lib/python3.8/site-packages/airflow/example_dags/example_python_decorator.py
[2026-02-02T14:26:04.009+0000] {logging_mixin.py:188} INFO - [2026-02-02T14:26:04.009+0000] {dag.py:3036} INFO - Sync 1 DAGs
[2026-02-02T14:26:04.018+0000] {logging_mixin.py:188} INFO - [2026-02-02T14:26:04.018+0000] {dag.py:3823} INFO - Setting next_dagrun for example_python_decorator to None, run_after=None
[2026-02-02T14:26:04.032+0000] {processor.py:183} INFO - Processing /home/airflow/.local/lib/python3.8/site-packages/airflow/example_dags/example_python_decorator.py took 0.055 seconds
[2026-02-02T14:26:34.206+0000] {processor.py:161} INFO - Started process (PID=752) to work on /home/airflow/.local/lib/python3.8/site-packages/airflow/example_dags/example_python_decorator.py
[2026-02-02T14:26:34.207+0000] {processor.py:830} INFO - Processing file /home/airflow/.local/lib/python3.8/site-packages/airflow/example_dags/example_python_decorator.py for tasks to queue
[2026-02-02T14:26:34.208+0000] {logging_mixin.py:188} INFO - [2026-02-02T14:26:34.208+0000] {dagbag.py:538} INFO - Filling up the DagBag from /home/airflow/.local/lib/python3.8/site-packages/airflow/example_dags/example_python_decorator.py
[2026-02-02T14:26:34.220+0000] {processor.py:840} INFO - DAG(s) 'example_python_decorator' retrieved from /home/airflow/.local/lib/python3.8/site-packages/airflow/example_dags/example_python_decorator.py
[2026-02-02T14:26:34.237+0000] {logging_mixin.py:188} INFO - [2026-02-02T14:26:34.236+0000] {dag.py:3036} INFO - Sync 1 DAGs
[2026-02-02T14:26:34.246+0000] {logging_mixin.py:188} INFO - [2026-02-02T14:26:34.246+0000] {dag.py:3823} INFO - Setting next_dagrun for example_python_decorator to None, run_after=None
[2026-02-02T14:26:34.260+0000] {processor.py:183} INFO - Processing /home/airflow/.local/lib/python3.8/site-packages/airflow/example_dags/example_python_decorator.py took 0.056 seconds
[2026-02-02T14:27:04.783+0000] {processor.py:161} INFO - Started process (PID=807) to work on /home/airflow/.local/lib/python3.8/site-packages/airflow/example_dags/example_python_decorator.py
[2026-02-02T14:27:04.783+0000] {processor.py:830} INFO - Processing file /home/airflow/.local/lib/python3.8/site-packages/airflow/example_dags/example_python_decorator.py for tasks to queue
[2026-02-02T14:27:04.785+0000] {logging_mixin.py:188} INFO - [2026-02-02T14:27:04.785+0000] {dagbag.py:538} INFO - Filling up the DagBag from /home/airflow/.local/lib/python3.8/site-packages/airflow/example_dags/example_python_decorator.py
[2026-02-02T14:27:04.795+0000] {processor.py:840} INFO - DAG(s) 'example_python_decorator' retrieved from /home/airflow/.local/lib/python3.8/site-packages/airflow/example_dags/example_python_decorator.py
[2026-02-02T14:27:04.812+0000] {logging_mixin.py:188} INFO - [2026-02-02T14:27:04.812+0000] {dag.py:3036} INFO - Sync 1 DAGs
[2026-02-02T14:27:04.827+0000] {logging_mixin.py:188} INFO - [2026-02-02T14:27:04.827+0000] {dag.py:3823} INFO - Setting next_dagrun for example_python_decorator to None, run_after=None
[2026-02-02T14:27:04.848+0000] {processor.py:183} INFO - Processing /home/airflow/.local/lib/python3.8/site-packages/airflow/example_dags/example_python_decorator.py took 0.067 seconds
[2026-02-02T14:27:35.018+0000] {processor.py:161} INFO - Started process (PID=862) to work on /home/airflow/.local/lib/python3.8/site-packages/airflow/example_dags/example_python_decorator.py
[2026-02-02T14:27:35.019+0000] {processor.py:830} INFO - Processing file /home/airflow/.local/lib/python3.8/site-packages/airflow/example_dags/example_python_decorator.py for tasks to queue
[2026-02-02T14:27:35.020+0000] {logging_mixin.py:188} INFO - [2026-02-02T14:27:35.020+0000] {dagbag.py:538} INFO - Filling up the DagBag from /home/airflow/.local/lib/python3.8/site-packages/airflow/example_dags/example_python_decorator.py
[2026-02-02T14:27:35.031+0000] {processor.py:840} INFO - DAG(s) 'example_python_decorator' retrieved from /home/airflow/.local/lib/python3.8/site-packages/airflow/example_dags/example_python_decorator.py
[2026-02-02T14:27:35.048+0000] {logging_mixin.py:188} INFO - [2026-02-02T14:27:35.048+0000] {dag.py:3036} INFO - Sync 1 DAGs
[2026-02-02T14:27:35.058+0000] {logging_mixin.py:188} INFO - [2026-02-02T14:27:35.058+0000] {dag.py:3823} INFO - Setting next_dagrun for example_python_decorator to None, run_after=None
[2026-02-02T14:27:35.073+0000] {processor.py:183} INFO - Processing /home/airflow/.local/lib/python3.8/site-packages/airflow/example_dags/example_python_decorator.py took 0.058 seconds
[2026-02-02T14:28:05.613+0000] {processor.py:161} INFO - Started process (PID=917) to work on /home/airflow/.local/lib/python3.8/site-packages/airflow/example_dags/example_python_decorator.py
[2026-02-02T14:28:05.614+0000] {processor.py:830} INFO - Processing file /home/airflow/.local/lib/python3.8/site-packages/airflow/example_dags/example_python_decorator.py for tasks to queue
[2026-02-02T14:28:05.615+0000] {logging_mixin.py:188} INFO - [2026-02-02T14:28:05.615+0000] {dagbag.py:538} INFO - Filling up the DagBag from /home/airflow/.local/lib/python3.8/site-packages/airflow/example_dags/example_python_decorator.py
[2026-02-02T14:28:05.626+0000] {processor.py:840} INFO - DAG(s) 'example_python_decorator' retrieved from /home/airflow/.local/lib/python3.8/site-packages/airflow/example_dags/example_python_decorator.py
[2026-02-02T14:28:05.646+0000] {logging_mixin.py:188} INFO - [2026-02-02T14:28:05.646+0000] {dag.py:3036} INFO - Sync 1 DAGs
[2026-02-02T14:28:05.660+0000] {logging_mixin.py:188} INFO - [2026-02-02T14:28:05.660+0000] {dag.py:3823} INFO - Setting next_dagrun for example_python_decorator to None, run_after=None
[2026-02-02T14:28:05.673+0000] {processor.py:183} INFO - Processing /home/airflow/.local/lib/python3.8/site-packages/airflow/example_dags/example_python_decorator.py took 0.064 seconds
[2026-02-02T14:28:36.546+0000] {processor.py:161} INFO - Started process (PID=972) to work on /home/airflow/.local/lib/python3.8/site-packages/airflow/example_dags/example_python_decorator.py
[2026-02-02T14:28:36.547+0000] {processor.py:830} INFO - Processing file /home/airflow/.local/lib/python3.8/site-packages/airflow/example_dags/example_python_decorator.py for tasks to queue
[2026-02-02T14:28:36.548+0000] {logging_mixin.py:188} INFO - [2026-02-02T14:28:36.548+0000] {dagbag.py:538} INFO - Filling up the DagBag from /home/airflow/.local/lib/python3.8/site-packages/airflow/example_dags/example_python_decorator.py
[2026-02-02T14:28:36.559+0000] {processor.py:840} INFO - DAG(s) 'example_python_decorator' retrieved from /home/airflow/.local/lib/python3.8/site-packages/airflow/example_dags/example_python_decorator.py
[2026-02-02T14:28:36.576+0000] {logging_mixin.py:188} INFO - [2026-02-02T14:28:36.576+0000] {dag.py:3036} INFO - Sync 1 DAGs
[2026-02-02T14:28:36.585+0000] {logging_mixin.py:188} INFO - [2026-02-02T14:28:36.585+0000] {dag.py:3823} INFO - Setting next_dagrun for example_python_decorator to None, run_after=None
[2026-02-02T14:28:36.599+0000] {processor.py:183} INFO - Processing /home/airflow/.local/lib/python3.8/site-packages/airflow/example_dags/example_python_decorator.py took 0.056 seconds
[2026-02-02T14:29:07.123+0000] {processor.py:161} INFO - Started process (PID=1027) to work on /home/airflow/.local/lib/python3.8/site-packages/airflow/example_dags/example_python_decorator.py
[2026-02-02T14:29:07.124+0000] {processor.py:830} INFO - Processing file /home/airflow/.local/lib/python3.8/site-packages/airflow/example_dags/example_python_decorator.py for tasks to queue
[2026-02-02T14:29:07.127+0000] {logging_mixin.py:188} INFO - [2026-02-02T14:29:07.126+0000] {dagbag.py:538} INFO - Filling up the DagBag from /home/airflow/.local/lib/python3.8/site-packages/airflow/example_dags/example_python_decorator.py
[2026-02-02T14:29:07.144+0000] {processor.py:840} INFO - DAG(s) 'example_python_decorator' retrieved from /home/airflow/.local/lib/python3.8/site-packages/airflow/example_dags/example_python_decorator.py
[2026-02-02T14:29:07.161+0000] {logging_mixin.py:188} INFO - [2026-02-02T14:29:07.161+0000] {dag.py:3036} INFO - Sync 1 DAGs
[2026-02-02T14:29:07.171+0000] {logging_mixin.py:188} INFO - [2026-02-02T14:29:07.170+0000] {dag.py:3823} INFO - Setting next_dagrun for example_python_decorator to None, run_after=None
[2026-02-02T14:29:07.184+0000] {processor.py:183} INFO - Processing /home/airflow/.local/lib/python3.8/site-packages/airflow/example_dags/example_python_decorator.py took 0.064 seconds
[2026-02-02T14:29:37.269+0000] {processor.py:161} INFO - Started process (PID=1082) to work on /home/airflow/.local/lib/python3.8/site-packages/airflow/example_dags/example_python_decorator.py
[2026-02-02T14:29:37.270+0000] {processor.py:830} INFO - Processing file /home/airflow/.local/lib/python3.8/site-packages/airflow/example_dags/example_python_decorator.py for tasks to queue
[2026-02-02T14:29:37.271+0000] {logging_mixin.py:188} INFO - [2026-02-02T14:29:37.271+0000] {dagbag.py:538} INFO - Filling up the DagBag from /home/airflow/.local/lib/python3.8/site-packages/airflow/example_dags/example_python_decorator.py
[2026-02-02T14:29:37.287+0000] {processor.py:840} INFO - DAG(s) 'example_python_decorator' retrieved from /home/airflow/.local/lib/python3.8/site-packages/airflow/example_dags/example_python_decorator.py
[2026-02-02T14:29:37.306+0000] {logging_mixin.py:188} INFO - [2026-02-02T14:29:37.306+0000] {dag.py:3036} INFO - Sync 1 DAGs
[2026-02-02T14:29:37.316+0000] {logging_mixin.py:188} INFO - [2026-02-02T14:29:37.315+0000] {dag.py:3823} INFO - Setting next_dagrun for example_python_decorator to None, run_after=None
[2026-02-02T14:29:37.329+0000] {processor.py:183} INFO - Processing /home/airflow/.local/lib/python3.8/site-packages/airflow/example_dags/example_python_decorator.py took 0.063 seconds
[2026-02-02T14:30:07.783+0000] {processor.py:161} INFO - Started process (PID=1137) to work on /home/airflow/.local/lib/python3.8/site-packages/airflow/example_dags/example_python_decorator.py
[2026-02-02T14:30:07.784+0000] {processor.py:830} INFO - Processing file /home/airflow/.local/lib/python3.8/site-packages/airflow/example_dags/example_python_decorator.py for tasks to queue
[2026-02-02T14:30:07.785+0000] {logging_mixin.py:188} INFO - [2026-02-02T14:30:07.785+0000] {dagbag.py:538} INFO - Filling up the DagBag from /home/airflow/.local/lib/python3.8/site-packages/airflow/example_dags/example_python_decorator.py
[2026-02-02T14:30:07.797+0000] {processor.py:840} INFO - DAG(s) 'example_python_decorator' retrieved from /home/airflow/.local/lib/python3.8/site-packages/airflow/example_dags/example_python_decorator.py
[2026-02-02T14:30:07.814+0000] {logging_mixin.py:188} INFO - [2026-02-02T14:30:07.814+0000] {dag.py:3036} INFO - Sync 1 DAGs
[2026-02-02T14:30:07.823+0000] {logging_mixin.py:188} INFO - [2026-02-02T14:30:07.823+0000] {dag.py:3823} INFO - Setting next_dagrun for example_python_decorator to None, run_after=None
[2026-02-02T14:30:07.837+0000] {processor.py:183} INFO - Processing /home/airflow/.local/lib/python3.8/site-packages/airflow/example_dags/example_python_decorator.py took 0.056 seconds
[2026-02-02T14:30:38.626+0000] {processor.py:161} INFO - Started process (PID=1192) to work on /home/airflow/.local/lib/python3.8/site-packages/airflow/example_dags/example_python_decorator.py
[2026-02-02T14:30:38.627+0000] {processor.py:830} INFO - Processing file /home/airflow/.local/lib/python3.8/site-packages/airflow/example_dags/example_python_decorator.py for tasks to queue
[2026-02-02T14:30:38.628+0000] {logging_mixin.py:188} INFO - [2026-02-02T14:30:38.628+0000] {dagbag.py:538} INFO - Filling up the DagBag from /home/airflow/.local/lib/python3.8/site-packages/airflow/example_dags/example_python_decorator.py
[2026-02-02T14:30:38.638+0000] {processor.py:840} INFO - DAG(s) 'example_python_decorator' retrieved from /home/airflow/.local/lib/python3.8/site-packages/airflow/example_dags/example_python_decorator.py
[2026-02-02T14:30:38.655+0000] {logging_mixin.py:188} INFO - [2026-02-02T14:30:38.655+0000] {dag.py:3036} INFO - Sync 1 DAGs
[2026-02-02T14:30:38.664+0000] {logging_mixin.py:188} INFO - [2026-02-02T14:30:38.664+0000] {dag.py:3823} INFO - Setting next_dagrun for example_python_decorator to None, run_after=None
[2026-02-02T14:30:38.678+0000] {processor.py:183} INFO - Processing /home/airflow/.local/lib/python3.8/site-packages/airflow/example_dags/example_python_decorator.py took 0.055 seconds
[2026-02-02T14:31:09.082+0000] {processor.py:161} INFO - Started process (PID=1247) to work on /home/airflow/.local/lib/python3.8/site-packages/airflow/example_dags/example_python_decorator.py
[2026-02-02T14:31:09.083+0000] {processor.py:830} INFO - Processing file /home/airflow/.local/lib/python3.8/site-packages/airflow/example_dags/example_python_decorator.py for tasks to queue
[2026-02-02T14:31:09.084+0000] {logging_mixin.py:188} INFO - [2026-02-02T14:31:09.084+0000] {dagbag.py:538} INFO - Filling up the DagBag from /home/airflow/.local/lib/python3.8/site-packages/airflow/example_dags/example_python_decorator.py
[2026-02-02T14:31:09.094+0000] {processor.py:840} INFO - DAG(s) 'example_python_decorator' retrieved from /home/airflow/.local/lib/python3.8/site-packages/airflow/example_dags/example_python_decorator.py
[2026-02-02T14:31:09.111+0000] {logging_mixin.py:188} INFO - [2026-02-02T14:31:09.110+0000] {dag.py:3036} INFO - Sync 1 DAGs
[2026-02-02T14:31:09.120+0000] {logging_mixin.py:188} INFO - [2026-02-02T14:31:09.120+0000] {dag.py:3823} INFO - Setting next_dagrun for example_python_decorator to None, run_after=None
[2026-02-02T14:31:09.133+0000] {processor.py:183} INFO - Processing /home/airflow/.local/lib/python3.8/site-packages/airflow/example_dags/example_python_decorator.py took 0.055 seconds
[2026-02-02T14:31:39.794+0000] {processor.py:161} INFO - Started process (PID=1302) to work on /home/airflow/.local/lib/python3.8/site-packages/airflow/example_dags/example_python_decorator.py
[2026-02-02T14:31:39.795+0000] {processor.py:830} INFO - Processing file /home/airflow/.local/lib/python3.8/site-packages/airflow/example_dags/example_python_decorator.py for tasks to queue
[2026-02-02T14:31:39.796+0000] {logging_mixin.py:188} INFO - [2026-02-02T14:31:39.796+0000] {dagbag.py:538} INFO - Filling up the DagBag from /home/airflow/.local/lib/python3.8/site-packages/airflow/example_dags/example_python_decorator.py
[2026-02-02T14:31:39.807+0000] {processor.py:840} INFO - DAG(s) 'example_python_decorator' retrieved from /home/airflow/.local/lib/python3.8/site-packages/airflow/example_dags/example_python_decorator.py
[2026-02-02T14:31:39.823+0000] {logging_mixin.py:188} INFO - [2026-02-02T14:31:39.823+0000] {dag.py:3036} INFO - Sync 1 DAGs
[2026-02-02T14:31:39.833+0000] {logging_mixin.py:188} INFO - [2026-02-02T14:31:39.832+0000] {dag.py:3823} INFO - Setting next_dagrun for example_python_decorator to None, run_after=None
[2026-02-02T14:31:39.846+0000] {processor.py:183} INFO - Processing /home/airflow/.local/lib/python3.8/site-packages/airflow/example_dags/example_python_decorator.py took 0.055 seconds
[2026-02-02T14:32:10.370+0000] {processor.py:161} INFO - Started process (PID=1357) to work on /home/airflow/.local/lib/python3.8/site-packages/airflow/example_dags/example_python_decorator.py
[2026-02-02T14:32:10.371+0000] {processor.py:830} INFO - Processing file /home/airflow/.local/lib/python3.8/site-packages/airflow/example_dags/example_python_decorator.py for tasks to queue
[2026-02-02T14:32:10.373+0000] {logging_mixin.py:188} INFO - [2026-02-02T14:32:10.373+0000] {dagbag.py:538} INFO - Filling up the DagBag from /home/airflow/.local/lib/python3.8/site-packages/airflow/example_dags/example_python_decorator.py
[2026-02-02T14:32:10.391+0000] {processor.py:840} INFO - DAG(s) 'example_python_decorator' retrieved from /home/airflow/.local/lib/python3.8/site-packages/airflow/example_dags/example_python_decorator.py
[2026-02-02T14:32:10.418+0000] {logging_mixin.py:188} INFO - [2026-02-02T14:32:10.417+0000] {dag.py:3036} INFO - Sync 1 DAGs
[2026-02-02T14:32:10.432+0000] {logging_mixin.py:188} INFO - [2026-02-02T14:32:10.432+0000] {dag.py:3823} INFO - Setting next_dagrun for example_python_decorator to None, run_after=None
[2026-02-02T14:32:10.455+0000] {processor.py:183} INFO - Processing /home/airflow/.local/lib/python3.8/site-packages/airflow/example_dags/example_python_decorator.py took 0.095 seconds
[2026-02-02T14:32:40.887+0000] {processor.py:161} INFO - Started process (PID=1412) to work on /home/airflow/.local/lib/python3.8/site-packages/airflow/example_dags/example_python_decorator.py
[2026-02-02T14:32:40.888+0000] {processor.py:830} INFO - Processing file /home/airflow/.local/lib/python3.8/site-packages/airflow/example_dags/example_python_decorator.py for tasks to queue
[2026-02-02T14:32:40.889+0000] {logging_mixin.py:188} INFO - [2026-02-02T14:32:40.889+0000] {dagbag.py:538} INFO - Filling up the DagBag from /home/airflow/.local/lib/python3.8/site-packages/airflow/example_dags/example_python_decorator.py
[2026-02-02T14:32:40.901+0000] {processor.py:840} INFO - DAG(s) 'example_python_decorator' retrieved from /home/airflow/.local/lib/python3.8/site-packages/airflow/example_dags/example_python_decorator.py
[2026-02-02T14:32:40.920+0000] {logging_mixin.py:188} INFO - [2026-02-02T14:32:40.920+0000] {dag.py:3036} INFO - Sync 1 DAGs
[2026-02-02T14:32:40.933+0000] {logging_mixin.py:188} INFO - [2026-02-02T14:32:40.933+0000] {dag.py:3823} INFO - Setting next_dagrun for example_python_decorator to None, run_after=None
[2026-02-02T14:32:40.946+0000] {processor.py:183} INFO - Processing /home/airflow/.local/lib/python3.8/site-packages/airflow/example_dags/example_python_decorator.py took 0.063 seconds
[2026-02-02T14:33:11.741+0000] {processor.py:161} INFO - Started process (PID=1467) to work on /home/airflow/.local/lib/python3.8/site-packages/airflow/example_dags/example_python_decorator.py
[2026-02-02T14:33:11.743+0000] {processor.py:830} INFO - Processing file /home/airflow/.local/lib/python3.8/site-packages/airflow/example_dags/example_python_decorator.py for tasks to queue
[2026-02-02T14:33:11.745+0000] {logging_mixin.py:188} INFO - [2026-02-02T14:33:11.745+0000] {dagbag.py:538} INFO - Filling up the DagBag from /home/airflow/.local/lib/python3.8/site-packages/airflow/example_dags/example_python_decorator.py
[2026-02-02T14:33:11.763+0000] {processor.py:840} INFO - DAG(s) 'example_python_decorator' retrieved from /home/airflow/.local/lib/python3.8/site-packages/airflow/example_dags/example_python_decorator.py
[2026-02-02T14:33:11.788+0000] {logging_mixin.py:188} INFO - [2026-02-02T14:33:11.788+0000] {dag.py:3036} INFO - Sync 1 DAGs
[2026-02-02T14:33:11.807+0000] {logging_mixin.py:188} INFO - [2026-02-02T14:33:11.807+0000] {dag.py:3823} INFO - Setting next_dagrun for example_python_decorator to None, run_after=None
[2026-02-02T14:33:11.841+0000] {processor.py:183} INFO - Processing /home/airflow/.local/lib/python3.8/site-packages/airflow/example_dags/example_python_decorator.py took 0.105 seconds
[2026-02-02T14:33:42.061+0000] {processor.py:161} INFO - Started process (PID=1522) to work on /home/airflow/.local/lib/python3.8/site-packages/airflow/example_dags/example_python_decorator.py
[2026-02-02T14:33:42.062+0000] {processor.py:830} INFO - Processing file /home/airflow/.local/lib/python3.8/site-packages/airflow/example_dags/example_python_decorator.py for tasks to queue
[2026-02-02T14:33:42.064+0000] {logging_mixin.py:188} INFO - [2026-02-02T14:33:42.063+0000] {dagbag.py:538} INFO - Filling up the DagBag from /home/airflow/.local/lib/python3.8/site-packages/airflow/example_dags/example_python_decorator.py
[2026-02-02T14:33:42.092+0000] {processor.py:840} INFO - DAG(s) 'example_python_decorator' retrieved from /home/airflow/.local/lib/python3.8/site-packages/airflow/example_dags/example_python_decorator.py
[2026-02-02T14:33:42.122+0000] {logging_mixin.py:188} INFO - [2026-02-02T14:33:42.122+0000] {dag.py:3036} INFO - Sync 1 DAGs
[2026-02-02T14:33:42.139+0000] {logging_mixin.py:188} INFO - [2026-02-02T14:33:42.139+0000] {dag.py:3823} INFO - Setting next_dagrun for example_python_decorator to None, run_after=None
[2026-02-02T14:33:42.158+0000] {processor.py:183} INFO - Processing /home/airflow/.local/lib/python3.8/site-packages/airflow/example_dags/example_python_decorator.py took 0.107 seconds
[2026-02-02T14:34:12.388+0000] {processor.py:161} INFO - Started process (PID=1577) to work on /home/airflow/.local/lib/python3.8/site-packages/airflow/example_dags/example_python_decorator.py
[2026-02-02T14:34:12.389+0000] {processor.py:830} INFO - Processing file /home/airflow/.local/lib/python3.8/site-packages/airflow/example_dags/example_python_decorator.py for tasks to queue
[2026-02-02T14:34:12.390+0000] {logging_mixin.py:188} INFO - [2026-02-02T14:34:12.390+0000] {dagbag.py:538} INFO - Filling up the DagBag from /home/airflow/.local/lib/python3.8/site-packages/airflow/example_dags/example_python_decorator.py
[2026-02-02T14:34:12.401+0000] {processor.py:840} INFO - DAG(s) 'example_python_decorator' retrieved from /home/airflow/.local/lib/python3.8/site-packages/airflow/example_dags/example_python_decorator.py
[2026-02-02T14:34:12.421+0000] {logging_mixin.py:188} INFO - [2026-02-02T14:34:12.420+0000] {dag.py:3036} INFO - Sync 1 DAGs
[2026-02-02T14:34:12.434+0000] {logging_mixin.py:188} INFO - [2026-02-02T14:34:12.434+0000] {dag.py:3823} INFO - Setting next_dagrun for example_python_decorator to None, run_after=None
[2026-02-02T14:34:12.450+0000] {processor.py:183} INFO - Processing /home/airflow/.local/lib/python3.8/site-packages/airflow/example_dags/example_python_decorator.py took 0.064 seconds
[2026-02-02T14:34:42.817+0000] {processor.py:161} INFO - Started process (PID=1632) to work on /home/airflow/.local/lib/python3.8/site-packages/airflow/example_dags/example_python_decorator.py
[2026-02-02T14:34:42.818+0000] {processor.py:830} INFO - Processing file /home/airflow/.local/lib/python3.8/site-packages/airflow/example_dags/example_python_decorator.py for tasks to queue
[2026-02-02T14:34:42.819+0000] {logging_mixin.py:188} INFO - [2026-02-02T14:34:42.819+0000] {dagbag.py:538} INFO - Filling up the DagBag from /home/airflow/.local/lib/python3.8/site-packages/airflow/example_dags/example_python_decorator.py
[2026-02-02T14:34:42.829+0000] {processor.py:840} INFO - DAG(s) 'example_python_decorator' retrieved from /home/airflow/.local/lib/python3.8/site-packages/airflow/example_dags/example_python_decorator.py
[2026-02-02T14:34:42.846+0000] {logging_mixin.py:188} INFO - [2026-02-02T14:34:42.846+0000] {dag.py:3036} INFO - Sync 1 DAGs
[2026-02-02T14:34:42.859+0000] {logging_mixin.py:188} INFO - [2026-02-02T14:34:42.859+0000] {dag.py:3823} INFO - Setting next_dagrun for example_python_decorator to None, run_after=None
[2026-02-02T14:34:42.875+0000] {processor.py:183} INFO - Processing /home/airflow/.local/lib/python3.8/site-packages/airflow/example_dags/example_python_decorator.py took 0.060 seconds
[2026-02-02T14:35:12.970+0000] {processor.py:161} INFO - Started process (PID=1685) to work on /home/airflow/.local/lib/python3.8/site-packages/airflow/example_dags/example_python_decorator.py
[2026-02-02T14:35:12.971+0000] {processor.py:830} INFO - Processing file /home/airflow/.local/lib/python3.8/site-packages/airflow/example_dags/example_python_decorator.py for tasks to queue
[2026-02-02T14:35:12.972+0000] {logging_mixin.py:188} INFO - [2026-02-02T14:35:12.972+0000] {dagbag.py:538} INFO - Filling up the DagBag from /home/airflow/.local/lib/python3.8/site-packages/airflow/example_dags/example_python_decorator.py
[2026-02-02T14:35:12.987+0000] {processor.py:840} INFO - DAG(s) 'example_python_decorator' retrieved from /home/airflow/.local/lib/python3.8/site-packages/airflow/example_dags/example_python_decorator.py
[2026-02-02T14:35:13.013+0000] {logging_mixin.py:188} INFO - [2026-02-02T14:35:13.012+0000] {dag.py:3036} INFO - Sync 1 DAGs
[2026-02-02T14:35:13.032+0000] {logging_mixin.py:188} INFO - [2026-02-02T14:35:13.032+0000] {dag.py:3823} INFO - Setting next_dagrun for example_python_decorator to None, run_after=None
[2026-02-02T14:35:13.051+0000] {processor.py:183} INFO - Processing /home/airflow/.local/lib/python3.8/site-packages/airflow/example_dags/example_python_decorator.py took 0.084 seconds
[2026-02-02T14:35:43.463+0000] {processor.py:161} INFO - Started process (PID=1740) to work on /home/airflow/.local/lib/python3.8/site-packages/airflow/example_dags/example_python_decorator.py
[2026-02-02T14:35:43.464+0000] {processor.py:830} INFO - Processing file /home/airflow/.local/lib/python3.8/site-packages/airflow/example_dags/example_python_decorator.py for tasks to queue
[2026-02-02T14:35:43.466+0000] {logging_mixin.py:188} INFO - [2026-02-02T14:35:43.465+0000] {dagbag.py:538} INFO - Filling up the DagBag from /home/airflow/.local/lib/python3.8/site-packages/airflow/example_dags/example_python_decorator.py
[2026-02-02T14:35:43.481+0000] {processor.py:840} INFO - DAG(s) 'example_python_decorator' retrieved from /home/airflow/.local/lib/python3.8/site-packages/airflow/example_dags/example_python_decorator.py
[2026-02-02T14:35:43.507+0000] {logging_mixin.py:188} INFO - [2026-02-02T14:35:43.506+0000] {dag.py:3036} INFO - Sync 1 DAGs
[2026-02-02T14:35:43.521+0000] {logging_mixin.py:188} INFO - [2026-02-02T14:35:43.521+0000] {dag.py:3823} INFO - Setting next_dagrun for example_python_decorator to None, run_after=None
[2026-02-02T14:35:43.557+0000] {processor.py:183} INFO - Processing /home/airflow/.local/lib/python3.8/site-packages/airflow/example_dags/example_python_decorator.py took 0.097 seconds
[2026-02-02T14:36:14.411+0000] {processor.py:161} INFO - Started process (PID=1795) to work on /home/airflow/.local/lib/python3.8/site-packages/airflow/example_dags/example_python_decorator.py
[2026-02-02T14:36:14.412+0000] {processor.py:830} INFO - Processing file /home/airflow/.local/lib/python3.8/site-packages/airflow/example_dags/example_python_decorator.py for tasks to queue
[2026-02-02T14:36:14.414+0000] {logging_mixin.py:188} INFO - [2026-02-02T14:36:14.413+0000] {dagbag.py:538} INFO - Filling up the DagBag from /home/airflow/.local/lib/python3.8/site-packages/airflow/example_dags/example_python_decorator.py
[2026-02-02T14:36:14.434+0000] {processor.py:840} INFO - DAG(s) 'example_python_decorator' retrieved from /home/airflow/.local/lib/python3.8/site-packages/airflow/example_dags/example_python_decorator.py
[2026-02-02T14:36:14.516+0000] {logging_mixin.py:188} INFO - [2026-02-02T14:36:14.516+0000] {dag.py:3036} INFO - Sync 1 DAGs
[2026-02-02T14:36:14.573+0000] {logging_mixin.py:188} INFO - [2026-02-02T14:36:14.573+0000] {dag.py:3823} INFO - Setting next_dagrun for example_python_decorator to None, run_after=None
[2026-02-02T14:36:14.637+0000] {processor.py:183} INFO - Processing /home/airflow/.local/lib/python3.8/site-packages/airflow/example_dags/example_python_decorator.py took 0.229 seconds
[2026-02-02T14:36:44.714+0000] {processor.py:161} INFO - Started process (PID=1850) to work on /home/airflow/.local/lib/python3.8/site-packages/airflow/example_dags/example_python_decorator.py
[2026-02-02T14:36:44.715+0000] {processor.py:830} INFO - Processing file /home/airflow/.local/lib/python3.8/site-packages/airflow/example_dags/example_python_decorator.py for tasks to queue
[2026-02-02T14:36:44.716+0000] {logging_mixin.py:188} INFO - [2026-02-02T14:36:44.716+0000] {dagbag.py:538} INFO - Filling up the DagBag from /home/airflow/.local/lib/python3.8/site-packages/airflow/example_dags/example_python_decorator.py
[2026-02-02T14:36:44.727+0000] {processor.py:840} INFO - DAG(s) 'example_python_decorator' retrieved from /home/airflow/.local/lib/python3.8/site-packages/airflow/example_dags/example_python_decorator.py
[2026-02-02T14:36:44.744+0000] {logging_mixin.py:188} INFO - [2026-02-02T14:36:44.744+0000] {dag.py:3036} INFO - Sync 1 DAGs
[2026-02-02T14:36:44.753+0000] {logging_mixin.py:188} INFO - [2026-02-02T14:36:44.753+0000] {dag.py:3823} INFO - Setting next_dagrun for example_python_decorator to None, run_after=None
[2026-02-02T14:36:44.767+0000] {processor.py:183} INFO - Processing /home/airflow/.local/lib/python3.8/site-packages/airflow/example_dags/example_python_decorator.py took 0.055 seconds
[2026-02-02T14:37:15.010+0000] {processor.py:161} INFO - Started process (PID=1905) to work on /home/airflow/.local/lib/python3.8/site-packages/airflow/example_dags/example_python_decorator.py
[2026-02-02T14:37:15.011+0000] {processor.py:830} INFO - Processing file /home/airflow/.local/lib/python3.8/site-packages/airflow/example_dags/example_python_decorator.py for tasks to queue
[2026-02-02T14:37:15.012+0000] {logging_mixin.py:188} INFO - [2026-02-02T14:37:15.012+0000] {dagbag.py:538} INFO - Filling up the DagBag from /home/airflow/.local/lib/python3.8/site-packages/airflow/example_dags/example_python_decorator.py
[2026-02-02T14:37:15.022+0000] {processor.py:840} INFO - DAG(s) 'example_python_decorator' retrieved from /home/airflow/.local/lib/python3.8/site-packages/airflow/example_dags/example_python_decorator.py
[2026-02-02T14:37:15.040+0000] {logging_mixin.py:188} INFO - [2026-02-02T14:37:15.040+0000] {dag.py:3036} INFO - Sync 1 DAGs
[2026-02-02T14:37:15.050+0000] {logging_mixin.py:188} INFO - [2026-02-02T14:37:15.050+0000] {dag.py:3823} INFO - Setting next_dagrun for example_python_decorator to None, run_after=None
[2026-02-02T14:37:15.064+0000] {processor.py:183} INFO - Processing /home/airflow/.local/lib/python3.8/site-packages/airflow/example_dags/example_python_decorator.py took 0.057 seconds
[2026-02-02T14:37:45.251+0000] {processor.py:161} INFO - Started process (PID=1960) to work on /home/airflow/.local/lib/python3.8/site-packages/airflow/example_dags/example_python_decorator.py
[2026-02-02T14:37:45.251+0000] {processor.py:830} INFO - Processing file /home/airflow/.local/lib/python3.8/site-packages/airflow/example_dags/example_python_decorator.py for tasks to queue
[2026-02-02T14:37:45.253+0000] {logging_mixin.py:188} INFO - [2026-02-02T14:37:45.252+0000] {dagbag.py:538} INFO - Filling up the DagBag from /home/airflow/.local/lib/python3.8/site-packages/airflow/example_dags/example_python_decorator.py
[2026-02-02T14:37:45.263+0000] {processor.py:840} INFO - DAG(s) 'example_python_decorator' retrieved from /home/airflow/.local/lib/python3.8/site-packages/airflow/example_dags/example_python_decorator.py
[2026-02-02T14:37:45.282+0000] {logging_mixin.py:188} INFO - [2026-02-02T14:37:45.282+0000] {dag.py:3036} INFO - Sync 1 DAGs
[2026-02-02T14:37:45.292+0000] {logging_mixin.py:188} INFO - [2026-02-02T14:37:45.292+0000] {dag.py:3823} INFO - Setting next_dagrun for example_python_decorator to None, run_after=None
[2026-02-02T14:37:45.306+0000] {processor.py:183} INFO - Processing /home/airflow/.local/lib/python3.8/site-packages/airflow/example_dags/example_python_decorator.py took 0.058 seconds
[2026-02-02T14:38:15.743+0000] {processor.py:161} INFO - Started process (PID=2014) to work on /home/airflow/.local/lib/python3.8/site-packages/airflow/example_dags/example_python_decorator.py
[2026-02-02T14:38:15.744+0000] {processor.py:830} INFO - Processing file /home/airflow/.local/lib/python3.8/site-packages/airflow/example_dags/example_python_decorator.py for tasks to queue
[2026-02-02T14:38:15.745+0000] {logging_mixin.py:188} INFO - [2026-02-02T14:38:15.745+0000] {dagbag.py:538} INFO - Filling up the DagBag from /home/airflow/.local/lib/python3.8/site-packages/airflow/example_dags/example_python_decorator.py
[2026-02-02T14:38:15.755+0000] {processor.py:840} INFO - DAG(s) 'example_python_decorator' retrieved from /home/airflow/.local/lib/python3.8/site-packages/airflow/example_dags/example_python_decorator.py
[2026-02-02T14:38:15.773+0000] {logging_mixin.py:188} INFO - [2026-02-02T14:38:15.773+0000] {dag.py:3036} INFO - Sync 1 DAGs
[2026-02-02T14:38:15.783+0000] {logging_mixin.py:188} INFO - [2026-02-02T14:38:15.783+0000] {dag.py:3823} INFO - Setting next_dagrun for example_python_decorator to None, run_after=None
[2026-02-02T14:38:15.798+0000] {processor.py:183} INFO - Processing /home/airflow/.local/lib/python3.8/site-packages/airflow/example_dags/example_python_decorator.py took 0.057 seconds
[2026-02-02T14:38:46.043+0000] {processor.py:161} INFO - Started process (PID=2069) to work on /home/airflow/.local/lib/python3.8/site-packages/airflow/example_dags/example_python_decorator.py
[2026-02-02T14:38:46.044+0000] {processor.py:830} INFO - Processing file /home/airflow/.local/lib/python3.8/site-packages/airflow/example_dags/example_python_decorator.py for tasks to queue
[2026-02-02T14:38:46.046+0000] {logging_mixin.py:188} INFO - [2026-02-02T14:38:46.045+0000] {dagbag.py:538} INFO - Filling up the DagBag from /home/airflow/.local/lib/python3.8/site-packages/airflow/example_dags/example_python_decorator.py
[2026-02-02T14:38:46.056+0000] {processor.py:840} INFO - DAG(s) 'example_python_decorator' retrieved from /home/airflow/.local/lib/python3.8/site-packages/airflow/example_dags/example_python_decorator.py
[2026-02-02T14:38:46.073+0000] {logging_mixin.py:188} INFO - [2026-02-02T14:38:46.073+0000] {dag.py:3036} INFO - Sync 1 DAGs
[2026-02-02T14:38:46.083+0000] {logging_mixin.py:188} INFO - [2026-02-02T14:38:46.083+0000] {dag.py:3823} INFO - Setting next_dagrun for example_python_decorator to None, run_after=None
[2026-02-02T14:38:46.097+0000] {processor.py:183} INFO - Processing /home/airflow/.local/lib/python3.8/site-packages/airflow/example_dags/example_python_decorator.py took 0.057 seconds
[2026-02-02T14:39:16.618+0000] {processor.py:161} INFO - Started process (PID=2124) to work on /home/airflow/.local/lib/python3.8/site-packages/airflow/example_dags/example_python_decorator.py
[2026-02-02T14:39:16.619+0000] {processor.py:830} INFO - Processing file /home/airflow/.local/lib/python3.8/site-packages/airflow/example_dags/example_python_decorator.py for tasks to queue
[2026-02-02T14:39:16.620+0000] {logging_mixin.py:188} INFO - [2026-02-02T14:39:16.620+0000] {dagbag.py:538} INFO - Filling up the DagBag from /home/airflow/.local/lib/python3.8/site-packages/airflow/example_dags/example_python_decorator.py
[2026-02-02T14:39:16.630+0000] {processor.py:840} INFO - DAG(s) 'example_python_decorator' retrieved from /home/airflow/.local/lib/python3.8/site-packages/airflow/example_dags/example_python_decorator.py
[2026-02-02T14:39:16.654+0000] {logging_mixin.py:188} INFO - [2026-02-02T14:39:16.654+0000] {dag.py:3036} INFO - Sync 1 DAGs
[2026-02-02T14:39:16.663+0000] {logging_mixin.py:188} INFO - [2026-02-02T14:39:16.663+0000] {dag.py:3823} INFO - Setting next_dagrun for example_python_decorator to None, run_after=None
[2026-02-02T14:39:16.678+0000] {processor.py:183} INFO - Processing /home/airflow/.local/lib/python3.8/site-packages/airflow/example_dags/example_python_decorator.py took 0.063 seconds
[2026-02-02T14:39:47.560+0000] {processor.py:161} INFO - Started process (PID=2179) to work on /home/airflow/.local/lib/python3.8/site-packages/airflow/example_dags/example_python_decorator.py
[2026-02-02T14:39:47.561+0000] {processor.py:830} INFO - Processing file /home/airflow/.local/lib/python3.8/site-packages/airflow/example_dags/example_python_decorator.py for tasks to queue
[2026-02-02T14:39:47.563+0000] {logging_mixin.py:188} INFO - [2026-02-02T14:39:47.562+0000] {dagbag.py:538} INFO - Filling up the DagBag from /home/airflow/.local/lib/python3.8/site-packages/airflow/example_dags/example_python_decorator.py
[2026-02-02T14:39:47.578+0000] {processor.py:840} INFO - DAG(s) 'example_python_decorator' retrieved from /home/airflow/.local/lib/python3.8/site-packages/airflow/example_dags/example_python_decorator.py
[2026-02-02T14:39:47.602+0000] {logging_mixin.py:188} INFO - [2026-02-02T14:39:47.602+0000] {dag.py:3036} INFO - Sync 1 DAGs
[2026-02-02T14:39:47.615+0000] {logging_mixin.py:188} INFO - [2026-02-02T14:39:47.615+0000] {dag.py:3823} INFO - Setting next_dagrun for example_python_decorator to None, run_after=None
[2026-02-02T14:39:47.629+0000] {processor.py:183} INFO - Processing /home/airflow/.local/lib/python3.8/site-packages/airflow/example_dags/example_python_decorator.py took 0.073 seconds
[2026-02-02T14:40:18.067+0000] {processor.py:161} INFO - Started process (PID=2233) to work on /home/airflow/.local/lib/python3.8/site-packages/airflow/example_dags/example_python_decorator.py
[2026-02-02T14:40:18.069+0000] {processor.py:830} INFO - Processing file /home/airflow/.local/lib/python3.8/site-packages/airflow/example_dags/example_python_decorator.py for tasks to queue
[2026-02-02T14:40:18.072+0000] {logging_mixin.py:188} INFO - [2026-02-02T14:40:18.072+0000] {dagbag.py:538} INFO - Filling up the DagBag from /home/airflow/.local/lib/python3.8/site-packages/airflow/example_dags/example_python_decorator.py
[2026-02-02T14:40:18.088+0000] {processor.py:840} INFO - DAG(s) 'example_python_decorator' retrieved from /home/airflow/.local/lib/python3.8/site-packages/airflow/example_dags/example_python_decorator.py
[2026-02-02T14:40:18.115+0000] {logging_mixin.py:188} INFO - [2026-02-02T14:40:18.114+0000] {dag.py:3036} INFO - Sync 1 DAGs
[2026-02-02T14:40:18.128+0000] {logging_mixin.py:188} INFO - [2026-02-02T14:40:18.128+0000] {dag.py:3823} INFO - Setting next_dagrun for example_python_decorator to None, run_after=None
[2026-02-02T14:40:18.147+0000] {processor.py:183} INFO - Processing /home/airflow/.local/lib/python3.8/site-packages/airflow/example_dags/example_python_decorator.py took 0.085 seconds
[2026-02-02T14:40:48.398+0000] {processor.py:161} INFO - Started process (PID=2288) to work on /home/airflow/.local/lib/python3.8/site-packages/airflow/example_dags/example_python_decorator.py
[2026-02-02T14:40:48.399+0000] {processor.py:830} INFO - Processing file /home/airflow/.local/lib/python3.8/site-packages/airflow/example_dags/example_python_decorator.py for tasks to queue
[2026-02-02T14:40:48.400+0000] {logging_mixin.py:188} INFO - [2026-02-02T14:40:48.400+0000] {dagbag.py:538} INFO - Filling up the DagBag from /home/airflow/.local/lib/python3.8/site-packages/airflow/example_dags/example_python_decorator.py
[2026-02-02T14:40:48.410+0000] {processor.py:840} INFO - DAG(s) 'example_python_decorator' retrieved from /home/airflow/.local/lib/python3.8/site-packages/airflow/example_dags/example_python_decorator.py
[2026-02-02T14:40:48.428+0000] {logging_mixin.py:188} INFO - [2026-02-02T14:40:48.428+0000] {dag.py:3036} INFO - Sync 1 DAGs
[2026-02-02T14:40:48.438+0000] {logging_mixin.py:188} INFO - [2026-02-02T14:40:48.438+0000] {dag.py:3823} INFO - Setting next_dagrun for example_python_decorator to None, run_after=None
[2026-02-02T14:40:48.452+0000] {processor.py:183} INFO - Processing /home/airflow/.local/lib/python3.8/site-packages/airflow/example_dags/example_python_decorator.py took 0.057 seconds
[2026-02-02T14:41:18.497+0000] {processor.py:161} INFO - Started process (PID=2344) to work on /home/airflow/.local/lib/python3.8/site-packages/airflow/example_dags/example_python_decorator.py
[2026-02-02T14:41:18.498+0000] {processor.py:830} INFO - Processing file /home/airflow/.local/lib/python3.8/site-packages/airflow/example_dags/example_python_decorator.py for tasks to queue
[2026-02-02T14:41:18.499+0000] {logging_mixin.py:188} INFO - [2026-02-02T14:41:18.499+0000] {dagbag.py:538} INFO - Filling up the DagBag from /home/airflow/.local/lib/python3.8/site-packages/airflow/example_dags/example_python_decorator.py
[2026-02-02T14:41:18.510+0000] {processor.py:840} INFO - DAG(s) 'example_python_decorator' retrieved from /home/airflow/.local/lib/python3.8/site-packages/airflow/example_dags/example_python_decorator.py
[2026-02-02T14:41:18.527+0000] {logging_mixin.py:188} INFO - [2026-02-02T14:41:18.527+0000] {dag.py:3036} INFO - Sync 1 DAGs
[2026-02-02T14:41:18.537+0000] {logging_mixin.py:188} INFO - [2026-02-02T14:41:18.537+0000] {dag.py:3823} INFO - Setting next_dagrun for example_python_decorator to None, run_after=None
[2026-02-02T14:41:18.551+0000] {processor.py:183} INFO - Processing /home/airflow/.local/lib/python3.8/site-packages/airflow/example_dags/example_python_decorator.py took 0.056 seconds
[2026-02-02T14:41:50.191+0000] {processor.py:161} INFO - Started process (PID=2399) to work on /home/airflow/.local/lib/python3.8/site-packages/airflow/example_dags/example_python_decorator.py
[2026-02-02T14:41:50.192+0000] {processor.py:830} INFO - Processing file /home/airflow/.local/lib/python3.8/site-packages/airflow/example_dags/example_python_decorator.py for tasks to queue
[2026-02-02T14:41:50.196+0000] {logging_mixin.py:188} INFO - [2026-02-02T14:41:50.196+0000] {dagbag.py:538} INFO - Filling up the DagBag from /home/airflow/.local/lib/python3.8/site-packages/airflow/example_dags/example_python_decorator.py
[2026-02-02T14:41:50.230+0000] {processor.py:840} INFO - DAG(s) 'example_python_decorator' retrieved from /home/airflow/.local/lib/python3.8/site-packages/airflow/example_dags/example_python_decorator.py
[2026-02-02T14:41:50.324+0000] {logging_mixin.py:188} INFO - [2026-02-02T14:41:50.323+0000] {dag.py:3036} INFO - Sync 1 DAGs
[2026-02-02T14:41:50.366+0000] {logging_mixin.py:188} INFO - [2026-02-02T14:41:50.366+0000] {dag.py:3823} INFO - Setting next_dagrun for example_python_decorator to None, run_after=None
[2026-02-02T14:41:50.385+0000] {processor.py:183} INFO - Processing /home/airflow/.local/lib/python3.8/site-packages/airflow/example_dags/example_python_decorator.py took 0.198 seconds
[2026-02-02T14:42:20.453+0000] {processor.py:161} INFO - Started process (PID=2454) to work on /home/airflow/.local/lib/python3.8/site-packages/airflow/example_dags/example_python_decorator.py
[2026-02-02T14:42:20.454+0000] {processor.py:830} INFO - Processing file /home/airflow/.local/lib/python3.8/site-packages/airflow/example_dags/example_python_decorator.py for tasks to queue
[2026-02-02T14:42:20.455+0000] {logging_mixin.py:188} INFO - [2026-02-02T14:42:20.455+0000] {dagbag.py:538} INFO - Filling up the DagBag from /home/airflow/.local/lib/python3.8/site-packages/airflow/example_dags/example_python_decorator.py
[2026-02-02T14:42:20.466+0000] {processor.py:840} INFO - DAG(s) 'example_python_decorator' retrieved from /home/airflow/.local/lib/python3.8/site-packages/airflow/example_dags/example_python_decorator.py
[2026-02-02T14:42:20.483+0000] {logging_mixin.py:188} INFO - [2026-02-02T14:42:20.483+0000] {dag.py:3036} INFO - Sync 1 DAGs
[2026-02-02T14:42:20.493+0000] {logging_mixin.py:188} INFO - [2026-02-02T14:42:20.493+0000] {dag.py:3823} INFO - Setting next_dagrun for example_python_decorator to None, run_after=None
[2026-02-02T14:42:20.507+0000] {processor.py:183} INFO - Processing /home/airflow/.local/lib/python3.8/site-packages/airflow/example_dags/example_python_decorator.py took 0.056 seconds
[2026-02-02T14:42:50.923+0000] {processor.py:161} INFO - Started process (PID=2509) to work on /home/airflow/.local/lib/python3.8/site-packages/airflow/example_dags/example_python_decorator.py
[2026-02-02T14:42:50.924+0000] {processor.py:830} INFO - Processing file /home/airflow/.local/lib/python3.8/site-packages/airflow/example_dags/example_python_decorator.py for tasks to queue
[2026-02-02T14:42:50.926+0000] {logging_mixin.py:188} INFO - [2026-02-02T14:42:50.926+0000] {dagbag.py:538} INFO - Filling up the DagBag from /home/airflow/.local/lib/python3.8/site-packages/airflow/example_dags/example_python_decorator.py
[2026-02-02T14:42:50.941+0000] {processor.py:840} INFO - DAG(s) 'example_python_decorator' retrieved from /home/airflow/.local/lib/python3.8/site-packages/airflow/example_dags/example_python_decorator.py
[2026-02-02T14:42:50.966+0000] {logging_mixin.py:188} INFO - [2026-02-02T14:42:50.966+0000] {dag.py:3036} INFO - Sync 1 DAGs
[2026-02-02T14:42:50.980+0000] {logging_mixin.py:188} INFO - [2026-02-02T14:42:50.980+0000] {dag.py:3823} INFO - Setting next_dagrun for example_python_decorator to None, run_after=None
[2026-02-02T14:42:50.999+0000] {processor.py:183} INFO - Processing /home/airflow/.local/lib/python3.8/site-packages/airflow/example_dags/example_python_decorator.py took 0.079 seconds
[2026-02-02T14:43:21.369+0000] {processor.py:161} INFO - Started process (PID=2563) to work on /home/airflow/.local/lib/python3.8/site-packages/airflow/example_dags/example_python_decorator.py
[2026-02-02T14:43:21.370+0000] {processor.py:830} INFO - Processing file /home/airflow/.local/lib/python3.8/site-packages/airflow/example_dags/example_python_decorator.py for tasks to queue
[2026-02-02T14:43:21.371+0000] {logging_mixin.py:188} INFO - [2026-02-02T14:43:21.371+0000] {dagbag.py:538} INFO - Filling up the DagBag from /home/airflow/.local/lib/python3.8/site-packages/airflow/example_dags/example_python_decorator.py
[2026-02-02T14:43:21.381+0000] {processor.py:840} INFO - DAG(s) 'example_python_decorator' retrieved from /home/airflow/.local/lib/python3.8/site-packages/airflow/example_dags/example_python_decorator.py
[2026-02-02T14:43:21.399+0000] {logging_mixin.py:188} INFO - [2026-02-02T14:43:21.399+0000] {dag.py:3036} INFO - Sync 1 DAGs
[2026-02-02T14:43:21.408+0000] {logging_mixin.py:188} INFO - [2026-02-02T14:43:21.408+0000] {dag.py:3823} INFO - Setting next_dagrun for example_python_decorator to None, run_after=None
[2026-02-02T14:43:21.422+0000] {processor.py:183} INFO - Processing /home/airflow/.local/lib/python3.8/site-packages/airflow/example_dags/example_python_decorator.py took 0.055 seconds
[2026-02-02T14:43:52.541+0000] {processor.py:161} INFO - Started process (PID=2618) to work on /home/airflow/.local/lib/python3.8/site-packages/airflow/example_dags/example_python_decorator.py
[2026-02-02T14:43:52.542+0000] {processor.py:830} INFO - Processing file /home/airflow/.local/lib/python3.8/site-packages/airflow/example_dags/example_python_decorator.py for tasks to queue
[2026-02-02T14:43:52.544+0000] {logging_mixin.py:188} INFO - [2026-02-02T14:43:52.543+0000] {dagbag.py:538} INFO - Filling up the DagBag from /home/airflow/.local/lib/python3.8/site-packages/airflow/example_dags/example_python_decorator.py
[2026-02-02T14:43:52.557+0000] {processor.py:840} INFO - DAG(s) 'example_python_decorator' retrieved from /home/airflow/.local/lib/python3.8/site-packages/airflow/example_dags/example_python_decorator.py
[2026-02-02T14:43:52.769+0000] {logging_mixin.py:188} INFO - [2026-02-02T14:43:52.769+0000] {dag.py:3036} INFO - Sync 1 DAGs
[2026-02-02T14:43:52.779+0000] {logging_mixin.py:188} INFO - [2026-02-02T14:43:52.778+0000] {dag.py:3823} INFO - Setting next_dagrun for example_python_decorator to None, run_after=None
[2026-02-02T14:43:52.792+0000] {processor.py:183} INFO - Processing /home/airflow/.local/lib/python3.8/site-packages/airflow/example_dags/example_python_decorator.py took 0.255 seconds
[2026-02-02T14:44:23.191+0000] {processor.py:161} INFO - Started process (PID=2673) to work on /home/airflow/.local/lib/python3.8/site-packages/airflow/example_dags/example_python_decorator.py
[2026-02-02T14:44:23.192+0000] {processor.py:830} INFO - Processing file /home/airflow/.local/lib/python3.8/site-packages/airflow/example_dags/example_python_decorator.py for tasks to queue
[2026-02-02T14:44:23.194+0000] {logging_mixin.py:188} INFO - [2026-02-02T14:44:23.193+0000] {dagbag.py:538} INFO - Filling up the DagBag from /home/airflow/.local/lib/python3.8/site-packages/airflow/example_dags/example_python_decorator.py
[2026-02-02T14:44:23.213+0000] {processor.py:840} INFO - DAG(s) 'example_python_decorator' retrieved from /home/airflow/.local/lib/python3.8/site-packages/airflow/example_dags/example_python_decorator.py
[2026-02-02T14:44:23.254+0000] {logging_mixin.py:188} INFO - [2026-02-02T14:44:23.254+0000] {dag.py:3036} INFO - Sync 1 DAGs
[2026-02-02T14:44:23.549+0000] {logging_mixin.py:188} INFO - [2026-02-02T14:44:23.549+0000] {dag.py:3823} INFO - Setting next_dagrun for example_python_decorator to None, run_after=None
[2026-02-02T14:44:23.562+0000] {processor.py:183} INFO - Processing /home/airflow/.local/lib/python3.8/site-packages/airflow/example_dags/example_python_decorator.py took 0.375 seconds
[2026-02-02T14:44:54.249+0000] {processor.py:161} INFO - Started process (PID=2728) to work on /home/airflow/.local/lib/python3.8/site-packages/airflow/example_dags/example_python_decorator.py
[2026-02-02T14:44:54.250+0000] {processor.py:830} INFO - Processing file /home/airflow/.local/lib/python3.8/site-packages/airflow/example_dags/example_python_decorator.py for tasks to queue
[2026-02-02T14:44:54.252+0000] {logging_mixin.py:188} INFO - [2026-02-02T14:44:54.252+0000] {dagbag.py:538} INFO - Filling up the DagBag from /home/airflow/.local/lib/python3.8/site-packages/airflow/example_dags/example_python_decorator.py
[2026-02-02T14:44:54.267+0000] {processor.py:840} INFO - DAG(s) 'example_python_decorator' retrieved from /home/airflow/.local/lib/python3.8/site-packages/airflow/example_dags/example_python_decorator.py
[2026-02-02T14:44:54.294+0000] {logging_mixin.py:188} INFO - [2026-02-02T14:44:54.294+0000] {dag.py:3036} INFO - Sync 1 DAGs
[2026-02-02T14:44:54.307+0000] {logging_mixin.py:188} INFO - [2026-02-02T14:44:54.307+0000] {dag.py:3823} INFO - Setting next_dagrun for example_python_decorator to None, run_after=None
[2026-02-02T14:44:54.502+0000] {processor.py:183} INFO - Processing /home/airflow/.local/lib/python3.8/site-packages/airflow/example_dags/example_python_decorator.py took 0.256 seconds
[2026-02-02T14:45:24.851+0000] {processor.py:161} INFO - Started process (PID=2785) to work on /home/airflow/.local/lib/python3.8/site-packages/airflow/example_dags/example_python_decorator.py
[2026-02-02T14:45:24.852+0000] {processor.py:830} INFO - Processing file /home/airflow/.local/lib/python3.8/site-packages/airflow/example_dags/example_python_decorator.py for tasks to queue
[2026-02-02T14:45:24.854+0000] {logging_mixin.py:188} INFO - [2026-02-02T14:45:24.853+0000] {dagbag.py:538} INFO - Filling up the DagBag from /home/airflow/.local/lib/python3.8/site-packages/airflow/example_dags/example_python_decorator.py
[2026-02-02T14:45:24.870+0000] {processor.py:840} INFO - DAG(s) 'example_python_decorator' retrieved from /home/airflow/.local/lib/python3.8/site-packages/airflow/example_dags/example_python_decorator.py
[2026-02-02T14:45:24.893+0000] {logging_mixin.py:188} INFO - [2026-02-02T14:45:24.892+0000] {dag.py:3036} INFO - Sync 1 DAGs
[2026-02-02T14:45:24.902+0000] {logging_mixin.py:188} INFO - [2026-02-02T14:45:24.902+0000] {dag.py:3823} INFO - Setting next_dagrun for example_python_decorator to None, run_after=None
[2026-02-02T14:45:24.923+0000] {processor.py:183} INFO - Processing /home/airflow/.local/lib/python3.8/site-packages/airflow/example_dags/example_python_decorator.py took 0.078 seconds
[2026-02-02T14:45:55.172+0000] {processor.py:161} INFO - Started process (PID=2841) to work on /home/airflow/.local/lib/python3.8/site-packages/airflow/example_dags/example_python_decorator.py
[2026-02-02T14:45:55.173+0000] {processor.py:830} INFO - Processing file /home/airflow/.local/lib/python3.8/site-packages/airflow/example_dags/example_python_decorator.py for tasks to queue
[2026-02-02T14:45:55.175+0000] {logging_mixin.py:188} INFO - [2026-02-02T14:45:55.174+0000] {dagbag.py:538} INFO - Filling up the DagBag from /home/airflow/.local/lib/python3.8/site-packages/airflow/example_dags/example_python_decorator.py
[2026-02-02T14:45:55.202+0000] {processor.py:840} INFO - DAG(s) 'example_python_decorator' retrieved from /home/airflow/.local/lib/python3.8/site-packages/airflow/example_dags/example_python_decorator.py
[2026-02-02T14:45:55.281+0000] {logging_mixin.py:188} INFO - [2026-02-02T14:45:55.280+0000] {dag.py:3036} INFO - Sync 1 DAGs
[2026-02-02T14:45:55.305+0000] {logging_mixin.py:188} INFO - [2026-02-02T14:45:55.305+0000] {dag.py:3823} INFO - Setting next_dagrun for example_python_decorator to None, run_after=None
[2026-02-02T14:45:55.320+0000] {processor.py:183} INFO - Processing /home/airflow/.local/lib/python3.8/site-packages/airflow/example_dags/example_python_decorator.py took 0.153 seconds
[2026-02-02T14:46:25.418+0000] {processor.py:161} INFO - Started process (PID=2896) to work on /home/airflow/.local/lib/python3.8/site-packages/airflow/example_dags/example_python_decorator.py
[2026-02-02T14:46:25.418+0000] {processor.py:830} INFO - Processing file /home/airflow/.local/lib/python3.8/site-packages/airflow/example_dags/example_python_decorator.py for tasks to queue
[2026-02-02T14:46:25.420+0000] {logging_mixin.py:188} INFO - [2026-02-02T14:46:25.420+0000] {dagbag.py:538} INFO - Filling up the DagBag from /home/airflow/.local/lib/python3.8/site-packages/airflow/example_dags/example_python_decorator.py
[2026-02-02T14:46:25.436+0000] {processor.py:840} INFO - DAG(s) 'example_python_decorator' retrieved from /home/airflow/.local/lib/python3.8/site-packages/airflow/example_dags/example_python_decorator.py
[2026-02-02T14:46:25.462+0000] {logging_mixin.py:188} INFO - [2026-02-02T14:46:25.461+0000] {dag.py:3036} INFO - Sync 1 DAGs
[2026-02-02T14:46:25.478+0000] {logging_mixin.py:188} INFO - [2026-02-02T14:46:25.478+0000] {dag.py:3823} INFO - Setting next_dagrun for example_python_decorator to None, run_after=None
[2026-02-02T14:46:25.496+0000] {processor.py:183} INFO - Processing /home/airflow/.local/lib/python3.8/site-packages/airflow/example_dags/example_python_decorator.py took 0.082 seconds
[2026-02-02T14:46:55.697+0000] {processor.py:161} INFO - Started process (PID=2952) to work on /home/airflow/.local/lib/python3.8/site-packages/airflow/example_dags/example_python_decorator.py
[2026-02-02T14:46:55.702+0000] {processor.py:830} INFO - Processing file /home/airflow/.local/lib/python3.8/site-packages/airflow/example_dags/example_python_decorator.py for tasks to queue
[2026-02-02T14:46:55.704+0000] {logging_mixin.py:188} INFO - [2026-02-02T14:46:55.704+0000] {dagbag.py:538} INFO - Filling up the DagBag from /home/airflow/.local/lib/python3.8/site-packages/airflow/example_dags/example_python_decorator.py
[2026-02-02T14:46:55.719+0000] {processor.py:840} INFO - DAG(s) 'example_python_decorator' retrieved from /home/airflow/.local/lib/python3.8/site-packages/airflow/example_dags/example_python_decorator.py
[2026-02-02T14:46:55.745+0000] {logging_mixin.py:188} INFO - [2026-02-02T14:46:55.745+0000] {dag.py:3036} INFO - Sync 1 DAGs
[2026-02-02T14:46:55.760+0000] {logging_mixin.py:188} INFO - [2026-02-02T14:46:55.760+0000] {dag.py:3823} INFO - Setting next_dagrun for example_python_decorator to None, run_after=None
[2026-02-02T14:46:55.780+0000] {processor.py:183} INFO - Processing /home/airflow/.local/lib/python3.8/site-packages/airflow/example_dags/example_python_decorator.py took 0.087 seconds
[2026-02-02T14:47:26.665+0000] {processor.py:161} INFO - Started process (PID=3008) to work on /home/airflow/.local/lib/python3.8/site-packages/airflow/example_dags/example_python_decorator.py
[2026-02-02T14:47:26.667+0000] {processor.py:830} INFO - Processing file /home/airflow/.local/lib/python3.8/site-packages/airflow/example_dags/example_python_decorator.py for tasks to queue
[2026-02-02T14:47:26.669+0000] {logging_mixin.py:188} INFO - [2026-02-02T14:47:26.668+0000] {dagbag.py:538} INFO - Filling up the DagBag from /home/airflow/.local/lib/python3.8/site-packages/airflow/example_dags/example_python_decorator.py
[2026-02-02T14:47:26.685+0000] {processor.py:840} INFO - DAG(s) 'example_python_decorator' retrieved from /home/airflow/.local/lib/python3.8/site-packages/airflow/example_dags/example_python_decorator.py
[2026-02-02T14:47:26.709+0000] {logging_mixin.py:188} INFO - [2026-02-02T14:47:26.709+0000] {dag.py:3036} INFO - Sync 1 DAGs
[2026-02-02T14:47:26.721+0000] {logging_mixin.py:188} INFO - [2026-02-02T14:47:26.721+0000] {dag.py:3823} INFO - Setting next_dagrun for example_python_decorator to None, run_after=None
[2026-02-02T14:47:26.737+0000] {processor.py:183} INFO - Processing /home/airflow/.local/lib/python3.8/site-packages/airflow/example_dags/example_python_decorator.py took 0.076 seconds
[2026-02-02T14:47:57.641+0000] {processor.py:161} INFO - Started process (PID=3065) to work on /home/airflow/.local/lib/python3.8/site-packages/airflow/example_dags/example_python_decorator.py
[2026-02-02T14:47:57.642+0000] {processor.py:830} INFO - Processing file /home/airflow/.local/lib/python3.8/site-packages/airflow/example_dags/example_python_decorator.py for tasks to queue
[2026-02-02T14:47:57.644+0000] {logging_mixin.py:188} INFO - [2026-02-02T14:47:57.643+0000] {dagbag.py:538} INFO - Filling up the DagBag from /home/airflow/.local/lib/python3.8/site-packages/airflow/example_dags/example_python_decorator.py
[2026-02-02T14:47:57.659+0000] {processor.py:840} INFO - DAG(s) 'example_python_decorator' retrieved from /home/airflow/.local/lib/python3.8/site-packages/airflow/example_dags/example_python_decorator.py
[2026-02-02T14:47:57.685+0000] {logging_mixin.py:188} INFO - [2026-02-02T14:47:57.685+0000] {dag.py:3036} INFO - Sync 1 DAGs
[2026-02-02T14:47:57.700+0000] {logging_mixin.py:188} INFO - [2026-02-02T14:47:57.700+0000] {dag.py:3823} INFO - Setting next_dagrun for example_python_decorator to None, run_after=None
[2026-02-02T14:47:57.722+0000] {processor.py:183} INFO - Processing /home/airflow/.local/lib/python3.8/site-packages/airflow/example_dags/example_python_decorator.py took 0.085 seconds
[2026-02-02T14:48:28.008+0000] {processor.py:161} INFO - Started process (PID=3121) to work on /home/airflow/.local/lib/python3.8/site-packages/airflow/example_dags/example_python_decorator.py
[2026-02-02T14:48:28.012+0000] {processor.py:830} INFO - Processing file /home/airflow/.local/lib/python3.8/site-packages/airflow/example_dags/example_python_decorator.py for tasks to queue
[2026-02-02T14:48:28.016+0000] {logging_mixin.py:188} INFO - [2026-02-02T14:48:28.016+0000] {dagbag.py:538} INFO - Filling up the DagBag from /home/airflow/.local/lib/python3.8/site-packages/airflow/example_dags/example_python_decorator.py
[2026-02-02T14:48:28.048+0000] {processor.py:840} INFO - DAG(s) 'example_python_decorator' retrieved from /home/airflow/.local/lib/python3.8/site-packages/airflow/example_dags/example_python_decorator.py
[2026-02-02T14:48:28.099+0000] {logging_mixin.py:188} INFO - [2026-02-02T14:48:28.099+0000] {dag.py:3036} INFO - Sync 1 DAGs
[2026-02-02T14:48:28.139+0000] {logging_mixin.py:188} INFO - [2026-02-02T14:48:28.137+0000] {dag.py:3823} INFO - Setting next_dagrun for example_python_decorator to None, run_after=None
[2026-02-02T14:48:28.171+0000] {processor.py:183} INFO - Processing /home/airflow/.local/lib/python3.8/site-packages/airflow/example_dags/example_python_decorator.py took 0.170 seconds
[2026-02-02T14:48:58.245+0000] {processor.py:161} INFO - Started process (PID=3176) to work on /home/airflow/.local/lib/python3.8/site-packages/airflow/example_dags/example_python_decorator.py
[2026-02-02T14:48:58.246+0000] {processor.py:830} INFO - Processing file /home/airflow/.local/lib/python3.8/site-packages/airflow/example_dags/example_python_decorator.py for tasks to queue
[2026-02-02T14:48:58.248+0000] {logging_mixin.py:188} INFO - [2026-02-02T14:48:58.248+0000] {dagbag.py:538} INFO - Filling up the DagBag from /home/airflow/.local/lib/python3.8/site-packages/airflow/example_dags/example_python_decorator.py
[2026-02-02T14:48:58.268+0000] {processor.py:840} INFO - DAG(s) 'example_python_decorator' retrieved from /home/airflow/.local/lib/python3.8/site-packages/airflow/example_dags/example_python_decorator.py
[2026-02-02T14:48:58.286+0000] {logging_mixin.py:188} INFO - [2026-02-02T14:48:58.285+0000] {dag.py:3036} INFO - Sync 1 DAGs
[2026-02-02T14:48:58.295+0000] {logging_mixin.py:188} INFO - [2026-02-02T14:48:58.295+0000] {dag.py:3823} INFO - Setting next_dagrun for example_python_decorator to None, run_after=None
[2026-02-02T14:48:58.309+0000] {processor.py:183} INFO - Processing /home/airflow/.local/lib/python3.8/site-packages/airflow/example_dags/example_python_decorator.py took 0.068 seconds
[2026-02-02T14:49:28.666+0000] {processor.py:161} INFO - Started process (PID=3232) to work on /home/airflow/.local/lib/python3.8/site-packages/airflow/example_dags/example_python_decorator.py
[2026-02-02T14:49:28.667+0000] {processor.py:830} INFO - Processing file /home/airflow/.local/lib/python3.8/site-packages/airflow/example_dags/example_python_decorator.py for tasks to queue
[2026-02-02T14:49:28.669+0000] {logging_mixin.py:188} INFO - [2026-02-02T14:49:28.669+0000] {dagbag.py:538} INFO - Filling up the DagBag from /home/airflow/.local/lib/python3.8/site-packages/airflow/example_dags/example_python_decorator.py
[2026-02-02T14:49:28.688+0000] {processor.py:840} INFO - DAG(s) 'example_python_decorator' retrieved from /home/airflow/.local/lib/python3.8/site-packages/airflow/example_dags/example_python_decorator.py
[2026-02-02T14:49:28.707+0000] {logging_mixin.py:188} INFO - [2026-02-02T14:49:28.707+0000] {dag.py:3036} INFO - Sync 1 DAGs
[2026-02-02T14:49:28.717+0000] {logging_mixin.py:188} INFO - [2026-02-02T14:49:28.717+0000] {dag.py:3823} INFO - Setting next_dagrun for example_python_decorator to None, run_after=None
[2026-02-02T14:49:28.731+0000] {processor.py:183} INFO - Processing /home/airflow/.local/lib/python3.8/site-packages/airflow/example_dags/example_python_decorator.py took 0.068 seconds
[2026-02-02T14:49:59.199+0000] {processor.py:161} INFO - Started process (PID=3288) to work on /home/airflow/.local/lib/python3.8/site-packages/airflow/example_dags/example_python_decorator.py
[2026-02-02T14:49:59.200+0000] {processor.py:830} INFO - Processing file /home/airflow/.local/lib/python3.8/site-packages/airflow/example_dags/example_python_decorator.py for tasks to queue
[2026-02-02T14:49:59.202+0000] {logging_mixin.py:188} INFO - [2026-02-02T14:49:59.202+0000] {dagbag.py:538} INFO - Filling up the DagBag from /home/airflow/.local/lib/python3.8/site-packages/airflow/example_dags/example_python_decorator.py
[2026-02-02T14:49:59.218+0000] {processor.py:840} INFO - DAG(s) 'example_python_decorator' retrieved from /home/airflow/.local/lib/python3.8/site-packages/airflow/example_dags/example_python_decorator.py
[2026-02-02T14:49:59.242+0000] {logging_mixin.py:188} INFO - [2026-02-02T14:49:59.242+0000] {dag.py:3036} INFO - Sync 1 DAGs
[2026-02-02T14:49:59.252+0000] {logging_mixin.py:188} INFO - [2026-02-02T14:49:59.252+0000] {dag.py:3823} INFO - Setting next_dagrun for example_python_decorator to None, run_after=None
[2026-02-02T14:49:59.266+0000] {processor.py:183} INFO - Processing /home/airflow/.local/lib/python3.8/site-packages/airflow/example_dags/example_python_decorator.py took 0.071 seconds
[2026-02-02T14:50:29.479+0000] {processor.py:161} INFO - Started process (PID=3344) to work on /home/airflow/.local/lib/python3.8/site-packages/airflow/example_dags/example_python_decorator.py
[2026-02-02T14:50:29.479+0000] {processor.py:830} INFO - Processing file /home/airflow/.local/lib/python3.8/site-packages/airflow/example_dags/example_python_decorator.py for tasks to queue
[2026-02-02T14:50:29.481+0000] {logging_mixin.py:188} INFO - [2026-02-02T14:50:29.481+0000] {dagbag.py:538} INFO - Filling up the DagBag from /home/airflow/.local/lib/python3.8/site-packages/airflow/example_dags/example_python_decorator.py
[2026-02-02T14:50:29.497+0000] {processor.py:840} INFO - DAG(s) 'example_python_decorator' retrieved from /home/airflow/.local/lib/python3.8/site-packages/airflow/example_dags/example_python_decorator.py
[2026-02-02T14:50:29.523+0000] {logging_mixin.py:188} INFO - [2026-02-02T14:50:29.522+0000] {dag.py:3036} INFO - Sync 1 DAGs
[2026-02-02T14:50:29.537+0000] {logging_mixin.py:188} INFO - [2026-02-02T14:50:29.537+0000] {dag.py:3823} INFO - Setting next_dagrun for example_python_decorator to None, run_after=None
[2026-02-02T14:50:29.559+0000] {processor.py:183} INFO - Processing /home/airflow/.local/lib/python3.8/site-packages/airflow/example_dags/example_python_decorator.py took 0.084 seconds
