[2026-02-02T14:20:30.719+0000] {processor.py:161} INFO - Started process (PID=97) to work on /home/airflow/.local/lib/python3.8/site-packages/airflow/example_dags/example_python_operator.py
[2026-02-02T14:20:30.730+0000] {processor.py:830} INFO - Processing file /home/airflow/.local/lib/python3.8/site-packages/airflow/example_dags/example_python_operator.py for tasks to queue
[2026-02-02T14:20:30.738+0000] {logging_mixin.py:188} INFO - [2026-02-02T14:20:30.733+0000] {dagbag.py:538} INFO - Filling up the DagBag from /home/airflow/.local/lib/python3.8/site-packages/airflow/example_dags/example_python_operator.py
[2026-02-02T14:20:30.821+0000] {processor.py:840} INFO - DAG(s) 'example_python_operator' retrieved from /home/airflow/.local/lib/python3.8/site-packages/airflow/example_dags/example_python_operator.py
[2026-02-02T14:20:31.481+0000] {logging_mixin.py:188} INFO - [2026-02-02T14:20:31.480+0000] {override.py:1769} INFO - Created Permission View: can edit on DAG:example_python_operator
[2026-02-02T14:20:31.508+0000] {logging_mixin.py:188} INFO - [2026-02-02T14:20:31.508+0000] {override.py:1769} INFO - Created Permission View: can delete on DAG:example_python_operator
[2026-02-02T14:20:31.533+0000] {logging_mixin.py:188} INFO - [2026-02-02T14:20:31.532+0000] {override.py:1769} INFO - Created Permission View: can read on DAG:example_python_operator
[2026-02-02T14:20:31.533+0000] {logging_mixin.py:188} INFO - [2026-02-02T14:20:31.533+0000] {dag.py:3036} INFO - Sync 1 DAGs
[2026-02-02T14:20:31.594+0000] {logging_mixin.py:188} INFO - [2026-02-02T14:20:31.593+0000] {dag.py:3058} INFO - Creating ORM DAG for example_python_operator
[2026-02-02T14:20:31.598+0000] {logging_mixin.py:188} INFO - [2026-02-02T14:20:31.598+0000] {dag.py:3823} INFO - Setting next_dagrun for example_python_operator to None, run_after=None
[2026-02-02T14:20:31.674+0000] {processor.py:183} INFO - Processing /home/airflow/.local/lib/python3.8/site-packages/airflow/example_dags/example_python_operator.py took 0.972 seconds
[2026-02-02T14:21:02.022+0000] {processor.py:161} INFO - Started process (PID=152) to work on /home/airflow/.local/lib/python3.8/site-packages/airflow/example_dags/example_python_operator.py
[2026-02-02T14:21:02.025+0000] {processor.py:830} INFO - Processing file /home/airflow/.local/lib/python3.8/site-packages/airflow/example_dags/example_python_operator.py for tasks to queue
[2026-02-02T14:21:02.026+0000] {logging_mixin.py:188} INFO - [2026-02-02T14:21:02.026+0000] {dagbag.py:538} INFO - Filling up the DagBag from /home/airflow/.local/lib/python3.8/site-packages/airflow/example_dags/example_python_operator.py
[2026-02-02T14:21:02.038+0000] {processor.py:840} INFO - DAG(s) 'example_python_operator' retrieved from /home/airflow/.local/lib/python3.8/site-packages/airflow/example_dags/example_python_operator.py
[2026-02-02T14:21:02.063+0000] {logging_mixin.py:188} INFO - [2026-02-02T14:21:02.062+0000] {dag.py:3036} INFO - Sync 1 DAGs
[2026-02-02T14:21:02.077+0000] {logging_mixin.py:188} INFO - [2026-02-02T14:21:02.077+0000] {dag.py:3823} INFO - Setting next_dagrun for example_python_operator to None, run_after=None
[2026-02-02T14:21:02.100+0000] {processor.py:183} INFO - Processing /home/airflow/.local/lib/python3.8/site-packages/airflow/example_dags/example_python_operator.py took 0.083 seconds
[2026-02-02T14:21:32.802+0000] {processor.py:161} INFO - Started process (PID=207) to work on /home/airflow/.local/lib/python3.8/site-packages/airflow/example_dags/example_python_operator.py
[2026-02-02T14:21:32.803+0000] {processor.py:830} INFO - Processing file /home/airflow/.local/lib/python3.8/site-packages/airflow/example_dags/example_python_operator.py for tasks to queue
[2026-02-02T14:21:32.805+0000] {logging_mixin.py:188} INFO - [2026-02-02T14:21:32.805+0000] {dagbag.py:538} INFO - Filling up the DagBag from /home/airflow/.local/lib/python3.8/site-packages/airflow/example_dags/example_python_operator.py
[2026-02-02T14:21:32.819+0000] {processor.py:840} INFO - DAG(s) 'example_python_operator' retrieved from /home/airflow/.local/lib/python3.8/site-packages/airflow/example_dags/example_python_operator.py
[2026-02-02T14:21:32.847+0000] {logging_mixin.py:188} INFO - [2026-02-02T14:21:32.847+0000] {dag.py:3036} INFO - Sync 1 DAGs
[2026-02-02T14:21:32.866+0000] {logging_mixin.py:188} INFO - [2026-02-02T14:21:32.866+0000] {dag.py:3823} INFO - Setting next_dagrun for example_python_operator to None, run_after=None
[2026-02-02T14:21:32.911+0000] {processor.py:183} INFO - Processing /home/airflow/.local/lib/python3.8/site-packages/airflow/example_dags/example_python_operator.py took 0.112 seconds
[2026-02-02T14:22:03.214+0000] {processor.py:161} INFO - Started process (PID=262) to work on /home/airflow/.local/lib/python3.8/site-packages/airflow/example_dags/example_python_operator.py
[2026-02-02T14:22:03.216+0000] {processor.py:830} INFO - Processing file /home/airflow/.local/lib/python3.8/site-packages/airflow/example_dags/example_python_operator.py for tasks to queue
[2026-02-02T14:22:03.218+0000] {logging_mixin.py:188} INFO - [2026-02-02T14:22:03.218+0000] {dagbag.py:538} INFO - Filling up the DagBag from /home/airflow/.local/lib/python3.8/site-packages/airflow/example_dags/example_python_operator.py
[2026-02-02T14:22:03.230+0000] {processor.py:840} INFO - DAG(s) 'example_python_operator' retrieved from /home/airflow/.local/lib/python3.8/site-packages/airflow/example_dags/example_python_operator.py
[2026-02-02T14:22:03.256+0000] {logging_mixin.py:188} INFO - [2026-02-02T14:22:03.255+0000] {dag.py:3036} INFO - Sync 1 DAGs
[2026-02-02T14:22:03.270+0000] {logging_mixin.py:188} INFO - [2026-02-02T14:22:03.270+0000] {dag.py:3823} INFO - Setting next_dagrun for example_python_operator to None, run_after=None
[2026-02-02T14:22:03.289+0000] {processor.py:183} INFO - Processing /home/airflow/.local/lib/python3.8/site-packages/airflow/example_dags/example_python_operator.py took 0.080 seconds
[2026-02-02T14:22:33.869+0000] {processor.py:161} INFO - Started process (PID=317) to work on /home/airflow/.local/lib/python3.8/site-packages/airflow/example_dags/example_python_operator.py
[2026-02-02T14:22:33.877+0000] {processor.py:830} INFO - Processing file /home/airflow/.local/lib/python3.8/site-packages/airflow/example_dags/example_python_operator.py for tasks to queue
[2026-02-02T14:22:33.880+0000] {logging_mixin.py:188} INFO - [2026-02-02T14:22:33.880+0000] {dagbag.py:538} INFO - Filling up the DagBag from /home/airflow/.local/lib/python3.8/site-packages/airflow/example_dags/example_python_operator.py
[2026-02-02T14:22:33.908+0000] {processor.py:840} INFO - DAG(s) 'example_python_operator' retrieved from /home/airflow/.local/lib/python3.8/site-packages/airflow/example_dags/example_python_operator.py
[2026-02-02T14:22:33.933+0000] {logging_mixin.py:188} INFO - [2026-02-02T14:22:33.933+0000] {dag.py:3036} INFO - Sync 1 DAGs
[2026-02-02T14:22:33.947+0000] {logging_mixin.py:188} INFO - [2026-02-02T14:22:33.947+0000] {dag.py:3823} INFO - Setting next_dagrun for example_python_operator to None, run_after=None
[2026-02-02T14:22:33.965+0000] {processor.py:183} INFO - Processing /home/airflow/.local/lib/python3.8/site-packages/airflow/example_dags/example_python_operator.py took 0.105 seconds
[2026-02-02T14:23:04.357+0000] {processor.py:161} INFO - Started process (PID=372) to work on /home/airflow/.local/lib/python3.8/site-packages/airflow/example_dags/example_python_operator.py
[2026-02-02T14:23:04.358+0000] {processor.py:830} INFO - Processing file /home/airflow/.local/lib/python3.8/site-packages/airflow/example_dags/example_python_operator.py for tasks to queue
[2026-02-02T14:23:04.362+0000] {logging_mixin.py:188} INFO - [2026-02-02T14:23:04.362+0000] {dagbag.py:538} INFO - Filling up the DagBag from /home/airflow/.local/lib/python3.8/site-packages/airflow/example_dags/example_python_operator.py
[2026-02-02T14:23:04.374+0000] {processor.py:840} INFO - DAG(s) 'example_python_operator' retrieved from /home/airflow/.local/lib/python3.8/site-packages/airflow/example_dags/example_python_operator.py
[2026-02-02T14:23:04.398+0000] {logging_mixin.py:188} INFO - [2026-02-02T14:23:04.398+0000] {dag.py:3036} INFO - Sync 1 DAGs
[2026-02-02T14:23:04.412+0000] {logging_mixin.py:188} INFO - [2026-02-02T14:23:04.412+0000] {dag.py:3823} INFO - Setting next_dagrun for example_python_operator to None, run_after=None
[2026-02-02T14:23:04.433+0000] {processor.py:183} INFO - Processing /home/airflow/.local/lib/python3.8/site-packages/airflow/example_dags/example_python_operator.py took 0.080 seconds
[2026-02-02T14:23:34.961+0000] {processor.py:161} INFO - Started process (PID=427) to work on /home/airflow/.local/lib/python3.8/site-packages/airflow/example_dags/example_python_operator.py
[2026-02-02T14:23:34.962+0000] {processor.py:830} INFO - Processing file /home/airflow/.local/lib/python3.8/site-packages/airflow/example_dags/example_python_operator.py for tasks to queue
[2026-02-02T14:23:34.963+0000] {logging_mixin.py:188} INFO - [2026-02-02T14:23:34.963+0000] {dagbag.py:538} INFO - Filling up the DagBag from /home/airflow/.local/lib/python3.8/site-packages/airflow/example_dags/example_python_operator.py
[2026-02-02T14:23:34.975+0000] {processor.py:840} INFO - DAG(s) 'example_python_operator' retrieved from /home/airflow/.local/lib/python3.8/site-packages/airflow/example_dags/example_python_operator.py
[2026-02-02T14:23:35.000+0000] {logging_mixin.py:188} INFO - [2026-02-02T14:23:35.000+0000] {dag.py:3036} INFO - Sync 1 DAGs
[2026-02-02T14:23:35.014+0000] {logging_mixin.py:188} INFO - [2026-02-02T14:23:35.014+0000] {dag.py:3823} INFO - Setting next_dagrun for example_python_operator to None, run_after=None
[2026-02-02T14:23:35.037+0000] {processor.py:183} INFO - Processing /home/airflow/.local/lib/python3.8/site-packages/airflow/example_dags/example_python_operator.py took 0.084 seconds
[2026-02-02T14:24:05.187+0000] {processor.py:161} INFO - Started process (PID=481) to work on /home/airflow/.local/lib/python3.8/site-packages/airflow/example_dags/example_python_operator.py
[2026-02-02T14:24:05.190+0000] {processor.py:830} INFO - Processing file /home/airflow/.local/lib/python3.8/site-packages/airflow/example_dags/example_python_operator.py for tasks to queue
[2026-02-02T14:24:05.191+0000] {logging_mixin.py:188} INFO - [2026-02-02T14:24:05.191+0000] {dagbag.py:538} INFO - Filling up the DagBag from /home/airflow/.local/lib/python3.8/site-packages/airflow/example_dags/example_python_operator.py
[2026-02-02T14:24:05.204+0000] {processor.py:840} INFO - DAG(s) 'example_python_operator' retrieved from /home/airflow/.local/lib/python3.8/site-packages/airflow/example_dags/example_python_operator.py
[2026-02-02T14:24:05.230+0000] {logging_mixin.py:188} INFO - [2026-02-02T14:24:05.230+0000] {dag.py:3036} INFO - Sync 1 DAGs
[2026-02-02T14:24:05.249+0000] {logging_mixin.py:188} INFO - [2026-02-02T14:24:05.249+0000] {dag.py:3823} INFO - Setting next_dagrun for example_python_operator to None, run_after=None
[2026-02-02T14:24:05.278+0000] {processor.py:183} INFO - Processing /home/airflow/.local/lib/python3.8/site-packages/airflow/example_dags/example_python_operator.py took 0.096 seconds
[2026-02-02T14:24:35.485+0000] {processor.py:161} INFO - Started process (PID=537) to work on /home/airflow/.local/lib/python3.8/site-packages/airflow/example_dags/example_python_operator.py
[2026-02-02T14:24:35.487+0000] {processor.py:830} INFO - Processing file /home/airflow/.local/lib/python3.8/site-packages/airflow/example_dags/example_python_operator.py for tasks to queue
[2026-02-02T14:24:35.489+0000] {logging_mixin.py:188} INFO - [2026-02-02T14:24:35.489+0000] {dagbag.py:538} INFO - Filling up the DagBag from /home/airflow/.local/lib/python3.8/site-packages/airflow/example_dags/example_python_operator.py
[2026-02-02T14:24:35.501+0000] {processor.py:840} INFO - DAG(s) 'example_python_operator' retrieved from /home/airflow/.local/lib/python3.8/site-packages/airflow/example_dags/example_python_operator.py
[2026-02-02T14:24:35.526+0000] {logging_mixin.py:188} INFO - [2026-02-02T14:24:35.526+0000] {dag.py:3036} INFO - Sync 1 DAGs
[2026-02-02T14:24:35.541+0000] {logging_mixin.py:188} INFO - [2026-02-02T14:24:35.540+0000] {dag.py:3823} INFO - Setting next_dagrun for example_python_operator to None, run_after=None
[2026-02-02T14:24:35.559+0000] {processor.py:183} INFO - Processing /home/airflow/.local/lib/python3.8/site-packages/airflow/example_dags/example_python_operator.py took 0.080 seconds
[2026-02-02T14:25:05.929+0000] {processor.py:161} INFO - Started process (PID=592) to work on /home/airflow/.local/lib/python3.8/site-packages/airflow/example_dags/example_python_operator.py
[2026-02-02T14:25:05.930+0000] {processor.py:830} INFO - Processing file /home/airflow/.local/lib/python3.8/site-packages/airflow/example_dags/example_python_operator.py for tasks to queue
[2026-02-02T14:25:05.934+0000] {logging_mixin.py:188} INFO - [2026-02-02T14:25:05.933+0000] {dagbag.py:538} INFO - Filling up the DagBag from /home/airflow/.local/lib/python3.8/site-packages/airflow/example_dags/example_python_operator.py
[2026-02-02T14:25:05.946+0000] {processor.py:840} INFO - DAG(s) 'example_python_operator' retrieved from /home/airflow/.local/lib/python3.8/site-packages/airflow/example_dags/example_python_operator.py
[2026-02-02T14:25:05.971+0000] {logging_mixin.py:188} INFO - [2026-02-02T14:25:05.970+0000] {dag.py:3036} INFO - Sync 1 DAGs
[2026-02-02T14:25:05.985+0000] {logging_mixin.py:188} INFO - [2026-02-02T14:25:05.985+0000] {dag.py:3823} INFO - Setting next_dagrun for example_python_operator to None, run_after=None
[2026-02-02T14:25:06.004+0000] {processor.py:183} INFO - Processing /home/airflow/.local/lib/python3.8/site-packages/airflow/example_dags/example_python_operator.py took 0.080 seconds
[2026-02-02T14:25:36.555+0000] {processor.py:161} INFO - Started process (PID=647) to work on /home/airflow/.local/lib/python3.8/site-packages/airflow/example_dags/example_python_operator.py
[2026-02-02T14:25:36.567+0000] {processor.py:830} INFO - Processing file /home/airflow/.local/lib/python3.8/site-packages/airflow/example_dags/example_python_operator.py for tasks to queue
[2026-02-02T14:25:36.577+0000] {logging_mixin.py:188} INFO - [2026-02-02T14:25:36.577+0000] {dagbag.py:538} INFO - Filling up the DagBag from /home/airflow/.local/lib/python3.8/site-packages/airflow/example_dags/example_python_operator.py
[2026-02-02T14:25:36.653+0000] {processor.py:840} INFO - DAG(s) 'example_python_operator' retrieved from /home/airflow/.local/lib/python3.8/site-packages/airflow/example_dags/example_python_operator.py
[2026-02-02T14:25:36.796+0000] {logging_mixin.py:188} INFO - [2026-02-02T14:25:36.796+0000] {dag.py:3036} INFO - Sync 1 DAGs
[2026-02-02T14:25:36.865+0000] {logging_mixin.py:188} INFO - [2026-02-02T14:25:36.865+0000] {dag.py:3823} INFO - Setting next_dagrun for example_python_operator to None, run_after=None
[2026-02-02T14:25:36.924+0000] {processor.py:183} INFO - Processing /home/airflow/.local/lib/python3.8/site-packages/airflow/example_dags/example_python_operator.py took 0.390 seconds
[2026-02-02T14:26:07.196+0000] {processor.py:161} INFO - Started process (PID=702) to work on /home/airflow/.local/lib/python3.8/site-packages/airflow/example_dags/example_python_operator.py
[2026-02-02T14:26:07.197+0000] {processor.py:830} INFO - Processing file /home/airflow/.local/lib/python3.8/site-packages/airflow/example_dags/example_python_operator.py for tasks to queue
[2026-02-02T14:26:07.199+0000] {logging_mixin.py:188} INFO - [2026-02-02T14:26:07.198+0000] {dagbag.py:538} INFO - Filling up the DagBag from /home/airflow/.local/lib/python3.8/site-packages/airflow/example_dags/example_python_operator.py
[2026-02-02T14:26:07.211+0000] {processor.py:840} INFO - DAG(s) 'example_python_operator' retrieved from /home/airflow/.local/lib/python3.8/site-packages/airflow/example_dags/example_python_operator.py
[2026-02-02T14:26:07.236+0000] {logging_mixin.py:188} INFO - [2026-02-02T14:26:07.235+0000] {dag.py:3036} INFO - Sync 1 DAGs
[2026-02-02T14:26:07.255+0000] {logging_mixin.py:188} INFO - [2026-02-02T14:26:07.255+0000] {dag.py:3823} INFO - Setting next_dagrun for example_python_operator to None, run_after=None
[2026-02-02T14:26:07.273+0000] {processor.py:183} INFO - Processing /home/airflow/.local/lib/python3.8/site-packages/airflow/example_dags/example_python_operator.py took 0.081 seconds
[2026-02-02T14:26:37.451+0000] {processor.py:161} INFO - Started process (PID=757) to work on /home/airflow/.local/lib/python3.8/site-packages/airflow/example_dags/example_python_operator.py
[2026-02-02T14:26:37.452+0000] {processor.py:830} INFO - Processing file /home/airflow/.local/lib/python3.8/site-packages/airflow/example_dags/example_python_operator.py for tasks to queue
[2026-02-02T14:26:37.453+0000] {logging_mixin.py:188} INFO - [2026-02-02T14:26:37.453+0000] {dagbag.py:538} INFO - Filling up the DagBag from /home/airflow/.local/lib/python3.8/site-packages/airflow/example_dags/example_python_operator.py
[2026-02-02T14:26:37.466+0000] {processor.py:840} INFO - DAG(s) 'example_python_operator' retrieved from /home/airflow/.local/lib/python3.8/site-packages/airflow/example_dags/example_python_operator.py
[2026-02-02T14:26:37.494+0000] {logging_mixin.py:188} INFO - [2026-02-02T14:26:37.494+0000] {dag.py:3036} INFO - Sync 1 DAGs
[2026-02-02T14:26:37.513+0000] {logging_mixin.py:188} INFO - [2026-02-02T14:26:37.513+0000] {dag.py:3823} INFO - Setting next_dagrun for example_python_operator to None, run_after=None
[2026-02-02T14:26:37.538+0000] {processor.py:183} INFO - Processing /home/airflow/.local/lib/python3.8/site-packages/airflow/example_dags/example_python_operator.py took 0.090 seconds
[2026-02-02T14:27:08.131+0000] {processor.py:161} INFO - Started process (PID=812) to work on /home/airflow/.local/lib/python3.8/site-packages/airflow/example_dags/example_python_operator.py
[2026-02-02T14:27:08.133+0000] {processor.py:830} INFO - Processing file /home/airflow/.local/lib/python3.8/site-packages/airflow/example_dags/example_python_operator.py for tasks to queue
[2026-02-02T14:27:08.135+0000] {logging_mixin.py:188} INFO - [2026-02-02T14:27:08.134+0000] {dagbag.py:538} INFO - Filling up the DagBag from /home/airflow/.local/lib/python3.8/site-packages/airflow/example_dags/example_python_operator.py
[2026-02-02T14:27:08.148+0000] {processor.py:840} INFO - DAG(s) 'example_python_operator' retrieved from /home/airflow/.local/lib/python3.8/site-packages/airflow/example_dags/example_python_operator.py
[2026-02-02T14:27:08.180+0000] {logging_mixin.py:188} INFO - [2026-02-02T14:27:08.180+0000] {dag.py:3036} INFO - Sync 1 DAGs
[2026-02-02T14:27:08.195+0000] {logging_mixin.py:188} INFO - [2026-02-02T14:27:08.195+0000] {dag.py:3823} INFO - Setting next_dagrun for example_python_operator to None, run_after=None
[2026-02-02T14:27:08.218+0000] {processor.py:183} INFO - Processing /home/airflow/.local/lib/python3.8/site-packages/airflow/example_dags/example_python_operator.py took 0.091 seconds
[2026-02-02T14:27:38.348+0000] {processor.py:161} INFO - Started process (PID=867) to work on /home/airflow/.local/lib/python3.8/site-packages/airflow/example_dags/example_python_operator.py
[2026-02-02T14:27:38.349+0000] {processor.py:830} INFO - Processing file /home/airflow/.local/lib/python3.8/site-packages/airflow/example_dags/example_python_operator.py for tasks to queue
[2026-02-02T14:27:38.351+0000] {logging_mixin.py:188} INFO - [2026-02-02T14:27:38.350+0000] {dagbag.py:538} INFO - Filling up the DagBag from /home/airflow/.local/lib/python3.8/site-packages/airflow/example_dags/example_python_operator.py
[2026-02-02T14:27:38.368+0000] {processor.py:840} INFO - DAG(s) 'example_python_operator' retrieved from /home/airflow/.local/lib/python3.8/site-packages/airflow/example_dags/example_python_operator.py
[2026-02-02T14:27:38.393+0000] {logging_mixin.py:188} INFO - [2026-02-02T14:27:38.392+0000] {dag.py:3036} INFO - Sync 1 DAGs
[2026-02-02T14:27:38.407+0000] {logging_mixin.py:188} INFO - [2026-02-02T14:27:38.407+0000] {dag.py:3823} INFO - Setting next_dagrun for example_python_operator to None, run_after=None
[2026-02-02T14:27:38.437+0000] {processor.py:183} INFO - Processing /home/airflow/.local/lib/python3.8/site-packages/airflow/example_dags/example_python_operator.py took 0.093 seconds
[2026-02-02T14:28:08.827+0000] {processor.py:161} INFO - Started process (PID=922) to work on /home/airflow/.local/lib/python3.8/site-packages/airflow/example_dags/example_python_operator.py
[2026-02-02T14:28:08.828+0000] {processor.py:830} INFO - Processing file /home/airflow/.local/lib/python3.8/site-packages/airflow/example_dags/example_python_operator.py for tasks to queue
[2026-02-02T14:28:08.830+0000] {logging_mixin.py:188} INFO - [2026-02-02T14:28:08.830+0000] {dagbag.py:538} INFO - Filling up the DagBag from /home/airflow/.local/lib/python3.8/site-packages/airflow/example_dags/example_python_operator.py
[2026-02-02T14:28:08.842+0000] {processor.py:840} INFO - DAG(s) 'example_python_operator' retrieved from /home/airflow/.local/lib/python3.8/site-packages/airflow/example_dags/example_python_operator.py
[2026-02-02T14:28:08.867+0000] {logging_mixin.py:188} INFO - [2026-02-02T14:28:08.867+0000] {dag.py:3036} INFO - Sync 1 DAGs
[2026-02-02T14:28:08.886+0000] {logging_mixin.py:188} INFO - [2026-02-02T14:28:08.886+0000] {dag.py:3823} INFO - Setting next_dagrun for example_python_operator to None, run_after=None
[2026-02-02T14:28:08.911+0000] {processor.py:183} INFO - Processing /home/airflow/.local/lib/python3.8/site-packages/airflow/example_dags/example_python_operator.py took 0.087 seconds
[2026-02-02T14:28:38.975+0000] {processor.py:161} INFO - Started process (PID=977) to work on /home/airflow/.local/lib/python3.8/site-packages/airflow/example_dags/example_python_operator.py
[2026-02-02T14:28:38.976+0000] {processor.py:830} INFO - Processing file /home/airflow/.local/lib/python3.8/site-packages/airflow/example_dags/example_python_operator.py for tasks to queue
[2026-02-02T14:28:38.978+0000] {logging_mixin.py:188} INFO - [2026-02-02T14:28:38.977+0000] {dagbag.py:538} INFO - Filling up the DagBag from /home/airflow/.local/lib/python3.8/site-packages/airflow/example_dags/example_python_operator.py
[2026-02-02T14:28:38.992+0000] {processor.py:840} INFO - DAG(s) 'example_python_operator' retrieved from /home/airflow/.local/lib/python3.8/site-packages/airflow/example_dags/example_python_operator.py
[2026-02-02T14:28:39.025+0000] {logging_mixin.py:188} INFO - [2026-02-02T14:28:39.025+0000] {dag.py:3036} INFO - Sync 1 DAGs
[2026-02-02T14:28:39.042+0000] {logging_mixin.py:188} INFO - [2026-02-02T14:28:39.042+0000] {dag.py:3823} INFO - Setting next_dagrun for example_python_operator to None, run_after=None
[2026-02-02T14:28:39.067+0000] {processor.py:183} INFO - Processing /home/airflow/.local/lib/python3.8/site-packages/airflow/example_dags/example_python_operator.py took 0.095 seconds
[2026-02-02T14:29:09.541+0000] {processor.py:161} INFO - Started process (PID=1032) to work on /home/airflow/.local/lib/python3.8/site-packages/airflow/example_dags/example_python_operator.py
[2026-02-02T14:29:09.542+0000] {processor.py:830} INFO - Processing file /home/airflow/.local/lib/python3.8/site-packages/airflow/example_dags/example_python_operator.py for tasks to queue
[2026-02-02T14:29:09.544+0000] {logging_mixin.py:188} INFO - [2026-02-02T14:29:09.544+0000] {dagbag.py:538} INFO - Filling up the DagBag from /home/airflow/.local/lib/python3.8/site-packages/airflow/example_dags/example_python_operator.py
[2026-02-02T14:29:09.556+0000] {processor.py:840} INFO - DAG(s) 'example_python_operator' retrieved from /home/airflow/.local/lib/python3.8/site-packages/airflow/example_dags/example_python_operator.py
[2026-02-02T14:29:09.580+0000] {logging_mixin.py:188} INFO - [2026-02-02T14:29:09.580+0000] {dag.py:3036} INFO - Sync 1 DAGs
[2026-02-02T14:29:09.594+0000] {logging_mixin.py:188} INFO - [2026-02-02T14:29:09.594+0000] {dag.py:3823} INFO - Setting next_dagrun for example_python_operator to None, run_after=None
[2026-02-02T14:29:09.614+0000] {processor.py:183} INFO - Processing /home/airflow/.local/lib/python3.8/site-packages/airflow/example_dags/example_python_operator.py took 0.076 seconds
[2026-02-02T14:29:40.531+0000] {processor.py:161} INFO - Started process (PID=1087) to work on /home/airflow/.local/lib/python3.8/site-packages/airflow/example_dags/example_python_operator.py
[2026-02-02T14:29:40.532+0000] {processor.py:830} INFO - Processing file /home/airflow/.local/lib/python3.8/site-packages/airflow/example_dags/example_python_operator.py for tasks to queue
[2026-02-02T14:29:40.534+0000] {logging_mixin.py:188} INFO - [2026-02-02T14:29:40.533+0000] {dagbag.py:538} INFO - Filling up the DagBag from /home/airflow/.local/lib/python3.8/site-packages/airflow/example_dags/example_python_operator.py
[2026-02-02T14:29:40.548+0000] {processor.py:840} INFO - DAG(s) 'example_python_operator' retrieved from /home/airflow/.local/lib/python3.8/site-packages/airflow/example_dags/example_python_operator.py
[2026-02-02T14:29:40.574+0000] {logging_mixin.py:188} INFO - [2026-02-02T14:29:40.573+0000] {dag.py:3036} INFO - Sync 1 DAGs
[2026-02-02T14:29:40.588+0000] {logging_mixin.py:188} INFO - [2026-02-02T14:29:40.588+0000] {dag.py:3823} INFO - Setting next_dagrun for example_python_operator to None, run_after=None
[2026-02-02T14:29:40.607+0000] {processor.py:183} INFO - Processing /home/airflow/.local/lib/python3.8/site-packages/airflow/example_dags/example_python_operator.py took 0.079 seconds
[2026-02-02T14:30:11.168+0000] {processor.py:161} INFO - Started process (PID=1142) to work on /home/airflow/.local/lib/python3.8/site-packages/airflow/example_dags/example_python_operator.py
[2026-02-02T14:30:11.169+0000] {processor.py:830} INFO - Processing file /home/airflow/.local/lib/python3.8/site-packages/airflow/example_dags/example_python_operator.py for tasks to queue
[2026-02-02T14:30:11.171+0000] {logging_mixin.py:188} INFO - [2026-02-02T14:30:11.171+0000] {dagbag.py:538} INFO - Filling up the DagBag from /home/airflow/.local/lib/python3.8/site-packages/airflow/example_dags/example_python_operator.py
[2026-02-02T14:30:11.182+0000] {processor.py:840} INFO - DAG(s) 'example_python_operator' retrieved from /home/airflow/.local/lib/python3.8/site-packages/airflow/example_dags/example_python_operator.py
[2026-02-02T14:30:11.200+0000] {logging_mixin.py:188} INFO - [2026-02-02T14:30:11.200+0000] {dag.py:3036} INFO - Sync 1 DAGs
[2026-02-02T14:30:11.209+0000] {logging_mixin.py:188} INFO - [2026-02-02T14:30:11.209+0000] {dag.py:3823} INFO - Setting next_dagrun for example_python_operator to None, run_after=None
[2026-02-02T14:30:11.223+0000] {processor.py:183} INFO - Processing /home/airflow/.local/lib/python3.8/site-packages/airflow/example_dags/example_python_operator.py took 0.059 seconds
[2026-02-02T14:30:41.934+0000] {processor.py:161} INFO - Started process (PID=1197) to work on /home/airflow/.local/lib/python3.8/site-packages/airflow/example_dags/example_python_operator.py
[2026-02-02T14:30:41.935+0000] {processor.py:830} INFO - Processing file /home/airflow/.local/lib/python3.8/site-packages/airflow/example_dags/example_python_operator.py for tasks to queue
[2026-02-02T14:30:41.936+0000] {logging_mixin.py:188} INFO - [2026-02-02T14:30:41.936+0000] {dagbag.py:538} INFO - Filling up the DagBag from /home/airflow/.local/lib/python3.8/site-packages/airflow/example_dags/example_python_operator.py
[2026-02-02T14:30:41.944+0000] {processor.py:840} INFO - DAG(s) 'example_python_operator' retrieved from /home/airflow/.local/lib/python3.8/site-packages/airflow/example_dags/example_python_operator.py
[2026-02-02T14:30:41.962+0000] {logging_mixin.py:188} INFO - [2026-02-02T14:30:41.962+0000] {dag.py:3036} INFO - Sync 1 DAGs
[2026-02-02T14:30:41.972+0000] {logging_mixin.py:188} INFO - [2026-02-02T14:30:41.972+0000] {dag.py:3823} INFO - Setting next_dagrun for example_python_operator to None, run_after=None
[2026-02-02T14:30:41.993+0000] {processor.py:183} INFO - Processing /home/airflow/.local/lib/python3.8/site-packages/airflow/example_dags/example_python_operator.py took 0.062 seconds
[2026-02-02T14:31:12.396+0000] {processor.py:161} INFO - Started process (PID=1252) to work on /home/airflow/.local/lib/python3.8/site-packages/airflow/example_dags/example_python_operator.py
[2026-02-02T14:31:12.397+0000] {processor.py:830} INFO - Processing file /home/airflow/.local/lib/python3.8/site-packages/airflow/example_dags/example_python_operator.py for tasks to queue
[2026-02-02T14:31:12.398+0000] {logging_mixin.py:188} INFO - [2026-02-02T14:31:12.398+0000] {dagbag.py:538} INFO - Filling up the DagBag from /home/airflow/.local/lib/python3.8/site-packages/airflow/example_dags/example_python_operator.py
[2026-02-02T14:31:12.406+0000] {processor.py:840} INFO - DAG(s) 'example_python_operator' retrieved from /home/airflow/.local/lib/python3.8/site-packages/airflow/example_dags/example_python_operator.py
[2026-02-02T14:31:12.424+0000] {logging_mixin.py:188} INFO - [2026-02-02T14:31:12.424+0000] {dag.py:3036} INFO - Sync 1 DAGs
[2026-02-02T14:31:12.435+0000] {logging_mixin.py:188} INFO - [2026-02-02T14:31:12.435+0000] {dag.py:3823} INFO - Setting next_dagrun for example_python_operator to None, run_after=None
[2026-02-02T14:31:12.449+0000] {processor.py:183} INFO - Processing /home/airflow/.local/lib/python3.8/site-packages/airflow/example_dags/example_python_operator.py took 0.055 seconds
[2026-02-02T14:31:43.132+0000] {processor.py:161} INFO - Started process (PID=1307) to work on /home/airflow/.local/lib/python3.8/site-packages/airflow/example_dags/example_python_operator.py
[2026-02-02T14:31:43.135+0000] {processor.py:830} INFO - Processing file /home/airflow/.local/lib/python3.8/site-packages/airflow/example_dags/example_python_operator.py for tasks to queue
[2026-02-02T14:31:43.137+0000] {logging_mixin.py:188} INFO - [2026-02-02T14:31:43.136+0000] {dagbag.py:538} INFO - Filling up the DagBag from /home/airflow/.local/lib/python3.8/site-packages/airflow/example_dags/example_python_operator.py
[2026-02-02T14:31:43.154+0000] {processor.py:840} INFO - DAG(s) 'example_python_operator' retrieved from /home/airflow/.local/lib/python3.8/site-packages/airflow/example_dags/example_python_operator.py
[2026-02-02T14:31:43.196+0000] {logging_mixin.py:188} INFO - [2026-02-02T14:31:43.196+0000] {dag.py:3036} INFO - Sync 1 DAGs
[2026-02-02T14:31:43.206+0000] {logging_mixin.py:188} INFO - [2026-02-02T14:31:43.206+0000] {dag.py:3823} INFO - Setting next_dagrun for example_python_operator to None, run_after=None
[2026-02-02T14:31:43.219+0000] {processor.py:183} INFO - Processing /home/airflow/.local/lib/python3.8/site-packages/airflow/example_dags/example_python_operator.py took 0.092 seconds
[2026-02-02T14:32:13.708+0000] {processor.py:161} INFO - Started process (PID=1362) to work on /home/airflow/.local/lib/python3.8/site-packages/airflow/example_dags/example_python_operator.py
[2026-02-02T14:32:13.709+0000] {processor.py:830} INFO - Processing file /home/airflow/.local/lib/python3.8/site-packages/airflow/example_dags/example_python_operator.py for tasks to queue
[2026-02-02T14:32:13.711+0000] {logging_mixin.py:188} INFO - [2026-02-02T14:32:13.711+0000] {dagbag.py:538} INFO - Filling up the DagBag from /home/airflow/.local/lib/python3.8/site-packages/airflow/example_dags/example_python_operator.py
[2026-02-02T14:32:13.723+0000] {processor.py:840} INFO - DAG(s) 'example_python_operator' retrieved from /home/airflow/.local/lib/python3.8/site-packages/airflow/example_dags/example_python_operator.py
[2026-02-02T14:32:13.748+0000] {logging_mixin.py:188} INFO - [2026-02-02T14:32:13.747+0000] {dag.py:3036} INFO - Sync 1 DAGs
[2026-02-02T14:32:13.757+0000] {logging_mixin.py:188} INFO - [2026-02-02T14:32:13.757+0000] {dag.py:3823} INFO - Setting next_dagrun for example_python_operator to None, run_after=None
[2026-02-02T14:32:13.770+0000] {processor.py:183} INFO - Processing /home/airflow/.local/lib/python3.8/site-packages/airflow/example_dags/example_python_operator.py took 0.065 seconds
[2026-02-02T14:32:44.274+0000] {processor.py:161} INFO - Started process (PID=1417) to work on /home/airflow/.local/lib/python3.8/site-packages/airflow/example_dags/example_python_operator.py
[2026-02-02T14:32:44.275+0000] {processor.py:830} INFO - Processing file /home/airflow/.local/lib/python3.8/site-packages/airflow/example_dags/example_python_operator.py for tasks to queue
[2026-02-02T14:32:44.277+0000] {logging_mixin.py:188} INFO - [2026-02-02T14:32:44.276+0000] {dagbag.py:538} INFO - Filling up the DagBag from /home/airflow/.local/lib/python3.8/site-packages/airflow/example_dags/example_python_operator.py
[2026-02-02T14:32:44.292+0000] {processor.py:840} INFO - DAG(s) 'example_python_operator' retrieved from /home/airflow/.local/lib/python3.8/site-packages/airflow/example_dags/example_python_operator.py
[2026-02-02T14:32:44.309+0000] {logging_mixin.py:188} INFO - [2026-02-02T14:32:44.309+0000] {dag.py:3036} INFO - Sync 1 DAGs
[2026-02-02T14:32:44.319+0000] {logging_mixin.py:188} INFO - [2026-02-02T14:32:44.319+0000] {dag.py:3823} INFO - Setting next_dagrun for example_python_operator to None, run_after=None
[2026-02-02T14:32:44.333+0000] {processor.py:183} INFO - Processing /home/airflow/.local/lib/python3.8/site-packages/airflow/example_dags/example_python_operator.py took 0.062 seconds
[2026-02-02T14:33:15.264+0000] {processor.py:161} INFO - Started process (PID=1472) to work on /home/airflow/.local/lib/python3.8/site-packages/airflow/example_dags/example_python_operator.py
[2026-02-02T14:33:15.267+0000] {processor.py:830} INFO - Processing file /home/airflow/.local/lib/python3.8/site-packages/airflow/example_dags/example_python_operator.py for tasks to queue
[2026-02-02T14:33:15.271+0000] {logging_mixin.py:188} INFO - [2026-02-02T14:33:15.271+0000] {dagbag.py:538} INFO - Filling up the DagBag from /home/airflow/.local/lib/python3.8/site-packages/airflow/example_dags/example_python_operator.py
[2026-02-02T14:33:15.295+0000] {processor.py:840} INFO - DAG(s) 'example_python_operator' retrieved from /home/airflow/.local/lib/python3.8/site-packages/airflow/example_dags/example_python_operator.py
[2026-02-02T14:33:15.351+0000] {logging_mixin.py:188} INFO - [2026-02-02T14:33:15.351+0000] {dag.py:3036} INFO - Sync 1 DAGs
[2026-02-02T14:33:15.366+0000] {logging_mixin.py:188} INFO - [2026-02-02T14:33:15.365+0000] {dag.py:3823} INFO - Setting next_dagrun for example_python_operator to None, run_after=None
[2026-02-02T14:33:15.384+0000] {processor.py:183} INFO - Processing /home/airflow/.local/lib/python3.8/site-packages/airflow/example_dags/example_python_operator.py took 0.127 seconds
[2026-02-02T14:33:45.455+0000] {processor.py:161} INFO - Started process (PID=1527) to work on /home/airflow/.local/lib/python3.8/site-packages/airflow/example_dags/example_python_operator.py
[2026-02-02T14:33:45.456+0000] {processor.py:830} INFO - Processing file /home/airflow/.local/lib/python3.8/site-packages/airflow/example_dags/example_python_operator.py for tasks to queue
[2026-02-02T14:33:45.457+0000] {logging_mixin.py:188} INFO - [2026-02-02T14:33:45.457+0000] {dagbag.py:538} INFO - Filling up the DagBag from /home/airflow/.local/lib/python3.8/site-packages/airflow/example_dags/example_python_operator.py
[2026-02-02T14:33:45.466+0000] {processor.py:840} INFO - DAG(s) 'example_python_operator' retrieved from /home/airflow/.local/lib/python3.8/site-packages/airflow/example_dags/example_python_operator.py
[2026-02-02T14:33:45.484+0000] {logging_mixin.py:188} INFO - [2026-02-02T14:33:45.484+0000] {dag.py:3036} INFO - Sync 1 DAGs
[2026-02-02T14:33:45.493+0000] {logging_mixin.py:188} INFO - [2026-02-02T14:33:45.493+0000] {dag.py:3823} INFO - Setting next_dagrun for example_python_operator to None, run_after=None
[2026-02-02T14:33:45.507+0000] {processor.py:183} INFO - Processing /home/airflow/.local/lib/python3.8/site-packages/airflow/example_dags/example_python_operator.py took 0.055 seconds
[2026-02-02T14:34:15.967+0000] {processor.py:161} INFO - Started process (PID=1582) to work on /home/airflow/.local/lib/python3.8/site-packages/airflow/example_dags/example_python_operator.py
[2026-02-02T14:34:15.968+0000] {processor.py:830} INFO - Processing file /home/airflow/.local/lib/python3.8/site-packages/airflow/example_dags/example_python_operator.py for tasks to queue
[2026-02-02T14:34:15.970+0000] {logging_mixin.py:188} INFO - [2026-02-02T14:34:15.969+0000] {dagbag.py:538} INFO - Filling up the DagBag from /home/airflow/.local/lib/python3.8/site-packages/airflow/example_dags/example_python_operator.py
[2026-02-02T14:34:15.989+0000] {processor.py:840} INFO - DAG(s) 'example_python_operator' retrieved from /home/airflow/.local/lib/python3.8/site-packages/airflow/example_dags/example_python_operator.py
[2026-02-02T14:34:16.021+0000] {logging_mixin.py:188} INFO - [2026-02-02T14:34:16.021+0000] {dag.py:3036} INFO - Sync 1 DAGs
[2026-02-02T14:34:16.034+0000] {logging_mixin.py:188} INFO - [2026-02-02T14:34:16.034+0000] {dag.py:3823} INFO - Setting next_dagrun for example_python_operator to None, run_after=None
[2026-02-02T14:34:16.052+0000] {processor.py:183} INFO - Processing /home/airflow/.local/lib/python3.8/site-packages/airflow/example_dags/example_python_operator.py took 0.091 seconds
[2026-02-02T14:34:46.183+0000] {processor.py:161} INFO - Started process (PID=1637) to work on /home/airflow/.local/lib/python3.8/site-packages/airflow/example_dags/example_python_operator.py
[2026-02-02T14:34:46.186+0000] {processor.py:830} INFO - Processing file /home/airflow/.local/lib/python3.8/site-packages/airflow/example_dags/example_python_operator.py for tasks to queue
[2026-02-02T14:34:46.188+0000] {logging_mixin.py:188} INFO - [2026-02-02T14:34:46.187+0000] {dagbag.py:538} INFO - Filling up the DagBag from /home/airflow/.local/lib/python3.8/site-packages/airflow/example_dags/example_python_operator.py
[2026-02-02T14:34:46.196+0000] {processor.py:840} INFO - DAG(s) 'example_python_operator' retrieved from /home/airflow/.local/lib/python3.8/site-packages/airflow/example_dags/example_python_operator.py
[2026-02-02T14:34:46.214+0000] {logging_mixin.py:188} INFO - [2026-02-02T14:34:46.213+0000] {dag.py:3036} INFO - Sync 1 DAGs
[2026-02-02T14:34:46.223+0000] {logging_mixin.py:188} INFO - [2026-02-02T14:34:46.223+0000] {dag.py:3823} INFO - Setting next_dagrun for example_python_operator to None, run_after=None
[2026-02-02T14:34:46.237+0000] {processor.py:183} INFO - Processing /home/airflow/.local/lib/python3.8/site-packages/airflow/example_dags/example_python_operator.py took 0.058 seconds
[2026-02-02T14:35:16.468+0000] {processor.py:161} INFO - Started process (PID=1692) to work on /home/airflow/.local/lib/python3.8/site-packages/airflow/example_dags/example_python_operator.py
[2026-02-02T14:35:16.471+0000] {processor.py:830} INFO - Processing file /home/airflow/.local/lib/python3.8/site-packages/airflow/example_dags/example_python_operator.py for tasks to queue
[2026-02-02T14:35:16.474+0000] {logging_mixin.py:188} INFO - [2026-02-02T14:35:16.473+0000] {dagbag.py:538} INFO - Filling up the DagBag from /home/airflow/.local/lib/python3.8/site-packages/airflow/example_dags/example_python_operator.py
[2026-02-02T14:35:16.488+0000] {processor.py:840} INFO - DAG(s) 'example_python_operator' retrieved from /home/airflow/.local/lib/python3.8/site-packages/airflow/example_dags/example_python_operator.py
[2026-02-02T14:35:16.516+0000] {logging_mixin.py:188} INFO - [2026-02-02T14:35:16.515+0000] {dag.py:3036} INFO - Sync 1 DAGs
[2026-02-02T14:35:16.534+0000] {logging_mixin.py:188} INFO - [2026-02-02T14:35:16.533+0000] {dag.py:3823} INFO - Setting next_dagrun for example_python_operator to None, run_after=None
[2026-02-02T14:35:16.553+0000] {processor.py:183} INFO - Processing /home/airflow/.local/lib/python3.8/site-packages/airflow/example_dags/example_python_operator.py took 0.089 seconds
[2026-02-02T14:35:46.890+0000] {processor.py:161} INFO - Started process (PID=1747) to work on /home/airflow/.local/lib/python3.8/site-packages/airflow/example_dags/example_python_operator.py
[2026-02-02T14:35:46.890+0000] {processor.py:830} INFO - Processing file /home/airflow/.local/lib/python3.8/site-packages/airflow/example_dags/example_python_operator.py for tasks to queue
[2026-02-02T14:35:46.892+0000] {logging_mixin.py:188} INFO - [2026-02-02T14:35:46.892+0000] {dagbag.py:538} INFO - Filling up the DagBag from /home/airflow/.local/lib/python3.8/site-packages/airflow/example_dags/example_python_operator.py
[2026-02-02T14:35:46.901+0000] {processor.py:840} INFO - DAG(s) 'example_python_operator' retrieved from /home/airflow/.local/lib/python3.8/site-packages/airflow/example_dags/example_python_operator.py
[2026-02-02T14:35:46.918+0000] {logging_mixin.py:188} INFO - [2026-02-02T14:35:46.918+0000] {dag.py:3036} INFO - Sync 1 DAGs
[2026-02-02T14:35:46.928+0000] {logging_mixin.py:188} INFO - [2026-02-02T14:35:46.928+0000] {dag.py:3823} INFO - Setting next_dagrun for example_python_operator to None, run_after=None
[2026-02-02T14:35:46.942+0000] {processor.py:183} INFO - Processing /home/airflow/.local/lib/python3.8/site-packages/airflow/example_dags/example_python_operator.py took 0.055 seconds
[2026-02-02T14:36:17.282+0000] {processor.py:161} INFO - Started process (PID=1802) to work on /home/airflow/.local/lib/python3.8/site-packages/airflow/example_dags/example_python_operator.py
[2026-02-02T14:36:17.283+0000] {processor.py:830} INFO - Processing file /home/airflow/.local/lib/python3.8/site-packages/airflow/example_dags/example_python_operator.py for tasks to queue
[2026-02-02T14:36:17.286+0000] {logging_mixin.py:188} INFO - [2026-02-02T14:36:17.285+0000] {dagbag.py:538} INFO - Filling up the DagBag from /home/airflow/.local/lib/python3.8/site-packages/airflow/example_dags/example_python_operator.py
[2026-02-02T14:36:17.298+0000] {processor.py:840} INFO - DAG(s) 'example_python_operator' retrieved from /home/airflow/.local/lib/python3.8/site-packages/airflow/example_dags/example_python_operator.py
[2026-02-02T14:36:17.317+0000] {logging_mixin.py:188} INFO - [2026-02-02T14:36:17.316+0000] {dag.py:3036} INFO - Sync 1 DAGs
[2026-02-02T14:36:17.326+0000] {logging_mixin.py:188} INFO - [2026-02-02T14:36:17.326+0000] {dag.py:3823} INFO - Setting next_dagrun for example_python_operator to None, run_after=None
[2026-02-02T14:36:17.339+0000] {processor.py:183} INFO - Processing /home/airflow/.local/lib/python3.8/site-packages/airflow/example_dags/example_python_operator.py took 0.061 seconds
[2026-02-02T14:36:48.152+0000] {processor.py:161} INFO - Started process (PID=1857) to work on /home/airflow/.local/lib/python3.8/site-packages/airflow/example_dags/example_python_operator.py
[2026-02-02T14:36:48.153+0000] {processor.py:830} INFO - Processing file /home/airflow/.local/lib/python3.8/site-packages/airflow/example_dags/example_python_operator.py for tasks to queue
[2026-02-02T14:36:48.155+0000] {logging_mixin.py:188} INFO - [2026-02-02T14:36:48.154+0000] {dagbag.py:538} INFO - Filling up the DagBag from /home/airflow/.local/lib/python3.8/site-packages/airflow/example_dags/example_python_operator.py
[2026-02-02T14:36:48.163+0000] {processor.py:840} INFO - DAG(s) 'example_python_operator' retrieved from /home/airflow/.local/lib/python3.8/site-packages/airflow/example_dags/example_python_operator.py
[2026-02-02T14:36:48.180+0000] {logging_mixin.py:188} INFO - [2026-02-02T14:36:48.180+0000] {dag.py:3036} INFO - Sync 1 DAGs
[2026-02-02T14:36:48.190+0000] {logging_mixin.py:188} INFO - [2026-02-02T14:36:48.189+0000] {dag.py:3823} INFO - Setting next_dagrun for example_python_operator to None, run_after=None
[2026-02-02T14:36:48.203+0000] {processor.py:183} INFO - Processing /home/airflow/.local/lib/python3.8/site-packages/airflow/example_dags/example_python_operator.py took 0.053 seconds
[2026-02-02T14:37:18.486+0000] {processor.py:161} INFO - Started process (PID=1912) to work on /home/airflow/.local/lib/python3.8/site-packages/airflow/example_dags/example_python_operator.py
[2026-02-02T14:37:18.487+0000] {processor.py:830} INFO - Processing file /home/airflow/.local/lib/python3.8/site-packages/airflow/example_dags/example_python_operator.py for tasks to queue
[2026-02-02T14:37:18.489+0000] {logging_mixin.py:188} INFO - [2026-02-02T14:37:18.489+0000] {dagbag.py:538} INFO - Filling up the DagBag from /home/airflow/.local/lib/python3.8/site-packages/airflow/example_dags/example_python_operator.py
[2026-02-02T14:37:18.507+0000] {processor.py:840} INFO - DAG(s) 'example_python_operator' retrieved from /home/airflow/.local/lib/python3.8/site-packages/airflow/example_dags/example_python_operator.py
[2026-02-02T14:37:18.547+0000] {logging_mixin.py:188} INFO - [2026-02-02T14:37:18.547+0000] {dag.py:3036} INFO - Sync 1 DAGs
[2026-02-02T14:37:18.562+0000] {logging_mixin.py:188} INFO - [2026-02-02T14:37:18.562+0000] {dag.py:3823} INFO - Setting next_dagrun for example_python_operator to None, run_after=None
[2026-02-02T14:37:18.579+0000] {processor.py:183} INFO - Processing /home/airflow/.local/lib/python3.8/site-packages/airflow/example_dags/example_python_operator.py took 0.097 seconds
[2026-02-02T14:37:48.837+0000] {processor.py:161} INFO - Started process (PID=1967) to work on /home/airflow/.local/lib/python3.8/site-packages/airflow/example_dags/example_python_operator.py
[2026-02-02T14:37:48.838+0000] {processor.py:830} INFO - Processing file /home/airflow/.local/lib/python3.8/site-packages/airflow/example_dags/example_python_operator.py for tasks to queue
[2026-02-02T14:37:48.840+0000] {logging_mixin.py:188} INFO - [2026-02-02T14:37:48.840+0000] {dagbag.py:538} INFO - Filling up the DagBag from /home/airflow/.local/lib/python3.8/site-packages/airflow/example_dags/example_python_operator.py
[2026-02-02T14:37:48.851+0000] {processor.py:840} INFO - DAG(s) 'example_python_operator' retrieved from /home/airflow/.local/lib/python3.8/site-packages/airflow/example_dags/example_python_operator.py
[2026-02-02T14:37:48.878+0000] {logging_mixin.py:188} INFO - [2026-02-02T14:37:48.877+0000] {dag.py:3036} INFO - Sync 1 DAGs
[2026-02-02T14:37:48.896+0000] {logging_mixin.py:188} INFO - [2026-02-02T14:37:48.896+0000] {dag.py:3823} INFO - Setting next_dagrun for example_python_operator to None, run_after=None
[2026-02-02T14:37:48.915+0000] {processor.py:183} INFO - Processing /home/airflow/.local/lib/python3.8/site-packages/airflow/example_dags/example_python_operator.py took 0.081 seconds
[2026-02-02T14:38:19.130+0000] {processor.py:161} INFO - Started process (PID=2019) to work on /home/airflow/.local/lib/python3.8/site-packages/airflow/example_dags/example_python_operator.py
[2026-02-02T14:38:19.131+0000] {processor.py:830} INFO - Processing file /home/airflow/.local/lib/python3.8/site-packages/airflow/example_dags/example_python_operator.py for tasks to queue
[2026-02-02T14:38:19.133+0000] {logging_mixin.py:188} INFO - [2026-02-02T14:38:19.133+0000] {dagbag.py:538} INFO - Filling up the DagBag from /home/airflow/.local/lib/python3.8/site-packages/airflow/example_dags/example_python_operator.py
[2026-02-02T14:38:19.146+0000] {processor.py:840} INFO - DAG(s) 'example_python_operator' retrieved from /home/airflow/.local/lib/python3.8/site-packages/airflow/example_dags/example_python_operator.py
[2026-02-02T14:38:19.173+0000] {logging_mixin.py:188} INFO - [2026-02-02T14:38:19.173+0000] {dag.py:3036} INFO - Sync 1 DAGs
[2026-02-02T14:38:19.187+0000] {logging_mixin.py:188} INFO - [2026-02-02T14:38:19.187+0000] {dag.py:3823} INFO - Setting next_dagrun for example_python_operator to None, run_after=None
[2026-02-02T14:38:19.205+0000] {processor.py:183} INFO - Processing /home/airflow/.local/lib/python3.8/site-packages/airflow/example_dags/example_python_operator.py took 0.079 seconds
[2026-02-02T14:38:49.267+0000] {processor.py:161} INFO - Started process (PID=2073) to work on /home/airflow/.local/lib/python3.8/site-packages/airflow/example_dags/example_python_operator.py
[2026-02-02T14:38:49.270+0000] {processor.py:830} INFO - Processing file /home/airflow/.local/lib/python3.8/site-packages/airflow/example_dags/example_python_operator.py for tasks to queue
[2026-02-02T14:38:49.275+0000] {logging_mixin.py:188} INFO - [2026-02-02T14:38:49.275+0000] {dagbag.py:538} INFO - Filling up the DagBag from /home/airflow/.local/lib/python3.8/site-packages/airflow/example_dags/example_python_operator.py
[2026-02-02T14:38:49.327+0000] {processor.py:840} INFO - DAG(s) 'example_python_operator' retrieved from /home/airflow/.local/lib/python3.8/site-packages/airflow/example_dags/example_python_operator.py
[2026-02-02T14:38:49.357+0000] {logging_mixin.py:188} INFO - [2026-02-02T14:38:49.356+0000] {dag.py:3036} INFO - Sync 1 DAGs
[2026-02-02T14:38:49.376+0000] {logging_mixin.py:188} INFO - [2026-02-02T14:38:49.376+0000] {dag.py:3823} INFO - Setting next_dagrun for example_python_operator to None, run_after=None
[2026-02-02T14:38:49.414+0000] {processor.py:183} INFO - Processing /home/airflow/.local/lib/python3.8/site-packages/airflow/example_dags/example_python_operator.py took 0.159 seconds
[2026-02-02T14:39:19.980+0000] {processor.py:161} INFO - Started process (PID=2129) to work on /home/airflow/.local/lib/python3.8/site-packages/airflow/example_dags/example_python_operator.py
[2026-02-02T14:39:19.981+0000] {processor.py:830} INFO - Processing file /home/airflow/.local/lib/python3.8/site-packages/airflow/example_dags/example_python_operator.py for tasks to queue
[2026-02-02T14:39:19.982+0000] {logging_mixin.py:188} INFO - [2026-02-02T14:39:19.982+0000] {dagbag.py:538} INFO - Filling up the DagBag from /home/airflow/.local/lib/python3.8/site-packages/airflow/example_dags/example_python_operator.py
[2026-02-02T14:39:19.993+0000] {processor.py:840} INFO - DAG(s) 'example_python_operator' retrieved from /home/airflow/.local/lib/python3.8/site-packages/airflow/example_dags/example_python_operator.py
[2026-02-02T14:39:20.010+0000] {logging_mixin.py:188} INFO - [2026-02-02T14:39:20.009+0000] {dag.py:3036} INFO - Sync 1 DAGs
[2026-02-02T14:39:20.021+0000] {logging_mixin.py:188} INFO - [2026-02-02T14:39:20.021+0000] {dag.py:3823} INFO - Setting next_dagrun for example_python_operator to None, run_after=None
[2026-02-02T14:39:20.035+0000] {processor.py:183} INFO - Processing /home/airflow/.local/lib/python3.8/site-packages/airflow/example_dags/example_python_operator.py took 0.059 seconds
[2026-02-02T14:39:50.874+0000] {processor.py:161} INFO - Started process (PID=2184) to work on /home/airflow/.local/lib/python3.8/site-packages/airflow/example_dags/example_python_operator.py
[2026-02-02T14:39:50.875+0000] {processor.py:830} INFO - Processing file /home/airflow/.local/lib/python3.8/site-packages/airflow/example_dags/example_python_operator.py for tasks to queue
[2026-02-02T14:39:50.876+0000] {logging_mixin.py:188} INFO - [2026-02-02T14:39:50.876+0000] {dagbag.py:538} INFO - Filling up the DagBag from /home/airflow/.local/lib/python3.8/site-packages/airflow/example_dags/example_python_operator.py
[2026-02-02T14:39:50.885+0000] {processor.py:840} INFO - DAG(s) 'example_python_operator' retrieved from /home/airflow/.local/lib/python3.8/site-packages/airflow/example_dags/example_python_operator.py
[2026-02-02T14:39:50.905+0000] {logging_mixin.py:188} INFO - [2026-02-02T14:39:50.905+0000] {dag.py:3036} INFO - Sync 1 DAGs
[2026-02-02T14:39:50.916+0000] {logging_mixin.py:188} INFO - [2026-02-02T14:39:50.916+0000] {dag.py:3823} INFO - Setting next_dagrun for example_python_operator to None, run_after=None
[2026-02-02T14:39:50.932+0000] {processor.py:183} INFO - Processing /home/airflow/.local/lib/python3.8/site-packages/airflow/example_dags/example_python_operator.py took 0.060 seconds
[2026-02-02T14:40:21.373+0000] {processor.py:161} INFO - Started process (PID=2238) to work on /home/airflow/.local/lib/python3.8/site-packages/airflow/example_dags/example_python_operator.py
[2026-02-02T14:40:21.373+0000] {processor.py:830} INFO - Processing file /home/airflow/.local/lib/python3.8/site-packages/airflow/example_dags/example_python_operator.py for tasks to queue
[2026-02-02T14:40:21.375+0000] {logging_mixin.py:188} INFO - [2026-02-02T14:40:21.375+0000] {dagbag.py:538} INFO - Filling up the DagBag from /home/airflow/.local/lib/python3.8/site-packages/airflow/example_dags/example_python_operator.py
[2026-02-02T14:40:21.387+0000] {processor.py:840} INFO - DAG(s) 'example_python_operator' retrieved from /home/airflow/.local/lib/python3.8/site-packages/airflow/example_dags/example_python_operator.py
[2026-02-02T14:40:21.412+0000] {logging_mixin.py:188} INFO - [2026-02-02T14:40:21.411+0000] {dag.py:3036} INFO - Sync 1 DAGs
[2026-02-02T14:40:21.435+0000] {logging_mixin.py:188} INFO - [2026-02-02T14:40:21.435+0000] {dag.py:3823} INFO - Setting next_dagrun for example_python_operator to None, run_after=None
[2026-02-02T14:40:21.462+0000] {processor.py:183} INFO - Processing /home/airflow/.local/lib/python3.8/site-packages/airflow/example_dags/example_python_operator.py took 0.093 seconds
[2026-02-02T14:40:52.322+0000] {processor.py:161} INFO - Started process (PID=2293) to work on /home/airflow/.local/lib/python3.8/site-packages/airflow/example_dags/example_python_operator.py
[2026-02-02T14:40:52.324+0000] {processor.py:830} INFO - Processing file /home/airflow/.local/lib/python3.8/site-packages/airflow/example_dags/example_python_operator.py for tasks to queue
[2026-02-02T14:40:52.335+0000] {logging_mixin.py:188} INFO - [2026-02-02T14:40:52.332+0000] {dagbag.py:538} INFO - Filling up the DagBag from /home/airflow/.local/lib/python3.8/site-packages/airflow/example_dags/example_python_operator.py
[2026-02-02T14:40:52.369+0000] {processor.py:840} INFO - DAG(s) 'example_python_operator' retrieved from /home/airflow/.local/lib/python3.8/site-packages/airflow/example_dags/example_python_operator.py
[2026-02-02T14:40:52.427+0000] {logging_mixin.py:188} INFO - [2026-02-02T14:40:52.427+0000] {dag.py:3036} INFO - Sync 1 DAGs
[2026-02-02T14:40:52.466+0000] {logging_mixin.py:188} INFO - [2026-02-02T14:40:52.466+0000] {dag.py:3823} INFO - Setting next_dagrun for example_python_operator to None, run_after=None
[2026-02-02T14:40:52.524+0000] {processor.py:183} INFO - Processing /home/airflow/.local/lib/python3.8/site-packages/airflow/example_dags/example_python_operator.py took 0.215 seconds
[2026-02-02T14:41:22.827+0000] {processor.py:161} INFO - Started process (PID=2349) to work on /home/airflow/.local/lib/python3.8/site-packages/airflow/example_dags/example_python_operator.py
[2026-02-02T14:41:22.828+0000] {processor.py:830} INFO - Processing file /home/airflow/.local/lib/python3.8/site-packages/airflow/example_dags/example_python_operator.py for tasks to queue
[2026-02-02T14:41:22.830+0000] {logging_mixin.py:188} INFO - [2026-02-02T14:41:22.830+0000] {dagbag.py:538} INFO - Filling up the DagBag from /home/airflow/.local/lib/python3.8/site-packages/airflow/example_dags/example_python_operator.py
[2026-02-02T14:41:22.844+0000] {processor.py:840} INFO - DAG(s) 'example_python_operator' retrieved from /home/airflow/.local/lib/python3.8/site-packages/airflow/example_dags/example_python_operator.py
[2026-02-02T14:41:22.869+0000] {logging_mixin.py:188} INFO - [2026-02-02T14:41:22.869+0000] {dag.py:3036} INFO - Sync 1 DAGs
[2026-02-02T14:41:22.883+0000] {logging_mixin.py:188} INFO - [2026-02-02T14:41:22.883+0000] {dag.py:3823} INFO - Setting next_dagrun for example_python_operator to None, run_after=None
[2026-02-02T14:41:22.904+0000] {processor.py:183} INFO - Processing /home/airflow/.local/lib/python3.8/site-packages/airflow/example_dags/example_python_operator.py took 0.080 seconds
[2026-02-02T14:41:53.748+0000] {processor.py:161} INFO - Started process (PID=2404) to work on /home/airflow/.local/lib/python3.8/site-packages/airflow/example_dags/example_python_operator.py
[2026-02-02T14:41:53.749+0000] {processor.py:830} INFO - Processing file /home/airflow/.local/lib/python3.8/site-packages/airflow/example_dags/example_python_operator.py for tasks to queue
[2026-02-02T14:41:53.751+0000] {logging_mixin.py:188} INFO - [2026-02-02T14:41:53.751+0000] {dagbag.py:538} INFO - Filling up the DagBag from /home/airflow/.local/lib/python3.8/site-packages/airflow/example_dags/example_python_operator.py
[2026-02-02T14:41:53.764+0000] {processor.py:840} INFO - DAG(s) 'example_python_operator' retrieved from /home/airflow/.local/lib/python3.8/site-packages/airflow/example_dags/example_python_operator.py
[2026-02-02T14:41:53.790+0000] {logging_mixin.py:188} INFO - [2026-02-02T14:41:53.790+0000] {dag.py:3036} INFO - Sync 1 DAGs
[2026-02-02T14:41:53.806+0000] {logging_mixin.py:188} INFO - [2026-02-02T14:41:53.806+0000] {dag.py:3823} INFO - Setting next_dagrun for example_python_operator to None, run_after=None
[2026-02-02T14:41:53.824+0000] {processor.py:183} INFO - Processing /home/airflow/.local/lib/python3.8/site-packages/airflow/example_dags/example_python_operator.py took 0.079 seconds
[2026-02-02T14:42:23.886+0000] {processor.py:161} INFO - Started process (PID=2458) to work on /home/airflow/.local/lib/python3.8/site-packages/airflow/example_dags/example_python_operator.py
[2026-02-02T14:42:23.887+0000] {processor.py:830} INFO - Processing file /home/airflow/.local/lib/python3.8/site-packages/airflow/example_dags/example_python_operator.py for tasks to queue
[2026-02-02T14:42:23.888+0000] {logging_mixin.py:188} INFO - [2026-02-02T14:42:23.888+0000] {dagbag.py:538} INFO - Filling up the DagBag from /home/airflow/.local/lib/python3.8/site-packages/airflow/example_dags/example_python_operator.py
[2026-02-02T14:42:23.896+0000] {processor.py:840} INFO - DAG(s) 'example_python_operator' retrieved from /home/airflow/.local/lib/python3.8/site-packages/airflow/example_dags/example_python_operator.py
[2026-02-02T14:42:23.920+0000] {logging_mixin.py:188} INFO - [2026-02-02T14:42:23.920+0000] {dag.py:3036} INFO - Sync 1 DAGs
[2026-02-02T14:42:23.930+0000] {logging_mixin.py:188} INFO - [2026-02-02T14:42:23.930+0000] {dag.py:3823} INFO - Setting next_dagrun for example_python_operator to None, run_after=None
[2026-02-02T14:42:23.944+0000] {processor.py:183} INFO - Processing /home/airflow/.local/lib/python3.8/site-packages/airflow/example_dags/example_python_operator.py took 0.061 seconds
[2026-02-02T14:42:54.419+0000] {processor.py:161} INFO - Started process (PID=2513) to work on /home/airflow/.local/lib/python3.8/site-packages/airflow/example_dags/example_python_operator.py
[2026-02-02T14:42:54.422+0000] {processor.py:830} INFO - Processing file /home/airflow/.local/lib/python3.8/site-packages/airflow/example_dags/example_python_operator.py for tasks to queue
[2026-02-02T14:42:54.424+0000] {logging_mixin.py:188} INFO - [2026-02-02T14:42:54.424+0000] {dagbag.py:538} INFO - Filling up the DagBag from /home/airflow/.local/lib/python3.8/site-packages/airflow/example_dags/example_python_operator.py
[2026-02-02T14:42:54.452+0000] {processor.py:840} INFO - DAG(s) 'example_python_operator' retrieved from /home/airflow/.local/lib/python3.8/site-packages/airflow/example_dags/example_python_operator.py
[2026-02-02T14:42:54.503+0000] {logging_mixin.py:188} INFO - [2026-02-02T14:42:54.502+0000] {dag.py:3036} INFO - Sync 1 DAGs
[2026-02-02T14:42:54.517+0000] {logging_mixin.py:188} INFO - [2026-02-02T14:42:54.517+0000] {dag.py:3823} INFO - Setting next_dagrun for example_python_operator to None, run_after=None
[2026-02-02T14:42:54.542+0000] {processor.py:183} INFO - Processing /home/airflow/.local/lib/python3.8/site-packages/airflow/example_dags/example_python_operator.py took 0.130 seconds
[2026-02-02T14:43:24.621+0000] {processor.py:161} INFO - Started process (PID=2567) to work on /home/airflow/.local/lib/python3.8/site-packages/airflow/example_dags/example_python_operator.py
[2026-02-02T14:43:24.622+0000] {processor.py:830} INFO - Processing file /home/airflow/.local/lib/python3.8/site-packages/airflow/example_dags/example_python_operator.py for tasks to queue
[2026-02-02T14:43:24.623+0000] {logging_mixin.py:188} INFO - [2026-02-02T14:43:24.623+0000] {dagbag.py:538} INFO - Filling up the DagBag from /home/airflow/.local/lib/python3.8/site-packages/airflow/example_dags/example_python_operator.py
[2026-02-02T14:43:24.631+0000] {processor.py:840} INFO - DAG(s) 'example_python_operator' retrieved from /home/airflow/.local/lib/python3.8/site-packages/airflow/example_dags/example_python_operator.py
[2026-02-02T14:43:24.648+0000] {logging_mixin.py:188} INFO - [2026-02-02T14:43:24.648+0000] {dag.py:3036} INFO - Sync 1 DAGs
[2026-02-02T14:43:24.657+0000] {logging_mixin.py:188} INFO - [2026-02-02T14:43:24.657+0000] {dag.py:3823} INFO - Setting next_dagrun for example_python_operator to None, run_after=None
[2026-02-02T14:43:24.671+0000] {processor.py:183} INFO - Processing /home/airflow/.local/lib/python3.8/site-packages/airflow/example_dags/example_python_operator.py took 0.053 seconds
[2026-02-02T14:43:54.949+0000] {processor.py:161} INFO - Started process (PID=2622) to work on /home/airflow/.local/lib/python3.8/site-packages/airflow/example_dags/example_python_operator.py
[2026-02-02T14:43:54.950+0000] {processor.py:830} INFO - Processing file /home/airflow/.local/lib/python3.8/site-packages/airflow/example_dags/example_python_operator.py for tasks to queue
[2026-02-02T14:43:54.951+0000] {logging_mixin.py:188} INFO - [2026-02-02T14:43:54.951+0000] {dagbag.py:538} INFO - Filling up the DagBag from /home/airflow/.local/lib/python3.8/site-packages/airflow/example_dags/example_python_operator.py
[2026-02-02T14:43:54.960+0000] {processor.py:840} INFO - DAG(s) 'example_python_operator' retrieved from /home/airflow/.local/lib/python3.8/site-packages/airflow/example_dags/example_python_operator.py
[2026-02-02T14:43:54.977+0000] {logging_mixin.py:188} INFO - [2026-02-02T14:43:54.977+0000] {dag.py:3036} INFO - Sync 1 DAGs
[2026-02-02T14:43:54.987+0000] {logging_mixin.py:188} INFO - [2026-02-02T14:43:54.987+0000] {dag.py:3823} INFO - Setting next_dagrun for example_python_operator to None, run_after=None
[2026-02-02T14:43:55.001+0000] {processor.py:183} INFO - Processing /home/airflow/.local/lib/python3.8/site-packages/airflow/example_dags/example_python_operator.py took 0.055 seconds
[2026-02-02T14:44:26.133+0000] {processor.py:161} INFO - Started process (PID=2677) to work on /home/airflow/.local/lib/python3.8/site-packages/airflow/example_dags/example_python_operator.py
[2026-02-02T14:44:26.134+0000] {processor.py:830} INFO - Processing file /home/airflow/.local/lib/python3.8/site-packages/airflow/example_dags/example_python_operator.py for tasks to queue
[2026-02-02T14:44:26.135+0000] {logging_mixin.py:188} INFO - [2026-02-02T14:44:26.135+0000] {dagbag.py:538} INFO - Filling up the DagBag from /home/airflow/.local/lib/python3.8/site-packages/airflow/example_dags/example_python_operator.py
[2026-02-02T14:44:26.143+0000] {processor.py:840} INFO - DAG(s) 'example_python_operator' retrieved from /home/airflow/.local/lib/python3.8/site-packages/airflow/example_dags/example_python_operator.py
[2026-02-02T14:44:26.161+0000] {logging_mixin.py:188} INFO - [2026-02-02T14:44:26.160+0000] {dag.py:3036} INFO - Sync 1 DAGs
[2026-02-02T14:44:26.304+0000] {logging_mixin.py:188} INFO - [2026-02-02T14:44:26.304+0000] {dag.py:3823} INFO - Setting next_dagrun for example_python_operator to None, run_after=None
[2026-02-02T14:44:26.317+0000] {processor.py:183} INFO - Processing /home/airflow/.local/lib/python3.8/site-packages/airflow/example_dags/example_python_operator.py took 0.187 seconds
[2026-02-02T14:44:56.824+0000] {processor.py:161} INFO - Started process (PID=2732) to work on /home/airflow/.local/lib/python3.8/site-packages/airflow/example_dags/example_python_operator.py
[2026-02-02T14:44:56.825+0000] {processor.py:830} INFO - Processing file /home/airflow/.local/lib/python3.8/site-packages/airflow/example_dags/example_python_operator.py for tasks to queue
[2026-02-02T14:44:56.826+0000] {logging_mixin.py:188} INFO - [2026-02-02T14:44:56.826+0000] {dagbag.py:538} INFO - Filling up the DagBag from /home/airflow/.local/lib/python3.8/site-packages/airflow/example_dags/example_python_operator.py
[2026-02-02T14:44:56.838+0000] {processor.py:840} INFO - DAG(s) 'example_python_operator' retrieved from /home/airflow/.local/lib/python3.8/site-packages/airflow/example_dags/example_python_operator.py
[2026-02-02T14:44:56.863+0000] {logging_mixin.py:188} INFO - [2026-02-02T14:44:56.863+0000] {dag.py:3036} INFO - Sync 1 DAGs
[2026-02-02T14:44:57.028+0000] {logging_mixin.py:188} INFO - [2026-02-02T14:44:57.028+0000] {dag.py:3823} INFO - Setting next_dagrun for example_python_operator to None, run_after=None
[2026-02-02T14:44:57.047+0000] {processor.py:183} INFO - Processing /home/airflow/.local/lib/python3.8/site-packages/airflow/example_dags/example_python_operator.py took 0.226 seconds
[2026-02-02T14:45:27.224+0000] {processor.py:161} INFO - Started process (PID=2789) to work on /home/airflow/.local/lib/python3.8/site-packages/airflow/example_dags/example_python_operator.py
[2026-02-02T14:45:27.225+0000] {processor.py:830} INFO - Processing file /home/airflow/.local/lib/python3.8/site-packages/airflow/example_dags/example_python_operator.py for tasks to queue
[2026-02-02T14:45:27.226+0000] {logging_mixin.py:188} INFO - [2026-02-02T14:45:27.226+0000] {dagbag.py:538} INFO - Filling up the DagBag from /home/airflow/.local/lib/python3.8/site-packages/airflow/example_dags/example_python_operator.py
[2026-02-02T14:45:27.237+0000] {processor.py:840} INFO - DAG(s) 'example_python_operator' retrieved from /home/airflow/.local/lib/python3.8/site-packages/airflow/example_dags/example_python_operator.py
[2026-02-02T14:45:27.256+0000] {logging_mixin.py:188} INFO - [2026-02-02T14:45:27.256+0000] {dag.py:3036} INFO - Sync 1 DAGs
[2026-02-02T14:45:27.265+0000] {logging_mixin.py:188} INFO - [2026-02-02T14:45:27.265+0000] {dag.py:3823} INFO - Setting next_dagrun for example_python_operator to None, run_after=None
[2026-02-02T14:45:27.280+0000] {processor.py:183} INFO - Processing /home/airflow/.local/lib/python3.8/site-packages/airflow/example_dags/example_python_operator.py took 0.059 seconds
[2026-02-02T14:45:57.492+0000] {processor.py:161} INFO - Started process (PID=2845) to work on /home/airflow/.local/lib/python3.8/site-packages/airflow/example_dags/example_python_operator.py
[2026-02-02T14:45:57.493+0000] {processor.py:830} INFO - Processing file /home/airflow/.local/lib/python3.8/site-packages/airflow/example_dags/example_python_operator.py for tasks to queue
[2026-02-02T14:45:57.495+0000] {logging_mixin.py:188} INFO - [2026-02-02T14:45:57.495+0000] {dagbag.py:538} INFO - Filling up the DagBag from /home/airflow/.local/lib/python3.8/site-packages/airflow/example_dags/example_python_operator.py
[2026-02-02T14:45:57.507+0000] {processor.py:840} INFO - DAG(s) 'example_python_operator' retrieved from /home/airflow/.local/lib/python3.8/site-packages/airflow/example_dags/example_python_operator.py
[2026-02-02T14:45:57.533+0000] {logging_mixin.py:188} INFO - [2026-02-02T14:45:57.532+0000] {dag.py:3036} INFO - Sync 1 DAGs
[2026-02-02T14:45:57.563+0000] {logging_mixin.py:188} INFO - [2026-02-02T14:45:57.562+0000] {dag.py:3823} INFO - Setting next_dagrun for example_python_operator to None, run_after=None
[2026-02-02T14:45:57.601+0000] {processor.py:183} INFO - Processing /home/airflow/.local/lib/python3.8/site-packages/airflow/example_dags/example_python_operator.py took 0.113 seconds
[2026-02-02T14:46:27.691+0000] {processor.py:161} INFO - Started process (PID=2900) to work on /home/airflow/.local/lib/python3.8/site-packages/airflow/example_dags/example_python_operator.py
[2026-02-02T14:46:27.692+0000] {processor.py:830} INFO - Processing file /home/airflow/.local/lib/python3.8/site-packages/airflow/example_dags/example_python_operator.py for tasks to queue
[2026-02-02T14:46:27.694+0000] {logging_mixin.py:188} INFO - [2026-02-02T14:46:27.693+0000] {dagbag.py:538} INFO - Filling up the DagBag from /home/airflow/.local/lib/python3.8/site-packages/airflow/example_dags/example_python_operator.py
[2026-02-02T14:46:27.706+0000] {processor.py:840} INFO - DAG(s) 'example_python_operator' retrieved from /home/airflow/.local/lib/python3.8/site-packages/airflow/example_dags/example_python_operator.py
[2026-02-02T14:46:27.731+0000] {logging_mixin.py:188} INFO - [2026-02-02T14:46:27.731+0000] {dag.py:3036} INFO - Sync 1 DAGs
[2026-02-02T14:46:27.745+0000] {logging_mixin.py:188} INFO - [2026-02-02T14:46:27.745+0000] {dag.py:3823} INFO - Setting next_dagrun for example_python_operator to None, run_after=None
[2026-02-02T14:46:27.764+0000] {processor.py:183} INFO - Processing /home/airflow/.local/lib/python3.8/site-packages/airflow/example_dags/example_python_operator.py took 0.076 seconds
[2026-02-02T14:46:58.051+0000] {processor.py:161} INFO - Started process (PID=2956) to work on /home/airflow/.local/lib/python3.8/site-packages/airflow/example_dags/example_python_operator.py
[2026-02-02T14:46:58.052+0000] {processor.py:830} INFO - Processing file /home/airflow/.local/lib/python3.8/site-packages/airflow/example_dags/example_python_operator.py for tasks to queue
[2026-02-02T14:46:58.053+0000] {logging_mixin.py:188} INFO - [2026-02-02T14:46:58.053+0000] {dagbag.py:538} INFO - Filling up the DagBag from /home/airflow/.local/lib/python3.8/site-packages/airflow/example_dags/example_python_operator.py
[2026-02-02T14:46:58.062+0000] {processor.py:840} INFO - DAG(s) 'example_python_operator' retrieved from /home/airflow/.local/lib/python3.8/site-packages/airflow/example_dags/example_python_operator.py
[2026-02-02T14:46:58.079+0000] {logging_mixin.py:188} INFO - [2026-02-02T14:46:58.079+0000] {dag.py:3036} INFO - Sync 1 DAGs
[2026-02-02T14:46:58.089+0000] {logging_mixin.py:188} INFO - [2026-02-02T14:46:58.089+0000] {dag.py:3823} INFO - Setting next_dagrun for example_python_operator to None, run_after=None
[2026-02-02T14:46:58.102+0000] {processor.py:183} INFO - Processing /home/airflow/.local/lib/python3.8/site-packages/airflow/example_dags/example_python_operator.py took 0.054 seconds
[2026-02-02T14:47:29.020+0000] {processor.py:161} INFO - Started process (PID=3013) to work on /home/airflow/.local/lib/python3.8/site-packages/airflow/example_dags/example_python_operator.py
[2026-02-02T14:47:29.021+0000] {processor.py:830} INFO - Processing file /home/airflow/.local/lib/python3.8/site-packages/airflow/example_dags/example_python_operator.py for tasks to queue
[2026-02-02T14:47:29.023+0000] {logging_mixin.py:188} INFO - [2026-02-02T14:47:29.023+0000] {dagbag.py:538} INFO - Filling up the DagBag from /home/airflow/.local/lib/python3.8/site-packages/airflow/example_dags/example_python_operator.py
[2026-02-02T14:47:29.037+0000] {processor.py:840} INFO - DAG(s) 'example_python_operator' retrieved from /home/airflow/.local/lib/python3.8/site-packages/airflow/example_dags/example_python_operator.py
[2026-02-02T14:47:29.062+0000] {logging_mixin.py:188} INFO - [2026-02-02T14:47:29.062+0000] {dag.py:3036} INFO - Sync 1 DAGs
[2026-02-02T14:47:29.084+0000] {logging_mixin.py:188} INFO - [2026-02-02T14:47:29.084+0000] {dag.py:3823} INFO - Setting next_dagrun for example_python_operator to None, run_after=None
[2026-02-02T14:47:29.105+0000] {processor.py:183} INFO - Processing /home/airflow/.local/lib/python3.8/site-packages/airflow/example_dags/example_python_operator.py took 0.089 seconds
[2026-02-02T14:48:00.034+0000] {processor.py:161} INFO - Started process (PID=3076) to work on /home/airflow/.local/lib/python3.8/site-packages/airflow/example_dags/example_python_operator.py
[2026-02-02T14:48:00.035+0000] {processor.py:830} INFO - Processing file /home/airflow/.local/lib/python3.8/site-packages/airflow/example_dags/example_python_operator.py for tasks to queue
[2026-02-02T14:48:00.037+0000] {logging_mixin.py:188} INFO - [2026-02-02T14:48:00.036+0000] {dagbag.py:538} INFO - Filling up the DagBag from /home/airflow/.local/lib/python3.8/site-packages/airflow/example_dags/example_python_operator.py
[2026-02-02T14:48:00.046+0000] {processor.py:840} INFO - DAG(s) 'example_python_operator' retrieved from /home/airflow/.local/lib/python3.8/site-packages/airflow/example_dags/example_python_operator.py
[2026-02-02T14:48:00.065+0000] {logging_mixin.py:188} INFO - [2026-02-02T14:48:00.065+0000] {dag.py:3036} INFO - Sync 1 DAGs
[2026-02-02T14:48:00.081+0000] {logging_mixin.py:188} INFO - [2026-02-02T14:48:00.081+0000] {dag.py:3823} INFO - Setting next_dagrun for example_python_operator to None, run_after=None
[2026-02-02T14:48:00.106+0000] {processor.py:183} INFO - Processing /home/airflow/.local/lib/python3.8/site-packages/airflow/example_dags/example_python_operator.py took 0.075 seconds
[2026-02-02T14:48:30.538+0000] {processor.py:161} INFO - Started process (PID=3131) to work on /home/airflow/.local/lib/python3.8/site-packages/airflow/example_dags/example_python_operator.py
[2026-02-02T14:48:30.539+0000] {processor.py:830} INFO - Processing file /home/airflow/.local/lib/python3.8/site-packages/airflow/example_dags/example_python_operator.py for tasks to queue
[2026-02-02T14:48:30.541+0000] {logging_mixin.py:188} INFO - [2026-02-02T14:48:30.540+0000] {dagbag.py:538} INFO - Filling up the DagBag from /home/airflow/.local/lib/python3.8/site-packages/airflow/example_dags/example_python_operator.py
[2026-02-02T14:48:30.555+0000] {processor.py:840} INFO - DAG(s) 'example_python_operator' retrieved from /home/airflow/.local/lib/python3.8/site-packages/airflow/example_dags/example_python_operator.py
[2026-02-02T14:48:30.587+0000] {logging_mixin.py:188} INFO - [2026-02-02T14:48:30.586+0000] {dag.py:3036} INFO - Sync 1 DAGs
[2026-02-02T14:48:30.598+0000] {logging_mixin.py:188} INFO - [2026-02-02T14:48:30.598+0000] {dag.py:3823} INFO - Setting next_dagrun for example_python_operator to None, run_after=None
[2026-02-02T14:48:30.612+0000] {processor.py:183} INFO - Processing /home/airflow/.local/lib/python3.8/site-packages/airflow/example_dags/example_python_operator.py took 0.078 seconds
[2026-02-02T14:49:01.765+0000] {processor.py:161} INFO - Started process (PID=3187) to work on /home/airflow/.local/lib/python3.8/site-packages/airflow/example_dags/example_python_operator.py
[2026-02-02T14:49:01.766+0000] {processor.py:830} INFO - Processing file /home/airflow/.local/lib/python3.8/site-packages/airflow/example_dags/example_python_operator.py for tasks to queue
[2026-02-02T14:49:01.768+0000] {logging_mixin.py:188} INFO - [2026-02-02T14:49:01.767+0000] {dagbag.py:538} INFO - Filling up the DagBag from /home/airflow/.local/lib/python3.8/site-packages/airflow/example_dags/example_python_operator.py
[2026-02-02T14:49:01.781+0000] {processor.py:840} INFO - DAG(s) 'example_python_operator' retrieved from /home/airflow/.local/lib/python3.8/site-packages/airflow/example_dags/example_python_operator.py
[2026-02-02T14:49:01.808+0000] {logging_mixin.py:188} INFO - [2026-02-02T14:49:01.808+0000] {dag.py:3036} INFO - Sync 1 DAGs
[2026-02-02T14:49:01.822+0000] {logging_mixin.py:188} INFO - [2026-02-02T14:49:01.822+0000] {dag.py:3823} INFO - Setting next_dagrun for example_python_operator to None, run_after=None
[2026-02-02T14:49:01.842+0000] {processor.py:183} INFO - Processing /home/airflow/.local/lib/python3.8/site-packages/airflow/example_dags/example_python_operator.py took 0.081 seconds
[2026-02-02T14:49:31.972+0000] {processor.py:161} INFO - Started process (PID=3243) to work on /home/airflow/.local/lib/python3.8/site-packages/airflow/example_dags/example_python_operator.py
[2026-02-02T14:49:31.973+0000] {processor.py:830} INFO - Processing file /home/airflow/.local/lib/python3.8/site-packages/airflow/example_dags/example_python_operator.py for tasks to queue
[2026-02-02T14:49:31.974+0000] {logging_mixin.py:188} INFO - [2026-02-02T14:49:31.974+0000] {dagbag.py:538} INFO - Filling up the DagBag from /home/airflow/.local/lib/python3.8/site-packages/airflow/example_dags/example_python_operator.py
[2026-02-02T14:49:31.987+0000] {processor.py:840} INFO - DAG(s) 'example_python_operator' retrieved from /home/airflow/.local/lib/python3.8/site-packages/airflow/example_dags/example_python_operator.py
[2026-02-02T14:49:32.012+0000] {logging_mixin.py:188} INFO - [2026-02-02T14:49:32.012+0000] {dag.py:3036} INFO - Sync 1 DAGs
[2026-02-02T14:49:32.026+0000] {logging_mixin.py:188} INFO - [2026-02-02T14:49:32.026+0000] {dag.py:3823} INFO - Setting next_dagrun for example_python_operator to None, run_after=None
[2026-02-02T14:49:32.045+0000] {processor.py:183} INFO - Processing /home/airflow/.local/lib/python3.8/site-packages/airflow/example_dags/example_python_operator.py took 0.077 seconds
[2026-02-02T14:50:02.549+0000] {processor.py:161} INFO - Started process (PID=3299) to work on /home/airflow/.local/lib/python3.8/site-packages/airflow/example_dags/example_python_operator.py
[2026-02-02T14:50:02.550+0000] {processor.py:830} INFO - Processing file /home/airflow/.local/lib/python3.8/site-packages/airflow/example_dags/example_python_operator.py for tasks to queue
[2026-02-02T14:50:02.552+0000] {logging_mixin.py:188} INFO - [2026-02-02T14:50:02.551+0000] {dagbag.py:538} INFO - Filling up the DagBag from /home/airflow/.local/lib/python3.8/site-packages/airflow/example_dags/example_python_operator.py
[2026-02-02T14:50:02.560+0000] {processor.py:840} INFO - DAG(s) 'example_python_operator' retrieved from /home/airflow/.local/lib/python3.8/site-packages/airflow/example_dags/example_python_operator.py
[2026-02-02T14:50:02.578+0000] {logging_mixin.py:188} INFO - [2026-02-02T14:50:02.578+0000] {dag.py:3036} INFO - Sync 1 DAGs
[2026-02-02T14:50:02.588+0000] {logging_mixin.py:188} INFO - [2026-02-02T14:50:02.588+0000] {dag.py:3823} INFO - Setting next_dagrun for example_python_operator to None, run_after=None
[2026-02-02T14:50:02.604+0000] {processor.py:183} INFO - Processing /home/airflow/.local/lib/python3.8/site-packages/airflow/example_dags/example_python_operator.py took 0.058 seconds
[2026-02-02T14:50:32.896+0000] {processor.py:161} INFO - Started process (PID=3355) to work on /home/airflow/.local/lib/python3.8/site-packages/airflow/example_dags/example_python_operator.py
[2026-02-02T14:50:32.897+0000] {processor.py:830} INFO - Processing file /home/airflow/.local/lib/python3.8/site-packages/airflow/example_dags/example_python_operator.py for tasks to queue
[2026-02-02T14:50:32.899+0000] {logging_mixin.py:188} INFO - [2026-02-02T14:50:32.898+0000] {dagbag.py:538} INFO - Filling up the DagBag from /home/airflow/.local/lib/python3.8/site-packages/airflow/example_dags/example_python_operator.py
[2026-02-02T14:50:32.907+0000] {processor.py:840} INFO - DAG(s) 'example_python_operator' retrieved from /home/airflow/.local/lib/python3.8/site-packages/airflow/example_dags/example_python_operator.py
[2026-02-02T14:50:32.924+0000] {logging_mixin.py:188} INFO - [2026-02-02T14:50:32.924+0000] {dag.py:3036} INFO - Sync 1 DAGs
[2026-02-02T14:50:32.933+0000] {logging_mixin.py:188} INFO - [2026-02-02T14:50:32.933+0000] {dag.py:3823} INFO - Setting next_dagrun for example_python_operator to None, run_after=None
[2026-02-02T14:50:32.948+0000] {processor.py:183} INFO - Processing /home/airflow/.local/lib/python3.8/site-packages/airflow/example_dags/example_python_operator.py took 0.054 seconds
