[2026-02-02T14:20:21.615+0000] {processor.py:161} INFO - Started process (PID=75) to work on /home/airflow/.local/lib/python3.8/site-packages/airflow/example_dags/example_short_circuit_operator.py
[2026-02-02T14:20:21.617+0000] {processor.py:830} INFO - Processing file /home/airflow/.local/lib/python3.8/site-packages/airflow/example_dags/example_short_circuit_operator.py for tasks to queue
[2026-02-02T14:20:21.621+0000] {logging_mixin.py:188} INFO - [2026-02-02T14:20:21.621+0000] {dagbag.py:538} INFO - Filling up the DagBag from /home/airflow/.local/lib/python3.8/site-packages/airflow/example_dags/example_short_circuit_operator.py
[2026-02-02T14:20:21.639+0000] {processor.py:840} INFO - DAG(s) 'example_short_circuit_operator' retrieved from /home/airflow/.local/lib/python3.8/site-packages/airflow/example_dags/example_short_circuit_operator.py
[2026-02-02T14:20:22.081+0000] {logging_mixin.py:188} INFO - [2026-02-02T14:20:22.080+0000] {override.py:1769} INFO - Created Permission View: can edit on DAG:example_short_circuit_operator
[2026-02-02T14:20:22.112+0000] {logging_mixin.py:188} INFO - [2026-02-02T14:20:22.112+0000] {override.py:1769} INFO - Created Permission View: can delete on DAG:example_short_circuit_operator
[2026-02-02T14:20:22.126+0000] {logging_mixin.py:188} INFO - [2026-02-02T14:20:22.126+0000] {override.py:1769} INFO - Created Permission View: can read on DAG:example_short_circuit_operator
[2026-02-02T14:20:22.127+0000] {logging_mixin.py:188} INFO - [2026-02-02T14:20:22.127+0000] {dag.py:3036} INFO - Sync 1 DAGs
[2026-02-02T14:20:22.162+0000] {logging_mixin.py:188} INFO - [2026-02-02T14:20:22.162+0000] {dag.py:3058} INFO - Creating ORM DAG for example_short_circuit_operator
[2026-02-02T14:20:22.182+0000] {logging_mixin.py:188} INFO - [2026-02-02T14:20:22.182+0000] {dag.py:3823} INFO - Setting next_dagrun for example_short_circuit_operator to 2026-02-01 00:00:00+00:00, run_after=2026-02-02 00:00:00+00:00
[2026-02-02T14:20:22.235+0000] {processor.py:183} INFO - Processing /home/airflow/.local/lib/python3.8/site-packages/airflow/example_dags/example_short_circuit_operator.py took 0.628 seconds
[2026-02-02T14:20:53.090+0000] {processor.py:161} INFO - Started process (PID=130) to work on /home/airflow/.local/lib/python3.8/site-packages/airflow/example_dags/example_short_circuit_operator.py
[2026-02-02T14:20:53.091+0000] {processor.py:830} INFO - Processing file /home/airflow/.local/lib/python3.8/site-packages/airflow/example_dags/example_short_circuit_operator.py for tasks to queue
[2026-02-02T14:20:53.093+0000] {logging_mixin.py:188} INFO - [2026-02-02T14:20:53.093+0000] {dagbag.py:538} INFO - Filling up the DagBag from /home/airflow/.local/lib/python3.8/site-packages/airflow/example_dags/example_short_circuit_operator.py
[2026-02-02T14:20:53.107+0000] {processor.py:840} INFO - DAG(s) 'example_short_circuit_operator' retrieved from /home/airflow/.local/lib/python3.8/site-packages/airflow/example_dags/example_short_circuit_operator.py
[2026-02-02T14:20:53.134+0000] {logging_mixin.py:188} INFO - [2026-02-02T14:20:53.134+0000] {dag.py:3036} INFO - Sync 1 DAGs
[2026-02-02T14:20:53.160+0000] {logging_mixin.py:188} INFO - [2026-02-02T14:20:53.159+0000] {dag.py:3823} INFO - Setting next_dagrun for example_short_circuit_operator to 2026-02-01 00:00:00+00:00, run_after=2026-02-02 00:00:00+00:00
[2026-02-02T14:20:53.179+0000] {processor.py:183} INFO - Processing /home/airflow/.local/lib/python3.8/site-packages/airflow/example_dags/example_short_circuit_operator.py took 0.092 seconds
[2026-02-02T14:21:24.019+0000] {processor.py:161} INFO - Started process (PID=185) to work on /home/airflow/.local/lib/python3.8/site-packages/airflow/example_dags/example_short_circuit_operator.py
[2026-02-02T14:21:24.020+0000] {processor.py:830} INFO - Processing file /home/airflow/.local/lib/python3.8/site-packages/airflow/example_dags/example_short_circuit_operator.py for tasks to queue
[2026-02-02T14:21:24.022+0000] {logging_mixin.py:188} INFO - [2026-02-02T14:21:24.022+0000] {dagbag.py:538} INFO - Filling up the DagBag from /home/airflow/.local/lib/python3.8/site-packages/airflow/example_dags/example_short_circuit_operator.py
[2026-02-02T14:21:24.031+0000] {processor.py:840} INFO - DAG(s) 'example_short_circuit_operator' retrieved from /home/airflow/.local/lib/python3.8/site-packages/airflow/example_dags/example_short_circuit_operator.py
[2026-02-02T14:21:24.060+0000] {logging_mixin.py:188} INFO - [2026-02-02T14:21:24.059+0000] {dag.py:3036} INFO - Sync 1 DAGs
[2026-02-02T14:21:24.083+0000] {logging_mixin.py:188} INFO - [2026-02-02T14:21:24.083+0000] {dag.py:3823} INFO - Setting next_dagrun for example_short_circuit_operator to 2026-02-01 00:00:00+00:00, run_after=2026-02-02 00:00:00+00:00
[2026-02-02T14:21:24.105+0000] {processor.py:183} INFO - Processing /home/airflow/.local/lib/python3.8/site-packages/airflow/example_dags/example_short_circuit_operator.py took 0.089 seconds
[2026-02-02T14:21:54.302+0000] {processor.py:161} INFO - Started process (PID=240) to work on /home/airflow/.local/lib/python3.8/site-packages/airflow/example_dags/example_short_circuit_operator.py
[2026-02-02T14:21:54.303+0000] {processor.py:830} INFO - Processing file /home/airflow/.local/lib/python3.8/site-packages/airflow/example_dags/example_short_circuit_operator.py for tasks to queue
[2026-02-02T14:21:54.305+0000] {logging_mixin.py:188} INFO - [2026-02-02T14:21:54.305+0000] {dagbag.py:538} INFO - Filling up the DagBag from /home/airflow/.local/lib/python3.8/site-packages/airflow/example_dags/example_short_circuit_operator.py
[2026-02-02T14:21:54.316+0000] {processor.py:840} INFO - DAG(s) 'example_short_circuit_operator' retrieved from /home/airflow/.local/lib/python3.8/site-packages/airflow/example_dags/example_short_circuit_operator.py
[2026-02-02T14:21:54.341+0000] {logging_mixin.py:188} INFO - [2026-02-02T14:21:54.341+0000] {dag.py:3036} INFO - Sync 1 DAGs
[2026-02-02T14:21:54.366+0000] {logging_mixin.py:188} INFO - [2026-02-02T14:21:54.366+0000] {dag.py:3823} INFO - Setting next_dagrun for example_short_circuit_operator to 2026-02-01 00:00:00+00:00, run_after=2026-02-02 00:00:00+00:00
[2026-02-02T14:21:54.387+0000] {processor.py:183} INFO - Processing /home/airflow/.local/lib/python3.8/site-packages/airflow/example_dags/example_short_circuit_operator.py took 0.088 seconds
[2026-02-02T14:22:24.886+0000] {processor.py:161} INFO - Started process (PID=295) to work on /home/airflow/.local/lib/python3.8/site-packages/airflow/example_dags/example_short_circuit_operator.py
[2026-02-02T14:22:24.887+0000] {processor.py:830} INFO - Processing file /home/airflow/.local/lib/python3.8/site-packages/airflow/example_dags/example_short_circuit_operator.py for tasks to queue
[2026-02-02T14:22:24.889+0000] {logging_mixin.py:188} INFO - [2026-02-02T14:22:24.888+0000] {dagbag.py:538} INFO - Filling up the DagBag from /home/airflow/.local/lib/python3.8/site-packages/airflow/example_dags/example_short_circuit_operator.py
[2026-02-02T14:22:24.901+0000] {processor.py:840} INFO - DAG(s) 'example_short_circuit_operator' retrieved from /home/airflow/.local/lib/python3.8/site-packages/airflow/example_dags/example_short_circuit_operator.py
[2026-02-02T14:22:24.928+0000] {logging_mixin.py:188} INFO - [2026-02-02T14:22:24.928+0000] {dag.py:3036} INFO - Sync 1 DAGs
[2026-02-02T14:22:24.953+0000] {logging_mixin.py:188} INFO - [2026-02-02T14:22:24.953+0000] {dag.py:3823} INFO - Setting next_dagrun for example_short_circuit_operator to 2026-02-01 00:00:00+00:00, run_after=2026-02-02 00:00:00+00:00
[2026-02-02T14:22:24.976+0000] {processor.py:183} INFO - Processing /home/airflow/.local/lib/python3.8/site-packages/airflow/example_dags/example_short_circuit_operator.py took 0.093 seconds
[2026-02-02T14:22:55.542+0000] {processor.py:161} INFO - Started process (PID=350) to work on /home/airflow/.local/lib/python3.8/site-packages/airflow/example_dags/example_short_circuit_operator.py
[2026-02-02T14:22:55.544+0000] {processor.py:830} INFO - Processing file /home/airflow/.local/lib/python3.8/site-packages/airflow/example_dags/example_short_circuit_operator.py for tasks to queue
[2026-02-02T14:22:55.547+0000] {logging_mixin.py:188} INFO - [2026-02-02T14:22:55.545+0000] {dagbag.py:538} INFO - Filling up the DagBag from /home/airflow/.local/lib/python3.8/site-packages/airflow/example_dags/example_short_circuit_operator.py
[2026-02-02T14:22:55.558+0000] {processor.py:840} INFO - DAG(s) 'example_short_circuit_operator' retrieved from /home/airflow/.local/lib/python3.8/site-packages/airflow/example_dags/example_short_circuit_operator.py
[2026-02-02T14:22:55.584+0000] {logging_mixin.py:188} INFO - [2026-02-02T14:22:55.583+0000] {dag.py:3036} INFO - Sync 1 DAGs
[2026-02-02T14:22:55.610+0000] {logging_mixin.py:188} INFO - [2026-02-02T14:22:55.609+0000] {dag.py:3823} INFO - Setting next_dagrun for example_short_circuit_operator to 2026-02-01 00:00:00+00:00, run_after=2026-02-02 00:00:00+00:00
[2026-02-02T14:22:55.631+0000] {processor.py:183} INFO - Processing /home/airflow/.local/lib/python3.8/site-packages/airflow/example_dags/example_short_circuit_operator.py took 0.093 seconds
[2026-02-02T14:23:26.080+0000] {processor.py:161} INFO - Started process (PID=411) to work on /home/airflow/.local/lib/python3.8/site-packages/airflow/example_dags/example_short_circuit_operator.py
[2026-02-02T14:23:26.081+0000] {processor.py:830} INFO - Processing file /home/airflow/.local/lib/python3.8/site-packages/airflow/example_dags/example_short_circuit_operator.py for tasks to queue
[2026-02-02T14:23:26.083+0000] {logging_mixin.py:188} INFO - [2026-02-02T14:23:26.083+0000] {dagbag.py:538} INFO - Filling up the DagBag from /home/airflow/.local/lib/python3.8/site-packages/airflow/example_dags/example_short_circuit_operator.py
[2026-02-02T14:23:26.092+0000] {processor.py:840} INFO - DAG(s) 'example_short_circuit_operator' retrieved from /home/airflow/.local/lib/python3.8/site-packages/airflow/example_dags/example_short_circuit_operator.py
[2026-02-02T14:23:26.118+0000] {logging_mixin.py:188} INFO - [2026-02-02T14:23:26.117+0000] {dag.py:3036} INFO - Sync 1 DAGs
[2026-02-02T14:23:26.144+0000] {logging_mixin.py:188} INFO - [2026-02-02T14:23:26.144+0000] {dag.py:3823} INFO - Setting next_dagrun for example_short_circuit_operator to 2026-02-01 00:00:00+00:00, run_after=2026-02-02 00:00:00+00:00
[2026-02-02T14:23:26.166+0000] {processor.py:183} INFO - Processing /home/airflow/.local/lib/python3.8/site-packages/airflow/example_dags/example_short_circuit_operator.py took 0.090 seconds
[2026-02-02T14:23:56.270+0000] {processor.py:161} INFO - Started process (PID=465) to work on /home/airflow/.local/lib/python3.8/site-packages/airflow/example_dags/example_short_circuit_operator.py
[2026-02-02T14:23:56.271+0000] {processor.py:830} INFO - Processing file /home/airflow/.local/lib/python3.8/site-packages/airflow/example_dags/example_short_circuit_operator.py for tasks to queue
[2026-02-02T14:23:56.274+0000] {logging_mixin.py:188} INFO - [2026-02-02T14:23:56.273+0000] {dagbag.py:538} INFO - Filling up the DagBag from /home/airflow/.local/lib/python3.8/site-packages/airflow/example_dags/example_short_circuit_operator.py
[2026-02-02T14:23:56.283+0000] {processor.py:840} INFO - DAG(s) 'example_short_circuit_operator' retrieved from /home/airflow/.local/lib/python3.8/site-packages/airflow/example_dags/example_short_circuit_operator.py
[2026-02-02T14:23:56.319+0000] {logging_mixin.py:188} INFO - [2026-02-02T14:23:56.318+0000] {dag.py:3036} INFO - Sync 1 DAGs
[2026-02-02T14:23:56.344+0000] {logging_mixin.py:188} INFO - [2026-02-02T14:23:56.344+0000] {dag.py:3823} INFO - Setting next_dagrun for example_short_circuit_operator to 2026-02-01 00:00:00+00:00, run_after=2026-02-02 00:00:00+00:00
[2026-02-02T14:23:56.363+0000] {processor.py:183} INFO - Processing /home/airflow/.local/lib/python3.8/site-packages/airflow/example_dags/example_short_circuit_operator.py took 0.097 seconds
[2026-02-02T14:24:26.721+0000] {processor.py:161} INFO - Started process (PID=521) to work on /home/airflow/.local/lib/python3.8/site-packages/airflow/example_dags/example_short_circuit_operator.py
[2026-02-02T14:24:26.724+0000] {processor.py:830} INFO - Processing file /home/airflow/.local/lib/python3.8/site-packages/airflow/example_dags/example_short_circuit_operator.py for tasks to queue
[2026-02-02T14:24:26.727+0000] {logging_mixin.py:188} INFO - [2026-02-02T14:24:26.727+0000] {dagbag.py:538} INFO - Filling up the DagBag from /home/airflow/.local/lib/python3.8/site-packages/airflow/example_dags/example_short_circuit_operator.py
[2026-02-02T14:24:26.746+0000] {processor.py:840} INFO - DAG(s) 'example_short_circuit_operator' retrieved from /home/airflow/.local/lib/python3.8/site-packages/airflow/example_dags/example_short_circuit_operator.py
[2026-02-02T14:24:26.812+0000] {logging_mixin.py:188} INFO - [2026-02-02T14:24:26.812+0000] {dag.py:3036} INFO - Sync 1 DAGs
[2026-02-02T14:24:26.865+0000] {logging_mixin.py:188} INFO - [2026-02-02T14:24:26.865+0000] {dag.py:3823} INFO - Setting next_dagrun for example_short_circuit_operator to 2026-02-01 00:00:00+00:00, run_after=2026-02-02 00:00:00+00:00
[2026-02-02T14:24:26.916+0000] {processor.py:183} INFO - Processing /home/airflow/.local/lib/python3.8/site-packages/airflow/example_dags/example_short_circuit_operator.py took 0.205 seconds
[2026-02-02T14:24:57.761+0000] {processor.py:161} INFO - Started process (PID=576) to work on /home/airflow/.local/lib/python3.8/site-packages/airflow/example_dags/example_short_circuit_operator.py
[2026-02-02T14:24:57.762+0000] {processor.py:830} INFO - Processing file /home/airflow/.local/lib/python3.8/site-packages/airflow/example_dags/example_short_circuit_operator.py for tasks to queue
[2026-02-02T14:24:57.765+0000] {logging_mixin.py:188} INFO - [2026-02-02T14:24:57.764+0000] {dagbag.py:538} INFO - Filling up the DagBag from /home/airflow/.local/lib/python3.8/site-packages/airflow/example_dags/example_short_circuit_operator.py
[2026-02-02T14:24:57.774+0000] {processor.py:840} INFO - DAG(s) 'example_short_circuit_operator' retrieved from /home/airflow/.local/lib/python3.8/site-packages/airflow/example_dags/example_short_circuit_operator.py
[2026-02-02T14:24:57.801+0000] {logging_mixin.py:188} INFO - [2026-02-02T14:24:57.801+0000] {dag.py:3036} INFO - Sync 1 DAGs
[2026-02-02T14:24:57.830+0000] {logging_mixin.py:188} INFO - [2026-02-02T14:24:57.830+0000] {dag.py:3823} INFO - Setting next_dagrun for example_short_circuit_operator to 2026-02-01 00:00:00+00:00, run_after=2026-02-02 00:00:00+00:00
[2026-02-02T14:24:57.848+0000] {processor.py:183} INFO - Processing /home/airflow/.local/lib/python3.8/site-packages/airflow/example_dags/example_short_circuit_operator.py took 0.090 seconds
[2026-02-02T14:25:27.950+0000] {processor.py:161} INFO - Started process (PID=631) to work on /home/airflow/.local/lib/python3.8/site-packages/airflow/example_dags/example_short_circuit_operator.py
[2026-02-02T14:25:27.951+0000] {processor.py:830} INFO - Processing file /home/airflow/.local/lib/python3.8/site-packages/airflow/example_dags/example_short_circuit_operator.py for tasks to queue
[2026-02-02T14:25:27.953+0000] {logging_mixin.py:188} INFO - [2026-02-02T14:25:27.953+0000] {dagbag.py:538} INFO - Filling up the DagBag from /home/airflow/.local/lib/python3.8/site-packages/airflow/example_dags/example_short_circuit_operator.py
[2026-02-02T14:25:27.962+0000] {processor.py:840} INFO - DAG(s) 'example_short_circuit_operator' retrieved from /home/airflow/.local/lib/python3.8/site-packages/airflow/example_dags/example_short_circuit_operator.py
[2026-02-02T14:25:27.994+0000] {logging_mixin.py:188} INFO - [2026-02-02T14:25:27.993+0000] {dag.py:3036} INFO - Sync 1 DAGs
[2026-02-02T14:25:28.022+0000] {logging_mixin.py:188} INFO - [2026-02-02T14:25:28.021+0000] {dag.py:3823} INFO - Setting next_dagrun for example_short_circuit_operator to 2026-02-01 00:00:00+00:00, run_after=2026-02-02 00:00:00+00:00
[2026-02-02T14:25:28.042+0000] {processor.py:183} INFO - Processing /home/airflow/.local/lib/python3.8/site-packages/airflow/example_dags/example_short_circuit_operator.py took 0.096 seconds
[2026-02-02T14:25:58.333+0000] {processor.py:161} INFO - Started process (PID=686) to work on /home/airflow/.local/lib/python3.8/site-packages/airflow/example_dags/example_short_circuit_operator.py
[2026-02-02T14:25:58.336+0000] {processor.py:830} INFO - Processing file /home/airflow/.local/lib/python3.8/site-packages/airflow/example_dags/example_short_circuit_operator.py for tasks to queue
[2026-02-02T14:25:58.338+0000] {logging_mixin.py:188} INFO - [2026-02-02T14:25:58.338+0000] {dagbag.py:538} INFO - Filling up the DagBag from /home/airflow/.local/lib/python3.8/site-packages/airflow/example_dags/example_short_circuit_operator.py
[2026-02-02T14:25:58.347+0000] {processor.py:840} INFO - DAG(s) 'example_short_circuit_operator' retrieved from /home/airflow/.local/lib/python3.8/site-packages/airflow/example_dags/example_short_circuit_operator.py
[2026-02-02T14:25:58.374+0000] {logging_mixin.py:188} INFO - [2026-02-02T14:25:58.373+0000] {dag.py:3036} INFO - Sync 1 DAGs
[2026-02-02T14:25:58.407+0000] {logging_mixin.py:188} INFO - [2026-02-02T14:25:58.407+0000] {dag.py:3823} INFO - Setting next_dagrun for example_short_circuit_operator to 2026-02-01 00:00:00+00:00, run_after=2026-02-02 00:00:00+00:00
[2026-02-02T14:25:58.425+0000] {processor.py:183} INFO - Processing /home/airflow/.local/lib/python3.8/site-packages/airflow/example_dags/example_short_circuit_operator.py took 0.098 seconds
[2026-02-02T14:26:28.608+0000] {processor.py:161} INFO - Started process (PID=741) to work on /home/airflow/.local/lib/python3.8/site-packages/airflow/example_dags/example_short_circuit_operator.py
[2026-02-02T14:26:28.609+0000] {processor.py:830} INFO - Processing file /home/airflow/.local/lib/python3.8/site-packages/airflow/example_dags/example_short_circuit_operator.py for tasks to queue
[2026-02-02T14:26:28.610+0000] {logging_mixin.py:188} INFO - [2026-02-02T14:26:28.610+0000] {dagbag.py:538} INFO - Filling up the DagBag from /home/airflow/.local/lib/python3.8/site-packages/airflow/example_dags/example_short_circuit_operator.py
[2026-02-02T14:26:28.619+0000] {processor.py:840} INFO - DAG(s) 'example_short_circuit_operator' retrieved from /home/airflow/.local/lib/python3.8/site-packages/airflow/example_dags/example_short_circuit_operator.py
[2026-02-02T14:26:28.649+0000] {logging_mixin.py:188} INFO - [2026-02-02T14:26:28.648+0000] {dag.py:3036} INFO - Sync 1 DAGs
[2026-02-02T14:26:28.674+0000] {logging_mixin.py:188} INFO - [2026-02-02T14:26:28.674+0000] {dag.py:3823} INFO - Setting next_dagrun for example_short_circuit_operator to 2026-02-01 00:00:00+00:00, run_after=2026-02-02 00:00:00+00:00
[2026-02-02T14:26:28.693+0000] {processor.py:183} INFO - Processing /home/airflow/.local/lib/python3.8/site-packages/airflow/example_dags/example_short_circuit_operator.py took 0.089 seconds
[2026-02-02T14:26:59.236+0000] {processor.py:161} INFO - Started process (PID=796) to work on /home/airflow/.local/lib/python3.8/site-packages/airflow/example_dags/example_short_circuit_operator.py
[2026-02-02T14:26:59.241+0000] {processor.py:830} INFO - Processing file /home/airflow/.local/lib/python3.8/site-packages/airflow/example_dags/example_short_circuit_operator.py for tasks to queue
[2026-02-02T14:26:59.243+0000] {logging_mixin.py:188} INFO - [2026-02-02T14:26:59.242+0000] {dagbag.py:538} INFO - Filling up the DagBag from /home/airflow/.local/lib/python3.8/site-packages/airflow/example_dags/example_short_circuit_operator.py
[2026-02-02T14:26:59.252+0000] {processor.py:840} INFO - DAG(s) 'example_short_circuit_operator' retrieved from /home/airflow/.local/lib/python3.8/site-packages/airflow/example_dags/example_short_circuit_operator.py
[2026-02-02T14:26:59.279+0000] {logging_mixin.py:188} INFO - [2026-02-02T14:26:59.278+0000] {dag.py:3036} INFO - Sync 1 DAGs
[2026-02-02T14:26:59.305+0000] {logging_mixin.py:188} INFO - [2026-02-02T14:26:59.305+0000] {dag.py:3823} INFO - Setting next_dagrun for example_short_circuit_operator to 2026-02-01 00:00:00+00:00, run_after=2026-02-02 00:00:00+00:00
[2026-02-02T14:26:59.322+0000] {processor.py:183} INFO - Processing /home/airflow/.local/lib/python3.8/site-packages/airflow/example_dags/example_short_circuit_operator.py took 0.090 seconds
[2026-02-02T14:27:29.400+0000] {processor.py:161} INFO - Started process (PID=851) to work on /home/airflow/.local/lib/python3.8/site-packages/airflow/example_dags/example_short_circuit_operator.py
[2026-02-02T14:27:29.401+0000] {processor.py:830} INFO - Processing file /home/airflow/.local/lib/python3.8/site-packages/airflow/example_dags/example_short_circuit_operator.py for tasks to queue
[2026-02-02T14:27:29.403+0000] {logging_mixin.py:188} INFO - [2026-02-02T14:27:29.403+0000] {dagbag.py:538} INFO - Filling up the DagBag from /home/airflow/.local/lib/python3.8/site-packages/airflow/example_dags/example_short_circuit_operator.py
[2026-02-02T14:27:29.413+0000] {processor.py:840} INFO - DAG(s) 'example_short_circuit_operator' retrieved from /home/airflow/.local/lib/python3.8/site-packages/airflow/example_dags/example_short_circuit_operator.py
[2026-02-02T14:27:29.439+0000] {logging_mixin.py:188} INFO - [2026-02-02T14:27:29.438+0000] {dag.py:3036} INFO - Sync 1 DAGs
[2026-02-02T14:27:29.464+0000] {logging_mixin.py:188} INFO - [2026-02-02T14:27:29.463+0000] {dag.py:3823} INFO - Setting next_dagrun for example_short_circuit_operator to 2026-02-01 00:00:00+00:00, run_after=2026-02-02 00:00:00+00:00
[2026-02-02T14:27:29.481+0000] {processor.py:183} INFO - Processing /home/airflow/.local/lib/python3.8/site-packages/airflow/example_dags/example_short_circuit_operator.py took 0.086 seconds
[2026-02-02T14:28:00.032+0000] {processor.py:161} INFO - Started process (PID=906) to work on /home/airflow/.local/lib/python3.8/site-packages/airflow/example_dags/example_short_circuit_operator.py
[2026-02-02T14:28:00.033+0000] {processor.py:830} INFO - Processing file /home/airflow/.local/lib/python3.8/site-packages/airflow/example_dags/example_short_circuit_operator.py for tasks to queue
[2026-02-02T14:28:00.035+0000] {logging_mixin.py:188} INFO - [2026-02-02T14:28:00.035+0000] {dagbag.py:538} INFO - Filling up the DagBag from /home/airflow/.local/lib/python3.8/site-packages/airflow/example_dags/example_short_circuit_operator.py
[2026-02-02T14:28:00.044+0000] {processor.py:840} INFO - DAG(s) 'example_short_circuit_operator' retrieved from /home/airflow/.local/lib/python3.8/site-packages/airflow/example_dags/example_short_circuit_operator.py
[2026-02-02T14:28:00.069+0000] {logging_mixin.py:188} INFO - [2026-02-02T14:28:00.068+0000] {dag.py:3036} INFO - Sync 1 DAGs
[2026-02-02T14:28:00.095+0000] {logging_mixin.py:188} INFO - [2026-02-02T14:28:00.095+0000] {dag.py:3823} INFO - Setting next_dagrun for example_short_circuit_operator to 2026-02-01 00:00:00+00:00, run_after=2026-02-02 00:00:00+00:00
[2026-02-02T14:28:00.113+0000] {processor.py:183} INFO - Processing /home/airflow/.local/lib/python3.8/site-packages/airflow/example_dags/example_short_circuit_operator.py took 0.084 seconds
[2026-02-02T14:28:30.939+0000] {processor.py:161} INFO - Started process (PID=961) to work on /home/airflow/.local/lib/python3.8/site-packages/airflow/example_dags/example_short_circuit_operator.py
[2026-02-02T14:28:30.942+0000] {processor.py:830} INFO - Processing file /home/airflow/.local/lib/python3.8/site-packages/airflow/example_dags/example_short_circuit_operator.py for tasks to queue
[2026-02-02T14:28:30.945+0000] {logging_mixin.py:188} INFO - [2026-02-02T14:28:30.945+0000] {dagbag.py:538} INFO - Filling up the DagBag from /home/airflow/.local/lib/python3.8/site-packages/airflow/example_dags/example_short_circuit_operator.py
[2026-02-02T14:28:30.961+0000] {processor.py:840} INFO - DAG(s) 'example_short_circuit_operator' retrieved from /home/airflow/.local/lib/python3.8/site-packages/airflow/example_dags/example_short_circuit_operator.py
[2026-02-02T14:28:30.993+0000] {logging_mixin.py:188} INFO - [2026-02-02T14:28:30.992+0000] {dag.py:3036} INFO - Sync 1 DAGs
[2026-02-02T14:28:31.022+0000] {logging_mixin.py:188} INFO - [2026-02-02T14:28:31.022+0000] {dag.py:3823} INFO - Setting next_dagrun for example_short_circuit_operator to 2026-02-01 00:00:00+00:00, run_after=2026-02-02 00:00:00+00:00
[2026-02-02T14:28:31.041+0000] {processor.py:183} INFO - Processing /home/airflow/.local/lib/python3.8/site-packages/airflow/example_dags/example_short_circuit_operator.py took 0.108 seconds
[2026-02-02T14:29:01.301+0000] {processor.py:161} INFO - Started process (PID=1016) to work on /home/airflow/.local/lib/python3.8/site-packages/airflow/example_dags/example_short_circuit_operator.py
[2026-02-02T14:29:01.302+0000] {processor.py:830} INFO - Processing file /home/airflow/.local/lib/python3.8/site-packages/airflow/example_dags/example_short_circuit_operator.py for tasks to queue
[2026-02-02T14:29:01.304+0000] {logging_mixin.py:188} INFO - [2026-02-02T14:29:01.303+0000] {dagbag.py:538} INFO - Filling up the DagBag from /home/airflow/.local/lib/python3.8/site-packages/airflow/example_dags/example_short_circuit_operator.py
[2026-02-02T14:29:01.313+0000] {processor.py:840} INFO - DAG(s) 'example_short_circuit_operator' retrieved from /home/airflow/.local/lib/python3.8/site-packages/airflow/example_dags/example_short_circuit_operator.py
[2026-02-02T14:29:01.340+0000] {logging_mixin.py:188} INFO - [2026-02-02T14:29:01.340+0000] {dag.py:3036} INFO - Sync 1 DAGs
[2026-02-02T14:29:01.405+0000] {logging_mixin.py:188} INFO - [2026-02-02T14:29:01.405+0000] {dag.py:3823} INFO - Setting next_dagrun for example_short_circuit_operator to 2026-02-01 00:00:00+00:00, run_after=2026-02-02 00:00:00+00:00
[2026-02-02T14:29:01.452+0000] {processor.py:183} INFO - Processing /home/airflow/.local/lib/python3.8/site-packages/airflow/example_dags/example_short_circuit_operator.py took 0.155 seconds
[2026-02-02T14:29:31.617+0000] {processor.py:161} INFO - Started process (PID=1071) to work on /home/airflow/.local/lib/python3.8/site-packages/airflow/example_dags/example_short_circuit_operator.py
[2026-02-02T14:29:31.617+0000] {processor.py:830} INFO - Processing file /home/airflow/.local/lib/python3.8/site-packages/airflow/example_dags/example_short_circuit_operator.py for tasks to queue
[2026-02-02T14:29:31.619+0000] {logging_mixin.py:188} INFO - [2026-02-02T14:29:31.618+0000] {dagbag.py:538} INFO - Filling up the DagBag from /home/airflow/.local/lib/python3.8/site-packages/airflow/example_dags/example_short_circuit_operator.py
[2026-02-02T14:29:31.625+0000] {processor.py:840} INFO - DAG(s) 'example_short_circuit_operator' retrieved from /home/airflow/.local/lib/python3.8/site-packages/airflow/example_dags/example_short_circuit_operator.py
[2026-02-02T14:29:31.643+0000] {logging_mixin.py:188} INFO - [2026-02-02T14:29:31.643+0000] {dag.py:3036} INFO - Sync 1 DAGs
[2026-02-02T14:29:31.660+0000] {logging_mixin.py:188} INFO - [2026-02-02T14:29:31.660+0000] {dag.py:3823} INFO - Setting next_dagrun for example_short_circuit_operator to 2026-02-01 00:00:00+00:00, run_after=2026-02-02 00:00:00+00:00
[2026-02-02T14:29:31.674+0000] {processor.py:183} INFO - Processing /home/airflow/.local/lib/python3.8/site-packages/airflow/example_dags/example_short_circuit_operator.py took 0.060 seconds
[2026-02-02T14:30:02.199+0000] {processor.py:161} INFO - Started process (PID=1126) to work on /home/airflow/.local/lib/python3.8/site-packages/airflow/example_dags/example_short_circuit_operator.py
[2026-02-02T14:30:02.200+0000] {processor.py:830} INFO - Processing file /home/airflow/.local/lib/python3.8/site-packages/airflow/example_dags/example_short_circuit_operator.py for tasks to queue
[2026-02-02T14:30:02.201+0000] {logging_mixin.py:188} INFO - [2026-02-02T14:30:02.201+0000] {dagbag.py:538} INFO - Filling up the DagBag from /home/airflow/.local/lib/python3.8/site-packages/airflow/example_dags/example_short_circuit_operator.py
[2026-02-02T14:30:02.213+0000] {processor.py:840} INFO - DAG(s) 'example_short_circuit_operator' retrieved from /home/airflow/.local/lib/python3.8/site-packages/airflow/example_dags/example_short_circuit_operator.py
[2026-02-02T14:30:02.239+0000] {logging_mixin.py:188} INFO - [2026-02-02T14:30:02.239+0000] {dag.py:3036} INFO - Sync 1 DAGs
[2026-02-02T14:30:02.264+0000] {logging_mixin.py:188} INFO - [2026-02-02T14:30:02.264+0000] {dag.py:3823} INFO - Setting next_dagrun for example_short_circuit_operator to 2026-02-01 00:00:00+00:00, run_after=2026-02-02 00:00:00+00:00
[2026-02-02T14:30:02.283+0000] {processor.py:183} INFO - Processing /home/airflow/.local/lib/python3.8/site-packages/airflow/example_dags/example_short_circuit_operator.py took 0.088 seconds
[2026-02-02T14:30:33.064+0000] {processor.py:161} INFO - Started process (PID=1181) to work on /home/airflow/.local/lib/python3.8/site-packages/airflow/example_dags/example_short_circuit_operator.py
[2026-02-02T14:30:33.065+0000] {processor.py:830} INFO - Processing file /home/airflow/.local/lib/python3.8/site-packages/airflow/example_dags/example_short_circuit_operator.py for tasks to queue
[2026-02-02T14:30:33.067+0000] {logging_mixin.py:188} INFO - [2026-02-02T14:30:33.067+0000] {dagbag.py:538} INFO - Filling up the DagBag from /home/airflow/.local/lib/python3.8/site-packages/airflow/example_dags/example_short_circuit_operator.py
[2026-02-02T14:30:33.076+0000] {processor.py:840} INFO - DAG(s) 'example_short_circuit_operator' retrieved from /home/airflow/.local/lib/python3.8/site-packages/airflow/example_dags/example_short_circuit_operator.py
[2026-02-02T14:30:33.105+0000] {logging_mixin.py:188} INFO - [2026-02-02T14:30:33.105+0000] {dag.py:3036} INFO - Sync 1 DAGs
[2026-02-02T14:30:33.133+0000] {logging_mixin.py:188} INFO - [2026-02-02T14:30:33.132+0000] {dag.py:3823} INFO - Setting next_dagrun for example_short_circuit_operator to 2026-02-01 00:00:00+00:00, run_after=2026-02-02 00:00:00+00:00
[2026-02-02T14:30:33.152+0000] {processor.py:183} INFO - Processing /home/airflow/.local/lib/python3.8/site-packages/airflow/example_dags/example_short_circuit_operator.py took 0.091 seconds
[2026-02-02T14:31:03.252+0000] {processor.py:161} INFO - Started process (PID=1236) to work on /home/airflow/.local/lib/python3.8/site-packages/airflow/example_dags/example_short_circuit_operator.py
[2026-02-02T14:31:03.253+0000] {processor.py:830} INFO - Processing file /home/airflow/.local/lib/python3.8/site-packages/airflow/example_dags/example_short_circuit_operator.py for tasks to queue
[2026-02-02T14:31:03.254+0000] {logging_mixin.py:188} INFO - [2026-02-02T14:31:03.254+0000] {dagbag.py:538} INFO - Filling up the DagBag from /home/airflow/.local/lib/python3.8/site-packages/airflow/example_dags/example_short_circuit_operator.py
[2026-02-02T14:31:03.260+0000] {processor.py:840} INFO - DAG(s) 'example_short_circuit_operator' retrieved from /home/airflow/.local/lib/python3.8/site-packages/airflow/example_dags/example_short_circuit_operator.py
[2026-02-02T14:31:03.279+0000] {logging_mixin.py:188} INFO - [2026-02-02T14:31:03.279+0000] {dag.py:3036} INFO - Sync 1 DAGs
[2026-02-02T14:31:03.295+0000] {logging_mixin.py:188} INFO - [2026-02-02T14:31:03.295+0000] {dag.py:3823} INFO - Setting next_dagrun for example_short_circuit_operator to 2026-02-01 00:00:00+00:00, run_after=2026-02-02 00:00:00+00:00
[2026-02-02T14:31:03.309+0000] {processor.py:183} INFO - Processing /home/airflow/.local/lib/python3.8/site-packages/airflow/example_dags/example_short_circuit_operator.py took 0.059 seconds
[2026-02-02T14:31:34.585+0000] {processor.py:161} INFO - Started process (PID=1289) to work on /home/airflow/.local/lib/python3.8/site-packages/airflow/example_dags/example_short_circuit_operator.py
[2026-02-02T14:31:34.586+0000] {processor.py:830} INFO - Processing file /home/airflow/.local/lib/python3.8/site-packages/airflow/example_dags/example_short_circuit_operator.py for tasks to queue
[2026-02-02T14:31:34.587+0000] {logging_mixin.py:188} INFO - [2026-02-02T14:31:34.587+0000] {dagbag.py:538} INFO - Filling up the DagBag from /home/airflow/.local/lib/python3.8/site-packages/airflow/example_dags/example_short_circuit_operator.py
[2026-02-02T14:31:34.593+0000] {processor.py:840} INFO - DAG(s) 'example_short_circuit_operator' retrieved from /home/airflow/.local/lib/python3.8/site-packages/airflow/example_dags/example_short_circuit_operator.py
[2026-02-02T14:31:34.611+0000] {logging_mixin.py:188} INFO - [2026-02-02T14:31:34.611+0000] {dag.py:3036} INFO - Sync 1 DAGs
[2026-02-02T14:31:34.627+0000] {logging_mixin.py:188} INFO - [2026-02-02T14:31:34.627+0000] {dag.py:3823} INFO - Setting next_dagrun for example_short_circuit_operator to 2026-02-01 00:00:00+00:00, run_after=2026-02-02 00:00:00+00:00
[2026-02-02T14:31:34.641+0000] {processor.py:183} INFO - Processing /home/airflow/.local/lib/python3.8/site-packages/airflow/example_dags/example_short_circuit_operator.py took 0.059 seconds
[2026-02-02T14:32:05.778+0000] {processor.py:161} INFO - Started process (PID=1344) to work on /home/airflow/.local/lib/python3.8/site-packages/airflow/example_dags/example_short_circuit_operator.py
[2026-02-02T14:32:05.781+0000] {processor.py:830} INFO - Processing file /home/airflow/.local/lib/python3.8/site-packages/airflow/example_dags/example_short_circuit_operator.py for tasks to queue
[2026-02-02T14:32:05.785+0000] {logging_mixin.py:188} INFO - [2026-02-02T14:32:05.785+0000] {dagbag.py:538} INFO - Filling up the DagBag from /home/airflow/.local/lib/python3.8/site-packages/airflow/example_dags/example_short_circuit_operator.py
[2026-02-02T14:32:05.804+0000] {processor.py:840} INFO - DAG(s) 'example_short_circuit_operator' retrieved from /home/airflow/.local/lib/python3.8/site-packages/airflow/example_dags/example_short_circuit_operator.py
[2026-02-02T14:32:05.861+0000] {logging_mixin.py:188} INFO - [2026-02-02T14:32:05.861+0000] {dag.py:3036} INFO - Sync 1 DAGs
[2026-02-02T14:32:05.917+0000] {logging_mixin.py:188} INFO - [2026-02-02T14:32:05.917+0000] {dag.py:3823} INFO - Setting next_dagrun for example_short_circuit_operator to 2026-02-01 00:00:00+00:00, run_after=2026-02-02 00:00:00+00:00
[2026-02-02T14:32:05.950+0000] {processor.py:183} INFO - Processing /home/airflow/.local/lib/python3.8/site-packages/airflow/example_dags/example_short_circuit_operator.py took 0.176 seconds
[2026-02-02T14:32:36.516+0000] {processor.py:161} INFO - Started process (PID=1399) to work on /home/airflow/.local/lib/python3.8/site-packages/airflow/example_dags/example_short_circuit_operator.py
[2026-02-02T14:32:36.520+0000] {processor.py:830} INFO - Processing file /home/airflow/.local/lib/python3.8/site-packages/airflow/example_dags/example_short_circuit_operator.py for tasks to queue
[2026-02-02T14:32:36.525+0000] {logging_mixin.py:188} INFO - [2026-02-02T14:32:36.525+0000] {dagbag.py:538} INFO - Filling up the DagBag from /home/airflow/.local/lib/python3.8/site-packages/airflow/example_dags/example_short_circuit_operator.py
[2026-02-02T14:32:36.544+0000] {processor.py:840} INFO - DAG(s) 'example_short_circuit_operator' retrieved from /home/airflow/.local/lib/python3.8/site-packages/airflow/example_dags/example_short_circuit_operator.py
[2026-02-02T14:32:36.570+0000] {logging_mixin.py:188} INFO - [2026-02-02T14:32:36.570+0000] {dag.py:3036} INFO - Sync 1 DAGs
[2026-02-02T14:32:36.595+0000] {logging_mixin.py:188} INFO - [2026-02-02T14:32:36.595+0000] {dag.py:3823} INFO - Setting next_dagrun for example_short_circuit_operator to 2026-02-01 00:00:00+00:00, run_after=2026-02-02 00:00:00+00:00
[2026-02-02T14:32:36.616+0000] {processor.py:183} INFO - Processing /home/airflow/.local/lib/python3.8/site-packages/airflow/example_dags/example_short_circuit_operator.py took 0.106 seconds
[2026-02-02T14:33:06.963+0000] {processor.py:161} INFO - Started process (PID=1454) to work on /home/airflow/.local/lib/python3.8/site-packages/airflow/example_dags/example_short_circuit_operator.py
[2026-02-02T14:33:06.964+0000] {processor.py:830} INFO - Processing file /home/airflow/.local/lib/python3.8/site-packages/airflow/example_dags/example_short_circuit_operator.py for tasks to queue
[2026-02-02T14:33:06.966+0000] {logging_mixin.py:188} INFO - [2026-02-02T14:33:06.966+0000] {dagbag.py:538} INFO - Filling up the DagBag from /home/airflow/.local/lib/python3.8/site-packages/airflow/example_dags/example_short_circuit_operator.py
[2026-02-02T14:33:06.975+0000] {processor.py:840} INFO - DAG(s) 'example_short_circuit_operator' retrieved from /home/airflow/.local/lib/python3.8/site-packages/airflow/example_dags/example_short_circuit_operator.py
[2026-02-02T14:33:07.002+0000] {logging_mixin.py:188} INFO - [2026-02-02T14:33:07.002+0000] {dag.py:3036} INFO - Sync 1 DAGs
[2026-02-02T14:33:07.027+0000] {logging_mixin.py:188} INFO - [2026-02-02T14:33:07.027+0000] {dag.py:3823} INFO - Setting next_dagrun for example_short_circuit_operator to 2026-02-01 00:00:00+00:00, run_after=2026-02-02 00:00:00+00:00
[2026-02-02T14:33:07.047+0000] {processor.py:183} INFO - Processing /home/airflow/.local/lib/python3.8/site-packages/airflow/example_dags/example_short_circuit_operator.py took 0.087 seconds
[2026-02-02T14:33:37.446+0000] {processor.py:161} INFO - Started process (PID=1509) to work on /home/airflow/.local/lib/python3.8/site-packages/airflow/example_dags/example_short_circuit_operator.py
[2026-02-02T14:33:37.446+0000] {processor.py:830} INFO - Processing file /home/airflow/.local/lib/python3.8/site-packages/airflow/example_dags/example_short_circuit_operator.py for tasks to queue
[2026-02-02T14:33:37.448+0000] {logging_mixin.py:188} INFO - [2026-02-02T14:33:37.447+0000] {dagbag.py:538} INFO - Filling up the DagBag from /home/airflow/.local/lib/python3.8/site-packages/airflow/example_dags/example_short_circuit_operator.py
[2026-02-02T14:33:37.453+0000] {processor.py:840} INFO - DAG(s) 'example_short_circuit_operator' retrieved from /home/airflow/.local/lib/python3.8/site-packages/airflow/example_dags/example_short_circuit_operator.py
[2026-02-02T14:33:37.472+0000] {logging_mixin.py:188} INFO - [2026-02-02T14:33:37.471+0000] {dag.py:3036} INFO - Sync 1 DAGs
[2026-02-02T14:33:37.489+0000] {logging_mixin.py:188} INFO - [2026-02-02T14:33:37.488+0000] {dag.py:3823} INFO - Setting next_dagrun for example_short_circuit_operator to 2026-02-01 00:00:00+00:00, run_after=2026-02-02 00:00:00+00:00
[2026-02-02T14:33:37.502+0000] {processor.py:183} INFO - Processing /home/airflow/.local/lib/python3.8/site-packages/airflow/example_dags/example_short_circuit_operator.py took 0.059 seconds
[2026-02-02T14:34:08.300+0000] {processor.py:161} INFO - Started process (PID=1564) to work on /home/airflow/.local/lib/python3.8/site-packages/airflow/example_dags/example_short_circuit_operator.py
[2026-02-02T14:34:08.301+0000] {processor.py:830} INFO - Processing file /home/airflow/.local/lib/python3.8/site-packages/airflow/example_dags/example_short_circuit_operator.py for tasks to queue
[2026-02-02T14:34:08.304+0000] {logging_mixin.py:188} INFO - [2026-02-02T14:34:08.303+0000] {dagbag.py:538} INFO - Filling up the DagBag from /home/airflow/.local/lib/python3.8/site-packages/airflow/example_dags/example_short_circuit_operator.py
[2026-02-02T14:34:08.312+0000] {processor.py:840} INFO - DAG(s) 'example_short_circuit_operator' retrieved from /home/airflow/.local/lib/python3.8/site-packages/airflow/example_dags/example_short_circuit_operator.py
[2026-02-02T14:34:08.338+0000] {logging_mixin.py:188} INFO - [2026-02-02T14:34:08.338+0000] {dag.py:3036} INFO - Sync 1 DAGs
[2026-02-02T14:34:08.362+0000] {logging_mixin.py:188} INFO - [2026-02-02T14:34:08.362+0000] {dag.py:3823} INFO - Setting next_dagrun for example_short_circuit_operator to 2026-02-01 00:00:00+00:00, run_after=2026-02-02 00:00:00+00:00
[2026-02-02T14:34:08.379+0000] {processor.py:183} INFO - Processing /home/airflow/.local/lib/python3.8/site-packages/airflow/example_dags/example_short_circuit_operator.py took 0.082 seconds
[2026-02-02T14:34:39.183+0000] {processor.py:161} INFO - Started process (PID=1619) to work on /home/airflow/.local/lib/python3.8/site-packages/airflow/example_dags/example_short_circuit_operator.py
[2026-02-02T14:34:39.184+0000] {processor.py:830} INFO - Processing file /home/airflow/.local/lib/python3.8/site-packages/airflow/example_dags/example_short_circuit_operator.py for tasks to queue
[2026-02-02T14:34:39.186+0000] {logging_mixin.py:188} INFO - [2026-02-02T14:34:39.185+0000] {dagbag.py:538} INFO - Filling up the DagBag from /home/airflow/.local/lib/python3.8/site-packages/airflow/example_dags/example_short_circuit_operator.py
[2026-02-02T14:34:39.195+0000] {processor.py:840} INFO - DAG(s) 'example_short_circuit_operator' retrieved from /home/airflow/.local/lib/python3.8/site-packages/airflow/example_dags/example_short_circuit_operator.py
[2026-02-02T14:34:39.220+0000] {logging_mixin.py:188} INFO - [2026-02-02T14:34:39.220+0000] {dag.py:3036} INFO - Sync 1 DAGs
[2026-02-02T14:34:39.244+0000] {logging_mixin.py:188} INFO - [2026-02-02T14:34:39.244+0000] {dag.py:3823} INFO - Setting next_dagrun for example_short_circuit_operator to 2026-02-01 00:00:00+00:00, run_after=2026-02-02 00:00:00+00:00
[2026-02-02T14:34:39.270+0000] {processor.py:183} INFO - Processing /home/airflow/.local/lib/python3.8/site-packages/airflow/example_dags/example_short_circuit_operator.py took 0.091 seconds
[2026-02-02T14:35:10.213+0000] {processor.py:161} INFO - Started process (PID=1674) to work on /home/airflow/.local/lib/python3.8/site-packages/airflow/example_dags/example_short_circuit_operator.py
[2026-02-02T14:35:10.226+0000] {processor.py:830} INFO - Processing file /home/airflow/.local/lib/python3.8/site-packages/airflow/example_dags/example_short_circuit_operator.py for tasks to queue
[2026-02-02T14:35:10.238+0000] {logging_mixin.py:188} INFO - [2026-02-02T14:35:10.237+0000] {dagbag.py:538} INFO - Filling up the DagBag from /home/airflow/.local/lib/python3.8/site-packages/airflow/example_dags/example_short_circuit_operator.py
[2026-02-02T14:35:10.262+0000] {processor.py:840} INFO - DAG(s) 'example_short_circuit_operator' retrieved from /home/airflow/.local/lib/python3.8/site-packages/airflow/example_dags/example_short_circuit_operator.py
[2026-02-02T14:35:10.297+0000] {logging_mixin.py:188} INFO - [2026-02-02T14:35:10.297+0000] {dag.py:3036} INFO - Sync 1 DAGs
[2026-02-02T14:35:10.322+0000] {logging_mixin.py:188} INFO - [2026-02-02T14:35:10.322+0000] {dag.py:3823} INFO - Setting next_dagrun for example_short_circuit_operator to 2026-02-01 00:00:00+00:00, run_after=2026-02-02 00:00:00+00:00
[2026-02-02T14:35:10.339+0000] {processor.py:183} INFO - Processing /home/airflow/.local/lib/python3.8/site-packages/airflow/example_dags/example_short_circuit_operator.py took 0.134 seconds
[2026-02-02T14:35:40.564+0000] {processor.py:161} INFO - Started process (PID=1728) to work on /home/airflow/.local/lib/python3.8/site-packages/airflow/example_dags/example_short_circuit_operator.py
[2026-02-02T14:35:40.566+0000] {processor.py:830} INFO - Processing file /home/airflow/.local/lib/python3.8/site-packages/airflow/example_dags/example_short_circuit_operator.py for tasks to queue
[2026-02-02T14:35:40.570+0000] {logging_mixin.py:188} INFO - [2026-02-02T14:35:40.570+0000] {dagbag.py:538} INFO - Filling up the DagBag from /home/airflow/.local/lib/python3.8/site-packages/airflow/example_dags/example_short_circuit_operator.py
[2026-02-02T14:35:40.580+0000] {processor.py:840} INFO - DAG(s) 'example_short_circuit_operator' retrieved from /home/airflow/.local/lib/python3.8/site-packages/airflow/example_dags/example_short_circuit_operator.py
[2026-02-02T14:35:40.609+0000] {logging_mixin.py:188} INFO - [2026-02-02T14:35:40.609+0000] {dag.py:3036} INFO - Sync 1 DAGs
[2026-02-02T14:35:40.639+0000] {logging_mixin.py:188} INFO - [2026-02-02T14:35:40.639+0000] {dag.py:3823} INFO - Setting next_dagrun for example_short_circuit_operator to 2026-02-01 00:00:00+00:00, run_after=2026-02-02 00:00:00+00:00
[2026-02-02T14:35:40.657+0000] {processor.py:183} INFO - Processing /home/airflow/.local/lib/python3.8/site-packages/airflow/example_dags/example_short_circuit_operator.py took 0.098 seconds
[2026-02-02T14:36:11.615+0000] {processor.py:161} INFO - Started process (PID=1784) to work on /home/airflow/.local/lib/python3.8/site-packages/airflow/example_dags/example_short_circuit_operator.py
[2026-02-02T14:36:11.616+0000] {processor.py:830} INFO - Processing file /home/airflow/.local/lib/python3.8/site-packages/airflow/example_dags/example_short_circuit_operator.py for tasks to queue
[2026-02-02T14:36:11.618+0000] {logging_mixin.py:188} INFO - [2026-02-02T14:36:11.617+0000] {dagbag.py:538} INFO - Filling up the DagBag from /home/airflow/.local/lib/python3.8/site-packages/airflow/example_dags/example_short_circuit_operator.py
[2026-02-02T14:36:11.627+0000] {processor.py:840} INFO - DAG(s) 'example_short_circuit_operator' retrieved from /home/airflow/.local/lib/python3.8/site-packages/airflow/example_dags/example_short_circuit_operator.py
[2026-02-02T14:36:11.653+0000] {logging_mixin.py:188} INFO - [2026-02-02T14:36:11.653+0000] {dag.py:3036} INFO - Sync 1 DAGs
[2026-02-02T14:36:11.678+0000] {logging_mixin.py:188} INFO - [2026-02-02T14:36:11.678+0000] {dag.py:3823} INFO - Setting next_dagrun for example_short_circuit_operator to 2026-02-01 00:00:00+00:00, run_after=2026-02-02 00:00:00+00:00
[2026-02-02T14:36:11.697+0000] {processor.py:183} INFO - Processing /home/airflow/.local/lib/python3.8/site-packages/airflow/example_dags/example_short_circuit_operator.py took 0.087 seconds
[2026-02-02T14:36:42.109+0000] {processor.py:161} INFO - Started process (PID=1839) to work on /home/airflow/.local/lib/python3.8/site-packages/airflow/example_dags/example_short_circuit_operator.py
[2026-02-02T14:36:42.110+0000] {processor.py:830} INFO - Processing file /home/airflow/.local/lib/python3.8/site-packages/airflow/example_dags/example_short_circuit_operator.py for tasks to queue
[2026-02-02T14:36:42.112+0000] {logging_mixin.py:188} INFO - [2026-02-02T14:36:42.112+0000] {dagbag.py:538} INFO - Filling up the DagBag from /home/airflow/.local/lib/python3.8/site-packages/airflow/example_dags/example_short_circuit_operator.py
[2026-02-02T14:36:42.121+0000] {processor.py:840} INFO - DAG(s) 'example_short_circuit_operator' retrieved from /home/airflow/.local/lib/python3.8/site-packages/airflow/example_dags/example_short_circuit_operator.py
[2026-02-02T14:36:42.150+0000] {logging_mixin.py:188} INFO - [2026-02-02T14:36:42.149+0000] {dag.py:3036} INFO - Sync 1 DAGs
[2026-02-02T14:36:42.176+0000] {logging_mixin.py:188} INFO - [2026-02-02T14:36:42.176+0000] {dag.py:3823} INFO - Setting next_dagrun for example_short_circuit_operator to 2026-02-01 00:00:00+00:00, run_after=2026-02-02 00:00:00+00:00
[2026-02-02T14:36:42.194+0000] {processor.py:183} INFO - Processing /home/airflow/.local/lib/python3.8/site-packages/airflow/example_dags/example_short_circuit_operator.py took 0.088 seconds
[2026-02-02T14:37:12.524+0000] {processor.py:161} INFO - Started process (PID=1894) to work on /home/airflow/.local/lib/python3.8/site-packages/airflow/example_dags/example_short_circuit_operator.py
[2026-02-02T14:37:12.525+0000] {processor.py:830} INFO - Processing file /home/airflow/.local/lib/python3.8/site-packages/airflow/example_dags/example_short_circuit_operator.py for tasks to queue
[2026-02-02T14:37:12.527+0000] {logging_mixin.py:188} INFO - [2026-02-02T14:37:12.527+0000] {dagbag.py:538} INFO - Filling up the DagBag from /home/airflow/.local/lib/python3.8/site-packages/airflow/example_dags/example_short_circuit_operator.py
[2026-02-02T14:37:12.536+0000] {processor.py:840} INFO - DAG(s) 'example_short_circuit_operator' retrieved from /home/airflow/.local/lib/python3.8/site-packages/airflow/example_dags/example_short_circuit_operator.py
[2026-02-02T14:37:12.564+0000] {logging_mixin.py:188} INFO - [2026-02-02T14:37:12.563+0000] {dag.py:3036} INFO - Sync 1 DAGs
[2026-02-02T14:37:12.597+0000] {logging_mixin.py:188} INFO - [2026-02-02T14:37:12.597+0000] {dag.py:3823} INFO - Setting next_dagrun for example_short_circuit_operator to 2026-02-01 00:00:00+00:00, run_after=2026-02-02 00:00:00+00:00
[2026-02-02T14:37:12.616+0000] {processor.py:183} INFO - Processing /home/airflow/.local/lib/python3.8/site-packages/airflow/example_dags/example_short_circuit_operator.py took 0.095 seconds
[2026-02-02T14:37:42.665+0000] {processor.py:161} INFO - Started process (PID=1949) to work on /home/airflow/.local/lib/python3.8/site-packages/airflow/example_dags/example_short_circuit_operator.py
[2026-02-02T14:37:42.666+0000] {processor.py:830} INFO - Processing file /home/airflow/.local/lib/python3.8/site-packages/airflow/example_dags/example_short_circuit_operator.py for tasks to queue
[2026-02-02T14:37:42.669+0000] {logging_mixin.py:188} INFO - [2026-02-02T14:37:42.667+0000] {dagbag.py:538} INFO - Filling up the DagBag from /home/airflow/.local/lib/python3.8/site-packages/airflow/example_dags/example_short_circuit_operator.py
[2026-02-02T14:37:42.678+0000] {processor.py:840} INFO - DAG(s) 'example_short_circuit_operator' retrieved from /home/airflow/.local/lib/python3.8/site-packages/airflow/example_dags/example_short_circuit_operator.py
[2026-02-02T14:37:42.707+0000] {logging_mixin.py:188} INFO - [2026-02-02T14:37:42.706+0000] {dag.py:3036} INFO - Sync 1 DAGs
[2026-02-02T14:37:42.731+0000] {logging_mixin.py:188} INFO - [2026-02-02T14:37:42.731+0000] {dag.py:3823} INFO - Setting next_dagrun for example_short_circuit_operator to 2026-02-01 00:00:00+00:00, run_after=2026-02-02 00:00:00+00:00
[2026-02-02T14:37:42.752+0000] {processor.py:183} INFO - Processing /home/airflow/.local/lib/python3.8/site-packages/airflow/example_dags/example_short_circuit_operator.py took 0.090 seconds
[2026-02-02T14:38:12.992+0000] {processor.py:161} INFO - Started process (PID=2004) to work on /home/airflow/.local/lib/python3.8/site-packages/airflow/example_dags/example_short_circuit_operator.py
[2026-02-02T14:38:12.993+0000] {processor.py:830} INFO - Processing file /home/airflow/.local/lib/python3.8/site-packages/airflow/example_dags/example_short_circuit_operator.py for tasks to queue
[2026-02-02T14:38:12.995+0000] {logging_mixin.py:188} INFO - [2026-02-02T14:38:12.995+0000] {dagbag.py:538} INFO - Filling up the DagBag from /home/airflow/.local/lib/python3.8/site-packages/airflow/example_dags/example_short_circuit_operator.py
[2026-02-02T14:38:13.003+0000] {processor.py:840} INFO - DAG(s) 'example_short_circuit_operator' retrieved from /home/airflow/.local/lib/python3.8/site-packages/airflow/example_dags/example_short_circuit_operator.py
[2026-02-02T14:38:13.030+0000] {logging_mixin.py:188} INFO - [2026-02-02T14:38:13.029+0000] {dag.py:3036} INFO - Sync 1 DAGs
[2026-02-02T14:38:13.053+0000] {logging_mixin.py:188} INFO - [2026-02-02T14:38:13.053+0000] {dag.py:3823} INFO - Setting next_dagrun for example_short_circuit_operator to 2026-02-01 00:00:00+00:00, run_after=2026-02-02 00:00:00+00:00
[2026-02-02T14:38:13.072+0000] {processor.py:183} INFO - Processing /home/airflow/.local/lib/python3.8/site-packages/airflow/example_dags/example_short_circuit_operator.py took 0.084 seconds
[2026-02-02T14:38:43.139+0000] {processor.py:161} INFO - Started process (PID=2058) to work on /home/airflow/.local/lib/python3.8/site-packages/airflow/example_dags/example_short_circuit_operator.py
[2026-02-02T14:38:43.139+0000] {processor.py:830} INFO - Processing file /home/airflow/.local/lib/python3.8/site-packages/airflow/example_dags/example_short_circuit_operator.py for tasks to queue
[2026-02-02T14:38:43.141+0000] {logging_mixin.py:188} INFO - [2026-02-02T14:38:43.141+0000] {dagbag.py:538} INFO - Filling up the DagBag from /home/airflow/.local/lib/python3.8/site-packages/airflow/example_dags/example_short_circuit_operator.py
[2026-02-02T14:38:43.147+0000] {processor.py:840} INFO - DAG(s) 'example_short_circuit_operator' retrieved from /home/airflow/.local/lib/python3.8/site-packages/airflow/example_dags/example_short_circuit_operator.py
[2026-02-02T14:38:43.165+0000] {logging_mixin.py:188} INFO - [2026-02-02T14:38:43.165+0000] {dag.py:3036} INFO - Sync 1 DAGs
[2026-02-02T14:38:43.182+0000] {logging_mixin.py:188} INFO - [2026-02-02T14:38:43.182+0000] {dag.py:3823} INFO - Setting next_dagrun for example_short_circuit_operator to 2026-02-01 00:00:00+00:00, run_after=2026-02-02 00:00:00+00:00
[2026-02-02T14:38:43.196+0000] {processor.py:183} INFO - Processing /home/airflow/.local/lib/python3.8/site-packages/airflow/example_dags/example_short_circuit_operator.py took 0.060 seconds
[2026-02-02T14:39:13.680+0000] {processor.py:161} INFO - Started process (PID=2112) to work on /home/airflow/.local/lib/python3.8/site-packages/airflow/example_dags/example_short_circuit_operator.py
[2026-02-02T14:39:13.681+0000] {processor.py:830} INFO - Processing file /home/airflow/.local/lib/python3.8/site-packages/airflow/example_dags/example_short_circuit_operator.py for tasks to queue
[2026-02-02T14:39:13.683+0000] {logging_mixin.py:188} INFO - [2026-02-02T14:39:13.683+0000] {dagbag.py:538} INFO - Filling up the DagBag from /home/airflow/.local/lib/python3.8/site-packages/airflow/example_dags/example_short_circuit_operator.py
[2026-02-02T14:39:13.703+0000] {processor.py:840} INFO - DAG(s) 'example_short_circuit_operator' retrieved from /home/airflow/.local/lib/python3.8/site-packages/airflow/example_dags/example_short_circuit_operator.py
[2026-02-02T14:39:13.758+0000] {logging_mixin.py:188} INFO - [2026-02-02T14:39:13.758+0000] {dag.py:3036} INFO - Sync 1 DAGs
[2026-02-02T14:39:13.784+0000] {logging_mixin.py:188} INFO - [2026-02-02T14:39:13.784+0000] {dag.py:3823} INFO - Setting next_dagrun for example_short_circuit_operator to 2026-02-01 00:00:00+00:00, run_after=2026-02-02 00:00:00+00:00
[2026-02-02T14:39:13.803+0000] {processor.py:183} INFO - Processing /home/airflow/.local/lib/python3.8/site-packages/airflow/example_dags/example_short_circuit_operator.py took 0.131 seconds
[2026-02-02T14:39:43.869+0000] {processor.py:161} INFO - Started process (PID=2166) to work on /home/airflow/.local/lib/python3.8/site-packages/airflow/example_dags/example_short_circuit_operator.py
[2026-02-02T14:39:43.870+0000] {processor.py:830} INFO - Processing file /home/airflow/.local/lib/python3.8/site-packages/airflow/example_dags/example_short_circuit_operator.py for tasks to queue
[2026-02-02T14:39:43.872+0000] {logging_mixin.py:188} INFO - [2026-02-02T14:39:43.871+0000] {dagbag.py:538} INFO - Filling up the DagBag from /home/airflow/.local/lib/python3.8/site-packages/airflow/example_dags/example_short_circuit_operator.py
[2026-02-02T14:39:43.878+0000] {processor.py:840} INFO - DAG(s) 'example_short_circuit_operator' retrieved from /home/airflow/.local/lib/python3.8/site-packages/airflow/example_dags/example_short_circuit_operator.py
[2026-02-02T14:39:43.897+0000] {logging_mixin.py:188} INFO - [2026-02-02T14:39:43.897+0000] {dag.py:3036} INFO - Sync 1 DAGs
[2026-02-02T14:39:43.914+0000] {logging_mixin.py:188} INFO - [2026-02-02T14:39:43.914+0000] {dag.py:3823} INFO - Setting next_dagrun for example_short_circuit_operator to 2026-02-01 00:00:00+00:00, run_after=2026-02-02 00:00:00+00:00
[2026-02-02T14:39:43.928+0000] {processor.py:183} INFO - Processing /home/airflow/.local/lib/python3.8/site-packages/airflow/example_dags/example_short_circuit_operator.py took 0.062 seconds
[2026-02-02T14:40:14.154+0000] {processor.py:161} INFO - Started process (PID=2221) to work on /home/airflow/.local/lib/python3.8/site-packages/airflow/example_dags/example_short_circuit_operator.py
[2026-02-02T14:40:14.155+0000] {processor.py:830} INFO - Processing file /home/airflow/.local/lib/python3.8/site-packages/airflow/example_dags/example_short_circuit_operator.py for tasks to queue
[2026-02-02T14:40:14.157+0000] {logging_mixin.py:188} INFO - [2026-02-02T14:40:14.157+0000] {dagbag.py:538} INFO - Filling up the DagBag from /home/airflow/.local/lib/python3.8/site-packages/airflow/example_dags/example_short_circuit_operator.py
[2026-02-02T14:40:14.166+0000] {processor.py:840} INFO - DAG(s) 'example_short_circuit_operator' retrieved from /home/airflow/.local/lib/python3.8/site-packages/airflow/example_dags/example_short_circuit_operator.py
[2026-02-02T14:40:14.192+0000] {logging_mixin.py:188} INFO - [2026-02-02T14:40:14.192+0000] {dag.py:3036} INFO - Sync 1 DAGs
[2026-02-02T14:40:14.219+0000] {logging_mixin.py:188} INFO - [2026-02-02T14:40:14.219+0000] {dag.py:3823} INFO - Setting next_dagrun for example_short_circuit_operator to 2026-02-01 00:00:00+00:00, run_after=2026-02-02 00:00:00+00:00
[2026-02-02T14:40:14.253+0000] {processor.py:183} INFO - Processing /home/airflow/.local/lib/python3.8/site-packages/airflow/example_dags/example_short_circuit_operator.py took 0.102 seconds
[2026-02-02T14:40:44.333+0000] {processor.py:161} INFO - Started process (PID=2276) to work on /home/airflow/.local/lib/python3.8/site-packages/airflow/example_dags/example_short_circuit_operator.py
[2026-02-02T14:40:44.338+0000] {processor.py:830} INFO - Processing file /home/airflow/.local/lib/python3.8/site-packages/airflow/example_dags/example_short_circuit_operator.py for tasks to queue
[2026-02-02T14:40:44.344+0000] {logging_mixin.py:188} INFO - [2026-02-02T14:40:44.339+0000] {dagbag.py:538} INFO - Filling up the DagBag from /home/airflow/.local/lib/python3.8/site-packages/airflow/example_dags/example_short_circuit_operator.py
[2026-02-02T14:40:44.369+0000] {processor.py:840} INFO - DAG(s) 'example_short_circuit_operator' retrieved from /home/airflow/.local/lib/python3.8/site-packages/airflow/example_dags/example_short_circuit_operator.py
[2026-02-02T14:40:44.435+0000] {logging_mixin.py:188} INFO - [2026-02-02T14:40:44.435+0000] {dag.py:3036} INFO - Sync 1 DAGs
[2026-02-02T14:40:44.506+0000] {logging_mixin.py:188} INFO - [2026-02-02T14:40:44.506+0000] {dag.py:3823} INFO - Setting next_dagrun for example_short_circuit_operator to 2026-02-01 00:00:00+00:00, run_after=2026-02-02 00:00:00+00:00
[2026-02-02T14:40:44.576+0000] {processor.py:183} INFO - Processing /home/airflow/.local/lib/python3.8/site-packages/airflow/example_dags/example_short_circuit_operator.py took 0.257 seconds
[2026-02-02T14:41:15.537+0000] {processor.py:161} INFO - Started process (PID=2332) to work on /home/airflow/.local/lib/python3.8/site-packages/airflow/example_dags/example_short_circuit_operator.py
[2026-02-02T14:41:15.538+0000] {processor.py:830} INFO - Processing file /home/airflow/.local/lib/python3.8/site-packages/airflow/example_dags/example_short_circuit_operator.py for tasks to queue
[2026-02-02T14:41:15.540+0000] {logging_mixin.py:188} INFO - [2026-02-02T14:41:15.540+0000] {dagbag.py:538} INFO - Filling up the DagBag from /home/airflow/.local/lib/python3.8/site-packages/airflow/example_dags/example_short_circuit_operator.py
[2026-02-02T14:41:15.549+0000] {processor.py:840} INFO - DAG(s) 'example_short_circuit_operator' retrieved from /home/airflow/.local/lib/python3.8/site-packages/airflow/example_dags/example_short_circuit_operator.py
[2026-02-02T14:41:15.579+0000] {logging_mixin.py:188} INFO - [2026-02-02T14:41:15.578+0000] {dag.py:3036} INFO - Sync 1 DAGs
[2026-02-02T14:41:15.630+0000] {logging_mixin.py:188} INFO - [2026-02-02T14:41:15.630+0000] {dag.py:3823} INFO - Setting next_dagrun for example_short_circuit_operator to 2026-02-01 00:00:00+00:00, run_after=2026-02-02 00:00:00+00:00
[2026-02-02T14:41:15.672+0000] {processor.py:183} INFO - Processing /home/airflow/.local/lib/python3.8/site-packages/airflow/example_dags/example_short_circuit_operator.py took 0.138 seconds
[2026-02-02T14:41:45.759+0000] {processor.py:161} INFO - Started process (PID=2387) to work on /home/airflow/.local/lib/python3.8/site-packages/airflow/example_dags/example_short_circuit_operator.py
[2026-02-02T14:41:45.759+0000] {processor.py:830} INFO - Processing file /home/airflow/.local/lib/python3.8/site-packages/airflow/example_dags/example_short_circuit_operator.py for tasks to queue
[2026-02-02T14:41:45.761+0000] {logging_mixin.py:188} INFO - [2026-02-02T14:41:45.761+0000] {dagbag.py:538} INFO - Filling up the DagBag from /home/airflow/.local/lib/python3.8/site-packages/airflow/example_dags/example_short_circuit_operator.py
[2026-02-02T14:41:45.770+0000] {processor.py:840} INFO - DAG(s) 'example_short_circuit_operator' retrieved from /home/airflow/.local/lib/python3.8/site-packages/airflow/example_dags/example_short_circuit_operator.py
[2026-02-02T14:41:45.799+0000] {logging_mixin.py:188} INFO - [2026-02-02T14:41:45.799+0000] {dag.py:3036} INFO - Sync 1 DAGs
[2026-02-02T14:41:45.824+0000] {logging_mixin.py:188} INFO - [2026-02-02T14:41:45.823+0000] {dag.py:3823} INFO - Setting next_dagrun for example_short_circuit_operator to 2026-02-01 00:00:00+00:00, run_after=2026-02-02 00:00:00+00:00
[2026-02-02T14:41:45.843+0000] {processor.py:183} INFO - Processing /home/airflow/.local/lib/python3.8/site-packages/airflow/example_dags/example_short_circuit_operator.py took 0.087 seconds
[2026-02-02T14:42:16.411+0000] {processor.py:161} INFO - Started process (PID=2442) to work on /home/airflow/.local/lib/python3.8/site-packages/airflow/example_dags/example_short_circuit_operator.py
[2026-02-02T14:42:16.412+0000] {processor.py:830} INFO - Processing file /home/airflow/.local/lib/python3.8/site-packages/airflow/example_dags/example_short_circuit_operator.py for tasks to queue
[2026-02-02T14:42:16.415+0000] {logging_mixin.py:188} INFO - [2026-02-02T14:42:16.414+0000] {dagbag.py:538} INFO - Filling up the DagBag from /home/airflow/.local/lib/python3.8/site-packages/airflow/example_dags/example_short_circuit_operator.py
[2026-02-02T14:42:16.424+0000] {processor.py:840} INFO - DAG(s) 'example_short_circuit_operator' retrieved from /home/airflow/.local/lib/python3.8/site-packages/airflow/example_dags/example_short_circuit_operator.py
[2026-02-02T14:42:16.462+0000] {logging_mixin.py:188} INFO - [2026-02-02T14:42:16.462+0000] {dag.py:3036} INFO - Sync 1 DAGs
[2026-02-02T14:42:16.489+0000] {logging_mixin.py:188} INFO - [2026-02-02T14:42:16.489+0000] {dag.py:3823} INFO - Setting next_dagrun for example_short_circuit_operator to 2026-02-01 00:00:00+00:00, run_after=2026-02-02 00:00:00+00:00
[2026-02-02T14:42:16.510+0000] {processor.py:183} INFO - Processing /home/airflow/.local/lib/python3.8/site-packages/airflow/example_dags/example_short_circuit_operator.py took 0.102 seconds
[2026-02-02T14:42:47.085+0000] {processor.py:161} INFO - Started process (PID=2497) to work on /home/airflow/.local/lib/python3.8/site-packages/airflow/example_dags/example_short_circuit_operator.py
[2026-02-02T14:42:47.086+0000] {processor.py:830} INFO - Processing file /home/airflow/.local/lib/python3.8/site-packages/airflow/example_dags/example_short_circuit_operator.py for tasks to queue
[2026-02-02T14:42:47.088+0000] {logging_mixin.py:188} INFO - [2026-02-02T14:42:47.088+0000] {dagbag.py:538} INFO - Filling up the DagBag from /home/airflow/.local/lib/python3.8/site-packages/airflow/example_dags/example_short_circuit_operator.py
[2026-02-02T14:42:47.097+0000] {processor.py:840} INFO - DAG(s) 'example_short_circuit_operator' retrieved from /home/airflow/.local/lib/python3.8/site-packages/airflow/example_dags/example_short_circuit_operator.py
[2026-02-02T14:42:47.126+0000] {logging_mixin.py:188} INFO - [2026-02-02T14:42:47.125+0000] {dag.py:3036} INFO - Sync 1 DAGs
[2026-02-02T14:42:47.154+0000] {logging_mixin.py:188} INFO - [2026-02-02T14:42:47.154+0000] {dag.py:3823} INFO - Setting next_dagrun for example_short_circuit_operator to 2026-02-01 00:00:00+00:00, run_after=2026-02-02 00:00:00+00:00
[2026-02-02T14:42:47.184+0000] {processor.py:183} INFO - Processing /home/airflow/.local/lib/python3.8/site-packages/airflow/example_dags/example_short_circuit_operator.py took 0.102 seconds
[2026-02-02T14:43:17.427+0000] {processor.py:161} INFO - Started process (PID=2551) to work on /home/airflow/.local/lib/python3.8/site-packages/airflow/example_dags/example_short_circuit_operator.py
[2026-02-02T14:43:17.428+0000] {processor.py:830} INFO - Processing file /home/airflow/.local/lib/python3.8/site-packages/airflow/example_dags/example_short_circuit_operator.py for tasks to queue
[2026-02-02T14:43:17.430+0000] {logging_mixin.py:188} INFO - [2026-02-02T14:43:17.430+0000] {dagbag.py:538} INFO - Filling up the DagBag from /home/airflow/.local/lib/python3.8/site-packages/airflow/example_dags/example_short_circuit_operator.py
[2026-02-02T14:43:17.439+0000] {processor.py:840} INFO - DAG(s) 'example_short_circuit_operator' retrieved from /home/airflow/.local/lib/python3.8/site-packages/airflow/example_dags/example_short_circuit_operator.py
[2026-02-02T14:43:17.467+0000] {logging_mixin.py:188} INFO - [2026-02-02T14:43:17.467+0000] {dag.py:3036} INFO - Sync 1 DAGs
[2026-02-02T14:43:17.492+0000] {logging_mixin.py:188} INFO - [2026-02-02T14:43:17.491+0000] {dag.py:3823} INFO - Setting next_dagrun for example_short_circuit_operator to 2026-02-01 00:00:00+00:00, run_after=2026-02-02 00:00:00+00:00
[2026-02-02T14:43:17.511+0000] {processor.py:183} INFO - Processing /home/airflow/.local/lib/python3.8/site-packages/airflow/example_dags/example_short_circuit_operator.py took 0.087 seconds
[2026-02-02T14:43:47.983+0000] {processor.py:161} INFO - Started process (PID=2606) to work on /home/airflow/.local/lib/python3.8/site-packages/airflow/example_dags/example_short_circuit_operator.py
[2026-02-02T14:43:47.984+0000] {processor.py:830} INFO - Processing file /home/airflow/.local/lib/python3.8/site-packages/airflow/example_dags/example_short_circuit_operator.py for tasks to queue
[2026-02-02T14:43:47.985+0000] {logging_mixin.py:188} INFO - [2026-02-02T14:43:47.985+0000] {dagbag.py:538} INFO - Filling up the DagBag from /home/airflow/.local/lib/python3.8/site-packages/airflow/example_dags/example_short_circuit_operator.py
[2026-02-02T14:43:47.994+0000] {processor.py:840} INFO - DAG(s) 'example_short_circuit_operator' retrieved from /home/airflow/.local/lib/python3.8/site-packages/airflow/example_dags/example_short_circuit_operator.py
[2026-02-02T14:43:48.022+0000] {logging_mixin.py:188} INFO - [2026-02-02T14:43:48.021+0000] {dag.py:3036} INFO - Sync 1 DAGs
[2026-02-02T14:43:48.049+0000] {logging_mixin.py:188} INFO - [2026-02-02T14:43:48.049+0000] {dag.py:3823} INFO - Setting next_dagrun for example_short_circuit_operator to 2026-02-01 00:00:00+00:00, run_after=2026-02-02 00:00:00+00:00
[2026-02-02T14:43:48.195+0000] {processor.py:183} INFO - Processing /home/airflow/.local/lib/python3.8/site-packages/airflow/example_dags/example_short_circuit_operator.py took 0.215 seconds
[2026-02-02T14:44:18.747+0000] {processor.py:161} INFO - Started process (PID=2661) to work on /home/airflow/.local/lib/python3.8/site-packages/airflow/example_dags/example_short_circuit_operator.py
[2026-02-02T14:44:18.750+0000] {processor.py:830} INFO - Processing file /home/airflow/.local/lib/python3.8/site-packages/airflow/example_dags/example_short_circuit_operator.py for tasks to queue
[2026-02-02T14:44:18.753+0000] {logging_mixin.py:188} INFO - [2026-02-02T14:44:18.753+0000] {dagbag.py:538} INFO - Filling up the DagBag from /home/airflow/.local/lib/python3.8/site-packages/airflow/example_dags/example_short_circuit_operator.py
[2026-02-02T14:44:18.772+0000] {processor.py:840} INFO - DAG(s) 'example_short_circuit_operator' retrieved from /home/airflow/.local/lib/python3.8/site-packages/airflow/example_dags/example_short_circuit_operator.py
[2026-02-02T14:44:18.799+0000] {logging_mixin.py:188} INFO - [2026-02-02T14:44:18.799+0000] {dag.py:3036} INFO - Sync 1 DAGs
[2026-02-02T14:44:18.823+0000] {logging_mixin.py:188} INFO - [2026-02-02T14:44:18.823+0000] {dag.py:3823} INFO - Setting next_dagrun for example_short_circuit_operator to 2026-02-01 00:00:00+00:00, run_after=2026-02-02 00:00:00+00:00
[2026-02-02T14:44:18.949+0000] {processor.py:183} INFO - Processing /home/airflow/.local/lib/python3.8/site-packages/airflow/example_dags/example_short_circuit_operator.py took 0.209 seconds
[2026-02-02T14:44:49.275+0000] {processor.py:161} INFO - Started process (PID=2716) to work on /home/airflow/.local/lib/python3.8/site-packages/airflow/example_dags/example_short_circuit_operator.py
[2026-02-02T14:44:49.284+0000] {processor.py:830} INFO - Processing file /home/airflow/.local/lib/python3.8/site-packages/airflow/example_dags/example_short_circuit_operator.py for tasks to queue
[2026-02-02T14:44:49.297+0000] {logging_mixin.py:188} INFO - [2026-02-02T14:44:49.297+0000] {dagbag.py:538} INFO - Filling up the DagBag from /home/airflow/.local/lib/python3.8/site-packages/airflow/example_dags/example_short_circuit_operator.py
[2026-02-02T14:44:49.352+0000] {processor.py:840} INFO - DAG(s) 'example_short_circuit_operator' retrieved from /home/airflow/.local/lib/python3.8/site-packages/airflow/example_dags/example_short_circuit_operator.py
[2026-02-02T14:44:49.380+0000] {logging_mixin.py:188} INFO - [2026-02-02T14:44:49.380+0000] {dag.py:3036} INFO - Sync 1 DAGs
[2026-02-02T14:44:49.404+0000] {logging_mixin.py:188} INFO - [2026-02-02T14:44:49.404+0000] {dag.py:3823} INFO - Setting next_dagrun for example_short_circuit_operator to 2026-02-01 00:00:00+00:00, run_after=2026-02-02 00:00:00+00:00
[2026-02-02T14:44:49.419+0000] {processor.py:183} INFO - Processing /home/airflow/.local/lib/python3.8/site-packages/airflow/example_dags/example_short_circuit_operator.py took 0.168 seconds
[2026-02-02T14:45:20.078+0000] {processor.py:161} INFO - Started process (PID=2773) to work on /home/airflow/.local/lib/python3.8/site-packages/airflow/example_dags/example_short_circuit_operator.py
[2026-02-02T14:45:20.079+0000] {processor.py:830} INFO - Processing file /home/airflow/.local/lib/python3.8/site-packages/airflow/example_dags/example_short_circuit_operator.py for tasks to queue
[2026-02-02T14:45:20.081+0000] {logging_mixin.py:188} INFO - [2026-02-02T14:45:20.081+0000] {dagbag.py:538} INFO - Filling up the DagBag from /home/airflow/.local/lib/python3.8/site-packages/airflow/example_dags/example_short_circuit_operator.py
[2026-02-02T14:45:20.090+0000] {processor.py:840} INFO - DAG(s) 'example_short_circuit_operator' retrieved from /home/airflow/.local/lib/python3.8/site-packages/airflow/example_dags/example_short_circuit_operator.py
[2026-02-02T14:45:20.119+0000] {logging_mixin.py:188} INFO - [2026-02-02T14:45:20.119+0000] {dag.py:3036} INFO - Sync 1 DAGs
[2026-02-02T14:45:20.145+0000] {logging_mixin.py:188} INFO - [2026-02-02T14:45:20.145+0000] {dag.py:3823} INFO - Setting next_dagrun for example_short_circuit_operator to 2026-02-01 00:00:00+00:00, run_after=2026-02-02 00:00:00+00:00
[2026-02-02T14:45:20.164+0000] {processor.py:183} INFO - Processing /home/airflow/.local/lib/python3.8/site-packages/airflow/example_dags/example_short_circuit_operator.py took 0.089 seconds
[2026-02-02T14:45:50.338+0000] {processor.py:161} INFO - Started process (PID=2829) to work on /home/airflow/.local/lib/python3.8/site-packages/airflow/example_dags/example_short_circuit_operator.py
[2026-02-02T14:45:50.339+0000] {processor.py:830} INFO - Processing file /home/airflow/.local/lib/python3.8/site-packages/airflow/example_dags/example_short_circuit_operator.py for tasks to queue
[2026-02-02T14:45:50.341+0000] {logging_mixin.py:188} INFO - [2026-02-02T14:45:50.341+0000] {dagbag.py:538} INFO - Filling up the DagBag from /home/airflow/.local/lib/python3.8/site-packages/airflow/example_dags/example_short_circuit_operator.py
[2026-02-02T14:45:50.350+0000] {processor.py:840} INFO - DAG(s) 'example_short_circuit_operator' retrieved from /home/airflow/.local/lib/python3.8/site-packages/airflow/example_dags/example_short_circuit_operator.py
[2026-02-02T14:45:50.384+0000] {logging_mixin.py:188} INFO - [2026-02-02T14:45:50.384+0000] {dag.py:3036} INFO - Sync 1 DAGs
[2026-02-02T14:45:50.410+0000] {logging_mixin.py:188} INFO - [2026-02-02T14:45:50.410+0000] {dag.py:3823} INFO - Setting next_dagrun for example_short_circuit_operator to 2026-02-01 00:00:00+00:00, run_after=2026-02-02 00:00:00+00:00
[2026-02-02T14:45:50.428+0000] {processor.py:183} INFO - Processing /home/airflow/.local/lib/python3.8/site-packages/airflow/example_dags/example_short_circuit_operator.py took 0.093 seconds
[2026-02-02T14:46:20.635+0000] {processor.py:161} INFO - Started process (PID=2884) to work on /home/airflow/.local/lib/python3.8/site-packages/airflow/example_dags/example_short_circuit_operator.py
[2026-02-02T14:46:20.635+0000] {processor.py:830} INFO - Processing file /home/airflow/.local/lib/python3.8/site-packages/airflow/example_dags/example_short_circuit_operator.py for tasks to queue
[2026-02-02T14:46:20.637+0000] {logging_mixin.py:188} INFO - [2026-02-02T14:46:20.637+0000] {dagbag.py:538} INFO - Filling up the DagBag from /home/airflow/.local/lib/python3.8/site-packages/airflow/example_dags/example_short_circuit_operator.py
[2026-02-02T14:46:20.646+0000] {processor.py:840} INFO - DAG(s) 'example_short_circuit_operator' retrieved from /home/airflow/.local/lib/python3.8/site-packages/airflow/example_dags/example_short_circuit_operator.py
[2026-02-02T14:46:20.675+0000] {logging_mixin.py:188} INFO - [2026-02-02T14:46:20.675+0000] {dag.py:3036} INFO - Sync 1 DAGs
[2026-02-02T14:46:20.702+0000] {logging_mixin.py:188} INFO - [2026-02-02T14:46:20.702+0000] {dag.py:3823} INFO - Setting next_dagrun for example_short_circuit_operator to 2026-02-01 00:00:00+00:00, run_after=2026-02-02 00:00:00+00:00
[2026-02-02T14:46:20.723+0000] {processor.py:183} INFO - Processing /home/airflow/.local/lib/python3.8/site-packages/airflow/example_dags/example_short_circuit_operator.py took 0.092 seconds
[2026-02-02T14:46:51.557+0000] {processor.py:161} INFO - Started process (PID=2940) to work on /home/airflow/.local/lib/python3.8/site-packages/airflow/example_dags/example_short_circuit_operator.py
[2026-02-02T14:46:51.562+0000] {processor.py:830} INFO - Processing file /home/airflow/.local/lib/python3.8/site-packages/airflow/example_dags/example_short_circuit_operator.py for tasks to queue
[2026-02-02T14:46:51.567+0000] {logging_mixin.py:188} INFO - [2026-02-02T14:46:51.565+0000] {dagbag.py:538} INFO - Filling up the DagBag from /home/airflow/.local/lib/python3.8/site-packages/airflow/example_dags/example_short_circuit_operator.py
[2026-02-02T14:46:51.591+0000] {processor.py:840} INFO - DAG(s) 'example_short_circuit_operator' retrieved from /home/airflow/.local/lib/python3.8/site-packages/airflow/example_dags/example_short_circuit_operator.py
[2026-02-02T14:46:51.694+0000] {logging_mixin.py:188} INFO - [2026-02-02T14:46:51.694+0000] {dag.py:3036} INFO - Sync 1 DAGs
[2026-02-02T14:46:51.765+0000] {logging_mixin.py:188} INFO - [2026-02-02T14:46:51.765+0000] {dag.py:3823} INFO - Setting next_dagrun for example_short_circuit_operator to 2026-02-01 00:00:00+00:00, run_after=2026-02-02 00:00:00+00:00
[2026-02-02T14:46:51.813+0000] {processor.py:183} INFO - Processing /home/airflow/.local/lib/python3.8/site-packages/airflow/example_dags/example_short_circuit_operator.py took 0.265 seconds
[2026-02-02T14:47:21.854+0000] {processor.py:161} INFO - Started process (PID=2997) to work on /home/airflow/.local/lib/python3.8/site-packages/airflow/example_dags/example_short_circuit_operator.py
[2026-02-02T14:47:21.855+0000] {processor.py:830} INFO - Processing file /home/airflow/.local/lib/python3.8/site-packages/airflow/example_dags/example_short_circuit_operator.py for tasks to queue
[2026-02-02T14:47:21.857+0000] {logging_mixin.py:188} INFO - [2026-02-02T14:47:21.856+0000] {dagbag.py:538} INFO - Filling up the DagBag from /home/airflow/.local/lib/python3.8/site-packages/airflow/example_dags/example_short_circuit_operator.py
[2026-02-02T14:47:21.865+0000] {processor.py:840} INFO - DAG(s) 'example_short_circuit_operator' retrieved from /home/airflow/.local/lib/python3.8/site-packages/airflow/example_dags/example_short_circuit_operator.py
[2026-02-02T14:47:21.884+0000] {logging_mixin.py:188} INFO - [2026-02-02T14:47:21.884+0000] {dag.py:3036} INFO - Sync 1 DAGs
[2026-02-02T14:47:21.901+0000] {logging_mixin.py:188} INFO - [2026-02-02T14:47:21.901+0000] {dag.py:3823} INFO - Setting next_dagrun for example_short_circuit_operator to 2026-02-01 00:00:00+00:00, run_after=2026-02-02 00:00:00+00:00
[2026-02-02T14:47:21.915+0000] {processor.py:183} INFO - Processing /home/airflow/.local/lib/python3.8/site-packages/airflow/example_dags/example_short_circuit_operator.py took 0.064 seconds
[2026-02-02T14:47:52.632+0000] {processor.py:161} INFO - Started process (PID=3053) to work on /home/airflow/.local/lib/python3.8/site-packages/airflow/example_dags/example_short_circuit_operator.py
[2026-02-02T14:47:52.633+0000] {processor.py:830} INFO - Processing file /home/airflow/.local/lib/python3.8/site-packages/airflow/example_dags/example_short_circuit_operator.py for tasks to queue
[2026-02-02T14:47:52.634+0000] {logging_mixin.py:188} INFO - [2026-02-02T14:47:52.634+0000] {dagbag.py:538} INFO - Filling up the DagBag from /home/airflow/.local/lib/python3.8/site-packages/airflow/example_dags/example_short_circuit_operator.py
[2026-02-02T14:47:52.643+0000] {processor.py:840} INFO - DAG(s) 'example_short_circuit_operator' retrieved from /home/airflow/.local/lib/python3.8/site-packages/airflow/example_dags/example_short_circuit_operator.py
[2026-02-02T14:47:52.671+0000] {logging_mixin.py:188} INFO - [2026-02-02T14:47:52.671+0000] {dag.py:3036} INFO - Sync 1 DAGs
[2026-02-02T14:47:52.699+0000] {logging_mixin.py:188} INFO - [2026-02-02T14:47:52.699+0000] {dag.py:3823} INFO - Setting next_dagrun for example_short_circuit_operator to 2026-02-01 00:00:00+00:00, run_after=2026-02-02 00:00:00+00:00
[2026-02-02T14:47:52.719+0000] {processor.py:183} INFO - Processing /home/airflow/.local/lib/python3.8/site-packages/airflow/example_dags/example_short_circuit_operator.py took 0.090 seconds
[2026-02-02T14:48:23.116+0000] {processor.py:161} INFO - Started process (PID=3109) to work on /home/airflow/.local/lib/python3.8/site-packages/airflow/example_dags/example_short_circuit_operator.py
[2026-02-02T14:48:23.117+0000] {processor.py:830} INFO - Processing file /home/airflow/.local/lib/python3.8/site-packages/airflow/example_dags/example_short_circuit_operator.py for tasks to queue
[2026-02-02T14:48:23.119+0000] {logging_mixin.py:188} INFO - [2026-02-02T14:48:23.119+0000] {dagbag.py:538} INFO - Filling up the DagBag from /home/airflow/.local/lib/python3.8/site-packages/airflow/example_dags/example_short_circuit_operator.py
[2026-02-02T14:48:23.128+0000] {processor.py:840} INFO - DAG(s) 'example_short_circuit_operator' retrieved from /home/airflow/.local/lib/python3.8/site-packages/airflow/example_dags/example_short_circuit_operator.py
[2026-02-02T14:48:23.160+0000] {logging_mixin.py:188} INFO - [2026-02-02T14:48:23.160+0000] {dag.py:3036} INFO - Sync 1 DAGs
[2026-02-02T14:48:23.187+0000] {logging_mixin.py:188} INFO - [2026-02-02T14:48:23.187+0000] {dag.py:3823} INFO - Setting next_dagrun for example_short_circuit_operator to 2026-02-01 00:00:00+00:00, run_after=2026-02-02 00:00:00+00:00
[2026-02-02T14:48:23.208+0000] {processor.py:183} INFO - Processing /home/airflow/.local/lib/python3.8/site-packages/airflow/example_dags/example_short_circuit_operator.py took 0.095 seconds
[2026-02-02T14:48:53.485+0000] {processor.py:161} INFO - Started process (PID=3164) to work on /home/airflow/.local/lib/python3.8/site-packages/airflow/example_dags/example_short_circuit_operator.py
[2026-02-02T14:48:53.486+0000] {processor.py:830} INFO - Processing file /home/airflow/.local/lib/python3.8/site-packages/airflow/example_dags/example_short_circuit_operator.py for tasks to queue
[2026-02-02T14:48:53.488+0000] {logging_mixin.py:188} INFO - [2026-02-02T14:48:53.487+0000] {dagbag.py:538} INFO - Filling up the DagBag from /home/airflow/.local/lib/python3.8/site-packages/airflow/example_dags/example_short_circuit_operator.py
[2026-02-02T14:48:53.497+0000] {processor.py:840} INFO - DAG(s) 'example_short_circuit_operator' retrieved from /home/airflow/.local/lib/python3.8/site-packages/airflow/example_dags/example_short_circuit_operator.py
[2026-02-02T14:48:53.526+0000] {logging_mixin.py:188} INFO - [2026-02-02T14:48:53.526+0000] {dag.py:3036} INFO - Sync 1 DAGs
[2026-02-02T14:48:53.554+0000] {logging_mixin.py:188} INFO - [2026-02-02T14:48:53.554+0000] {dag.py:3823} INFO - Setting next_dagrun for example_short_circuit_operator to 2026-02-01 00:00:00+00:00, run_after=2026-02-02 00:00:00+00:00
[2026-02-02T14:48:53.576+0000] {processor.py:183} INFO - Processing /home/airflow/.local/lib/python3.8/site-packages/airflow/example_dags/example_short_circuit_operator.py took 0.094 seconds
[2026-02-02T14:49:23.846+0000] {processor.py:161} INFO - Started process (PID=3220) to work on /home/airflow/.local/lib/python3.8/site-packages/airflow/example_dags/example_short_circuit_operator.py
[2026-02-02T14:49:23.849+0000] {processor.py:830} INFO - Processing file /home/airflow/.local/lib/python3.8/site-packages/airflow/example_dags/example_short_circuit_operator.py for tasks to queue
[2026-02-02T14:49:23.853+0000] {logging_mixin.py:188} INFO - [2026-02-02T14:49:23.850+0000] {dagbag.py:538} INFO - Filling up the DagBag from /home/airflow/.local/lib/python3.8/site-packages/airflow/example_dags/example_short_circuit_operator.py
[2026-02-02T14:49:23.878+0000] {processor.py:840} INFO - DAG(s) 'example_short_circuit_operator' retrieved from /home/airflow/.local/lib/python3.8/site-packages/airflow/example_dags/example_short_circuit_operator.py
[2026-02-02T14:49:23.910+0000] {logging_mixin.py:188} INFO - [2026-02-02T14:49:23.910+0000] {dag.py:3036} INFO - Sync 1 DAGs
[2026-02-02T14:49:23.939+0000] {logging_mixin.py:188} INFO - [2026-02-02T14:49:23.938+0000] {dag.py:3823} INFO - Setting next_dagrun for example_short_circuit_operator to 2026-02-01 00:00:00+00:00, run_after=2026-02-02 00:00:00+00:00
[2026-02-02T14:49:23.958+0000] {processor.py:183} INFO - Processing /home/airflow/.local/lib/python3.8/site-packages/airflow/example_dags/example_short_circuit_operator.py took 0.118 seconds
[2026-02-02T14:49:54.384+0000] {processor.py:161} INFO - Started process (PID=3276) to work on /home/airflow/.local/lib/python3.8/site-packages/airflow/example_dags/example_short_circuit_operator.py
[2026-02-02T14:49:54.387+0000] {processor.py:830} INFO - Processing file /home/airflow/.local/lib/python3.8/site-packages/airflow/example_dags/example_short_circuit_operator.py for tasks to queue
[2026-02-02T14:49:54.391+0000] {logging_mixin.py:188} INFO - [2026-02-02T14:49:54.391+0000] {dagbag.py:538} INFO - Filling up the DagBag from /home/airflow/.local/lib/python3.8/site-packages/airflow/example_dags/example_short_circuit_operator.py
[2026-02-02T14:49:54.431+0000] {processor.py:840} INFO - DAG(s) 'example_short_circuit_operator' retrieved from /home/airflow/.local/lib/python3.8/site-packages/airflow/example_dags/example_short_circuit_operator.py
[2026-02-02T14:49:54.497+0000] {logging_mixin.py:188} INFO - [2026-02-02T14:49:54.496+0000] {dag.py:3036} INFO - Sync 1 DAGs
[2026-02-02T14:49:54.561+0000] {logging_mixin.py:188} INFO - [2026-02-02T14:49:54.558+0000] {dag.py:3823} INFO - Setting next_dagrun for example_short_circuit_operator to 2026-02-01 00:00:00+00:00, run_after=2026-02-02 00:00:00+00:00
[2026-02-02T14:49:54.590+0000] {processor.py:183} INFO - Processing /home/airflow/.local/lib/python3.8/site-packages/airflow/example_dags/example_short_circuit_operator.py took 0.214 seconds
[2026-02-02T14:50:24.671+0000] {processor.py:161} INFO - Started process (PID=3332) to work on /home/airflow/.local/lib/python3.8/site-packages/airflow/example_dags/example_short_circuit_operator.py
[2026-02-02T14:50:24.672+0000] {processor.py:830} INFO - Processing file /home/airflow/.local/lib/python3.8/site-packages/airflow/example_dags/example_short_circuit_operator.py for tasks to queue
[2026-02-02T14:50:24.673+0000] {logging_mixin.py:188} INFO - [2026-02-02T14:50:24.673+0000] {dagbag.py:538} INFO - Filling up the DagBag from /home/airflow/.local/lib/python3.8/site-packages/airflow/example_dags/example_short_circuit_operator.py
[2026-02-02T14:50:24.682+0000] {processor.py:840} INFO - DAG(s) 'example_short_circuit_operator' retrieved from /home/airflow/.local/lib/python3.8/site-packages/airflow/example_dags/example_short_circuit_operator.py
[2026-02-02T14:50:24.710+0000] {logging_mixin.py:188} INFO - [2026-02-02T14:50:24.710+0000] {dag.py:3036} INFO - Sync 1 DAGs
[2026-02-02T14:50:24.736+0000] {logging_mixin.py:188} INFO - [2026-02-02T14:50:24.736+0000] {dag.py:3823} INFO - Setting next_dagrun for example_short_circuit_operator to 2026-02-01 00:00:00+00:00, run_after=2026-02-02 00:00:00+00:00
[2026-02-02T14:50:24.753+0000] {processor.py:183} INFO - Processing /home/airflow/.local/lib/python3.8/site-packages/airflow/example_dags/example_short_circuit_operator.py took 0.086 seconds
