[2026-02-02T14:20:36.556+0000] {processor.py:161} INFO - Started process (PID=110) to work on /home/airflow/.local/lib/python3.8/site-packages/airflow/example_dags/tutorial.py
[2026-02-02T14:20:36.559+0000] {processor.py:830} INFO - Processing file /home/airflow/.local/lib/python3.8/site-packages/airflow/example_dags/tutorial.py for tasks to queue
[2026-02-02T14:20:36.563+0000] {logging_mixin.py:188} INFO - [2026-02-02T14:20:36.563+0000] {dagbag.py:538} INFO - Filling up the DagBag from /home/airflow/.local/lib/python3.8/site-packages/airflow/example_dags/tutorial.py
[2026-02-02T14:20:36.577+0000] {processor.py:840} INFO - DAG(s) 'tutorial' retrieved from /home/airflow/.local/lib/python3.8/site-packages/airflow/example_dags/tutorial.py
[2026-02-02T14:20:36.917+0000] {logging_mixin.py:188} INFO - [2026-02-02T14:20:36.916+0000] {override.py:1769} INFO - Created Permission View: can edit on DAG:tutorial
[2026-02-02T14:20:36.964+0000] {logging_mixin.py:188} INFO - [2026-02-02T14:20:36.963+0000] {override.py:1769} INFO - Created Permission View: can delete on DAG:tutorial
[2026-02-02T14:20:36.971+0000] {logging_mixin.py:188} INFO - [2026-02-02T14:20:36.971+0000] {override.py:1769} INFO - Created Permission View: can read on DAG:tutorial
[2026-02-02T14:20:36.973+0000] {logging_mixin.py:188} INFO - [2026-02-02T14:20:36.973+0000] {dag.py:3036} INFO - Sync 1 DAGs
[2026-02-02T14:20:36.988+0000] {logging_mixin.py:188} INFO - [2026-02-02T14:20:36.987+0000] {dag.py:3058} INFO - Creating ORM DAG for tutorial
[2026-02-02T14:20:37.002+0000] {logging_mixin.py:188} INFO - [2026-02-02T14:20:37.002+0000] {dag.py:3823} INFO - Setting next_dagrun for tutorial to 2026-02-01 00:00:00+00:00, run_after=2026-02-02 00:00:00+00:00
[2026-02-02T14:20:37.032+0000] {processor.py:183} INFO - Processing /home/airflow/.local/lib/python3.8/site-packages/airflow/example_dags/tutorial.py took 0.484 seconds
[2026-02-02T14:21:07.627+0000] {processor.py:161} INFO - Started process (PID=165) to work on /home/airflow/.local/lib/python3.8/site-packages/airflow/example_dags/tutorial.py
[2026-02-02T14:21:07.629+0000] {processor.py:830} INFO - Processing file /home/airflow/.local/lib/python3.8/site-packages/airflow/example_dags/tutorial.py for tasks to queue
[2026-02-02T14:21:07.630+0000] {logging_mixin.py:188} INFO - [2026-02-02T14:21:07.630+0000] {dagbag.py:538} INFO - Filling up the DagBag from /home/airflow/.local/lib/python3.8/site-packages/airflow/example_dags/tutorial.py
[2026-02-02T14:21:07.636+0000] {processor.py:840} INFO - DAG(s) 'tutorial' retrieved from /home/airflow/.local/lib/python3.8/site-packages/airflow/example_dags/tutorial.py
[2026-02-02T14:21:07.658+0000] {logging_mixin.py:188} INFO - [2026-02-02T14:21:07.658+0000] {dag.py:3036} INFO - Sync 1 DAGs
[2026-02-02T14:21:07.682+0000] {logging_mixin.py:188} INFO - [2026-02-02T14:21:07.681+0000] {dag.py:3823} INFO - Setting next_dagrun for tutorial to 2026-02-01 00:00:00+00:00, run_after=2026-02-02 00:00:00+00:00
[2026-02-02T14:21:07.698+0000] {processor.py:183} INFO - Processing /home/airflow/.local/lib/python3.8/site-packages/airflow/example_dags/tutorial.py took 0.074 seconds
[2026-02-02T14:21:37.926+0000] {processor.py:161} INFO - Started process (PID=220) to work on /home/airflow/.local/lib/python3.8/site-packages/airflow/example_dags/tutorial.py
[2026-02-02T14:21:37.929+0000] {processor.py:830} INFO - Processing file /home/airflow/.local/lib/python3.8/site-packages/airflow/example_dags/tutorial.py for tasks to queue
[2026-02-02T14:21:37.936+0000] {logging_mixin.py:188} INFO - [2026-02-02T14:21:37.936+0000] {dagbag.py:538} INFO - Filling up the DagBag from /home/airflow/.local/lib/python3.8/site-packages/airflow/example_dags/tutorial.py
[2026-02-02T14:21:37.970+0000] {processor.py:840} INFO - DAG(s) 'tutorial' retrieved from /home/airflow/.local/lib/python3.8/site-packages/airflow/example_dags/tutorial.py
[2026-02-02T14:21:38.058+0000] {logging_mixin.py:188} INFO - [2026-02-02T14:21:38.055+0000] {dag.py:3036} INFO - Sync 1 DAGs
[2026-02-02T14:21:38.132+0000] {logging_mixin.py:188} INFO - [2026-02-02T14:21:38.132+0000] {dag.py:3823} INFO - Setting next_dagrun for tutorial to 2026-02-01 00:00:00+00:00, run_after=2026-02-02 00:00:00+00:00
[2026-02-02T14:21:38.173+0000] {processor.py:183} INFO - Processing /home/airflow/.local/lib/python3.8/site-packages/airflow/example_dags/tutorial.py took 0.259 seconds
[2026-02-02T14:22:08.763+0000] {processor.py:161} INFO - Started process (PID=275) to work on /home/airflow/.local/lib/python3.8/site-packages/airflow/example_dags/tutorial.py
[2026-02-02T14:22:08.764+0000] {processor.py:830} INFO - Processing file /home/airflow/.local/lib/python3.8/site-packages/airflow/example_dags/tutorial.py for tasks to queue
[2026-02-02T14:22:08.766+0000] {logging_mixin.py:188} INFO - [2026-02-02T14:22:08.766+0000] {dagbag.py:538} INFO - Filling up the DagBag from /home/airflow/.local/lib/python3.8/site-packages/airflow/example_dags/tutorial.py
[2026-02-02T14:22:08.773+0000] {processor.py:840} INFO - DAG(s) 'tutorial' retrieved from /home/airflow/.local/lib/python3.8/site-packages/airflow/example_dags/tutorial.py
[2026-02-02T14:22:08.796+0000] {logging_mixin.py:188} INFO - [2026-02-02T14:22:08.795+0000] {dag.py:3036} INFO - Sync 1 DAGs
[2026-02-02T14:22:08.814+0000] {logging_mixin.py:188} INFO - [2026-02-02T14:22:08.814+0000] {dag.py:3823} INFO - Setting next_dagrun for tutorial to 2026-02-01 00:00:00+00:00, run_after=2026-02-02 00:00:00+00:00
[2026-02-02T14:22:08.828+0000] {processor.py:183} INFO - Processing /home/airflow/.local/lib/python3.8/site-packages/airflow/example_dags/tutorial.py took 0.069 seconds
[2026-02-02T14:22:39.558+0000] {processor.py:161} INFO - Started process (PID=330) to work on /home/airflow/.local/lib/python3.8/site-packages/airflow/example_dags/tutorial.py
[2026-02-02T14:22:39.559+0000] {processor.py:830} INFO - Processing file /home/airflow/.local/lib/python3.8/site-packages/airflow/example_dags/tutorial.py for tasks to queue
[2026-02-02T14:22:39.561+0000] {logging_mixin.py:188} INFO - [2026-02-02T14:22:39.561+0000] {dagbag.py:538} INFO - Filling up the DagBag from /home/airflow/.local/lib/python3.8/site-packages/airflow/example_dags/tutorial.py
[2026-02-02T14:22:39.569+0000] {processor.py:840} INFO - DAG(s) 'tutorial' retrieved from /home/airflow/.local/lib/python3.8/site-packages/airflow/example_dags/tutorial.py
[2026-02-02T14:22:39.593+0000] {logging_mixin.py:188} INFO - [2026-02-02T14:22:39.592+0000] {dag.py:3036} INFO - Sync 1 DAGs
[2026-02-02T14:22:39.615+0000] {logging_mixin.py:188} INFO - [2026-02-02T14:22:39.615+0000] {dag.py:3823} INFO - Setting next_dagrun for tutorial to 2026-02-01 00:00:00+00:00, run_after=2026-02-02 00:00:00+00:00
[2026-02-02T14:22:39.629+0000] {processor.py:183} INFO - Processing /home/airflow/.local/lib/python3.8/site-packages/airflow/example_dags/tutorial.py took 0.074 seconds
[2026-02-02T14:23:09.978+0000] {processor.py:161} INFO - Started process (PID=385) to work on /home/airflow/.local/lib/python3.8/site-packages/airflow/example_dags/tutorial.py
[2026-02-02T14:23:09.979+0000] {processor.py:830} INFO - Processing file /home/airflow/.local/lib/python3.8/site-packages/airflow/example_dags/tutorial.py for tasks to queue
[2026-02-02T14:23:09.981+0000] {logging_mixin.py:188} INFO - [2026-02-02T14:23:09.981+0000] {dagbag.py:538} INFO - Filling up the DagBag from /home/airflow/.local/lib/python3.8/site-packages/airflow/example_dags/tutorial.py
[2026-02-02T14:23:09.988+0000] {processor.py:840} INFO - DAG(s) 'tutorial' retrieved from /home/airflow/.local/lib/python3.8/site-packages/airflow/example_dags/tutorial.py
[2026-02-02T14:23:10.010+0000] {logging_mixin.py:188} INFO - [2026-02-02T14:23:10.010+0000] {dag.py:3036} INFO - Sync 1 DAGs
[2026-02-02T14:23:10.029+0000] {logging_mixin.py:188} INFO - [2026-02-02T14:23:10.029+0000] {dag.py:3823} INFO - Setting next_dagrun for tutorial to 2026-02-01 00:00:00+00:00, run_after=2026-02-02 00:00:00+00:00
[2026-02-02T14:23:10.046+0000] {processor.py:183} INFO - Processing /home/airflow/.local/lib/python3.8/site-packages/airflow/example_dags/tutorial.py took 0.072 seconds
[2026-02-02T14:23:40.810+0000] {processor.py:161} INFO - Started process (PID=440) to work on /home/airflow/.local/lib/python3.8/site-packages/airflow/example_dags/tutorial.py
[2026-02-02T14:23:40.811+0000] {processor.py:830} INFO - Processing file /home/airflow/.local/lib/python3.8/site-packages/airflow/example_dags/tutorial.py for tasks to queue
[2026-02-02T14:23:40.813+0000] {logging_mixin.py:188} INFO - [2026-02-02T14:23:40.812+0000] {dagbag.py:538} INFO - Filling up the DagBag from /home/airflow/.local/lib/python3.8/site-packages/airflow/example_dags/tutorial.py
[2026-02-02T14:23:40.819+0000] {processor.py:840} INFO - DAG(s) 'tutorial' retrieved from /home/airflow/.local/lib/python3.8/site-packages/airflow/example_dags/tutorial.py
[2026-02-02T14:23:40.838+0000] {logging_mixin.py:188} INFO - [2026-02-02T14:23:40.838+0000] {dag.py:3036} INFO - Sync 1 DAGs
[2026-02-02T14:23:40.855+0000] {logging_mixin.py:188} INFO - [2026-02-02T14:23:40.855+0000] {dag.py:3823} INFO - Setting next_dagrun for tutorial to 2026-02-01 00:00:00+00:00, run_after=2026-02-02 00:00:00+00:00
[2026-02-02T14:23:40.869+0000] {processor.py:183} INFO - Processing /home/airflow/.local/lib/python3.8/site-packages/airflow/example_dags/tutorial.py took 0.063 seconds
[2026-02-02T14:24:10.996+0000] {processor.py:161} INFO - Started process (PID=494) to work on /home/airflow/.local/lib/python3.8/site-packages/airflow/example_dags/tutorial.py
[2026-02-02T14:24:10.997+0000] {processor.py:830} INFO - Processing file /home/airflow/.local/lib/python3.8/site-packages/airflow/example_dags/tutorial.py for tasks to queue
[2026-02-02T14:24:10.999+0000] {logging_mixin.py:188} INFO - [2026-02-02T14:24:10.998+0000] {dagbag.py:538} INFO - Filling up the DagBag from /home/airflow/.local/lib/python3.8/site-packages/airflow/example_dags/tutorial.py
[2026-02-02T14:24:11.005+0000] {processor.py:840} INFO - DAG(s) 'tutorial' retrieved from /home/airflow/.local/lib/python3.8/site-packages/airflow/example_dags/tutorial.py
[2026-02-02T14:24:11.026+0000] {logging_mixin.py:188} INFO - [2026-02-02T14:24:11.026+0000] {dag.py:3036} INFO - Sync 1 DAGs
[2026-02-02T14:24:11.043+0000] {logging_mixin.py:188} INFO - [2026-02-02T14:24:11.043+0000] {dag.py:3823} INFO - Setting next_dagrun for tutorial to 2026-02-01 00:00:00+00:00, run_after=2026-02-02 00:00:00+00:00
[2026-02-02T14:24:11.056+0000] {processor.py:183} INFO - Processing /home/airflow/.local/lib/python3.8/site-packages/airflow/example_dags/tutorial.py took 0.064 seconds
[2026-02-02T14:24:41.195+0000] {processor.py:161} INFO - Started process (PID=550) to work on /home/airflow/.local/lib/python3.8/site-packages/airflow/example_dags/tutorial.py
[2026-02-02T14:24:41.196+0000] {processor.py:830} INFO - Processing file /home/airflow/.local/lib/python3.8/site-packages/airflow/example_dags/tutorial.py for tasks to queue
[2026-02-02T14:24:41.198+0000] {logging_mixin.py:188} INFO - [2026-02-02T14:24:41.197+0000] {dagbag.py:538} INFO - Filling up the DagBag from /home/airflow/.local/lib/python3.8/site-packages/airflow/example_dags/tutorial.py
[2026-02-02T14:24:41.205+0000] {processor.py:840} INFO - DAG(s) 'tutorial' retrieved from /home/airflow/.local/lib/python3.8/site-packages/airflow/example_dags/tutorial.py
[2026-02-02T14:24:41.233+0000] {logging_mixin.py:188} INFO - [2026-02-02T14:24:41.233+0000] {dag.py:3036} INFO - Sync 1 DAGs
[2026-02-02T14:24:41.256+0000] {logging_mixin.py:188} INFO - [2026-02-02T14:24:41.256+0000] {dag.py:3823} INFO - Setting next_dagrun for tutorial to 2026-02-01 00:00:00+00:00, run_after=2026-02-02 00:00:00+00:00
[2026-02-02T14:24:41.271+0000] {processor.py:183} INFO - Processing /home/airflow/.local/lib/python3.8/site-packages/airflow/example_dags/tutorial.py took 0.080 seconds
[2026-02-02T14:25:11.560+0000] {processor.py:161} INFO - Started process (PID=605) to work on /home/airflow/.local/lib/python3.8/site-packages/airflow/example_dags/tutorial.py
[2026-02-02T14:25:11.561+0000] {processor.py:830} INFO - Processing file /home/airflow/.local/lib/python3.8/site-packages/airflow/example_dags/tutorial.py for tasks to queue
[2026-02-02T14:25:11.563+0000] {logging_mixin.py:188} INFO - [2026-02-02T14:25:11.563+0000] {dagbag.py:538} INFO - Filling up the DagBag from /home/airflow/.local/lib/python3.8/site-packages/airflow/example_dags/tutorial.py
[2026-02-02T14:25:11.570+0000] {processor.py:840} INFO - DAG(s) 'tutorial' retrieved from /home/airflow/.local/lib/python3.8/site-packages/airflow/example_dags/tutorial.py
[2026-02-02T14:25:11.592+0000] {logging_mixin.py:188} INFO - [2026-02-02T14:25:11.592+0000] {dag.py:3036} INFO - Sync 1 DAGs
[2026-02-02T14:25:11.617+0000] {logging_mixin.py:188} INFO - [2026-02-02T14:25:11.617+0000] {dag.py:3823} INFO - Setting next_dagrun for tutorial to 2026-02-01 00:00:00+00:00, run_after=2026-02-02 00:00:00+00:00
[2026-02-02T14:25:11.635+0000] {processor.py:183} INFO - Processing /home/airflow/.local/lib/python3.8/site-packages/airflow/example_dags/tutorial.py took 0.079 seconds
[2026-02-02T14:25:41.716+0000] {processor.py:161} INFO - Started process (PID=660) to work on /home/airflow/.local/lib/python3.8/site-packages/airflow/example_dags/tutorial.py
[2026-02-02T14:25:41.717+0000] {processor.py:830} INFO - Processing file /home/airflow/.local/lib/python3.8/site-packages/airflow/example_dags/tutorial.py for tasks to queue
[2026-02-02T14:25:41.719+0000] {logging_mixin.py:188} INFO - [2026-02-02T14:25:41.719+0000] {dagbag.py:538} INFO - Filling up the DagBag from /home/airflow/.local/lib/python3.8/site-packages/airflow/example_dags/tutorial.py
[2026-02-02T14:25:41.725+0000] {processor.py:840} INFO - DAG(s) 'tutorial' retrieved from /home/airflow/.local/lib/python3.8/site-packages/airflow/example_dags/tutorial.py
[2026-02-02T14:25:41.747+0000] {logging_mixin.py:188} INFO - [2026-02-02T14:25:41.746+0000] {dag.py:3036} INFO - Sync 1 DAGs
[2026-02-02T14:25:41.772+0000] {logging_mixin.py:188} INFO - [2026-02-02T14:25:41.772+0000] {dag.py:3823} INFO - Setting next_dagrun for tutorial to 2026-02-01 00:00:00+00:00, run_after=2026-02-02 00:00:00+00:00
[2026-02-02T14:25:41.791+0000] {processor.py:183} INFO - Processing /home/airflow/.local/lib/python3.8/site-packages/airflow/example_dags/tutorial.py took 0.079 seconds
[2026-02-02T14:26:12.504+0000] {processor.py:161} INFO - Started process (PID=715) to work on /home/airflow/.local/lib/python3.8/site-packages/airflow/example_dags/tutorial.py
[2026-02-02T14:26:12.505+0000] {processor.py:830} INFO - Processing file /home/airflow/.local/lib/python3.8/site-packages/airflow/example_dags/tutorial.py for tasks to queue
[2026-02-02T14:26:12.506+0000] {logging_mixin.py:188} INFO - [2026-02-02T14:26:12.506+0000] {dagbag.py:538} INFO - Filling up the DagBag from /home/airflow/.local/lib/python3.8/site-packages/airflow/example_dags/tutorial.py
[2026-02-02T14:26:12.513+0000] {processor.py:840} INFO - DAG(s) 'tutorial' retrieved from /home/airflow/.local/lib/python3.8/site-packages/airflow/example_dags/tutorial.py
[2026-02-02T14:26:12.534+0000] {logging_mixin.py:188} INFO - [2026-02-02T14:26:12.534+0000] {dag.py:3036} INFO - Sync 1 DAGs
[2026-02-02T14:26:12.553+0000] {logging_mixin.py:188} INFO - [2026-02-02T14:26:12.553+0000] {dag.py:3823} INFO - Setting next_dagrun for tutorial to 2026-02-01 00:00:00+00:00, run_after=2026-02-02 00:00:00+00:00
[2026-02-02T14:26:12.567+0000] {processor.py:183} INFO - Processing /home/airflow/.local/lib/python3.8/site-packages/airflow/example_dags/tutorial.py took 0.067 seconds
[2026-02-02T14:26:43.695+0000] {processor.py:161} INFO - Started process (PID=770) to work on /home/airflow/.local/lib/python3.8/site-packages/airflow/example_dags/tutorial.py
[2026-02-02T14:26:43.696+0000] {processor.py:830} INFO - Processing file /home/airflow/.local/lib/python3.8/site-packages/airflow/example_dags/tutorial.py for tasks to queue
[2026-02-02T14:26:43.698+0000] {logging_mixin.py:188} INFO - [2026-02-02T14:26:43.697+0000] {dagbag.py:538} INFO - Filling up the DagBag from /home/airflow/.local/lib/python3.8/site-packages/airflow/example_dags/tutorial.py
[2026-02-02T14:26:43.704+0000] {processor.py:840} INFO - DAG(s) 'tutorial' retrieved from /home/airflow/.local/lib/python3.8/site-packages/airflow/example_dags/tutorial.py
[2026-02-02T14:26:43.763+0000] {logging_mixin.py:188} INFO - [2026-02-02T14:26:43.763+0000] {dag.py:3036} INFO - Sync 1 DAGs
[2026-02-02T14:26:43.819+0000] {logging_mixin.py:188} INFO - [2026-02-02T14:26:43.819+0000] {dag.py:3823} INFO - Setting next_dagrun for tutorial to 2026-02-01 00:00:00+00:00, run_after=2026-02-02 00:00:00+00:00
[2026-02-02T14:26:43.843+0000] {processor.py:183} INFO - Processing /home/airflow/.local/lib/python3.8/site-packages/airflow/example_dags/tutorial.py took 0.152 seconds
[2026-02-02T14:27:14.859+0000] {processor.py:161} INFO - Started process (PID=825) to work on /home/airflow/.local/lib/python3.8/site-packages/airflow/example_dags/tutorial.py
[2026-02-02T14:27:14.860+0000] {processor.py:830} INFO - Processing file /home/airflow/.local/lib/python3.8/site-packages/airflow/example_dags/tutorial.py for tasks to queue
[2026-02-02T14:27:14.864+0000] {logging_mixin.py:188} INFO - [2026-02-02T14:27:14.863+0000] {dagbag.py:538} INFO - Filling up the DagBag from /home/airflow/.local/lib/python3.8/site-packages/airflow/example_dags/tutorial.py
[2026-02-02T14:27:14.877+0000] {processor.py:840} INFO - DAG(s) 'tutorial' retrieved from /home/airflow/.local/lib/python3.8/site-packages/airflow/example_dags/tutorial.py
[2026-02-02T14:27:14.925+0000] {logging_mixin.py:188} INFO - [2026-02-02T14:27:14.925+0000] {dag.py:3036} INFO - Sync 1 DAGs
[2026-02-02T14:27:14.989+0000] {logging_mixin.py:188} INFO - [2026-02-02T14:27:14.989+0000] {dag.py:3823} INFO - Setting next_dagrun for tutorial to 2026-02-01 00:00:00+00:00, run_after=2026-02-02 00:00:00+00:00
[2026-02-02T14:27:15.035+0000] {processor.py:183} INFO - Processing /home/airflow/.local/lib/python3.8/site-packages/airflow/example_dags/tutorial.py took 0.188 seconds
[2026-02-02T14:27:45.916+0000] {processor.py:161} INFO - Started process (PID=880) to work on /home/airflow/.local/lib/python3.8/site-packages/airflow/example_dags/tutorial.py
[2026-02-02T14:27:45.917+0000] {processor.py:830} INFO - Processing file /home/airflow/.local/lib/python3.8/site-packages/airflow/example_dags/tutorial.py for tasks to queue
[2026-02-02T14:27:45.919+0000] {logging_mixin.py:188} INFO - [2026-02-02T14:27:45.919+0000] {dagbag.py:538} INFO - Filling up the DagBag from /home/airflow/.local/lib/python3.8/site-packages/airflow/example_dags/tutorial.py
[2026-02-02T14:27:45.927+0000] {processor.py:840} INFO - DAG(s) 'tutorial' retrieved from /home/airflow/.local/lib/python3.8/site-packages/airflow/example_dags/tutorial.py
[2026-02-02T14:27:45.949+0000] {logging_mixin.py:188} INFO - [2026-02-02T14:27:45.949+0000] {dag.py:3036} INFO - Sync 1 DAGs
[2026-02-02T14:27:45.979+0000] {logging_mixin.py:188} INFO - [2026-02-02T14:27:45.979+0000] {dag.py:3823} INFO - Setting next_dagrun for tutorial to 2026-02-01 00:00:00+00:00, run_after=2026-02-02 00:00:00+00:00
[2026-02-02T14:27:45.999+0000] {processor.py:183} INFO - Processing /home/airflow/.local/lib/python3.8/site-packages/airflow/example_dags/tutorial.py took 0.087 seconds
[2026-02-02T14:28:16.563+0000] {processor.py:161} INFO - Started process (PID=935) to work on /home/airflow/.local/lib/python3.8/site-packages/airflow/example_dags/tutorial.py
[2026-02-02T14:28:16.564+0000] {processor.py:830} INFO - Processing file /home/airflow/.local/lib/python3.8/site-packages/airflow/example_dags/tutorial.py for tasks to queue
[2026-02-02T14:28:16.566+0000] {logging_mixin.py:188} INFO - [2026-02-02T14:28:16.566+0000] {dagbag.py:538} INFO - Filling up the DagBag from /home/airflow/.local/lib/python3.8/site-packages/airflow/example_dags/tutorial.py
[2026-02-02T14:28:16.573+0000] {processor.py:840} INFO - DAG(s) 'tutorial' retrieved from /home/airflow/.local/lib/python3.8/site-packages/airflow/example_dags/tutorial.py
[2026-02-02T14:28:16.593+0000] {logging_mixin.py:188} INFO - [2026-02-02T14:28:16.593+0000] {dag.py:3036} INFO - Sync 1 DAGs
[2026-02-02T14:28:16.619+0000] {logging_mixin.py:188} INFO - [2026-02-02T14:28:16.619+0000] {dag.py:3823} INFO - Setting next_dagrun for tutorial to 2026-02-01 00:00:00+00:00, run_after=2026-02-02 00:00:00+00:00
[2026-02-02T14:28:16.638+0000] {processor.py:183} INFO - Processing /home/airflow/.local/lib/python3.8/site-packages/airflow/example_dags/tutorial.py took 0.079 seconds
[2026-02-02T14:28:46.691+0000] {processor.py:161} INFO - Started process (PID=990) to work on /home/airflow/.local/lib/python3.8/site-packages/airflow/example_dags/tutorial.py
[2026-02-02T14:28:46.692+0000] {processor.py:830} INFO - Processing file /home/airflow/.local/lib/python3.8/site-packages/airflow/example_dags/tutorial.py for tasks to queue
[2026-02-02T14:28:46.693+0000] {logging_mixin.py:188} INFO - [2026-02-02T14:28:46.693+0000] {dagbag.py:538} INFO - Filling up the DagBag from /home/airflow/.local/lib/python3.8/site-packages/airflow/example_dags/tutorial.py
[2026-02-02T14:28:46.699+0000] {processor.py:840} INFO - DAG(s) 'tutorial' retrieved from /home/airflow/.local/lib/python3.8/site-packages/airflow/example_dags/tutorial.py
[2026-02-02T14:28:46.720+0000] {logging_mixin.py:188} INFO - [2026-02-02T14:28:46.720+0000] {dag.py:3036} INFO - Sync 1 DAGs
[2026-02-02T14:28:46.747+0000] {logging_mixin.py:188} INFO - [2026-02-02T14:28:46.746+0000] {dag.py:3823} INFO - Setting next_dagrun for tutorial to 2026-02-01 00:00:00+00:00, run_after=2026-02-02 00:00:00+00:00
[2026-02-02T14:28:46.768+0000] {processor.py:183} INFO - Processing /home/airflow/.local/lib/python3.8/site-packages/airflow/example_dags/tutorial.py took 0.080 seconds
[2026-02-02T14:29:17.266+0000] {processor.py:161} INFO - Started process (PID=1045) to work on /home/airflow/.local/lib/python3.8/site-packages/airflow/example_dags/tutorial.py
[2026-02-02T14:29:17.267+0000] {processor.py:830} INFO - Processing file /home/airflow/.local/lib/python3.8/site-packages/airflow/example_dags/tutorial.py for tasks to queue
[2026-02-02T14:29:17.269+0000] {logging_mixin.py:188} INFO - [2026-02-02T14:29:17.268+0000] {dagbag.py:538} INFO - Filling up the DagBag from /home/airflow/.local/lib/python3.8/site-packages/airflow/example_dags/tutorial.py
[2026-02-02T14:29:17.278+0000] {processor.py:840} INFO - DAG(s) 'tutorial' retrieved from /home/airflow/.local/lib/python3.8/site-packages/airflow/example_dags/tutorial.py
[2026-02-02T14:29:17.301+0000] {logging_mixin.py:188} INFO - [2026-02-02T14:29:17.300+0000] {dag.py:3036} INFO - Sync 1 DAGs
[2026-02-02T14:29:17.328+0000] {logging_mixin.py:188} INFO - [2026-02-02T14:29:17.328+0000] {dag.py:3823} INFO - Setting next_dagrun for tutorial to 2026-02-01 00:00:00+00:00, run_after=2026-02-02 00:00:00+00:00
[2026-02-02T14:29:17.351+0000] {processor.py:183} INFO - Processing /home/airflow/.local/lib/python3.8/site-packages/airflow/example_dags/tutorial.py took 0.089 seconds
[2026-02-02T14:29:48.253+0000] {processor.py:161} INFO - Started process (PID=1100) to work on /home/airflow/.local/lib/python3.8/site-packages/airflow/example_dags/tutorial.py
[2026-02-02T14:29:48.254+0000] {processor.py:830} INFO - Processing file /home/airflow/.local/lib/python3.8/site-packages/airflow/example_dags/tutorial.py for tasks to queue
[2026-02-02T14:29:48.256+0000] {logging_mixin.py:188} INFO - [2026-02-02T14:29:48.255+0000] {dagbag.py:538} INFO - Filling up the DagBag from /home/airflow/.local/lib/python3.8/site-packages/airflow/example_dags/tutorial.py
[2026-02-02T14:29:48.262+0000] {processor.py:840} INFO - DAG(s) 'tutorial' retrieved from /home/airflow/.local/lib/python3.8/site-packages/airflow/example_dags/tutorial.py
[2026-02-02T14:29:48.282+0000] {logging_mixin.py:188} INFO - [2026-02-02T14:29:48.282+0000] {dag.py:3036} INFO - Sync 1 DAGs
[2026-02-02T14:29:48.311+0000] {logging_mixin.py:188} INFO - [2026-02-02T14:29:48.310+0000] {dag.py:3823} INFO - Setting next_dagrun for tutorial to 2026-02-01 00:00:00+00:00, run_after=2026-02-02 00:00:00+00:00
[2026-02-02T14:29:48.330+0000] {processor.py:183} INFO - Processing /home/airflow/.local/lib/python3.8/site-packages/airflow/example_dags/tutorial.py took 0.081 seconds
[2026-02-02T14:30:18.783+0000] {processor.py:161} INFO - Started process (PID=1155) to work on /home/airflow/.local/lib/python3.8/site-packages/airflow/example_dags/tutorial.py
[2026-02-02T14:30:18.784+0000] {processor.py:830} INFO - Processing file /home/airflow/.local/lib/python3.8/site-packages/airflow/example_dags/tutorial.py for tasks to queue
[2026-02-02T14:30:18.787+0000] {logging_mixin.py:188} INFO - [2026-02-02T14:30:18.786+0000] {dagbag.py:538} INFO - Filling up the DagBag from /home/airflow/.local/lib/python3.8/site-packages/airflow/example_dags/tutorial.py
[2026-02-02T14:30:18.793+0000] {processor.py:840} INFO - DAG(s) 'tutorial' retrieved from /home/airflow/.local/lib/python3.8/site-packages/airflow/example_dags/tutorial.py
[2026-02-02T14:30:18.815+0000] {logging_mixin.py:188} INFO - [2026-02-02T14:30:18.814+0000] {dag.py:3036} INFO - Sync 1 DAGs
[2026-02-02T14:30:18.840+0000] {logging_mixin.py:188} INFO - [2026-02-02T14:30:18.840+0000] {dag.py:3823} INFO - Setting next_dagrun for tutorial to 2026-02-01 00:00:00+00:00, run_after=2026-02-02 00:00:00+00:00
[2026-02-02T14:30:18.862+0000] {processor.py:183} INFO - Processing /home/airflow/.local/lib/python3.8/site-packages/airflow/example_dags/tutorial.py took 0.086 seconds
[2026-02-02T14:30:49.405+0000] {processor.py:161} INFO - Started process (PID=1210) to work on /home/airflow/.local/lib/python3.8/site-packages/airflow/example_dags/tutorial.py
[2026-02-02T14:30:49.407+0000] {processor.py:830} INFO - Processing file /home/airflow/.local/lib/python3.8/site-packages/airflow/example_dags/tutorial.py for tasks to queue
[2026-02-02T14:30:49.410+0000] {logging_mixin.py:188} INFO - [2026-02-02T14:30:49.410+0000] {dagbag.py:538} INFO - Filling up the DagBag from /home/airflow/.local/lib/python3.8/site-packages/airflow/example_dags/tutorial.py
[2026-02-02T14:30:49.424+0000] {processor.py:840} INFO - DAG(s) 'tutorial' retrieved from /home/airflow/.local/lib/python3.8/site-packages/airflow/example_dags/tutorial.py
[2026-02-02T14:30:49.452+0000] {logging_mixin.py:188} INFO - [2026-02-02T14:30:49.451+0000] {dag.py:3036} INFO - Sync 1 DAGs
[2026-02-02T14:30:49.480+0000] {logging_mixin.py:188} INFO - [2026-02-02T14:30:49.480+0000] {dag.py:3823} INFO - Setting next_dagrun for tutorial to 2026-02-01 00:00:00+00:00, run_after=2026-02-02 00:00:00+00:00
[2026-02-02T14:30:49.499+0000] {processor.py:183} INFO - Processing /home/airflow/.local/lib/python3.8/site-packages/airflow/example_dags/tutorial.py took 0.105 seconds
[2026-02-02T14:31:19.975+0000] {processor.py:161} INFO - Started process (PID=1265) to work on /home/airflow/.local/lib/python3.8/site-packages/airflow/example_dags/tutorial.py
[2026-02-02T14:31:19.976+0000] {processor.py:830} INFO - Processing file /home/airflow/.local/lib/python3.8/site-packages/airflow/example_dags/tutorial.py for tasks to queue
[2026-02-02T14:31:19.978+0000] {logging_mixin.py:188} INFO - [2026-02-02T14:31:19.978+0000] {dagbag.py:538} INFO - Filling up the DagBag from /home/airflow/.local/lib/python3.8/site-packages/airflow/example_dags/tutorial.py
[2026-02-02T14:31:19.984+0000] {processor.py:840} INFO - DAG(s) 'tutorial' retrieved from /home/airflow/.local/lib/python3.8/site-packages/airflow/example_dags/tutorial.py
[2026-02-02T14:31:20.004+0000] {logging_mixin.py:188} INFO - [2026-02-02T14:31:20.004+0000] {dag.py:3036} INFO - Sync 1 DAGs
[2026-02-02T14:31:20.030+0000] {logging_mixin.py:188} INFO - [2026-02-02T14:31:20.030+0000] {dag.py:3823} INFO - Setting next_dagrun for tutorial to 2026-02-01 00:00:00+00:00, run_after=2026-02-02 00:00:00+00:00
[2026-02-02T14:31:20.051+0000] {processor.py:183} INFO - Processing /home/airflow/.local/lib/python3.8/site-packages/airflow/example_dags/tutorial.py took 0.079 seconds
[2026-02-02T14:31:50.755+0000] {processor.py:161} INFO - Started process (PID=1320) to work on /home/airflow/.local/lib/python3.8/site-packages/airflow/example_dags/tutorial.py
[2026-02-02T14:31:50.756+0000] {processor.py:830} INFO - Processing file /home/airflow/.local/lib/python3.8/site-packages/airflow/example_dags/tutorial.py for tasks to queue
[2026-02-02T14:31:50.759+0000] {logging_mixin.py:188} INFO - [2026-02-02T14:31:50.758+0000] {dagbag.py:538} INFO - Filling up the DagBag from /home/airflow/.local/lib/python3.8/site-packages/airflow/example_dags/tutorial.py
[2026-02-02T14:31:50.765+0000] {processor.py:840} INFO - DAG(s) 'tutorial' retrieved from /home/airflow/.local/lib/python3.8/site-packages/airflow/example_dags/tutorial.py
[2026-02-02T14:31:50.786+0000] {logging_mixin.py:188} INFO - [2026-02-02T14:31:50.786+0000] {dag.py:3036} INFO - Sync 1 DAGs
[2026-02-02T14:31:50.817+0000] {logging_mixin.py:188} INFO - [2026-02-02T14:31:50.816+0000] {dag.py:3823} INFO - Setting next_dagrun for tutorial to 2026-02-01 00:00:00+00:00, run_after=2026-02-02 00:00:00+00:00
[2026-02-02T14:31:50.840+0000] {processor.py:183} INFO - Processing /home/airflow/.local/lib/python3.8/site-packages/airflow/example_dags/tutorial.py took 0.088 seconds
[2026-02-02T14:32:21.388+0000] {processor.py:161} INFO - Started process (PID=1375) to work on /home/airflow/.local/lib/python3.8/site-packages/airflow/example_dags/tutorial.py
[2026-02-02T14:32:21.392+0000] {processor.py:830} INFO - Processing file /home/airflow/.local/lib/python3.8/site-packages/airflow/example_dags/tutorial.py for tasks to queue
[2026-02-02T14:32:21.395+0000] {logging_mixin.py:188} INFO - [2026-02-02T14:32:21.395+0000] {dagbag.py:538} INFO - Filling up the DagBag from /home/airflow/.local/lib/python3.8/site-packages/airflow/example_dags/tutorial.py
[2026-02-02T14:32:21.405+0000] {processor.py:840} INFO - DAG(s) 'tutorial' retrieved from /home/airflow/.local/lib/python3.8/site-packages/airflow/example_dags/tutorial.py
[2026-02-02T14:32:21.429+0000] {logging_mixin.py:188} INFO - [2026-02-02T14:32:21.429+0000] {dag.py:3036} INFO - Sync 1 DAGs
[2026-02-02T14:32:21.456+0000] {logging_mixin.py:188} INFO - [2026-02-02T14:32:21.456+0000] {dag.py:3823} INFO - Setting next_dagrun for tutorial to 2026-02-01 00:00:00+00:00, run_after=2026-02-02 00:00:00+00:00
[2026-02-02T14:32:21.474+0000] {processor.py:183} INFO - Processing /home/airflow/.local/lib/python3.8/site-packages/airflow/example_dags/tutorial.py took 0.090 seconds
[2026-02-02T14:32:51.792+0000] {processor.py:161} INFO - Started process (PID=1430) to work on /home/airflow/.local/lib/python3.8/site-packages/airflow/example_dags/tutorial.py
[2026-02-02T14:32:51.793+0000] {processor.py:830} INFO - Processing file /home/airflow/.local/lib/python3.8/site-packages/airflow/example_dags/tutorial.py for tasks to queue
[2026-02-02T14:32:51.795+0000] {logging_mixin.py:188} INFO - [2026-02-02T14:32:51.794+0000] {dagbag.py:538} INFO - Filling up the DagBag from /home/airflow/.local/lib/python3.8/site-packages/airflow/example_dags/tutorial.py
[2026-02-02T14:32:51.801+0000] {processor.py:840} INFO - DAG(s) 'tutorial' retrieved from /home/airflow/.local/lib/python3.8/site-packages/airflow/example_dags/tutorial.py
[2026-02-02T14:32:51.822+0000] {logging_mixin.py:188} INFO - [2026-02-02T14:32:51.822+0000] {dag.py:3036} INFO - Sync 1 DAGs
[2026-02-02T14:32:51.852+0000] {logging_mixin.py:188} INFO - [2026-02-02T14:32:51.852+0000] {dag.py:3823} INFO - Setting next_dagrun for tutorial to 2026-02-01 00:00:00+00:00, run_after=2026-02-02 00:00:00+00:00
[2026-02-02T14:32:51.874+0000] {processor.py:183} INFO - Processing /home/airflow/.local/lib/python3.8/site-packages/airflow/example_dags/tutorial.py took 0.086 seconds
[2026-02-02T14:33:22.061+0000] {processor.py:161} INFO - Started process (PID=1485) to work on /home/airflow/.local/lib/python3.8/site-packages/airflow/example_dags/tutorial.py
[2026-02-02T14:33:22.062+0000] {processor.py:830} INFO - Processing file /home/airflow/.local/lib/python3.8/site-packages/airflow/example_dags/tutorial.py for tasks to queue
[2026-02-02T14:33:22.064+0000] {logging_mixin.py:188} INFO - [2026-02-02T14:33:22.064+0000] {dagbag.py:538} INFO - Filling up the DagBag from /home/airflow/.local/lib/python3.8/site-packages/airflow/example_dags/tutorial.py
[2026-02-02T14:33:22.071+0000] {processor.py:840} INFO - DAG(s) 'tutorial' retrieved from /home/airflow/.local/lib/python3.8/site-packages/airflow/example_dags/tutorial.py
[2026-02-02T14:33:22.092+0000] {logging_mixin.py:188} INFO - [2026-02-02T14:33:22.092+0000] {dag.py:3036} INFO - Sync 1 DAGs
[2026-02-02T14:33:22.118+0000] {logging_mixin.py:188} INFO - [2026-02-02T14:33:22.118+0000] {dag.py:3823} INFO - Setting next_dagrun for tutorial to 2026-02-01 00:00:00+00:00, run_after=2026-02-02 00:00:00+00:00
[2026-02-02T14:33:22.137+0000] {processor.py:183} INFO - Processing /home/airflow/.local/lib/python3.8/site-packages/airflow/example_dags/tutorial.py took 0.079 seconds
[2026-02-02T14:33:52.306+0000] {processor.py:161} INFO - Started process (PID=1540) to work on /home/airflow/.local/lib/python3.8/site-packages/airflow/example_dags/tutorial.py
[2026-02-02T14:33:52.308+0000] {processor.py:830} INFO - Processing file /home/airflow/.local/lib/python3.8/site-packages/airflow/example_dags/tutorial.py for tasks to queue
[2026-02-02T14:33:52.311+0000] {logging_mixin.py:188} INFO - [2026-02-02T14:33:52.309+0000] {dagbag.py:538} INFO - Filling up the DagBag from /home/airflow/.local/lib/python3.8/site-packages/airflow/example_dags/tutorial.py
[2026-02-02T14:33:52.319+0000] {processor.py:840} INFO - DAG(s) 'tutorial' retrieved from /home/airflow/.local/lib/python3.8/site-packages/airflow/example_dags/tutorial.py
[2026-02-02T14:33:52.360+0000] {logging_mixin.py:188} INFO - [2026-02-02T14:33:52.359+0000] {dag.py:3036} INFO - Sync 1 DAGs
[2026-02-02T14:33:52.419+0000] {logging_mixin.py:188} INFO - [2026-02-02T14:33:52.419+0000] {dag.py:3823} INFO - Setting next_dagrun for tutorial to 2026-02-01 00:00:00+00:00, run_after=2026-02-02 00:00:00+00:00
[2026-02-02T14:33:52.462+0000] {processor.py:183} INFO - Processing /home/airflow/.local/lib/python3.8/site-packages/airflow/example_dags/tutorial.py took 0.160 seconds
[2026-02-02T14:34:22.890+0000] {processor.py:161} INFO - Started process (PID=1595) to work on /home/airflow/.local/lib/python3.8/site-packages/airflow/example_dags/tutorial.py
[2026-02-02T14:34:22.894+0000] {processor.py:830} INFO - Processing file /home/airflow/.local/lib/python3.8/site-packages/airflow/example_dags/tutorial.py for tasks to queue
[2026-02-02T14:34:22.898+0000] {logging_mixin.py:188} INFO - [2026-02-02T14:34:22.898+0000] {dagbag.py:538} INFO - Filling up the DagBag from /home/airflow/.local/lib/python3.8/site-packages/airflow/example_dags/tutorial.py
[2026-02-02T14:34:22.909+0000] {processor.py:840} INFO - DAG(s) 'tutorial' retrieved from /home/airflow/.local/lib/python3.8/site-packages/airflow/example_dags/tutorial.py
[2026-02-02T14:34:22.935+0000] {logging_mixin.py:188} INFO - [2026-02-02T14:34:22.935+0000] {dag.py:3036} INFO - Sync 1 DAGs
[2026-02-02T14:34:22.966+0000] {logging_mixin.py:188} INFO - [2026-02-02T14:34:22.966+0000] {dag.py:3823} INFO - Setting next_dagrun for tutorial to 2026-02-01 00:00:00+00:00, run_after=2026-02-02 00:00:00+00:00
[2026-02-02T14:34:22.993+0000] {processor.py:183} INFO - Processing /home/airflow/.local/lib/python3.8/site-packages/airflow/example_dags/tutorial.py took 0.107 seconds
[2026-02-02T14:34:53.098+0000] {processor.py:161} INFO - Started process (PID=1650) to work on /home/airflow/.local/lib/python3.8/site-packages/airflow/example_dags/tutorial.py
[2026-02-02T14:34:53.103+0000] {processor.py:830} INFO - Processing file /home/airflow/.local/lib/python3.8/site-packages/airflow/example_dags/tutorial.py for tasks to queue
[2026-02-02T14:34:53.110+0000] {logging_mixin.py:188} INFO - [2026-02-02T14:34:53.107+0000] {dagbag.py:538} INFO - Filling up the DagBag from /home/airflow/.local/lib/python3.8/site-packages/airflow/example_dags/tutorial.py
[2026-02-02T14:34:53.126+0000] {processor.py:840} INFO - DAG(s) 'tutorial' retrieved from /home/airflow/.local/lib/python3.8/site-packages/airflow/example_dags/tutorial.py
[2026-02-02T14:34:53.196+0000] {logging_mixin.py:188} INFO - [2026-02-02T14:34:53.195+0000] {dag.py:3036} INFO - Sync 1 DAGs
[2026-02-02T14:34:53.248+0000] {logging_mixin.py:188} INFO - [2026-02-02T14:34:53.247+0000] {dag.py:3823} INFO - Setting next_dagrun for tutorial to 2026-02-01 00:00:00+00:00, run_after=2026-02-02 00:00:00+00:00
[2026-02-02T14:34:53.309+0000] {processor.py:183} INFO - Processing /home/airflow/.local/lib/python3.8/site-packages/airflow/example_dags/tutorial.py took 0.227 seconds
[2026-02-02T14:35:23.513+0000] {processor.py:161} INFO - Started process (PID=1705) to work on /home/airflow/.local/lib/python3.8/site-packages/airflow/example_dags/tutorial.py
[2026-02-02T14:35:23.514+0000] {processor.py:830} INFO - Processing file /home/airflow/.local/lib/python3.8/site-packages/airflow/example_dags/tutorial.py for tasks to queue
[2026-02-02T14:35:23.516+0000] {logging_mixin.py:188} INFO - [2026-02-02T14:35:23.515+0000] {dagbag.py:538} INFO - Filling up the DagBag from /home/airflow/.local/lib/python3.8/site-packages/airflow/example_dags/tutorial.py
[2026-02-02T14:35:23.522+0000] {processor.py:840} INFO - DAG(s) 'tutorial' retrieved from /home/airflow/.local/lib/python3.8/site-packages/airflow/example_dags/tutorial.py
[2026-02-02T14:35:23.543+0000] {logging_mixin.py:188} INFO - [2026-02-02T14:35:23.543+0000] {dag.py:3036} INFO - Sync 1 DAGs
[2026-02-02T14:35:23.570+0000] {logging_mixin.py:188} INFO - [2026-02-02T14:35:23.570+0000] {dag.py:3823} INFO - Setting next_dagrun for tutorial to 2026-02-01 00:00:00+00:00, run_after=2026-02-02 00:00:00+00:00
[2026-02-02T14:35:23.593+0000] {processor.py:183} INFO - Processing /home/airflow/.local/lib/python3.8/site-packages/airflow/example_dags/tutorial.py took 0.084 seconds
[2026-02-02T14:35:54.505+0000] {processor.py:161} INFO - Started process (PID=1760) to work on /home/airflow/.local/lib/python3.8/site-packages/airflow/example_dags/tutorial.py
[2026-02-02T14:35:54.510+0000] {processor.py:830} INFO - Processing file /home/airflow/.local/lib/python3.8/site-packages/airflow/example_dags/tutorial.py for tasks to queue
[2026-02-02T14:35:54.515+0000] {logging_mixin.py:188} INFO - [2026-02-02T14:35:54.515+0000] {dagbag.py:538} INFO - Filling up the DagBag from /home/airflow/.local/lib/python3.8/site-packages/airflow/example_dags/tutorial.py
[2026-02-02T14:35:54.536+0000] {processor.py:840} INFO - DAG(s) 'tutorial' retrieved from /home/airflow/.local/lib/python3.8/site-packages/airflow/example_dags/tutorial.py
[2026-02-02T14:35:54.629+0000] {logging_mixin.py:188} INFO - [2026-02-02T14:35:54.629+0000] {dag.py:3036} INFO - Sync 1 DAGs
[2026-02-02T14:35:54.708+0000] {logging_mixin.py:188} INFO - [2026-02-02T14:35:54.708+0000] {dag.py:3823} INFO - Setting next_dagrun for tutorial to 2026-02-01 00:00:00+00:00, run_after=2026-02-02 00:00:00+00:00
[2026-02-02T14:35:54.727+0000] {processor.py:183} INFO - Processing /home/airflow/.local/lib/python3.8/site-packages/airflow/example_dags/tutorial.py took 0.236 seconds
[2026-02-02T14:36:24.913+0000] {processor.py:161} INFO - Started process (PID=1815) to work on /home/airflow/.local/lib/python3.8/site-packages/airflow/example_dags/tutorial.py
[2026-02-02T14:36:24.914+0000] {processor.py:830} INFO - Processing file /home/airflow/.local/lib/python3.8/site-packages/airflow/example_dags/tutorial.py for tasks to queue
[2026-02-02T14:36:24.916+0000] {logging_mixin.py:188} INFO - [2026-02-02T14:36:24.916+0000] {dagbag.py:538} INFO - Filling up the DagBag from /home/airflow/.local/lib/python3.8/site-packages/airflow/example_dags/tutorial.py
[2026-02-02T14:36:24.923+0000] {processor.py:840} INFO - DAG(s) 'tutorial' retrieved from /home/airflow/.local/lib/python3.8/site-packages/airflow/example_dags/tutorial.py
[2026-02-02T14:36:24.947+0000] {logging_mixin.py:188} INFO - [2026-02-02T14:36:24.946+0000] {dag.py:3036} INFO - Sync 1 DAGs
[2026-02-02T14:36:24.985+0000] {logging_mixin.py:188} INFO - [2026-02-02T14:36:24.984+0000] {dag.py:3823} INFO - Setting next_dagrun for tutorial to 2026-02-01 00:00:00+00:00, run_after=2026-02-02 00:00:00+00:00
[2026-02-02T14:36:25.018+0000] {processor.py:183} INFO - Processing /home/airflow/.local/lib/python3.8/site-packages/airflow/example_dags/tutorial.py took 0.108 seconds
[2026-02-02T14:36:55.148+0000] {processor.py:161} INFO - Started process (PID=1870) to work on /home/airflow/.local/lib/python3.8/site-packages/airflow/example_dags/tutorial.py
[2026-02-02T14:36:55.149+0000] {processor.py:830} INFO - Processing file /home/airflow/.local/lib/python3.8/site-packages/airflow/example_dags/tutorial.py for tasks to queue
[2026-02-02T14:36:55.151+0000] {logging_mixin.py:188} INFO - [2026-02-02T14:36:55.150+0000] {dagbag.py:538} INFO - Filling up the DagBag from /home/airflow/.local/lib/python3.8/site-packages/airflow/example_dags/tutorial.py
[2026-02-02T14:36:55.157+0000] {processor.py:840} INFO - DAG(s) 'tutorial' retrieved from /home/airflow/.local/lib/python3.8/site-packages/airflow/example_dags/tutorial.py
[2026-02-02T14:36:55.177+0000] {logging_mixin.py:188} INFO - [2026-02-02T14:36:55.177+0000] {dag.py:3036} INFO - Sync 1 DAGs
[2026-02-02T14:36:55.209+0000] {logging_mixin.py:188} INFO - [2026-02-02T14:36:55.209+0000] {dag.py:3823} INFO - Setting next_dagrun for tutorial to 2026-02-01 00:00:00+00:00, run_after=2026-02-02 00:00:00+00:00
[2026-02-02T14:36:55.253+0000] {processor.py:183} INFO - Processing /home/airflow/.local/lib/python3.8/site-packages/airflow/example_dags/tutorial.py took 0.108 seconds
[2026-02-02T14:37:25.321+0000] {processor.py:161} INFO - Started process (PID=1925) to work on /home/airflow/.local/lib/python3.8/site-packages/airflow/example_dags/tutorial.py
[2026-02-02T14:37:25.322+0000] {processor.py:830} INFO - Processing file /home/airflow/.local/lib/python3.8/site-packages/airflow/example_dags/tutorial.py for tasks to queue
[2026-02-02T14:37:25.324+0000] {logging_mixin.py:188} INFO - [2026-02-02T14:37:25.324+0000] {dagbag.py:538} INFO - Filling up the DagBag from /home/airflow/.local/lib/python3.8/site-packages/airflow/example_dags/tutorial.py
[2026-02-02T14:37:25.331+0000] {processor.py:840} INFO - DAG(s) 'tutorial' retrieved from /home/airflow/.local/lib/python3.8/site-packages/airflow/example_dags/tutorial.py
[2026-02-02T14:37:25.352+0000] {logging_mixin.py:188} INFO - [2026-02-02T14:37:25.352+0000] {dag.py:3036} INFO - Sync 1 DAGs
[2026-02-02T14:37:25.378+0000] {logging_mixin.py:188} INFO - [2026-02-02T14:37:25.377+0000] {dag.py:3823} INFO - Setting next_dagrun for tutorial to 2026-02-01 00:00:00+00:00, run_after=2026-02-02 00:00:00+00:00
[2026-02-02T14:37:25.398+0000] {processor.py:183} INFO - Processing /home/airflow/.local/lib/python3.8/site-packages/airflow/example_dags/tutorial.py took 0.081 seconds
[2026-02-02T14:37:55.764+0000] {processor.py:161} INFO - Started process (PID=1980) to work on /home/airflow/.local/lib/python3.8/site-packages/airflow/example_dags/tutorial.py
[2026-02-02T14:37:55.767+0000] {processor.py:830} INFO - Processing file /home/airflow/.local/lib/python3.8/site-packages/airflow/example_dags/tutorial.py for tasks to queue
[2026-02-02T14:37:55.769+0000] {logging_mixin.py:188} INFO - [2026-02-02T14:37:55.768+0000] {dagbag.py:538} INFO - Filling up the DagBag from /home/airflow/.local/lib/python3.8/site-packages/airflow/example_dags/tutorial.py
[2026-02-02T14:37:55.788+0000] {processor.py:840} INFO - DAG(s) 'tutorial' retrieved from /home/airflow/.local/lib/python3.8/site-packages/airflow/example_dags/tutorial.py
[2026-02-02T14:37:55.815+0000] {logging_mixin.py:188} INFO - [2026-02-02T14:37:55.815+0000] {dag.py:3036} INFO - Sync 1 DAGs
[2026-02-02T14:37:55.843+0000] {logging_mixin.py:188} INFO - [2026-02-02T14:37:55.842+0000] {dag.py:3823} INFO - Setting next_dagrun for tutorial to 2026-02-01 00:00:00+00:00, run_after=2026-02-02 00:00:00+00:00
[2026-02-02T14:37:55.861+0000] {processor.py:183} INFO - Processing /home/airflow/.local/lib/python3.8/site-packages/airflow/example_dags/tutorial.py took 0.103 seconds
[2026-02-02T14:38:25.920+0000] {processor.py:161} INFO - Started process (PID=2034) to work on /home/airflow/.local/lib/python3.8/site-packages/airflow/example_dags/tutorial.py
[2026-02-02T14:38:25.921+0000] {processor.py:830} INFO - Processing file /home/airflow/.local/lib/python3.8/site-packages/airflow/example_dags/tutorial.py for tasks to queue
[2026-02-02T14:38:25.923+0000] {logging_mixin.py:188} INFO - [2026-02-02T14:38:25.923+0000] {dagbag.py:538} INFO - Filling up the DagBag from /home/airflow/.local/lib/python3.8/site-packages/airflow/example_dags/tutorial.py
[2026-02-02T14:38:25.930+0000] {processor.py:840} INFO - DAG(s) 'tutorial' retrieved from /home/airflow/.local/lib/python3.8/site-packages/airflow/example_dags/tutorial.py
[2026-02-02T14:38:25.951+0000] {logging_mixin.py:188} INFO - [2026-02-02T14:38:25.951+0000] {dag.py:3036} INFO - Sync 1 DAGs
[2026-02-02T14:38:25.978+0000] {logging_mixin.py:188} INFO - [2026-02-02T14:38:25.978+0000] {dag.py:3823} INFO - Setting next_dagrun for tutorial to 2026-02-01 00:00:00+00:00, run_after=2026-02-02 00:00:00+00:00
[2026-02-02T14:38:26.014+0000] {processor.py:183} INFO - Processing /home/airflow/.local/lib/python3.8/site-packages/airflow/example_dags/tutorial.py took 0.098 seconds
[2026-02-02T14:38:56.558+0000] {processor.py:161} INFO - Started process (PID=2089) to work on /home/airflow/.local/lib/python3.8/site-packages/airflow/example_dags/tutorial.py
[2026-02-02T14:38:56.559+0000] {processor.py:830} INFO - Processing file /home/airflow/.local/lib/python3.8/site-packages/airflow/example_dags/tutorial.py for tasks to queue
[2026-02-02T14:38:56.560+0000] {logging_mixin.py:188} INFO - [2026-02-02T14:38:56.560+0000] {dagbag.py:538} INFO - Filling up the DagBag from /home/airflow/.local/lib/python3.8/site-packages/airflow/example_dags/tutorial.py
[2026-02-02T14:38:56.567+0000] {processor.py:840} INFO - DAG(s) 'tutorial' retrieved from /home/airflow/.local/lib/python3.8/site-packages/airflow/example_dags/tutorial.py
[2026-02-02T14:38:56.588+0000] {logging_mixin.py:188} INFO - [2026-02-02T14:38:56.587+0000] {dag.py:3036} INFO - Sync 1 DAGs
[2026-02-02T14:38:56.618+0000] {logging_mixin.py:188} INFO - [2026-02-02T14:38:56.618+0000] {dag.py:3823} INFO - Setting next_dagrun for tutorial to 2026-02-01 00:00:00+00:00, run_after=2026-02-02 00:00:00+00:00
[2026-02-02T14:38:56.640+0000] {processor.py:183} INFO - Processing /home/airflow/.local/lib/python3.8/site-packages/airflow/example_dags/tutorial.py took 0.086 seconds
[2026-02-02T14:39:26.714+0000] {processor.py:161} INFO - Started process (PID=2144) to work on /home/airflow/.local/lib/python3.8/site-packages/airflow/example_dags/tutorial.py
[2026-02-02T14:39:26.715+0000] {processor.py:830} INFO - Processing file /home/airflow/.local/lib/python3.8/site-packages/airflow/example_dags/tutorial.py for tasks to queue
[2026-02-02T14:39:26.717+0000] {logging_mixin.py:188} INFO - [2026-02-02T14:39:26.717+0000] {dagbag.py:538} INFO - Filling up the DagBag from /home/airflow/.local/lib/python3.8/site-packages/airflow/example_dags/tutorial.py
[2026-02-02T14:39:26.723+0000] {processor.py:840} INFO - DAG(s) 'tutorial' retrieved from /home/airflow/.local/lib/python3.8/site-packages/airflow/example_dags/tutorial.py
[2026-02-02T14:39:26.745+0000] {logging_mixin.py:188} INFO - [2026-02-02T14:39:26.744+0000] {dag.py:3036} INFO - Sync 1 DAGs
[2026-02-02T14:39:26.795+0000] {logging_mixin.py:188} INFO - [2026-02-02T14:39:26.795+0000] {dag.py:3823} INFO - Setting next_dagrun for tutorial to 2026-02-01 00:00:00+00:00, run_after=2026-02-02 00:00:00+00:00
[2026-02-02T14:39:26.813+0000] {processor.py:183} INFO - Processing /home/airflow/.local/lib/python3.8/site-packages/airflow/example_dags/tutorial.py took 0.103 seconds
[2026-02-02T14:39:57.071+0000] {processor.py:161} INFO - Started process (PID=2199) to work on /home/airflow/.local/lib/python3.8/site-packages/airflow/example_dags/tutorial.py
[2026-02-02T14:39:57.072+0000] {processor.py:830} INFO - Processing file /home/airflow/.local/lib/python3.8/site-packages/airflow/example_dags/tutorial.py for tasks to queue
[2026-02-02T14:39:57.074+0000] {logging_mixin.py:188} INFO - [2026-02-02T14:39:57.074+0000] {dagbag.py:538} INFO - Filling up the DagBag from /home/airflow/.local/lib/python3.8/site-packages/airflow/example_dags/tutorial.py
[2026-02-02T14:39:57.080+0000] {processor.py:840} INFO - DAG(s) 'tutorial' retrieved from /home/airflow/.local/lib/python3.8/site-packages/airflow/example_dags/tutorial.py
[2026-02-02T14:39:57.101+0000] {logging_mixin.py:188} INFO - [2026-02-02T14:39:57.101+0000] {dag.py:3036} INFO - Sync 1 DAGs
[2026-02-02T14:39:57.148+0000] {logging_mixin.py:188} INFO - [2026-02-02T14:39:57.148+0000] {dag.py:3823} INFO - Setting next_dagrun for tutorial to 2026-02-01 00:00:00+00:00, run_after=2026-02-02 00:00:00+00:00
[2026-02-02T14:39:57.168+0000] {processor.py:183} INFO - Processing /home/airflow/.local/lib/python3.8/site-packages/airflow/example_dags/tutorial.py took 0.100 seconds
[2026-02-02T14:40:27.397+0000] {processor.py:161} INFO - Started process (PID=2253) to work on /home/airflow/.local/lib/python3.8/site-packages/airflow/example_dags/tutorial.py
[2026-02-02T14:40:27.398+0000] {processor.py:830} INFO - Processing file /home/airflow/.local/lib/python3.8/site-packages/airflow/example_dags/tutorial.py for tasks to queue
[2026-02-02T14:40:27.400+0000] {logging_mixin.py:188} INFO - [2026-02-02T14:40:27.400+0000] {dagbag.py:538} INFO - Filling up the DagBag from /home/airflow/.local/lib/python3.8/site-packages/airflow/example_dags/tutorial.py
[2026-02-02T14:40:27.406+0000] {processor.py:840} INFO - DAG(s) 'tutorial' retrieved from /home/airflow/.local/lib/python3.8/site-packages/airflow/example_dags/tutorial.py
[2026-02-02T14:40:27.444+0000] {logging_mixin.py:188} INFO - [2026-02-02T14:40:27.444+0000] {dag.py:3036} INFO - Sync 1 DAGs
[2026-02-02T14:40:27.479+0000] {logging_mixin.py:188} INFO - [2026-02-02T14:40:27.479+0000] {dag.py:3823} INFO - Setting next_dagrun for tutorial to 2026-02-01 00:00:00+00:00, run_after=2026-02-02 00:00:00+00:00
[2026-02-02T14:40:27.534+0000] {processor.py:183} INFO - Processing /home/airflow/.local/lib/python3.8/site-packages/airflow/example_dags/tutorial.py took 0.141 seconds
[2026-02-02T14:40:57.621+0000] {processor.py:161} INFO - Started process (PID=2308) to work on /home/airflow/.local/lib/python3.8/site-packages/airflow/example_dags/tutorial.py
[2026-02-02T14:40:57.625+0000] {processor.py:830} INFO - Processing file /home/airflow/.local/lib/python3.8/site-packages/airflow/example_dags/tutorial.py for tasks to queue
[2026-02-02T14:40:57.627+0000] {logging_mixin.py:188} INFO - [2026-02-02T14:40:57.627+0000] {dagbag.py:538} INFO - Filling up the DagBag from /home/airflow/.local/lib/python3.8/site-packages/airflow/example_dags/tutorial.py
[2026-02-02T14:40:57.640+0000] {processor.py:840} INFO - DAG(s) 'tutorial' retrieved from /home/airflow/.local/lib/python3.8/site-packages/airflow/example_dags/tutorial.py
[2026-02-02T14:40:57.687+0000] {logging_mixin.py:188} INFO - [2026-02-02T14:40:57.687+0000] {dag.py:3036} INFO - Sync 1 DAGs
[2026-02-02T14:40:57.711+0000] {logging_mixin.py:188} INFO - [2026-02-02T14:40:57.711+0000] {dag.py:3823} INFO - Setting next_dagrun for tutorial to 2026-02-01 00:00:00+00:00, run_after=2026-02-02 00:00:00+00:00
[2026-02-02T14:40:57.729+0000] {processor.py:183} INFO - Processing /home/airflow/.local/lib/python3.8/site-packages/airflow/example_dags/tutorial.py took 0.117 seconds
[2026-02-02T14:41:27.870+0000] {processor.py:161} INFO - Started process (PID=2364) to work on /home/airflow/.local/lib/python3.8/site-packages/airflow/example_dags/tutorial.py
[2026-02-02T14:41:27.871+0000] {processor.py:830} INFO - Processing file /home/airflow/.local/lib/python3.8/site-packages/airflow/example_dags/tutorial.py for tasks to queue
[2026-02-02T14:41:27.873+0000] {logging_mixin.py:188} INFO - [2026-02-02T14:41:27.872+0000] {dagbag.py:538} INFO - Filling up the DagBag from /home/airflow/.local/lib/python3.8/site-packages/airflow/example_dags/tutorial.py
[2026-02-02T14:41:27.879+0000] {processor.py:840} INFO - DAG(s) 'tutorial' retrieved from /home/airflow/.local/lib/python3.8/site-packages/airflow/example_dags/tutorial.py
[2026-02-02T14:41:27.904+0000] {logging_mixin.py:188} INFO - [2026-02-02T14:41:27.904+0000] {dag.py:3036} INFO - Sync 1 DAGs
[2026-02-02T14:41:27.930+0000] {logging_mixin.py:188} INFO - [2026-02-02T14:41:27.929+0000] {dag.py:3823} INFO - Setting next_dagrun for tutorial to 2026-02-01 00:00:00+00:00, run_after=2026-02-02 00:00:00+00:00
[2026-02-02T14:41:27.950+0000] {processor.py:183} INFO - Processing /home/airflow/.local/lib/python3.8/site-packages/airflow/example_dags/tutorial.py took 0.083 seconds
[2026-02-02T14:41:58.238+0000] {processor.py:161} INFO - Started process (PID=2419) to work on /home/airflow/.local/lib/python3.8/site-packages/airflow/example_dags/tutorial.py
[2026-02-02T14:41:58.242+0000] {processor.py:830} INFO - Processing file /home/airflow/.local/lib/python3.8/site-packages/airflow/example_dags/tutorial.py for tasks to queue
[2026-02-02T14:41:58.247+0000] {logging_mixin.py:188} INFO - [2026-02-02T14:41:58.244+0000] {dagbag.py:538} INFO - Filling up the DagBag from /home/airflow/.local/lib/python3.8/site-packages/airflow/example_dags/tutorial.py
[2026-02-02T14:41:58.254+0000] {processor.py:840} INFO - DAG(s) 'tutorial' retrieved from /home/airflow/.local/lib/python3.8/site-packages/airflow/example_dags/tutorial.py
[2026-02-02T14:41:58.277+0000] {logging_mixin.py:188} INFO - [2026-02-02T14:41:58.276+0000] {dag.py:3036} INFO - Sync 1 DAGs
[2026-02-02T14:41:58.303+0000] {logging_mixin.py:188} INFO - [2026-02-02T14:41:58.303+0000] {dag.py:3823} INFO - Setting next_dagrun for tutorial to 2026-02-01 00:00:00+00:00, run_after=2026-02-02 00:00:00+00:00
[2026-02-02T14:41:58.321+0000] {processor.py:183} INFO - Processing /home/airflow/.local/lib/python3.8/site-packages/airflow/example_dags/tutorial.py took 0.099 seconds
[2026-02-02T14:42:28.364+0000] {processor.py:161} INFO - Started process (PID=2473) to work on /home/airflow/.local/lib/python3.8/site-packages/airflow/example_dags/tutorial.py
[2026-02-02T14:42:28.365+0000] {processor.py:830} INFO - Processing file /home/airflow/.local/lib/python3.8/site-packages/airflow/example_dags/tutorial.py for tasks to queue
[2026-02-02T14:42:28.367+0000] {logging_mixin.py:188} INFO - [2026-02-02T14:42:28.366+0000] {dagbag.py:538} INFO - Filling up the DagBag from /home/airflow/.local/lib/python3.8/site-packages/airflow/example_dags/tutorial.py
[2026-02-02T14:42:28.373+0000] {processor.py:840} INFO - DAG(s) 'tutorial' retrieved from /home/airflow/.local/lib/python3.8/site-packages/airflow/example_dags/tutorial.py
[2026-02-02T14:42:28.392+0000] {logging_mixin.py:188} INFO - [2026-02-02T14:42:28.392+0000] {dag.py:3036} INFO - Sync 1 DAGs
[2026-02-02T14:42:28.516+0000] {logging_mixin.py:188} INFO - [2026-02-02T14:42:28.516+0000] {dag.py:3823} INFO - Setting next_dagrun for tutorial to 2026-02-01 00:00:00+00:00, run_after=2026-02-02 00:00:00+00:00
[2026-02-02T14:42:28.530+0000] {processor.py:183} INFO - Processing /home/airflow/.local/lib/python3.8/site-packages/airflow/example_dags/tutorial.py took 0.169 seconds
[2026-02-02T14:42:58.653+0000] {processor.py:161} INFO - Started process (PID=2528) to work on /home/airflow/.local/lib/python3.8/site-packages/airflow/example_dags/tutorial.py
[2026-02-02T14:42:58.654+0000] {processor.py:830} INFO - Processing file /home/airflow/.local/lib/python3.8/site-packages/airflow/example_dags/tutorial.py for tasks to queue
[2026-02-02T14:42:58.657+0000] {logging_mixin.py:188} INFO - [2026-02-02T14:42:58.656+0000] {dagbag.py:538} INFO - Filling up the DagBag from /home/airflow/.local/lib/python3.8/site-packages/airflow/example_dags/tutorial.py
[2026-02-02T14:42:58.665+0000] {processor.py:840} INFO - DAG(s) 'tutorial' retrieved from /home/airflow/.local/lib/python3.8/site-packages/airflow/example_dags/tutorial.py
[2026-02-02T14:42:58.701+0000] {logging_mixin.py:188} INFO - [2026-02-02T14:42:58.701+0000] {dag.py:3036} INFO - Sync 1 DAGs
[2026-02-02T14:42:58.791+0000] {logging_mixin.py:188} INFO - [2026-02-02T14:42:58.791+0000] {dag.py:3823} INFO - Setting next_dagrun for tutorial to 2026-02-01 00:00:00+00:00, run_after=2026-02-02 00:00:00+00:00
[2026-02-02T14:42:58.839+0000] {processor.py:183} INFO - Processing /home/airflow/.local/lib/python3.8/site-packages/airflow/example_dags/tutorial.py took 0.190 seconds
[2026-02-02T14:43:29.021+0000] {processor.py:161} INFO - Started process (PID=2589) to work on /home/airflow/.local/lib/python3.8/site-packages/airflow/example_dags/tutorial.py
[2026-02-02T14:43:29.022+0000] {processor.py:830} INFO - Processing file /home/airflow/.local/lib/python3.8/site-packages/airflow/example_dags/tutorial.py for tasks to queue
[2026-02-02T14:43:29.024+0000] {logging_mixin.py:188} INFO - [2026-02-02T14:43:29.024+0000] {dagbag.py:538} INFO - Filling up the DagBag from /home/airflow/.local/lib/python3.8/site-packages/airflow/example_dags/tutorial.py
[2026-02-02T14:43:29.030+0000] {processor.py:840} INFO - DAG(s) 'tutorial' retrieved from /home/airflow/.local/lib/python3.8/site-packages/airflow/example_dags/tutorial.py
[2026-02-02T14:43:29.052+0000] {logging_mixin.py:188} INFO - [2026-02-02T14:43:29.051+0000] {dag.py:3036} INFO - Sync 1 DAGs
[2026-02-02T14:43:29.077+0000] {logging_mixin.py:188} INFO - [2026-02-02T14:43:29.077+0000] {dag.py:3823} INFO - Setting next_dagrun for tutorial to 2026-02-01 00:00:00+00:00, run_after=2026-02-02 00:00:00+00:00
[2026-02-02T14:43:29.095+0000] {processor.py:183} INFO - Processing /home/airflow/.local/lib/python3.8/site-packages/airflow/example_dags/tutorial.py took 0.078 seconds
[2026-02-02T14:43:59.889+0000] {processor.py:161} INFO - Started process (PID=2642) to work on /home/airflow/.local/lib/python3.8/site-packages/airflow/example_dags/tutorial.py
[2026-02-02T14:43:59.892+0000] {processor.py:830} INFO - Processing file /home/airflow/.local/lib/python3.8/site-packages/airflow/example_dags/tutorial.py for tasks to queue
[2026-02-02T14:43:59.896+0000] {logging_mixin.py:188} INFO - [2026-02-02T14:43:59.895+0000] {dagbag.py:538} INFO - Filling up the DagBag from /home/airflow/.local/lib/python3.8/site-packages/airflow/example_dags/tutorial.py
[2026-02-02T14:43:59.907+0000] {processor.py:840} INFO - DAG(s) 'tutorial' retrieved from /home/airflow/.local/lib/python3.8/site-packages/airflow/example_dags/tutorial.py
[2026-02-02T14:43:59.954+0000] {logging_mixin.py:188} INFO - [2026-02-02T14:43:59.953+0000] {dag.py:3036} INFO - Sync 1 DAGs
[2026-02-02T14:44:00.080+0000] {logging_mixin.py:188} INFO - [2026-02-02T14:44:00.076+0000] {dag.py:3823} INFO - Setting next_dagrun for tutorial to 2026-02-01 00:00:00+00:00, run_after=2026-02-02 00:00:00+00:00
[2026-02-02T14:44:00.173+0000] {processor.py:183} INFO - Processing /home/airflow/.local/lib/python3.8/site-packages/airflow/example_dags/tutorial.py took 0.291 seconds
[2026-02-02T14:44:31.027+0000] {processor.py:161} INFO - Started process (PID=2697) to work on /home/airflow/.local/lib/python3.8/site-packages/airflow/example_dags/tutorial.py
[2026-02-02T14:44:31.029+0000] {processor.py:830} INFO - Processing file /home/airflow/.local/lib/python3.8/site-packages/airflow/example_dags/tutorial.py for tasks to queue
[2026-02-02T14:44:31.031+0000] {logging_mixin.py:188} INFO - [2026-02-02T14:44:31.031+0000] {dagbag.py:538} INFO - Filling up the DagBag from /home/airflow/.local/lib/python3.8/site-packages/airflow/example_dags/tutorial.py
[2026-02-02T14:44:31.037+0000] {processor.py:840} INFO - DAG(s) 'tutorial' retrieved from /home/airflow/.local/lib/python3.8/site-packages/airflow/example_dags/tutorial.py
[2026-02-02T14:44:31.265+0000] {logging_mixin.py:188} INFO - [2026-02-02T14:44:31.265+0000] {dag.py:3036} INFO - Sync 1 DAGs
[2026-02-02T14:44:31.290+0000] {logging_mixin.py:188} INFO - [2026-02-02T14:44:31.290+0000] {dag.py:3823} INFO - Setting next_dagrun for tutorial to 2026-02-01 00:00:00+00:00, run_after=2026-02-02 00:00:00+00:00
[2026-02-02T14:44:31.314+0000] {processor.py:183} INFO - Processing /home/airflow/.local/lib/python3.8/site-packages/airflow/example_dags/tutorial.py took 0.291 seconds
[2026-02-02T14:45:01.562+0000] {processor.py:161} INFO - Started process (PID=2753) to work on /home/airflow/.local/lib/python3.8/site-packages/airflow/example_dags/tutorial.py
[2026-02-02T14:45:01.563+0000] {processor.py:830} INFO - Processing file /home/airflow/.local/lib/python3.8/site-packages/airflow/example_dags/tutorial.py for tasks to queue
[2026-02-02T14:45:01.564+0000] {logging_mixin.py:188} INFO - [2026-02-02T14:45:01.564+0000] {dagbag.py:538} INFO - Filling up the DagBag from /home/airflow/.local/lib/python3.8/site-packages/airflow/example_dags/tutorial.py
[2026-02-02T14:45:01.570+0000] {processor.py:840} INFO - DAG(s) 'tutorial' retrieved from /home/airflow/.local/lib/python3.8/site-packages/airflow/example_dags/tutorial.py
[2026-02-02T14:45:01.590+0000] {logging_mixin.py:188} INFO - [2026-02-02T14:45:01.590+0000] {dag.py:3036} INFO - Sync 1 DAGs
[2026-02-02T14:45:01.770+0000] {logging_mixin.py:188} INFO - [2026-02-02T14:45:01.770+0000] {dag.py:3823} INFO - Setting next_dagrun for tutorial to 2026-02-01 00:00:00+00:00, run_after=2026-02-02 00:00:00+00:00
[2026-02-02T14:45:01.788+0000] {processor.py:183} INFO - Processing /home/airflow/.local/lib/python3.8/site-packages/airflow/example_dags/tutorial.py took 0.230 seconds
[2026-02-02T14:45:31.953+0000] {processor.py:161} INFO - Started process (PID=2809) to work on /home/airflow/.local/lib/python3.8/site-packages/airflow/example_dags/tutorial.py
[2026-02-02T14:45:31.955+0000] {processor.py:830} INFO - Processing file /home/airflow/.local/lib/python3.8/site-packages/airflow/example_dags/tutorial.py for tasks to queue
[2026-02-02T14:45:31.958+0000] {logging_mixin.py:188} INFO - [2026-02-02T14:45:31.958+0000] {dagbag.py:538} INFO - Filling up the DagBag from /home/airflow/.local/lib/python3.8/site-packages/airflow/example_dags/tutorial.py
[2026-02-02T14:45:31.965+0000] {processor.py:840} INFO - DAG(s) 'tutorial' retrieved from /home/airflow/.local/lib/python3.8/site-packages/airflow/example_dags/tutorial.py
[2026-02-02T14:45:31.986+0000] {logging_mixin.py:188} INFO - [2026-02-02T14:45:31.986+0000] {dag.py:3036} INFO - Sync 1 DAGs
[2026-02-02T14:45:32.012+0000] {logging_mixin.py:188} INFO - [2026-02-02T14:45:32.012+0000] {dag.py:3823} INFO - Setting next_dagrun for tutorial to 2026-02-01 00:00:00+00:00, run_after=2026-02-02 00:00:00+00:00
[2026-02-02T14:45:32.031+0000] {processor.py:183} INFO - Processing /home/airflow/.local/lib/python3.8/site-packages/airflow/example_dags/tutorial.py took 0.081 seconds
[2026-02-02T14:46:02.439+0000] {processor.py:161} INFO - Started process (PID=2864) to work on /home/airflow/.local/lib/python3.8/site-packages/airflow/example_dags/tutorial.py
[2026-02-02T14:46:02.440+0000] {processor.py:830} INFO - Processing file /home/airflow/.local/lib/python3.8/site-packages/airflow/example_dags/tutorial.py for tasks to queue
[2026-02-02T14:46:02.444+0000] {logging_mixin.py:188} INFO - [2026-02-02T14:46:02.443+0000] {dagbag.py:538} INFO - Filling up the DagBag from /home/airflow/.local/lib/python3.8/site-packages/airflow/example_dags/tutorial.py
[2026-02-02T14:46:02.452+0000] {processor.py:840} INFO - DAG(s) 'tutorial' retrieved from /home/airflow/.local/lib/python3.8/site-packages/airflow/example_dags/tutorial.py
[2026-02-02T14:46:02.477+0000] {logging_mixin.py:188} INFO - [2026-02-02T14:46:02.477+0000] {dag.py:3036} INFO - Sync 1 DAGs
[2026-02-02T14:46:02.505+0000] {logging_mixin.py:188} INFO - [2026-02-02T14:46:02.505+0000] {dag.py:3823} INFO - Setting next_dagrun for tutorial to 2026-02-01 00:00:00+00:00, run_after=2026-02-02 00:00:00+00:00
[2026-02-02T14:46:02.524+0000] {processor.py:183} INFO - Processing /home/airflow/.local/lib/python3.8/site-packages/airflow/example_dags/tutorial.py took 0.091 seconds
[2026-02-02T14:46:33.378+0000] {processor.py:161} INFO - Started process (PID=2920) to work on /home/airflow/.local/lib/python3.8/site-packages/airflow/example_dags/tutorial.py
[2026-02-02T14:46:33.379+0000] {processor.py:830} INFO - Processing file /home/airflow/.local/lib/python3.8/site-packages/airflow/example_dags/tutorial.py for tasks to queue
[2026-02-02T14:46:33.381+0000] {logging_mixin.py:188} INFO - [2026-02-02T14:46:33.380+0000] {dagbag.py:538} INFO - Filling up the DagBag from /home/airflow/.local/lib/python3.8/site-packages/airflow/example_dags/tutorial.py
[2026-02-02T14:46:33.387+0000] {processor.py:840} INFO - DAG(s) 'tutorial' retrieved from /home/airflow/.local/lib/python3.8/site-packages/airflow/example_dags/tutorial.py
[2026-02-02T14:46:33.411+0000] {logging_mixin.py:188} INFO - [2026-02-02T14:46:33.411+0000] {dag.py:3036} INFO - Sync 1 DAGs
[2026-02-02T14:46:33.437+0000] {logging_mixin.py:188} INFO - [2026-02-02T14:46:33.437+0000] {dag.py:3823} INFO - Setting next_dagrun for tutorial to 2026-02-01 00:00:00+00:00, run_after=2026-02-02 00:00:00+00:00
[2026-02-02T14:46:33.458+0000] {processor.py:183} INFO - Processing /home/airflow/.local/lib/python3.8/site-packages/airflow/example_dags/tutorial.py took 0.084 seconds
[2026-02-02T14:47:03.846+0000] {processor.py:161} INFO - Started process (PID=2976) to work on /home/airflow/.local/lib/python3.8/site-packages/airflow/example_dags/tutorial.py
[2026-02-02T14:47:03.847+0000] {processor.py:830} INFO - Processing file /home/airflow/.local/lib/python3.8/site-packages/airflow/example_dags/tutorial.py for tasks to queue
[2026-02-02T14:47:03.849+0000] {logging_mixin.py:188} INFO - [2026-02-02T14:47:03.849+0000] {dagbag.py:538} INFO - Filling up the DagBag from /home/airflow/.local/lib/python3.8/site-packages/airflow/example_dags/tutorial.py
[2026-02-02T14:47:03.857+0000] {processor.py:840} INFO - DAG(s) 'tutorial' retrieved from /home/airflow/.local/lib/python3.8/site-packages/airflow/example_dags/tutorial.py
[2026-02-02T14:47:03.882+0000] {logging_mixin.py:188} INFO - [2026-02-02T14:47:03.882+0000] {dag.py:3036} INFO - Sync 1 DAGs
[2026-02-02T14:47:03.912+0000] {logging_mixin.py:188} INFO - [2026-02-02T14:47:03.911+0000] {dag.py:3823} INFO - Setting next_dagrun for tutorial to 2026-02-01 00:00:00+00:00, run_after=2026-02-02 00:00:00+00:00
[2026-02-02T14:47:03.933+0000] {processor.py:183} INFO - Processing /home/airflow/.local/lib/python3.8/site-packages/airflow/example_dags/tutorial.py took 0.091 seconds
[2026-02-02T14:47:34.596+0000] {processor.py:161} INFO - Started process (PID=3033) to work on /home/airflow/.local/lib/python3.8/site-packages/airflow/example_dags/tutorial.py
[2026-02-02T14:47:34.597+0000] {processor.py:830} INFO - Processing file /home/airflow/.local/lib/python3.8/site-packages/airflow/example_dags/tutorial.py for tasks to queue
[2026-02-02T14:47:34.599+0000] {logging_mixin.py:188} INFO - [2026-02-02T14:47:34.599+0000] {dagbag.py:538} INFO - Filling up the DagBag from /home/airflow/.local/lib/python3.8/site-packages/airflow/example_dags/tutorial.py
[2026-02-02T14:47:34.606+0000] {processor.py:840} INFO - DAG(s) 'tutorial' retrieved from /home/airflow/.local/lib/python3.8/site-packages/airflow/example_dags/tutorial.py
[2026-02-02T14:47:34.627+0000] {logging_mixin.py:188} INFO - [2026-02-02T14:47:34.627+0000] {dag.py:3036} INFO - Sync 1 DAGs
[2026-02-02T14:47:34.704+0000] {logging_mixin.py:188} INFO - [2026-02-02T14:47:34.704+0000] {dag.py:3823} INFO - Setting next_dagrun for tutorial to 2026-02-01 00:00:00+00:00, run_after=2026-02-02 00:00:00+00:00
[2026-02-02T14:47:34.739+0000] {processor.py:183} INFO - Processing /home/airflow/.local/lib/python3.8/site-packages/airflow/example_dags/tutorial.py took 0.147 seconds
[2026-02-02T14:48:05.670+0000] {processor.py:161} INFO - Started process (PID=3089) to work on /home/airflow/.local/lib/python3.8/site-packages/airflow/example_dags/tutorial.py
[2026-02-02T14:48:05.671+0000] {processor.py:830} INFO - Processing file /home/airflow/.local/lib/python3.8/site-packages/airflow/example_dags/tutorial.py for tasks to queue
[2026-02-02T14:48:05.673+0000] {logging_mixin.py:188} INFO - [2026-02-02T14:48:05.673+0000] {dagbag.py:538} INFO - Filling up the DagBag from /home/airflow/.local/lib/python3.8/site-packages/airflow/example_dags/tutorial.py
[2026-02-02T14:48:05.680+0000] {processor.py:840} INFO - DAG(s) 'tutorial' retrieved from /home/airflow/.local/lib/python3.8/site-packages/airflow/example_dags/tutorial.py
[2026-02-02T14:48:05.708+0000] {logging_mixin.py:188} INFO - [2026-02-02T14:48:05.707+0000] {dag.py:3036} INFO - Sync 1 DAGs
[2026-02-02T14:48:05.732+0000] {logging_mixin.py:188} INFO - [2026-02-02T14:48:05.732+0000] {dag.py:3823} INFO - Setting next_dagrun for tutorial to 2026-02-01 00:00:00+00:00, run_after=2026-02-02 00:00:00+00:00
[2026-02-02T14:48:05.753+0000] {processor.py:183} INFO - Processing /home/airflow/.local/lib/python3.8/site-packages/airflow/example_dags/tutorial.py took 0.086 seconds
[2026-02-02T14:48:36.262+0000] {processor.py:161} INFO - Started process (PID=3144) to work on /home/airflow/.local/lib/python3.8/site-packages/airflow/example_dags/tutorial.py
[2026-02-02T14:48:36.263+0000] {processor.py:830} INFO - Processing file /home/airflow/.local/lib/python3.8/site-packages/airflow/example_dags/tutorial.py for tasks to queue
[2026-02-02T14:48:36.265+0000] {logging_mixin.py:188} INFO - [2026-02-02T14:48:36.265+0000] {dagbag.py:538} INFO - Filling up the DagBag from /home/airflow/.local/lib/python3.8/site-packages/airflow/example_dags/tutorial.py
[2026-02-02T14:48:36.272+0000] {processor.py:840} INFO - DAG(s) 'tutorial' retrieved from /home/airflow/.local/lib/python3.8/site-packages/airflow/example_dags/tutorial.py
[2026-02-02T14:48:36.293+0000] {logging_mixin.py:188} INFO - [2026-02-02T14:48:36.293+0000] {dag.py:3036} INFO - Sync 1 DAGs
[2026-02-02T14:48:36.318+0000] {logging_mixin.py:188} INFO - [2026-02-02T14:48:36.318+0000] {dag.py:3823} INFO - Setting next_dagrun for tutorial to 2026-02-01 00:00:00+00:00, run_after=2026-02-02 00:00:00+00:00
[2026-02-02T14:48:36.338+0000] {processor.py:183} INFO - Processing /home/airflow/.local/lib/python3.8/site-packages/airflow/example_dags/tutorial.py took 0.079 seconds
[2026-02-02T14:49:06.593+0000] {processor.py:161} INFO - Started process (PID=3200) to work on /home/airflow/.local/lib/python3.8/site-packages/airflow/example_dags/tutorial.py
[2026-02-02T14:49:06.594+0000] {processor.py:830} INFO - Processing file /home/airflow/.local/lib/python3.8/site-packages/airflow/example_dags/tutorial.py for tasks to queue
[2026-02-02T14:49:06.596+0000] {logging_mixin.py:188} INFO - [2026-02-02T14:49:06.596+0000] {dagbag.py:538} INFO - Filling up the DagBag from /home/airflow/.local/lib/python3.8/site-packages/airflow/example_dags/tutorial.py
[2026-02-02T14:49:06.603+0000] {processor.py:840} INFO - DAG(s) 'tutorial' retrieved from /home/airflow/.local/lib/python3.8/site-packages/airflow/example_dags/tutorial.py
[2026-02-02T14:49:06.625+0000] {logging_mixin.py:188} INFO - [2026-02-02T14:49:06.624+0000] {dag.py:3036} INFO - Sync 1 DAGs
[2026-02-02T14:49:06.650+0000] {logging_mixin.py:188} INFO - [2026-02-02T14:49:06.650+0000] {dag.py:3823} INFO - Setting next_dagrun for tutorial to 2026-02-01 00:00:00+00:00, run_after=2026-02-02 00:00:00+00:00
[2026-02-02T14:49:06.671+0000] {processor.py:183} INFO - Processing /home/airflow/.local/lib/python3.8/site-packages/airflow/example_dags/tutorial.py took 0.081 seconds
[2026-02-02T14:49:37.285+0000] {processor.py:161} INFO - Started process (PID=3256) to work on /home/airflow/.local/lib/python3.8/site-packages/airflow/example_dags/tutorial.py
[2026-02-02T14:49:37.286+0000] {processor.py:830} INFO - Processing file /home/airflow/.local/lib/python3.8/site-packages/airflow/example_dags/tutorial.py for tasks to queue
[2026-02-02T14:49:37.288+0000] {logging_mixin.py:188} INFO - [2026-02-02T14:49:37.288+0000] {dagbag.py:538} INFO - Filling up the DagBag from /home/airflow/.local/lib/python3.8/site-packages/airflow/example_dags/tutorial.py
[2026-02-02T14:49:37.296+0000] {processor.py:840} INFO - DAG(s) 'tutorial' retrieved from /home/airflow/.local/lib/python3.8/site-packages/airflow/example_dags/tutorial.py
[2026-02-02T14:49:37.319+0000] {logging_mixin.py:188} INFO - [2026-02-02T14:49:37.319+0000] {dag.py:3036} INFO - Sync 1 DAGs
[2026-02-02T14:49:37.355+0000] {logging_mixin.py:188} INFO - [2026-02-02T14:49:37.354+0000] {dag.py:3823} INFO - Setting next_dagrun for tutorial to 2026-02-01 00:00:00+00:00, run_after=2026-02-02 00:00:00+00:00
[2026-02-02T14:49:37.379+0000] {processor.py:183} INFO - Processing /home/airflow/.local/lib/python3.8/site-packages/airflow/example_dags/tutorial.py took 0.100 seconds
[2026-02-02T14:50:08.303+0000] {processor.py:161} INFO - Started process (PID=3312) to work on /home/airflow/.local/lib/python3.8/site-packages/airflow/example_dags/tutorial.py
[2026-02-02T14:50:08.305+0000] {processor.py:830} INFO - Processing file /home/airflow/.local/lib/python3.8/site-packages/airflow/example_dags/tutorial.py for tasks to queue
[2026-02-02T14:50:08.308+0000] {logging_mixin.py:188} INFO - [2026-02-02T14:50:08.307+0000] {dagbag.py:538} INFO - Filling up the DagBag from /home/airflow/.local/lib/python3.8/site-packages/airflow/example_dags/tutorial.py
[2026-02-02T14:50:08.317+0000] {processor.py:840} INFO - DAG(s) 'tutorial' retrieved from /home/airflow/.local/lib/python3.8/site-packages/airflow/example_dags/tutorial.py
[2026-02-02T14:50:08.362+0000] {logging_mixin.py:188} INFO - [2026-02-02T14:50:08.359+0000] {dag.py:3036} INFO - Sync 1 DAGs
[2026-02-02T14:50:08.416+0000] {logging_mixin.py:188} INFO - [2026-02-02T14:50:08.416+0000] {dag.py:3823} INFO - Setting next_dagrun for tutorial to 2026-02-01 00:00:00+00:00, run_after=2026-02-02 00:00:00+00:00
[2026-02-02T14:50:08.465+0000] {processor.py:183} INFO - Processing /home/airflow/.local/lib/python3.8/site-packages/airflow/example_dags/tutorial.py took 0.169 seconds
[2026-02-02T14:50:38.655+0000] {processor.py:161} INFO - Started process (PID=3368) to work on /home/airflow/.local/lib/python3.8/site-packages/airflow/example_dags/tutorial.py
[2026-02-02T14:50:38.658+0000] {processor.py:830} INFO - Processing file /home/airflow/.local/lib/python3.8/site-packages/airflow/example_dags/tutorial.py for tasks to queue
[2026-02-02T14:50:38.659+0000] {logging_mixin.py:188} INFO - [2026-02-02T14:50:38.659+0000] {dagbag.py:538} INFO - Filling up the DagBag from /home/airflow/.local/lib/python3.8/site-packages/airflow/example_dags/tutorial.py
[2026-02-02T14:50:38.666+0000] {processor.py:840} INFO - DAG(s) 'tutorial' retrieved from /home/airflow/.local/lib/python3.8/site-packages/airflow/example_dags/tutorial.py
[2026-02-02T14:50:38.686+0000] {logging_mixin.py:188} INFO - [2026-02-02T14:50:38.686+0000] {dag.py:3036} INFO - Sync 1 DAGs
[2026-02-02T14:50:38.711+0000] {logging_mixin.py:188} INFO - [2026-02-02T14:50:38.711+0000] {dag.py:3823} INFO - Setting next_dagrun for tutorial to 2026-02-01 00:00:00+00:00, run_after=2026-02-02 00:00:00+00:00
[2026-02-02T14:50:38.732+0000] {processor.py:183} INFO - Processing /home/airflow/.local/lib/python3.8/site-packages/airflow/example_dags/tutorial.py took 0.081 seconds
