[2026-02-02T14:20:23.071+0000] {processor.py:161} INFO - Started process (PID=79) to work on /home/airflow/.local/lib/python3.8/site-packages/airflow/example_dags/tutorial_dag.py
[2026-02-02T14:20:23.079+0000] {processor.py:830} INFO - Processing file /home/airflow/.local/lib/python3.8/site-packages/airflow/example_dags/tutorial_dag.py for tasks to queue
[2026-02-02T14:20:23.085+0000] {logging_mixin.py:188} INFO - [2026-02-02T14:20:23.085+0000] {dagbag.py:538} INFO - Filling up the DagBag from /home/airflow/.local/lib/python3.8/site-packages/airflow/example_dags/tutorial_dag.py
[2026-02-02T14:20:23.111+0000] {processor.py:840} INFO - DAG(s) 'tutorial_dag' retrieved from /home/airflow/.local/lib/python3.8/site-packages/airflow/example_dags/tutorial_dag.py
[2026-02-02T14:20:23.468+0000] {logging_mixin.py:188} INFO - [2026-02-02T14:20:23.468+0000] {override.py:1769} INFO - Created Permission View: can edit on DAG:tutorial_dag
[2026-02-02T14:20:23.487+0000] {logging_mixin.py:188} INFO - [2026-02-02T14:20:23.485+0000] {override.py:1769} INFO - Created Permission View: can delete on DAG:tutorial_dag
[2026-02-02T14:20:23.517+0000] {logging_mixin.py:188} INFO - [2026-02-02T14:20:23.516+0000] {override.py:1769} INFO - Created Permission View: can read on DAG:tutorial_dag
[2026-02-02T14:20:23.521+0000] {logging_mixin.py:188} INFO - [2026-02-02T14:20:23.521+0000] {dag.py:3036} INFO - Sync 1 DAGs
[2026-02-02T14:20:23.561+0000] {logging_mixin.py:188} INFO - [2026-02-02T14:20:23.561+0000] {dag.py:3058} INFO - Creating ORM DAG for tutorial_dag
[2026-02-02T14:20:23.564+0000] {logging_mixin.py:188} INFO - [2026-02-02T14:20:23.564+0000] {dag.py:3823} INFO - Setting next_dagrun for tutorial_dag to None, run_after=None
[2026-02-02T14:20:23.611+0000] {processor.py:183} INFO - Processing /home/airflow/.local/lib/python3.8/site-packages/airflow/example_dags/tutorial_dag.py took 0.556 seconds
[2026-02-02T14:20:54.286+0000] {processor.py:161} INFO - Started process (PID=134) to work on /home/airflow/.local/lib/python3.8/site-packages/airflow/example_dags/tutorial_dag.py
[2026-02-02T14:20:54.287+0000] {processor.py:830} INFO - Processing file /home/airflow/.local/lib/python3.8/site-packages/airflow/example_dags/tutorial_dag.py for tasks to queue
[2026-02-02T14:20:54.289+0000] {logging_mixin.py:188} INFO - [2026-02-02T14:20:54.288+0000] {dagbag.py:538} INFO - Filling up the DagBag from /home/airflow/.local/lib/python3.8/site-packages/airflow/example_dags/tutorial_dag.py
[2026-02-02T14:20:54.295+0000] {processor.py:840} INFO - DAG(s) 'tutorial_dag' retrieved from /home/airflow/.local/lib/python3.8/site-packages/airflow/example_dags/tutorial_dag.py
[2026-02-02T14:20:54.316+0000] {logging_mixin.py:188} INFO - [2026-02-02T14:20:54.315+0000] {dag.py:3036} INFO - Sync 1 DAGs
[2026-02-02T14:20:54.330+0000] {logging_mixin.py:188} INFO - [2026-02-02T14:20:54.329+0000] {dag.py:3823} INFO - Setting next_dagrun for tutorial_dag to None, run_after=None
[2026-02-02T14:20:54.351+0000] {processor.py:183} INFO - Processing /home/airflow/.local/lib/python3.8/site-packages/airflow/example_dags/tutorial_dag.py took 0.068 seconds
[2026-02-02T14:21:25.213+0000] {processor.py:161} INFO - Started process (PID=189) to work on /home/airflow/.local/lib/python3.8/site-packages/airflow/example_dags/tutorial_dag.py
[2026-02-02T14:21:25.213+0000] {processor.py:830} INFO - Processing file /home/airflow/.local/lib/python3.8/site-packages/airflow/example_dags/tutorial_dag.py for tasks to queue
[2026-02-02T14:21:25.215+0000] {logging_mixin.py:188} INFO - [2026-02-02T14:21:25.215+0000] {dagbag.py:538} INFO - Filling up the DagBag from /home/airflow/.local/lib/python3.8/site-packages/airflow/example_dags/tutorial_dag.py
[2026-02-02T14:21:25.221+0000] {processor.py:840} INFO - DAG(s) 'tutorial_dag' retrieved from /home/airflow/.local/lib/python3.8/site-packages/airflow/example_dags/tutorial_dag.py
[2026-02-02T14:21:25.242+0000] {logging_mixin.py:188} INFO - [2026-02-02T14:21:25.242+0000] {dag.py:3036} INFO - Sync 1 DAGs
[2026-02-02T14:21:25.256+0000] {logging_mixin.py:188} INFO - [2026-02-02T14:21:25.256+0000] {dag.py:3823} INFO - Setting next_dagrun for tutorial_dag to None, run_after=None
[2026-02-02T14:21:25.274+0000] {processor.py:183} INFO - Processing /home/airflow/.local/lib/python3.8/site-packages/airflow/example_dags/tutorial_dag.py took 0.065 seconds
[2026-02-02T14:21:55.526+0000] {processor.py:161} INFO - Started process (PID=244) to work on /home/airflow/.local/lib/python3.8/site-packages/airflow/example_dags/tutorial_dag.py
[2026-02-02T14:21:55.527+0000] {processor.py:830} INFO - Processing file /home/airflow/.local/lib/python3.8/site-packages/airflow/example_dags/tutorial_dag.py for tasks to queue
[2026-02-02T14:21:55.529+0000] {logging_mixin.py:188} INFO - [2026-02-02T14:21:55.529+0000] {dagbag.py:538} INFO - Filling up the DagBag from /home/airflow/.local/lib/python3.8/site-packages/airflow/example_dags/tutorial_dag.py
[2026-02-02T14:21:55.535+0000] {processor.py:840} INFO - DAG(s) 'tutorial_dag' retrieved from /home/airflow/.local/lib/python3.8/site-packages/airflow/example_dags/tutorial_dag.py
[2026-02-02T14:21:55.557+0000] {logging_mixin.py:188} INFO - [2026-02-02T14:21:55.557+0000] {dag.py:3036} INFO - Sync 1 DAGs
[2026-02-02T14:21:55.571+0000] {logging_mixin.py:188} INFO - [2026-02-02T14:21:55.571+0000] {dag.py:3823} INFO - Setting next_dagrun for tutorial_dag to None, run_after=None
[2026-02-02T14:21:55.592+0000] {processor.py:183} INFO - Processing /home/airflow/.local/lib/python3.8/site-packages/airflow/example_dags/tutorial_dag.py took 0.071 seconds
[2026-02-02T14:22:26.113+0000] {processor.py:161} INFO - Started process (PID=305) to work on /home/airflow/.local/lib/python3.8/site-packages/airflow/example_dags/tutorial_dag.py
[2026-02-02T14:22:26.116+0000] {processor.py:830} INFO - Processing file /home/airflow/.local/lib/python3.8/site-packages/airflow/example_dags/tutorial_dag.py for tasks to queue
[2026-02-02T14:22:26.117+0000] {logging_mixin.py:188} INFO - [2026-02-02T14:22:26.117+0000] {dagbag.py:538} INFO - Filling up the DagBag from /home/airflow/.local/lib/python3.8/site-packages/airflow/example_dags/tutorial_dag.py
[2026-02-02T14:22:26.123+0000] {processor.py:840} INFO - DAG(s) 'tutorial_dag' retrieved from /home/airflow/.local/lib/python3.8/site-packages/airflow/example_dags/tutorial_dag.py
[2026-02-02T14:22:26.148+0000] {logging_mixin.py:188} INFO - [2026-02-02T14:22:26.147+0000] {dag.py:3036} INFO - Sync 1 DAGs
[2026-02-02T14:22:26.161+0000] {logging_mixin.py:188} INFO - [2026-02-02T14:22:26.161+0000] {dag.py:3823} INFO - Setting next_dagrun for tutorial_dag to None, run_after=None
[2026-02-02T14:22:26.181+0000] {processor.py:183} INFO - Processing /home/airflow/.local/lib/python3.8/site-packages/airflow/example_dags/tutorial_dag.py took 0.073 seconds
[2026-02-02T14:22:56.739+0000] {processor.py:161} INFO - Started process (PID=360) to work on /home/airflow/.local/lib/python3.8/site-packages/airflow/example_dags/tutorial_dag.py
[2026-02-02T14:22:56.740+0000] {processor.py:830} INFO - Processing file /home/airflow/.local/lib/python3.8/site-packages/airflow/example_dags/tutorial_dag.py for tasks to queue
[2026-02-02T14:22:56.742+0000] {logging_mixin.py:188} INFO - [2026-02-02T14:22:56.741+0000] {dagbag.py:538} INFO - Filling up the DagBag from /home/airflow/.local/lib/python3.8/site-packages/airflow/example_dags/tutorial_dag.py
[2026-02-02T14:22:56.748+0000] {processor.py:840} INFO - DAG(s) 'tutorial_dag' retrieved from /home/airflow/.local/lib/python3.8/site-packages/airflow/example_dags/tutorial_dag.py
[2026-02-02T14:22:56.771+0000] {logging_mixin.py:188} INFO - [2026-02-02T14:22:56.771+0000] {dag.py:3036} INFO - Sync 1 DAGs
[2026-02-02T14:22:56.787+0000] {logging_mixin.py:188} INFO - [2026-02-02T14:22:56.787+0000] {dag.py:3823} INFO - Setting next_dagrun for tutorial_dag to None, run_after=None
[2026-02-02T14:22:56.808+0000] {processor.py:183} INFO - Processing /home/airflow/.local/lib/python3.8/site-packages/airflow/example_dags/tutorial_dag.py took 0.073 seconds
[2026-02-02T14:23:27.271+0000] {processor.py:161} INFO - Started process (PID=415) to work on /home/airflow/.local/lib/python3.8/site-packages/airflow/example_dags/tutorial_dag.py
[2026-02-02T14:23:27.272+0000] {processor.py:830} INFO - Processing file /home/airflow/.local/lib/python3.8/site-packages/airflow/example_dags/tutorial_dag.py for tasks to queue
[2026-02-02T14:23:27.274+0000] {logging_mixin.py:188} INFO - [2026-02-02T14:23:27.274+0000] {dagbag.py:538} INFO - Filling up the DagBag from /home/airflow/.local/lib/python3.8/site-packages/airflow/example_dags/tutorial_dag.py
[2026-02-02T14:23:27.280+0000] {processor.py:840} INFO - DAG(s) 'tutorial_dag' retrieved from /home/airflow/.local/lib/python3.8/site-packages/airflow/example_dags/tutorial_dag.py
[2026-02-02T14:23:27.302+0000] {logging_mixin.py:188} INFO - [2026-02-02T14:23:27.302+0000] {dag.py:3036} INFO - Sync 1 DAGs
[2026-02-02T14:23:27.315+0000] {logging_mixin.py:188} INFO - [2026-02-02T14:23:27.315+0000] {dag.py:3823} INFO - Setting next_dagrun for tutorial_dag to None, run_after=None
[2026-02-02T14:23:27.338+0000] {processor.py:183} INFO - Processing /home/airflow/.local/lib/python3.8/site-packages/airflow/example_dags/tutorial_dag.py took 0.071 seconds
[2026-02-02T14:23:57.524+0000] {processor.py:161} INFO - Started process (PID=469) to work on /home/airflow/.local/lib/python3.8/site-packages/airflow/example_dags/tutorial_dag.py
[2026-02-02T14:23:57.526+0000] {processor.py:830} INFO - Processing file /home/airflow/.local/lib/python3.8/site-packages/airflow/example_dags/tutorial_dag.py for tasks to queue
[2026-02-02T14:23:57.528+0000] {logging_mixin.py:188} INFO - [2026-02-02T14:23:57.528+0000] {dagbag.py:538} INFO - Filling up the DagBag from /home/airflow/.local/lib/python3.8/site-packages/airflow/example_dags/tutorial_dag.py
[2026-02-02T14:23:57.534+0000] {processor.py:840} INFO - DAG(s) 'tutorial_dag' retrieved from /home/airflow/.local/lib/python3.8/site-packages/airflow/example_dags/tutorial_dag.py
[2026-02-02T14:23:57.555+0000] {logging_mixin.py:188} INFO - [2026-02-02T14:23:57.555+0000] {dag.py:3036} INFO - Sync 1 DAGs
[2026-02-02T14:23:57.570+0000] {logging_mixin.py:188} INFO - [2026-02-02T14:23:57.570+0000] {dag.py:3823} INFO - Setting next_dagrun for tutorial_dag to None, run_after=None
[2026-02-02T14:23:57.588+0000] {processor.py:183} INFO - Processing /home/airflow/.local/lib/python3.8/site-packages/airflow/example_dags/tutorial_dag.py took 0.070 seconds
[2026-02-02T14:24:28.305+0000] {processor.py:161} INFO - Started process (PID=525) to work on /home/airflow/.local/lib/python3.8/site-packages/airflow/example_dags/tutorial_dag.py
[2026-02-02T14:24:28.309+0000] {processor.py:830} INFO - Processing file /home/airflow/.local/lib/python3.8/site-packages/airflow/example_dags/tutorial_dag.py for tasks to queue
[2026-02-02T14:24:28.313+0000] {logging_mixin.py:188} INFO - [2026-02-02T14:24:28.313+0000] {dagbag.py:538} INFO - Filling up the DagBag from /home/airflow/.local/lib/python3.8/site-packages/airflow/example_dags/tutorial_dag.py
[2026-02-02T14:24:28.329+0000] {processor.py:840} INFO - DAG(s) 'tutorial_dag' retrieved from /home/airflow/.local/lib/python3.8/site-packages/airflow/example_dags/tutorial_dag.py
[2026-02-02T14:24:28.397+0000] {logging_mixin.py:188} INFO - [2026-02-02T14:24:28.397+0000] {dag.py:3036} INFO - Sync 1 DAGs
[2026-02-02T14:24:28.434+0000] {logging_mixin.py:188} INFO - [2026-02-02T14:24:28.431+0000] {dag.py:3823} INFO - Setting next_dagrun for tutorial_dag to None, run_after=None
[2026-02-02T14:24:28.493+0000] {processor.py:183} INFO - Processing /home/airflow/.local/lib/python3.8/site-packages/airflow/example_dags/tutorial_dag.py took 0.197 seconds
[2026-02-02T14:24:58.954+0000] {processor.py:161} INFO - Started process (PID=580) to work on /home/airflow/.local/lib/python3.8/site-packages/airflow/example_dags/tutorial_dag.py
[2026-02-02T14:24:58.955+0000] {processor.py:830} INFO - Processing file /home/airflow/.local/lib/python3.8/site-packages/airflow/example_dags/tutorial_dag.py for tasks to queue
[2026-02-02T14:24:58.957+0000] {logging_mixin.py:188} INFO - [2026-02-02T14:24:58.956+0000] {dagbag.py:538} INFO - Filling up the DagBag from /home/airflow/.local/lib/python3.8/site-packages/airflow/example_dags/tutorial_dag.py
[2026-02-02T14:24:58.962+0000] {processor.py:840} INFO - DAG(s) 'tutorial_dag' retrieved from /home/airflow/.local/lib/python3.8/site-packages/airflow/example_dags/tutorial_dag.py
[2026-02-02T14:24:58.983+0000] {logging_mixin.py:188} INFO - [2026-02-02T14:24:58.983+0000] {dag.py:3036} INFO - Sync 1 DAGs
[2026-02-02T14:24:59.019+0000] {logging_mixin.py:188} INFO - [2026-02-02T14:24:59.019+0000] {dag.py:3823} INFO - Setting next_dagrun for tutorial_dag to None, run_after=None
[2026-02-02T14:24:59.049+0000] {processor.py:183} INFO - Processing /home/airflow/.local/lib/python3.8/site-packages/airflow/example_dags/tutorial_dag.py took 0.099 seconds
[2026-02-02T14:25:29.170+0000] {processor.py:161} INFO - Started process (PID=635) to work on /home/airflow/.local/lib/python3.8/site-packages/airflow/example_dags/tutorial_dag.py
[2026-02-02T14:25:29.171+0000] {processor.py:830} INFO - Processing file /home/airflow/.local/lib/python3.8/site-packages/airflow/example_dags/tutorial_dag.py for tasks to queue
[2026-02-02T14:25:29.173+0000] {logging_mixin.py:188} INFO - [2026-02-02T14:25:29.172+0000] {dagbag.py:538} INFO - Filling up the DagBag from /home/airflow/.local/lib/python3.8/site-packages/airflow/example_dags/tutorial_dag.py
[2026-02-02T14:25:29.179+0000] {processor.py:840} INFO - DAG(s) 'tutorial_dag' retrieved from /home/airflow/.local/lib/python3.8/site-packages/airflow/example_dags/tutorial_dag.py
[2026-02-02T14:25:29.201+0000] {logging_mixin.py:188} INFO - [2026-02-02T14:25:29.200+0000] {dag.py:3036} INFO - Sync 1 DAGs
[2026-02-02T14:25:29.215+0000] {logging_mixin.py:188} INFO - [2026-02-02T14:25:29.215+0000] {dag.py:3823} INFO - Setting next_dagrun for tutorial_dag to None, run_after=None
[2026-02-02T14:25:29.234+0000] {processor.py:183} INFO - Processing /home/airflow/.local/lib/python3.8/site-packages/airflow/example_dags/tutorial_dag.py took 0.070 seconds
[2026-02-02T14:25:59.541+0000] {processor.py:161} INFO - Started process (PID=690) to work on /home/airflow/.local/lib/python3.8/site-packages/airflow/example_dags/tutorial_dag.py
[2026-02-02T14:25:59.542+0000] {processor.py:830} INFO - Processing file /home/airflow/.local/lib/python3.8/site-packages/airflow/example_dags/tutorial_dag.py for tasks to queue
[2026-02-02T14:25:59.544+0000] {logging_mixin.py:188} INFO - [2026-02-02T14:25:59.544+0000] {dagbag.py:538} INFO - Filling up the DagBag from /home/airflow/.local/lib/python3.8/site-packages/airflow/example_dags/tutorial_dag.py
[2026-02-02T14:25:59.550+0000] {processor.py:840} INFO - DAG(s) 'tutorial_dag' retrieved from /home/airflow/.local/lib/python3.8/site-packages/airflow/example_dags/tutorial_dag.py
[2026-02-02T14:25:59.572+0000] {logging_mixin.py:188} INFO - [2026-02-02T14:25:59.572+0000] {dag.py:3036} INFO - Sync 1 DAGs
[2026-02-02T14:25:59.586+0000] {logging_mixin.py:188} INFO - [2026-02-02T14:25:59.586+0000] {dag.py:3823} INFO - Setting next_dagrun for tutorial_dag to None, run_after=None
[2026-02-02T14:25:59.604+0000] {processor.py:183} INFO - Processing /home/airflow/.local/lib/python3.8/site-packages/airflow/example_dags/tutorial_dag.py took 0.067 seconds
[2026-02-02T14:26:29.799+0000] {processor.py:161} INFO - Started process (PID=745) to work on /home/airflow/.local/lib/python3.8/site-packages/airflow/example_dags/tutorial_dag.py
[2026-02-02T14:26:29.800+0000] {processor.py:830} INFO - Processing file /home/airflow/.local/lib/python3.8/site-packages/airflow/example_dags/tutorial_dag.py for tasks to queue
[2026-02-02T14:26:29.802+0000] {logging_mixin.py:188} INFO - [2026-02-02T14:26:29.802+0000] {dagbag.py:538} INFO - Filling up the DagBag from /home/airflow/.local/lib/python3.8/site-packages/airflow/example_dags/tutorial_dag.py
[2026-02-02T14:26:29.808+0000] {processor.py:840} INFO - DAG(s) 'tutorial_dag' retrieved from /home/airflow/.local/lib/python3.8/site-packages/airflow/example_dags/tutorial_dag.py
[2026-02-02T14:26:29.830+0000] {logging_mixin.py:188} INFO - [2026-02-02T14:26:29.829+0000] {dag.py:3036} INFO - Sync 1 DAGs
[2026-02-02T14:26:29.848+0000] {logging_mixin.py:188} INFO - [2026-02-02T14:26:29.848+0000] {dag.py:3823} INFO - Setting next_dagrun for tutorial_dag to None, run_after=None
[2026-02-02T14:26:29.872+0000] {processor.py:183} INFO - Processing /home/airflow/.local/lib/python3.8/site-packages/airflow/example_dags/tutorial_dag.py took 0.077 seconds
[2026-02-02T14:27:00.424+0000] {processor.py:161} INFO - Started process (PID=800) to work on /home/airflow/.local/lib/python3.8/site-packages/airflow/example_dags/tutorial_dag.py
[2026-02-02T14:27:00.425+0000] {processor.py:830} INFO - Processing file /home/airflow/.local/lib/python3.8/site-packages/airflow/example_dags/tutorial_dag.py for tasks to queue
[2026-02-02T14:27:00.426+0000] {logging_mixin.py:188} INFO - [2026-02-02T14:27:00.426+0000] {dagbag.py:538} INFO - Filling up the DagBag from /home/airflow/.local/lib/python3.8/site-packages/airflow/example_dags/tutorial_dag.py
[2026-02-02T14:27:00.432+0000] {processor.py:840} INFO - DAG(s) 'tutorial_dag' retrieved from /home/airflow/.local/lib/python3.8/site-packages/airflow/example_dags/tutorial_dag.py
[2026-02-02T14:27:00.453+0000] {logging_mixin.py:188} INFO - [2026-02-02T14:27:00.453+0000] {dag.py:3036} INFO - Sync 1 DAGs
[2026-02-02T14:27:00.468+0000] {logging_mixin.py:188} INFO - [2026-02-02T14:27:00.468+0000] {dag.py:3823} INFO - Setting next_dagrun for tutorial_dag to None, run_after=None
[2026-02-02T14:27:00.486+0000] {processor.py:183} INFO - Processing /home/airflow/.local/lib/python3.8/site-packages/airflow/example_dags/tutorial_dag.py took 0.067 seconds
[2026-02-02T14:27:30.620+0000] {processor.py:161} INFO - Started process (PID=855) to work on /home/airflow/.local/lib/python3.8/site-packages/airflow/example_dags/tutorial_dag.py
[2026-02-02T14:27:30.620+0000] {processor.py:830} INFO - Processing file /home/airflow/.local/lib/python3.8/site-packages/airflow/example_dags/tutorial_dag.py for tasks to queue
[2026-02-02T14:27:30.624+0000] {logging_mixin.py:188} INFO - [2026-02-02T14:27:30.624+0000] {dagbag.py:538} INFO - Filling up the DagBag from /home/airflow/.local/lib/python3.8/site-packages/airflow/example_dags/tutorial_dag.py
[2026-02-02T14:27:30.630+0000] {processor.py:840} INFO - DAG(s) 'tutorial_dag' retrieved from /home/airflow/.local/lib/python3.8/site-packages/airflow/example_dags/tutorial_dag.py
[2026-02-02T14:27:30.651+0000] {logging_mixin.py:188} INFO - [2026-02-02T14:27:30.650+0000] {dag.py:3036} INFO - Sync 1 DAGs
[2026-02-02T14:27:30.664+0000] {logging_mixin.py:188} INFO - [2026-02-02T14:27:30.664+0000] {dag.py:3823} INFO - Setting next_dagrun for tutorial_dag to None, run_after=None
[2026-02-02T14:27:30.682+0000] {processor.py:183} INFO - Processing /home/airflow/.local/lib/python3.8/site-packages/airflow/example_dags/tutorial_dag.py took 0.068 seconds
[2026-02-02T14:28:01.189+0000] {processor.py:161} INFO - Started process (PID=910) to work on /home/airflow/.local/lib/python3.8/site-packages/airflow/example_dags/tutorial_dag.py
[2026-02-02T14:28:01.190+0000] {processor.py:830} INFO - Processing file /home/airflow/.local/lib/python3.8/site-packages/airflow/example_dags/tutorial_dag.py for tasks to queue
[2026-02-02T14:28:01.191+0000] {logging_mixin.py:188} INFO - [2026-02-02T14:28:01.191+0000] {dagbag.py:538} INFO - Filling up the DagBag from /home/airflow/.local/lib/python3.8/site-packages/airflow/example_dags/tutorial_dag.py
[2026-02-02T14:28:01.198+0000] {processor.py:840} INFO - DAG(s) 'tutorial_dag' retrieved from /home/airflow/.local/lib/python3.8/site-packages/airflow/example_dags/tutorial_dag.py
[2026-02-02T14:28:01.219+0000] {logging_mixin.py:188} INFO - [2026-02-02T14:28:01.219+0000] {dag.py:3036} INFO - Sync 1 DAGs
[2026-02-02T14:28:01.232+0000] {logging_mixin.py:188} INFO - [2026-02-02T14:28:01.232+0000] {dag.py:3823} INFO - Setting next_dagrun for tutorial_dag to None, run_after=None
[2026-02-02T14:28:01.251+0000] {processor.py:183} INFO - Processing /home/airflow/.local/lib/python3.8/site-packages/airflow/example_dags/tutorial_dag.py took 0.066 seconds
[2026-02-02T14:28:32.089+0000] {processor.py:161} INFO - Started process (PID=965) to work on /home/airflow/.local/lib/python3.8/site-packages/airflow/example_dags/tutorial_dag.py
[2026-02-02T14:28:32.090+0000] {processor.py:830} INFO - Processing file /home/airflow/.local/lib/python3.8/site-packages/airflow/example_dags/tutorial_dag.py for tasks to queue
[2026-02-02T14:28:32.092+0000] {logging_mixin.py:188} INFO - [2026-02-02T14:28:32.092+0000] {dagbag.py:538} INFO - Filling up the DagBag from /home/airflow/.local/lib/python3.8/site-packages/airflow/example_dags/tutorial_dag.py
[2026-02-02T14:28:32.098+0000] {processor.py:840} INFO - DAG(s) 'tutorial_dag' retrieved from /home/airflow/.local/lib/python3.8/site-packages/airflow/example_dags/tutorial_dag.py
[2026-02-02T14:28:32.119+0000] {logging_mixin.py:188} INFO - [2026-02-02T14:28:32.119+0000] {dag.py:3036} INFO - Sync 1 DAGs
[2026-02-02T14:28:32.136+0000] {logging_mixin.py:188} INFO - [2026-02-02T14:28:32.135+0000] {dag.py:3823} INFO - Setting next_dagrun for tutorial_dag to None, run_after=None
[2026-02-02T14:28:32.157+0000] {processor.py:183} INFO - Processing /home/airflow/.local/lib/python3.8/site-packages/airflow/example_dags/tutorial_dag.py took 0.071 seconds
[2026-02-02T14:29:02.628+0000] {processor.py:161} INFO - Started process (PID=1020) to work on /home/airflow/.local/lib/python3.8/site-packages/airflow/example_dags/tutorial_dag.py
[2026-02-02T14:29:02.629+0000] {processor.py:830} INFO - Processing file /home/airflow/.local/lib/python3.8/site-packages/airflow/example_dags/tutorial_dag.py for tasks to queue
[2026-02-02T14:29:02.632+0000] {logging_mixin.py:188} INFO - [2026-02-02T14:29:02.631+0000] {dagbag.py:538} INFO - Filling up the DagBag from /home/airflow/.local/lib/python3.8/site-packages/airflow/example_dags/tutorial_dag.py
[2026-02-02T14:29:02.638+0000] {processor.py:840} INFO - DAG(s) 'tutorial_dag' retrieved from /home/airflow/.local/lib/python3.8/site-packages/airflow/example_dags/tutorial_dag.py
[2026-02-02T14:29:02.659+0000] {logging_mixin.py:188} INFO - [2026-02-02T14:29:02.659+0000] {dag.py:3036} INFO - Sync 1 DAGs
[2026-02-02T14:29:02.673+0000] {logging_mixin.py:188} INFO - [2026-02-02T14:29:02.672+0000] {dag.py:3823} INFO - Setting next_dagrun for tutorial_dag to None, run_after=None
[2026-02-02T14:29:02.691+0000] {processor.py:183} INFO - Processing /home/airflow/.local/lib/python3.8/site-packages/airflow/example_dags/tutorial_dag.py took 0.068 seconds
[2026-02-02T14:29:32.825+0000] {processor.py:161} INFO - Started process (PID=1075) to work on /home/airflow/.local/lib/python3.8/site-packages/airflow/example_dags/tutorial_dag.py
[2026-02-02T14:29:32.829+0000] {processor.py:830} INFO - Processing file /home/airflow/.local/lib/python3.8/site-packages/airflow/example_dags/tutorial_dag.py for tasks to queue
[2026-02-02T14:29:32.831+0000] {logging_mixin.py:188} INFO - [2026-02-02T14:29:32.830+0000] {dagbag.py:538} INFO - Filling up the DagBag from /home/airflow/.local/lib/python3.8/site-packages/airflow/example_dags/tutorial_dag.py
[2026-02-02T14:29:32.846+0000] {processor.py:840} INFO - DAG(s) 'tutorial_dag' retrieved from /home/airflow/.local/lib/python3.8/site-packages/airflow/example_dags/tutorial_dag.py
[2026-02-02T14:29:32.873+0000] {logging_mixin.py:188} INFO - [2026-02-02T14:29:32.873+0000] {dag.py:3036} INFO - Sync 1 DAGs
[2026-02-02T14:29:32.890+0000] {logging_mixin.py:188} INFO - [2026-02-02T14:29:32.890+0000] {dag.py:3823} INFO - Setting next_dagrun for tutorial_dag to None, run_after=None
[2026-02-02T14:29:32.912+0000] {processor.py:183} INFO - Processing /home/airflow/.local/lib/python3.8/site-packages/airflow/example_dags/tutorial_dag.py took 0.095 seconds
[2026-02-02T14:30:03.358+0000] {processor.py:161} INFO - Started process (PID=1130) to work on /home/airflow/.local/lib/python3.8/site-packages/airflow/example_dags/tutorial_dag.py
[2026-02-02T14:30:03.359+0000] {processor.py:830} INFO - Processing file /home/airflow/.local/lib/python3.8/site-packages/airflow/example_dags/tutorial_dag.py for tasks to queue
[2026-02-02T14:30:03.361+0000] {logging_mixin.py:188} INFO - [2026-02-02T14:30:03.361+0000] {dagbag.py:538} INFO - Filling up the DagBag from /home/airflow/.local/lib/python3.8/site-packages/airflow/example_dags/tutorial_dag.py
[2026-02-02T14:30:03.366+0000] {processor.py:840} INFO - DAG(s) 'tutorial_dag' retrieved from /home/airflow/.local/lib/python3.8/site-packages/airflow/example_dags/tutorial_dag.py
[2026-02-02T14:30:03.392+0000] {logging_mixin.py:188} INFO - [2026-02-02T14:30:03.392+0000] {dag.py:3036} INFO - Sync 1 DAGs
[2026-02-02T14:30:03.406+0000] {logging_mixin.py:188} INFO - [2026-02-02T14:30:03.406+0000] {dag.py:3823} INFO - Setting next_dagrun for tutorial_dag to None, run_after=None
[2026-02-02T14:30:03.425+0000] {processor.py:183} INFO - Processing /home/airflow/.local/lib/python3.8/site-packages/airflow/example_dags/tutorial_dag.py took 0.070 seconds
[2026-02-02T14:30:34.303+0000] {processor.py:161} INFO - Started process (PID=1185) to work on /home/airflow/.local/lib/python3.8/site-packages/airflow/example_dags/tutorial_dag.py
[2026-02-02T14:30:34.304+0000] {processor.py:830} INFO - Processing file /home/airflow/.local/lib/python3.8/site-packages/airflow/example_dags/tutorial_dag.py for tasks to queue
[2026-02-02T14:30:34.306+0000] {logging_mixin.py:188} INFO - [2026-02-02T14:30:34.305+0000] {dagbag.py:538} INFO - Filling up the DagBag from /home/airflow/.local/lib/python3.8/site-packages/airflow/example_dags/tutorial_dag.py
[2026-02-02T14:30:34.311+0000] {processor.py:840} INFO - DAG(s) 'tutorial_dag' retrieved from /home/airflow/.local/lib/python3.8/site-packages/airflow/example_dags/tutorial_dag.py
[2026-02-02T14:30:34.332+0000] {logging_mixin.py:188} INFO - [2026-02-02T14:30:34.332+0000] {dag.py:3036} INFO - Sync 1 DAGs
[2026-02-02T14:30:34.345+0000] {logging_mixin.py:188} INFO - [2026-02-02T14:30:34.345+0000] {dag.py:3823} INFO - Setting next_dagrun for tutorial_dag to None, run_after=None
[2026-02-02T14:30:34.371+0000] {processor.py:183} INFO - Processing /home/airflow/.local/lib/python3.8/site-packages/airflow/example_dags/tutorial_dag.py took 0.072 seconds
[2026-02-02T14:31:04.442+0000] {processor.py:161} INFO - Started process (PID=1240) to work on /home/airflow/.local/lib/python3.8/site-packages/airflow/example_dags/tutorial_dag.py
[2026-02-02T14:31:04.449+0000] {processor.py:830} INFO - Processing file /home/airflow/.local/lib/python3.8/site-packages/airflow/example_dags/tutorial_dag.py for tasks to queue
[2026-02-02T14:31:04.454+0000] {logging_mixin.py:188} INFO - [2026-02-02T14:31:04.454+0000] {dagbag.py:538} INFO - Filling up the DagBag from /home/airflow/.local/lib/python3.8/site-packages/airflow/example_dags/tutorial_dag.py
[2026-02-02T14:31:04.472+0000] {processor.py:840} INFO - DAG(s) 'tutorial_dag' retrieved from /home/airflow/.local/lib/python3.8/site-packages/airflow/example_dags/tutorial_dag.py
[2026-02-02T14:31:04.524+0000] {logging_mixin.py:188} INFO - [2026-02-02T14:31:04.523+0000] {dag.py:3036} INFO - Sync 1 DAGs
[2026-02-02T14:31:04.542+0000] {logging_mixin.py:188} INFO - [2026-02-02T14:31:04.542+0000] {dag.py:3823} INFO - Setting next_dagrun for tutorial_dag to None, run_after=None
[2026-02-02T14:31:04.589+0000] {processor.py:183} INFO - Processing /home/airflow/.local/lib/python3.8/site-packages/airflow/example_dags/tutorial_dag.py took 0.159 seconds
[2026-02-02T14:31:35.255+0000] {processor.py:161} INFO - Started process (PID=1295) to work on /home/airflow/.local/lib/python3.8/site-packages/airflow/example_dags/tutorial_dag.py
[2026-02-02T14:31:35.255+0000] {processor.py:830} INFO - Processing file /home/airflow/.local/lib/python3.8/site-packages/airflow/example_dags/tutorial_dag.py for tasks to queue
[2026-02-02T14:31:35.257+0000] {logging_mixin.py:188} INFO - [2026-02-02T14:31:35.257+0000] {dagbag.py:538} INFO - Filling up the DagBag from /home/airflow/.local/lib/python3.8/site-packages/airflow/example_dags/tutorial_dag.py
[2026-02-02T14:31:35.263+0000] {processor.py:840} INFO - DAG(s) 'tutorial_dag' retrieved from /home/airflow/.local/lib/python3.8/site-packages/airflow/example_dags/tutorial_dag.py
[2026-02-02T14:31:35.284+0000] {logging_mixin.py:188} INFO - [2026-02-02T14:31:35.284+0000] {dag.py:3036} INFO - Sync 1 DAGs
[2026-02-02T14:31:35.299+0000] {logging_mixin.py:188} INFO - [2026-02-02T14:31:35.298+0000] {dag.py:3823} INFO - Setting next_dagrun for tutorial_dag to None, run_after=None
[2026-02-02T14:31:35.318+0000] {processor.py:183} INFO - Processing /home/airflow/.local/lib/python3.8/site-packages/airflow/example_dags/tutorial_dag.py took 0.067 seconds
[2026-02-02T14:32:06.469+0000] {processor.py:161} INFO - Started process (PID=1350) to work on /home/airflow/.local/lib/python3.8/site-packages/airflow/example_dags/tutorial_dag.py
[2026-02-02T14:32:06.472+0000] {processor.py:830} INFO - Processing file /home/airflow/.local/lib/python3.8/site-packages/airflow/example_dags/tutorial_dag.py for tasks to queue
[2026-02-02T14:32:06.476+0000] {logging_mixin.py:188} INFO - [2026-02-02T14:32:06.476+0000] {dagbag.py:538} INFO - Filling up the DagBag from /home/airflow/.local/lib/python3.8/site-packages/airflow/example_dags/tutorial_dag.py
[2026-02-02T14:32:06.489+0000] {processor.py:840} INFO - DAG(s) 'tutorial_dag' retrieved from /home/airflow/.local/lib/python3.8/site-packages/airflow/example_dags/tutorial_dag.py
[2026-02-02T14:32:06.540+0000] {logging_mixin.py:188} INFO - [2026-02-02T14:32:06.540+0000] {dag.py:3036} INFO - Sync 1 DAGs
[2026-02-02T14:32:06.566+0000] {logging_mixin.py:188} INFO - [2026-02-02T14:32:06.566+0000] {dag.py:3823} INFO - Setting next_dagrun for tutorial_dag to None, run_after=None
[2026-02-02T14:32:06.593+0000] {processor.py:183} INFO - Processing /home/airflow/.local/lib/python3.8/site-packages/airflow/example_dags/tutorial_dag.py took 0.136 seconds
[2026-02-02T14:32:36.750+0000] {processor.py:161} INFO - Started process (PID=1403) to work on /home/airflow/.local/lib/python3.8/site-packages/airflow/example_dags/tutorial_dag.py
[2026-02-02T14:32:36.751+0000] {processor.py:830} INFO - Processing file /home/airflow/.local/lib/python3.8/site-packages/airflow/example_dags/tutorial_dag.py for tasks to queue
[2026-02-02T14:32:36.753+0000] {logging_mixin.py:188} INFO - [2026-02-02T14:32:36.752+0000] {dagbag.py:538} INFO - Filling up the DagBag from /home/airflow/.local/lib/python3.8/site-packages/airflow/example_dags/tutorial_dag.py
[2026-02-02T14:32:36.759+0000] {processor.py:840} INFO - DAG(s) 'tutorial_dag' retrieved from /home/airflow/.local/lib/python3.8/site-packages/airflow/example_dags/tutorial_dag.py
[2026-02-02T14:32:36.784+0000] {logging_mixin.py:188} INFO - [2026-02-02T14:32:36.784+0000] {dag.py:3036} INFO - Sync 1 DAGs
[2026-02-02T14:32:36.798+0000] {logging_mixin.py:188} INFO - [2026-02-02T14:32:36.797+0000] {dag.py:3823} INFO - Setting next_dagrun for tutorial_dag to None, run_after=None
[2026-02-02T14:32:36.816+0000] {processor.py:183} INFO - Processing /home/airflow/.local/lib/python3.8/site-packages/airflow/example_dags/tutorial_dag.py took 0.070 seconds
[2026-02-02T14:33:07.240+0000] {processor.py:161} INFO - Started process (PID=1458) to work on /home/airflow/.local/lib/python3.8/site-packages/airflow/example_dags/tutorial_dag.py
[2026-02-02T14:33:07.241+0000] {processor.py:830} INFO - Processing file /home/airflow/.local/lib/python3.8/site-packages/airflow/example_dags/tutorial_dag.py for tasks to queue
[2026-02-02T14:33:07.243+0000] {logging_mixin.py:188} INFO - [2026-02-02T14:33:07.243+0000] {dagbag.py:538} INFO - Filling up the DagBag from /home/airflow/.local/lib/python3.8/site-packages/airflow/example_dags/tutorial_dag.py
[2026-02-02T14:33:07.248+0000] {processor.py:840} INFO - DAG(s) 'tutorial_dag' retrieved from /home/airflow/.local/lib/python3.8/site-packages/airflow/example_dags/tutorial_dag.py
[2026-02-02T14:33:07.270+0000] {logging_mixin.py:188} INFO - [2026-02-02T14:33:07.270+0000] {dag.py:3036} INFO - Sync 1 DAGs
[2026-02-02T14:33:07.285+0000] {logging_mixin.py:188} INFO - [2026-02-02T14:33:07.284+0000] {dag.py:3823} INFO - Setting next_dagrun for tutorial_dag to None, run_after=None
[2026-02-02T14:33:07.309+0000] {processor.py:183} INFO - Processing /home/airflow/.local/lib/python3.8/site-packages/airflow/example_dags/tutorial_dag.py took 0.072 seconds
[2026-02-02T14:33:37.709+0000] {processor.py:161} INFO - Started process (PID=1513) to work on /home/airflow/.local/lib/python3.8/site-packages/airflow/example_dags/tutorial_dag.py
[2026-02-02T14:33:37.711+0000] {processor.py:830} INFO - Processing file /home/airflow/.local/lib/python3.8/site-packages/airflow/example_dags/tutorial_dag.py for tasks to queue
[2026-02-02T14:33:37.715+0000] {logging_mixin.py:188} INFO - [2026-02-02T14:33:37.713+0000] {dagbag.py:538} INFO - Filling up the DagBag from /home/airflow/.local/lib/python3.8/site-packages/airflow/example_dags/tutorial_dag.py
[2026-02-02T14:33:37.720+0000] {processor.py:840} INFO - DAG(s) 'tutorial_dag' retrieved from /home/airflow/.local/lib/python3.8/site-packages/airflow/example_dags/tutorial_dag.py
[2026-02-02T14:33:37.743+0000] {logging_mixin.py:188} INFO - [2026-02-02T14:33:37.743+0000] {dag.py:3036} INFO - Sync 1 DAGs
[2026-02-02T14:33:37.758+0000] {logging_mixin.py:188} INFO - [2026-02-02T14:33:37.758+0000] {dag.py:3823} INFO - Setting next_dagrun for tutorial_dag to None, run_after=None
[2026-02-02T14:33:37.776+0000] {processor.py:183} INFO - Processing /home/airflow/.local/lib/python3.8/site-packages/airflow/example_dags/tutorial_dag.py took 0.071 seconds
[2026-02-02T14:34:08.619+0000] {processor.py:161} INFO - Started process (PID=1568) to work on /home/airflow/.local/lib/python3.8/site-packages/airflow/example_dags/tutorial_dag.py
[2026-02-02T14:34:08.620+0000] {processor.py:830} INFO - Processing file /home/airflow/.local/lib/python3.8/site-packages/airflow/example_dags/tutorial_dag.py for tasks to queue
[2026-02-02T14:34:08.621+0000] {logging_mixin.py:188} INFO - [2026-02-02T14:34:08.621+0000] {dagbag.py:538} INFO - Filling up the DagBag from /home/airflow/.local/lib/python3.8/site-packages/airflow/example_dags/tutorial_dag.py
[2026-02-02T14:34:08.627+0000] {processor.py:840} INFO - DAG(s) 'tutorial_dag' retrieved from /home/airflow/.local/lib/python3.8/site-packages/airflow/example_dags/tutorial_dag.py
[2026-02-02T14:34:08.648+0000] {logging_mixin.py:188} INFO - [2026-02-02T14:34:08.648+0000] {dag.py:3036} INFO - Sync 1 DAGs
[2026-02-02T14:34:08.663+0000] {logging_mixin.py:188} INFO - [2026-02-02T14:34:08.663+0000] {dag.py:3823} INFO - Setting next_dagrun for tutorial_dag to None, run_after=None
[2026-02-02T14:34:08.681+0000] {processor.py:183} INFO - Processing /home/airflow/.local/lib/python3.8/site-packages/airflow/example_dags/tutorial_dag.py took 0.066 seconds
[2026-02-02T14:34:39.408+0000] {processor.py:161} INFO - Started process (PID=1623) to work on /home/airflow/.local/lib/python3.8/site-packages/airflow/example_dags/tutorial_dag.py
[2026-02-02T14:34:39.409+0000] {processor.py:830} INFO - Processing file /home/airflow/.local/lib/python3.8/site-packages/airflow/example_dags/tutorial_dag.py for tasks to queue
[2026-02-02T14:34:39.411+0000] {logging_mixin.py:188} INFO - [2026-02-02T14:34:39.410+0000] {dagbag.py:538} INFO - Filling up the DagBag from /home/airflow/.local/lib/python3.8/site-packages/airflow/example_dags/tutorial_dag.py
[2026-02-02T14:34:39.417+0000] {processor.py:840} INFO - DAG(s) 'tutorial_dag' retrieved from /home/airflow/.local/lib/python3.8/site-packages/airflow/example_dags/tutorial_dag.py
[2026-02-02T14:34:39.439+0000] {logging_mixin.py:188} INFO - [2026-02-02T14:34:39.439+0000] {dag.py:3036} INFO - Sync 1 DAGs
[2026-02-02T14:34:39.453+0000] {logging_mixin.py:188} INFO - [2026-02-02T14:34:39.452+0000] {dag.py:3823} INFO - Setting next_dagrun for tutorial_dag to None, run_after=None
[2026-02-02T14:34:39.471+0000] {processor.py:183} INFO - Processing /home/airflow/.local/lib/python3.8/site-packages/airflow/example_dags/tutorial_dag.py took 0.067 seconds
[2026-02-02T14:35:10.668+0000] {processor.py:161} INFO - Started process (PID=1678) to work on /home/airflow/.local/lib/python3.8/site-packages/airflow/example_dags/tutorial_dag.py
[2026-02-02T14:35:10.669+0000] {processor.py:830} INFO - Processing file /home/airflow/.local/lib/python3.8/site-packages/airflow/example_dags/tutorial_dag.py for tasks to queue
[2026-02-02T14:35:10.673+0000] {logging_mixin.py:188} INFO - [2026-02-02T14:35:10.673+0000] {dagbag.py:538} INFO - Filling up the DagBag from /home/airflow/.local/lib/python3.8/site-packages/airflow/example_dags/tutorial_dag.py
[2026-02-02T14:35:10.680+0000] {processor.py:840} INFO - DAG(s) 'tutorial_dag' retrieved from /home/airflow/.local/lib/python3.8/site-packages/airflow/example_dags/tutorial_dag.py
[2026-02-02T14:35:10.702+0000] {logging_mixin.py:188} INFO - [2026-02-02T14:35:10.701+0000] {dag.py:3036} INFO - Sync 1 DAGs
[2026-02-02T14:35:10.716+0000] {logging_mixin.py:188} INFO - [2026-02-02T14:35:10.716+0000] {dag.py:3823} INFO - Setting next_dagrun for tutorial_dag to None, run_after=None
[2026-02-02T14:35:10.748+0000] {processor.py:183} INFO - Processing /home/airflow/.local/lib/python3.8/site-packages/airflow/example_dags/tutorial_dag.py took 0.087 seconds
[2026-02-02T14:35:40.972+0000] {processor.py:161} INFO - Started process (PID=1733) to work on /home/airflow/.local/lib/python3.8/site-packages/airflow/example_dags/tutorial_dag.py
[2026-02-02T14:35:40.973+0000] {processor.py:830} INFO - Processing file /home/airflow/.local/lib/python3.8/site-packages/airflow/example_dags/tutorial_dag.py for tasks to queue
[2026-02-02T14:35:40.974+0000] {logging_mixin.py:188} INFO - [2026-02-02T14:35:40.974+0000] {dagbag.py:538} INFO - Filling up the DagBag from /home/airflow/.local/lib/python3.8/site-packages/airflow/example_dags/tutorial_dag.py
[2026-02-02T14:35:40.980+0000] {processor.py:840} INFO - DAG(s) 'tutorial_dag' retrieved from /home/airflow/.local/lib/python3.8/site-packages/airflow/example_dags/tutorial_dag.py
[2026-02-02T14:35:41.003+0000] {logging_mixin.py:188} INFO - [2026-02-02T14:35:41.003+0000] {dag.py:3036} INFO - Sync 1 DAGs
[2026-02-02T14:35:41.016+0000] {logging_mixin.py:188} INFO - [2026-02-02T14:35:41.016+0000] {dag.py:3823} INFO - Setting next_dagrun for tutorial_dag to None, run_after=None
[2026-02-02T14:35:41.034+0000] {processor.py:183} INFO - Processing /home/airflow/.local/lib/python3.8/site-packages/airflow/example_dags/tutorial_dag.py took 0.066 seconds
[2026-02-02T14:36:11.955+0000] {processor.py:161} INFO - Started process (PID=1788) to work on /home/airflow/.local/lib/python3.8/site-packages/airflow/example_dags/tutorial_dag.py
[2026-02-02T14:36:11.956+0000] {processor.py:830} INFO - Processing file /home/airflow/.local/lib/python3.8/site-packages/airflow/example_dags/tutorial_dag.py for tasks to queue
[2026-02-02T14:36:11.957+0000] {logging_mixin.py:188} INFO - [2026-02-02T14:36:11.957+0000] {dagbag.py:538} INFO - Filling up the DagBag from /home/airflow/.local/lib/python3.8/site-packages/airflow/example_dags/tutorial_dag.py
[2026-02-02T14:36:11.963+0000] {processor.py:840} INFO - DAG(s) 'tutorial_dag' retrieved from /home/airflow/.local/lib/python3.8/site-packages/airflow/example_dags/tutorial_dag.py
[2026-02-02T14:36:11.986+0000] {logging_mixin.py:188} INFO - [2026-02-02T14:36:11.986+0000] {dag.py:3036} INFO - Sync 1 DAGs
[2026-02-02T14:36:12.000+0000] {logging_mixin.py:188} INFO - [2026-02-02T14:36:12.000+0000] {dag.py:3823} INFO - Setting next_dagrun for tutorial_dag to None, run_after=None
[2026-02-02T14:36:12.017+0000] {processor.py:183} INFO - Processing /home/airflow/.local/lib/python3.8/site-packages/airflow/example_dags/tutorial_dag.py took 0.066 seconds
[2026-02-02T14:36:42.353+0000] {processor.py:161} INFO - Started process (PID=1843) to work on /home/airflow/.local/lib/python3.8/site-packages/airflow/example_dags/tutorial_dag.py
[2026-02-02T14:36:42.353+0000] {processor.py:830} INFO - Processing file /home/airflow/.local/lib/python3.8/site-packages/airflow/example_dags/tutorial_dag.py for tasks to queue
[2026-02-02T14:36:42.355+0000] {logging_mixin.py:188} INFO - [2026-02-02T14:36:42.355+0000] {dagbag.py:538} INFO - Filling up the DagBag from /home/airflow/.local/lib/python3.8/site-packages/airflow/example_dags/tutorial_dag.py
[2026-02-02T14:36:42.361+0000] {processor.py:840} INFO - DAG(s) 'tutorial_dag' retrieved from /home/airflow/.local/lib/python3.8/site-packages/airflow/example_dags/tutorial_dag.py
[2026-02-02T14:36:42.383+0000] {logging_mixin.py:188} INFO - [2026-02-02T14:36:42.383+0000] {dag.py:3036} INFO - Sync 1 DAGs
[2026-02-02T14:36:42.398+0000] {logging_mixin.py:188} INFO - [2026-02-02T14:36:42.398+0000] {dag.py:3823} INFO - Setting next_dagrun for tutorial_dag to None, run_after=None
[2026-02-02T14:36:42.415+0000] {processor.py:183} INFO - Processing /home/airflow/.local/lib/python3.8/site-packages/airflow/example_dags/tutorial_dag.py took 0.068 seconds
[2026-02-02T14:37:12.734+0000] {processor.py:161} INFO - Started process (PID=1898) to work on /home/airflow/.local/lib/python3.8/site-packages/airflow/example_dags/tutorial_dag.py
[2026-02-02T14:37:12.735+0000] {processor.py:830} INFO - Processing file /home/airflow/.local/lib/python3.8/site-packages/airflow/example_dags/tutorial_dag.py for tasks to queue
[2026-02-02T14:37:12.737+0000] {logging_mixin.py:188} INFO - [2026-02-02T14:37:12.737+0000] {dagbag.py:538} INFO - Filling up the DagBag from /home/airflow/.local/lib/python3.8/site-packages/airflow/example_dags/tutorial_dag.py
[2026-02-02T14:37:12.744+0000] {processor.py:840} INFO - DAG(s) 'tutorial_dag' retrieved from /home/airflow/.local/lib/python3.8/site-packages/airflow/example_dags/tutorial_dag.py
[2026-02-02T14:37:12.764+0000] {logging_mixin.py:188} INFO - [2026-02-02T14:37:12.764+0000] {dag.py:3036} INFO - Sync 1 DAGs
[2026-02-02T14:37:12.778+0000] {logging_mixin.py:188} INFO - [2026-02-02T14:37:12.778+0000] {dag.py:3823} INFO - Setting next_dagrun for tutorial_dag to None, run_after=None
[2026-02-02T14:37:12.797+0000] {processor.py:183} INFO - Processing /home/airflow/.local/lib/python3.8/site-packages/airflow/example_dags/tutorial_dag.py took 0.066 seconds
[2026-02-02T14:37:42.881+0000] {processor.py:161} INFO - Started process (PID=1953) to work on /home/airflow/.local/lib/python3.8/site-packages/airflow/example_dags/tutorial_dag.py
[2026-02-02T14:37:42.882+0000] {processor.py:830} INFO - Processing file /home/airflow/.local/lib/python3.8/site-packages/airflow/example_dags/tutorial_dag.py for tasks to queue
[2026-02-02T14:37:42.885+0000] {logging_mixin.py:188} INFO - [2026-02-02T14:37:42.885+0000] {dagbag.py:538} INFO - Filling up the DagBag from /home/airflow/.local/lib/python3.8/site-packages/airflow/example_dags/tutorial_dag.py
[2026-02-02T14:37:42.893+0000] {processor.py:840} INFO - DAG(s) 'tutorial_dag' retrieved from /home/airflow/.local/lib/python3.8/site-packages/airflow/example_dags/tutorial_dag.py
[2026-02-02T14:37:42.914+0000] {logging_mixin.py:188} INFO - [2026-02-02T14:37:42.914+0000] {dag.py:3036} INFO - Sync 1 DAGs
[2026-02-02T14:37:42.929+0000] {logging_mixin.py:188} INFO - [2026-02-02T14:37:42.928+0000] {dag.py:3823} INFO - Setting next_dagrun for tutorial_dag to None, run_after=None
[2026-02-02T14:37:42.948+0000] {processor.py:183} INFO - Processing /home/airflow/.local/lib/python3.8/site-packages/airflow/example_dags/tutorial_dag.py took 0.070 seconds
[2026-02-02T14:38:13.365+0000] {processor.py:161} INFO - Started process (PID=2007) to work on /home/airflow/.local/lib/python3.8/site-packages/airflow/example_dags/tutorial_dag.py
[2026-02-02T14:38:13.366+0000] {processor.py:830} INFO - Processing file /home/airflow/.local/lib/python3.8/site-packages/airflow/example_dags/tutorial_dag.py for tasks to queue
[2026-02-02T14:38:13.367+0000] {logging_mixin.py:188} INFO - [2026-02-02T14:38:13.367+0000] {dagbag.py:538} INFO - Filling up the DagBag from /home/airflow/.local/lib/python3.8/site-packages/airflow/example_dags/tutorial_dag.py
[2026-02-02T14:38:13.372+0000] {processor.py:840} INFO - DAG(s) 'tutorial_dag' retrieved from /home/airflow/.local/lib/python3.8/site-packages/airflow/example_dags/tutorial_dag.py
[2026-02-02T14:38:13.387+0000] {logging_mixin.py:188} INFO - [2026-02-02T14:38:13.387+0000] {dag.py:3036} INFO - Sync 1 DAGs
[2026-02-02T14:38:13.397+0000] {logging_mixin.py:188} INFO - [2026-02-02T14:38:13.397+0000] {dag.py:3823} INFO - Setting next_dagrun for tutorial_dag to None, run_after=None
[2026-02-02T14:38:13.411+0000] {processor.py:183} INFO - Processing /home/airflow/.local/lib/python3.8/site-packages/airflow/example_dags/tutorial_dag.py took 0.048 seconds
[2026-02-02T14:38:44.441+0000] {processor.py:161} INFO - Started process (PID=2062) to work on /home/airflow/.local/lib/python3.8/site-packages/airflow/example_dags/tutorial_dag.py
[2026-02-02T14:38:44.442+0000] {processor.py:830} INFO - Processing file /home/airflow/.local/lib/python3.8/site-packages/airflow/example_dags/tutorial_dag.py for tasks to queue
[2026-02-02T14:38:44.444+0000] {logging_mixin.py:188} INFO - [2026-02-02T14:38:44.444+0000] {dagbag.py:538} INFO - Filling up the DagBag from /home/airflow/.local/lib/python3.8/site-packages/airflow/example_dags/tutorial_dag.py
[2026-02-02T14:38:44.450+0000] {processor.py:840} INFO - DAG(s) 'tutorial_dag' retrieved from /home/airflow/.local/lib/python3.8/site-packages/airflow/example_dags/tutorial_dag.py
[2026-02-02T14:38:44.471+0000] {logging_mixin.py:188} INFO - [2026-02-02T14:38:44.471+0000] {dag.py:3036} INFO - Sync 1 DAGs
[2026-02-02T14:38:44.485+0000] {logging_mixin.py:188} INFO - [2026-02-02T14:38:44.485+0000] {dag.py:3823} INFO - Setting next_dagrun for tutorial_dag to None, run_after=None
[2026-02-02T14:38:44.520+0000] {processor.py:183} INFO - Processing /home/airflow/.local/lib/python3.8/site-packages/airflow/example_dags/tutorial_dag.py took 0.082 seconds
[2026-02-02T14:39:15.150+0000] {processor.py:161} INFO - Started process (PID=2117) to work on /home/airflow/.local/lib/python3.8/site-packages/airflow/example_dags/tutorial_dag.py
[2026-02-02T14:39:15.151+0000] {processor.py:830} INFO - Processing file /home/airflow/.local/lib/python3.8/site-packages/airflow/example_dags/tutorial_dag.py for tasks to queue
[2026-02-02T14:39:15.153+0000] {logging_mixin.py:188} INFO - [2026-02-02T14:39:15.152+0000] {dagbag.py:538} INFO - Filling up the DagBag from /home/airflow/.local/lib/python3.8/site-packages/airflow/example_dags/tutorial_dag.py
[2026-02-02T14:39:15.158+0000] {processor.py:840} INFO - DAG(s) 'tutorial_dag' retrieved from /home/airflow/.local/lib/python3.8/site-packages/airflow/example_dags/tutorial_dag.py
[2026-02-02T14:39:15.180+0000] {logging_mixin.py:188} INFO - [2026-02-02T14:39:15.179+0000] {dag.py:3036} INFO - Sync 1 DAGs
[2026-02-02T14:39:15.193+0000] {logging_mixin.py:188} INFO - [2026-02-02T14:39:15.193+0000] {dag.py:3823} INFO - Setting next_dagrun for tutorial_dag to None, run_after=None
[2026-02-02T14:39:15.210+0000] {processor.py:183} INFO - Processing /home/airflow/.local/lib/python3.8/site-packages/airflow/example_dags/tutorial_dag.py took 0.064 seconds
[2026-02-02T14:39:45.290+0000] {processor.py:161} INFO - Started process (PID=2171) to work on /home/airflow/.local/lib/python3.8/site-packages/airflow/example_dags/tutorial_dag.py
[2026-02-02T14:39:45.291+0000] {processor.py:830} INFO - Processing file /home/airflow/.local/lib/python3.8/site-packages/airflow/example_dags/tutorial_dag.py for tasks to queue
[2026-02-02T14:39:45.293+0000] {logging_mixin.py:188} INFO - [2026-02-02T14:39:45.292+0000] {dagbag.py:538} INFO - Filling up the DagBag from /home/airflow/.local/lib/python3.8/site-packages/airflow/example_dags/tutorial_dag.py
[2026-02-02T14:39:45.299+0000] {processor.py:840} INFO - DAG(s) 'tutorial_dag' retrieved from /home/airflow/.local/lib/python3.8/site-packages/airflow/example_dags/tutorial_dag.py
[2026-02-02T14:39:45.323+0000] {logging_mixin.py:188} INFO - [2026-02-02T14:39:45.322+0000] {dag.py:3036} INFO - Sync 1 DAGs
[2026-02-02T14:39:45.339+0000] {logging_mixin.py:188} INFO - [2026-02-02T14:39:45.339+0000] {dag.py:3823} INFO - Setting next_dagrun for tutorial_dag to None, run_after=None
[2026-02-02T14:39:45.360+0000] {processor.py:183} INFO - Processing /home/airflow/.local/lib/python3.8/site-packages/airflow/example_dags/tutorial_dag.py took 0.074 seconds
[2026-02-02T14:40:15.433+0000] {processor.py:161} INFO - Started process (PID=2225) to work on /home/airflow/.local/lib/python3.8/site-packages/airflow/example_dags/tutorial_dag.py
[2026-02-02T14:40:15.434+0000] {processor.py:830} INFO - Processing file /home/airflow/.local/lib/python3.8/site-packages/airflow/example_dags/tutorial_dag.py for tasks to queue
[2026-02-02T14:40:15.435+0000] {logging_mixin.py:188} INFO - [2026-02-02T14:40:15.435+0000] {dagbag.py:538} INFO - Filling up the DagBag from /home/airflow/.local/lib/python3.8/site-packages/airflow/example_dags/tutorial_dag.py
[2026-02-02T14:40:15.439+0000] {processor.py:840} INFO - DAG(s) 'tutorial_dag' retrieved from /home/airflow/.local/lib/python3.8/site-packages/airflow/example_dags/tutorial_dag.py
[2026-02-02T14:40:15.455+0000] {logging_mixin.py:188} INFO - [2026-02-02T14:40:15.454+0000] {dag.py:3036} INFO - Sync 1 DAGs
[2026-02-02T14:40:15.466+0000] {logging_mixin.py:188} INFO - [2026-02-02T14:40:15.466+0000] {dag.py:3823} INFO - Setting next_dagrun for tutorial_dag to None, run_after=None
[2026-02-02T14:40:15.480+0000] {processor.py:183} INFO - Processing /home/airflow/.local/lib/python3.8/site-packages/airflow/example_dags/tutorial_dag.py took 0.050 seconds
[2026-02-02T14:40:45.798+0000] {processor.py:161} INFO - Started process (PID=2280) to work on /home/airflow/.local/lib/python3.8/site-packages/airflow/example_dags/tutorial_dag.py
[2026-02-02T14:40:45.800+0000] {processor.py:830} INFO - Processing file /home/airflow/.local/lib/python3.8/site-packages/airflow/example_dags/tutorial_dag.py for tasks to queue
[2026-02-02T14:40:45.803+0000] {logging_mixin.py:188} INFO - [2026-02-02T14:40:45.802+0000] {dagbag.py:538} INFO - Filling up the DagBag from /home/airflow/.local/lib/python3.8/site-packages/airflow/example_dags/tutorial_dag.py
[2026-02-02T14:40:45.810+0000] {processor.py:840} INFO - DAG(s) 'tutorial_dag' retrieved from /home/airflow/.local/lib/python3.8/site-packages/airflow/example_dags/tutorial_dag.py
[2026-02-02T14:40:45.835+0000] {logging_mixin.py:188} INFO - [2026-02-02T14:40:45.835+0000] {dag.py:3036} INFO - Sync 1 DAGs
[2026-02-02T14:40:45.848+0000] {logging_mixin.py:188} INFO - [2026-02-02T14:40:45.848+0000] {dag.py:3823} INFO - Setting next_dagrun for tutorial_dag to None, run_after=None
[2026-02-02T14:40:45.868+0000] {processor.py:183} INFO - Processing /home/airflow/.local/lib/python3.8/site-packages/airflow/example_dags/tutorial_dag.py took 0.081 seconds
[2026-02-02T14:41:16.813+0000] {processor.py:161} INFO - Started process (PID=2336) to work on /home/airflow/.local/lib/python3.8/site-packages/airflow/example_dags/tutorial_dag.py
[2026-02-02T14:41:16.814+0000] {processor.py:830} INFO - Processing file /home/airflow/.local/lib/python3.8/site-packages/airflow/example_dags/tutorial_dag.py for tasks to queue
[2026-02-02T14:41:16.818+0000] {logging_mixin.py:188} INFO - [2026-02-02T14:41:16.818+0000] {dagbag.py:538} INFO - Filling up the DagBag from /home/airflow/.local/lib/python3.8/site-packages/airflow/example_dags/tutorial_dag.py
[2026-02-02T14:41:16.828+0000] {processor.py:840} INFO - DAG(s) 'tutorial_dag' retrieved from /home/airflow/.local/lib/python3.8/site-packages/airflow/example_dags/tutorial_dag.py
[2026-02-02T14:41:16.852+0000] {logging_mixin.py:188} INFO - [2026-02-02T14:41:16.852+0000] {dag.py:3036} INFO - Sync 1 DAGs
[2026-02-02T14:41:16.866+0000] {logging_mixin.py:188} INFO - [2026-02-02T14:41:16.866+0000] {dag.py:3823} INFO - Setting next_dagrun for tutorial_dag to None, run_after=None
[2026-02-02T14:41:16.884+0000] {processor.py:183} INFO - Processing /home/airflow/.local/lib/python3.8/site-packages/airflow/example_dags/tutorial_dag.py took 0.083 seconds
[2026-02-02T14:41:47.010+0000] {processor.py:161} INFO - Started process (PID=2391) to work on /home/airflow/.local/lib/python3.8/site-packages/airflow/example_dags/tutorial_dag.py
[2026-02-02T14:41:47.011+0000] {processor.py:830} INFO - Processing file /home/airflow/.local/lib/python3.8/site-packages/airflow/example_dags/tutorial_dag.py for tasks to queue
[2026-02-02T14:41:47.012+0000] {logging_mixin.py:188} INFO - [2026-02-02T14:41:47.012+0000] {dagbag.py:538} INFO - Filling up the DagBag from /home/airflow/.local/lib/python3.8/site-packages/airflow/example_dags/tutorial_dag.py
[2026-02-02T14:41:47.017+0000] {processor.py:840} INFO - DAG(s) 'tutorial_dag' retrieved from /home/airflow/.local/lib/python3.8/site-packages/airflow/example_dags/tutorial_dag.py
[2026-02-02T14:41:47.032+0000] {logging_mixin.py:188} INFO - [2026-02-02T14:41:47.032+0000] {dag.py:3036} INFO - Sync 1 DAGs
[2026-02-02T14:41:47.041+0000] {logging_mixin.py:188} INFO - [2026-02-02T14:41:47.041+0000] {dag.py:3823} INFO - Setting next_dagrun for tutorial_dag to None, run_after=None
[2026-02-02T14:41:47.055+0000] {processor.py:183} INFO - Processing /home/airflow/.local/lib/python3.8/site-packages/airflow/example_dags/tutorial_dag.py took 0.047 seconds
[2026-02-02T14:42:17.620+0000] {processor.py:161} INFO - Started process (PID=2446) to work on /home/airflow/.local/lib/python3.8/site-packages/airflow/example_dags/tutorial_dag.py
[2026-02-02T14:42:17.621+0000] {processor.py:830} INFO - Processing file /home/airflow/.local/lib/python3.8/site-packages/airflow/example_dags/tutorial_dag.py for tasks to queue
[2026-02-02T14:42:17.623+0000] {logging_mixin.py:188} INFO - [2026-02-02T14:42:17.623+0000] {dagbag.py:538} INFO - Filling up the DagBag from /home/airflow/.local/lib/python3.8/site-packages/airflow/example_dags/tutorial_dag.py
[2026-02-02T14:42:17.628+0000] {processor.py:840} INFO - DAG(s) 'tutorial_dag' retrieved from /home/airflow/.local/lib/python3.8/site-packages/airflow/example_dags/tutorial_dag.py
[2026-02-02T14:42:17.643+0000] {logging_mixin.py:188} INFO - [2026-02-02T14:42:17.643+0000] {dag.py:3036} INFO - Sync 1 DAGs
[2026-02-02T14:42:17.653+0000] {logging_mixin.py:188} INFO - [2026-02-02T14:42:17.652+0000] {dag.py:3823} INFO - Setting next_dagrun for tutorial_dag to None, run_after=None
[2026-02-02T14:42:17.667+0000] {processor.py:183} INFO - Processing /home/airflow/.local/lib/python3.8/site-packages/airflow/example_dags/tutorial_dag.py took 0.050 seconds
[2026-02-02T14:42:48.323+0000] {processor.py:161} INFO - Started process (PID=2501) to work on /home/airflow/.local/lib/python3.8/site-packages/airflow/example_dags/tutorial_dag.py
[2026-02-02T14:42:48.324+0000] {processor.py:830} INFO - Processing file /home/airflow/.local/lib/python3.8/site-packages/airflow/example_dags/tutorial_dag.py for tasks to queue
[2026-02-02T14:42:48.325+0000] {logging_mixin.py:188} INFO - [2026-02-02T14:42:48.325+0000] {dagbag.py:538} INFO - Filling up the DagBag from /home/airflow/.local/lib/python3.8/site-packages/airflow/example_dags/tutorial_dag.py
[2026-02-02T14:42:48.330+0000] {processor.py:840} INFO - DAG(s) 'tutorial_dag' retrieved from /home/airflow/.local/lib/python3.8/site-packages/airflow/example_dags/tutorial_dag.py
[2026-02-02T14:42:48.345+0000] {logging_mixin.py:188} INFO - [2026-02-02T14:42:48.345+0000] {dag.py:3036} INFO - Sync 1 DAGs
[2026-02-02T14:42:48.359+0000] {logging_mixin.py:188} INFO - [2026-02-02T14:42:48.359+0000] {dag.py:3823} INFO - Setting next_dagrun for tutorial_dag to None, run_after=None
[2026-02-02T14:42:48.373+0000] {processor.py:183} INFO - Processing /home/airflow/.local/lib/python3.8/site-packages/airflow/example_dags/tutorial_dag.py took 0.053 seconds
[2026-02-02T14:43:18.580+0000] {processor.py:161} INFO - Started process (PID=2555) to work on /home/airflow/.local/lib/python3.8/site-packages/airflow/example_dags/tutorial_dag.py
[2026-02-02T14:43:18.581+0000] {processor.py:830} INFO - Processing file /home/airflow/.local/lib/python3.8/site-packages/airflow/example_dags/tutorial_dag.py for tasks to queue
[2026-02-02T14:43:18.582+0000] {logging_mixin.py:188} INFO - [2026-02-02T14:43:18.582+0000] {dagbag.py:538} INFO - Filling up the DagBag from /home/airflow/.local/lib/python3.8/site-packages/airflow/example_dags/tutorial_dag.py
[2026-02-02T14:43:18.587+0000] {processor.py:840} INFO - DAG(s) 'tutorial_dag' retrieved from /home/airflow/.local/lib/python3.8/site-packages/airflow/example_dags/tutorial_dag.py
[2026-02-02T14:43:18.603+0000] {logging_mixin.py:188} INFO - [2026-02-02T14:43:18.603+0000] {dag.py:3036} INFO - Sync 1 DAGs
[2026-02-02T14:43:18.619+0000] {logging_mixin.py:188} INFO - [2026-02-02T14:43:18.619+0000] {dag.py:3823} INFO - Setting next_dagrun for tutorial_dag to None, run_after=None
[2026-02-02T14:43:18.643+0000] {processor.py:183} INFO - Processing /home/airflow/.local/lib/python3.8/site-packages/airflow/example_dags/tutorial_dag.py took 0.065 seconds
[2026-02-02T14:43:49.396+0000] {processor.py:161} INFO - Started process (PID=2610) to work on /home/airflow/.local/lib/python3.8/site-packages/airflow/example_dags/tutorial_dag.py
[2026-02-02T14:43:49.397+0000] {processor.py:830} INFO - Processing file /home/airflow/.local/lib/python3.8/site-packages/airflow/example_dags/tutorial_dag.py for tasks to queue
[2026-02-02T14:43:49.398+0000] {logging_mixin.py:188} INFO - [2026-02-02T14:43:49.398+0000] {dagbag.py:538} INFO - Filling up the DagBag from /home/airflow/.local/lib/python3.8/site-packages/airflow/example_dags/tutorial_dag.py
[2026-02-02T14:43:49.404+0000] {processor.py:840} INFO - DAG(s) 'tutorial_dag' retrieved from /home/airflow/.local/lib/python3.8/site-packages/airflow/example_dags/tutorial_dag.py
[2026-02-02T14:43:49.420+0000] {logging_mixin.py:188} INFO - [2026-02-02T14:43:49.419+0000] {dag.py:3036} INFO - Sync 1 DAGs
[2026-02-02T14:43:49.429+0000] {logging_mixin.py:188} INFO - [2026-02-02T14:43:49.429+0000] {dag.py:3823} INFO - Setting next_dagrun for tutorial_dag to None, run_after=None
[2026-02-02T14:43:49.443+0000] {processor.py:183} INFO - Processing /home/airflow/.local/lib/python3.8/site-packages/airflow/example_dags/tutorial_dag.py took 0.050 seconds
[2026-02-02T14:44:20.128+0000] {processor.py:161} INFO - Started process (PID=2665) to work on /home/airflow/.local/lib/python3.8/site-packages/airflow/example_dags/tutorial_dag.py
[2026-02-02T14:44:20.129+0000] {processor.py:830} INFO - Processing file /home/airflow/.local/lib/python3.8/site-packages/airflow/example_dags/tutorial_dag.py for tasks to queue
[2026-02-02T14:44:20.130+0000] {logging_mixin.py:188} INFO - [2026-02-02T14:44:20.130+0000] {dagbag.py:538} INFO - Filling up the DagBag from /home/airflow/.local/lib/python3.8/site-packages/airflow/example_dags/tutorial_dag.py
[2026-02-02T14:44:20.134+0000] {processor.py:840} INFO - DAG(s) 'tutorial_dag' retrieved from /home/airflow/.local/lib/python3.8/site-packages/airflow/example_dags/tutorial_dag.py
[2026-02-02T14:44:20.150+0000] {logging_mixin.py:188} INFO - [2026-02-02T14:44:20.150+0000] {dag.py:3036} INFO - Sync 1 DAGs
[2026-02-02T14:44:20.159+0000] {logging_mixin.py:188} INFO - [2026-02-02T14:44:20.159+0000] {dag.py:3823} INFO - Setting next_dagrun for tutorial_dag to None, run_after=None
[2026-02-02T14:44:20.173+0000] {processor.py:183} INFO - Processing /home/airflow/.local/lib/python3.8/site-packages/airflow/example_dags/tutorial_dag.py took 0.049 seconds
[2026-02-02T14:44:50.534+0000] {processor.py:161} INFO - Started process (PID=2720) to work on /home/airflow/.local/lib/python3.8/site-packages/airflow/example_dags/tutorial_dag.py
[2026-02-02T14:44:50.534+0000] {processor.py:830} INFO - Processing file /home/airflow/.local/lib/python3.8/site-packages/airflow/example_dags/tutorial_dag.py for tasks to queue
[2026-02-02T14:44:50.536+0000] {logging_mixin.py:188} INFO - [2026-02-02T14:44:50.536+0000] {dagbag.py:538} INFO - Filling up the DagBag from /home/airflow/.local/lib/python3.8/site-packages/airflow/example_dags/tutorial_dag.py
[2026-02-02T14:44:50.542+0000] {processor.py:840} INFO - DAG(s) 'tutorial_dag' retrieved from /home/airflow/.local/lib/python3.8/site-packages/airflow/example_dags/tutorial_dag.py
[2026-02-02T14:44:50.558+0000] {logging_mixin.py:188} INFO - [2026-02-02T14:44:50.558+0000] {dag.py:3036} INFO - Sync 1 DAGs
[2026-02-02T14:44:50.567+0000] {logging_mixin.py:188} INFO - [2026-02-02T14:44:50.567+0000] {dag.py:3823} INFO - Setting next_dagrun for tutorial_dag to None, run_after=None
[2026-02-02T14:44:50.581+0000] {processor.py:183} INFO - Processing /home/airflow/.local/lib/python3.8/site-packages/airflow/example_dags/tutorial_dag.py took 0.050 seconds
[2026-02-02T14:45:21.236+0000] {processor.py:161} INFO - Started process (PID=2777) to work on /home/airflow/.local/lib/python3.8/site-packages/airflow/example_dags/tutorial_dag.py
[2026-02-02T14:45:21.237+0000] {processor.py:830} INFO - Processing file /home/airflow/.local/lib/python3.8/site-packages/airflow/example_dags/tutorial_dag.py for tasks to queue
[2026-02-02T14:45:21.238+0000] {logging_mixin.py:188} INFO - [2026-02-02T14:45:21.238+0000] {dagbag.py:538} INFO - Filling up the DagBag from /home/airflow/.local/lib/python3.8/site-packages/airflow/example_dags/tutorial_dag.py
[2026-02-02T14:45:21.243+0000] {processor.py:840} INFO - DAG(s) 'tutorial_dag' retrieved from /home/airflow/.local/lib/python3.8/site-packages/airflow/example_dags/tutorial_dag.py
[2026-02-02T14:45:21.258+0000] {logging_mixin.py:188} INFO - [2026-02-02T14:45:21.258+0000] {dag.py:3036} INFO - Sync 1 DAGs
[2026-02-02T14:45:21.270+0000] {logging_mixin.py:188} INFO - [2026-02-02T14:45:21.270+0000] {dag.py:3823} INFO - Setting next_dagrun for tutorial_dag to None, run_after=None
[2026-02-02T14:45:21.288+0000] {processor.py:183} INFO - Processing /home/airflow/.local/lib/python3.8/site-packages/airflow/example_dags/tutorial_dag.py took 0.054 seconds
[2026-02-02T14:45:51.553+0000] {processor.py:161} INFO - Started process (PID=2833) to work on /home/airflow/.local/lib/python3.8/site-packages/airflow/example_dags/tutorial_dag.py
[2026-02-02T14:45:51.554+0000] {processor.py:830} INFO - Processing file /home/airflow/.local/lib/python3.8/site-packages/airflow/example_dags/tutorial_dag.py for tasks to queue
[2026-02-02T14:45:51.556+0000] {logging_mixin.py:188} INFO - [2026-02-02T14:45:51.556+0000] {dagbag.py:538} INFO - Filling up the DagBag from /home/airflow/.local/lib/python3.8/site-packages/airflow/example_dags/tutorial_dag.py
[2026-02-02T14:45:51.562+0000] {processor.py:840} INFO - DAG(s) 'tutorial_dag' retrieved from /home/airflow/.local/lib/python3.8/site-packages/airflow/example_dags/tutorial_dag.py
[2026-02-02T14:45:51.580+0000] {logging_mixin.py:188} INFO - [2026-02-02T14:45:51.579+0000] {dag.py:3036} INFO - Sync 1 DAGs
[2026-02-02T14:45:51.591+0000] {logging_mixin.py:188} INFO - [2026-02-02T14:45:51.591+0000] {dag.py:3823} INFO - Setting next_dagrun for tutorial_dag to None, run_after=None
[2026-02-02T14:45:51.608+0000] {processor.py:183} INFO - Processing /home/airflow/.local/lib/python3.8/site-packages/airflow/example_dags/tutorial_dag.py took 0.059 seconds
[2026-02-02T14:46:21.830+0000] {processor.py:161} INFO - Started process (PID=2888) to work on /home/airflow/.local/lib/python3.8/site-packages/airflow/example_dags/tutorial_dag.py
[2026-02-02T14:46:21.831+0000] {processor.py:830} INFO - Processing file /home/airflow/.local/lib/python3.8/site-packages/airflow/example_dags/tutorial_dag.py for tasks to queue
[2026-02-02T14:46:21.833+0000] {logging_mixin.py:188} INFO - [2026-02-02T14:46:21.832+0000] {dagbag.py:538} INFO - Filling up the DagBag from /home/airflow/.local/lib/python3.8/site-packages/airflow/example_dags/tutorial_dag.py
[2026-02-02T14:46:21.837+0000] {processor.py:840} INFO - DAG(s) 'tutorial_dag' retrieved from /home/airflow/.local/lib/python3.8/site-packages/airflow/example_dags/tutorial_dag.py
[2026-02-02T14:46:21.852+0000] {logging_mixin.py:188} INFO - [2026-02-02T14:46:21.852+0000] {dag.py:3036} INFO - Sync 1 DAGs
[2026-02-02T14:46:21.862+0000] {logging_mixin.py:188} INFO - [2026-02-02T14:46:21.862+0000] {dag.py:3823} INFO - Setting next_dagrun for tutorial_dag to None, run_after=None
[2026-02-02T14:46:21.876+0000] {processor.py:183} INFO - Processing /home/airflow/.local/lib/python3.8/site-packages/airflow/example_dags/tutorial_dag.py took 0.049 seconds
[2026-02-02T14:46:52.063+0000] {processor.py:161} INFO - Started process (PID=2944) to work on /home/airflow/.local/lib/python3.8/site-packages/airflow/example_dags/tutorial_dag.py
[2026-02-02T14:46:52.064+0000] {processor.py:830} INFO - Processing file /home/airflow/.local/lib/python3.8/site-packages/airflow/example_dags/tutorial_dag.py for tasks to queue
[2026-02-02T14:46:52.066+0000] {logging_mixin.py:188} INFO - [2026-02-02T14:46:52.065+0000] {dagbag.py:538} INFO - Filling up the DagBag from /home/airflow/.local/lib/python3.8/site-packages/airflow/example_dags/tutorial_dag.py
[2026-02-02T14:46:52.071+0000] {processor.py:840} INFO - DAG(s) 'tutorial_dag' retrieved from /home/airflow/.local/lib/python3.8/site-packages/airflow/example_dags/tutorial_dag.py
[2026-02-02T14:46:52.090+0000] {logging_mixin.py:188} INFO - [2026-02-02T14:46:52.090+0000] {dag.py:3036} INFO - Sync 1 DAGs
[2026-02-02T14:46:52.103+0000] {logging_mixin.py:188} INFO - [2026-02-02T14:46:52.103+0000] {dag.py:3823} INFO - Setting next_dagrun for tutorial_dag to None, run_after=None
[2026-02-02T14:46:52.121+0000] {processor.py:183} INFO - Processing /home/airflow/.local/lib/python3.8/site-packages/airflow/example_dags/tutorial_dag.py took 0.061 seconds
[2026-02-02T14:47:23.074+0000] {processor.py:161} INFO - Started process (PID=3000) to work on /home/airflow/.local/lib/python3.8/site-packages/airflow/example_dags/tutorial_dag.py
[2026-02-02T14:47:23.075+0000] {processor.py:830} INFO - Processing file /home/airflow/.local/lib/python3.8/site-packages/airflow/example_dags/tutorial_dag.py for tasks to queue
[2026-02-02T14:47:23.077+0000] {logging_mixin.py:188} INFO - [2026-02-02T14:47:23.077+0000] {dagbag.py:538} INFO - Filling up the DagBag from /home/airflow/.local/lib/python3.8/site-packages/airflow/example_dags/tutorial_dag.py
[2026-02-02T14:47:23.085+0000] {processor.py:840} INFO - DAG(s) 'tutorial_dag' retrieved from /home/airflow/.local/lib/python3.8/site-packages/airflow/example_dags/tutorial_dag.py
[2026-02-02T14:47:23.120+0000] {logging_mixin.py:188} INFO - [2026-02-02T14:47:23.119+0000] {dag.py:3036} INFO - Sync 1 DAGs
[2026-02-02T14:47:23.142+0000] {logging_mixin.py:188} INFO - [2026-02-02T14:47:23.141+0000] {dag.py:3823} INFO - Setting next_dagrun for tutorial_dag to None, run_after=None
[2026-02-02T14:47:23.167+0000] {processor.py:183} INFO - Processing /home/airflow/.local/lib/python3.8/site-packages/airflow/example_dags/tutorial_dag.py took 0.097 seconds
[2026-02-02T14:47:53.848+0000] {processor.py:161} INFO - Started process (PID=3057) to work on /home/airflow/.local/lib/python3.8/site-packages/airflow/example_dags/tutorial_dag.py
[2026-02-02T14:47:53.849+0000] {processor.py:830} INFO - Processing file /home/airflow/.local/lib/python3.8/site-packages/airflow/example_dags/tutorial_dag.py for tasks to queue
[2026-02-02T14:47:53.851+0000] {logging_mixin.py:188} INFO - [2026-02-02T14:47:53.850+0000] {dagbag.py:538} INFO - Filling up the DagBag from /home/airflow/.local/lib/python3.8/site-packages/airflow/example_dags/tutorial_dag.py
[2026-02-02T14:47:53.857+0000] {processor.py:840} INFO - DAG(s) 'tutorial_dag' retrieved from /home/airflow/.local/lib/python3.8/site-packages/airflow/example_dags/tutorial_dag.py
[2026-02-02T14:47:53.878+0000] {logging_mixin.py:188} INFO - [2026-02-02T14:47:53.878+0000] {dag.py:3036} INFO - Sync 1 DAGs
[2026-02-02T14:47:53.888+0000] {logging_mixin.py:188} INFO - [2026-02-02T14:47:53.888+0000] {dag.py:3823} INFO - Setting next_dagrun for tutorial_dag to None, run_after=None
[2026-02-02T14:47:53.903+0000] {processor.py:183} INFO - Processing /home/airflow/.local/lib/python3.8/site-packages/airflow/example_dags/tutorial_dag.py took 0.059 seconds
[2026-02-02T14:48:24.307+0000] {processor.py:161} INFO - Started process (PID=3113) to work on /home/airflow/.local/lib/python3.8/site-packages/airflow/example_dags/tutorial_dag.py
[2026-02-02T14:48:24.308+0000] {processor.py:830} INFO - Processing file /home/airflow/.local/lib/python3.8/site-packages/airflow/example_dags/tutorial_dag.py for tasks to queue
[2026-02-02T14:48:24.310+0000] {logging_mixin.py:188} INFO - [2026-02-02T14:48:24.310+0000] {dagbag.py:538} INFO - Filling up the DagBag from /home/airflow/.local/lib/python3.8/site-packages/airflow/example_dags/tutorial_dag.py
[2026-02-02T14:48:24.317+0000] {processor.py:840} INFO - DAG(s) 'tutorial_dag' retrieved from /home/airflow/.local/lib/python3.8/site-packages/airflow/example_dags/tutorial_dag.py
[2026-02-02T14:48:24.338+0000] {logging_mixin.py:188} INFO - [2026-02-02T14:48:24.337+0000] {dag.py:3036} INFO - Sync 1 DAGs
[2026-02-02T14:48:24.349+0000] {logging_mixin.py:188} INFO - [2026-02-02T14:48:24.348+0000] {dag.py:3823} INFO - Setting next_dagrun for tutorial_dag to None, run_after=None
[2026-02-02T14:48:24.363+0000] {processor.py:183} INFO - Processing /home/airflow/.local/lib/python3.8/site-packages/airflow/example_dags/tutorial_dag.py took 0.060 seconds
[2026-02-02T14:48:54.737+0000] {processor.py:161} INFO - Started process (PID=3168) to work on /home/airflow/.local/lib/python3.8/site-packages/airflow/example_dags/tutorial_dag.py
[2026-02-02T14:48:54.738+0000] {processor.py:830} INFO - Processing file /home/airflow/.local/lib/python3.8/site-packages/airflow/example_dags/tutorial_dag.py for tasks to queue
[2026-02-02T14:48:54.740+0000] {logging_mixin.py:188} INFO - [2026-02-02T14:48:54.739+0000] {dagbag.py:538} INFO - Filling up the DagBag from /home/airflow/.local/lib/python3.8/site-packages/airflow/example_dags/tutorial_dag.py
[2026-02-02T14:48:54.746+0000] {processor.py:840} INFO - DAG(s) 'tutorial_dag' retrieved from /home/airflow/.local/lib/python3.8/site-packages/airflow/example_dags/tutorial_dag.py
[2026-02-02T14:48:54.771+0000] {logging_mixin.py:188} INFO - [2026-02-02T14:48:54.770+0000] {dag.py:3036} INFO - Sync 1 DAGs
[2026-02-02T14:48:54.786+0000] {logging_mixin.py:188} INFO - [2026-02-02T14:48:54.786+0000] {dag.py:3823} INFO - Setting next_dagrun for tutorial_dag to None, run_after=None
[2026-02-02T14:48:54.800+0000] {processor.py:183} INFO - Processing /home/airflow/.local/lib/python3.8/site-packages/airflow/example_dags/tutorial_dag.py took 0.067 seconds
[2026-02-02T14:49:25.169+0000] {processor.py:161} INFO - Started process (PID=3224) to work on /home/airflow/.local/lib/python3.8/site-packages/airflow/example_dags/tutorial_dag.py
[2026-02-02T14:49:25.170+0000] {processor.py:830} INFO - Processing file /home/airflow/.local/lib/python3.8/site-packages/airflow/example_dags/tutorial_dag.py for tasks to queue
[2026-02-02T14:49:25.171+0000] {logging_mixin.py:188} INFO - [2026-02-02T14:49:25.171+0000] {dagbag.py:538} INFO - Filling up the DagBag from /home/airflow/.local/lib/python3.8/site-packages/airflow/example_dags/tutorial_dag.py
[2026-02-02T14:49:25.176+0000] {processor.py:840} INFO - DAG(s) 'tutorial_dag' retrieved from /home/airflow/.local/lib/python3.8/site-packages/airflow/example_dags/tutorial_dag.py
[2026-02-02T14:49:25.191+0000] {logging_mixin.py:188} INFO - [2026-02-02T14:49:25.191+0000] {dag.py:3036} INFO - Sync 1 DAGs
[2026-02-02T14:49:25.201+0000] {logging_mixin.py:188} INFO - [2026-02-02T14:49:25.201+0000] {dag.py:3823} INFO - Setting next_dagrun for tutorial_dag to None, run_after=None
[2026-02-02T14:49:25.218+0000] {processor.py:183} INFO - Processing /home/airflow/.local/lib/python3.8/site-packages/airflow/example_dags/tutorial_dag.py took 0.053 seconds
[2026-02-02T14:49:55.722+0000] {processor.py:161} INFO - Started process (PID=3280) to work on /home/airflow/.local/lib/python3.8/site-packages/airflow/example_dags/tutorial_dag.py
[2026-02-02T14:49:55.723+0000] {processor.py:830} INFO - Processing file /home/airflow/.local/lib/python3.8/site-packages/airflow/example_dags/tutorial_dag.py for tasks to queue
[2026-02-02T14:49:55.725+0000] {logging_mixin.py:188} INFO - [2026-02-02T14:49:55.724+0000] {dagbag.py:538} INFO - Filling up the DagBag from /home/airflow/.local/lib/python3.8/site-packages/airflow/example_dags/tutorial_dag.py
[2026-02-02T14:49:55.731+0000] {processor.py:840} INFO - DAG(s) 'tutorial_dag' retrieved from /home/airflow/.local/lib/python3.8/site-packages/airflow/example_dags/tutorial_dag.py
[2026-02-02T14:49:55.754+0000] {logging_mixin.py:188} INFO - [2026-02-02T14:49:55.754+0000] {dag.py:3036} INFO - Sync 1 DAGs
[2026-02-02T14:49:55.769+0000] {logging_mixin.py:188} INFO - [2026-02-02T14:49:55.769+0000] {dag.py:3823} INFO - Setting next_dagrun for tutorial_dag to None, run_after=None
[2026-02-02T14:49:55.787+0000] {processor.py:183} INFO - Processing /home/airflow/.local/lib/python3.8/site-packages/airflow/example_dags/tutorial_dag.py took 0.070 seconds
[2026-02-02T14:50:25.939+0000] {processor.py:161} INFO - Started process (PID=3336) to work on /home/airflow/.local/lib/python3.8/site-packages/airflow/example_dags/tutorial_dag.py
[2026-02-02T14:50:25.940+0000] {processor.py:830} INFO - Processing file /home/airflow/.local/lib/python3.8/site-packages/airflow/example_dags/tutorial_dag.py for tasks to queue
[2026-02-02T14:50:25.943+0000] {logging_mixin.py:188} INFO - [2026-02-02T14:50:25.942+0000] {dagbag.py:538} INFO - Filling up the DagBag from /home/airflow/.local/lib/python3.8/site-packages/airflow/example_dags/tutorial_dag.py
[2026-02-02T14:50:25.949+0000] {processor.py:840} INFO - DAG(s) 'tutorial_dag' retrieved from /home/airflow/.local/lib/python3.8/site-packages/airflow/example_dags/tutorial_dag.py
[2026-02-02T14:50:25.966+0000] {logging_mixin.py:188} INFO - [2026-02-02T14:50:25.966+0000] {dag.py:3036} INFO - Sync 1 DAGs
[2026-02-02T14:50:25.976+0000] {logging_mixin.py:188} INFO - [2026-02-02T14:50:25.976+0000] {dag.py:3823} INFO - Setting next_dagrun for tutorial_dag to None, run_after=None
[2026-02-02T14:50:25.991+0000] {processor.py:183} INFO - Processing /home/airflow/.local/lib/python3.8/site-packages/airflow/example_dags/tutorial_dag.py took 0.056 seconds
