[2026-02-02T14:20:22.194+0000] {processor.py:161} INFO - Started process (PID=76) to work on /home/airflow/.local/lib/python3.8/site-packages/airflow/example_dags/tutorial_taskflow_api.py
[2026-02-02T14:20:22.195+0000] {processor.py:830} INFO - Processing file /home/airflow/.local/lib/python3.8/site-packages/airflow/example_dags/tutorial_taskflow_api.py for tasks to queue
[2026-02-02T14:20:22.202+0000] {logging_mixin.py:188} INFO - [2026-02-02T14:20:22.202+0000] {dagbag.py:538} INFO - Filling up the DagBag from /home/airflow/.local/lib/python3.8/site-packages/airflow/example_dags/tutorial_taskflow_api.py
[2026-02-02T14:20:22.226+0000] {processor.py:840} INFO - DAG(s) 'tutorial_taskflow_api' retrieved from /home/airflow/.local/lib/python3.8/site-packages/airflow/example_dags/tutorial_taskflow_api.py
[2026-02-02T14:20:22.648+0000] {logging_mixin.py:188} INFO - [2026-02-02T14:20:22.647+0000] {override.py:1769} INFO - Created Permission View: can edit on DAG:tutorial_taskflow_api
[2026-02-02T14:20:22.679+0000] {logging_mixin.py:188} INFO - [2026-02-02T14:20:22.678+0000] {override.py:1769} INFO - Created Permission View: can delete on DAG:tutorial_taskflow_api
[2026-02-02T14:20:22.690+0000] {logging_mixin.py:188} INFO - [2026-02-02T14:20:22.690+0000] {override.py:1769} INFO - Created Permission View: can read on DAG:tutorial_taskflow_api
[2026-02-02T14:20:22.691+0000] {logging_mixin.py:188} INFO - [2026-02-02T14:20:22.691+0000] {dag.py:3036} INFO - Sync 1 DAGs
[2026-02-02T14:20:22.718+0000] {logging_mixin.py:188} INFO - [2026-02-02T14:20:22.715+0000] {dag.py:3058} INFO - Creating ORM DAG for tutorial_taskflow_api
[2026-02-02T14:20:22.718+0000] {logging_mixin.py:188} INFO - [2026-02-02T14:20:22.718+0000] {dag.py:3823} INFO - Setting next_dagrun for tutorial_taskflow_api to None, run_after=None
[2026-02-02T14:20:22.776+0000] {processor.py:183} INFO - Processing /home/airflow/.local/lib/python3.8/site-packages/airflow/example_dags/tutorial_taskflow_api.py took 0.606 seconds
[2026-02-02T14:20:53.202+0000] {processor.py:161} INFO - Started process (PID=131) to work on /home/airflow/.local/lib/python3.8/site-packages/airflow/example_dags/tutorial_taskflow_api.py
[2026-02-02T14:20:53.203+0000] {processor.py:830} INFO - Processing file /home/airflow/.local/lib/python3.8/site-packages/airflow/example_dags/tutorial_taskflow_api.py for tasks to queue
[2026-02-02T14:20:53.204+0000] {logging_mixin.py:188} INFO - [2026-02-02T14:20:53.204+0000] {dagbag.py:538} INFO - Filling up the DagBag from /home/airflow/.local/lib/python3.8/site-packages/airflow/example_dags/tutorial_taskflow_api.py
[2026-02-02T14:20:53.210+0000] {processor.py:840} INFO - DAG(s) 'tutorial_taskflow_api' retrieved from /home/airflow/.local/lib/python3.8/site-packages/airflow/example_dags/tutorial_taskflow_api.py
[2026-02-02T14:20:53.225+0000] {logging_mixin.py:188} INFO - [2026-02-02T14:20:53.225+0000] {dag.py:3036} INFO - Sync 1 DAGs
[2026-02-02T14:20:53.234+0000] {logging_mixin.py:188} INFO - [2026-02-02T14:20:53.234+0000] {dag.py:3823} INFO - Setting next_dagrun for tutorial_taskflow_api to None, run_after=None
[2026-02-02T14:20:53.248+0000] {processor.py:183} INFO - Processing /home/airflow/.local/lib/python3.8/site-packages/airflow/example_dags/tutorial_taskflow_api.py took 0.048 seconds
[2026-02-02T14:21:24.129+0000] {processor.py:161} INFO - Started process (PID=186) to work on /home/airflow/.local/lib/python3.8/site-packages/airflow/example_dags/tutorial_taskflow_api.py
[2026-02-02T14:21:24.129+0000] {processor.py:830} INFO - Processing file /home/airflow/.local/lib/python3.8/site-packages/airflow/example_dags/tutorial_taskflow_api.py for tasks to queue
[2026-02-02T14:21:24.131+0000] {logging_mixin.py:188} INFO - [2026-02-02T14:21:24.130+0000] {dagbag.py:538} INFO - Filling up the DagBag from /home/airflow/.local/lib/python3.8/site-packages/airflow/example_dags/tutorial_taskflow_api.py
[2026-02-02T14:21:24.136+0000] {processor.py:840} INFO - DAG(s) 'tutorial_taskflow_api' retrieved from /home/airflow/.local/lib/python3.8/site-packages/airflow/example_dags/tutorial_taskflow_api.py
[2026-02-02T14:21:24.152+0000] {logging_mixin.py:188} INFO - [2026-02-02T14:21:24.151+0000] {dag.py:3036} INFO - Sync 1 DAGs
[2026-02-02T14:21:24.161+0000] {logging_mixin.py:188} INFO - [2026-02-02T14:21:24.161+0000] {dag.py:3823} INFO - Setting next_dagrun for tutorial_taskflow_api to None, run_after=None
[2026-02-02T14:21:24.175+0000] {processor.py:183} INFO - Processing /home/airflow/.local/lib/python3.8/site-packages/airflow/example_dags/tutorial_taskflow_api.py took 0.049 seconds
[2026-02-02T14:21:54.408+0000] {processor.py:161} INFO - Started process (PID=241) to work on /home/airflow/.local/lib/python3.8/site-packages/airflow/example_dags/tutorial_taskflow_api.py
[2026-02-02T14:21:54.410+0000] {processor.py:830} INFO - Processing file /home/airflow/.local/lib/python3.8/site-packages/airflow/example_dags/tutorial_taskflow_api.py for tasks to queue
[2026-02-02T14:21:54.412+0000] {logging_mixin.py:188} INFO - [2026-02-02T14:21:54.412+0000] {dagbag.py:538} INFO - Filling up the DagBag from /home/airflow/.local/lib/python3.8/site-packages/airflow/example_dags/tutorial_taskflow_api.py
[2026-02-02T14:21:54.419+0000] {processor.py:840} INFO - DAG(s) 'tutorial_taskflow_api' retrieved from /home/airflow/.local/lib/python3.8/site-packages/airflow/example_dags/tutorial_taskflow_api.py
[2026-02-02T14:21:54.446+0000] {logging_mixin.py:188} INFO - [2026-02-02T14:21:54.446+0000] {dag.py:3036} INFO - Sync 1 DAGs
[2026-02-02T14:21:54.460+0000] {logging_mixin.py:188} INFO - [2026-02-02T14:21:54.460+0000] {dag.py:3823} INFO - Setting next_dagrun for tutorial_taskflow_api to None, run_after=None
[2026-02-02T14:21:54.478+0000] {processor.py:183} INFO - Processing /home/airflow/.local/lib/python3.8/site-packages/airflow/example_dags/tutorial_taskflow_api.py took 0.073 seconds
[2026-02-02T14:22:25.000+0000] {processor.py:161} INFO - Started process (PID=296) to work on /home/airflow/.local/lib/python3.8/site-packages/airflow/example_dags/tutorial_taskflow_api.py
[2026-02-02T14:22:25.000+0000] {processor.py:830} INFO - Processing file /home/airflow/.local/lib/python3.8/site-packages/airflow/example_dags/tutorial_taskflow_api.py for tasks to queue
[2026-02-02T14:22:25.002+0000] {logging_mixin.py:188} INFO - [2026-02-02T14:22:25.002+0000] {dagbag.py:538} INFO - Filling up the DagBag from /home/airflow/.local/lib/python3.8/site-packages/airflow/example_dags/tutorial_taskflow_api.py
[2026-02-02T14:22:25.009+0000] {processor.py:840} INFO - DAG(s) 'tutorial_taskflow_api' retrieved from /home/airflow/.local/lib/python3.8/site-packages/airflow/example_dags/tutorial_taskflow_api.py
[2026-02-02T14:22:25.032+0000] {logging_mixin.py:188} INFO - [2026-02-02T14:22:25.032+0000] {dag.py:3036} INFO - Sync 1 DAGs
[2026-02-02T14:22:25.046+0000] {logging_mixin.py:188} INFO - [2026-02-02T14:22:25.046+0000] {dag.py:3823} INFO - Setting next_dagrun for tutorial_taskflow_api to None, run_after=None
[2026-02-02T14:22:25.066+0000] {processor.py:183} INFO - Processing /home/airflow/.local/lib/python3.8/site-packages/airflow/example_dags/tutorial_taskflow_api.py took 0.069 seconds
[2026-02-02T14:22:55.648+0000] {processor.py:161} INFO - Started process (PID=351) to work on /home/airflow/.local/lib/python3.8/site-packages/airflow/example_dags/tutorial_taskflow_api.py
[2026-02-02T14:22:55.648+0000] {processor.py:830} INFO - Processing file /home/airflow/.local/lib/python3.8/site-packages/airflow/example_dags/tutorial_taskflow_api.py for tasks to queue
[2026-02-02T14:22:55.650+0000] {logging_mixin.py:188} INFO - [2026-02-02T14:22:55.649+0000] {dagbag.py:538} INFO - Filling up the DagBag from /home/airflow/.local/lib/python3.8/site-packages/airflow/example_dags/tutorial_taskflow_api.py
[2026-02-02T14:22:55.655+0000] {processor.py:840} INFO - DAG(s) 'tutorial_taskflow_api' retrieved from /home/airflow/.local/lib/python3.8/site-packages/airflow/example_dags/tutorial_taskflow_api.py
[2026-02-02T14:22:55.671+0000] {logging_mixin.py:188} INFO - [2026-02-02T14:22:55.671+0000] {dag.py:3036} INFO - Sync 1 DAGs
[2026-02-02T14:22:55.680+0000] {logging_mixin.py:188} INFO - [2026-02-02T14:22:55.680+0000] {dag.py:3823} INFO - Setting next_dagrun for tutorial_taskflow_api to None, run_after=None
[2026-02-02T14:22:55.697+0000] {processor.py:183} INFO - Processing /home/airflow/.local/lib/python3.8/site-packages/airflow/example_dags/tutorial_taskflow_api.py took 0.051 seconds
[2026-02-02T14:23:26.186+0000] {processor.py:161} INFO - Started process (PID=412) to work on /home/airflow/.local/lib/python3.8/site-packages/airflow/example_dags/tutorial_taskflow_api.py
[2026-02-02T14:23:26.186+0000] {processor.py:830} INFO - Processing file /home/airflow/.local/lib/python3.8/site-packages/airflow/example_dags/tutorial_taskflow_api.py for tasks to queue
[2026-02-02T14:23:26.188+0000] {logging_mixin.py:188} INFO - [2026-02-02T14:23:26.187+0000] {dagbag.py:538} INFO - Filling up the DagBag from /home/airflow/.local/lib/python3.8/site-packages/airflow/example_dags/tutorial_taskflow_api.py
[2026-02-02T14:23:26.193+0000] {processor.py:840} INFO - DAG(s) 'tutorial_taskflow_api' retrieved from /home/airflow/.local/lib/python3.8/site-packages/airflow/example_dags/tutorial_taskflow_api.py
[2026-02-02T14:23:26.208+0000] {logging_mixin.py:188} INFO - [2026-02-02T14:23:26.208+0000] {dag.py:3036} INFO - Sync 1 DAGs
[2026-02-02T14:23:26.217+0000] {logging_mixin.py:188} INFO - [2026-02-02T14:23:26.217+0000] {dag.py:3823} INFO - Setting next_dagrun for tutorial_taskflow_api to None, run_after=None
[2026-02-02T14:23:26.231+0000] {processor.py:183} INFO - Processing /home/airflow/.local/lib/python3.8/site-packages/airflow/example_dags/tutorial_taskflow_api.py took 0.048 seconds
[2026-02-02T14:23:56.392+0000] {processor.py:161} INFO - Started process (PID=466) to work on /home/airflow/.local/lib/python3.8/site-packages/airflow/example_dags/tutorial_taskflow_api.py
[2026-02-02T14:23:56.393+0000] {processor.py:830} INFO - Processing file /home/airflow/.local/lib/python3.8/site-packages/airflow/example_dags/tutorial_taskflow_api.py for tasks to queue
[2026-02-02T14:23:56.395+0000] {logging_mixin.py:188} INFO - [2026-02-02T14:23:56.394+0000] {dagbag.py:538} INFO - Filling up the DagBag from /home/airflow/.local/lib/python3.8/site-packages/airflow/example_dags/tutorial_taskflow_api.py
[2026-02-02T14:23:56.402+0000] {processor.py:840} INFO - DAG(s) 'tutorial_taskflow_api' retrieved from /home/airflow/.local/lib/python3.8/site-packages/airflow/example_dags/tutorial_taskflow_api.py
[2026-02-02T14:23:56.435+0000] {logging_mixin.py:188} INFO - [2026-02-02T14:23:56.434+0000] {dag.py:3036} INFO - Sync 1 DAGs
[2026-02-02T14:23:56.460+0000] {logging_mixin.py:188} INFO - [2026-02-02T14:23:56.459+0000] {dag.py:3823} INFO - Setting next_dagrun for tutorial_taskflow_api to None, run_after=None
[2026-02-02T14:23:56.478+0000] {processor.py:183} INFO - Processing /home/airflow/.local/lib/python3.8/site-packages/airflow/example_dags/tutorial_taskflow_api.py took 0.090 seconds
[2026-02-02T14:24:26.861+0000] {processor.py:161} INFO - Started process (PID=522) to work on /home/airflow/.local/lib/python3.8/site-packages/airflow/example_dags/tutorial_taskflow_api.py
[2026-02-02T14:24:26.862+0000] {processor.py:830} INFO - Processing file /home/airflow/.local/lib/python3.8/site-packages/airflow/example_dags/tutorial_taskflow_api.py for tasks to queue
[2026-02-02T14:24:26.867+0000] {logging_mixin.py:188} INFO - [2026-02-02T14:24:26.867+0000] {dagbag.py:538} INFO - Filling up the DagBag from /home/airflow/.local/lib/python3.8/site-packages/airflow/example_dags/tutorial_taskflow_api.py
[2026-02-02T14:24:26.882+0000] {processor.py:840} INFO - DAG(s) 'tutorial_taskflow_api' retrieved from /home/airflow/.local/lib/python3.8/site-packages/airflow/example_dags/tutorial_taskflow_api.py
[2026-02-02T14:24:26.986+0000] {logging_mixin.py:188} INFO - [2026-02-02T14:24:26.986+0000] {dag.py:3036} INFO - Sync 1 DAGs
[2026-02-02T14:24:27.048+0000] {logging_mixin.py:188} INFO - [2026-02-02T14:24:27.048+0000] {dag.py:3823} INFO - Setting next_dagrun for tutorial_taskflow_api to None, run_after=None
[2026-02-02T14:24:27.141+0000] {processor.py:183} INFO - Processing /home/airflow/.local/lib/python3.8/site-packages/airflow/example_dags/tutorial_taskflow_api.py took 0.288 seconds
[2026-02-02T14:24:57.866+0000] {processor.py:161} INFO - Started process (PID=577) to work on /home/airflow/.local/lib/python3.8/site-packages/airflow/example_dags/tutorial_taskflow_api.py
[2026-02-02T14:24:57.867+0000] {processor.py:830} INFO - Processing file /home/airflow/.local/lib/python3.8/site-packages/airflow/example_dags/tutorial_taskflow_api.py for tasks to queue
[2026-02-02T14:24:57.868+0000] {logging_mixin.py:188} INFO - [2026-02-02T14:24:57.868+0000] {dagbag.py:538} INFO - Filling up the DagBag from /home/airflow/.local/lib/python3.8/site-packages/airflow/example_dags/tutorial_taskflow_api.py
[2026-02-02T14:24:57.874+0000] {processor.py:840} INFO - DAG(s) 'tutorial_taskflow_api' retrieved from /home/airflow/.local/lib/python3.8/site-packages/airflow/example_dags/tutorial_taskflow_api.py
[2026-02-02T14:24:57.889+0000] {logging_mixin.py:188} INFO - [2026-02-02T14:24:57.889+0000] {dag.py:3036} INFO - Sync 1 DAGs
[2026-02-02T14:24:57.899+0000] {logging_mixin.py:188} INFO - [2026-02-02T14:24:57.899+0000] {dag.py:3823} INFO - Setting next_dagrun for tutorial_taskflow_api to None, run_after=None
[2026-02-02T14:24:57.913+0000] {processor.py:183} INFO - Processing /home/airflow/.local/lib/python3.8/site-packages/airflow/example_dags/tutorial_taskflow_api.py took 0.050 seconds
[2026-02-02T14:25:28.057+0000] {processor.py:161} INFO - Started process (PID=632) to work on /home/airflow/.local/lib/python3.8/site-packages/airflow/example_dags/tutorial_taskflow_api.py
[2026-02-02T14:25:28.058+0000] {processor.py:830} INFO - Processing file /home/airflow/.local/lib/python3.8/site-packages/airflow/example_dags/tutorial_taskflow_api.py for tasks to queue
[2026-02-02T14:25:28.059+0000] {logging_mixin.py:188} INFO - [2026-02-02T14:25:28.059+0000] {dagbag.py:538} INFO - Filling up the DagBag from /home/airflow/.local/lib/python3.8/site-packages/airflow/example_dags/tutorial_taskflow_api.py
[2026-02-02T14:25:28.066+0000] {processor.py:840} INFO - DAG(s) 'tutorial_taskflow_api' retrieved from /home/airflow/.local/lib/python3.8/site-packages/airflow/example_dags/tutorial_taskflow_api.py
[2026-02-02T14:25:28.088+0000] {logging_mixin.py:188} INFO - [2026-02-02T14:25:28.088+0000] {dag.py:3036} INFO - Sync 1 DAGs
[2026-02-02T14:25:28.102+0000] {logging_mixin.py:188} INFO - [2026-02-02T14:25:28.102+0000] {dag.py:3823} INFO - Setting next_dagrun for tutorial_taskflow_api to None, run_after=None
[2026-02-02T14:25:28.121+0000] {processor.py:183} INFO - Processing /home/airflow/.local/lib/python3.8/site-packages/airflow/example_dags/tutorial_taskflow_api.py took 0.068 seconds
[2026-02-02T14:25:58.442+0000] {processor.py:161} INFO - Started process (PID=687) to work on /home/airflow/.local/lib/python3.8/site-packages/airflow/example_dags/tutorial_taskflow_api.py
[2026-02-02T14:25:58.443+0000] {processor.py:830} INFO - Processing file /home/airflow/.local/lib/python3.8/site-packages/airflow/example_dags/tutorial_taskflow_api.py for tasks to queue
[2026-02-02T14:25:58.444+0000] {logging_mixin.py:188} INFO - [2026-02-02T14:25:58.444+0000] {dagbag.py:538} INFO - Filling up the DagBag from /home/airflow/.local/lib/python3.8/site-packages/airflow/example_dags/tutorial_taskflow_api.py
[2026-02-02T14:25:58.449+0000] {processor.py:840} INFO - DAG(s) 'tutorial_taskflow_api' retrieved from /home/airflow/.local/lib/python3.8/site-packages/airflow/example_dags/tutorial_taskflow_api.py
[2026-02-02T14:25:58.465+0000] {logging_mixin.py:188} INFO - [2026-02-02T14:25:58.465+0000] {dag.py:3036} INFO - Sync 1 DAGs
[2026-02-02T14:25:58.479+0000] {logging_mixin.py:188} INFO - [2026-02-02T14:25:58.478+0000] {dag.py:3823} INFO - Setting next_dagrun for tutorial_taskflow_api to None, run_after=None
[2026-02-02T14:25:58.496+0000] {processor.py:183} INFO - Processing /home/airflow/.local/lib/python3.8/site-packages/airflow/example_dags/tutorial_taskflow_api.py took 0.056 seconds
[2026-02-02T14:26:28.713+0000] {processor.py:161} INFO - Started process (PID=742) to work on /home/airflow/.local/lib/python3.8/site-packages/airflow/example_dags/tutorial_taskflow_api.py
[2026-02-02T14:26:28.714+0000] {processor.py:830} INFO - Processing file /home/airflow/.local/lib/python3.8/site-packages/airflow/example_dags/tutorial_taskflow_api.py for tasks to queue
[2026-02-02T14:26:28.715+0000] {logging_mixin.py:188} INFO - [2026-02-02T14:26:28.715+0000] {dagbag.py:538} INFO - Filling up the DagBag from /home/airflow/.local/lib/python3.8/site-packages/airflow/example_dags/tutorial_taskflow_api.py
[2026-02-02T14:26:28.720+0000] {processor.py:840} INFO - DAG(s) 'tutorial_taskflow_api' retrieved from /home/airflow/.local/lib/python3.8/site-packages/airflow/example_dags/tutorial_taskflow_api.py
[2026-02-02T14:26:28.735+0000] {logging_mixin.py:188} INFO - [2026-02-02T14:26:28.735+0000] {dag.py:3036} INFO - Sync 1 DAGs
[2026-02-02T14:26:28.745+0000] {logging_mixin.py:188} INFO - [2026-02-02T14:26:28.745+0000] {dag.py:3823} INFO - Setting next_dagrun for tutorial_taskflow_api to None, run_after=None
[2026-02-02T14:26:28.758+0000] {processor.py:183} INFO - Processing /home/airflow/.local/lib/python3.8/site-packages/airflow/example_dags/tutorial_taskflow_api.py took 0.047 seconds
[2026-02-02T14:26:59.339+0000] {processor.py:161} INFO - Started process (PID=797) to work on /home/airflow/.local/lib/python3.8/site-packages/airflow/example_dags/tutorial_taskflow_api.py
[2026-02-02T14:26:59.340+0000] {processor.py:830} INFO - Processing file /home/airflow/.local/lib/python3.8/site-packages/airflow/example_dags/tutorial_taskflow_api.py for tasks to queue
[2026-02-02T14:26:59.341+0000] {logging_mixin.py:188} INFO - [2026-02-02T14:26:59.341+0000] {dagbag.py:538} INFO - Filling up the DagBag from /home/airflow/.local/lib/python3.8/site-packages/airflow/example_dags/tutorial_taskflow_api.py
[2026-02-02T14:26:59.346+0000] {processor.py:840} INFO - DAG(s) 'tutorial_taskflow_api' retrieved from /home/airflow/.local/lib/python3.8/site-packages/airflow/example_dags/tutorial_taskflow_api.py
[2026-02-02T14:26:59.361+0000] {logging_mixin.py:188} INFO - [2026-02-02T14:26:59.361+0000] {dag.py:3036} INFO - Sync 1 DAGs
[2026-02-02T14:26:59.371+0000] {logging_mixin.py:188} INFO - [2026-02-02T14:26:59.371+0000] {dag.py:3823} INFO - Setting next_dagrun for tutorial_taskflow_api to None, run_after=None
[2026-02-02T14:26:59.385+0000] {processor.py:183} INFO - Processing /home/airflow/.local/lib/python3.8/site-packages/airflow/example_dags/tutorial_taskflow_api.py took 0.048 seconds
[2026-02-02T14:27:29.506+0000] {processor.py:161} INFO - Started process (PID=852) to work on /home/airflow/.local/lib/python3.8/site-packages/airflow/example_dags/tutorial_taskflow_api.py
[2026-02-02T14:27:29.507+0000] {processor.py:830} INFO - Processing file /home/airflow/.local/lib/python3.8/site-packages/airflow/example_dags/tutorial_taskflow_api.py for tasks to queue
[2026-02-02T14:27:29.509+0000] {logging_mixin.py:188} INFO - [2026-02-02T14:27:29.508+0000] {dagbag.py:538} INFO - Filling up the DagBag from /home/airflow/.local/lib/python3.8/site-packages/airflow/example_dags/tutorial_taskflow_api.py
[2026-02-02T14:27:29.516+0000] {processor.py:840} INFO - DAG(s) 'tutorial_taskflow_api' retrieved from /home/airflow/.local/lib/python3.8/site-packages/airflow/example_dags/tutorial_taskflow_api.py
[2026-02-02T14:27:29.541+0000] {logging_mixin.py:188} INFO - [2026-02-02T14:27:29.540+0000] {dag.py:3036} INFO - Sync 1 DAGs
[2026-02-02T14:27:29.556+0000] {logging_mixin.py:188} INFO - [2026-02-02T14:27:29.555+0000] {dag.py:3823} INFO - Setting next_dagrun for tutorial_taskflow_api to None, run_after=None
[2026-02-02T14:27:29.575+0000] {processor.py:183} INFO - Processing /home/airflow/.local/lib/python3.8/site-packages/airflow/example_dags/tutorial_taskflow_api.py took 0.072 seconds
[2026-02-02T14:28:00.070+0000] {processor.py:161} INFO - Started process (PID=907) to work on /home/airflow/.local/lib/python3.8/site-packages/airflow/example_dags/tutorial_taskflow_api.py
[2026-02-02T14:28:00.071+0000] {processor.py:830} INFO - Processing file /home/airflow/.local/lib/python3.8/site-packages/airflow/example_dags/tutorial_taskflow_api.py for tasks to queue
[2026-02-02T14:28:00.073+0000] {logging_mixin.py:188} INFO - [2026-02-02T14:28:00.073+0000] {dagbag.py:538} INFO - Filling up the DagBag from /home/airflow/.local/lib/python3.8/site-packages/airflow/example_dags/tutorial_taskflow_api.py
[2026-02-02T14:28:00.080+0000] {processor.py:840} INFO - DAG(s) 'tutorial_taskflow_api' retrieved from /home/airflow/.local/lib/python3.8/site-packages/airflow/example_dags/tutorial_taskflow_api.py
[2026-02-02T14:28:00.103+0000] {logging_mixin.py:188} INFO - [2026-02-02T14:28:00.103+0000] {dag.py:3036} INFO - Sync 1 DAGs
[2026-02-02T14:28:00.120+0000] {logging_mixin.py:188} INFO - [2026-02-02T14:28:00.120+0000] {dag.py:3823} INFO - Setting next_dagrun for tutorial_taskflow_api to None, run_after=None
[2026-02-02T14:28:00.138+0000] {processor.py:183} INFO - Processing /home/airflow/.local/lib/python3.8/site-packages/airflow/example_dags/tutorial_taskflow_api.py took 0.072 seconds
[2026-02-02T14:28:30.976+0000] {processor.py:161} INFO - Started process (PID=962) to work on /home/airflow/.local/lib/python3.8/site-packages/airflow/example_dags/tutorial_taskflow_api.py
[2026-02-02T14:28:30.977+0000] {processor.py:830} INFO - Processing file /home/airflow/.local/lib/python3.8/site-packages/airflow/example_dags/tutorial_taskflow_api.py for tasks to queue
[2026-02-02T14:28:30.979+0000] {logging_mixin.py:188} INFO - [2026-02-02T14:28:30.978+0000] {dagbag.py:538} INFO - Filling up the DagBag from /home/airflow/.local/lib/python3.8/site-packages/airflow/example_dags/tutorial_taskflow_api.py
[2026-02-02T14:28:30.986+0000] {processor.py:840} INFO - DAG(s) 'tutorial_taskflow_api' retrieved from /home/airflow/.local/lib/python3.8/site-packages/airflow/example_dags/tutorial_taskflow_api.py
[2026-02-02T14:28:31.018+0000] {logging_mixin.py:188} INFO - [2026-02-02T14:28:31.018+0000] {dag.py:3036} INFO - Sync 1 DAGs
[2026-02-02T14:28:31.034+0000] {logging_mixin.py:188} INFO - [2026-02-02T14:28:31.034+0000] {dag.py:3823} INFO - Setting next_dagrun for tutorial_taskflow_api to None, run_after=None
[2026-02-02T14:28:31.052+0000] {processor.py:183} INFO - Processing /home/airflow/.local/lib/python3.8/site-packages/airflow/example_dags/tutorial_taskflow_api.py took 0.085 seconds
[2026-02-02T14:29:01.472+0000] {processor.py:161} INFO - Started process (PID=1017) to work on /home/airflow/.local/lib/python3.8/site-packages/airflow/example_dags/tutorial_taskflow_api.py
[2026-02-02T14:29:01.472+0000] {processor.py:830} INFO - Processing file /home/airflow/.local/lib/python3.8/site-packages/airflow/example_dags/tutorial_taskflow_api.py for tasks to queue
[2026-02-02T14:29:01.477+0000] {logging_mixin.py:188} INFO - [2026-02-02T14:29:01.477+0000] {dagbag.py:538} INFO - Filling up the DagBag from /home/airflow/.local/lib/python3.8/site-packages/airflow/example_dags/tutorial_taskflow_api.py
[2026-02-02T14:29:01.489+0000] {processor.py:840} INFO - DAG(s) 'tutorial_taskflow_api' retrieved from /home/airflow/.local/lib/python3.8/site-packages/airflow/example_dags/tutorial_taskflow_api.py
[2026-02-02T14:29:01.546+0000] {logging_mixin.py:188} INFO - [2026-02-02T14:29:01.546+0000] {dag.py:3036} INFO - Sync 1 DAGs
[2026-02-02T14:29:01.561+0000] {logging_mixin.py:188} INFO - [2026-02-02T14:29:01.561+0000] {dag.py:3823} INFO - Setting next_dagrun for tutorial_taskflow_api to None, run_after=None
[2026-02-02T14:29:01.580+0000] {processor.py:183} INFO - Processing /home/airflow/.local/lib/python3.8/site-packages/airflow/example_dags/tutorial_taskflow_api.py took 0.117 seconds
[2026-02-02T14:29:31.694+0000] {processor.py:161} INFO - Started process (PID=1072) to work on /home/airflow/.local/lib/python3.8/site-packages/airflow/example_dags/tutorial_taskflow_api.py
[2026-02-02T14:29:31.695+0000] {processor.py:830} INFO - Processing file /home/airflow/.local/lib/python3.8/site-packages/airflow/example_dags/tutorial_taskflow_api.py for tasks to queue
[2026-02-02T14:29:31.697+0000] {logging_mixin.py:188} INFO - [2026-02-02T14:29:31.696+0000] {dagbag.py:538} INFO - Filling up the DagBag from /home/airflow/.local/lib/python3.8/site-packages/airflow/example_dags/tutorial_taskflow_api.py
[2026-02-02T14:29:31.703+0000] {processor.py:840} INFO - DAG(s) 'tutorial_taskflow_api' retrieved from /home/airflow/.local/lib/python3.8/site-packages/airflow/example_dags/tutorial_taskflow_api.py
[2026-02-02T14:29:31.734+0000] {logging_mixin.py:188} INFO - [2026-02-02T14:29:31.734+0000] {dag.py:3036} INFO - Sync 1 DAGs
[2026-02-02T14:29:31.749+0000] {logging_mixin.py:188} INFO - [2026-02-02T14:29:31.748+0000] {dag.py:3823} INFO - Setting next_dagrun for tutorial_taskflow_api to None, run_after=None
[2026-02-02T14:29:31.767+0000] {processor.py:183} INFO - Processing /home/airflow/.local/lib/python3.8/site-packages/airflow/example_dags/tutorial_taskflow_api.py took 0.077 seconds
[2026-02-02T14:30:02.251+0000] {processor.py:161} INFO - Started process (PID=1127) to work on /home/airflow/.local/lib/python3.8/site-packages/airflow/example_dags/tutorial_taskflow_api.py
[2026-02-02T14:30:02.252+0000] {processor.py:830} INFO - Processing file /home/airflow/.local/lib/python3.8/site-packages/airflow/example_dags/tutorial_taskflow_api.py for tasks to queue
[2026-02-02T14:30:02.254+0000] {logging_mixin.py:188} INFO - [2026-02-02T14:30:02.253+0000] {dagbag.py:538} INFO - Filling up the DagBag from /home/airflow/.local/lib/python3.8/site-packages/airflow/example_dags/tutorial_taskflow_api.py
[2026-02-02T14:30:02.261+0000] {processor.py:840} INFO - DAG(s) 'tutorial_taskflow_api' retrieved from /home/airflow/.local/lib/python3.8/site-packages/airflow/example_dags/tutorial_taskflow_api.py
[2026-02-02T14:30:02.286+0000] {logging_mixin.py:188} INFO - [2026-02-02T14:30:02.285+0000] {dag.py:3036} INFO - Sync 1 DAGs
[2026-02-02T14:30:02.298+0000] {logging_mixin.py:188} INFO - [2026-02-02T14:30:02.298+0000] {dag.py:3823} INFO - Setting next_dagrun for tutorial_taskflow_api to None, run_after=None
[2026-02-02T14:30:02.316+0000] {processor.py:183} INFO - Processing /home/airflow/.local/lib/python3.8/site-packages/airflow/example_dags/tutorial_taskflow_api.py took 0.069 seconds
[2026-02-02T14:30:33.190+0000] {processor.py:161} INFO - Started process (PID=1182) to work on /home/airflow/.local/lib/python3.8/site-packages/airflow/example_dags/tutorial_taskflow_api.py
[2026-02-02T14:30:33.191+0000] {processor.py:830} INFO - Processing file /home/airflow/.local/lib/python3.8/site-packages/airflow/example_dags/tutorial_taskflow_api.py for tasks to queue
[2026-02-02T14:30:33.193+0000] {logging_mixin.py:188} INFO - [2026-02-02T14:30:33.193+0000] {dagbag.py:538} INFO - Filling up the DagBag from /home/airflow/.local/lib/python3.8/site-packages/airflow/example_dags/tutorial_taskflow_api.py
[2026-02-02T14:30:33.201+0000] {processor.py:840} INFO - DAG(s) 'tutorial_taskflow_api' retrieved from /home/airflow/.local/lib/python3.8/site-packages/airflow/example_dags/tutorial_taskflow_api.py
[2026-02-02T14:30:33.225+0000] {logging_mixin.py:188} INFO - [2026-02-02T14:30:33.225+0000] {dag.py:3036} INFO - Sync 1 DAGs
[2026-02-02T14:30:33.240+0000] {logging_mixin.py:188} INFO - [2026-02-02T14:30:33.239+0000] {dag.py:3823} INFO - Setting next_dagrun for tutorial_taskflow_api to None, run_after=None
[2026-02-02T14:30:33.258+0000] {processor.py:183} INFO - Processing /home/airflow/.local/lib/python3.8/site-packages/airflow/example_dags/tutorial_taskflow_api.py took 0.075 seconds
[2026-02-02T14:31:03.328+0000] {processor.py:161} INFO - Started process (PID=1237) to work on /home/airflow/.local/lib/python3.8/site-packages/airflow/example_dags/tutorial_taskflow_api.py
[2026-02-02T14:31:03.328+0000] {processor.py:830} INFO - Processing file /home/airflow/.local/lib/python3.8/site-packages/airflow/example_dags/tutorial_taskflow_api.py for tasks to queue
[2026-02-02T14:31:03.330+0000] {logging_mixin.py:188} INFO - [2026-02-02T14:31:03.330+0000] {dagbag.py:538} INFO - Filling up the DagBag from /home/airflow/.local/lib/python3.8/site-packages/airflow/example_dags/tutorial_taskflow_api.py
[2026-02-02T14:31:03.335+0000] {processor.py:840} INFO - DAG(s) 'tutorial_taskflow_api' retrieved from /home/airflow/.local/lib/python3.8/site-packages/airflow/example_dags/tutorial_taskflow_api.py
[2026-02-02T14:31:03.350+0000] {logging_mixin.py:188} INFO - [2026-02-02T14:31:03.350+0000] {dag.py:3036} INFO - Sync 1 DAGs
[2026-02-02T14:31:03.360+0000] {logging_mixin.py:188} INFO - [2026-02-02T14:31:03.360+0000] {dag.py:3823} INFO - Setting next_dagrun for tutorial_taskflow_api to None, run_after=None
[2026-02-02T14:31:03.377+0000] {processor.py:183} INFO - Processing /home/airflow/.local/lib/python3.8/site-packages/airflow/example_dags/tutorial_taskflow_api.py took 0.051 seconds
[2026-02-02T14:31:34.660+0000] {processor.py:161} INFO - Started process (PID=1290) to work on /home/airflow/.local/lib/python3.8/site-packages/airflow/example_dags/tutorial_taskflow_api.py
[2026-02-02T14:31:34.661+0000] {processor.py:830} INFO - Processing file /home/airflow/.local/lib/python3.8/site-packages/airflow/example_dags/tutorial_taskflow_api.py for tasks to queue
[2026-02-02T14:31:34.663+0000] {logging_mixin.py:188} INFO - [2026-02-02T14:31:34.662+0000] {dagbag.py:538} INFO - Filling up the DagBag from /home/airflow/.local/lib/python3.8/site-packages/airflow/example_dags/tutorial_taskflow_api.py
[2026-02-02T14:31:34.669+0000] {processor.py:840} INFO - DAG(s) 'tutorial_taskflow_api' retrieved from /home/airflow/.local/lib/python3.8/site-packages/airflow/example_dags/tutorial_taskflow_api.py
[2026-02-02T14:31:34.698+0000] {logging_mixin.py:188} INFO - [2026-02-02T14:31:34.698+0000] {dag.py:3036} INFO - Sync 1 DAGs
[2026-02-02T14:31:34.713+0000] {logging_mixin.py:188} INFO - [2026-02-02T14:31:34.712+0000] {dag.py:3823} INFO - Setting next_dagrun for tutorial_taskflow_api to None, run_after=None
[2026-02-02T14:31:34.731+0000] {processor.py:183} INFO - Processing /home/airflow/.local/lib/python3.8/site-packages/airflow/example_dags/tutorial_taskflow_api.py took 0.074 seconds
[2026-02-02T14:32:05.934+0000] {processor.py:161} INFO - Started process (PID=1345) to work on /home/airflow/.local/lib/python3.8/site-packages/airflow/example_dags/tutorial_taskflow_api.py
[2026-02-02T14:32:05.935+0000] {processor.py:830} INFO - Processing file /home/airflow/.local/lib/python3.8/site-packages/airflow/example_dags/tutorial_taskflow_api.py for tasks to queue
[2026-02-02T14:32:05.937+0000] {logging_mixin.py:188} INFO - [2026-02-02T14:32:05.936+0000] {dagbag.py:538} INFO - Filling up the DagBag from /home/airflow/.local/lib/python3.8/site-packages/airflow/example_dags/tutorial_taskflow_api.py
[2026-02-02T14:32:05.944+0000] {processor.py:840} INFO - DAG(s) 'tutorial_taskflow_api' retrieved from /home/airflow/.local/lib/python3.8/site-packages/airflow/example_dags/tutorial_taskflow_api.py
[2026-02-02T14:32:06.008+0000] {logging_mixin.py:188} INFO - [2026-02-02T14:32:06.008+0000] {dag.py:3036} INFO - Sync 1 DAGs
[2026-02-02T14:32:06.060+0000] {logging_mixin.py:188} INFO - [2026-02-02T14:32:06.060+0000] {dag.py:3823} INFO - Setting next_dagrun for tutorial_taskflow_api to None, run_after=None
[2026-02-02T14:32:06.111+0000] {processor.py:183} INFO - Processing /home/airflow/.local/lib/python3.8/site-packages/airflow/example_dags/tutorial_taskflow_api.py took 0.181 seconds
[2026-02-02T14:32:36.583+0000] {processor.py:161} INFO - Started process (PID=1400) to work on /home/airflow/.local/lib/python3.8/site-packages/airflow/example_dags/tutorial_taskflow_api.py
[2026-02-02T14:32:36.584+0000] {processor.py:830} INFO - Processing file /home/airflow/.local/lib/python3.8/site-packages/airflow/example_dags/tutorial_taskflow_api.py for tasks to queue
[2026-02-02T14:32:36.586+0000] {logging_mixin.py:188} INFO - [2026-02-02T14:32:36.586+0000] {dagbag.py:538} INFO - Filling up the DagBag from /home/airflow/.local/lib/python3.8/site-packages/airflow/example_dags/tutorial_taskflow_api.py
[2026-02-02T14:32:36.593+0000] {processor.py:840} INFO - DAG(s) 'tutorial_taskflow_api' retrieved from /home/airflow/.local/lib/python3.8/site-packages/airflow/example_dags/tutorial_taskflow_api.py
[2026-02-02T14:32:36.615+0000] {logging_mixin.py:188} INFO - [2026-02-02T14:32:36.615+0000] {dag.py:3036} INFO - Sync 1 DAGs
[2026-02-02T14:32:36.628+0000] {logging_mixin.py:188} INFO - [2026-02-02T14:32:36.628+0000] {dag.py:3823} INFO - Setting next_dagrun for tutorial_taskflow_api to None, run_after=None
[2026-02-02T14:32:36.648+0000] {processor.py:183} INFO - Processing /home/airflow/.local/lib/python3.8/site-packages/airflow/example_dags/tutorial_taskflow_api.py took 0.069 seconds
[2026-02-02T14:33:07.064+0000] {processor.py:161} INFO - Started process (PID=1455) to work on /home/airflow/.local/lib/python3.8/site-packages/airflow/example_dags/tutorial_taskflow_api.py
[2026-02-02T14:33:07.065+0000] {processor.py:830} INFO - Processing file /home/airflow/.local/lib/python3.8/site-packages/airflow/example_dags/tutorial_taskflow_api.py for tasks to queue
[2026-02-02T14:33:07.067+0000] {logging_mixin.py:188} INFO - [2026-02-02T14:33:07.067+0000] {dagbag.py:538} INFO - Filling up the DagBag from /home/airflow/.local/lib/python3.8/site-packages/airflow/example_dags/tutorial_taskflow_api.py
[2026-02-02T14:33:07.072+0000] {processor.py:840} INFO - DAG(s) 'tutorial_taskflow_api' retrieved from /home/airflow/.local/lib/python3.8/site-packages/airflow/example_dags/tutorial_taskflow_api.py
[2026-02-02T14:33:07.089+0000] {logging_mixin.py:188} INFO - [2026-02-02T14:33:07.088+0000] {dag.py:3036} INFO - Sync 1 DAGs
[2026-02-02T14:33:07.098+0000] {logging_mixin.py:188} INFO - [2026-02-02T14:33:07.098+0000] {dag.py:3823} INFO - Setting next_dagrun for tutorial_taskflow_api to None, run_after=None
[2026-02-02T14:33:07.111+0000] {processor.py:183} INFO - Processing /home/airflow/.local/lib/python3.8/site-packages/airflow/example_dags/tutorial_taskflow_api.py took 0.049 seconds
[2026-02-02T14:33:37.522+0000] {processor.py:161} INFO - Started process (PID=1510) to work on /home/airflow/.local/lib/python3.8/site-packages/airflow/example_dags/tutorial_taskflow_api.py
[2026-02-02T14:33:37.523+0000] {processor.py:830} INFO - Processing file /home/airflow/.local/lib/python3.8/site-packages/airflow/example_dags/tutorial_taskflow_api.py for tasks to queue
[2026-02-02T14:33:37.525+0000] {logging_mixin.py:188} INFO - [2026-02-02T14:33:37.524+0000] {dagbag.py:538} INFO - Filling up the DagBag from /home/airflow/.local/lib/python3.8/site-packages/airflow/example_dags/tutorial_taskflow_api.py
[2026-02-02T14:33:37.531+0000] {processor.py:840} INFO - DAG(s) 'tutorial_taskflow_api' retrieved from /home/airflow/.local/lib/python3.8/site-packages/airflow/example_dags/tutorial_taskflow_api.py
[2026-02-02T14:33:37.571+0000] {logging_mixin.py:188} INFO - [2026-02-02T14:33:37.571+0000] {dag.py:3036} INFO - Sync 1 DAGs
[2026-02-02T14:33:37.590+0000] {logging_mixin.py:188} INFO - [2026-02-02T14:33:37.590+0000] {dag.py:3823} INFO - Setting next_dagrun for tutorial_taskflow_api to None, run_after=None
[2026-02-02T14:33:37.608+0000] {processor.py:183} INFO - Processing /home/airflow/.local/lib/python3.8/site-packages/airflow/example_dags/tutorial_taskflow_api.py took 0.089 seconds
[2026-02-02T14:34:08.407+0000] {processor.py:161} INFO - Started process (PID=1565) to work on /home/airflow/.local/lib/python3.8/site-packages/airflow/example_dags/tutorial_taskflow_api.py
[2026-02-02T14:34:08.410+0000] {processor.py:830} INFO - Processing file /home/airflow/.local/lib/python3.8/site-packages/airflow/example_dags/tutorial_taskflow_api.py for tasks to queue
[2026-02-02T14:34:08.416+0000] {logging_mixin.py:188} INFO - [2026-02-02T14:34:08.415+0000] {dagbag.py:538} INFO - Filling up the DagBag from /home/airflow/.local/lib/python3.8/site-packages/airflow/example_dags/tutorial_taskflow_api.py
[2026-02-02T14:34:08.431+0000] {processor.py:840} INFO - DAG(s) 'tutorial_taskflow_api' retrieved from /home/airflow/.local/lib/python3.8/site-packages/airflow/example_dags/tutorial_taskflow_api.py
[2026-02-02T14:34:08.486+0000] {logging_mixin.py:188} INFO - [2026-02-02T14:34:08.486+0000] {dag.py:3036} INFO - Sync 1 DAGs
[2026-02-02T14:34:08.501+0000] {logging_mixin.py:188} INFO - [2026-02-02T14:34:08.501+0000] {dag.py:3823} INFO - Setting next_dagrun for tutorial_taskflow_api to None, run_after=None
[2026-02-02T14:34:08.518+0000] {processor.py:183} INFO - Processing /home/airflow/.local/lib/python3.8/site-packages/airflow/example_dags/tutorial_taskflow_api.py took 0.114 seconds
[2026-02-02T14:34:39.235+0000] {processor.py:161} INFO - Started process (PID=1620) to work on /home/airflow/.local/lib/python3.8/site-packages/airflow/example_dags/tutorial_taskflow_api.py
[2026-02-02T14:34:39.236+0000] {processor.py:830} INFO - Processing file /home/airflow/.local/lib/python3.8/site-packages/airflow/example_dags/tutorial_taskflow_api.py for tasks to queue
[2026-02-02T14:34:39.238+0000] {logging_mixin.py:188} INFO - [2026-02-02T14:34:39.238+0000] {dagbag.py:538} INFO - Filling up the DagBag from /home/airflow/.local/lib/python3.8/site-packages/airflow/example_dags/tutorial_taskflow_api.py
[2026-02-02T14:34:39.245+0000] {processor.py:840} INFO - DAG(s) 'tutorial_taskflow_api' retrieved from /home/airflow/.local/lib/python3.8/site-packages/airflow/example_dags/tutorial_taskflow_api.py
[2026-02-02T14:34:39.278+0000] {logging_mixin.py:188} INFO - [2026-02-02T14:34:39.278+0000] {dag.py:3036} INFO - Sync 1 DAGs
[2026-02-02T14:34:39.291+0000] {logging_mixin.py:188} INFO - [2026-02-02T14:34:39.291+0000] {dag.py:3823} INFO - Setting next_dagrun for tutorial_taskflow_api to None, run_after=None
[2026-02-02T14:34:39.310+0000] {processor.py:183} INFO - Processing /home/airflow/.local/lib/python3.8/site-packages/airflow/example_dags/tutorial_taskflow_api.py took 0.079 seconds
[2026-02-02T14:35:10.368+0000] {processor.py:161} INFO - Started process (PID=1675) to work on /home/airflow/.local/lib/python3.8/site-packages/airflow/example_dags/tutorial_taskflow_api.py
[2026-02-02T14:35:10.369+0000] {processor.py:830} INFO - Processing file /home/airflow/.local/lib/python3.8/site-packages/airflow/example_dags/tutorial_taskflow_api.py for tasks to queue
[2026-02-02T14:35:10.371+0000] {logging_mixin.py:188} INFO - [2026-02-02T14:35:10.371+0000] {dagbag.py:538} INFO - Filling up the DagBag from /home/airflow/.local/lib/python3.8/site-packages/airflow/example_dags/tutorial_taskflow_api.py
[2026-02-02T14:35:10.378+0000] {processor.py:840} INFO - DAG(s) 'tutorial_taskflow_api' retrieved from /home/airflow/.local/lib/python3.8/site-packages/airflow/example_dags/tutorial_taskflow_api.py
[2026-02-02T14:35:10.402+0000] {logging_mixin.py:188} INFO - [2026-02-02T14:35:10.401+0000] {dag.py:3036} INFO - Sync 1 DAGs
[2026-02-02T14:35:10.414+0000] {logging_mixin.py:188} INFO - [2026-02-02T14:35:10.414+0000] {dag.py:3823} INFO - Setting next_dagrun for tutorial_taskflow_api to None, run_after=None
[2026-02-02T14:35:10.432+0000] {processor.py:183} INFO - Processing /home/airflow/.local/lib/python3.8/site-packages/airflow/example_dags/tutorial_taskflow_api.py took 0.068 seconds
[2026-02-02T14:35:40.674+0000] {processor.py:161} INFO - Started process (PID=1729) to work on /home/airflow/.local/lib/python3.8/site-packages/airflow/example_dags/tutorial_taskflow_api.py
[2026-02-02T14:35:40.674+0000] {processor.py:830} INFO - Processing file /home/airflow/.local/lib/python3.8/site-packages/airflow/example_dags/tutorial_taskflow_api.py for tasks to queue
[2026-02-02T14:35:40.676+0000] {logging_mixin.py:188} INFO - [2026-02-02T14:35:40.676+0000] {dagbag.py:538} INFO - Filling up the DagBag from /home/airflow/.local/lib/python3.8/site-packages/airflow/example_dags/tutorial_taskflow_api.py
[2026-02-02T14:35:40.681+0000] {processor.py:840} INFO - DAG(s) 'tutorial_taskflow_api' retrieved from /home/airflow/.local/lib/python3.8/site-packages/airflow/example_dags/tutorial_taskflow_api.py
[2026-02-02T14:35:40.696+0000] {logging_mixin.py:188} INFO - [2026-02-02T14:35:40.696+0000] {dag.py:3036} INFO - Sync 1 DAGs
[2026-02-02T14:35:40.706+0000] {logging_mixin.py:188} INFO - [2026-02-02T14:35:40.706+0000] {dag.py:3823} INFO - Setting next_dagrun for tutorial_taskflow_api to None, run_after=None
[2026-02-02T14:35:40.719+0000] {processor.py:183} INFO - Processing /home/airflow/.local/lib/python3.8/site-packages/airflow/example_dags/tutorial_taskflow_api.py took 0.048 seconds
[2026-02-02T14:36:11.727+0000] {processor.py:161} INFO - Started process (PID=1785) to work on /home/airflow/.local/lib/python3.8/site-packages/airflow/example_dags/tutorial_taskflow_api.py
[2026-02-02T14:36:11.727+0000] {processor.py:830} INFO - Processing file /home/airflow/.local/lib/python3.8/site-packages/airflow/example_dags/tutorial_taskflow_api.py for tasks to queue
[2026-02-02T14:36:11.729+0000] {logging_mixin.py:188} INFO - [2026-02-02T14:36:11.729+0000] {dagbag.py:538} INFO - Filling up the DagBag from /home/airflow/.local/lib/python3.8/site-packages/airflow/example_dags/tutorial_taskflow_api.py
[2026-02-02T14:36:11.736+0000] {processor.py:840} INFO - DAG(s) 'tutorial_taskflow_api' retrieved from /home/airflow/.local/lib/python3.8/site-packages/airflow/example_dags/tutorial_taskflow_api.py
[2026-02-02T14:36:11.757+0000] {logging_mixin.py:188} INFO - [2026-02-02T14:36:11.757+0000] {dag.py:3036} INFO - Sync 1 DAGs
[2026-02-02T14:36:11.771+0000] {logging_mixin.py:188} INFO - [2026-02-02T14:36:11.771+0000] {dag.py:3823} INFO - Setting next_dagrun for tutorial_taskflow_api to None, run_after=None
[2026-02-02T14:36:11.788+0000] {processor.py:183} INFO - Processing /home/airflow/.local/lib/python3.8/site-packages/airflow/example_dags/tutorial_taskflow_api.py took 0.065 seconds
[2026-02-02T14:36:42.197+0000] {processor.py:161} INFO - Started process (PID=1840) to work on /home/airflow/.local/lib/python3.8/site-packages/airflow/example_dags/tutorial_taskflow_api.py
[2026-02-02T14:36:42.198+0000] {processor.py:830} INFO - Processing file /home/airflow/.local/lib/python3.8/site-packages/airflow/example_dags/tutorial_taskflow_api.py for tasks to queue
[2026-02-02T14:36:42.199+0000] {logging_mixin.py:188} INFO - [2026-02-02T14:36:42.199+0000] {dagbag.py:538} INFO - Filling up the DagBag from /home/airflow/.local/lib/python3.8/site-packages/airflow/example_dags/tutorial_taskflow_api.py
[2026-02-02T14:36:42.206+0000] {processor.py:840} INFO - DAG(s) 'tutorial_taskflow_api' retrieved from /home/airflow/.local/lib/python3.8/site-packages/airflow/example_dags/tutorial_taskflow_api.py
[2026-02-02T14:36:42.227+0000] {logging_mixin.py:188} INFO - [2026-02-02T14:36:42.227+0000] {dag.py:3036} INFO - Sync 1 DAGs
[2026-02-02T14:36:42.244+0000] {logging_mixin.py:188} INFO - [2026-02-02T14:36:42.243+0000] {dag.py:3823} INFO - Setting next_dagrun for tutorial_taskflow_api to None, run_after=None
[2026-02-02T14:36:42.278+0000] {processor.py:183} INFO - Processing /home/airflow/.local/lib/python3.8/site-packages/airflow/example_dags/tutorial_taskflow_api.py took 0.084 seconds
[2026-02-02T14:37:12.532+0000] {processor.py:161} INFO - Started process (PID=1895) to work on /home/airflow/.local/lib/python3.8/site-packages/airflow/example_dags/tutorial_taskflow_api.py
[2026-02-02T14:37:12.533+0000] {processor.py:830} INFO - Processing file /home/airflow/.local/lib/python3.8/site-packages/airflow/example_dags/tutorial_taskflow_api.py for tasks to queue
[2026-02-02T14:37:12.535+0000] {logging_mixin.py:188} INFO - [2026-02-02T14:37:12.535+0000] {dagbag.py:538} INFO - Filling up the DagBag from /home/airflow/.local/lib/python3.8/site-packages/airflow/example_dags/tutorial_taskflow_api.py
[2026-02-02T14:37:12.542+0000] {processor.py:840} INFO - DAG(s) 'tutorial_taskflow_api' retrieved from /home/airflow/.local/lib/python3.8/site-packages/airflow/example_dags/tutorial_taskflow_api.py
[2026-02-02T14:37:12.562+0000] {logging_mixin.py:188} INFO - [2026-02-02T14:37:12.562+0000] {dag.py:3036} INFO - Sync 1 DAGs
[2026-02-02T14:37:12.576+0000] {logging_mixin.py:188} INFO - [2026-02-02T14:37:12.576+0000] {dag.py:3823} INFO - Setting next_dagrun for tutorial_taskflow_api to None, run_after=None
[2026-02-02T14:37:12.595+0000] {processor.py:183} INFO - Processing /home/airflow/.local/lib/python3.8/site-packages/airflow/example_dags/tutorial_taskflow_api.py took 0.066 seconds
[2026-02-02T14:37:42.672+0000] {processor.py:161} INFO - Started process (PID=1950) to work on /home/airflow/.local/lib/python3.8/site-packages/airflow/example_dags/tutorial_taskflow_api.py
[2026-02-02T14:37:42.673+0000] {processor.py:830} INFO - Processing file /home/airflow/.local/lib/python3.8/site-packages/airflow/example_dags/tutorial_taskflow_api.py for tasks to queue
[2026-02-02T14:37:42.675+0000] {logging_mixin.py:188} INFO - [2026-02-02T14:37:42.675+0000] {dagbag.py:538} INFO - Filling up the DagBag from /home/airflow/.local/lib/python3.8/site-packages/airflow/example_dags/tutorial_taskflow_api.py
[2026-02-02T14:37:42.682+0000] {processor.py:840} INFO - DAG(s) 'tutorial_taskflow_api' retrieved from /home/airflow/.local/lib/python3.8/site-packages/airflow/example_dags/tutorial_taskflow_api.py
[2026-02-02T14:37:42.704+0000] {logging_mixin.py:188} INFO - [2026-02-02T14:37:42.703+0000] {dag.py:3036} INFO - Sync 1 DAGs
[2026-02-02T14:37:42.718+0000] {logging_mixin.py:188} INFO - [2026-02-02T14:37:42.718+0000] {dag.py:3823} INFO - Setting next_dagrun for tutorial_taskflow_api to None, run_after=None
[2026-02-02T14:37:42.737+0000] {processor.py:183} INFO - Processing /home/airflow/.local/lib/python3.8/site-packages/airflow/example_dags/tutorial_taskflow_api.py took 0.068 seconds
[2026-02-02T14:38:12.885+0000] {processor.py:161} INFO - Started process (PID=2003) to work on /home/airflow/.local/lib/python3.8/site-packages/airflow/example_dags/tutorial_taskflow_api.py
[2026-02-02T14:38:12.886+0000] {processor.py:830} INFO - Processing file /home/airflow/.local/lib/python3.8/site-packages/airflow/example_dags/tutorial_taskflow_api.py for tasks to queue
[2026-02-02T14:38:12.888+0000] {logging_mixin.py:188} INFO - [2026-02-02T14:38:12.888+0000] {dagbag.py:538} INFO - Filling up the DagBag from /home/airflow/.local/lib/python3.8/site-packages/airflow/example_dags/tutorial_taskflow_api.py
[2026-02-02T14:38:12.895+0000] {processor.py:840} INFO - DAG(s) 'tutorial_taskflow_api' retrieved from /home/airflow/.local/lib/python3.8/site-packages/airflow/example_dags/tutorial_taskflow_api.py
[2026-02-02T14:38:12.918+0000] {logging_mixin.py:188} INFO - [2026-02-02T14:38:12.917+0000] {dag.py:3036} INFO - Sync 1 DAGs
[2026-02-02T14:38:12.932+0000] {logging_mixin.py:188} INFO - [2026-02-02T14:38:12.932+0000] {dag.py:3823} INFO - Setting next_dagrun for tutorial_taskflow_api to None, run_after=None
[2026-02-02T14:38:12.953+0000] {processor.py:183} INFO - Processing /home/airflow/.local/lib/python3.8/site-packages/airflow/example_dags/tutorial_taskflow_api.py took 0.072 seconds
[2026-02-02T14:38:43.033+0000] {processor.py:161} INFO - Started process (PID=2057) to work on /home/airflow/.local/lib/python3.8/site-packages/airflow/example_dags/tutorial_taskflow_api.py
[2026-02-02T14:38:43.036+0000] {processor.py:830} INFO - Processing file /home/airflow/.local/lib/python3.8/site-packages/airflow/example_dags/tutorial_taskflow_api.py for tasks to queue
[2026-02-02T14:38:43.037+0000] {logging_mixin.py:188} INFO - [2026-02-02T14:38:43.037+0000] {dagbag.py:538} INFO - Filling up the DagBag from /home/airflow/.local/lib/python3.8/site-packages/airflow/example_dags/tutorial_taskflow_api.py
[2026-02-02T14:38:43.044+0000] {processor.py:840} INFO - DAG(s) 'tutorial_taskflow_api' retrieved from /home/airflow/.local/lib/python3.8/site-packages/airflow/example_dags/tutorial_taskflow_api.py
[2026-02-02T14:38:43.083+0000] {logging_mixin.py:188} INFO - [2026-02-02T14:38:43.083+0000] {dag.py:3036} INFO - Sync 1 DAGs
[2026-02-02T14:38:43.103+0000] {logging_mixin.py:188} INFO - [2026-02-02T14:38:43.103+0000] {dag.py:3823} INFO - Setting next_dagrun for tutorial_taskflow_api to None, run_after=None
[2026-02-02T14:38:43.121+0000] {processor.py:183} INFO - Processing /home/airflow/.local/lib/python3.8/site-packages/airflow/example_dags/tutorial_taskflow_api.py took 0.093 seconds
[2026-02-02T14:39:13.857+0000] {processor.py:161} INFO - Started process (PID=2113) to work on /home/airflow/.local/lib/python3.8/site-packages/airflow/example_dags/tutorial_taskflow_api.py
[2026-02-02T14:39:13.858+0000] {processor.py:830} INFO - Processing file /home/airflow/.local/lib/python3.8/site-packages/airflow/example_dags/tutorial_taskflow_api.py for tasks to queue
[2026-02-02T14:39:13.860+0000] {logging_mixin.py:188} INFO - [2026-02-02T14:39:13.860+0000] {dagbag.py:538} INFO - Filling up the DagBag from /home/airflow/.local/lib/python3.8/site-packages/airflow/example_dags/tutorial_taskflow_api.py
[2026-02-02T14:39:13.868+0000] {processor.py:840} INFO - DAG(s) 'tutorial_taskflow_api' retrieved from /home/airflow/.local/lib/python3.8/site-packages/airflow/example_dags/tutorial_taskflow_api.py
[2026-02-02T14:39:13.892+0000] {logging_mixin.py:188} INFO - [2026-02-02T14:39:13.891+0000] {dag.py:3036} INFO - Sync 1 DAGs
[2026-02-02T14:39:13.906+0000] {logging_mixin.py:188} INFO - [2026-02-02T14:39:13.906+0000] {dag.py:3823} INFO - Setting next_dagrun for tutorial_taskflow_api to None, run_after=None
[2026-02-02T14:39:13.925+0000] {processor.py:183} INFO - Processing /home/airflow/.local/lib/python3.8/site-packages/airflow/example_dags/tutorial_taskflow_api.py took 0.074 seconds
[2026-02-02T14:39:43.965+0000] {processor.py:161} INFO - Started process (PID=2168) to work on /home/airflow/.local/lib/python3.8/site-packages/airflow/example_dags/tutorial_taskflow_api.py
[2026-02-02T14:39:43.966+0000] {processor.py:830} INFO - Processing file /home/airflow/.local/lib/python3.8/site-packages/airflow/example_dags/tutorial_taskflow_api.py for tasks to queue
[2026-02-02T14:39:43.968+0000] {logging_mixin.py:188} INFO - [2026-02-02T14:39:43.968+0000] {dagbag.py:538} INFO - Filling up the DagBag from /home/airflow/.local/lib/python3.8/site-packages/airflow/example_dags/tutorial_taskflow_api.py
[2026-02-02T14:39:43.975+0000] {processor.py:840} INFO - DAG(s) 'tutorial_taskflow_api' retrieved from /home/airflow/.local/lib/python3.8/site-packages/airflow/example_dags/tutorial_taskflow_api.py
[2026-02-02T14:39:43.997+0000] {logging_mixin.py:188} INFO - [2026-02-02T14:39:43.997+0000] {dag.py:3036} INFO - Sync 1 DAGs
[2026-02-02T14:39:44.010+0000] {logging_mixin.py:188} INFO - [2026-02-02T14:39:44.010+0000] {dag.py:3823} INFO - Setting next_dagrun for tutorial_taskflow_api to None, run_after=None
[2026-02-02T14:39:44.029+0000] {processor.py:183} INFO - Processing /home/airflow/.local/lib/python3.8/site-packages/airflow/example_dags/tutorial_taskflow_api.py took 0.067 seconds
[2026-02-02T14:40:14.270+0000] {processor.py:161} INFO - Started process (PID=2222) to work on /home/airflow/.local/lib/python3.8/site-packages/airflow/example_dags/tutorial_taskflow_api.py
[2026-02-02T14:40:14.271+0000] {processor.py:830} INFO - Processing file /home/airflow/.local/lib/python3.8/site-packages/airflow/example_dags/tutorial_taskflow_api.py for tasks to queue
[2026-02-02T14:40:14.272+0000] {logging_mixin.py:188} INFO - [2026-02-02T14:40:14.272+0000] {dagbag.py:538} INFO - Filling up the DagBag from /home/airflow/.local/lib/python3.8/site-packages/airflow/example_dags/tutorial_taskflow_api.py
[2026-02-02T14:40:14.277+0000] {processor.py:840} INFO - DAG(s) 'tutorial_taskflow_api' retrieved from /home/airflow/.local/lib/python3.8/site-packages/airflow/example_dags/tutorial_taskflow_api.py
[2026-02-02T14:40:14.293+0000] {logging_mixin.py:188} INFO - [2026-02-02T14:40:14.293+0000] {dag.py:3036} INFO - Sync 1 DAGs
[2026-02-02T14:40:14.303+0000] {logging_mixin.py:188} INFO - [2026-02-02T14:40:14.302+0000] {dag.py:3823} INFO - Setting next_dagrun for tutorial_taskflow_api to None, run_after=None
[2026-02-02T14:40:14.316+0000] {processor.py:183} INFO - Processing /home/airflow/.local/lib/python3.8/site-packages/airflow/example_dags/tutorial_taskflow_api.py took 0.049 seconds
[2026-02-02T14:40:44.455+0000] {processor.py:161} INFO - Started process (PID=2277) to work on /home/airflow/.local/lib/python3.8/site-packages/airflow/example_dags/tutorial_taskflow_api.py
[2026-02-02T14:40:44.456+0000] {processor.py:830} INFO - Processing file /home/airflow/.local/lib/python3.8/site-packages/airflow/example_dags/tutorial_taskflow_api.py for tasks to queue
[2026-02-02T14:40:44.458+0000] {logging_mixin.py:188} INFO - [2026-02-02T14:40:44.458+0000] {dagbag.py:538} INFO - Filling up the DagBag from /home/airflow/.local/lib/python3.8/site-packages/airflow/example_dags/tutorial_taskflow_api.py
[2026-02-02T14:40:44.467+0000] {processor.py:840} INFO - DAG(s) 'tutorial_taskflow_api' retrieved from /home/airflow/.local/lib/python3.8/site-packages/airflow/example_dags/tutorial_taskflow_api.py
[2026-02-02T14:40:44.489+0000] {logging_mixin.py:188} INFO - [2026-02-02T14:40:44.489+0000] {dag.py:3036} INFO - Sync 1 DAGs
[2026-02-02T14:40:44.505+0000] {logging_mixin.py:188} INFO - [2026-02-02T14:40:44.504+0000] {dag.py:3823} INFO - Setting next_dagrun for tutorial_taskflow_api to None, run_after=None
[2026-02-02T14:40:44.543+0000] {processor.py:183} INFO - Processing /home/airflow/.local/lib/python3.8/site-packages/airflow/example_dags/tutorial_taskflow_api.py took 0.092 seconds
[2026-02-02T14:41:15.547+0000] {processor.py:161} INFO - Started process (PID=2333) to work on /home/airflow/.local/lib/python3.8/site-packages/airflow/example_dags/tutorial_taskflow_api.py
[2026-02-02T14:41:15.548+0000] {processor.py:830} INFO - Processing file /home/airflow/.local/lib/python3.8/site-packages/airflow/example_dags/tutorial_taskflow_api.py for tasks to queue
[2026-02-02T14:41:15.550+0000] {logging_mixin.py:188} INFO - [2026-02-02T14:41:15.549+0000] {dagbag.py:538} INFO - Filling up the DagBag from /home/airflow/.local/lib/python3.8/site-packages/airflow/example_dags/tutorial_taskflow_api.py
[2026-02-02T14:41:15.557+0000] {processor.py:840} INFO - DAG(s) 'tutorial_taskflow_api' retrieved from /home/airflow/.local/lib/python3.8/site-packages/airflow/example_dags/tutorial_taskflow_api.py
[2026-02-02T14:41:15.610+0000] {logging_mixin.py:188} INFO - [2026-02-02T14:41:15.610+0000] {dag.py:3036} INFO - Sync 1 DAGs
[2026-02-02T14:41:15.636+0000] {logging_mixin.py:188} INFO - [2026-02-02T14:41:15.636+0000] {dag.py:3823} INFO - Setting next_dagrun for tutorial_taskflow_api to None, run_after=None
[2026-02-02T14:41:15.675+0000] {processor.py:183} INFO - Processing /home/airflow/.local/lib/python3.8/site-packages/airflow/example_dags/tutorial_taskflow_api.py took 0.131 seconds
[2026-02-02T14:41:45.769+0000] {processor.py:161} INFO - Started process (PID=2388) to work on /home/airflow/.local/lib/python3.8/site-packages/airflow/example_dags/tutorial_taskflow_api.py
[2026-02-02T14:41:45.769+0000] {processor.py:830} INFO - Processing file /home/airflow/.local/lib/python3.8/site-packages/airflow/example_dags/tutorial_taskflow_api.py for tasks to queue
[2026-02-02T14:41:45.771+0000] {logging_mixin.py:188} INFO - [2026-02-02T14:41:45.771+0000] {dagbag.py:538} INFO - Filling up the DagBag from /home/airflow/.local/lib/python3.8/site-packages/airflow/example_dags/tutorial_taskflow_api.py
[2026-02-02T14:41:45.779+0000] {processor.py:840} INFO - DAG(s) 'tutorial_taskflow_api' retrieved from /home/airflow/.local/lib/python3.8/site-packages/airflow/example_dags/tutorial_taskflow_api.py
[2026-02-02T14:41:45.800+0000] {logging_mixin.py:188} INFO - [2026-02-02T14:41:45.800+0000] {dag.py:3036} INFO - Sync 1 DAGs
[2026-02-02T14:41:45.813+0000] {logging_mixin.py:188} INFO - [2026-02-02T14:41:45.813+0000] {dag.py:3823} INFO - Setting next_dagrun for tutorial_taskflow_api to None, run_after=None
[2026-02-02T14:41:45.831+0000] {processor.py:183} INFO - Processing /home/airflow/.local/lib/python3.8/site-packages/airflow/example_dags/tutorial_taskflow_api.py took 0.066 seconds
[2026-02-02T14:42:16.426+0000] {processor.py:161} INFO - Started process (PID=2443) to work on /home/airflow/.local/lib/python3.8/site-packages/airflow/example_dags/tutorial_taskflow_api.py
[2026-02-02T14:42:16.428+0000] {processor.py:830} INFO - Processing file /home/airflow/.local/lib/python3.8/site-packages/airflow/example_dags/tutorial_taskflow_api.py for tasks to queue
[2026-02-02T14:42:16.430+0000] {logging_mixin.py:188} INFO - [2026-02-02T14:42:16.430+0000] {dagbag.py:538} INFO - Filling up the DagBag from /home/airflow/.local/lib/python3.8/site-packages/airflow/example_dags/tutorial_taskflow_api.py
[2026-02-02T14:42:16.442+0000] {processor.py:840} INFO - DAG(s) 'tutorial_taskflow_api' retrieved from /home/airflow/.local/lib/python3.8/site-packages/airflow/example_dags/tutorial_taskflow_api.py
[2026-02-02T14:42:16.466+0000] {logging_mixin.py:188} INFO - [2026-02-02T14:42:16.466+0000] {dag.py:3036} INFO - Sync 1 DAGs
[2026-02-02T14:42:16.480+0000] {logging_mixin.py:188} INFO - [2026-02-02T14:42:16.480+0000] {dag.py:3823} INFO - Setting next_dagrun for tutorial_taskflow_api to None, run_after=None
[2026-02-02T14:42:16.504+0000] {processor.py:183} INFO - Processing /home/airflow/.local/lib/python3.8/site-packages/airflow/example_dags/tutorial_taskflow_api.py took 0.083 seconds
[2026-02-02T14:42:47.097+0000] {processor.py:161} INFO - Started process (PID=2498) to work on /home/airflow/.local/lib/python3.8/site-packages/airflow/example_dags/tutorial_taskflow_api.py
[2026-02-02T14:42:47.098+0000] {processor.py:830} INFO - Processing file /home/airflow/.local/lib/python3.8/site-packages/airflow/example_dags/tutorial_taskflow_api.py for tasks to queue
[2026-02-02T14:42:47.099+0000] {logging_mixin.py:188} INFO - [2026-02-02T14:42:47.099+0000] {dagbag.py:538} INFO - Filling up the DagBag from /home/airflow/.local/lib/python3.8/site-packages/airflow/example_dags/tutorial_taskflow_api.py
[2026-02-02T14:42:47.106+0000] {processor.py:840} INFO - DAG(s) 'tutorial_taskflow_api' retrieved from /home/airflow/.local/lib/python3.8/site-packages/airflow/example_dags/tutorial_taskflow_api.py
[2026-02-02T14:42:47.127+0000] {logging_mixin.py:188} INFO - [2026-02-02T14:42:47.127+0000] {dag.py:3036} INFO - Sync 1 DAGs
[2026-02-02T14:42:47.140+0000] {logging_mixin.py:188} INFO - [2026-02-02T14:42:47.140+0000] {dag.py:3823} INFO - Setting next_dagrun for tutorial_taskflow_api to None, run_after=None
[2026-02-02T14:42:47.159+0000] {processor.py:183} INFO - Processing /home/airflow/.local/lib/python3.8/site-packages/airflow/example_dags/tutorial_taskflow_api.py took 0.066 seconds
[2026-02-02T14:43:17.437+0000] {processor.py:161} INFO - Started process (PID=2552) to work on /home/airflow/.local/lib/python3.8/site-packages/airflow/example_dags/tutorial_taskflow_api.py
[2026-02-02T14:43:17.438+0000] {processor.py:830} INFO - Processing file /home/airflow/.local/lib/python3.8/site-packages/airflow/example_dags/tutorial_taskflow_api.py for tasks to queue
[2026-02-02T14:43:17.440+0000] {logging_mixin.py:188} INFO - [2026-02-02T14:43:17.440+0000] {dagbag.py:538} INFO - Filling up the DagBag from /home/airflow/.local/lib/python3.8/site-packages/airflow/example_dags/tutorial_taskflow_api.py
[2026-02-02T14:43:17.447+0000] {processor.py:840} INFO - DAG(s) 'tutorial_taskflow_api' retrieved from /home/airflow/.local/lib/python3.8/site-packages/airflow/example_dags/tutorial_taskflow_api.py
[2026-02-02T14:43:17.468+0000] {logging_mixin.py:188} INFO - [2026-02-02T14:43:17.468+0000] {dag.py:3036} INFO - Sync 1 DAGs
[2026-02-02T14:43:17.482+0000] {logging_mixin.py:188} INFO - [2026-02-02T14:43:17.482+0000] {dag.py:3823} INFO - Setting next_dagrun for tutorial_taskflow_api to None, run_after=None
[2026-02-02T14:43:17.500+0000] {processor.py:183} INFO - Processing /home/airflow/.local/lib/python3.8/site-packages/airflow/example_dags/tutorial_taskflow_api.py took 0.067 seconds
[2026-02-02T14:43:47.995+0000] {processor.py:161} INFO - Started process (PID=2607) to work on /home/airflow/.local/lib/python3.8/site-packages/airflow/example_dags/tutorial_taskflow_api.py
[2026-02-02T14:43:47.995+0000] {processor.py:830} INFO - Processing file /home/airflow/.local/lib/python3.8/site-packages/airflow/example_dags/tutorial_taskflow_api.py for tasks to queue
[2026-02-02T14:43:47.997+0000] {logging_mixin.py:188} INFO - [2026-02-02T14:43:47.997+0000] {dagbag.py:538} INFO - Filling up the DagBag from /home/airflow/.local/lib/python3.8/site-packages/airflow/example_dags/tutorial_taskflow_api.py
[2026-02-02T14:43:48.005+0000] {processor.py:840} INFO - DAG(s) 'tutorial_taskflow_api' retrieved from /home/airflow/.local/lib/python3.8/site-packages/airflow/example_dags/tutorial_taskflow_api.py
[2026-02-02T14:43:48.027+0000] {logging_mixin.py:188} INFO - [2026-02-02T14:43:48.027+0000] {dag.py:3036} INFO - Sync 1 DAGs
[2026-02-02T14:43:48.065+0000] {logging_mixin.py:188} INFO - [2026-02-02T14:43:48.065+0000] {dag.py:3823} INFO - Setting next_dagrun for tutorial_taskflow_api to None, run_after=None
[2026-02-02T14:43:48.090+0000] {processor.py:183} INFO - Processing /home/airflow/.local/lib/python3.8/site-packages/airflow/example_dags/tutorial_taskflow_api.py took 0.099 seconds
[2026-02-02T14:44:18.766+0000] {processor.py:161} INFO - Started process (PID=2662) to work on /home/airflow/.local/lib/python3.8/site-packages/airflow/example_dags/tutorial_taskflow_api.py
[2026-02-02T14:44:18.770+0000] {processor.py:830} INFO - Processing file /home/airflow/.local/lib/python3.8/site-packages/airflow/example_dags/tutorial_taskflow_api.py for tasks to queue
[2026-02-02T14:44:18.772+0000] {logging_mixin.py:188} INFO - [2026-02-02T14:44:18.771+0000] {dagbag.py:538} INFO - Filling up the DagBag from /home/airflow/.local/lib/python3.8/site-packages/airflow/example_dags/tutorial_taskflow_api.py
[2026-02-02T14:44:18.779+0000] {processor.py:840} INFO - DAG(s) 'tutorial_taskflow_api' retrieved from /home/airflow/.local/lib/python3.8/site-packages/airflow/example_dags/tutorial_taskflow_api.py
[2026-02-02T14:44:18.799+0000] {logging_mixin.py:188} INFO - [2026-02-02T14:44:18.799+0000] {dag.py:3036} INFO - Sync 1 DAGs
[2026-02-02T14:44:18.812+0000] {logging_mixin.py:188} INFO - [2026-02-02T14:44:18.812+0000] {dag.py:3823} INFO - Setting next_dagrun for tutorial_taskflow_api to None, run_after=None
[2026-02-02T14:44:18.831+0000] {processor.py:183} INFO - Processing /home/airflow/.local/lib/python3.8/site-packages/airflow/example_dags/tutorial_taskflow_api.py took 0.075 seconds
[2026-02-02T14:44:49.304+0000] {processor.py:161} INFO - Started process (PID=2717) to work on /home/airflow/.local/lib/python3.8/site-packages/airflow/example_dags/tutorial_taskflow_api.py
[2026-02-02T14:44:49.306+0000] {processor.py:830} INFO - Processing file /home/airflow/.local/lib/python3.8/site-packages/airflow/example_dags/tutorial_taskflow_api.py for tasks to queue
[2026-02-02T14:44:49.311+0000] {logging_mixin.py:188} INFO - [2026-02-02T14:44:49.310+0000] {dagbag.py:538} INFO - Filling up the DagBag from /home/airflow/.local/lib/python3.8/site-packages/airflow/example_dags/tutorial_taskflow_api.py
[2026-02-02T14:44:49.334+0000] {processor.py:840} INFO - DAG(s) 'tutorial_taskflow_api' retrieved from /home/airflow/.local/lib/python3.8/site-packages/airflow/example_dags/tutorial_taskflow_api.py
[2026-02-02T14:44:49.363+0000] {logging_mixin.py:188} INFO - [2026-02-02T14:44:49.362+0000] {dag.py:3036} INFO - Sync 1 DAGs
[2026-02-02T14:44:49.377+0000] {logging_mixin.py:188} INFO - [2026-02-02T14:44:49.377+0000] {dag.py:3823} INFO - Setting next_dagrun for tutorial_taskflow_api to None, run_after=None
[2026-02-02T14:44:49.396+0000] {processor.py:183} INFO - Processing /home/airflow/.local/lib/python3.8/site-packages/airflow/example_dags/tutorial_taskflow_api.py took 0.104 seconds
[2026-02-02T14:45:20.089+0000] {processor.py:161} INFO - Started process (PID=2774) to work on /home/airflow/.local/lib/python3.8/site-packages/airflow/example_dags/tutorial_taskflow_api.py
[2026-02-02T14:45:20.092+0000] {processor.py:830} INFO - Processing file /home/airflow/.local/lib/python3.8/site-packages/airflow/example_dags/tutorial_taskflow_api.py for tasks to queue
[2026-02-02T14:45:20.095+0000] {logging_mixin.py:188} INFO - [2026-02-02T14:45:20.095+0000] {dagbag.py:538} INFO - Filling up the DagBag from /home/airflow/.local/lib/python3.8/site-packages/airflow/example_dags/tutorial_taskflow_api.py
[2026-02-02T14:45:20.102+0000] {processor.py:840} INFO - DAG(s) 'tutorial_taskflow_api' retrieved from /home/airflow/.local/lib/python3.8/site-packages/airflow/example_dags/tutorial_taskflow_api.py
[2026-02-02T14:45:20.123+0000] {logging_mixin.py:188} INFO - [2026-02-02T14:45:20.123+0000] {dag.py:3036} INFO - Sync 1 DAGs
[2026-02-02T14:45:20.137+0000] {logging_mixin.py:188} INFO - [2026-02-02T14:45:20.137+0000] {dag.py:3823} INFO - Setting next_dagrun for tutorial_taskflow_api to None, run_after=None
[2026-02-02T14:45:20.156+0000] {processor.py:183} INFO - Processing /home/airflow/.local/lib/python3.8/site-packages/airflow/example_dags/tutorial_taskflow_api.py took 0.072 seconds
[2026-02-02T14:45:50.348+0000] {processor.py:161} INFO - Started process (PID=2830) to work on /home/airflow/.local/lib/python3.8/site-packages/airflow/example_dags/tutorial_taskflow_api.py
[2026-02-02T14:45:50.349+0000] {processor.py:830} INFO - Processing file /home/airflow/.local/lib/python3.8/site-packages/airflow/example_dags/tutorial_taskflow_api.py for tasks to queue
[2026-02-02T14:45:50.351+0000] {logging_mixin.py:188} INFO - [2026-02-02T14:45:50.350+0000] {dagbag.py:538} INFO - Filling up the DagBag from /home/airflow/.local/lib/python3.8/site-packages/airflow/example_dags/tutorial_taskflow_api.py
[2026-02-02T14:45:50.358+0000] {processor.py:840} INFO - DAG(s) 'tutorial_taskflow_api' retrieved from /home/airflow/.local/lib/python3.8/site-packages/airflow/example_dags/tutorial_taskflow_api.py
[2026-02-02T14:45:50.379+0000] {logging_mixin.py:188} INFO - [2026-02-02T14:45:50.379+0000] {dag.py:3036} INFO - Sync 1 DAGs
[2026-02-02T14:45:50.397+0000] {logging_mixin.py:188} INFO - [2026-02-02T14:45:50.396+0000] {dag.py:3823} INFO - Setting next_dagrun for tutorial_taskflow_api to None, run_after=None
[2026-02-02T14:45:50.416+0000] {processor.py:183} INFO - Processing /home/airflow/.local/lib/python3.8/site-packages/airflow/example_dags/tutorial_taskflow_api.py took 0.071 seconds
[2026-02-02T14:46:20.645+0000] {processor.py:161} INFO - Started process (PID=2885) to work on /home/airflow/.local/lib/python3.8/site-packages/airflow/example_dags/tutorial_taskflow_api.py
[2026-02-02T14:46:20.646+0000] {processor.py:830} INFO - Processing file /home/airflow/.local/lib/python3.8/site-packages/airflow/example_dags/tutorial_taskflow_api.py for tasks to queue
[2026-02-02T14:46:20.650+0000] {logging_mixin.py:188} INFO - [2026-02-02T14:46:20.648+0000] {dagbag.py:538} INFO - Filling up the DagBag from /home/airflow/.local/lib/python3.8/site-packages/airflow/example_dags/tutorial_taskflow_api.py
[2026-02-02T14:46:20.658+0000] {processor.py:840} INFO - DAG(s) 'tutorial_taskflow_api' retrieved from /home/airflow/.local/lib/python3.8/site-packages/airflow/example_dags/tutorial_taskflow_api.py
[2026-02-02T14:46:20.679+0000] {logging_mixin.py:188} INFO - [2026-02-02T14:46:20.679+0000] {dag.py:3036} INFO - Sync 1 DAGs
[2026-02-02T14:46:20.694+0000] {logging_mixin.py:188} INFO - [2026-02-02T14:46:20.693+0000] {dag.py:3823} INFO - Setting next_dagrun for tutorial_taskflow_api to None, run_after=None
[2026-02-02T14:46:20.719+0000] {processor.py:183} INFO - Processing /home/airflow/.local/lib/python3.8/site-packages/airflow/example_dags/tutorial_taskflow_api.py took 0.078 seconds
[2026-02-02T14:46:51.581+0000] {processor.py:161} INFO - Started process (PID=2941) to work on /home/airflow/.local/lib/python3.8/site-packages/airflow/example_dags/tutorial_taskflow_api.py
[2026-02-02T14:46:51.586+0000] {processor.py:830} INFO - Processing file /home/airflow/.local/lib/python3.8/site-packages/airflow/example_dags/tutorial_taskflow_api.py for tasks to queue
[2026-02-02T14:46:51.594+0000] {logging_mixin.py:188} INFO - [2026-02-02T14:46:51.594+0000] {dagbag.py:538} INFO - Filling up the DagBag from /home/airflow/.local/lib/python3.8/site-packages/airflow/example_dags/tutorial_taskflow_api.py
[2026-02-02T14:46:51.617+0000] {processor.py:840} INFO - DAG(s) 'tutorial_taskflow_api' retrieved from /home/airflow/.local/lib/python3.8/site-packages/airflow/example_dags/tutorial_taskflow_api.py
[2026-02-02T14:46:51.681+0000] {logging_mixin.py:188} INFO - [2026-02-02T14:46:51.680+0000] {dag.py:3036} INFO - Sync 1 DAGs
[2026-02-02T14:46:51.705+0000] {logging_mixin.py:188} INFO - [2026-02-02T14:46:51.702+0000] {dag.py:3823} INFO - Setting next_dagrun for tutorial_taskflow_api to None, run_after=None
[2026-02-02T14:46:51.734+0000] {processor.py:183} INFO - Processing /home/airflow/.local/lib/python3.8/site-packages/airflow/example_dags/tutorial_taskflow_api.py took 0.169 seconds
[2026-02-02T14:47:21.797+0000] {processor.py:161} INFO - Started process (PID=2996) to work on /home/airflow/.local/lib/python3.8/site-packages/airflow/example_dags/tutorial_taskflow_api.py
[2026-02-02T14:47:21.797+0000] {processor.py:830} INFO - Processing file /home/airflow/.local/lib/python3.8/site-packages/airflow/example_dags/tutorial_taskflow_api.py for tasks to queue
[2026-02-02T14:47:21.799+0000] {logging_mixin.py:188} INFO - [2026-02-02T14:47:21.799+0000] {dagbag.py:538} INFO - Filling up the DagBag from /home/airflow/.local/lib/python3.8/site-packages/airflow/example_dags/tutorial_taskflow_api.py
[2026-02-02T14:47:21.804+0000] {processor.py:840} INFO - DAG(s) 'tutorial_taskflow_api' retrieved from /home/airflow/.local/lib/python3.8/site-packages/airflow/example_dags/tutorial_taskflow_api.py
[2026-02-02T14:47:21.820+0000] {logging_mixin.py:188} INFO - [2026-02-02T14:47:21.820+0000] {dag.py:3036} INFO - Sync 1 DAGs
[2026-02-02T14:47:21.831+0000] {logging_mixin.py:188} INFO - [2026-02-02T14:47:21.830+0000] {dag.py:3823} INFO - Setting next_dagrun for tutorial_taskflow_api to None, run_after=None
[2026-02-02T14:47:21.847+0000] {processor.py:183} INFO - Processing /home/airflow/.local/lib/python3.8/site-packages/airflow/example_dags/tutorial_taskflow_api.py took 0.054 seconds
[2026-02-02T14:47:52.643+0000] {processor.py:161} INFO - Started process (PID=3054) to work on /home/airflow/.local/lib/python3.8/site-packages/airflow/example_dags/tutorial_taskflow_api.py
[2026-02-02T14:47:52.644+0000] {processor.py:830} INFO - Processing file /home/airflow/.local/lib/python3.8/site-packages/airflow/example_dags/tutorial_taskflow_api.py for tasks to queue
[2026-02-02T14:47:52.645+0000] {logging_mixin.py:188} INFO - [2026-02-02T14:47:52.645+0000] {dagbag.py:538} INFO - Filling up the DagBag from /home/airflow/.local/lib/python3.8/site-packages/airflow/example_dags/tutorial_taskflow_api.py
[2026-02-02T14:47:52.653+0000] {processor.py:840} INFO - DAG(s) 'tutorial_taskflow_api' retrieved from /home/airflow/.local/lib/python3.8/site-packages/airflow/example_dags/tutorial_taskflow_api.py
[2026-02-02T14:47:52.676+0000] {logging_mixin.py:188} INFO - [2026-02-02T14:47:52.676+0000] {dag.py:3036} INFO - Sync 1 DAGs
[2026-02-02T14:47:52.695+0000] {logging_mixin.py:188} INFO - [2026-02-02T14:47:52.695+0000] {dag.py:3823} INFO - Setting next_dagrun for tutorial_taskflow_api to None, run_after=None
[2026-02-02T14:47:52.716+0000] {processor.py:183} INFO - Processing /home/airflow/.local/lib/python3.8/site-packages/airflow/example_dags/tutorial_taskflow_api.py took 0.077 seconds
[2026-02-02T14:48:23.128+0000] {processor.py:161} INFO - Started process (PID=3110) to work on /home/airflow/.local/lib/python3.8/site-packages/airflow/example_dags/tutorial_taskflow_api.py
[2026-02-02T14:48:23.131+0000] {processor.py:830} INFO - Processing file /home/airflow/.local/lib/python3.8/site-packages/airflow/example_dags/tutorial_taskflow_api.py for tasks to queue
[2026-02-02T14:48:23.137+0000] {logging_mixin.py:188} INFO - [2026-02-02T14:48:23.132+0000] {dagbag.py:538} INFO - Filling up the DagBag from /home/airflow/.local/lib/python3.8/site-packages/airflow/example_dags/tutorial_taskflow_api.py
[2026-02-02T14:48:23.149+0000] {processor.py:840} INFO - DAG(s) 'tutorial_taskflow_api' retrieved from /home/airflow/.local/lib/python3.8/site-packages/airflow/example_dags/tutorial_taskflow_api.py
[2026-02-02T14:48:23.177+0000] {logging_mixin.py:188} INFO - [2026-02-02T14:48:23.177+0000] {dag.py:3036} INFO - Sync 1 DAGs
[2026-02-02T14:48:23.191+0000] {logging_mixin.py:188} INFO - [2026-02-02T14:48:23.191+0000] {dag.py:3823} INFO - Setting next_dagrun for tutorial_taskflow_api to None, run_after=None
[2026-02-02T14:48:23.211+0000] {processor.py:183} INFO - Processing /home/airflow/.local/lib/python3.8/site-packages/airflow/example_dags/tutorial_taskflow_api.py took 0.088 seconds
[2026-02-02T14:48:53.495+0000] {processor.py:161} INFO - Started process (PID=3165) to work on /home/airflow/.local/lib/python3.8/site-packages/airflow/example_dags/tutorial_taskflow_api.py
[2026-02-02T14:48:53.496+0000] {processor.py:830} INFO - Processing file /home/airflow/.local/lib/python3.8/site-packages/airflow/example_dags/tutorial_taskflow_api.py for tasks to queue
[2026-02-02T14:48:53.498+0000] {logging_mixin.py:188} INFO - [2026-02-02T14:48:53.498+0000] {dagbag.py:538} INFO - Filling up the DagBag from /home/airflow/.local/lib/python3.8/site-packages/airflow/example_dags/tutorial_taskflow_api.py
[2026-02-02T14:48:53.505+0000] {processor.py:840} INFO - DAG(s) 'tutorial_taskflow_api' retrieved from /home/airflow/.local/lib/python3.8/site-packages/airflow/example_dags/tutorial_taskflow_api.py
[2026-02-02T14:48:53.529+0000] {logging_mixin.py:188} INFO - [2026-02-02T14:48:53.529+0000] {dag.py:3036} INFO - Sync 1 DAGs
[2026-02-02T14:48:53.545+0000] {logging_mixin.py:188} INFO - [2026-02-02T14:48:53.545+0000] {dag.py:3823} INFO - Setting next_dagrun for tutorial_taskflow_api to None, run_after=None
[2026-02-02T14:48:53.564+0000] {processor.py:183} INFO - Processing /home/airflow/.local/lib/python3.8/site-packages/airflow/example_dags/tutorial_taskflow_api.py took 0.072 seconds
[2026-02-02T14:49:23.874+0000] {processor.py:161} INFO - Started process (PID=3221) to work on /home/airflow/.local/lib/python3.8/site-packages/airflow/example_dags/tutorial_taskflow_api.py
[2026-02-02T14:49:23.875+0000] {processor.py:830} INFO - Processing file /home/airflow/.local/lib/python3.8/site-packages/airflow/example_dags/tutorial_taskflow_api.py for tasks to queue
[2026-02-02T14:49:23.881+0000] {logging_mixin.py:188} INFO - [2026-02-02T14:49:23.879+0000] {dagbag.py:538} INFO - Filling up the DagBag from /home/airflow/.local/lib/python3.8/site-packages/airflow/example_dags/tutorial_taskflow_api.py
[2026-02-02T14:49:23.891+0000] {processor.py:840} INFO - DAG(s) 'tutorial_taskflow_api' retrieved from /home/airflow/.local/lib/python3.8/site-packages/airflow/example_dags/tutorial_taskflow_api.py
[2026-02-02T14:49:23.914+0000] {logging_mixin.py:188} INFO - [2026-02-02T14:49:23.914+0000] {dag.py:3036} INFO - Sync 1 DAGs
[2026-02-02T14:49:23.928+0000] {logging_mixin.py:188} INFO - [2026-02-02T14:49:23.928+0000] {dag.py:3823} INFO - Setting next_dagrun for tutorial_taskflow_api to None, run_after=None
[2026-02-02T14:49:23.952+0000] {processor.py:183} INFO - Processing /home/airflow/.local/lib/python3.8/site-packages/airflow/example_dags/tutorial_taskflow_api.py took 0.092 seconds
[2026-02-02T14:49:54.424+0000] {processor.py:161} INFO - Started process (PID=3277) to work on /home/airflow/.local/lib/python3.8/site-packages/airflow/example_dags/tutorial_taskflow_api.py
[2026-02-02T14:49:54.428+0000] {processor.py:830} INFO - Processing file /home/airflow/.local/lib/python3.8/site-packages/airflow/example_dags/tutorial_taskflow_api.py for tasks to queue
[2026-02-02T14:49:54.436+0000] {logging_mixin.py:188} INFO - [2026-02-02T14:49:54.436+0000] {dagbag.py:538} INFO - Filling up the DagBag from /home/airflow/.local/lib/python3.8/site-packages/airflow/example_dags/tutorial_taskflow_api.py
[2026-02-02T14:49:54.467+0000] {processor.py:840} INFO - DAG(s) 'tutorial_taskflow_api' retrieved from /home/airflow/.local/lib/python3.8/site-packages/airflow/example_dags/tutorial_taskflow_api.py
[2026-02-02T14:49:54.522+0000] {logging_mixin.py:188} INFO - [2026-02-02T14:49:54.521+0000] {dag.py:3036} INFO - Sync 1 DAGs
[2026-02-02T14:49:54.556+0000] {logging_mixin.py:188} INFO - [2026-02-02T14:49:54.556+0000] {dag.py:3823} INFO - Setting next_dagrun for tutorial_taskflow_api to None, run_after=None
[2026-02-02T14:49:54.598+0000] {processor.py:183} INFO - Processing /home/airflow/.local/lib/python3.8/site-packages/airflow/example_dags/tutorial_taskflow_api.py took 0.195 seconds
[2026-02-02T14:50:24.681+0000] {processor.py:161} INFO - Started process (PID=3333) to work on /home/airflow/.local/lib/python3.8/site-packages/airflow/example_dags/tutorial_taskflow_api.py
[2026-02-02T14:50:24.682+0000] {processor.py:830} INFO - Processing file /home/airflow/.local/lib/python3.8/site-packages/airflow/example_dags/tutorial_taskflow_api.py for tasks to queue
[2026-02-02T14:50:24.684+0000] {logging_mixin.py:188} INFO - [2026-02-02T14:50:24.683+0000] {dagbag.py:538} INFO - Filling up the DagBag from /home/airflow/.local/lib/python3.8/site-packages/airflow/example_dags/tutorial_taskflow_api.py
[2026-02-02T14:50:24.691+0000] {processor.py:840} INFO - DAG(s) 'tutorial_taskflow_api' retrieved from /home/airflow/.local/lib/python3.8/site-packages/airflow/example_dags/tutorial_taskflow_api.py
[2026-02-02T14:50:24.712+0000] {logging_mixin.py:188} INFO - [2026-02-02T14:50:24.712+0000] {dag.py:3036} INFO - Sync 1 DAGs
[2026-02-02T14:50:24.726+0000] {logging_mixin.py:188} INFO - [2026-02-02T14:50:24.726+0000] {dag.py:3823} INFO - Setting next_dagrun for tutorial_taskflow_api to None, run_after=None
[2026-02-02T14:50:24.744+0000] {processor.py:183} INFO - Processing /home/airflow/.local/lib/python3.8/site-packages/airflow/example_dags/tutorial_taskflow_api.py took 0.067 seconds
