[2026-02-02T14:20:23.905+0000] {processor.py:161} INFO - Started process (PID=80) to work on /home/airflow/.local/lib/python3.8/site-packages/airflow/example_dags/tutorial_objectstorage.py
[2026-02-02T14:20:23.907+0000] {processor.py:830} INFO - Processing file /home/airflow/.local/lib/python3.8/site-packages/airflow/example_dags/tutorial_objectstorage.py for tasks to queue
[2026-02-02T14:20:23.909+0000] {logging_mixin.py:188} INFO - [2026-02-02T14:20:23.909+0000] {dagbag.py:538} INFO - Filling up the DagBag from /home/airflow/.local/lib/python3.8/site-packages/airflow/example_dags/tutorial_objectstorage.py
[2026-02-02T14:20:23.921+0000] {processor.py:840} INFO - DAG(s) 'tutorial_objectstorage' retrieved from /home/airflow/.local/lib/python3.8/site-packages/airflow/example_dags/tutorial_objectstorage.py
[2026-02-02T14:20:24.144+0000] {logging_mixin.py:188} INFO - [2026-02-02T14:20:24.144+0000] {override.py:1769} INFO - Created Permission View: can edit on DAG:tutorial_objectstorage
[2026-02-02T14:20:24.197+0000] {logging_mixin.py:188} INFO - [2026-02-02T14:20:24.197+0000] {override.py:1769} INFO - Created Permission View: can delete on DAG:tutorial_objectstorage
[2026-02-02T14:20:24.246+0000] {logging_mixin.py:188} INFO - [2026-02-02T14:20:24.240+0000] {override.py:1769} INFO - Created Permission View: can read on DAG:tutorial_objectstorage
[2026-02-02T14:20:24.249+0000] {logging_mixin.py:188} INFO - [2026-02-02T14:20:24.247+0000] {dag.py:3036} INFO - Sync 1 DAGs
[2026-02-02T14:20:24.364+0000] {logging_mixin.py:188} INFO - [2026-02-02T14:20:24.364+0000] {dag.py:3058} INFO - Creating ORM DAG for tutorial_objectstorage
[2026-02-02T14:20:24.365+0000] {logging_mixin.py:188} INFO - [2026-02-02T14:20:24.365+0000] {dag.py:3823} INFO - Setting next_dagrun for tutorial_objectstorage to None, run_after=None
[2026-02-02T14:20:24.460+0000] {processor.py:183} INFO - Processing /home/airflow/.local/lib/python3.8/site-packages/airflow/example_dags/tutorial_objectstorage.py took 0.561 seconds
[2026-02-02T14:20:55.384+0000] {processor.py:161} INFO - Started process (PID=135) to work on /home/airflow/.local/lib/python3.8/site-packages/airflow/example_dags/tutorial_objectstorage.py
[2026-02-02T14:20:55.385+0000] {processor.py:830} INFO - Processing file /home/airflow/.local/lib/python3.8/site-packages/airflow/example_dags/tutorial_objectstorage.py for tasks to queue
[2026-02-02T14:20:55.387+0000] {logging_mixin.py:188} INFO - [2026-02-02T14:20:55.386+0000] {dagbag.py:538} INFO - Filling up the DagBag from /home/airflow/.local/lib/python3.8/site-packages/airflow/example_dags/tutorial_objectstorage.py
[2026-02-02T14:20:55.395+0000] {processor.py:840} INFO - DAG(s) 'tutorial_objectstorage' retrieved from /home/airflow/.local/lib/python3.8/site-packages/airflow/example_dags/tutorial_objectstorage.py
[2026-02-02T14:20:55.418+0000] {logging_mixin.py:188} INFO - [2026-02-02T14:20:55.417+0000] {dag.py:3036} INFO - Sync 1 DAGs
[2026-02-02T14:20:55.432+0000] {logging_mixin.py:188} INFO - [2026-02-02T14:20:55.431+0000] {dag.py:3823} INFO - Setting next_dagrun for tutorial_objectstorage to None, run_after=None
[2026-02-02T14:20:55.455+0000] {processor.py:183} INFO - Processing /home/airflow/.local/lib/python3.8/site-packages/airflow/example_dags/tutorial_objectstorage.py took 0.075 seconds
[2026-02-02T14:21:26.307+0000] {processor.py:161} INFO - Started process (PID=196) to work on /home/airflow/.local/lib/python3.8/site-packages/airflow/example_dags/tutorial_objectstorage.py
[2026-02-02T14:21:26.308+0000] {processor.py:830} INFO - Processing file /home/airflow/.local/lib/python3.8/site-packages/airflow/example_dags/tutorial_objectstorage.py for tasks to queue
[2026-02-02T14:21:26.310+0000] {logging_mixin.py:188} INFO - [2026-02-02T14:21:26.309+0000] {dagbag.py:538} INFO - Filling up the DagBag from /home/airflow/.local/lib/python3.8/site-packages/airflow/example_dags/tutorial_objectstorage.py
[2026-02-02T14:21:26.316+0000] {processor.py:840} INFO - DAG(s) 'tutorial_objectstorage' retrieved from /home/airflow/.local/lib/python3.8/site-packages/airflow/example_dags/tutorial_objectstorage.py
[2026-02-02T14:21:26.341+0000] {logging_mixin.py:188} INFO - [2026-02-02T14:21:26.340+0000] {dag.py:3036} INFO - Sync 1 DAGs
[2026-02-02T14:21:26.355+0000] {logging_mixin.py:188} INFO - [2026-02-02T14:21:26.355+0000] {dag.py:3823} INFO - Setting next_dagrun for tutorial_objectstorage to None, run_after=None
[2026-02-02T14:21:26.375+0000] {processor.py:183} INFO - Processing /home/airflow/.local/lib/python3.8/site-packages/airflow/example_dags/tutorial_objectstorage.py took 0.072 seconds
[2026-02-02T14:21:56.624+0000] {processor.py:161} INFO - Started process (PID=251) to work on /home/airflow/.local/lib/python3.8/site-packages/airflow/example_dags/tutorial_objectstorage.py
[2026-02-02T14:21:56.624+0000] {processor.py:830} INFO - Processing file /home/airflow/.local/lib/python3.8/site-packages/airflow/example_dags/tutorial_objectstorage.py for tasks to queue
[2026-02-02T14:21:56.626+0000] {logging_mixin.py:188} INFO - [2026-02-02T14:21:56.626+0000] {dagbag.py:538} INFO - Filling up the DagBag from /home/airflow/.local/lib/python3.8/site-packages/airflow/example_dags/tutorial_objectstorage.py
[2026-02-02T14:21:56.633+0000] {processor.py:840} INFO - DAG(s) 'tutorial_objectstorage' retrieved from /home/airflow/.local/lib/python3.8/site-packages/airflow/example_dags/tutorial_objectstorage.py
[2026-02-02T14:21:56.654+0000] {logging_mixin.py:188} INFO - [2026-02-02T14:21:56.654+0000] {dag.py:3036} INFO - Sync 1 DAGs
[2026-02-02T14:21:56.669+0000] {logging_mixin.py:188} INFO - [2026-02-02T14:21:56.669+0000] {dag.py:3823} INFO - Setting next_dagrun for tutorial_objectstorage to None, run_after=None
[2026-02-02T14:21:56.688+0000] {processor.py:183} INFO - Processing /home/airflow/.local/lib/python3.8/site-packages/airflow/example_dags/tutorial_objectstorage.py took 0.067 seconds
[2026-02-02T14:22:27.216+0000] {processor.py:161} INFO - Started process (PID=306) to work on /home/airflow/.local/lib/python3.8/site-packages/airflow/example_dags/tutorial_objectstorage.py
[2026-02-02T14:22:27.217+0000] {processor.py:830} INFO - Processing file /home/airflow/.local/lib/python3.8/site-packages/airflow/example_dags/tutorial_objectstorage.py for tasks to queue
[2026-02-02T14:22:27.218+0000] {logging_mixin.py:188} INFO - [2026-02-02T14:22:27.218+0000] {dagbag.py:538} INFO - Filling up the DagBag from /home/airflow/.local/lib/python3.8/site-packages/airflow/example_dags/tutorial_objectstorage.py
[2026-02-02T14:22:27.225+0000] {processor.py:840} INFO - DAG(s) 'tutorial_objectstorage' retrieved from /home/airflow/.local/lib/python3.8/site-packages/airflow/example_dags/tutorial_objectstorage.py
[2026-02-02T14:22:27.247+0000] {logging_mixin.py:188} INFO - [2026-02-02T14:22:27.247+0000] {dag.py:3036} INFO - Sync 1 DAGs
[2026-02-02T14:22:27.264+0000] {logging_mixin.py:188} INFO - [2026-02-02T14:22:27.264+0000] {dag.py:3823} INFO - Setting next_dagrun for tutorial_objectstorage to None, run_after=None
[2026-02-02T14:22:27.284+0000] {processor.py:183} INFO - Processing /home/airflow/.local/lib/python3.8/site-packages/airflow/example_dags/tutorial_objectstorage.py took 0.071 seconds
[2026-02-02T14:22:57.839+0000] {processor.py:161} INFO - Started process (PID=361) to work on /home/airflow/.local/lib/python3.8/site-packages/airflow/example_dags/tutorial_objectstorage.py
[2026-02-02T14:22:57.840+0000] {processor.py:830} INFO - Processing file /home/airflow/.local/lib/python3.8/site-packages/airflow/example_dags/tutorial_objectstorage.py for tasks to queue
[2026-02-02T14:22:57.842+0000] {logging_mixin.py:188} INFO - [2026-02-02T14:22:57.842+0000] {dagbag.py:538} INFO - Filling up the DagBag from /home/airflow/.local/lib/python3.8/site-packages/airflow/example_dags/tutorial_objectstorage.py
[2026-02-02T14:22:57.849+0000] {processor.py:840} INFO - DAG(s) 'tutorial_objectstorage' retrieved from /home/airflow/.local/lib/python3.8/site-packages/airflow/example_dags/tutorial_objectstorage.py
[2026-02-02T14:22:57.871+0000] {logging_mixin.py:188} INFO - [2026-02-02T14:22:57.871+0000] {dag.py:3036} INFO - Sync 1 DAGs
[2026-02-02T14:22:57.886+0000] {logging_mixin.py:188} INFO - [2026-02-02T14:22:57.886+0000] {dag.py:3823} INFO - Setting next_dagrun for tutorial_objectstorage to None, run_after=None
[2026-02-02T14:22:57.905+0000] {processor.py:183} INFO - Processing /home/airflow/.local/lib/python3.8/site-packages/airflow/example_dags/tutorial_objectstorage.py took 0.069 seconds
[2026-02-02T14:23:28.370+0000] {processor.py:161} INFO - Started process (PID=416) to work on /home/airflow/.local/lib/python3.8/site-packages/airflow/example_dags/tutorial_objectstorage.py
[2026-02-02T14:23:28.371+0000] {processor.py:830} INFO - Processing file /home/airflow/.local/lib/python3.8/site-packages/airflow/example_dags/tutorial_objectstorage.py for tasks to queue
[2026-02-02T14:23:28.372+0000] {logging_mixin.py:188} INFO - [2026-02-02T14:23:28.372+0000] {dagbag.py:538} INFO - Filling up the DagBag from /home/airflow/.local/lib/python3.8/site-packages/airflow/example_dags/tutorial_objectstorage.py
[2026-02-02T14:23:28.379+0000] {processor.py:840} INFO - DAG(s) 'tutorial_objectstorage' retrieved from /home/airflow/.local/lib/python3.8/site-packages/airflow/example_dags/tutorial_objectstorage.py
[2026-02-02T14:23:28.401+0000] {logging_mixin.py:188} INFO - [2026-02-02T14:23:28.401+0000] {dag.py:3036} INFO - Sync 1 DAGs
[2026-02-02T14:23:28.416+0000] {logging_mixin.py:188} INFO - [2026-02-02T14:23:28.416+0000] {dag.py:3823} INFO - Setting next_dagrun for tutorial_objectstorage to None, run_after=None
[2026-02-02T14:23:28.435+0000] {processor.py:183} INFO - Processing /home/airflow/.local/lib/python3.8/site-packages/airflow/example_dags/tutorial_objectstorage.py took 0.069 seconds
[2026-02-02T14:23:58.618+0000] {processor.py:161} INFO - Started process (PID=470) to work on /home/airflow/.local/lib/python3.8/site-packages/airflow/example_dags/tutorial_objectstorage.py
[2026-02-02T14:23:58.618+0000] {processor.py:830} INFO - Processing file /home/airflow/.local/lib/python3.8/site-packages/airflow/example_dags/tutorial_objectstorage.py for tasks to queue
[2026-02-02T14:23:58.620+0000] {logging_mixin.py:188} INFO - [2026-02-02T14:23:58.620+0000] {dagbag.py:538} INFO - Filling up the DagBag from /home/airflow/.local/lib/python3.8/site-packages/airflow/example_dags/tutorial_objectstorage.py
[2026-02-02T14:23:58.626+0000] {processor.py:840} INFO - DAG(s) 'tutorial_objectstorage' retrieved from /home/airflow/.local/lib/python3.8/site-packages/airflow/example_dags/tutorial_objectstorage.py
[2026-02-02T14:23:58.648+0000] {logging_mixin.py:188} INFO - [2026-02-02T14:23:58.648+0000] {dag.py:3036} INFO - Sync 1 DAGs
[2026-02-02T14:23:58.663+0000] {logging_mixin.py:188} INFO - [2026-02-02T14:23:58.663+0000] {dag.py:3823} INFO - Setting next_dagrun for tutorial_objectstorage to None, run_after=None
[2026-02-02T14:23:58.683+0000] {processor.py:183} INFO - Processing /home/airflow/.local/lib/python3.8/site-packages/airflow/example_dags/tutorial_objectstorage.py took 0.068 seconds
[2026-02-02T14:24:29.570+0000] {processor.py:161} INFO - Started process (PID=526) to work on /home/airflow/.local/lib/python3.8/site-packages/airflow/example_dags/tutorial_objectstorage.py
[2026-02-02T14:24:29.575+0000] {processor.py:830} INFO - Processing file /home/airflow/.local/lib/python3.8/site-packages/airflow/example_dags/tutorial_objectstorage.py for tasks to queue
[2026-02-02T14:24:29.579+0000] {logging_mixin.py:188} INFO - [2026-02-02T14:24:29.576+0000] {dagbag.py:538} INFO - Filling up the DagBag from /home/airflow/.local/lib/python3.8/site-packages/airflow/example_dags/tutorial_objectstorage.py
[2026-02-02T14:24:29.597+0000] {processor.py:840} INFO - DAG(s) 'tutorial_objectstorage' retrieved from /home/airflow/.local/lib/python3.8/site-packages/airflow/example_dags/tutorial_objectstorage.py
[2026-02-02T14:24:29.671+0000] {logging_mixin.py:188} INFO - [2026-02-02T14:24:29.671+0000] {dag.py:3036} INFO - Sync 1 DAGs
[2026-02-02T14:24:29.693+0000] {logging_mixin.py:188} INFO - [2026-02-02T14:24:29.692+0000] {dag.py:3823} INFO - Setting next_dagrun for tutorial_objectstorage to None, run_after=None
[2026-02-02T14:24:29.757+0000] {processor.py:183} INFO - Processing /home/airflow/.local/lib/python3.8/site-packages/airflow/example_dags/tutorial_objectstorage.py took 0.195 seconds
[2026-02-02T14:25:00.044+0000] {processor.py:161} INFO - Started process (PID=581) to work on /home/airflow/.local/lib/python3.8/site-packages/airflow/example_dags/tutorial_objectstorage.py
[2026-02-02T14:25:00.044+0000] {processor.py:830} INFO - Processing file /home/airflow/.local/lib/python3.8/site-packages/airflow/example_dags/tutorial_objectstorage.py for tasks to queue
[2026-02-02T14:25:00.046+0000] {logging_mixin.py:188} INFO - [2026-02-02T14:25:00.046+0000] {dagbag.py:538} INFO - Filling up the DagBag from /home/airflow/.local/lib/python3.8/site-packages/airflow/example_dags/tutorial_objectstorage.py
[2026-02-02T14:25:00.051+0000] {processor.py:840} INFO - DAG(s) 'tutorial_objectstorage' retrieved from /home/airflow/.local/lib/python3.8/site-packages/airflow/example_dags/tutorial_objectstorage.py
[2026-02-02T14:25:00.066+0000] {logging_mixin.py:188} INFO - [2026-02-02T14:25:00.066+0000] {dag.py:3036} INFO - Sync 1 DAGs
[2026-02-02T14:25:00.076+0000] {logging_mixin.py:188} INFO - [2026-02-02T14:25:00.075+0000] {dag.py:3823} INFO - Setting next_dagrun for tutorial_objectstorage to None, run_after=None
[2026-02-02T14:25:00.091+0000] {processor.py:183} INFO - Processing /home/airflow/.local/lib/python3.8/site-packages/airflow/example_dags/tutorial_objectstorage.py took 0.050 seconds
[2026-02-02T14:25:30.265+0000] {processor.py:161} INFO - Started process (PID=636) to work on /home/airflow/.local/lib/python3.8/site-packages/airflow/example_dags/tutorial_objectstorage.py
[2026-02-02T14:25:30.265+0000] {processor.py:830} INFO - Processing file /home/airflow/.local/lib/python3.8/site-packages/airflow/example_dags/tutorial_objectstorage.py for tasks to queue
[2026-02-02T14:25:30.267+0000] {logging_mixin.py:188} INFO - [2026-02-02T14:25:30.267+0000] {dagbag.py:538} INFO - Filling up the DagBag from /home/airflow/.local/lib/python3.8/site-packages/airflow/example_dags/tutorial_objectstorage.py
[2026-02-02T14:25:30.274+0000] {processor.py:840} INFO - DAG(s) 'tutorial_objectstorage' retrieved from /home/airflow/.local/lib/python3.8/site-packages/airflow/example_dags/tutorial_objectstorage.py
[2026-02-02T14:25:30.295+0000] {logging_mixin.py:188} INFO - [2026-02-02T14:25:30.295+0000] {dag.py:3036} INFO - Sync 1 DAGs
[2026-02-02T14:25:30.309+0000] {logging_mixin.py:188} INFO - [2026-02-02T14:25:30.309+0000] {dag.py:3823} INFO - Setting next_dagrun for tutorial_objectstorage to None, run_after=None
[2026-02-02T14:25:30.327+0000] {processor.py:183} INFO - Processing /home/airflow/.local/lib/python3.8/site-packages/airflow/example_dags/tutorial_objectstorage.py took 0.066 seconds
[2026-02-02T14:26:00.637+0000] {processor.py:161} INFO - Started process (PID=691) to work on /home/airflow/.local/lib/python3.8/site-packages/airflow/example_dags/tutorial_objectstorage.py
[2026-02-02T14:26:00.637+0000] {processor.py:830} INFO - Processing file /home/airflow/.local/lib/python3.8/site-packages/airflow/example_dags/tutorial_objectstorage.py for tasks to queue
[2026-02-02T14:26:00.640+0000] {logging_mixin.py:188} INFO - [2026-02-02T14:26:00.639+0000] {dagbag.py:538} INFO - Filling up the DagBag from /home/airflow/.local/lib/python3.8/site-packages/airflow/example_dags/tutorial_objectstorage.py
[2026-02-02T14:26:00.646+0000] {processor.py:840} INFO - DAG(s) 'tutorial_objectstorage' retrieved from /home/airflow/.local/lib/python3.8/site-packages/airflow/example_dags/tutorial_objectstorage.py
[2026-02-02T14:26:00.668+0000] {logging_mixin.py:188} INFO - [2026-02-02T14:26:00.667+0000] {dag.py:3036} INFO - Sync 1 DAGs
[2026-02-02T14:26:00.682+0000] {logging_mixin.py:188} INFO - [2026-02-02T14:26:00.682+0000] {dag.py:3823} INFO - Setting next_dagrun for tutorial_objectstorage to None, run_after=None
[2026-02-02T14:26:00.701+0000] {processor.py:183} INFO - Processing /home/airflow/.local/lib/python3.8/site-packages/airflow/example_dags/tutorial_objectstorage.py took 0.068 seconds
[2026-02-02T14:26:30.873+0000] {processor.py:161} INFO - Started process (PID=746) to work on /home/airflow/.local/lib/python3.8/site-packages/airflow/example_dags/tutorial_objectstorage.py
[2026-02-02T14:26:30.874+0000] {processor.py:830} INFO - Processing file /home/airflow/.local/lib/python3.8/site-packages/airflow/example_dags/tutorial_objectstorage.py for tasks to queue
[2026-02-02T14:26:30.878+0000] {logging_mixin.py:188} INFO - [2026-02-02T14:26:30.877+0000] {dagbag.py:538} INFO - Filling up the DagBag from /home/airflow/.local/lib/python3.8/site-packages/airflow/example_dags/tutorial_objectstorage.py
[2026-02-02T14:26:30.887+0000] {processor.py:840} INFO - DAG(s) 'tutorial_objectstorage' retrieved from /home/airflow/.local/lib/python3.8/site-packages/airflow/example_dags/tutorial_objectstorage.py
[2026-02-02T14:26:30.917+0000] {logging_mixin.py:188} INFO - [2026-02-02T14:26:30.916+0000] {dag.py:3036} INFO - Sync 1 DAGs
[2026-02-02T14:26:30.931+0000] {logging_mixin.py:188} INFO - [2026-02-02T14:26:30.931+0000] {dag.py:3823} INFO - Setting next_dagrun for tutorial_objectstorage to None, run_after=None
[2026-02-02T14:26:30.950+0000] {processor.py:183} INFO - Processing /home/airflow/.local/lib/python3.8/site-packages/airflow/example_dags/tutorial_objectstorage.py took 0.083 seconds
[2026-02-02T14:27:01.517+0000] {processor.py:161} INFO - Started process (PID=801) to work on /home/airflow/.local/lib/python3.8/site-packages/airflow/example_dags/tutorial_objectstorage.py
[2026-02-02T14:27:01.518+0000] {processor.py:830} INFO - Processing file /home/airflow/.local/lib/python3.8/site-packages/airflow/example_dags/tutorial_objectstorage.py for tasks to queue
[2026-02-02T14:27:01.519+0000] {logging_mixin.py:188} INFO - [2026-02-02T14:27:01.519+0000] {dagbag.py:538} INFO - Filling up the DagBag from /home/airflow/.local/lib/python3.8/site-packages/airflow/example_dags/tutorial_objectstorage.py
[2026-02-02T14:27:01.526+0000] {processor.py:840} INFO - DAG(s) 'tutorial_objectstorage' retrieved from /home/airflow/.local/lib/python3.8/site-packages/airflow/example_dags/tutorial_objectstorage.py
[2026-02-02T14:27:01.548+0000] {logging_mixin.py:188} INFO - [2026-02-02T14:27:01.548+0000] {dag.py:3036} INFO - Sync 1 DAGs
[2026-02-02T14:27:01.563+0000] {logging_mixin.py:188} INFO - [2026-02-02T14:27:01.563+0000] {dag.py:3823} INFO - Setting next_dagrun for tutorial_objectstorage to None, run_after=None
[2026-02-02T14:27:01.581+0000] {processor.py:183} INFO - Processing /home/airflow/.local/lib/python3.8/site-packages/airflow/example_dags/tutorial_objectstorage.py took 0.068 seconds
[2026-02-02T14:27:31.715+0000] {processor.py:161} INFO - Started process (PID=856) to work on /home/airflow/.local/lib/python3.8/site-packages/airflow/example_dags/tutorial_objectstorage.py
[2026-02-02T14:27:31.715+0000] {processor.py:830} INFO - Processing file /home/airflow/.local/lib/python3.8/site-packages/airflow/example_dags/tutorial_objectstorage.py for tasks to queue
[2026-02-02T14:27:31.717+0000] {logging_mixin.py:188} INFO - [2026-02-02T14:27:31.717+0000] {dagbag.py:538} INFO - Filling up the DagBag from /home/airflow/.local/lib/python3.8/site-packages/airflow/example_dags/tutorial_objectstorage.py
[2026-02-02T14:27:31.724+0000] {processor.py:840} INFO - DAG(s) 'tutorial_objectstorage' retrieved from /home/airflow/.local/lib/python3.8/site-packages/airflow/example_dags/tutorial_objectstorage.py
[2026-02-02T14:27:31.746+0000] {logging_mixin.py:188} INFO - [2026-02-02T14:27:31.746+0000] {dag.py:3036} INFO - Sync 1 DAGs
[2026-02-02T14:27:31.761+0000] {logging_mixin.py:188} INFO - [2026-02-02T14:27:31.761+0000] {dag.py:3823} INFO - Setting next_dagrun for tutorial_objectstorage to None, run_after=None
[2026-02-02T14:27:31.780+0000] {processor.py:183} INFO - Processing /home/airflow/.local/lib/python3.8/site-packages/airflow/example_dags/tutorial_objectstorage.py took 0.068 seconds
[2026-02-02T14:28:02.282+0000] {processor.py:161} INFO - Started process (PID=911) to work on /home/airflow/.local/lib/python3.8/site-packages/airflow/example_dags/tutorial_objectstorage.py
[2026-02-02T14:28:02.283+0000] {processor.py:830} INFO - Processing file /home/airflow/.local/lib/python3.8/site-packages/airflow/example_dags/tutorial_objectstorage.py for tasks to queue
[2026-02-02T14:28:02.285+0000] {logging_mixin.py:188} INFO - [2026-02-02T14:28:02.285+0000] {dagbag.py:538} INFO - Filling up the DagBag from /home/airflow/.local/lib/python3.8/site-packages/airflow/example_dags/tutorial_objectstorage.py
[2026-02-02T14:28:02.292+0000] {processor.py:840} INFO - DAG(s) 'tutorial_objectstorage' retrieved from /home/airflow/.local/lib/python3.8/site-packages/airflow/example_dags/tutorial_objectstorage.py
[2026-02-02T14:28:02.332+0000] {logging_mixin.py:188} INFO - [2026-02-02T14:28:02.332+0000] {dag.py:3036} INFO - Sync 1 DAGs
[2026-02-02T14:28:02.349+0000] {logging_mixin.py:188} INFO - [2026-02-02T14:28:02.349+0000] {dag.py:3823} INFO - Setting next_dagrun for tutorial_objectstorage to None, run_after=None
[2026-02-02T14:28:02.369+0000] {processor.py:183} INFO - Processing /home/airflow/.local/lib/python3.8/site-packages/airflow/example_dags/tutorial_objectstorage.py took 0.090 seconds
[2026-02-02T14:28:33.186+0000] {processor.py:161} INFO - Started process (PID=966) to work on /home/airflow/.local/lib/python3.8/site-packages/airflow/example_dags/tutorial_objectstorage.py
[2026-02-02T14:28:33.187+0000] {processor.py:830} INFO - Processing file /home/airflow/.local/lib/python3.8/site-packages/airflow/example_dags/tutorial_objectstorage.py for tasks to queue
[2026-02-02T14:28:33.188+0000] {logging_mixin.py:188} INFO - [2026-02-02T14:28:33.188+0000] {dagbag.py:538} INFO - Filling up the DagBag from /home/airflow/.local/lib/python3.8/site-packages/airflow/example_dags/tutorial_objectstorage.py
[2026-02-02T14:28:33.195+0000] {processor.py:840} INFO - DAG(s) 'tutorial_objectstorage' retrieved from /home/airflow/.local/lib/python3.8/site-packages/airflow/example_dags/tutorial_objectstorage.py
[2026-02-02T14:28:33.216+0000] {logging_mixin.py:188} INFO - [2026-02-02T14:28:33.216+0000] {dag.py:3036} INFO - Sync 1 DAGs
[2026-02-02T14:28:33.231+0000] {logging_mixin.py:188} INFO - [2026-02-02T14:28:33.231+0000] {dag.py:3823} INFO - Setting next_dagrun for tutorial_objectstorage to None, run_after=None
[2026-02-02T14:28:33.267+0000] {processor.py:183} INFO - Processing /home/airflow/.local/lib/python3.8/site-packages/airflow/example_dags/tutorial_objectstorage.py took 0.084 seconds
[2026-02-02T14:29:03.649+0000] {processor.py:161} INFO - Started process (PID=1021) to work on /home/airflow/.local/lib/python3.8/site-packages/airflow/example_dags/tutorial_objectstorage.py
[2026-02-02T14:29:03.649+0000] {processor.py:830} INFO - Processing file /home/airflow/.local/lib/python3.8/site-packages/airflow/example_dags/tutorial_objectstorage.py for tasks to queue
[2026-02-02T14:29:03.652+0000] {logging_mixin.py:188} INFO - [2026-02-02T14:29:03.651+0000] {dagbag.py:538} INFO - Filling up the DagBag from /home/airflow/.local/lib/python3.8/site-packages/airflow/example_dags/tutorial_objectstorage.py
[2026-02-02T14:29:03.660+0000] {processor.py:840} INFO - DAG(s) 'tutorial_objectstorage' retrieved from /home/airflow/.local/lib/python3.8/site-packages/airflow/example_dags/tutorial_objectstorage.py
[2026-02-02T14:29:03.686+0000] {logging_mixin.py:188} INFO - [2026-02-02T14:29:03.686+0000] {dag.py:3036} INFO - Sync 1 DAGs
[2026-02-02T14:29:03.700+0000] {logging_mixin.py:188} INFO - [2026-02-02T14:29:03.700+0000] {dag.py:3823} INFO - Setting next_dagrun for tutorial_objectstorage to None, run_after=None
[2026-02-02T14:29:03.733+0000] {processor.py:183} INFO - Processing /home/airflow/.local/lib/python3.8/site-packages/airflow/example_dags/tutorial_objectstorage.py took 0.090 seconds
[2026-02-02T14:29:33.939+0000] {processor.py:161} INFO - Started process (PID=1076) to work on /home/airflow/.local/lib/python3.8/site-packages/airflow/example_dags/tutorial_objectstorage.py
[2026-02-02T14:29:33.939+0000] {processor.py:830} INFO - Processing file /home/airflow/.local/lib/python3.8/site-packages/airflow/example_dags/tutorial_objectstorage.py for tasks to queue
[2026-02-02T14:29:33.941+0000] {logging_mixin.py:188} INFO - [2026-02-02T14:29:33.941+0000] {dagbag.py:538} INFO - Filling up the DagBag from /home/airflow/.local/lib/python3.8/site-packages/airflow/example_dags/tutorial_objectstorage.py
[2026-02-02T14:29:33.947+0000] {processor.py:840} INFO - DAG(s) 'tutorial_objectstorage' retrieved from /home/airflow/.local/lib/python3.8/site-packages/airflow/example_dags/tutorial_objectstorage.py
[2026-02-02T14:29:33.970+0000] {logging_mixin.py:188} INFO - [2026-02-02T14:29:33.970+0000] {dag.py:3036} INFO - Sync 1 DAGs
[2026-02-02T14:29:33.985+0000] {logging_mixin.py:188} INFO - [2026-02-02T14:29:33.985+0000] {dag.py:3823} INFO - Setting next_dagrun for tutorial_objectstorage to None, run_after=None
[2026-02-02T14:29:34.036+0000] {processor.py:183} INFO - Processing /home/airflow/.local/lib/python3.8/site-packages/airflow/example_dags/tutorial_objectstorage.py took 0.101 seconds
[2026-02-02T14:30:04.455+0000] {processor.py:161} INFO - Started process (PID=1131) to work on /home/airflow/.local/lib/python3.8/site-packages/airflow/example_dags/tutorial_objectstorage.py
[2026-02-02T14:30:04.456+0000] {processor.py:830} INFO - Processing file /home/airflow/.local/lib/python3.8/site-packages/airflow/example_dags/tutorial_objectstorage.py for tasks to queue
[2026-02-02T14:30:04.457+0000] {logging_mixin.py:188} INFO - [2026-02-02T14:30:04.457+0000] {dagbag.py:538} INFO - Filling up the DagBag from /home/airflow/.local/lib/python3.8/site-packages/airflow/example_dags/tutorial_objectstorage.py
[2026-02-02T14:30:04.464+0000] {processor.py:840} INFO - DAG(s) 'tutorial_objectstorage' retrieved from /home/airflow/.local/lib/python3.8/site-packages/airflow/example_dags/tutorial_objectstorage.py
[2026-02-02T14:30:04.487+0000] {logging_mixin.py:188} INFO - [2026-02-02T14:30:04.486+0000] {dag.py:3036} INFO - Sync 1 DAGs
[2026-02-02T14:30:04.501+0000] {logging_mixin.py:188} INFO - [2026-02-02T14:30:04.501+0000] {dag.py:3823} INFO - Setting next_dagrun for tutorial_objectstorage to None, run_after=None
[2026-02-02T14:30:04.520+0000] {processor.py:183} INFO - Processing /home/airflow/.local/lib/python3.8/site-packages/airflow/example_dags/tutorial_objectstorage.py took 0.068 seconds
[2026-02-02T14:30:35.403+0000] {processor.py:161} INFO - Started process (PID=1186) to work on /home/airflow/.local/lib/python3.8/site-packages/airflow/example_dags/tutorial_objectstorage.py
[2026-02-02T14:30:35.404+0000] {processor.py:830} INFO - Processing file /home/airflow/.local/lib/python3.8/site-packages/airflow/example_dags/tutorial_objectstorage.py for tasks to queue
[2026-02-02T14:30:35.406+0000] {logging_mixin.py:188} INFO - [2026-02-02T14:30:35.406+0000] {dagbag.py:538} INFO - Filling up the DagBag from /home/airflow/.local/lib/python3.8/site-packages/airflow/example_dags/tutorial_objectstorage.py
[2026-02-02T14:30:35.413+0000] {processor.py:840} INFO - DAG(s) 'tutorial_objectstorage' retrieved from /home/airflow/.local/lib/python3.8/site-packages/airflow/example_dags/tutorial_objectstorage.py
[2026-02-02T14:30:35.435+0000] {logging_mixin.py:188} INFO - [2026-02-02T14:30:35.434+0000] {dag.py:3036} INFO - Sync 1 DAGs
[2026-02-02T14:30:35.449+0000] {logging_mixin.py:188} INFO - [2026-02-02T14:30:35.448+0000] {dag.py:3823} INFO - Setting next_dagrun for tutorial_objectstorage to None, run_after=None
[2026-02-02T14:30:35.467+0000] {processor.py:183} INFO - Processing /home/airflow/.local/lib/python3.8/site-packages/airflow/example_dags/tutorial_objectstorage.py took 0.067 seconds
[2026-02-02T14:31:05.600+0000] {processor.py:161} INFO - Started process (PID=1241) to work on /home/airflow/.local/lib/python3.8/site-packages/airflow/example_dags/tutorial_objectstorage.py
[2026-02-02T14:31:05.603+0000] {processor.py:830} INFO - Processing file /home/airflow/.local/lib/python3.8/site-packages/airflow/example_dags/tutorial_objectstorage.py for tasks to queue
[2026-02-02T14:31:05.604+0000] {logging_mixin.py:188} INFO - [2026-02-02T14:31:05.604+0000] {dagbag.py:538} INFO - Filling up the DagBag from /home/airflow/.local/lib/python3.8/site-packages/airflow/example_dags/tutorial_objectstorage.py
[2026-02-02T14:31:05.615+0000] {processor.py:840} INFO - DAG(s) 'tutorial_objectstorage' retrieved from /home/airflow/.local/lib/python3.8/site-packages/airflow/example_dags/tutorial_objectstorage.py
[2026-02-02T14:31:05.636+0000] {logging_mixin.py:188} INFO - [2026-02-02T14:31:05.636+0000] {dag.py:3036} INFO - Sync 1 DAGs
[2026-02-02T14:31:05.654+0000] {logging_mixin.py:188} INFO - [2026-02-02T14:31:05.654+0000] {dag.py:3823} INFO - Setting next_dagrun for tutorial_objectstorage to None, run_after=None
[2026-02-02T14:31:05.680+0000] {processor.py:183} INFO - Processing /home/airflow/.local/lib/python3.8/site-packages/airflow/example_dags/tutorial_objectstorage.py took 0.087 seconds
[2026-02-02T14:31:36.363+0000] {processor.py:161} INFO - Started process (PID=1296) to work on /home/airflow/.local/lib/python3.8/site-packages/airflow/example_dags/tutorial_objectstorage.py
[2026-02-02T14:31:36.364+0000] {processor.py:830} INFO - Processing file /home/airflow/.local/lib/python3.8/site-packages/airflow/example_dags/tutorial_objectstorage.py for tasks to queue
[2026-02-02T14:31:36.366+0000] {logging_mixin.py:188} INFO - [2026-02-02T14:31:36.365+0000] {dagbag.py:538} INFO - Filling up the DagBag from /home/airflow/.local/lib/python3.8/site-packages/airflow/example_dags/tutorial_objectstorage.py
[2026-02-02T14:31:36.377+0000] {processor.py:840} INFO - DAG(s) 'tutorial_objectstorage' retrieved from /home/airflow/.local/lib/python3.8/site-packages/airflow/example_dags/tutorial_objectstorage.py
[2026-02-02T14:31:36.424+0000] {logging_mixin.py:188} INFO - [2026-02-02T14:31:36.424+0000] {dag.py:3036} INFO - Sync 1 DAGs
[2026-02-02T14:31:36.447+0000] {logging_mixin.py:188} INFO - [2026-02-02T14:31:36.447+0000] {dag.py:3823} INFO - Setting next_dagrun for tutorial_objectstorage to None, run_after=None
[2026-02-02T14:31:36.486+0000] {processor.py:183} INFO - Processing /home/airflow/.local/lib/python3.8/site-packages/airflow/example_dags/tutorial_objectstorage.py took 0.132 seconds
[2026-02-02T14:32:06.623+0000] {processor.py:161} INFO - Started process (PID=1351) to work on /home/airflow/.local/lib/python3.8/site-packages/airflow/example_dags/tutorial_objectstorage.py
[2026-02-02T14:32:06.624+0000] {processor.py:830} INFO - Processing file /home/airflow/.local/lib/python3.8/site-packages/airflow/example_dags/tutorial_objectstorage.py for tasks to queue
[2026-02-02T14:32:06.626+0000] {logging_mixin.py:188} INFO - [2026-02-02T14:32:06.626+0000] {dagbag.py:538} INFO - Filling up the DagBag from /home/airflow/.local/lib/python3.8/site-packages/airflow/example_dags/tutorial_objectstorage.py
[2026-02-02T14:32:06.633+0000] {processor.py:840} INFO - DAG(s) 'tutorial_objectstorage' retrieved from /home/airflow/.local/lib/python3.8/site-packages/airflow/example_dags/tutorial_objectstorage.py
[2026-02-02T14:32:06.655+0000] {logging_mixin.py:188} INFO - [2026-02-02T14:32:06.654+0000] {dag.py:3036} INFO - Sync 1 DAGs
[2026-02-02T14:32:06.669+0000] {logging_mixin.py:188} INFO - [2026-02-02T14:32:06.669+0000] {dag.py:3823} INFO - Setting next_dagrun for tutorial_objectstorage to None, run_after=None
[2026-02-02T14:32:06.692+0000] {processor.py:183} INFO - Processing /home/airflow/.local/lib/python3.8/site-packages/airflow/example_dags/tutorial_objectstorage.py took 0.072 seconds
[2026-02-02T14:32:36.795+0000] {processor.py:161} INFO - Started process (PID=1404) to work on /home/airflow/.local/lib/python3.8/site-packages/airflow/example_dags/tutorial_objectstorage.py
[2026-02-02T14:32:36.796+0000] {processor.py:830} INFO - Processing file /home/airflow/.local/lib/python3.8/site-packages/airflow/example_dags/tutorial_objectstorage.py for tasks to queue
[2026-02-02T14:32:36.798+0000] {logging_mixin.py:188} INFO - [2026-02-02T14:32:36.798+0000] {dagbag.py:538} INFO - Filling up the DagBag from /home/airflow/.local/lib/python3.8/site-packages/airflow/example_dags/tutorial_objectstorage.py
[2026-02-02T14:32:36.805+0000] {processor.py:840} INFO - DAG(s) 'tutorial_objectstorage' retrieved from /home/airflow/.local/lib/python3.8/site-packages/airflow/example_dags/tutorial_objectstorage.py
[2026-02-02T14:32:36.826+0000] {logging_mixin.py:188} INFO - [2026-02-02T14:32:36.826+0000] {dag.py:3036} INFO - Sync 1 DAGs
[2026-02-02T14:32:36.838+0000] {logging_mixin.py:188} INFO - [2026-02-02T14:32:36.838+0000] {dag.py:3823} INFO - Setting next_dagrun for tutorial_objectstorage to None, run_after=None
[2026-02-02T14:32:36.852+0000] {processor.py:183} INFO - Processing /home/airflow/.local/lib/python3.8/site-packages/airflow/example_dags/tutorial_objectstorage.py took 0.060 seconds
[2026-02-02T14:33:07.267+0000] {processor.py:161} INFO - Started process (PID=1459) to work on /home/airflow/.local/lib/python3.8/site-packages/airflow/example_dags/tutorial_objectstorage.py
[2026-02-02T14:33:07.268+0000] {processor.py:830} INFO - Processing file /home/airflow/.local/lib/python3.8/site-packages/airflow/example_dags/tutorial_objectstorage.py for tasks to queue
[2026-02-02T14:33:07.270+0000] {logging_mixin.py:188} INFO - [2026-02-02T14:33:07.270+0000] {dagbag.py:538} INFO - Filling up the DagBag from /home/airflow/.local/lib/python3.8/site-packages/airflow/example_dags/tutorial_objectstorage.py
[2026-02-02T14:33:07.278+0000] {processor.py:840} INFO - DAG(s) 'tutorial_objectstorage' retrieved from /home/airflow/.local/lib/python3.8/site-packages/airflow/example_dags/tutorial_objectstorage.py
[2026-02-02T14:33:07.300+0000] {logging_mixin.py:188} INFO - [2026-02-02T14:33:07.300+0000] {dag.py:3036} INFO - Sync 1 DAGs
[2026-02-02T14:33:07.316+0000] {logging_mixin.py:188} INFO - [2026-02-02T14:33:07.316+0000] {dag.py:3823} INFO - Setting next_dagrun for tutorial_objectstorage to None, run_after=None
[2026-02-02T14:33:07.333+0000] {processor.py:183} INFO - Processing /home/airflow/.local/lib/python3.8/site-packages/airflow/example_dags/tutorial_objectstorage.py took 0.069 seconds
[2026-02-02T14:33:37.718+0000] {processor.py:161} INFO - Started process (PID=1514) to work on /home/airflow/.local/lib/python3.8/site-packages/airflow/example_dags/tutorial_objectstorage.py
[2026-02-02T14:33:37.719+0000] {processor.py:830} INFO - Processing file /home/airflow/.local/lib/python3.8/site-packages/airflow/example_dags/tutorial_objectstorage.py for tasks to queue
[2026-02-02T14:33:37.721+0000] {logging_mixin.py:188} INFO - [2026-02-02T14:33:37.721+0000] {dagbag.py:538} INFO - Filling up the DagBag from /home/airflow/.local/lib/python3.8/site-packages/airflow/example_dags/tutorial_objectstorage.py
[2026-02-02T14:33:37.729+0000] {processor.py:840} INFO - DAG(s) 'tutorial_objectstorage' retrieved from /home/airflow/.local/lib/python3.8/site-packages/airflow/example_dags/tutorial_objectstorage.py
[2026-02-02T14:33:37.750+0000] {logging_mixin.py:188} INFO - [2026-02-02T14:33:37.750+0000] {dag.py:3036} INFO - Sync 1 DAGs
[2026-02-02T14:33:37.764+0000] {logging_mixin.py:188} INFO - [2026-02-02T14:33:37.764+0000] {dag.py:3823} INFO - Setting next_dagrun for tutorial_objectstorage to None, run_after=None
[2026-02-02T14:33:37.783+0000] {processor.py:183} INFO - Processing /home/airflow/.local/lib/python3.8/site-packages/airflow/example_dags/tutorial_objectstorage.py took 0.068 seconds
[2026-02-02T14:34:08.710+0000] {processor.py:161} INFO - Started process (PID=1569) to work on /home/airflow/.local/lib/python3.8/site-packages/airflow/example_dags/tutorial_objectstorage.py
[2026-02-02T14:34:08.711+0000] {processor.py:830} INFO - Processing file /home/airflow/.local/lib/python3.8/site-packages/airflow/example_dags/tutorial_objectstorage.py for tasks to queue
[2026-02-02T14:34:08.712+0000] {logging_mixin.py:188} INFO - [2026-02-02T14:34:08.712+0000] {dagbag.py:538} INFO - Filling up the DagBag from /home/airflow/.local/lib/python3.8/site-packages/airflow/example_dags/tutorial_objectstorage.py
[2026-02-02T14:34:08.718+0000] {processor.py:840} INFO - DAG(s) 'tutorial_objectstorage' retrieved from /home/airflow/.local/lib/python3.8/site-packages/airflow/example_dags/tutorial_objectstorage.py
[2026-02-02T14:34:08.732+0000] {logging_mixin.py:188} INFO - [2026-02-02T14:34:08.732+0000] {dag.py:3036} INFO - Sync 1 DAGs
[2026-02-02T14:34:08.742+0000] {logging_mixin.py:188} INFO - [2026-02-02T14:34:08.742+0000] {dag.py:3823} INFO - Setting next_dagrun for tutorial_objectstorage to None, run_after=None
[2026-02-02T14:34:08.756+0000] {processor.py:183} INFO - Processing /home/airflow/.local/lib/python3.8/site-packages/airflow/example_dags/tutorial_objectstorage.py took 0.049 seconds
[2026-02-02T14:34:39.458+0000] {processor.py:161} INFO - Started process (PID=1624) to work on /home/airflow/.local/lib/python3.8/site-packages/airflow/example_dags/tutorial_objectstorage.py
[2026-02-02T14:34:39.459+0000] {processor.py:830} INFO - Processing file /home/airflow/.local/lib/python3.8/site-packages/airflow/example_dags/tutorial_objectstorage.py for tasks to queue
[2026-02-02T14:34:39.461+0000] {logging_mixin.py:188} INFO - [2026-02-02T14:34:39.460+0000] {dagbag.py:538} INFO - Filling up the DagBag from /home/airflow/.local/lib/python3.8/site-packages/airflow/example_dags/tutorial_objectstorage.py
[2026-02-02T14:34:39.468+0000] {processor.py:840} INFO - DAG(s) 'tutorial_objectstorage' retrieved from /home/airflow/.local/lib/python3.8/site-packages/airflow/example_dags/tutorial_objectstorage.py
[2026-02-02T14:34:39.489+0000] {logging_mixin.py:188} INFO - [2026-02-02T14:34:39.489+0000] {dag.py:3036} INFO - Sync 1 DAGs
[2026-02-02T14:34:39.499+0000] {logging_mixin.py:188} INFO - [2026-02-02T14:34:39.499+0000] {dag.py:3823} INFO - Setting next_dagrun for tutorial_objectstorage to None, run_after=None
[2026-02-02T14:34:39.513+0000] {processor.py:183} INFO - Processing /home/airflow/.local/lib/python3.8/site-packages/airflow/example_dags/tutorial_objectstorage.py took 0.059 seconds
[2026-02-02T14:35:10.710+0000] {processor.py:161} INFO - Started process (PID=1679) to work on /home/airflow/.local/lib/python3.8/site-packages/airflow/example_dags/tutorial_objectstorage.py
[2026-02-02T14:35:10.711+0000] {processor.py:830} INFO - Processing file /home/airflow/.local/lib/python3.8/site-packages/airflow/example_dags/tutorial_objectstorage.py for tasks to queue
[2026-02-02T14:35:10.713+0000] {logging_mixin.py:188} INFO - [2026-02-02T14:35:10.712+0000] {dagbag.py:538} INFO - Filling up the DagBag from /home/airflow/.local/lib/python3.8/site-packages/airflow/example_dags/tutorial_objectstorage.py
[2026-02-02T14:35:10.720+0000] {processor.py:840} INFO - DAG(s) 'tutorial_objectstorage' retrieved from /home/airflow/.local/lib/python3.8/site-packages/airflow/example_dags/tutorial_objectstorage.py
[2026-02-02T14:35:10.754+0000] {logging_mixin.py:188} INFO - [2026-02-02T14:35:10.754+0000] {dag.py:3036} INFO - Sync 1 DAGs
[2026-02-02T14:35:10.769+0000] {logging_mixin.py:188} INFO - [2026-02-02T14:35:10.769+0000] {dag.py:3823} INFO - Setting next_dagrun for tutorial_objectstorage to None, run_after=None
[2026-02-02T14:35:10.797+0000] {processor.py:183} INFO - Processing /home/airflow/.local/lib/python3.8/site-packages/airflow/example_dags/tutorial_objectstorage.py took 0.091 seconds
[2026-02-02T14:35:41.063+0000] {processor.py:161} INFO - Started process (PID=1734) to work on /home/airflow/.local/lib/python3.8/site-packages/airflow/example_dags/tutorial_objectstorage.py
[2026-02-02T14:35:41.064+0000] {processor.py:830} INFO - Processing file /home/airflow/.local/lib/python3.8/site-packages/airflow/example_dags/tutorial_objectstorage.py for tasks to queue
[2026-02-02T14:35:41.066+0000] {logging_mixin.py:188} INFO - [2026-02-02T14:35:41.066+0000] {dagbag.py:538} INFO - Filling up the DagBag from /home/airflow/.local/lib/python3.8/site-packages/airflow/example_dags/tutorial_objectstorage.py
[2026-02-02T14:35:41.073+0000] {processor.py:840} INFO - DAG(s) 'tutorial_objectstorage' retrieved from /home/airflow/.local/lib/python3.8/site-packages/airflow/example_dags/tutorial_objectstorage.py
[2026-02-02T14:35:41.093+0000] {logging_mixin.py:188} INFO - [2026-02-02T14:35:41.093+0000] {dag.py:3036} INFO - Sync 1 DAGs
[2026-02-02T14:35:41.106+0000] {logging_mixin.py:188} INFO - [2026-02-02T14:35:41.106+0000] {dag.py:3823} INFO - Setting next_dagrun for tutorial_objectstorage to None, run_after=None
[2026-02-02T14:35:41.123+0000] {processor.py:183} INFO - Processing /home/airflow/.local/lib/python3.8/site-packages/airflow/example_dags/tutorial_objectstorage.py took 0.063 seconds
[2026-02-02T14:36:12.031+0000] {processor.py:161} INFO - Started process (PID=1789) to work on /home/airflow/.local/lib/python3.8/site-packages/airflow/example_dags/tutorial_objectstorage.py
[2026-02-02T14:36:12.032+0000] {processor.py:830} INFO - Processing file /home/airflow/.local/lib/python3.8/site-packages/airflow/example_dags/tutorial_objectstorage.py for tasks to queue
[2026-02-02T14:36:12.033+0000] {logging_mixin.py:188} INFO - [2026-02-02T14:36:12.033+0000] {dagbag.py:538} INFO - Filling up the DagBag from /home/airflow/.local/lib/python3.8/site-packages/airflow/example_dags/tutorial_objectstorage.py
[2026-02-02T14:36:12.038+0000] {processor.py:840} INFO - DAG(s) 'tutorial_objectstorage' retrieved from /home/airflow/.local/lib/python3.8/site-packages/airflow/example_dags/tutorial_objectstorage.py
[2026-02-02T14:36:12.055+0000] {logging_mixin.py:188} INFO - [2026-02-02T14:36:12.055+0000] {dag.py:3036} INFO - Sync 1 DAGs
[2026-02-02T14:36:12.070+0000] {logging_mixin.py:188} INFO - [2026-02-02T14:36:12.070+0000] {dag.py:3823} INFO - Setting next_dagrun for tutorial_objectstorage to None, run_after=None
[2026-02-02T14:36:12.089+0000] {processor.py:183} INFO - Processing /home/airflow/.local/lib/python3.8/site-packages/airflow/example_dags/tutorial_objectstorage.py took 0.060 seconds
[2026-02-02T14:36:42.429+0000] {processor.py:161} INFO - Started process (PID=1844) to work on /home/airflow/.local/lib/python3.8/site-packages/airflow/example_dags/tutorial_objectstorage.py
[2026-02-02T14:36:42.430+0000] {processor.py:830} INFO - Processing file /home/airflow/.local/lib/python3.8/site-packages/airflow/example_dags/tutorial_objectstorage.py for tasks to queue
[2026-02-02T14:36:42.432+0000] {logging_mixin.py:188} INFO - [2026-02-02T14:36:42.432+0000] {dagbag.py:538} INFO - Filling up the DagBag from /home/airflow/.local/lib/python3.8/site-packages/airflow/example_dags/tutorial_objectstorage.py
[2026-02-02T14:36:42.438+0000] {processor.py:840} INFO - DAG(s) 'tutorial_objectstorage' retrieved from /home/airflow/.local/lib/python3.8/site-packages/airflow/example_dags/tutorial_objectstorage.py
[2026-02-02T14:36:42.461+0000] {logging_mixin.py:188} INFO - [2026-02-02T14:36:42.460+0000] {dag.py:3036} INFO - Sync 1 DAGs
[2026-02-02T14:36:42.476+0000] {logging_mixin.py:188} INFO - [2026-02-02T14:36:42.476+0000] {dag.py:3823} INFO - Setting next_dagrun for tutorial_objectstorage to None, run_after=None
[2026-02-02T14:36:42.494+0000] {processor.py:183} INFO - Processing /home/airflow/.local/lib/python3.8/site-packages/airflow/example_dags/tutorial_objectstorage.py took 0.068 seconds
[2026-02-02T14:37:12.775+0000] {processor.py:161} INFO - Started process (PID=1899) to work on /home/airflow/.local/lib/python3.8/site-packages/airflow/example_dags/tutorial_objectstorage.py
[2026-02-02T14:37:12.776+0000] {processor.py:830} INFO - Processing file /home/airflow/.local/lib/python3.8/site-packages/airflow/example_dags/tutorial_objectstorage.py for tasks to queue
[2026-02-02T14:37:12.778+0000] {logging_mixin.py:188} INFO - [2026-02-02T14:37:12.778+0000] {dagbag.py:538} INFO - Filling up the DagBag from /home/airflow/.local/lib/python3.8/site-packages/airflow/example_dags/tutorial_objectstorage.py
[2026-02-02T14:37:12.785+0000] {processor.py:840} INFO - DAG(s) 'tutorial_objectstorage' retrieved from /home/airflow/.local/lib/python3.8/site-packages/airflow/example_dags/tutorial_objectstorage.py
[2026-02-02T14:37:12.806+0000] {logging_mixin.py:188} INFO - [2026-02-02T14:37:12.806+0000] {dag.py:3036} INFO - Sync 1 DAGs
[2026-02-02T14:37:12.820+0000] {logging_mixin.py:188} INFO - [2026-02-02T14:37:12.820+0000] {dag.py:3823} INFO - Setting next_dagrun for tutorial_objectstorage to None, run_after=None
[2026-02-02T14:37:12.850+0000] {processor.py:183} INFO - Processing /home/airflow/.local/lib/python3.8/site-packages/airflow/example_dags/tutorial_objectstorage.py took 0.079 seconds
[2026-02-02T14:37:42.918+0000] {processor.py:161} INFO - Started process (PID=1954) to work on /home/airflow/.local/lib/python3.8/site-packages/airflow/example_dags/tutorial_objectstorage.py
[2026-02-02T14:37:42.919+0000] {processor.py:830} INFO - Processing file /home/airflow/.local/lib/python3.8/site-packages/airflow/example_dags/tutorial_objectstorage.py for tasks to queue
[2026-02-02T14:37:42.921+0000] {logging_mixin.py:188} INFO - [2026-02-02T14:37:42.921+0000] {dagbag.py:538} INFO - Filling up the DagBag from /home/airflow/.local/lib/python3.8/site-packages/airflow/example_dags/tutorial_objectstorage.py
[2026-02-02T14:37:42.928+0000] {processor.py:840} INFO - DAG(s) 'tutorial_objectstorage' retrieved from /home/airflow/.local/lib/python3.8/site-packages/airflow/example_dags/tutorial_objectstorage.py
[2026-02-02T14:37:42.953+0000] {logging_mixin.py:188} INFO - [2026-02-02T14:37:42.952+0000] {dag.py:3036} INFO - Sync 1 DAGs
[2026-02-02T14:37:42.967+0000] {logging_mixin.py:188} INFO - [2026-02-02T14:37:42.967+0000] {dag.py:3823} INFO - Setting next_dagrun for tutorial_objectstorage to None, run_after=None
[2026-02-02T14:37:42.981+0000] {processor.py:183} INFO - Processing /home/airflow/.local/lib/python3.8/site-packages/airflow/example_dags/tutorial_objectstorage.py took 0.067 seconds
[2026-02-02T14:38:13.433+0000] {processor.py:161} INFO - Started process (PID=2008) to work on /home/airflow/.local/lib/python3.8/site-packages/airflow/example_dags/tutorial_objectstorage.py
[2026-02-02T14:38:13.434+0000] {processor.py:830} INFO - Processing file /home/airflow/.local/lib/python3.8/site-packages/airflow/example_dags/tutorial_objectstorage.py for tasks to queue
[2026-02-02T14:38:13.435+0000] {logging_mixin.py:188} INFO - [2026-02-02T14:38:13.435+0000] {dagbag.py:538} INFO - Filling up the DagBag from /home/airflow/.local/lib/python3.8/site-packages/airflow/example_dags/tutorial_objectstorage.py
[2026-02-02T14:38:13.442+0000] {processor.py:840} INFO - DAG(s) 'tutorial_objectstorage' retrieved from /home/airflow/.local/lib/python3.8/site-packages/airflow/example_dags/tutorial_objectstorage.py
[2026-02-02T14:38:13.464+0000] {logging_mixin.py:188} INFO - [2026-02-02T14:38:13.464+0000] {dag.py:3036} INFO - Sync 1 DAGs
[2026-02-02T14:38:13.480+0000] {logging_mixin.py:188} INFO - [2026-02-02T14:38:13.479+0000] {dag.py:3823} INFO - Setting next_dagrun for tutorial_objectstorage to None, run_after=None
[2026-02-02T14:38:13.498+0000] {processor.py:183} INFO - Processing /home/airflow/.local/lib/python3.8/site-packages/airflow/example_dags/tutorial_objectstorage.py took 0.069 seconds
[2026-02-02T14:38:44.582+0000] {processor.py:161} INFO - Started process (PID=2063) to work on /home/airflow/.local/lib/python3.8/site-packages/airflow/example_dags/tutorial_objectstorage.py
[2026-02-02T14:38:44.583+0000] {processor.py:830} INFO - Processing file /home/airflow/.local/lib/python3.8/site-packages/airflow/example_dags/tutorial_objectstorage.py for tasks to queue
[2026-02-02T14:38:44.584+0000] {logging_mixin.py:188} INFO - [2026-02-02T14:38:44.584+0000] {dagbag.py:538} INFO - Filling up the DagBag from /home/airflow/.local/lib/python3.8/site-packages/airflow/example_dags/tutorial_objectstorage.py
[2026-02-02T14:38:44.591+0000] {processor.py:840} INFO - DAG(s) 'tutorial_objectstorage' retrieved from /home/airflow/.local/lib/python3.8/site-packages/airflow/example_dags/tutorial_objectstorage.py
[2026-02-02T14:38:44.616+0000] {logging_mixin.py:188} INFO - [2026-02-02T14:38:44.616+0000] {dag.py:3036} INFO - Sync 1 DAGs
[2026-02-02T14:38:44.646+0000] {logging_mixin.py:188} INFO - [2026-02-02T14:38:44.646+0000] {dag.py:3823} INFO - Setting next_dagrun for tutorial_objectstorage to None, run_after=None
[2026-02-02T14:38:44.666+0000] {processor.py:183} INFO - Processing /home/airflow/.local/lib/python3.8/site-packages/airflow/example_dags/tutorial_objectstorage.py took 0.088 seconds
[2026-02-02T14:39:15.239+0000] {processor.py:161} INFO - Started process (PID=2118) to work on /home/airflow/.local/lib/python3.8/site-packages/airflow/example_dags/tutorial_objectstorage.py
[2026-02-02T14:39:15.240+0000] {processor.py:830} INFO - Processing file /home/airflow/.local/lib/python3.8/site-packages/airflow/example_dags/tutorial_objectstorage.py for tasks to queue
[2026-02-02T14:39:15.242+0000] {logging_mixin.py:188} INFO - [2026-02-02T14:39:15.241+0000] {dagbag.py:538} INFO - Filling up the DagBag from /home/airflow/.local/lib/python3.8/site-packages/airflow/example_dags/tutorial_objectstorage.py
[2026-02-02T14:39:15.252+0000] {processor.py:840} INFO - DAG(s) 'tutorial_objectstorage' retrieved from /home/airflow/.local/lib/python3.8/site-packages/airflow/example_dags/tutorial_objectstorage.py
[2026-02-02T14:39:15.276+0000] {logging_mixin.py:188} INFO - [2026-02-02T14:39:15.276+0000] {dag.py:3036} INFO - Sync 1 DAGs
[2026-02-02T14:39:15.289+0000] {logging_mixin.py:188} INFO - [2026-02-02T14:39:15.288+0000] {dag.py:3823} INFO - Setting next_dagrun for tutorial_objectstorage to None, run_after=None
[2026-02-02T14:39:15.305+0000] {processor.py:183} INFO - Processing /home/airflow/.local/lib/python3.8/site-packages/airflow/example_dags/tutorial_objectstorage.py took 0.069 seconds
[2026-02-02T14:39:45.444+0000] {processor.py:161} INFO - Started process (PID=2173) to work on /home/airflow/.local/lib/python3.8/site-packages/airflow/example_dags/tutorial_objectstorage.py
[2026-02-02T14:39:45.447+0000] {processor.py:830} INFO - Processing file /home/airflow/.local/lib/python3.8/site-packages/airflow/example_dags/tutorial_objectstorage.py for tasks to queue
[2026-02-02T14:39:45.450+0000] {logging_mixin.py:188} INFO - [2026-02-02T14:39:45.450+0000] {dagbag.py:538} INFO - Filling up the DagBag from /home/airflow/.local/lib/python3.8/site-packages/airflow/example_dags/tutorial_objectstorage.py
[2026-02-02T14:39:45.463+0000] {processor.py:840} INFO - DAG(s) 'tutorial_objectstorage' retrieved from /home/airflow/.local/lib/python3.8/site-packages/airflow/example_dags/tutorial_objectstorage.py
[2026-02-02T14:39:45.513+0000] {logging_mixin.py:188} INFO - [2026-02-02T14:39:45.512+0000] {dag.py:3036} INFO - Sync 1 DAGs
[2026-02-02T14:39:45.545+0000] {logging_mixin.py:188} INFO - [2026-02-02T14:39:45.542+0000] {dag.py:3823} INFO - Setting next_dagrun for tutorial_objectstorage to None, run_after=None
[2026-02-02T14:39:45.584+0000] {processor.py:183} INFO - Processing /home/airflow/.local/lib/python3.8/site-packages/airflow/example_dags/tutorial_objectstorage.py took 0.147 seconds
[2026-02-02T14:40:16.453+0000] {processor.py:161} INFO - Started process (PID=2227) to work on /home/airflow/.local/lib/python3.8/site-packages/airflow/example_dags/tutorial_objectstorage.py
[2026-02-02T14:40:16.454+0000] {processor.py:830} INFO - Processing file /home/airflow/.local/lib/python3.8/site-packages/airflow/example_dags/tutorial_objectstorage.py for tasks to queue
[2026-02-02T14:40:16.456+0000] {logging_mixin.py:188} INFO - [2026-02-02T14:40:16.456+0000] {dagbag.py:538} INFO - Filling up the DagBag from /home/airflow/.local/lib/python3.8/site-packages/airflow/example_dags/tutorial_objectstorage.py
[2026-02-02T14:40:16.463+0000] {processor.py:840} INFO - DAG(s) 'tutorial_objectstorage' retrieved from /home/airflow/.local/lib/python3.8/site-packages/airflow/example_dags/tutorial_objectstorage.py
[2026-02-02T14:40:16.484+0000] {logging_mixin.py:188} INFO - [2026-02-02T14:40:16.484+0000] {dag.py:3036} INFO - Sync 1 DAGs
[2026-02-02T14:40:16.500+0000] {logging_mixin.py:188} INFO - [2026-02-02T14:40:16.500+0000] {dag.py:3823} INFO - Setting next_dagrun for tutorial_objectstorage to None, run_after=None
[2026-02-02T14:40:16.519+0000] {processor.py:183} INFO - Processing /home/airflow/.local/lib/python3.8/site-packages/airflow/example_dags/tutorial_objectstorage.py took 0.070 seconds
[2026-02-02T14:40:46.855+0000] {processor.py:161} INFO - Started process (PID=2282) to work on /home/airflow/.local/lib/python3.8/site-packages/airflow/example_dags/tutorial_objectstorage.py
[2026-02-02T14:40:46.856+0000] {processor.py:830} INFO - Processing file /home/airflow/.local/lib/python3.8/site-packages/airflow/example_dags/tutorial_objectstorage.py for tasks to queue
[2026-02-02T14:40:46.857+0000] {logging_mixin.py:188} INFO - [2026-02-02T14:40:46.857+0000] {dagbag.py:538} INFO - Filling up the DagBag from /home/airflow/.local/lib/python3.8/site-packages/airflow/example_dags/tutorial_objectstorage.py
[2026-02-02T14:40:46.864+0000] {processor.py:840} INFO - DAG(s) 'tutorial_objectstorage' retrieved from /home/airflow/.local/lib/python3.8/site-packages/airflow/example_dags/tutorial_objectstorage.py
[2026-02-02T14:40:46.886+0000] {logging_mixin.py:188} INFO - [2026-02-02T14:40:46.886+0000] {dag.py:3036} INFO - Sync 1 DAGs
[2026-02-02T14:40:46.903+0000] {logging_mixin.py:188} INFO - [2026-02-02T14:40:46.902+0000] {dag.py:3823} INFO - Setting next_dagrun for tutorial_objectstorage to None, run_after=None
[2026-02-02T14:40:46.924+0000] {processor.py:183} INFO - Processing /home/airflow/.local/lib/python3.8/site-packages/airflow/example_dags/tutorial_objectstorage.py took 0.073 seconds
[2026-02-02T14:41:17.887+0000] {processor.py:161} INFO - Started process (PID=2338) to work on /home/airflow/.local/lib/python3.8/site-packages/airflow/example_dags/tutorial_objectstorage.py
[2026-02-02T14:41:17.895+0000] {processor.py:830} INFO - Processing file /home/airflow/.local/lib/python3.8/site-packages/airflow/example_dags/tutorial_objectstorage.py for tasks to queue
[2026-02-02T14:41:17.900+0000] {logging_mixin.py:188} INFO - [2026-02-02T14:41:17.900+0000] {dagbag.py:538} INFO - Filling up the DagBag from /home/airflow/.local/lib/python3.8/site-packages/airflow/example_dags/tutorial_objectstorage.py
[2026-02-02T14:41:17.931+0000] {processor.py:840} INFO - DAG(s) 'tutorial_objectstorage' retrieved from /home/airflow/.local/lib/python3.8/site-packages/airflow/example_dags/tutorial_objectstorage.py
[2026-02-02T14:41:17.998+0000] {logging_mixin.py:188} INFO - [2026-02-02T14:41:17.998+0000] {dag.py:3036} INFO - Sync 1 DAGs
[2026-02-02T14:41:18.041+0000] {logging_mixin.py:188} INFO - [2026-02-02T14:41:18.041+0000] {dag.py:3823} INFO - Setting next_dagrun for tutorial_objectstorage to None, run_after=None
[2026-02-02T14:41:18.076+0000] {processor.py:183} INFO - Processing /home/airflow/.local/lib/python3.8/site-packages/airflow/example_dags/tutorial_objectstorage.py took 0.202 seconds
[2026-02-02T14:41:49.061+0000] {processor.py:161} INFO - Started process (PID=2393) to work on /home/airflow/.local/lib/python3.8/site-packages/airflow/example_dags/tutorial_objectstorage.py
[2026-02-02T14:41:49.062+0000] {processor.py:830} INFO - Processing file /home/airflow/.local/lib/python3.8/site-packages/airflow/example_dags/tutorial_objectstorage.py for tasks to queue
[2026-02-02T14:41:49.070+0000] {logging_mixin.py:188} INFO - [2026-02-02T14:41:49.070+0000] {dagbag.py:538} INFO - Filling up the DagBag from /home/airflow/.local/lib/python3.8/site-packages/airflow/example_dags/tutorial_objectstorage.py
[2026-02-02T14:41:49.099+0000] {processor.py:840} INFO - DAG(s) 'tutorial_objectstorage' retrieved from /home/airflow/.local/lib/python3.8/site-packages/airflow/example_dags/tutorial_objectstorage.py
[2026-02-02T14:41:49.143+0000] {logging_mixin.py:188} INFO - [2026-02-02T14:41:49.142+0000] {dag.py:3036} INFO - Sync 1 DAGs
[2026-02-02T14:41:49.187+0000] {logging_mixin.py:188} INFO - [2026-02-02T14:41:49.182+0000] {dag.py:3823} INFO - Setting next_dagrun for tutorial_objectstorage to None, run_after=None
[2026-02-02T14:41:49.249+0000] {processor.py:183} INFO - Processing /home/airflow/.local/lib/python3.8/site-packages/airflow/example_dags/tutorial_objectstorage.py took 0.199 seconds
[2026-02-02T14:42:19.643+0000] {processor.py:161} INFO - Started process (PID=2447) to work on /home/airflow/.local/lib/python3.8/site-packages/airflow/example_dags/tutorial_objectstorage.py
[2026-02-02T14:42:19.644+0000] {processor.py:830} INFO - Processing file /home/airflow/.local/lib/python3.8/site-packages/airflow/example_dags/tutorial_objectstorage.py for tasks to queue
[2026-02-02T14:42:19.646+0000] {logging_mixin.py:188} INFO - [2026-02-02T14:42:19.646+0000] {dagbag.py:538} INFO - Filling up the DagBag from /home/airflow/.local/lib/python3.8/site-packages/airflow/example_dags/tutorial_objectstorage.py
[2026-02-02T14:42:19.653+0000] {processor.py:840} INFO - DAG(s) 'tutorial_objectstorage' retrieved from /home/airflow/.local/lib/python3.8/site-packages/airflow/example_dags/tutorial_objectstorage.py
[2026-02-02T14:42:19.677+0000] {logging_mixin.py:188} INFO - [2026-02-02T14:42:19.677+0000] {dag.py:3036} INFO - Sync 1 DAGs
[2026-02-02T14:42:19.703+0000] {logging_mixin.py:188} INFO - [2026-02-02T14:42:19.703+0000] {dag.py:3823} INFO - Setting next_dagrun for tutorial_objectstorage to None, run_after=None
[2026-02-02T14:42:19.741+0000] {processor.py:183} INFO - Processing /home/airflow/.local/lib/python3.8/site-packages/airflow/example_dags/tutorial_objectstorage.py took 0.101 seconds
[2026-02-02T14:42:50.355+0000] {processor.py:161} INFO - Started process (PID=2503) to work on /home/airflow/.local/lib/python3.8/site-packages/airflow/example_dags/tutorial_objectstorage.py
[2026-02-02T14:42:50.356+0000] {processor.py:830} INFO - Processing file /home/airflow/.local/lib/python3.8/site-packages/airflow/example_dags/tutorial_objectstorage.py for tasks to queue
[2026-02-02T14:42:50.358+0000] {logging_mixin.py:188} INFO - [2026-02-02T14:42:50.357+0000] {dagbag.py:538} INFO - Filling up the DagBag from /home/airflow/.local/lib/python3.8/site-packages/airflow/example_dags/tutorial_objectstorage.py
[2026-02-02T14:42:50.365+0000] {processor.py:840} INFO - DAG(s) 'tutorial_objectstorage' retrieved from /home/airflow/.local/lib/python3.8/site-packages/airflow/example_dags/tutorial_objectstorage.py
[2026-02-02T14:42:50.412+0000] {logging_mixin.py:188} INFO - [2026-02-02T14:42:50.412+0000] {dag.py:3036} INFO - Sync 1 DAGs
[2026-02-02T14:42:50.430+0000] {logging_mixin.py:188} INFO - [2026-02-02T14:42:50.430+0000] {dag.py:3823} INFO - Setting next_dagrun for tutorial_objectstorage to None, run_after=None
[2026-02-02T14:42:50.452+0000] {processor.py:183} INFO - Processing /home/airflow/.local/lib/python3.8/site-packages/airflow/example_dags/tutorial_objectstorage.py took 0.103 seconds
[2026-02-02T14:43:20.604+0000] {processor.py:161} INFO - Started process (PID=2556) to work on /home/airflow/.local/lib/python3.8/site-packages/airflow/example_dags/tutorial_objectstorage.py
[2026-02-02T14:43:20.605+0000] {processor.py:830} INFO - Processing file /home/airflow/.local/lib/python3.8/site-packages/airflow/example_dags/tutorial_objectstorage.py for tasks to queue
[2026-02-02T14:43:20.606+0000] {logging_mixin.py:188} INFO - [2026-02-02T14:43:20.606+0000] {dagbag.py:538} INFO - Filling up the DagBag from /home/airflow/.local/lib/python3.8/site-packages/airflow/example_dags/tutorial_objectstorage.py
[2026-02-02T14:43:20.613+0000] {processor.py:840} INFO - DAG(s) 'tutorial_objectstorage' retrieved from /home/airflow/.local/lib/python3.8/site-packages/airflow/example_dags/tutorial_objectstorage.py
[2026-02-02T14:43:20.633+0000] {logging_mixin.py:188} INFO - [2026-02-02T14:43:20.633+0000] {dag.py:3036} INFO - Sync 1 DAGs
[2026-02-02T14:43:20.645+0000] {logging_mixin.py:188} INFO - [2026-02-02T14:43:20.645+0000] {dag.py:3823} INFO - Setting next_dagrun for tutorial_objectstorage to None, run_after=None
[2026-02-02T14:43:20.663+0000] {processor.py:183} INFO - Processing /home/airflow/.local/lib/python3.8/site-packages/airflow/example_dags/tutorial_objectstorage.py took 0.063 seconds
[2026-02-02T14:43:51.437+0000] {processor.py:161} INFO - Started process (PID=2612) to work on /home/airflow/.local/lib/python3.8/site-packages/airflow/example_dags/tutorial_objectstorage.py
[2026-02-02T14:43:51.438+0000] {processor.py:830} INFO - Processing file /home/airflow/.local/lib/python3.8/site-packages/airflow/example_dags/tutorial_objectstorage.py for tasks to queue
[2026-02-02T14:43:51.440+0000] {logging_mixin.py:188} INFO - [2026-02-02T14:43:51.440+0000] {dagbag.py:538} INFO - Filling up the DagBag from /home/airflow/.local/lib/python3.8/site-packages/airflow/example_dags/tutorial_objectstorage.py
[2026-02-02T14:43:51.447+0000] {processor.py:840} INFO - DAG(s) 'tutorial_objectstorage' retrieved from /home/airflow/.local/lib/python3.8/site-packages/airflow/example_dags/tutorial_objectstorage.py
[2026-02-02T14:43:51.469+0000] {logging_mixin.py:188} INFO - [2026-02-02T14:43:51.469+0000] {dag.py:3036} INFO - Sync 1 DAGs
[2026-02-02T14:43:51.484+0000] {logging_mixin.py:188} INFO - [2026-02-02T14:43:51.484+0000] {dag.py:3823} INFO - Setting next_dagrun for tutorial_objectstorage to None, run_after=None
[2026-02-02T14:43:51.651+0000] {processor.py:183} INFO - Processing /home/airflow/.local/lib/python3.8/site-packages/airflow/example_dags/tutorial_objectstorage.py took 0.217 seconds
[2026-02-02T14:44:22.153+0000] {processor.py:161} INFO - Started process (PID=2667) to work on /home/airflow/.local/lib/python3.8/site-packages/airflow/example_dags/tutorial_objectstorage.py
[2026-02-02T14:44:22.154+0000] {processor.py:830} INFO - Processing file /home/airflow/.local/lib/python3.8/site-packages/airflow/example_dags/tutorial_objectstorage.py for tasks to queue
[2026-02-02T14:44:22.156+0000] {logging_mixin.py:188} INFO - [2026-02-02T14:44:22.156+0000] {dagbag.py:538} INFO - Filling up the DagBag from /home/airflow/.local/lib/python3.8/site-packages/airflow/example_dags/tutorial_objectstorage.py
[2026-02-02T14:44:22.163+0000] {processor.py:840} INFO - DAG(s) 'tutorial_objectstorage' retrieved from /home/airflow/.local/lib/python3.8/site-packages/airflow/example_dags/tutorial_objectstorage.py
[2026-02-02T14:44:22.185+0000] {logging_mixin.py:188} INFO - [2026-02-02T14:44:22.185+0000] {dag.py:3036} INFO - Sync 1 DAGs
[2026-02-02T14:44:22.202+0000] {logging_mixin.py:188} INFO - [2026-02-02T14:44:22.202+0000] {dag.py:3823} INFO - Setting next_dagrun for tutorial_objectstorage to None, run_after=None
[2026-02-02T14:44:22.221+0000] {processor.py:183} INFO - Processing /home/airflow/.local/lib/python3.8/site-packages/airflow/example_dags/tutorial_objectstorage.py took 0.071 seconds
[2026-02-02T14:44:52.563+0000] {processor.py:161} INFO - Started process (PID=2721) to work on /home/airflow/.local/lib/python3.8/site-packages/airflow/example_dags/tutorial_objectstorage.py
[2026-02-02T14:44:52.564+0000] {processor.py:830} INFO - Processing file /home/airflow/.local/lib/python3.8/site-packages/airflow/example_dags/tutorial_objectstorage.py for tasks to queue
[2026-02-02T14:44:52.565+0000] {logging_mixin.py:188} INFO - [2026-02-02T14:44:52.565+0000] {dagbag.py:538} INFO - Filling up the DagBag from /home/airflow/.local/lib/python3.8/site-packages/airflow/example_dags/tutorial_objectstorage.py
[2026-02-02T14:44:52.570+0000] {processor.py:840} INFO - DAG(s) 'tutorial_objectstorage' retrieved from /home/airflow/.local/lib/python3.8/site-packages/airflow/example_dags/tutorial_objectstorage.py
[2026-02-02T14:44:52.585+0000] {logging_mixin.py:188} INFO - [2026-02-02T14:44:52.585+0000] {dag.py:3036} INFO - Sync 1 DAGs
[2026-02-02T14:44:52.594+0000] {logging_mixin.py:188} INFO - [2026-02-02T14:44:52.594+0000] {dag.py:3823} INFO - Setting next_dagrun for tutorial_objectstorage to None, run_after=None
[2026-02-02T14:44:52.616+0000] {processor.py:183} INFO - Processing /home/airflow/.local/lib/python3.8/site-packages/airflow/example_dags/tutorial_objectstorage.py took 0.056 seconds
[2026-02-02T14:45:23.259+0000] {processor.py:161} INFO - Started process (PID=2778) to work on /home/airflow/.local/lib/python3.8/site-packages/airflow/example_dags/tutorial_objectstorage.py
[2026-02-02T14:45:23.259+0000] {processor.py:830} INFO - Processing file /home/airflow/.local/lib/python3.8/site-packages/airflow/example_dags/tutorial_objectstorage.py for tasks to queue
[2026-02-02T14:45:23.261+0000] {logging_mixin.py:188} INFO - [2026-02-02T14:45:23.261+0000] {dagbag.py:538} INFO - Filling up the DagBag from /home/airflow/.local/lib/python3.8/site-packages/airflow/example_dags/tutorial_objectstorage.py
[2026-02-02T14:45:23.266+0000] {processor.py:840} INFO - DAG(s) 'tutorial_objectstorage' retrieved from /home/airflow/.local/lib/python3.8/site-packages/airflow/example_dags/tutorial_objectstorage.py
[2026-02-02T14:45:23.282+0000] {logging_mixin.py:188} INFO - [2026-02-02T14:45:23.282+0000] {dag.py:3036} INFO - Sync 1 DAGs
[2026-02-02T14:45:23.291+0000] {logging_mixin.py:188} INFO - [2026-02-02T14:45:23.291+0000] {dag.py:3823} INFO - Setting next_dagrun for tutorial_objectstorage to None, run_after=None
[2026-02-02T14:45:23.305+0000] {processor.py:183} INFO - Processing /home/airflow/.local/lib/python3.8/site-packages/airflow/example_dags/tutorial_objectstorage.py took 0.049 seconds
[2026-02-02T14:45:53.586+0000] {processor.py:161} INFO - Started process (PID=2834) to work on /home/airflow/.local/lib/python3.8/site-packages/airflow/example_dags/tutorial_objectstorage.py
[2026-02-02T14:45:53.587+0000] {processor.py:830} INFO - Processing file /home/airflow/.local/lib/python3.8/site-packages/airflow/example_dags/tutorial_objectstorage.py for tasks to queue
[2026-02-02T14:45:53.588+0000] {logging_mixin.py:188} INFO - [2026-02-02T14:45:53.588+0000] {dagbag.py:538} INFO - Filling up the DagBag from /home/airflow/.local/lib/python3.8/site-packages/airflow/example_dags/tutorial_objectstorage.py
[2026-02-02T14:45:53.594+0000] {processor.py:840} INFO - DAG(s) 'tutorial_objectstorage' retrieved from /home/airflow/.local/lib/python3.8/site-packages/airflow/example_dags/tutorial_objectstorage.py
[2026-02-02T14:45:53.618+0000] {logging_mixin.py:188} INFO - [2026-02-02T14:45:53.618+0000] {dag.py:3036} INFO - Sync 1 DAGs
[2026-02-02T14:45:53.636+0000] {logging_mixin.py:188} INFO - [2026-02-02T14:45:53.636+0000] {dag.py:3823} INFO - Setting next_dagrun for tutorial_objectstorage to None, run_after=None
[2026-02-02T14:45:53.653+0000] {processor.py:183} INFO - Processing /home/airflow/.local/lib/python3.8/site-packages/airflow/example_dags/tutorial_objectstorage.py took 0.070 seconds
[2026-02-02T14:46:23.857+0000] {processor.py:161} INFO - Started process (PID=2889) to work on /home/airflow/.local/lib/python3.8/site-packages/airflow/example_dags/tutorial_objectstorage.py
[2026-02-02T14:46:23.858+0000] {processor.py:830} INFO - Processing file /home/airflow/.local/lib/python3.8/site-packages/airflow/example_dags/tutorial_objectstorage.py for tasks to queue
[2026-02-02T14:46:23.860+0000] {logging_mixin.py:188} INFO - [2026-02-02T14:46:23.860+0000] {dagbag.py:538} INFO - Filling up the DagBag from /home/airflow/.local/lib/python3.8/site-packages/airflow/example_dags/tutorial_objectstorage.py
[2026-02-02T14:46:23.868+0000] {processor.py:840} INFO - DAG(s) 'tutorial_objectstorage' retrieved from /home/airflow/.local/lib/python3.8/site-packages/airflow/example_dags/tutorial_objectstorage.py
[2026-02-02T14:46:23.890+0000] {logging_mixin.py:188} INFO - [2026-02-02T14:46:23.890+0000] {dag.py:3036} INFO - Sync 1 DAGs
[2026-02-02T14:46:23.901+0000] {logging_mixin.py:188} INFO - [2026-02-02T14:46:23.901+0000] {dag.py:3823} INFO - Setting next_dagrun for tutorial_objectstorage to None, run_after=None
[2026-02-02T14:46:23.915+0000] {processor.py:183} INFO - Processing /home/airflow/.local/lib/python3.8/site-packages/airflow/example_dags/tutorial_objectstorage.py took 0.061 seconds
[2026-02-02T14:46:54.089+0000] {processor.py:161} INFO - Started process (PID=2945) to work on /home/airflow/.local/lib/python3.8/site-packages/airflow/example_dags/tutorial_objectstorage.py
[2026-02-02T14:46:54.090+0000] {processor.py:830} INFO - Processing file /home/airflow/.local/lib/python3.8/site-packages/airflow/example_dags/tutorial_objectstorage.py for tasks to queue
[2026-02-02T14:46:54.094+0000] {logging_mixin.py:188} INFO - [2026-02-02T14:46:54.092+0000] {dagbag.py:538} INFO - Filling up the DagBag from /home/airflow/.local/lib/python3.8/site-packages/airflow/example_dags/tutorial_objectstorage.py
[2026-02-02T14:46:54.107+0000] {processor.py:840} INFO - DAG(s) 'tutorial_objectstorage' retrieved from /home/airflow/.local/lib/python3.8/site-packages/airflow/example_dags/tutorial_objectstorage.py
[2026-02-02T14:46:54.135+0000] {logging_mixin.py:188} INFO - [2026-02-02T14:46:54.135+0000] {dag.py:3036} INFO - Sync 1 DAGs
[2026-02-02T14:46:54.150+0000] {logging_mixin.py:188} INFO - [2026-02-02T14:46:54.150+0000] {dag.py:3823} INFO - Setting next_dagrun for tutorial_objectstorage to None, run_after=None
[2026-02-02T14:46:54.168+0000] {processor.py:183} INFO - Processing /home/airflow/.local/lib/python3.8/site-packages/airflow/example_dags/tutorial_objectstorage.py took 0.083 seconds
[2026-02-02T14:47:24.204+0000] {processor.py:161} INFO - Started process (PID=3001) to work on /home/airflow/.local/lib/python3.8/site-packages/airflow/example_dags/tutorial_objectstorage.py
[2026-02-02T14:47:24.206+0000] {processor.py:830} INFO - Processing file /home/airflow/.local/lib/python3.8/site-packages/airflow/example_dags/tutorial_objectstorage.py for tasks to queue
[2026-02-02T14:47:24.208+0000] {logging_mixin.py:188} INFO - [2026-02-02T14:47:24.207+0000] {dagbag.py:538} INFO - Filling up the DagBag from /home/airflow/.local/lib/python3.8/site-packages/airflow/example_dags/tutorial_objectstorage.py
[2026-02-02T14:47:24.215+0000] {processor.py:840} INFO - DAG(s) 'tutorial_objectstorage' retrieved from /home/airflow/.local/lib/python3.8/site-packages/airflow/example_dags/tutorial_objectstorage.py
[2026-02-02T14:47:24.237+0000] {logging_mixin.py:188} INFO - [2026-02-02T14:47:24.237+0000] {dag.py:3036} INFO - Sync 1 DAGs
[2026-02-02T14:47:24.253+0000] {logging_mixin.py:188} INFO - [2026-02-02T14:47:24.252+0000] {dag.py:3823} INFO - Setting next_dagrun for tutorial_objectstorage to None, run_after=None
[2026-02-02T14:47:24.270+0000] {processor.py:183} INFO - Processing /home/airflow/.local/lib/python3.8/site-packages/airflow/example_dags/tutorial_objectstorage.py took 0.069 seconds
[2026-02-02T14:47:54.880+0000] {processor.py:161} INFO - Started process (PID=3058) to work on /home/airflow/.local/lib/python3.8/site-packages/airflow/example_dags/tutorial_objectstorage.py
[2026-02-02T14:47:54.880+0000] {processor.py:830} INFO - Processing file /home/airflow/.local/lib/python3.8/site-packages/airflow/example_dags/tutorial_objectstorage.py for tasks to queue
[2026-02-02T14:47:54.882+0000] {logging_mixin.py:188} INFO - [2026-02-02T14:47:54.882+0000] {dagbag.py:538} INFO - Filling up the DagBag from /home/airflow/.local/lib/python3.8/site-packages/airflow/example_dags/tutorial_objectstorage.py
[2026-02-02T14:47:54.887+0000] {processor.py:840} INFO - DAG(s) 'tutorial_objectstorage' retrieved from /home/airflow/.local/lib/python3.8/site-packages/airflow/example_dags/tutorial_objectstorage.py
[2026-02-02T14:47:54.904+0000] {logging_mixin.py:188} INFO - [2026-02-02T14:47:54.903+0000] {dag.py:3036} INFO - Sync 1 DAGs
[2026-02-02T14:47:54.922+0000] {logging_mixin.py:188} INFO - [2026-02-02T14:47:54.921+0000] {dag.py:3823} INFO - Setting next_dagrun for tutorial_objectstorage to None, run_after=None
[2026-02-02T14:47:54.942+0000] {processor.py:183} INFO - Processing /home/airflow/.local/lib/python3.8/site-packages/airflow/example_dags/tutorial_objectstorage.py took 0.064 seconds
[2026-02-02T14:48:25.356+0000] {processor.py:161} INFO - Started process (PID=3114) to work on /home/airflow/.local/lib/python3.8/site-packages/airflow/example_dags/tutorial_objectstorage.py
[2026-02-02T14:48:25.356+0000] {processor.py:830} INFO - Processing file /home/airflow/.local/lib/python3.8/site-packages/airflow/example_dags/tutorial_objectstorage.py for tasks to queue
[2026-02-02T14:48:25.358+0000] {logging_mixin.py:188} INFO - [2026-02-02T14:48:25.357+0000] {dagbag.py:538} INFO - Filling up the DagBag from /home/airflow/.local/lib/python3.8/site-packages/airflow/example_dags/tutorial_objectstorage.py
[2026-02-02T14:48:25.363+0000] {processor.py:840} INFO - DAG(s) 'tutorial_objectstorage' retrieved from /home/airflow/.local/lib/python3.8/site-packages/airflow/example_dags/tutorial_objectstorage.py
[2026-02-02T14:48:25.380+0000] {logging_mixin.py:188} INFO - [2026-02-02T14:48:25.379+0000] {dag.py:3036} INFO - Sync 1 DAGs
[2026-02-02T14:48:25.389+0000] {logging_mixin.py:188} INFO - [2026-02-02T14:48:25.389+0000] {dag.py:3823} INFO - Setting next_dagrun for tutorial_objectstorage to None, run_after=None
[2026-02-02T14:48:25.404+0000] {processor.py:183} INFO - Processing /home/airflow/.local/lib/python3.8/site-packages/airflow/example_dags/tutorial_objectstorage.py took 0.051 seconds
[2026-02-02T14:48:55.765+0000] {processor.py:161} INFO - Started process (PID=3169) to work on /home/airflow/.local/lib/python3.8/site-packages/airflow/example_dags/tutorial_objectstorage.py
[2026-02-02T14:48:55.766+0000] {processor.py:830} INFO - Processing file /home/airflow/.local/lib/python3.8/site-packages/airflow/example_dags/tutorial_objectstorage.py for tasks to queue
[2026-02-02T14:48:55.767+0000] {logging_mixin.py:188} INFO - [2026-02-02T14:48:55.767+0000] {dagbag.py:538} INFO - Filling up the DagBag from /home/airflow/.local/lib/python3.8/site-packages/airflow/example_dags/tutorial_objectstorage.py
[2026-02-02T14:48:55.772+0000] {processor.py:840} INFO - DAG(s) 'tutorial_objectstorage' retrieved from /home/airflow/.local/lib/python3.8/site-packages/airflow/example_dags/tutorial_objectstorage.py
[2026-02-02T14:48:55.788+0000] {logging_mixin.py:188} INFO - [2026-02-02T14:48:55.788+0000] {dag.py:3036} INFO - Sync 1 DAGs
[2026-02-02T14:48:55.798+0000] {logging_mixin.py:188} INFO - [2026-02-02T14:48:55.797+0000] {dag.py:3823} INFO - Setting next_dagrun for tutorial_objectstorage to None, run_after=None
[2026-02-02T14:48:55.812+0000] {processor.py:183} INFO - Processing /home/airflow/.local/lib/python3.8/site-packages/airflow/example_dags/tutorial_objectstorage.py took 0.050 seconds
[2026-02-02T14:49:26.177+0000] {processor.py:161} INFO - Started process (PID=3225) to work on /home/airflow/.local/lib/python3.8/site-packages/airflow/example_dags/tutorial_objectstorage.py
[2026-02-02T14:49:26.178+0000] {processor.py:830} INFO - Processing file /home/airflow/.local/lib/python3.8/site-packages/airflow/example_dags/tutorial_objectstorage.py for tasks to queue
[2026-02-02T14:49:26.180+0000] {logging_mixin.py:188} INFO - [2026-02-02T14:49:26.179+0000] {dagbag.py:538} INFO - Filling up the DagBag from /home/airflow/.local/lib/python3.8/site-packages/airflow/example_dags/tutorial_objectstorage.py
[2026-02-02T14:49:26.185+0000] {processor.py:840} INFO - DAG(s) 'tutorial_objectstorage' retrieved from /home/airflow/.local/lib/python3.8/site-packages/airflow/example_dags/tutorial_objectstorage.py
[2026-02-02T14:49:26.200+0000] {logging_mixin.py:188} INFO - [2026-02-02T14:49:26.200+0000] {dag.py:3036} INFO - Sync 1 DAGs
[2026-02-02T14:49:26.210+0000] {logging_mixin.py:188} INFO - [2026-02-02T14:49:26.209+0000] {dag.py:3823} INFO - Setting next_dagrun for tutorial_objectstorage to None, run_after=None
[2026-02-02T14:49:26.225+0000] {processor.py:183} INFO - Processing /home/airflow/.local/lib/python3.8/site-packages/airflow/example_dags/tutorial_objectstorage.py took 0.051 seconds
[2026-02-02T14:49:56.730+0000] {processor.py:161} INFO - Started process (PID=3281) to work on /home/airflow/.local/lib/python3.8/site-packages/airflow/example_dags/tutorial_objectstorage.py
[2026-02-02T14:49:56.731+0000] {processor.py:830} INFO - Processing file /home/airflow/.local/lib/python3.8/site-packages/airflow/example_dags/tutorial_objectstorage.py for tasks to queue
[2026-02-02T14:49:56.733+0000] {logging_mixin.py:188} INFO - [2026-02-02T14:49:56.733+0000] {dagbag.py:538} INFO - Filling up the DagBag from /home/airflow/.local/lib/python3.8/site-packages/airflow/example_dags/tutorial_objectstorage.py
[2026-02-02T14:49:56.741+0000] {processor.py:840} INFO - DAG(s) 'tutorial_objectstorage' retrieved from /home/airflow/.local/lib/python3.8/site-packages/airflow/example_dags/tutorial_objectstorage.py
[2026-02-02T14:49:56.758+0000] {logging_mixin.py:188} INFO - [2026-02-02T14:49:56.758+0000] {dag.py:3036} INFO - Sync 1 DAGs
[2026-02-02T14:49:56.768+0000] {logging_mixin.py:188} INFO - [2026-02-02T14:49:56.768+0000] {dag.py:3823} INFO - Setting next_dagrun for tutorial_objectstorage to None, run_after=None
[2026-02-02T14:49:56.782+0000] {processor.py:183} INFO - Processing /home/airflow/.local/lib/python3.8/site-packages/airflow/example_dags/tutorial_objectstorage.py took 0.056 seconds
[2026-02-02T14:50:26.955+0000] {processor.py:161} INFO - Started process (PID=3337) to work on /home/airflow/.local/lib/python3.8/site-packages/airflow/example_dags/tutorial_objectstorage.py
[2026-02-02T14:50:26.958+0000] {processor.py:830} INFO - Processing file /home/airflow/.local/lib/python3.8/site-packages/airflow/example_dags/tutorial_objectstorage.py for tasks to queue
[2026-02-02T14:50:26.962+0000] {logging_mixin.py:188} INFO - [2026-02-02T14:50:26.962+0000] {dagbag.py:538} INFO - Filling up the DagBag from /home/airflow/.local/lib/python3.8/site-packages/airflow/example_dags/tutorial_objectstorage.py
[2026-02-02T14:50:26.977+0000] {processor.py:840} INFO - DAG(s) 'tutorial_objectstorage' retrieved from /home/airflow/.local/lib/python3.8/site-packages/airflow/example_dags/tutorial_objectstorage.py
[2026-02-02T14:50:27.013+0000] {logging_mixin.py:188} INFO - [2026-02-02T14:50:27.012+0000] {dag.py:3036} INFO - Sync 1 DAGs
[2026-02-02T14:50:27.028+0000] {logging_mixin.py:188} INFO - [2026-02-02T14:50:27.027+0000] {dag.py:3823} INFO - Setting next_dagrun for tutorial_objectstorage to None, run_after=None
[2026-02-02T14:50:27.048+0000] {processor.py:183} INFO - Processing /home/airflow/.local/lib/python3.8/site-packages/airflow/example_dags/tutorial_objectstorage.py took 0.098 seconds
